[2024-04-04T21:37:00.294+0000] {processor.py:161} INFO - Started process (PID=72) to work on /home/airflow/.local/lib/python3.8/site-packages/airflow/example_dags/example_branch_python_dop_operator_3.py
[2024-04-04T21:37:00.296+0000] {processor.py:830} INFO - Processing file /home/airflow/.local/lib/python3.8/site-packages/airflow/example_dags/example_branch_python_dop_operator_3.py for tasks to queue
[2024-04-04T21:37:00.297+0000] {logging_mixin.py:188} INFO - [2024-04-04T21:37:00.297+0000] {dagbag.py:540} INFO - Filling up the DagBag from /home/airflow/.local/lib/python3.8/site-packages/airflow/example_dags/example_branch_python_dop_operator_3.py
[2024-04-04T21:37:00.307+0000] {processor.py:840} INFO - DAG(s) 'example_branch_dop_operator_v3' retrieved from /home/airflow/.local/lib/python3.8/site-packages/airflow/example_dags/example_branch_python_dop_operator_3.py
[2024-04-04T21:37:00.329+0000] {logging_mixin.py:188} INFO - [2024-04-04T21:37:00.329+0000] {dag.py:3047} INFO - Sync 1 DAGs
[2024-04-04T21:37:00.354+0000] {logging_mixin.py:188} INFO - [2024-04-04T21:37:00.354+0000] {dag.py:3834} INFO - Setting next_dagrun for example_branch_dop_operator_v3 to 2024-04-04 21:36:00+00:00, run_after=2024-04-04 21:37:00+00:00
[2024-04-04T21:37:00.372+0000] {processor.py:183} INFO - Processing /home/airflow/.local/lib/python3.8/site-packages/airflow/example_dags/example_branch_python_dop_operator_3.py took 0.080 seconds
[2024-04-04T21:37:30.735+0000] {processor.py:161} INFO - Started process (PID=127) to work on /home/airflow/.local/lib/python3.8/site-packages/airflow/example_dags/example_branch_python_dop_operator_3.py
[2024-04-04T21:37:30.736+0000] {processor.py:830} INFO - Processing file /home/airflow/.local/lib/python3.8/site-packages/airflow/example_dags/example_branch_python_dop_operator_3.py for tasks to queue
[2024-04-04T21:37:30.737+0000] {logging_mixin.py:188} INFO - [2024-04-04T21:37:30.737+0000] {dagbag.py:540} INFO - Filling up the DagBag from /home/airflow/.local/lib/python3.8/site-packages/airflow/example_dags/example_branch_python_dop_operator_3.py
[2024-04-04T21:37:30.748+0000] {processor.py:840} INFO - DAG(s) 'example_branch_dop_operator_v3' retrieved from /home/airflow/.local/lib/python3.8/site-packages/airflow/example_dags/example_branch_python_dop_operator_3.py
[2024-04-04T21:37:30.770+0000] {logging_mixin.py:188} INFO - [2024-04-04T21:37:30.770+0000] {dag.py:3047} INFO - Sync 1 DAGs
[2024-04-04T21:37:30.795+0000] {logging_mixin.py:188} INFO - [2024-04-04T21:37:30.795+0000] {dag.py:3834} INFO - Setting next_dagrun for example_branch_dop_operator_v3 to 2024-04-04 21:36:00+00:00, run_after=2024-04-04 21:37:00+00:00
[2024-04-04T21:37:30.810+0000] {processor.py:183} INFO - Processing /home/airflow/.local/lib/python3.8/site-packages/airflow/example_dags/example_branch_python_dop_operator_3.py took 0.077 seconds
[2024-04-04T21:38:00.945+0000] {processor.py:161} INFO - Started process (PID=182) to work on /home/airflow/.local/lib/python3.8/site-packages/airflow/example_dags/example_branch_python_dop_operator_3.py
[2024-04-04T21:38:00.946+0000] {processor.py:830} INFO - Processing file /home/airflow/.local/lib/python3.8/site-packages/airflow/example_dags/example_branch_python_dop_operator_3.py for tasks to queue
[2024-04-04T21:38:00.947+0000] {logging_mixin.py:188} INFO - [2024-04-04T21:38:00.947+0000] {dagbag.py:540} INFO - Filling up the DagBag from /home/airflow/.local/lib/python3.8/site-packages/airflow/example_dags/example_branch_python_dop_operator_3.py
[2024-04-04T21:38:00.954+0000] {processor.py:840} INFO - DAG(s) 'example_branch_dop_operator_v3' retrieved from /home/airflow/.local/lib/python3.8/site-packages/airflow/example_dags/example_branch_python_dop_operator_3.py
[2024-04-04T21:38:00.968+0000] {logging_mixin.py:188} INFO - [2024-04-04T21:38:00.968+0000] {dag.py:3047} INFO - Sync 1 DAGs
[2024-04-04T21:38:00.986+0000] {logging_mixin.py:188} INFO - [2024-04-04T21:38:00.986+0000] {dag.py:3834} INFO - Setting next_dagrun for example_branch_dop_operator_v3 to 2024-04-04 21:37:00+00:00, run_after=2024-04-04 21:38:00+00:00
[2024-04-04T21:38:00.999+0000] {processor.py:183} INFO - Processing /home/airflow/.local/lib/python3.8/site-packages/airflow/example_dags/example_branch_python_dop_operator_3.py took 0.056 seconds
[2024-04-04T21:38:31.358+0000] {processor.py:161} INFO - Started process (PID=237) to work on /home/airflow/.local/lib/python3.8/site-packages/airflow/example_dags/example_branch_python_dop_operator_3.py
[2024-04-04T21:38:31.358+0000] {processor.py:830} INFO - Processing file /home/airflow/.local/lib/python3.8/site-packages/airflow/example_dags/example_branch_python_dop_operator_3.py for tasks to queue
[2024-04-04T21:38:31.360+0000] {logging_mixin.py:188} INFO - [2024-04-04T21:38:31.360+0000] {dagbag.py:540} INFO - Filling up the DagBag from /home/airflow/.local/lib/python3.8/site-packages/airflow/example_dags/example_branch_python_dop_operator_3.py
[2024-04-04T21:38:31.366+0000] {processor.py:840} INFO - DAG(s) 'example_branch_dop_operator_v3' retrieved from /home/airflow/.local/lib/python3.8/site-packages/airflow/example_dags/example_branch_python_dop_operator_3.py
[2024-04-04T21:38:31.383+0000] {logging_mixin.py:188} INFO - [2024-04-04T21:38:31.383+0000] {dag.py:3047} INFO - Sync 1 DAGs
[2024-04-04T21:38:31.403+0000] {logging_mixin.py:188} INFO - [2024-04-04T21:38:31.403+0000] {dag.py:3834} INFO - Setting next_dagrun for example_branch_dop_operator_v3 to 2024-04-04 21:37:00+00:00, run_after=2024-04-04 21:38:00+00:00
[2024-04-04T21:38:31.417+0000] {processor.py:183} INFO - Processing /home/airflow/.local/lib/python3.8/site-packages/airflow/example_dags/example_branch_python_dop_operator_3.py took 0.062 seconds
[2024-04-04T21:39:01.666+0000] {processor.py:161} INFO - Started process (PID=293) to work on /home/airflow/.local/lib/python3.8/site-packages/airflow/example_dags/example_branch_python_dop_operator_3.py
[2024-04-04T21:39:01.667+0000] {processor.py:830} INFO - Processing file /home/airflow/.local/lib/python3.8/site-packages/airflow/example_dags/example_branch_python_dop_operator_3.py for tasks to queue
[2024-04-04T21:39:01.668+0000] {logging_mixin.py:188} INFO - [2024-04-04T21:39:01.668+0000] {dagbag.py:540} INFO - Filling up the DagBag from /home/airflow/.local/lib/python3.8/site-packages/airflow/example_dags/example_branch_python_dop_operator_3.py
[2024-04-04T21:39:01.674+0000] {processor.py:840} INFO - DAG(s) 'example_branch_dop_operator_v3' retrieved from /home/airflow/.local/lib/python3.8/site-packages/airflow/example_dags/example_branch_python_dop_operator_3.py
[2024-04-04T21:39:01.689+0000] {logging_mixin.py:188} INFO - [2024-04-04T21:39:01.688+0000] {dag.py:3047} INFO - Sync 1 DAGs
[2024-04-04T21:39:01.708+0000] {logging_mixin.py:188} INFO - [2024-04-04T21:39:01.708+0000] {dag.py:3834} INFO - Setting next_dagrun for example_branch_dop_operator_v3 to 2024-04-04 21:38:00+00:00, run_after=2024-04-04 21:39:00+00:00
[2024-04-04T21:39:01.723+0000] {processor.py:183} INFO - Processing /home/airflow/.local/lib/python3.8/site-packages/airflow/example_dags/example_branch_python_dop_operator_3.py took 0.059 seconds
[2024-04-04T21:39:31.777+0000] {processor.py:161} INFO - Started process (PID=348) to work on /home/airflow/.local/lib/python3.8/site-packages/airflow/example_dags/example_branch_python_dop_operator_3.py
[2024-04-04T21:39:31.778+0000] {processor.py:830} INFO - Processing file /home/airflow/.local/lib/python3.8/site-packages/airflow/example_dags/example_branch_python_dop_operator_3.py for tasks to queue
[2024-04-04T21:39:31.779+0000] {logging_mixin.py:188} INFO - [2024-04-04T21:39:31.779+0000] {dagbag.py:540} INFO - Filling up the DagBag from /home/airflow/.local/lib/python3.8/site-packages/airflow/example_dags/example_branch_python_dop_operator_3.py
[2024-04-04T21:39:31.785+0000] {processor.py:840} INFO - DAG(s) 'example_branch_dop_operator_v3' retrieved from /home/airflow/.local/lib/python3.8/site-packages/airflow/example_dags/example_branch_python_dop_operator_3.py
[2024-04-04T21:39:31.799+0000] {logging_mixin.py:188} INFO - [2024-04-04T21:39:31.799+0000] {dag.py:3047} INFO - Sync 1 DAGs
[2024-04-04T21:39:31.819+0000] {logging_mixin.py:188} INFO - [2024-04-04T21:39:31.819+0000] {dag.py:3834} INFO - Setting next_dagrun for example_branch_dop_operator_v3 to 2024-04-04 21:38:00+00:00, run_after=2024-04-04 21:39:00+00:00
[2024-04-04T21:39:31.837+0000] {processor.py:183} INFO - Processing /home/airflow/.local/lib/python3.8/site-packages/airflow/example_dags/example_branch_python_dop_operator_3.py took 0.062 seconds
[2024-04-04T21:40:02.150+0000] {processor.py:161} INFO - Started process (PID=403) to work on /home/airflow/.local/lib/python3.8/site-packages/airflow/example_dags/example_branch_python_dop_operator_3.py
[2024-04-04T21:40:02.151+0000] {processor.py:830} INFO - Processing file /home/airflow/.local/lib/python3.8/site-packages/airflow/example_dags/example_branch_python_dop_operator_3.py for tasks to queue
[2024-04-04T21:40:02.152+0000] {logging_mixin.py:188} INFO - [2024-04-04T21:40:02.152+0000] {dagbag.py:540} INFO - Filling up the DagBag from /home/airflow/.local/lib/python3.8/site-packages/airflow/example_dags/example_branch_python_dop_operator_3.py
[2024-04-04T21:40:02.159+0000] {processor.py:840} INFO - DAG(s) 'example_branch_dop_operator_v3' retrieved from /home/airflow/.local/lib/python3.8/site-packages/airflow/example_dags/example_branch_python_dop_operator_3.py
[2024-04-04T21:40:02.173+0000] {logging_mixin.py:188} INFO - [2024-04-04T21:40:02.172+0000] {dag.py:3047} INFO - Sync 1 DAGs
[2024-04-04T21:40:02.193+0000] {logging_mixin.py:188} INFO - [2024-04-04T21:40:02.193+0000] {dag.py:3834} INFO - Setting next_dagrun for example_branch_dop_operator_v3 to 2024-04-04 21:39:00+00:00, run_after=2024-04-04 21:40:00+00:00
[2024-04-04T21:40:02.207+0000] {processor.py:183} INFO - Processing /home/airflow/.local/lib/python3.8/site-packages/airflow/example_dags/example_branch_python_dop_operator_3.py took 0.059 seconds
[2024-04-04T21:40:32.382+0000] {processor.py:161} INFO - Started process (PID=458) to work on /home/airflow/.local/lib/python3.8/site-packages/airflow/example_dags/example_branch_python_dop_operator_3.py
[2024-04-04T21:40:32.383+0000] {processor.py:830} INFO - Processing file /home/airflow/.local/lib/python3.8/site-packages/airflow/example_dags/example_branch_python_dop_operator_3.py for tasks to queue
[2024-04-04T21:40:32.385+0000] {logging_mixin.py:188} INFO - [2024-04-04T21:40:32.384+0000] {dagbag.py:540} INFO - Filling up the DagBag from /home/airflow/.local/lib/python3.8/site-packages/airflow/example_dags/example_branch_python_dop_operator_3.py
[2024-04-04T21:40:32.391+0000] {processor.py:840} INFO - DAG(s) 'example_branch_dop_operator_v3' retrieved from /home/airflow/.local/lib/python3.8/site-packages/airflow/example_dags/example_branch_python_dop_operator_3.py
[2024-04-04T21:40:32.405+0000] {logging_mixin.py:188} INFO - [2024-04-04T21:40:32.405+0000] {dag.py:3047} INFO - Sync 1 DAGs
[2024-04-04T21:40:32.425+0000] {logging_mixin.py:188} INFO - [2024-04-04T21:40:32.425+0000] {dag.py:3834} INFO - Setting next_dagrun for example_branch_dop_operator_v3 to 2024-04-04 21:39:00+00:00, run_after=2024-04-04 21:40:00+00:00
[2024-04-04T21:40:32.441+0000] {processor.py:183} INFO - Processing /home/airflow/.local/lib/python3.8/site-packages/airflow/example_dags/example_branch_python_dop_operator_3.py took 0.060 seconds
[2024-04-04T21:41:02.499+0000] {processor.py:161} INFO - Started process (PID=513) to work on /home/airflow/.local/lib/python3.8/site-packages/airflow/example_dags/example_branch_python_dop_operator_3.py
[2024-04-04T21:41:02.500+0000] {processor.py:830} INFO - Processing file /home/airflow/.local/lib/python3.8/site-packages/airflow/example_dags/example_branch_python_dop_operator_3.py for tasks to queue
[2024-04-04T21:41:02.501+0000] {logging_mixin.py:188} INFO - [2024-04-04T21:41:02.501+0000] {dagbag.py:540} INFO - Filling up the DagBag from /home/airflow/.local/lib/python3.8/site-packages/airflow/example_dags/example_branch_python_dop_operator_3.py
[2024-04-04T21:41:02.507+0000] {processor.py:840} INFO - DAG(s) 'example_branch_dop_operator_v3' retrieved from /home/airflow/.local/lib/python3.8/site-packages/airflow/example_dags/example_branch_python_dop_operator_3.py
[2024-04-04T21:41:02.521+0000] {logging_mixin.py:188} INFO - [2024-04-04T21:41:02.521+0000] {dag.py:3047} INFO - Sync 1 DAGs
[2024-04-04T21:41:02.544+0000] {logging_mixin.py:188} INFO - [2024-04-04T21:41:02.543+0000] {dag.py:3834} INFO - Setting next_dagrun for example_branch_dop_operator_v3 to 2024-04-04 21:40:00+00:00, run_after=2024-04-04 21:41:00+00:00
[2024-04-04T21:41:02.561+0000] {processor.py:183} INFO - Processing /home/airflow/.local/lib/python3.8/site-packages/airflow/example_dags/example_branch_python_dop_operator_3.py took 0.064 seconds
[2024-04-04T21:41:33.066+0000] {processor.py:161} INFO - Started process (PID=568) to work on /home/airflow/.local/lib/python3.8/site-packages/airflow/example_dags/example_branch_python_dop_operator_3.py
[2024-04-04T21:41:33.067+0000] {processor.py:830} INFO - Processing file /home/airflow/.local/lib/python3.8/site-packages/airflow/example_dags/example_branch_python_dop_operator_3.py for tasks to queue
[2024-04-04T21:41:33.068+0000] {logging_mixin.py:188} INFO - [2024-04-04T21:41:33.068+0000] {dagbag.py:540} INFO - Filling up the DagBag from /home/airflow/.local/lib/python3.8/site-packages/airflow/example_dags/example_branch_python_dop_operator_3.py
[2024-04-04T21:41:33.074+0000] {processor.py:840} INFO - DAG(s) 'example_branch_dop_operator_v3' retrieved from /home/airflow/.local/lib/python3.8/site-packages/airflow/example_dags/example_branch_python_dop_operator_3.py
[2024-04-04T21:41:33.090+0000] {logging_mixin.py:188} INFO - [2024-04-04T21:41:33.090+0000] {dag.py:3047} INFO - Sync 1 DAGs
[2024-04-04T21:41:33.111+0000] {logging_mixin.py:188} INFO - [2024-04-04T21:41:33.110+0000] {dag.py:3834} INFO - Setting next_dagrun for example_branch_dop_operator_v3 to 2024-04-04 21:40:00+00:00, run_after=2024-04-04 21:41:00+00:00
[2024-04-04T21:41:33.129+0000] {processor.py:183} INFO - Processing /home/airflow/.local/lib/python3.8/site-packages/airflow/example_dags/example_branch_python_dop_operator_3.py took 0.065 seconds
[2024-04-04T21:42:03.662+0000] {processor.py:161} INFO - Started process (PID=623) to work on /home/airflow/.local/lib/python3.8/site-packages/airflow/example_dags/example_branch_python_dop_operator_3.py
[2024-04-04T21:42:03.662+0000] {processor.py:830} INFO - Processing file /home/airflow/.local/lib/python3.8/site-packages/airflow/example_dags/example_branch_python_dop_operator_3.py for tasks to queue
[2024-04-04T21:42:03.664+0000] {logging_mixin.py:188} INFO - [2024-04-04T21:42:03.664+0000] {dagbag.py:540} INFO - Filling up the DagBag from /home/airflow/.local/lib/python3.8/site-packages/airflow/example_dags/example_branch_python_dop_operator_3.py
[2024-04-04T21:42:03.672+0000] {processor.py:840} INFO - DAG(s) 'example_branch_dop_operator_v3' retrieved from /home/airflow/.local/lib/python3.8/site-packages/airflow/example_dags/example_branch_python_dop_operator_3.py
[2024-04-04T21:42:03.690+0000] {logging_mixin.py:188} INFO - [2024-04-04T21:42:03.690+0000] {dag.py:3047} INFO - Sync 1 DAGs
[2024-04-04T21:42:03.715+0000] {logging_mixin.py:188} INFO - [2024-04-04T21:42:03.715+0000] {dag.py:3834} INFO - Setting next_dagrun for example_branch_dop_operator_v3 to 2024-04-04 21:41:00+00:00, run_after=2024-04-04 21:42:00+00:00
[2024-04-04T21:42:03.738+0000] {processor.py:183} INFO - Processing /home/airflow/.local/lib/python3.8/site-packages/airflow/example_dags/example_branch_python_dop_operator_3.py took 0.079 seconds
[2024-04-04T21:42:33.989+0000] {processor.py:161} INFO - Started process (PID=679) to work on /home/airflow/.local/lib/python3.8/site-packages/airflow/example_dags/example_branch_python_dop_operator_3.py
[2024-04-04T21:42:33.990+0000] {processor.py:830} INFO - Processing file /home/airflow/.local/lib/python3.8/site-packages/airflow/example_dags/example_branch_python_dop_operator_3.py for tasks to queue
[2024-04-04T21:42:33.991+0000] {logging_mixin.py:188} INFO - [2024-04-04T21:42:33.991+0000] {dagbag.py:540} INFO - Filling up the DagBag from /home/airflow/.local/lib/python3.8/site-packages/airflow/example_dags/example_branch_python_dop_operator_3.py
[2024-04-04T21:42:33.997+0000] {processor.py:840} INFO - DAG(s) 'example_branch_dop_operator_v3' retrieved from /home/airflow/.local/lib/python3.8/site-packages/airflow/example_dags/example_branch_python_dop_operator_3.py
[2024-04-04T21:42:34.011+0000] {logging_mixin.py:188} INFO - [2024-04-04T21:42:34.011+0000] {dag.py:3047} INFO - Sync 1 DAGs
[2024-04-04T21:42:34.031+0000] {logging_mixin.py:188} INFO - [2024-04-04T21:42:34.030+0000] {dag.py:3834} INFO - Setting next_dagrun for example_branch_dop_operator_v3 to 2024-04-04 21:41:00+00:00, run_after=2024-04-04 21:42:00+00:00
[2024-04-04T21:42:34.044+0000] {processor.py:183} INFO - Processing /home/airflow/.local/lib/python3.8/site-packages/airflow/example_dags/example_branch_python_dop_operator_3.py took 0.057 seconds
[2024-04-04T21:43:04.831+0000] {processor.py:161} INFO - Started process (PID=734) to work on /home/airflow/.local/lib/python3.8/site-packages/airflow/example_dags/example_branch_python_dop_operator_3.py
[2024-04-04T21:43:04.832+0000] {processor.py:830} INFO - Processing file /home/airflow/.local/lib/python3.8/site-packages/airflow/example_dags/example_branch_python_dop_operator_3.py for tasks to queue
[2024-04-04T21:43:04.833+0000] {logging_mixin.py:188} INFO - [2024-04-04T21:43:04.833+0000] {dagbag.py:540} INFO - Filling up the DagBag from /home/airflow/.local/lib/python3.8/site-packages/airflow/example_dags/example_branch_python_dop_operator_3.py
[2024-04-04T21:43:04.839+0000] {processor.py:840} INFO - DAG(s) 'example_branch_dop_operator_v3' retrieved from /home/airflow/.local/lib/python3.8/site-packages/airflow/example_dags/example_branch_python_dop_operator_3.py
[2024-04-04T21:43:04.852+0000] {logging_mixin.py:188} INFO - [2024-04-04T21:43:04.852+0000] {dag.py:3047} INFO - Sync 1 DAGs
[2024-04-04T21:43:04.872+0000] {logging_mixin.py:188} INFO - [2024-04-04T21:43:04.872+0000] {dag.py:3834} INFO - Setting next_dagrun for example_branch_dop_operator_v3 to 2024-04-04 21:42:00+00:00, run_after=2024-04-04 21:43:00+00:00
[2024-04-04T21:43:04.888+0000] {processor.py:183} INFO - Processing /home/airflow/.local/lib/python3.8/site-packages/airflow/example_dags/example_branch_python_dop_operator_3.py took 0.060 seconds
[2024-04-04T21:43:35.032+0000] {processor.py:161} INFO - Started process (PID=789) to work on /home/airflow/.local/lib/python3.8/site-packages/airflow/example_dags/example_branch_python_dop_operator_3.py
[2024-04-04T21:43:35.033+0000] {processor.py:830} INFO - Processing file /home/airflow/.local/lib/python3.8/site-packages/airflow/example_dags/example_branch_python_dop_operator_3.py for tasks to queue
[2024-04-04T21:43:35.035+0000] {logging_mixin.py:188} INFO - [2024-04-04T21:43:35.034+0000] {dagbag.py:540} INFO - Filling up the DagBag from /home/airflow/.local/lib/python3.8/site-packages/airflow/example_dags/example_branch_python_dop_operator_3.py
[2024-04-04T21:43:35.041+0000] {processor.py:840} INFO - DAG(s) 'example_branch_dop_operator_v3' retrieved from /home/airflow/.local/lib/python3.8/site-packages/airflow/example_dags/example_branch_python_dop_operator_3.py
[2024-04-04T21:43:35.054+0000] {logging_mixin.py:188} INFO - [2024-04-04T21:43:35.054+0000] {dag.py:3047} INFO - Sync 1 DAGs
[2024-04-04T21:43:35.074+0000] {logging_mixin.py:188} INFO - [2024-04-04T21:43:35.074+0000] {dag.py:3834} INFO - Setting next_dagrun for example_branch_dop_operator_v3 to 2024-04-04 21:42:00+00:00, run_after=2024-04-04 21:43:00+00:00
[2024-04-04T21:43:35.090+0000] {processor.py:183} INFO - Processing /home/airflow/.local/lib/python3.8/site-packages/airflow/example_dags/example_branch_python_dop_operator_3.py took 0.060 seconds
[2024-04-04T21:44:05.462+0000] {processor.py:161} INFO - Started process (PID=844) to work on /home/airflow/.local/lib/python3.8/site-packages/airflow/example_dags/example_branch_python_dop_operator_3.py
[2024-04-04T21:44:05.463+0000] {processor.py:830} INFO - Processing file /home/airflow/.local/lib/python3.8/site-packages/airflow/example_dags/example_branch_python_dop_operator_3.py for tasks to queue
[2024-04-04T21:44:05.465+0000] {logging_mixin.py:188} INFO - [2024-04-04T21:44:05.465+0000] {dagbag.py:540} INFO - Filling up the DagBag from /home/airflow/.local/lib/python3.8/site-packages/airflow/example_dags/example_branch_python_dop_operator_3.py
[2024-04-04T21:44:05.473+0000] {processor.py:840} INFO - DAG(s) 'example_branch_dop_operator_v3' retrieved from /home/airflow/.local/lib/python3.8/site-packages/airflow/example_dags/example_branch_python_dop_operator_3.py
[2024-04-04T21:44:05.494+0000] {logging_mixin.py:188} INFO - [2024-04-04T21:44:05.494+0000] {dag.py:3047} INFO - Sync 1 DAGs
[2024-04-04T21:44:05.523+0000] {logging_mixin.py:188} INFO - [2024-04-04T21:44:05.523+0000] {dag.py:3834} INFO - Setting next_dagrun for example_branch_dop_operator_v3 to 2024-04-04 21:43:00+00:00, run_after=2024-04-04 21:44:00+00:00
[2024-04-04T21:44:05.547+0000] {processor.py:183} INFO - Processing /home/airflow/.local/lib/python3.8/site-packages/airflow/example_dags/example_branch_python_dop_operator_3.py took 0.087 seconds
[2024-04-04T21:44:36.017+0000] {processor.py:161} INFO - Started process (PID=899) to work on /home/airflow/.local/lib/python3.8/site-packages/airflow/example_dags/example_branch_python_dop_operator_3.py
[2024-04-04T21:44:36.018+0000] {processor.py:830} INFO - Processing file /home/airflow/.local/lib/python3.8/site-packages/airflow/example_dags/example_branch_python_dop_operator_3.py for tasks to queue
[2024-04-04T21:44:36.019+0000] {logging_mixin.py:188} INFO - [2024-04-04T21:44:36.019+0000] {dagbag.py:540} INFO - Filling up the DagBag from /home/airflow/.local/lib/python3.8/site-packages/airflow/example_dags/example_branch_python_dop_operator_3.py
[2024-04-04T21:44:36.025+0000] {processor.py:840} INFO - DAG(s) 'example_branch_dop_operator_v3' retrieved from /home/airflow/.local/lib/python3.8/site-packages/airflow/example_dags/example_branch_python_dop_operator_3.py
[2024-04-04T21:44:36.039+0000] {logging_mixin.py:188} INFO - [2024-04-04T21:44:36.039+0000] {dag.py:3047} INFO - Sync 1 DAGs
[2024-04-04T21:44:36.060+0000] {logging_mixin.py:188} INFO - [2024-04-04T21:44:36.059+0000] {dag.py:3834} INFO - Setting next_dagrun for example_branch_dop_operator_v3 to 2024-04-04 21:43:00+00:00, run_after=2024-04-04 21:44:00+00:00
[2024-04-04T21:44:36.073+0000] {processor.py:183} INFO - Processing /home/airflow/.local/lib/python3.8/site-packages/airflow/example_dags/example_branch_python_dop_operator_3.py took 0.059 seconds
[2024-04-04T21:45:06.113+0000] {processor.py:161} INFO - Started process (PID=954) to work on /home/airflow/.local/lib/python3.8/site-packages/airflow/example_dags/example_branch_python_dop_operator_3.py
[2024-04-04T21:45:06.114+0000] {processor.py:830} INFO - Processing file /home/airflow/.local/lib/python3.8/site-packages/airflow/example_dags/example_branch_python_dop_operator_3.py for tasks to queue
[2024-04-04T21:45:06.115+0000] {logging_mixin.py:188} INFO - [2024-04-04T21:45:06.115+0000] {dagbag.py:540} INFO - Filling up the DagBag from /home/airflow/.local/lib/python3.8/site-packages/airflow/example_dags/example_branch_python_dop_operator_3.py
[2024-04-04T21:45:06.122+0000] {processor.py:840} INFO - DAG(s) 'example_branch_dop_operator_v3' retrieved from /home/airflow/.local/lib/python3.8/site-packages/airflow/example_dags/example_branch_python_dop_operator_3.py
[2024-04-04T21:45:06.138+0000] {logging_mixin.py:188} INFO - [2024-04-04T21:45:06.138+0000] {dag.py:3047} INFO - Sync 1 DAGs
[2024-04-04T21:45:06.159+0000] {logging_mixin.py:188} INFO - [2024-04-04T21:45:06.159+0000] {dag.py:3834} INFO - Setting next_dagrun for example_branch_dop_operator_v3 to 2024-04-04 21:44:00+00:00, run_after=2024-04-04 21:45:00+00:00
[2024-04-04T21:45:06.174+0000] {processor.py:183} INFO - Processing /home/airflow/.local/lib/python3.8/site-packages/airflow/example_dags/example_branch_python_dop_operator_3.py took 0.064 seconds
[2024-04-04T21:45:36.241+0000] {processor.py:161} INFO - Started process (PID=1009) to work on /home/airflow/.local/lib/python3.8/site-packages/airflow/example_dags/example_branch_python_dop_operator_3.py
[2024-04-04T21:45:36.242+0000] {processor.py:830} INFO - Processing file /home/airflow/.local/lib/python3.8/site-packages/airflow/example_dags/example_branch_python_dop_operator_3.py for tasks to queue
[2024-04-04T21:45:36.244+0000] {logging_mixin.py:188} INFO - [2024-04-04T21:45:36.243+0000] {dagbag.py:540} INFO - Filling up the DagBag from /home/airflow/.local/lib/python3.8/site-packages/airflow/example_dags/example_branch_python_dop_operator_3.py
[2024-04-04T21:45:36.250+0000] {processor.py:840} INFO - DAG(s) 'example_branch_dop_operator_v3' retrieved from /home/airflow/.local/lib/python3.8/site-packages/airflow/example_dags/example_branch_python_dop_operator_3.py
[2024-04-04T21:45:36.266+0000] {logging_mixin.py:188} INFO - [2024-04-04T21:45:36.266+0000] {dag.py:3047} INFO - Sync 1 DAGs
[2024-04-04T21:45:36.286+0000] {logging_mixin.py:188} INFO - [2024-04-04T21:45:36.286+0000] {dag.py:3834} INFO - Setting next_dagrun for example_branch_dop_operator_v3 to 2024-04-04 21:44:00+00:00, run_after=2024-04-04 21:45:00+00:00
[2024-04-04T21:45:36.301+0000] {processor.py:183} INFO - Processing /home/airflow/.local/lib/python3.8/site-packages/airflow/example_dags/example_branch_python_dop_operator_3.py took 0.062 seconds
[2024-04-04T21:46:06.676+0000] {processor.py:161} INFO - Started process (PID=1064) to work on /home/airflow/.local/lib/python3.8/site-packages/airflow/example_dags/example_branch_python_dop_operator_3.py
[2024-04-04T21:46:06.677+0000] {processor.py:830} INFO - Processing file /home/airflow/.local/lib/python3.8/site-packages/airflow/example_dags/example_branch_python_dop_operator_3.py for tasks to queue
[2024-04-04T21:46:06.678+0000] {logging_mixin.py:188} INFO - [2024-04-04T21:46:06.678+0000] {dagbag.py:540} INFO - Filling up the DagBag from /home/airflow/.local/lib/python3.8/site-packages/airflow/example_dags/example_branch_python_dop_operator_3.py
[2024-04-04T21:46:06.685+0000] {processor.py:840} INFO - DAG(s) 'example_branch_dop_operator_v3' retrieved from /home/airflow/.local/lib/python3.8/site-packages/airflow/example_dags/example_branch_python_dop_operator_3.py
[2024-04-04T21:46:06.700+0000] {logging_mixin.py:188} INFO - [2024-04-04T21:46:06.700+0000] {dag.py:3047} INFO - Sync 1 DAGs
[2024-04-04T21:46:06.720+0000] {logging_mixin.py:188} INFO - [2024-04-04T21:46:06.719+0000] {dag.py:3834} INFO - Setting next_dagrun for example_branch_dop_operator_v3 to 2024-04-04 21:45:00+00:00, run_after=2024-04-04 21:46:00+00:00
[2024-04-04T21:46:06.735+0000] {processor.py:183} INFO - Processing /home/airflow/.local/lib/python3.8/site-packages/airflow/example_dags/example_branch_python_dop_operator_3.py took 0.061 seconds
[2024-04-04T21:46:36.826+0000] {processor.py:161} INFO - Started process (PID=1119) to work on /home/airflow/.local/lib/python3.8/site-packages/airflow/example_dags/example_branch_python_dop_operator_3.py
[2024-04-04T21:46:36.828+0000] {processor.py:830} INFO - Processing file /home/airflow/.local/lib/python3.8/site-packages/airflow/example_dags/example_branch_python_dop_operator_3.py for tasks to queue
[2024-04-04T21:46:36.830+0000] {logging_mixin.py:188} INFO - [2024-04-04T21:46:36.829+0000] {dagbag.py:540} INFO - Filling up the DagBag from /home/airflow/.local/lib/python3.8/site-packages/airflow/example_dags/example_branch_python_dop_operator_3.py
[2024-04-04T21:46:36.841+0000] {processor.py:840} INFO - DAG(s) 'example_branch_dop_operator_v3' retrieved from /home/airflow/.local/lib/python3.8/site-packages/airflow/example_dags/example_branch_python_dop_operator_3.py
[2024-04-04T21:46:36.863+0000] {logging_mixin.py:188} INFO - [2024-04-04T21:46:36.862+0000] {dag.py:3047} INFO - Sync 1 DAGs
[2024-04-04T21:46:36.901+0000] {logging_mixin.py:188} INFO - [2024-04-04T21:46:36.901+0000] {dag.py:3834} INFO - Setting next_dagrun for example_branch_dop_operator_v3 to 2024-04-04 21:45:00+00:00, run_after=2024-04-04 21:46:00+00:00
[2024-04-04T21:46:36.926+0000] {processor.py:183} INFO - Processing /home/airflow/.local/lib/python3.8/site-packages/airflow/example_dags/example_branch_python_dop_operator_3.py took 0.102 seconds
[2024-04-04T21:47:07.209+0000] {processor.py:161} INFO - Started process (PID=1174) to work on /home/airflow/.local/lib/python3.8/site-packages/airflow/example_dags/example_branch_python_dop_operator_3.py
[2024-04-04T21:47:07.210+0000] {processor.py:830} INFO - Processing file /home/airflow/.local/lib/python3.8/site-packages/airflow/example_dags/example_branch_python_dop_operator_3.py for tasks to queue
[2024-04-04T21:47:07.212+0000] {logging_mixin.py:188} INFO - [2024-04-04T21:47:07.212+0000] {dagbag.py:540} INFO - Filling up the DagBag from /home/airflow/.local/lib/python3.8/site-packages/airflow/example_dags/example_branch_python_dop_operator_3.py
[2024-04-04T21:47:07.220+0000] {processor.py:840} INFO - DAG(s) 'example_branch_dop_operator_v3' retrieved from /home/airflow/.local/lib/python3.8/site-packages/airflow/example_dags/example_branch_python_dop_operator_3.py
[2024-04-04T21:47:07.237+0000] {logging_mixin.py:188} INFO - [2024-04-04T21:47:07.236+0000] {dag.py:3047} INFO - Sync 1 DAGs
[2024-04-04T21:47:07.260+0000] {logging_mixin.py:188} INFO - [2024-04-04T21:47:07.260+0000] {dag.py:3834} INFO - Setting next_dagrun for example_branch_dop_operator_v3 to 2024-04-04 21:46:00+00:00, run_after=2024-04-04 21:47:00+00:00
[2024-04-04T21:47:07.277+0000] {processor.py:183} INFO - Processing /home/airflow/.local/lib/python3.8/site-packages/airflow/example_dags/example_branch_python_dop_operator_3.py took 0.070 seconds
[2024-04-04T21:47:37.533+0000] {processor.py:161} INFO - Started process (PID=1229) to work on /home/airflow/.local/lib/python3.8/site-packages/airflow/example_dags/example_branch_python_dop_operator_3.py
[2024-04-04T21:47:37.534+0000] {processor.py:830} INFO - Processing file /home/airflow/.local/lib/python3.8/site-packages/airflow/example_dags/example_branch_python_dop_operator_3.py for tasks to queue
[2024-04-04T21:47:37.536+0000] {logging_mixin.py:188} INFO - [2024-04-04T21:47:37.536+0000] {dagbag.py:540} INFO - Filling up the DagBag from /home/airflow/.local/lib/python3.8/site-packages/airflow/example_dags/example_branch_python_dop_operator_3.py
[2024-04-04T21:47:37.543+0000] {processor.py:840} INFO - DAG(s) 'example_branch_dop_operator_v3' retrieved from /home/airflow/.local/lib/python3.8/site-packages/airflow/example_dags/example_branch_python_dop_operator_3.py
[2024-04-04T21:47:37.560+0000] {logging_mixin.py:188} INFO - [2024-04-04T21:47:37.560+0000] {dag.py:3047} INFO - Sync 1 DAGs
[2024-04-04T21:47:37.585+0000] {logging_mixin.py:188} INFO - [2024-04-04T21:47:37.585+0000] {dag.py:3834} INFO - Setting next_dagrun for example_branch_dop_operator_v3 to 2024-04-04 21:46:00+00:00, run_after=2024-04-04 21:47:00+00:00
[2024-04-04T21:47:37.602+0000] {processor.py:183} INFO - Processing /home/airflow/.local/lib/python3.8/site-packages/airflow/example_dags/example_branch_python_dop_operator_3.py took 0.071 seconds
[2024-04-04T21:48:08.183+0000] {processor.py:161} INFO - Started process (PID=1284) to work on /home/airflow/.local/lib/python3.8/site-packages/airflow/example_dags/example_branch_python_dop_operator_3.py
[2024-04-04T21:48:08.189+0000] {processor.py:830} INFO - Processing file /home/airflow/.local/lib/python3.8/site-packages/airflow/example_dags/example_branch_python_dop_operator_3.py for tasks to queue
[2024-04-04T21:48:08.190+0000] {logging_mixin.py:188} INFO - [2024-04-04T21:48:08.190+0000] {dagbag.py:540} INFO - Filling up the DagBag from /home/airflow/.local/lib/python3.8/site-packages/airflow/example_dags/example_branch_python_dop_operator_3.py
[2024-04-04T21:48:08.197+0000] {processor.py:840} INFO - DAG(s) 'example_branch_dop_operator_v3' retrieved from /home/airflow/.local/lib/python3.8/site-packages/airflow/example_dags/example_branch_python_dop_operator_3.py
[2024-04-04T21:48:08.214+0000] {logging_mixin.py:188} INFO - [2024-04-04T21:48:08.213+0000] {dag.py:3047} INFO - Sync 1 DAGs
[2024-04-04T21:48:08.235+0000] {logging_mixin.py:188} INFO - [2024-04-04T21:48:08.235+0000] {dag.py:3834} INFO - Setting next_dagrun for example_branch_dop_operator_v3 to 2024-04-04 21:47:00+00:00, run_after=2024-04-04 21:48:00+00:00
[2024-04-04T21:48:08.264+0000] {processor.py:183} INFO - Processing /home/airflow/.local/lib/python3.8/site-packages/airflow/example_dags/example_branch_python_dop_operator_3.py took 0.083 seconds
[2024-04-04T21:48:39.125+0000] {processor.py:161} INFO - Started process (PID=1339) to work on /home/airflow/.local/lib/python3.8/site-packages/airflow/example_dags/example_branch_python_dop_operator_3.py
[2024-04-04T21:48:39.126+0000] {processor.py:830} INFO - Processing file /home/airflow/.local/lib/python3.8/site-packages/airflow/example_dags/example_branch_python_dop_operator_3.py for tasks to queue
[2024-04-04T21:48:39.127+0000] {logging_mixin.py:188} INFO - [2024-04-04T21:48:39.127+0000] {dagbag.py:540} INFO - Filling up the DagBag from /home/airflow/.local/lib/python3.8/site-packages/airflow/example_dags/example_branch_python_dop_operator_3.py
[2024-04-04T21:48:39.134+0000] {processor.py:840} INFO - DAG(s) 'example_branch_dop_operator_v3' retrieved from /home/airflow/.local/lib/python3.8/site-packages/airflow/example_dags/example_branch_python_dop_operator_3.py
[2024-04-04T21:48:39.147+0000] {logging_mixin.py:188} INFO - [2024-04-04T21:48:39.147+0000] {dag.py:3047} INFO - Sync 1 DAGs
[2024-04-04T21:48:39.166+0000] {logging_mixin.py:188} INFO - [2024-04-04T21:48:39.166+0000] {dag.py:3834} INFO - Setting next_dagrun for example_branch_dop_operator_v3 to 2024-04-04 21:47:00+00:00, run_after=2024-04-04 21:48:00+00:00
[2024-04-04T21:48:39.184+0000] {processor.py:183} INFO - Processing /home/airflow/.local/lib/python3.8/site-packages/airflow/example_dags/example_branch_python_dop_operator_3.py took 0.061 seconds
[2024-04-04T21:49:09.544+0000] {processor.py:161} INFO - Started process (PID=1394) to work on /home/airflow/.local/lib/python3.8/site-packages/airflow/example_dags/example_branch_python_dop_operator_3.py
[2024-04-04T21:49:09.545+0000] {processor.py:830} INFO - Processing file /home/airflow/.local/lib/python3.8/site-packages/airflow/example_dags/example_branch_python_dop_operator_3.py for tasks to queue
[2024-04-04T21:49:09.547+0000] {logging_mixin.py:188} INFO - [2024-04-04T21:49:09.546+0000] {dagbag.py:540} INFO - Filling up the DagBag from /home/airflow/.local/lib/python3.8/site-packages/airflow/example_dags/example_branch_python_dop_operator_3.py
[2024-04-04T21:49:09.553+0000] {processor.py:840} INFO - DAG(s) 'example_branch_dop_operator_v3' retrieved from /home/airflow/.local/lib/python3.8/site-packages/airflow/example_dags/example_branch_python_dop_operator_3.py
[2024-04-04T21:49:09.570+0000] {logging_mixin.py:188} INFO - [2024-04-04T21:49:09.569+0000] {dag.py:3047} INFO - Sync 1 DAGs
[2024-04-04T21:49:09.592+0000] {logging_mixin.py:188} INFO - [2024-04-04T21:49:09.592+0000] {dag.py:3834} INFO - Setting next_dagrun for example_branch_dop_operator_v3 to 2024-04-04 21:48:00+00:00, run_after=2024-04-04 21:49:00+00:00
[2024-04-04T21:49:09.613+0000] {processor.py:183} INFO - Processing /home/airflow/.local/lib/python3.8/site-packages/airflow/example_dags/example_branch_python_dop_operator_3.py took 0.070 seconds
[2024-04-04T21:49:39.998+0000] {processor.py:161} INFO - Started process (PID=1449) to work on /home/airflow/.local/lib/python3.8/site-packages/airflow/example_dags/example_branch_python_dop_operator_3.py
[2024-04-04T21:49:39.999+0000] {processor.py:830} INFO - Processing file /home/airflow/.local/lib/python3.8/site-packages/airflow/example_dags/example_branch_python_dop_operator_3.py for tasks to queue
[2024-04-04T21:49:40.000+0000] {logging_mixin.py:188} INFO - [2024-04-04T21:49:40.000+0000] {dagbag.py:540} INFO - Filling up the DagBag from /home/airflow/.local/lib/python3.8/site-packages/airflow/example_dags/example_branch_python_dop_operator_3.py
[2024-04-04T21:49:40.006+0000] {processor.py:840} INFO - DAG(s) 'example_branch_dop_operator_v3' retrieved from /home/airflow/.local/lib/python3.8/site-packages/airflow/example_dags/example_branch_python_dop_operator_3.py
[2024-04-04T21:49:40.021+0000] {logging_mixin.py:188} INFO - [2024-04-04T21:49:40.020+0000] {dag.py:3047} INFO - Sync 1 DAGs
[2024-04-04T21:49:40.041+0000] {logging_mixin.py:188} INFO - [2024-04-04T21:49:40.041+0000] {dag.py:3834} INFO - Setting next_dagrun for example_branch_dop_operator_v3 to 2024-04-04 21:48:00+00:00, run_after=2024-04-04 21:49:00+00:00
[2024-04-04T21:49:40.056+0000] {processor.py:183} INFO - Processing /home/airflow/.local/lib/python3.8/site-packages/airflow/example_dags/example_branch_python_dop_operator_3.py took 0.060 seconds
[2024-04-04T21:50:10.365+0000] {processor.py:161} INFO - Started process (PID=1504) to work on /home/airflow/.local/lib/python3.8/site-packages/airflow/example_dags/example_branch_python_dop_operator_3.py
[2024-04-04T21:50:10.366+0000] {processor.py:830} INFO - Processing file /home/airflow/.local/lib/python3.8/site-packages/airflow/example_dags/example_branch_python_dop_operator_3.py for tasks to queue
[2024-04-04T21:50:10.368+0000] {logging_mixin.py:188} INFO - [2024-04-04T21:50:10.368+0000] {dagbag.py:540} INFO - Filling up the DagBag from /home/airflow/.local/lib/python3.8/site-packages/airflow/example_dags/example_branch_python_dop_operator_3.py
[2024-04-04T21:50:10.377+0000] {processor.py:840} INFO - DAG(s) 'example_branch_dop_operator_v3' retrieved from /home/airflow/.local/lib/python3.8/site-packages/airflow/example_dags/example_branch_python_dop_operator_3.py
[2024-04-04T21:50:10.393+0000] {logging_mixin.py:188} INFO - [2024-04-04T21:50:10.393+0000] {dag.py:3047} INFO - Sync 1 DAGs
[2024-04-04T21:50:10.417+0000] {logging_mixin.py:188} INFO - [2024-04-04T21:50:10.417+0000] {dag.py:3834} INFO - Setting next_dagrun for example_branch_dop_operator_v3 to 2024-04-04 21:49:00+00:00, run_after=2024-04-04 21:50:00+00:00
[2024-04-04T21:50:10.437+0000] {processor.py:183} INFO - Processing /home/airflow/.local/lib/python3.8/site-packages/airflow/example_dags/example_branch_python_dop_operator_3.py took 0.074 seconds
[2024-04-04T21:50:40.951+0000] {processor.py:161} INFO - Started process (PID=1559) to work on /home/airflow/.local/lib/python3.8/site-packages/airflow/example_dags/example_branch_python_dop_operator_3.py
[2024-04-04T21:50:40.952+0000] {processor.py:830} INFO - Processing file /home/airflow/.local/lib/python3.8/site-packages/airflow/example_dags/example_branch_python_dop_operator_3.py for tasks to queue
[2024-04-04T21:50:40.953+0000] {logging_mixin.py:188} INFO - [2024-04-04T21:50:40.953+0000] {dagbag.py:540} INFO - Filling up the DagBag from /home/airflow/.local/lib/python3.8/site-packages/airflow/example_dags/example_branch_python_dop_operator_3.py
[2024-04-04T21:50:40.960+0000] {processor.py:840} INFO - DAG(s) 'example_branch_dop_operator_v3' retrieved from /home/airflow/.local/lib/python3.8/site-packages/airflow/example_dags/example_branch_python_dop_operator_3.py
[2024-04-04T21:50:40.975+0000] {logging_mixin.py:188} INFO - [2024-04-04T21:50:40.975+0000] {dag.py:3047} INFO - Sync 1 DAGs
[2024-04-04T21:50:40.996+0000] {logging_mixin.py:188} INFO - [2024-04-04T21:50:40.996+0000] {dag.py:3834} INFO - Setting next_dagrun for example_branch_dop_operator_v3 to 2024-04-04 21:49:00+00:00, run_after=2024-04-04 21:50:00+00:00
[2024-04-04T21:50:41.013+0000] {processor.py:183} INFO - Processing /home/airflow/.local/lib/python3.8/site-packages/airflow/example_dags/example_branch_python_dop_operator_3.py took 0.065 seconds
[2024-04-04T21:51:11.361+0000] {processor.py:161} INFO - Started process (PID=1614) to work on /home/airflow/.local/lib/python3.8/site-packages/airflow/example_dags/example_branch_python_dop_operator_3.py
[2024-04-04T21:51:11.362+0000] {processor.py:830} INFO - Processing file /home/airflow/.local/lib/python3.8/site-packages/airflow/example_dags/example_branch_python_dop_operator_3.py for tasks to queue
[2024-04-04T21:51:11.364+0000] {logging_mixin.py:188} INFO - [2024-04-04T21:51:11.364+0000] {dagbag.py:540} INFO - Filling up the DagBag from /home/airflow/.local/lib/python3.8/site-packages/airflow/example_dags/example_branch_python_dop_operator_3.py
[2024-04-04T21:51:11.371+0000] {processor.py:840} INFO - DAG(s) 'example_branch_dop_operator_v3' retrieved from /home/airflow/.local/lib/python3.8/site-packages/airflow/example_dags/example_branch_python_dop_operator_3.py
[2024-04-04T21:51:11.390+0000] {logging_mixin.py:188} INFO - [2024-04-04T21:51:11.390+0000] {dag.py:3047} INFO - Sync 1 DAGs
[2024-04-04T21:51:11.415+0000] {logging_mixin.py:188} INFO - [2024-04-04T21:51:11.415+0000] {dag.py:3834} INFO - Setting next_dagrun for example_branch_dop_operator_v3 to 2024-04-04 21:50:00+00:00, run_after=2024-04-04 21:51:00+00:00
[2024-04-04T21:51:11.437+0000] {processor.py:183} INFO - Processing /home/airflow/.local/lib/python3.8/site-packages/airflow/example_dags/example_branch_python_dop_operator_3.py took 0.078 seconds
[2024-04-04T21:51:41.690+0000] {processor.py:161} INFO - Started process (PID=1669) to work on /home/airflow/.local/lib/python3.8/site-packages/airflow/example_dags/example_branch_python_dop_operator_3.py
[2024-04-04T21:51:41.690+0000] {processor.py:830} INFO - Processing file /home/airflow/.local/lib/python3.8/site-packages/airflow/example_dags/example_branch_python_dop_operator_3.py for tasks to queue
[2024-04-04T21:51:41.691+0000] {logging_mixin.py:188} INFO - [2024-04-04T21:51:41.691+0000] {dagbag.py:540} INFO - Filling up the DagBag from /home/airflow/.local/lib/python3.8/site-packages/airflow/example_dags/example_branch_python_dop_operator_3.py
[2024-04-04T21:51:41.698+0000] {processor.py:840} INFO - DAG(s) 'example_branch_dop_operator_v3' retrieved from /home/airflow/.local/lib/python3.8/site-packages/airflow/example_dags/example_branch_python_dop_operator_3.py
[2024-04-04T21:51:41.712+0000] {logging_mixin.py:188} INFO - [2024-04-04T21:51:41.712+0000] {dag.py:3047} INFO - Sync 1 DAGs
[2024-04-04T21:51:41.735+0000] {logging_mixin.py:188} INFO - [2024-04-04T21:51:41.735+0000] {dag.py:3834} INFO - Setting next_dagrun for example_branch_dop_operator_v3 to 2024-04-04 21:50:00+00:00, run_after=2024-04-04 21:51:00+00:00
[2024-04-04T21:51:41.753+0000] {processor.py:183} INFO - Processing /home/airflow/.local/lib/python3.8/site-packages/airflow/example_dags/example_branch_python_dop_operator_3.py took 0.065 seconds
[2024-04-04T21:52:11.820+0000] {processor.py:161} INFO - Started process (PID=1724) to work on /home/airflow/.local/lib/python3.8/site-packages/airflow/example_dags/example_branch_python_dop_operator_3.py
[2024-04-04T21:52:11.820+0000] {processor.py:830} INFO - Processing file /home/airflow/.local/lib/python3.8/site-packages/airflow/example_dags/example_branch_python_dop_operator_3.py for tasks to queue
[2024-04-04T21:52:11.822+0000] {logging_mixin.py:188} INFO - [2024-04-04T21:52:11.822+0000] {dagbag.py:540} INFO - Filling up the DagBag from /home/airflow/.local/lib/python3.8/site-packages/airflow/example_dags/example_branch_python_dop_operator_3.py
[2024-04-04T21:52:11.828+0000] {processor.py:840} INFO - DAG(s) 'example_branch_dop_operator_v3' retrieved from /home/airflow/.local/lib/python3.8/site-packages/airflow/example_dags/example_branch_python_dop_operator_3.py
[2024-04-04T21:52:11.842+0000] {logging_mixin.py:188} INFO - [2024-04-04T21:52:11.842+0000] {dag.py:3047} INFO - Sync 1 DAGs
[2024-04-04T21:52:11.862+0000] {logging_mixin.py:188} INFO - [2024-04-04T21:52:11.862+0000] {dag.py:3834} INFO - Setting next_dagrun for example_branch_dop_operator_v3 to 2024-04-04 21:51:00+00:00, run_after=2024-04-04 21:52:00+00:00
[2024-04-04T21:52:11.879+0000] {processor.py:183} INFO - Processing /home/airflow/.local/lib/python3.8/site-packages/airflow/example_dags/example_branch_python_dop_operator_3.py took 0.062 seconds
[2024-04-04T21:52:42.312+0000] {processor.py:161} INFO - Started process (PID=1779) to work on /home/airflow/.local/lib/python3.8/site-packages/airflow/example_dags/example_branch_python_dop_operator_3.py
[2024-04-04T21:52:42.313+0000] {processor.py:830} INFO - Processing file /home/airflow/.local/lib/python3.8/site-packages/airflow/example_dags/example_branch_python_dop_operator_3.py for tasks to queue
[2024-04-04T21:52:42.314+0000] {logging_mixin.py:188} INFO - [2024-04-04T21:52:42.314+0000] {dagbag.py:540} INFO - Filling up the DagBag from /home/airflow/.local/lib/python3.8/site-packages/airflow/example_dags/example_branch_python_dop_operator_3.py
[2024-04-04T21:52:42.320+0000] {processor.py:840} INFO - DAG(s) 'example_branch_dop_operator_v3' retrieved from /home/airflow/.local/lib/python3.8/site-packages/airflow/example_dags/example_branch_python_dop_operator_3.py
[2024-04-04T21:52:42.334+0000] {logging_mixin.py:188} INFO - [2024-04-04T21:52:42.334+0000] {dag.py:3047} INFO - Sync 1 DAGs
[2024-04-04T21:52:42.353+0000] {logging_mixin.py:188} INFO - [2024-04-04T21:52:42.353+0000] {dag.py:3834} INFO - Setting next_dagrun for example_branch_dop_operator_v3 to 2024-04-04 21:51:00+00:00, run_after=2024-04-04 21:52:00+00:00
[2024-04-04T21:52:42.366+0000] {processor.py:183} INFO - Processing /home/airflow/.local/lib/python3.8/site-packages/airflow/example_dags/example_branch_python_dop_operator_3.py took 0.057 seconds
[2024-04-04T21:53:12.493+0000] {processor.py:161} INFO - Started process (PID=1834) to work on /home/airflow/.local/lib/python3.8/site-packages/airflow/example_dags/example_branch_python_dop_operator_3.py
[2024-04-04T21:53:12.494+0000] {processor.py:830} INFO - Processing file /home/airflow/.local/lib/python3.8/site-packages/airflow/example_dags/example_branch_python_dop_operator_3.py for tasks to queue
[2024-04-04T21:53:12.495+0000] {logging_mixin.py:188} INFO - [2024-04-04T21:53:12.495+0000] {dagbag.py:540} INFO - Filling up the DagBag from /home/airflow/.local/lib/python3.8/site-packages/airflow/example_dags/example_branch_python_dop_operator_3.py
[2024-04-04T21:53:12.502+0000] {processor.py:840} INFO - DAG(s) 'example_branch_dop_operator_v3' retrieved from /home/airflow/.local/lib/python3.8/site-packages/airflow/example_dags/example_branch_python_dop_operator_3.py
[2024-04-04T21:53:12.519+0000] {logging_mixin.py:188} INFO - [2024-04-04T21:53:12.519+0000] {dag.py:3047} INFO - Sync 1 DAGs
[2024-04-04T21:53:12.547+0000] {logging_mixin.py:188} INFO - [2024-04-04T21:53:12.547+0000] {dag.py:3834} INFO - Setting next_dagrun for example_branch_dop_operator_v3 to 2024-04-04 21:52:00+00:00, run_after=2024-04-04 21:53:00+00:00
[2024-04-04T21:53:12.565+0000] {processor.py:183} INFO - Processing /home/airflow/.local/lib/python3.8/site-packages/airflow/example_dags/example_branch_python_dop_operator_3.py took 0.074 seconds
[2024-04-04T21:53:42.708+0000] {processor.py:161} INFO - Started process (PID=1889) to work on /home/airflow/.local/lib/python3.8/site-packages/airflow/example_dags/example_branch_python_dop_operator_3.py
[2024-04-04T21:53:42.709+0000] {processor.py:830} INFO - Processing file /home/airflow/.local/lib/python3.8/site-packages/airflow/example_dags/example_branch_python_dop_operator_3.py for tasks to queue
[2024-04-04T21:53:42.710+0000] {logging_mixin.py:188} INFO - [2024-04-04T21:53:42.710+0000] {dagbag.py:540} INFO - Filling up the DagBag from /home/airflow/.local/lib/python3.8/site-packages/airflow/example_dags/example_branch_python_dop_operator_3.py
[2024-04-04T21:53:42.716+0000] {processor.py:840} INFO - DAG(s) 'example_branch_dop_operator_v3' retrieved from /home/airflow/.local/lib/python3.8/site-packages/airflow/example_dags/example_branch_python_dop_operator_3.py
[2024-04-04T21:53:42.730+0000] {logging_mixin.py:188} INFO - [2024-04-04T21:53:42.730+0000] {dag.py:3047} INFO - Sync 1 DAGs
[2024-04-04T21:53:42.749+0000] {logging_mixin.py:188} INFO - [2024-04-04T21:53:42.749+0000] {dag.py:3834} INFO - Setting next_dagrun for example_branch_dop_operator_v3 to 2024-04-04 21:52:00+00:00, run_after=2024-04-04 21:53:00+00:00
[2024-04-04T21:53:42.763+0000] {processor.py:183} INFO - Processing /home/airflow/.local/lib/python3.8/site-packages/airflow/example_dags/example_branch_python_dop_operator_3.py took 0.057 seconds
[2024-04-04T21:54:12.796+0000] {processor.py:161} INFO - Started process (PID=1944) to work on /home/airflow/.local/lib/python3.8/site-packages/airflow/example_dags/example_branch_python_dop_operator_3.py
[2024-04-04T21:54:12.797+0000] {processor.py:830} INFO - Processing file /home/airflow/.local/lib/python3.8/site-packages/airflow/example_dags/example_branch_python_dop_operator_3.py for tasks to queue
[2024-04-04T21:54:12.798+0000] {logging_mixin.py:188} INFO - [2024-04-04T21:54:12.798+0000] {dagbag.py:540} INFO - Filling up the DagBag from /home/airflow/.local/lib/python3.8/site-packages/airflow/example_dags/example_branch_python_dop_operator_3.py
[2024-04-04T21:54:12.804+0000] {processor.py:840} INFO - DAG(s) 'example_branch_dop_operator_v3' retrieved from /home/airflow/.local/lib/python3.8/site-packages/airflow/example_dags/example_branch_python_dop_operator_3.py
[2024-04-04T21:54:12.818+0000] {logging_mixin.py:188} INFO - [2024-04-04T21:54:12.818+0000] {dag.py:3047} INFO - Sync 1 DAGs
[2024-04-04T21:54:12.837+0000] {logging_mixin.py:188} INFO - [2024-04-04T21:54:12.837+0000] {dag.py:3834} INFO - Setting next_dagrun for example_branch_dop_operator_v3 to 2024-04-04 21:53:00+00:00, run_after=2024-04-04 21:54:00+00:00
[2024-04-04T21:54:12.851+0000] {processor.py:183} INFO - Processing /home/airflow/.local/lib/python3.8/site-packages/airflow/example_dags/example_branch_python_dop_operator_3.py took 0.057 seconds
[2024-04-04T21:54:43.202+0000] {processor.py:161} INFO - Started process (PID=1999) to work on /home/airflow/.local/lib/python3.8/site-packages/airflow/example_dags/example_branch_python_dop_operator_3.py
[2024-04-04T21:54:43.202+0000] {processor.py:830} INFO - Processing file /home/airflow/.local/lib/python3.8/site-packages/airflow/example_dags/example_branch_python_dop_operator_3.py for tasks to queue
[2024-04-04T21:54:43.204+0000] {logging_mixin.py:188} INFO - [2024-04-04T21:54:43.204+0000] {dagbag.py:540} INFO - Filling up the DagBag from /home/airflow/.local/lib/python3.8/site-packages/airflow/example_dags/example_branch_python_dop_operator_3.py
[2024-04-04T21:54:43.210+0000] {processor.py:840} INFO - DAG(s) 'example_branch_dop_operator_v3' retrieved from /home/airflow/.local/lib/python3.8/site-packages/airflow/example_dags/example_branch_python_dop_operator_3.py
[2024-04-04T21:54:43.225+0000] {logging_mixin.py:188} INFO - [2024-04-04T21:54:43.225+0000] {dag.py:3047} INFO - Sync 1 DAGs
[2024-04-04T21:54:43.244+0000] {logging_mixin.py:188} INFO - [2024-04-04T21:54:43.244+0000] {dag.py:3834} INFO - Setting next_dagrun for example_branch_dop_operator_v3 to 2024-04-04 21:53:00+00:00, run_after=2024-04-04 21:54:00+00:00
[2024-04-04T21:54:43.258+0000] {processor.py:183} INFO - Processing /home/airflow/.local/lib/python3.8/site-packages/airflow/example_dags/example_branch_python_dop_operator_3.py took 0.059 seconds
[2024-04-04T21:55:13.378+0000] {processor.py:161} INFO - Started process (PID=2054) to work on /home/airflow/.local/lib/python3.8/site-packages/airflow/example_dags/example_branch_python_dop_operator_3.py
[2024-04-04T21:55:13.379+0000] {processor.py:830} INFO - Processing file /home/airflow/.local/lib/python3.8/site-packages/airflow/example_dags/example_branch_python_dop_operator_3.py for tasks to queue
[2024-04-04T21:55:13.381+0000] {logging_mixin.py:188} INFO - [2024-04-04T21:55:13.381+0000] {dagbag.py:540} INFO - Filling up the DagBag from /home/airflow/.local/lib/python3.8/site-packages/airflow/example_dags/example_branch_python_dop_operator_3.py
[2024-04-04T21:55:13.392+0000] {processor.py:840} INFO - DAG(s) 'example_branch_dop_operator_v3' retrieved from /home/airflow/.local/lib/python3.8/site-packages/airflow/example_dags/example_branch_python_dop_operator_3.py
[2024-04-04T21:55:13.410+0000] {logging_mixin.py:188} INFO - [2024-04-04T21:55:13.410+0000] {dag.py:3047} INFO - Sync 1 DAGs
[2024-04-04T21:55:13.434+0000] {logging_mixin.py:188} INFO - [2024-04-04T21:55:13.433+0000] {dag.py:3834} INFO - Setting next_dagrun for example_branch_dop_operator_v3 to 2024-04-04 21:54:00+00:00, run_after=2024-04-04 21:55:00+00:00
[2024-04-04T21:55:13.451+0000] {processor.py:183} INFO - Processing /home/airflow/.local/lib/python3.8/site-packages/airflow/example_dags/example_branch_python_dop_operator_3.py took 0.076 seconds
[2024-04-04T21:55:43.673+0000] {processor.py:161} INFO - Started process (PID=2109) to work on /home/airflow/.local/lib/python3.8/site-packages/airflow/example_dags/example_branch_python_dop_operator_3.py
[2024-04-04T21:55:43.674+0000] {processor.py:830} INFO - Processing file /home/airflow/.local/lib/python3.8/site-packages/airflow/example_dags/example_branch_python_dop_operator_3.py for tasks to queue
[2024-04-04T21:55:43.675+0000] {logging_mixin.py:188} INFO - [2024-04-04T21:55:43.675+0000] {dagbag.py:540} INFO - Filling up the DagBag from /home/airflow/.local/lib/python3.8/site-packages/airflow/example_dags/example_branch_python_dop_operator_3.py
[2024-04-04T21:55:43.681+0000] {processor.py:840} INFO - DAG(s) 'example_branch_dop_operator_v3' retrieved from /home/airflow/.local/lib/python3.8/site-packages/airflow/example_dags/example_branch_python_dop_operator_3.py
[2024-04-04T21:55:43.696+0000] {logging_mixin.py:188} INFO - [2024-04-04T21:55:43.696+0000] {dag.py:3047} INFO - Sync 1 DAGs
[2024-04-04T21:55:43.716+0000] {logging_mixin.py:188} INFO - [2024-04-04T21:55:43.716+0000] {dag.py:3834} INFO - Setting next_dagrun for example_branch_dop_operator_v3 to 2024-04-04 21:54:00+00:00, run_after=2024-04-04 21:55:00+00:00
[2024-04-04T21:55:43.732+0000] {processor.py:183} INFO - Processing /home/airflow/.local/lib/python3.8/site-packages/airflow/example_dags/example_branch_python_dop_operator_3.py took 0.061 seconds
[2024-04-04T21:56:13.962+0000] {processor.py:161} INFO - Started process (PID=2164) to work on /home/airflow/.local/lib/python3.8/site-packages/airflow/example_dags/example_branch_python_dop_operator_3.py
[2024-04-04T21:56:13.963+0000] {processor.py:830} INFO - Processing file /home/airflow/.local/lib/python3.8/site-packages/airflow/example_dags/example_branch_python_dop_operator_3.py for tasks to queue
[2024-04-04T21:56:13.964+0000] {logging_mixin.py:188} INFO - [2024-04-04T21:56:13.964+0000] {dagbag.py:540} INFO - Filling up the DagBag from /home/airflow/.local/lib/python3.8/site-packages/airflow/example_dags/example_branch_python_dop_operator_3.py
[2024-04-04T21:56:13.971+0000] {processor.py:840} INFO - DAG(s) 'example_branch_dop_operator_v3' retrieved from /home/airflow/.local/lib/python3.8/site-packages/airflow/example_dags/example_branch_python_dop_operator_3.py
[2024-04-04T21:56:13.984+0000] {logging_mixin.py:188} INFO - [2024-04-04T21:56:13.984+0000] {dag.py:3047} INFO - Sync 1 DAGs
[2024-04-04T21:56:14.004+0000] {logging_mixin.py:188} INFO - [2024-04-04T21:56:14.003+0000] {dag.py:3834} INFO - Setting next_dagrun for example_branch_dop_operator_v3 to 2024-04-04 21:55:00+00:00, run_after=2024-04-04 21:56:00+00:00
[2024-04-04T21:56:14.018+0000] {processor.py:183} INFO - Processing /home/airflow/.local/lib/python3.8/site-packages/airflow/example_dags/example_branch_python_dop_operator_3.py took 0.058 seconds
[2024-04-04T21:56:44.158+0000] {processor.py:161} INFO - Started process (PID=2219) to work on /home/airflow/.local/lib/python3.8/site-packages/airflow/example_dags/example_branch_python_dop_operator_3.py
[2024-04-04T21:56:44.159+0000] {processor.py:830} INFO - Processing file /home/airflow/.local/lib/python3.8/site-packages/airflow/example_dags/example_branch_python_dop_operator_3.py for tasks to queue
[2024-04-04T21:56:44.161+0000] {logging_mixin.py:188} INFO - [2024-04-04T21:56:44.160+0000] {dagbag.py:540} INFO - Filling up the DagBag from /home/airflow/.local/lib/python3.8/site-packages/airflow/example_dags/example_branch_python_dop_operator_3.py
[2024-04-04T21:56:44.167+0000] {processor.py:840} INFO - DAG(s) 'example_branch_dop_operator_v3' retrieved from /home/airflow/.local/lib/python3.8/site-packages/airflow/example_dags/example_branch_python_dop_operator_3.py
[2024-04-04T21:56:44.181+0000] {logging_mixin.py:188} INFO - [2024-04-04T21:56:44.181+0000] {dag.py:3047} INFO - Sync 1 DAGs
[2024-04-04T21:56:44.200+0000] {logging_mixin.py:188} INFO - [2024-04-04T21:56:44.200+0000] {dag.py:3834} INFO - Setting next_dagrun for example_branch_dop_operator_v3 to 2024-04-04 21:55:00+00:00, run_after=2024-04-04 21:56:00+00:00
[2024-04-04T21:56:44.214+0000] {processor.py:183} INFO - Processing /home/airflow/.local/lib/python3.8/site-packages/airflow/example_dags/example_branch_python_dop_operator_3.py took 0.058 seconds
[2024-04-04T21:57:14.384+0000] {processor.py:161} INFO - Started process (PID=2274) to work on /home/airflow/.local/lib/python3.8/site-packages/airflow/example_dags/example_branch_python_dop_operator_3.py
[2024-04-04T21:57:14.384+0000] {processor.py:830} INFO - Processing file /home/airflow/.local/lib/python3.8/site-packages/airflow/example_dags/example_branch_python_dop_operator_3.py for tasks to queue
[2024-04-04T21:57:14.386+0000] {logging_mixin.py:188} INFO - [2024-04-04T21:57:14.385+0000] {dagbag.py:540} INFO - Filling up the DagBag from /home/airflow/.local/lib/python3.8/site-packages/airflow/example_dags/example_branch_python_dop_operator_3.py
[2024-04-04T21:57:14.392+0000] {processor.py:840} INFO - DAG(s) 'example_branch_dop_operator_v3' retrieved from /home/airflow/.local/lib/python3.8/site-packages/airflow/example_dags/example_branch_python_dop_operator_3.py
[2024-04-04T21:57:14.407+0000] {logging_mixin.py:188} INFO - [2024-04-04T21:57:14.407+0000] {dag.py:3047} INFO - Sync 1 DAGs
[2024-04-04T21:57:14.427+0000] {logging_mixin.py:188} INFO - [2024-04-04T21:57:14.427+0000] {dag.py:3834} INFO - Setting next_dagrun for example_branch_dop_operator_v3 to 2024-04-04 21:56:00+00:00, run_after=2024-04-04 21:57:00+00:00
[2024-04-04T21:57:14.445+0000] {processor.py:183} INFO - Processing /home/airflow/.local/lib/python3.8/site-packages/airflow/example_dags/example_branch_python_dop_operator_3.py took 0.063 seconds
[2024-04-04T21:57:44.825+0000] {processor.py:161} INFO - Started process (PID=2329) to work on /home/airflow/.local/lib/python3.8/site-packages/airflow/example_dags/example_branch_python_dop_operator_3.py
[2024-04-04T21:57:44.826+0000] {processor.py:830} INFO - Processing file /home/airflow/.local/lib/python3.8/site-packages/airflow/example_dags/example_branch_python_dop_operator_3.py for tasks to queue
[2024-04-04T21:57:44.828+0000] {logging_mixin.py:188} INFO - [2024-04-04T21:57:44.828+0000] {dagbag.py:540} INFO - Filling up the DagBag from /home/airflow/.local/lib/python3.8/site-packages/airflow/example_dags/example_branch_python_dop_operator_3.py
[2024-04-04T21:57:44.834+0000] {processor.py:840} INFO - DAG(s) 'example_branch_dop_operator_v3' retrieved from /home/airflow/.local/lib/python3.8/site-packages/airflow/example_dags/example_branch_python_dop_operator_3.py
[2024-04-04T21:57:44.849+0000] {logging_mixin.py:188} INFO - [2024-04-04T21:57:44.849+0000] {dag.py:3047} INFO - Sync 1 DAGs
[2024-04-04T21:57:44.871+0000] {logging_mixin.py:188} INFO - [2024-04-04T21:57:44.871+0000] {dag.py:3834} INFO - Setting next_dagrun for example_branch_dop_operator_v3 to 2024-04-04 21:56:00+00:00, run_after=2024-04-04 21:57:00+00:00
[2024-04-04T21:57:44.887+0000] {processor.py:183} INFO - Processing /home/airflow/.local/lib/python3.8/site-packages/airflow/example_dags/example_branch_python_dop_operator_3.py took 0.064 seconds
[2024-04-04T21:58:15.819+0000] {processor.py:161} INFO - Started process (PID=2384) to work on /home/airflow/.local/lib/python3.8/site-packages/airflow/example_dags/example_branch_python_dop_operator_3.py
[2024-04-04T21:58:15.820+0000] {processor.py:830} INFO - Processing file /home/airflow/.local/lib/python3.8/site-packages/airflow/example_dags/example_branch_python_dop_operator_3.py for tasks to queue
[2024-04-04T21:58:15.821+0000] {logging_mixin.py:188} INFO - [2024-04-04T21:58:15.821+0000] {dagbag.py:540} INFO - Filling up the DagBag from /home/airflow/.local/lib/python3.8/site-packages/airflow/example_dags/example_branch_python_dop_operator_3.py
[2024-04-04T21:58:15.828+0000] {processor.py:840} INFO - DAG(s) 'example_branch_dop_operator_v3' retrieved from /home/airflow/.local/lib/python3.8/site-packages/airflow/example_dags/example_branch_python_dop_operator_3.py
[2024-04-04T21:58:15.844+0000] {logging_mixin.py:188} INFO - [2024-04-04T21:58:15.844+0000] {dag.py:3047} INFO - Sync 1 DAGs
[2024-04-04T21:58:15.867+0000] {logging_mixin.py:188} INFO - [2024-04-04T21:58:15.867+0000] {dag.py:3834} INFO - Setting next_dagrun for example_branch_dop_operator_v3 to 2024-04-04 21:57:00+00:00, run_after=2024-04-04 21:58:00+00:00
[2024-04-04T21:58:15.885+0000] {processor.py:183} INFO - Processing /home/airflow/.local/lib/python3.8/site-packages/airflow/example_dags/example_branch_python_dop_operator_3.py took 0.068 seconds
[2024-04-04T21:58:46.700+0000] {processor.py:161} INFO - Started process (PID=2439) to work on /home/airflow/.local/lib/python3.8/site-packages/airflow/example_dags/example_branch_python_dop_operator_3.py
[2024-04-04T21:58:46.701+0000] {processor.py:830} INFO - Processing file /home/airflow/.local/lib/python3.8/site-packages/airflow/example_dags/example_branch_python_dop_operator_3.py for tasks to queue
[2024-04-04T21:58:46.703+0000] {logging_mixin.py:188} INFO - [2024-04-04T21:58:46.702+0000] {dagbag.py:540} INFO - Filling up the DagBag from /home/airflow/.local/lib/python3.8/site-packages/airflow/example_dags/example_branch_python_dop_operator_3.py
[2024-04-04T21:58:46.711+0000] {processor.py:840} INFO - DAG(s) 'example_branch_dop_operator_v3' retrieved from /home/airflow/.local/lib/python3.8/site-packages/airflow/example_dags/example_branch_python_dop_operator_3.py
[2024-04-04T21:58:46.729+0000] {logging_mixin.py:188} INFO - [2024-04-04T21:58:46.729+0000] {dag.py:3047} INFO - Sync 1 DAGs
[2024-04-04T21:58:46.752+0000] {logging_mixin.py:188} INFO - [2024-04-04T21:58:46.752+0000] {dag.py:3834} INFO - Setting next_dagrun for example_branch_dop_operator_v3 to 2024-04-04 21:57:00+00:00, run_after=2024-04-04 21:58:00+00:00
[2024-04-04T21:58:46.771+0000] {processor.py:183} INFO - Processing /home/airflow/.local/lib/python3.8/site-packages/airflow/example_dags/example_branch_python_dop_operator_3.py took 0.073 seconds
[2024-04-04T21:59:17.349+0000] {processor.py:161} INFO - Started process (PID=2494) to work on /home/airflow/.local/lib/python3.8/site-packages/airflow/example_dags/example_branch_python_dop_operator_3.py
[2024-04-04T21:59:17.350+0000] {processor.py:830} INFO - Processing file /home/airflow/.local/lib/python3.8/site-packages/airflow/example_dags/example_branch_python_dop_operator_3.py for tasks to queue
[2024-04-04T21:59:17.353+0000] {logging_mixin.py:188} INFO - [2024-04-04T21:59:17.352+0000] {dagbag.py:540} INFO - Filling up the DagBag from /home/airflow/.local/lib/python3.8/site-packages/airflow/example_dags/example_branch_python_dop_operator_3.py
[2024-04-04T21:59:17.369+0000] {processor.py:840} INFO - DAG(s) 'example_branch_dop_operator_v3' retrieved from /home/airflow/.local/lib/python3.8/site-packages/airflow/example_dags/example_branch_python_dop_operator_3.py
[2024-04-04T21:59:17.411+0000] {logging_mixin.py:188} INFO - [2024-04-04T21:59:17.411+0000] {dag.py:3047} INFO - Sync 1 DAGs
[2024-04-04T21:59:17.466+0000] {logging_mixin.py:188} INFO - [2024-04-04T21:59:17.465+0000] {dag.py:3834} INFO - Setting next_dagrun for example_branch_dop_operator_v3 to 2024-04-04 21:58:00+00:00, run_after=2024-04-04 21:59:00+00:00
[2024-04-04T21:59:17.502+0000] {processor.py:183} INFO - Processing /home/airflow/.local/lib/python3.8/site-packages/airflow/example_dags/example_branch_python_dop_operator_3.py took 0.157 seconds
[2024-04-04T21:59:48.718+0000] {processor.py:161} INFO - Started process (PID=2549) to work on /home/airflow/.local/lib/python3.8/site-packages/airflow/example_dags/example_branch_python_dop_operator_3.py
[2024-04-04T21:59:48.720+0000] {processor.py:830} INFO - Processing file /home/airflow/.local/lib/python3.8/site-packages/airflow/example_dags/example_branch_python_dop_operator_3.py for tasks to queue
[2024-04-04T21:59:48.723+0000] {logging_mixin.py:188} INFO - [2024-04-04T21:59:48.722+0000] {dagbag.py:540} INFO - Filling up the DagBag from /home/airflow/.local/lib/python3.8/site-packages/airflow/example_dags/example_branch_python_dop_operator_3.py
[2024-04-04T21:59:48.744+0000] {processor.py:840} INFO - DAG(s) 'example_branch_dop_operator_v3' retrieved from /home/airflow/.local/lib/python3.8/site-packages/airflow/example_dags/example_branch_python_dop_operator_3.py
[2024-04-04T21:59:48.783+0000] {logging_mixin.py:188} INFO - [2024-04-04T21:59:48.782+0000] {dag.py:3047} INFO - Sync 1 DAGs
[2024-04-04T21:59:48.860+0000] {logging_mixin.py:188} INFO - [2024-04-04T21:59:48.859+0000] {dag.py:3834} INFO - Setting next_dagrun for example_branch_dop_operator_v3 to 2024-04-04 21:58:00+00:00, run_after=2024-04-04 21:59:00+00:00
[2024-04-04T21:59:48.936+0000] {processor.py:183} INFO - Processing /home/airflow/.local/lib/python3.8/site-packages/airflow/example_dags/example_branch_python_dop_operator_3.py took 0.227 seconds
[2024-04-04T22:00:19.378+0000] {processor.py:161} INFO - Started process (PID=2603) to work on /home/airflow/.local/lib/python3.8/site-packages/airflow/example_dags/example_branch_python_dop_operator_3.py
[2024-04-04T22:00:19.381+0000] {processor.py:830} INFO - Processing file /home/airflow/.local/lib/python3.8/site-packages/airflow/example_dags/example_branch_python_dop_operator_3.py for tasks to queue
[2024-04-04T22:00:19.393+0000] {logging_mixin.py:188} INFO - [2024-04-04T22:00:19.392+0000] {dagbag.py:540} INFO - Filling up the DagBag from /home/airflow/.local/lib/python3.8/site-packages/airflow/example_dags/example_branch_python_dop_operator_3.py
[2024-04-04T22:00:19.403+0000] {processor.py:840} INFO - DAG(s) 'example_branch_dop_operator_v3' retrieved from /home/airflow/.local/lib/python3.8/site-packages/airflow/example_dags/example_branch_python_dop_operator_3.py
[2024-04-04T22:00:19.439+0000] {logging_mixin.py:188} INFO - [2024-04-04T22:00:19.438+0000] {dag.py:3047} INFO - Sync 1 DAGs
[2024-04-04T22:00:19.469+0000] {logging_mixin.py:188} INFO - [2024-04-04T22:00:19.469+0000] {dag.py:3834} INFO - Setting next_dagrun for example_branch_dop_operator_v3 to 2024-04-04 21:59:00+00:00, run_after=2024-04-04 22:00:00+00:00
[2024-04-04T22:00:19.532+0000] {processor.py:183} INFO - Processing /home/airflow/.local/lib/python3.8/site-packages/airflow/example_dags/example_branch_python_dop_operator_3.py took 0.158 seconds
