[2024-04-04T21:37:00.269+0000] {processor.py:161} INFO - Started process (PID=71) to work on /home/airflow/.local/lib/python3.8/site-packages/airflow/example_dags/example_task_group_decorator.py
[2024-04-04T21:37:00.271+0000] {processor.py:830} INFO - Processing file /home/airflow/.local/lib/python3.8/site-packages/airflow/example_dags/example_task_group_decorator.py for tasks to queue
[2024-04-04T21:37:00.272+0000] {logging_mixin.py:188} INFO - [2024-04-04T21:37:00.272+0000] {dagbag.py:540} INFO - Filling up the DagBag from /home/airflow/.local/lib/python3.8/site-packages/airflow/example_dags/example_task_group_decorator.py
[2024-04-04T21:37:00.289+0000] {processor.py:840} INFO - DAG(s) 'example_task_group_decorator' retrieved from /home/airflow/.local/lib/python3.8/site-packages/airflow/example_dags/example_task_group_decorator.py
[2024-04-04T21:37:00.315+0000] {logging_mixin.py:188} INFO - [2024-04-04T21:37:00.314+0000] {dag.py:3047} INFO - Sync 1 DAGs
[2024-04-04T21:37:00.332+0000] {logging_mixin.py:188} INFO - [2024-04-04T21:37:00.332+0000] {dag.py:3834} INFO - Setting next_dagrun for example_task_group_decorator to 2024-04-03 00:00:00+00:00, run_after=2024-04-04 00:00:00+00:00
[2024-04-04T21:37:00.349+0000] {processor.py:183} INFO - Processing /home/airflow/.local/lib/python3.8/site-packages/airflow/example_dags/example_task_group_decorator.py took 0.082 seconds
[2024-04-04T21:37:30.674+0000] {processor.py:161} INFO - Started process (PID=126) to work on /home/airflow/.local/lib/python3.8/site-packages/airflow/example_dags/example_task_group_decorator.py
[2024-04-04T21:37:30.674+0000] {processor.py:830} INFO - Processing file /home/airflow/.local/lib/python3.8/site-packages/airflow/example_dags/example_task_group_decorator.py for tasks to queue
[2024-04-04T21:37:30.676+0000] {logging_mixin.py:188} INFO - [2024-04-04T21:37:30.675+0000] {dagbag.py:540} INFO - Filling up the DagBag from /home/airflow/.local/lib/python3.8/site-packages/airflow/example_dags/example_task_group_decorator.py
[2024-04-04T21:37:30.687+0000] {processor.py:840} INFO - DAG(s) 'example_task_group_decorator' retrieved from /home/airflow/.local/lib/python3.8/site-packages/airflow/example_dags/example_task_group_decorator.py
[2024-04-04T21:37:30.705+0000] {logging_mixin.py:188} INFO - [2024-04-04T21:37:30.705+0000] {dag.py:3047} INFO - Sync 1 DAGs
[2024-04-04T21:37:30.721+0000] {logging_mixin.py:188} INFO - [2024-04-04T21:37:30.721+0000] {dag.py:3834} INFO - Setting next_dagrun for example_task_group_decorator to 2024-04-03 00:00:00+00:00, run_after=2024-04-04 00:00:00+00:00
[2024-04-04T21:37:30.737+0000] {processor.py:183} INFO - Processing /home/airflow/.local/lib/python3.8/site-packages/airflow/example_dags/example_task_group_decorator.py took 0.065 seconds
[2024-04-04T21:38:00.862+0000] {processor.py:161} INFO - Started process (PID=181) to work on /home/airflow/.local/lib/python3.8/site-packages/airflow/example_dags/example_task_group_decorator.py
[2024-04-04T21:38:00.862+0000] {processor.py:830} INFO - Processing file /home/airflow/.local/lib/python3.8/site-packages/airflow/example_dags/example_task_group_decorator.py for tasks to queue
[2024-04-04T21:38:00.864+0000] {logging_mixin.py:188} INFO - [2024-04-04T21:38:00.863+0000] {dagbag.py:540} INFO - Filling up the DagBag from /home/airflow/.local/lib/python3.8/site-packages/airflow/example_dags/example_task_group_decorator.py
[2024-04-04T21:38:00.875+0000] {processor.py:840} INFO - DAG(s) 'example_task_group_decorator' retrieved from /home/airflow/.local/lib/python3.8/site-packages/airflow/example_dags/example_task_group_decorator.py
[2024-04-04T21:38:00.893+0000] {logging_mixin.py:188} INFO - [2024-04-04T21:38:00.892+0000] {dag.py:3047} INFO - Sync 1 DAGs
[2024-04-04T21:38:00.909+0000] {logging_mixin.py:188} INFO - [2024-04-04T21:38:00.908+0000] {dag.py:3834} INFO - Setting next_dagrun for example_task_group_decorator to 2024-04-03 00:00:00+00:00, run_after=2024-04-04 00:00:00+00:00
[2024-04-04T21:38:00.923+0000] {processor.py:183} INFO - Processing /home/airflow/.local/lib/python3.8/site-packages/airflow/example_dags/example_task_group_decorator.py took 0.063 seconds
[2024-04-04T21:38:31.268+0000] {processor.py:161} INFO - Started process (PID=236) to work on /home/airflow/.local/lib/python3.8/site-packages/airflow/example_dags/example_task_group_decorator.py
[2024-04-04T21:38:31.269+0000] {processor.py:830} INFO - Processing file /home/airflow/.local/lib/python3.8/site-packages/airflow/example_dags/example_task_group_decorator.py for tasks to queue
[2024-04-04T21:38:31.270+0000] {logging_mixin.py:188} INFO - [2024-04-04T21:38:31.270+0000] {dagbag.py:540} INFO - Filling up the DagBag from /home/airflow/.local/lib/python3.8/site-packages/airflow/example_dags/example_task_group_decorator.py
[2024-04-04T21:38:31.282+0000] {processor.py:840} INFO - DAG(s) 'example_task_group_decorator' retrieved from /home/airflow/.local/lib/python3.8/site-packages/airflow/example_dags/example_task_group_decorator.py
[2024-04-04T21:38:31.301+0000] {logging_mixin.py:188} INFO - [2024-04-04T21:38:31.301+0000] {dag.py:3047} INFO - Sync 1 DAGs
[2024-04-04T21:38:31.319+0000] {logging_mixin.py:188} INFO - [2024-04-04T21:38:31.319+0000] {dag.py:3834} INFO - Setting next_dagrun for example_task_group_decorator to 2024-04-03 00:00:00+00:00, run_after=2024-04-04 00:00:00+00:00
[2024-04-04T21:38:31.335+0000] {processor.py:183} INFO - Processing /home/airflow/.local/lib/python3.8/site-packages/airflow/example_dags/example_task_group_decorator.py took 0.070 seconds
[2024-04-04T21:39:01.613+0000] {processor.py:161} INFO - Started process (PID=292) to work on /home/airflow/.local/lib/python3.8/site-packages/airflow/example_dags/example_task_group_decorator.py
[2024-04-04T21:39:01.613+0000] {processor.py:830} INFO - Processing file /home/airflow/.local/lib/python3.8/site-packages/airflow/example_dags/example_task_group_decorator.py for tasks to queue
[2024-04-04T21:39:01.615+0000] {logging_mixin.py:188} INFO - [2024-04-04T21:39:01.614+0000] {dagbag.py:540} INFO - Filling up the DagBag from /home/airflow/.local/lib/python3.8/site-packages/airflow/example_dags/example_task_group_decorator.py
[2024-04-04T21:39:01.625+0000] {processor.py:840} INFO - DAG(s) 'example_task_group_decorator' retrieved from /home/airflow/.local/lib/python3.8/site-packages/airflow/example_dags/example_task_group_decorator.py
[2024-04-04T21:39:01.645+0000] {logging_mixin.py:188} INFO - [2024-04-04T21:39:01.645+0000] {dag.py:3047} INFO - Sync 1 DAGs
[2024-04-04T21:39:01.662+0000] {logging_mixin.py:188} INFO - [2024-04-04T21:39:01.662+0000] {dag.py:3834} INFO - Setting next_dagrun for example_task_group_decorator to 2024-04-03 00:00:00+00:00, run_after=2024-04-04 00:00:00+00:00
[2024-04-04T21:39:01.675+0000] {processor.py:183} INFO - Processing /home/airflow/.local/lib/python3.8/site-packages/airflow/example_dags/example_task_group_decorator.py took 0.065 seconds
[2024-04-04T21:39:31.716+0000] {processor.py:161} INFO - Started process (PID=347) to work on /home/airflow/.local/lib/python3.8/site-packages/airflow/example_dags/example_task_group_decorator.py
[2024-04-04T21:39:31.717+0000] {processor.py:830} INFO - Processing file /home/airflow/.local/lib/python3.8/site-packages/airflow/example_dags/example_task_group_decorator.py for tasks to queue
[2024-04-04T21:39:31.719+0000] {logging_mixin.py:188} INFO - [2024-04-04T21:39:31.719+0000] {dagbag.py:540} INFO - Filling up the DagBag from /home/airflow/.local/lib/python3.8/site-packages/airflow/example_dags/example_task_group_decorator.py
[2024-04-04T21:39:31.730+0000] {processor.py:840} INFO - DAG(s) 'example_task_group_decorator' retrieved from /home/airflow/.local/lib/python3.8/site-packages/airflow/example_dags/example_task_group_decorator.py
[2024-04-04T21:39:31.747+0000] {logging_mixin.py:188} INFO - [2024-04-04T21:39:31.747+0000] {dag.py:3047} INFO - Sync 1 DAGs
[2024-04-04T21:39:31.763+0000] {logging_mixin.py:188} INFO - [2024-04-04T21:39:31.763+0000] {dag.py:3834} INFO - Setting next_dagrun for example_task_group_decorator to 2024-04-03 00:00:00+00:00, run_after=2024-04-04 00:00:00+00:00
[2024-04-04T21:39:31.776+0000] {processor.py:183} INFO - Processing /home/airflow/.local/lib/python3.8/site-packages/airflow/example_dags/example_task_group_decorator.py took 0.062 seconds
[2024-04-04T21:40:02.078+0000] {processor.py:161} INFO - Started process (PID=402) to work on /home/airflow/.local/lib/python3.8/site-packages/airflow/example_dags/example_task_group_decorator.py
[2024-04-04T21:40:02.079+0000] {processor.py:830} INFO - Processing file /home/airflow/.local/lib/python3.8/site-packages/airflow/example_dags/example_task_group_decorator.py for tasks to queue
[2024-04-04T21:40:02.080+0000] {logging_mixin.py:188} INFO - [2024-04-04T21:40:02.080+0000] {dagbag.py:540} INFO - Filling up the DagBag from /home/airflow/.local/lib/python3.8/site-packages/airflow/example_dags/example_task_group_decorator.py
[2024-04-04T21:40:02.094+0000] {processor.py:840} INFO - DAG(s) 'example_task_group_decorator' retrieved from /home/airflow/.local/lib/python3.8/site-packages/airflow/example_dags/example_task_group_decorator.py
[2024-04-04T21:40:02.114+0000] {logging_mixin.py:188} INFO - [2024-04-04T21:40:02.113+0000] {dag.py:3047} INFO - Sync 1 DAGs
[2024-04-04T21:40:02.130+0000] {logging_mixin.py:188} INFO - [2024-04-04T21:40:02.129+0000] {dag.py:3834} INFO - Setting next_dagrun for example_task_group_decorator to 2024-04-03 00:00:00+00:00, run_after=2024-04-04 00:00:00+00:00
[2024-04-04T21:40:02.145+0000] {processor.py:183} INFO - Processing /home/airflow/.local/lib/python3.8/site-packages/airflow/example_dags/example_task_group_decorator.py took 0.068 seconds
[2024-04-04T21:40:32.309+0000] {processor.py:161} INFO - Started process (PID=457) to work on /home/airflow/.local/lib/python3.8/site-packages/airflow/example_dags/example_task_group_decorator.py
[2024-04-04T21:40:32.310+0000] {processor.py:830} INFO - Processing file /home/airflow/.local/lib/python3.8/site-packages/airflow/example_dags/example_task_group_decorator.py for tasks to queue
[2024-04-04T21:40:32.311+0000] {logging_mixin.py:188} INFO - [2024-04-04T21:40:32.311+0000] {dagbag.py:540} INFO - Filling up the DagBag from /home/airflow/.local/lib/python3.8/site-packages/airflow/example_dags/example_task_group_decorator.py
[2024-04-04T21:40:32.322+0000] {processor.py:840} INFO - DAG(s) 'example_task_group_decorator' retrieved from /home/airflow/.local/lib/python3.8/site-packages/airflow/example_dags/example_task_group_decorator.py
[2024-04-04T21:40:32.342+0000] {logging_mixin.py:188} INFO - [2024-04-04T21:40:32.341+0000] {dag.py:3047} INFO - Sync 1 DAGs
[2024-04-04T21:40:32.358+0000] {logging_mixin.py:188} INFO - [2024-04-04T21:40:32.358+0000] {dag.py:3834} INFO - Setting next_dagrun for example_task_group_decorator to 2024-04-03 00:00:00+00:00, run_after=2024-04-04 00:00:00+00:00
[2024-04-04T21:40:32.374+0000] {processor.py:183} INFO - Processing /home/airflow/.local/lib/python3.8/site-packages/airflow/example_dags/example_task_group_decorator.py took 0.067 seconds
[2024-04-04T21:41:02.453+0000] {processor.py:161} INFO - Started process (PID=512) to work on /home/airflow/.local/lib/python3.8/site-packages/airflow/example_dags/example_task_group_decorator.py
[2024-04-04T21:41:02.454+0000] {processor.py:830} INFO - Processing file /home/airflow/.local/lib/python3.8/site-packages/airflow/example_dags/example_task_group_decorator.py for tasks to queue
[2024-04-04T21:41:02.455+0000] {logging_mixin.py:188} INFO - [2024-04-04T21:41:02.455+0000] {dagbag.py:540} INFO - Filling up the DagBag from /home/airflow/.local/lib/python3.8/site-packages/airflow/example_dags/example_task_group_decorator.py
[2024-04-04T21:41:02.466+0000] {processor.py:840} INFO - DAG(s) 'example_task_group_decorator' retrieved from /home/airflow/.local/lib/python3.8/site-packages/airflow/example_dags/example_task_group_decorator.py
[2024-04-04T21:41:02.484+0000] {logging_mixin.py:188} INFO - [2024-04-04T21:41:02.484+0000] {dag.py:3047} INFO - Sync 1 DAGs
[2024-04-04T21:41:02.500+0000] {logging_mixin.py:188} INFO - [2024-04-04T21:41:02.500+0000] {dag.py:3834} INFO - Setting next_dagrun for example_task_group_decorator to 2024-04-03 00:00:00+00:00, run_after=2024-04-04 00:00:00+00:00
[2024-04-04T21:41:02.513+0000] {processor.py:183} INFO - Processing /home/airflow/.local/lib/python3.8/site-packages/airflow/example_dags/example_task_group_decorator.py took 0.063 seconds
[2024-04-04T21:41:32.970+0000] {processor.py:161} INFO - Started process (PID=567) to work on /home/airflow/.local/lib/python3.8/site-packages/airflow/example_dags/example_task_group_decorator.py
[2024-04-04T21:41:32.972+0000] {processor.py:830} INFO - Processing file /home/airflow/.local/lib/python3.8/site-packages/airflow/example_dags/example_task_group_decorator.py for tasks to queue
[2024-04-04T21:41:32.973+0000] {logging_mixin.py:188} INFO - [2024-04-04T21:41:32.973+0000] {dagbag.py:540} INFO - Filling up the DagBag from /home/airflow/.local/lib/python3.8/site-packages/airflow/example_dags/example_task_group_decorator.py
[2024-04-04T21:41:32.984+0000] {processor.py:840} INFO - DAG(s) 'example_task_group_decorator' retrieved from /home/airflow/.local/lib/python3.8/site-packages/airflow/example_dags/example_task_group_decorator.py
[2024-04-04T21:41:33.003+0000] {logging_mixin.py:188} INFO - [2024-04-04T21:41:33.003+0000] {dag.py:3047} INFO - Sync 1 DAGs
[2024-04-04T21:41:33.022+0000] {logging_mixin.py:188} INFO - [2024-04-04T21:41:33.022+0000] {dag.py:3834} INFO - Setting next_dagrun for example_task_group_decorator to 2024-04-03 00:00:00+00:00, run_after=2024-04-04 00:00:00+00:00
[2024-04-04T21:41:33.041+0000] {processor.py:183} INFO - Processing /home/airflow/.local/lib/python3.8/site-packages/airflow/example_dags/example_task_group_decorator.py took 0.073 seconds
[2024-04-04T21:42:03.551+0000] {processor.py:161} INFO - Started process (PID=622) to work on /home/airflow/.local/lib/python3.8/site-packages/airflow/example_dags/example_task_group_decorator.py
[2024-04-04T21:42:03.552+0000] {processor.py:830} INFO - Processing file /home/airflow/.local/lib/python3.8/site-packages/airflow/example_dags/example_task_group_decorator.py for tasks to queue
[2024-04-04T21:42:03.554+0000] {logging_mixin.py:188} INFO - [2024-04-04T21:42:03.553+0000] {dagbag.py:540} INFO - Filling up the DagBag from /home/airflow/.local/lib/python3.8/site-packages/airflow/example_dags/example_task_group_decorator.py
[2024-04-04T21:42:03.571+0000] {processor.py:840} INFO - DAG(s) 'example_task_group_decorator' retrieved from /home/airflow/.local/lib/python3.8/site-packages/airflow/example_dags/example_task_group_decorator.py
[2024-04-04T21:42:03.598+0000] {logging_mixin.py:188} INFO - [2024-04-04T21:42:03.598+0000] {dag.py:3047} INFO - Sync 1 DAGs
[2024-04-04T21:42:03.619+0000] {logging_mixin.py:188} INFO - [2024-04-04T21:42:03.619+0000] {dag.py:3834} INFO - Setting next_dagrun for example_task_group_decorator to 2024-04-03 00:00:00+00:00, run_after=2024-04-04 00:00:00+00:00
[2024-04-04T21:42:03.636+0000] {processor.py:183} INFO - Processing /home/airflow/.local/lib/python3.8/site-packages/airflow/example_dags/example_task_group_decorator.py took 0.087 seconds
[2024-04-04T21:42:33.961+0000] {processor.py:161} INFO - Started process (PID=678) to work on /home/airflow/.local/lib/python3.8/site-packages/airflow/example_dags/example_task_group_decorator.py
[2024-04-04T21:42:33.962+0000] {processor.py:830} INFO - Processing file /home/airflow/.local/lib/python3.8/site-packages/airflow/example_dags/example_task_group_decorator.py for tasks to queue
[2024-04-04T21:42:33.963+0000] {logging_mixin.py:188} INFO - [2024-04-04T21:42:33.963+0000] {dagbag.py:540} INFO - Filling up the DagBag from /home/airflow/.local/lib/python3.8/site-packages/airflow/example_dags/example_task_group_decorator.py
[2024-04-04T21:42:33.974+0000] {processor.py:840} INFO - DAG(s) 'example_task_group_decorator' retrieved from /home/airflow/.local/lib/python3.8/site-packages/airflow/example_dags/example_task_group_decorator.py
[2024-04-04T21:42:33.994+0000] {logging_mixin.py:188} INFO - [2024-04-04T21:42:33.994+0000] {dag.py:3047} INFO - Sync 1 DAGs
[2024-04-04T21:42:34.010+0000] {logging_mixin.py:188} INFO - [2024-04-04T21:42:34.010+0000] {dag.py:3834} INFO - Setting next_dagrun for example_task_group_decorator to 2024-04-03 00:00:00+00:00, run_after=2024-04-04 00:00:00+00:00
[2024-04-04T21:42:34.024+0000] {processor.py:183} INFO - Processing /home/airflow/.local/lib/python3.8/site-packages/airflow/example_dags/example_task_group_decorator.py took 0.065 seconds
[2024-04-04T21:43:04.747+0000] {processor.py:161} INFO - Started process (PID=733) to work on /home/airflow/.local/lib/python3.8/site-packages/airflow/example_dags/example_task_group_decorator.py
[2024-04-04T21:43:04.748+0000] {processor.py:830} INFO - Processing file /home/airflow/.local/lib/python3.8/site-packages/airflow/example_dags/example_task_group_decorator.py for tasks to queue
[2024-04-04T21:43:04.749+0000] {logging_mixin.py:188} INFO - [2024-04-04T21:43:04.749+0000] {dagbag.py:540} INFO - Filling up the DagBag from /home/airflow/.local/lib/python3.8/site-packages/airflow/example_dags/example_task_group_decorator.py
[2024-04-04T21:43:04.760+0000] {processor.py:840} INFO - DAG(s) 'example_task_group_decorator' retrieved from /home/airflow/.local/lib/python3.8/site-packages/airflow/example_dags/example_task_group_decorator.py
[2024-04-04T21:43:04.777+0000] {logging_mixin.py:188} INFO - [2024-04-04T21:43:04.777+0000] {dag.py:3047} INFO - Sync 1 DAGs
[2024-04-04T21:43:04.793+0000] {logging_mixin.py:188} INFO - [2024-04-04T21:43:04.793+0000] {dag.py:3834} INFO - Setting next_dagrun for example_task_group_decorator to 2024-04-03 00:00:00+00:00, run_after=2024-04-04 00:00:00+00:00
[2024-04-04T21:43:04.806+0000] {processor.py:183} INFO - Processing /home/airflow/.local/lib/python3.8/site-packages/airflow/example_dags/example_task_group_decorator.py took 0.062 seconds
[2024-04-04T21:43:34.943+0000] {processor.py:161} INFO - Started process (PID=788) to work on /home/airflow/.local/lib/python3.8/site-packages/airflow/example_dags/example_task_group_decorator.py
[2024-04-04T21:43:34.944+0000] {processor.py:830} INFO - Processing file /home/airflow/.local/lib/python3.8/site-packages/airflow/example_dags/example_task_group_decorator.py for tasks to queue
[2024-04-04T21:43:34.945+0000] {logging_mixin.py:188} INFO - [2024-04-04T21:43:34.945+0000] {dagbag.py:540} INFO - Filling up the DagBag from /home/airflow/.local/lib/python3.8/site-packages/airflow/example_dags/example_task_group_decorator.py
[2024-04-04T21:43:34.957+0000] {processor.py:840} INFO - DAG(s) 'example_task_group_decorator' retrieved from /home/airflow/.local/lib/python3.8/site-packages/airflow/example_dags/example_task_group_decorator.py
[2024-04-04T21:43:34.978+0000] {logging_mixin.py:188} INFO - [2024-04-04T21:43:34.977+0000] {dag.py:3047} INFO - Sync 1 DAGs
[2024-04-04T21:43:34.994+0000] {logging_mixin.py:188} INFO - [2024-04-04T21:43:34.994+0000] {dag.py:3834} INFO - Setting next_dagrun for example_task_group_decorator to 2024-04-03 00:00:00+00:00, run_after=2024-04-04 00:00:00+00:00
[2024-04-04T21:43:35.008+0000] {processor.py:183} INFO - Processing /home/airflow/.local/lib/python3.8/site-packages/airflow/example_dags/example_task_group_decorator.py took 0.068 seconds
[2024-04-04T21:44:05.414+0000] {processor.py:161} INFO - Started process (PID=843) to work on /home/airflow/.local/lib/python3.8/site-packages/airflow/example_dags/example_task_group_decorator.py
[2024-04-04T21:44:05.415+0000] {processor.py:830} INFO - Processing file /home/airflow/.local/lib/python3.8/site-packages/airflow/example_dags/example_task_group_decorator.py for tasks to queue
[2024-04-04T21:44:05.416+0000] {logging_mixin.py:188} INFO - [2024-04-04T21:44:05.416+0000] {dagbag.py:540} INFO - Filling up the DagBag from /home/airflow/.local/lib/python3.8/site-packages/airflow/example_dags/example_task_group_decorator.py
[2024-04-04T21:44:05.428+0000] {processor.py:840} INFO - DAG(s) 'example_task_group_decorator' retrieved from /home/airflow/.local/lib/python3.8/site-packages/airflow/example_dags/example_task_group_decorator.py
[2024-04-04T21:44:05.450+0000] {logging_mixin.py:188} INFO - [2024-04-04T21:44:05.450+0000] {dag.py:3047} INFO - Sync 1 DAGs
[2024-04-04T21:44:05.471+0000] {logging_mixin.py:188} INFO - [2024-04-04T21:44:05.470+0000] {dag.py:3834} INFO - Setting next_dagrun for example_task_group_decorator to 2024-04-03 00:00:00+00:00, run_after=2024-04-04 00:00:00+00:00
[2024-04-04T21:44:05.494+0000] {processor.py:183} INFO - Processing /home/airflow/.local/lib/python3.8/site-packages/airflow/example_dags/example_task_group_decorator.py took 0.082 seconds
[2024-04-04T21:44:35.962+0000] {processor.py:161} INFO - Started process (PID=898) to work on /home/airflow/.local/lib/python3.8/site-packages/airflow/example_dags/example_task_group_decorator.py
[2024-04-04T21:44:35.963+0000] {processor.py:830} INFO - Processing file /home/airflow/.local/lib/python3.8/site-packages/airflow/example_dags/example_task_group_decorator.py for tasks to queue
[2024-04-04T21:44:35.964+0000] {logging_mixin.py:188} INFO - [2024-04-04T21:44:35.964+0000] {dagbag.py:540} INFO - Filling up the DagBag from /home/airflow/.local/lib/python3.8/site-packages/airflow/example_dags/example_task_group_decorator.py
[2024-04-04T21:44:35.974+0000] {processor.py:840} INFO - DAG(s) 'example_task_group_decorator' retrieved from /home/airflow/.local/lib/python3.8/site-packages/airflow/example_dags/example_task_group_decorator.py
[2024-04-04T21:44:35.993+0000] {logging_mixin.py:188} INFO - [2024-04-04T21:44:35.993+0000] {dag.py:3047} INFO - Sync 1 DAGs
[2024-04-04T21:44:36.008+0000] {logging_mixin.py:188} INFO - [2024-04-04T21:44:36.008+0000] {dag.py:3834} INFO - Setting next_dagrun for example_task_group_decorator to 2024-04-03 00:00:00+00:00, run_after=2024-04-04 00:00:00+00:00
[2024-04-04T21:44:36.022+0000] {processor.py:183} INFO - Processing /home/airflow/.local/lib/python3.8/site-packages/airflow/example_dags/example_task_group_decorator.py took 0.062 seconds
[2024-04-04T21:45:06.055+0000] {processor.py:161} INFO - Started process (PID=953) to work on /home/airflow/.local/lib/python3.8/site-packages/airflow/example_dags/example_task_group_decorator.py
[2024-04-04T21:45:06.056+0000] {processor.py:830} INFO - Processing file /home/airflow/.local/lib/python3.8/site-packages/airflow/example_dags/example_task_group_decorator.py for tasks to queue
[2024-04-04T21:45:06.057+0000] {logging_mixin.py:188} INFO - [2024-04-04T21:45:06.057+0000] {dagbag.py:540} INFO - Filling up the DagBag from /home/airflow/.local/lib/python3.8/site-packages/airflow/example_dags/example_task_group_decorator.py
[2024-04-04T21:45:06.068+0000] {processor.py:840} INFO - DAG(s) 'example_task_group_decorator' retrieved from /home/airflow/.local/lib/python3.8/site-packages/airflow/example_dags/example_task_group_decorator.py
[2024-04-04T21:45:06.086+0000] {logging_mixin.py:188} INFO - [2024-04-04T21:45:06.086+0000] {dag.py:3047} INFO - Sync 1 DAGs
[2024-04-04T21:45:06.103+0000] {logging_mixin.py:188} INFO - [2024-04-04T21:45:06.103+0000] {dag.py:3834} INFO - Setting next_dagrun for example_task_group_decorator to 2024-04-03 00:00:00+00:00, run_after=2024-04-04 00:00:00+00:00
[2024-04-04T21:45:06.119+0000] {processor.py:183} INFO - Processing /home/airflow/.local/lib/python3.8/site-packages/airflow/example_dags/example_task_group_decorator.py took 0.066 seconds
[2024-04-04T21:45:36.184+0000] {processor.py:161} INFO - Started process (PID=1008) to work on /home/airflow/.local/lib/python3.8/site-packages/airflow/example_dags/example_task_group_decorator.py
[2024-04-04T21:45:36.185+0000] {processor.py:830} INFO - Processing file /home/airflow/.local/lib/python3.8/site-packages/airflow/example_dags/example_task_group_decorator.py for tasks to queue
[2024-04-04T21:45:36.186+0000] {logging_mixin.py:188} INFO - [2024-04-04T21:45:36.186+0000] {dagbag.py:540} INFO - Filling up the DagBag from /home/airflow/.local/lib/python3.8/site-packages/airflow/example_dags/example_task_group_decorator.py
[2024-04-04T21:45:36.197+0000] {processor.py:840} INFO - DAG(s) 'example_task_group_decorator' retrieved from /home/airflow/.local/lib/python3.8/site-packages/airflow/example_dags/example_task_group_decorator.py
[2024-04-04T21:45:36.217+0000] {logging_mixin.py:188} INFO - [2024-04-04T21:45:36.217+0000] {dag.py:3047} INFO - Sync 1 DAGs
[2024-04-04T21:45:36.234+0000] {logging_mixin.py:188} INFO - [2024-04-04T21:45:36.233+0000] {dag.py:3834} INFO - Setting next_dagrun for example_task_group_decorator to 2024-04-03 00:00:00+00:00, run_after=2024-04-04 00:00:00+00:00
[2024-04-04T21:45:36.248+0000] {processor.py:183} INFO - Processing /home/airflow/.local/lib/python3.8/site-packages/airflow/example_dags/example_task_group_decorator.py took 0.066 seconds
[2024-04-04T21:46:06.608+0000] {processor.py:161} INFO - Started process (PID=1063) to work on /home/airflow/.local/lib/python3.8/site-packages/airflow/example_dags/example_task_group_decorator.py
[2024-04-04T21:46:06.609+0000] {processor.py:830} INFO - Processing file /home/airflow/.local/lib/python3.8/site-packages/airflow/example_dags/example_task_group_decorator.py for tasks to queue
[2024-04-04T21:46:06.610+0000] {logging_mixin.py:188} INFO - [2024-04-04T21:46:06.610+0000] {dagbag.py:540} INFO - Filling up the DagBag from /home/airflow/.local/lib/python3.8/site-packages/airflow/example_dags/example_task_group_decorator.py
[2024-04-04T21:46:06.622+0000] {processor.py:840} INFO - DAG(s) 'example_task_group_decorator' retrieved from /home/airflow/.local/lib/python3.8/site-packages/airflow/example_dags/example_task_group_decorator.py
[2024-04-04T21:46:06.640+0000] {logging_mixin.py:188} INFO - [2024-04-04T21:46:06.640+0000] {dag.py:3047} INFO - Sync 1 DAGs
[2024-04-04T21:46:06.655+0000] {logging_mixin.py:188} INFO - [2024-04-04T21:46:06.655+0000] {dag.py:3834} INFO - Setting next_dagrun for example_task_group_decorator to 2024-04-03 00:00:00+00:00, run_after=2024-04-04 00:00:00+00:00
[2024-04-04T21:46:06.669+0000] {processor.py:183} INFO - Processing /home/airflow/.local/lib/python3.8/site-packages/airflow/example_dags/example_task_group_decorator.py took 0.063 seconds
[2024-04-04T21:46:36.741+0000] {processor.py:161} INFO - Started process (PID=1118) to work on /home/airflow/.local/lib/python3.8/site-packages/airflow/example_dags/example_task_group_decorator.py
[2024-04-04T21:46:36.742+0000] {processor.py:830} INFO - Processing file /home/airflow/.local/lib/python3.8/site-packages/airflow/example_dags/example_task_group_decorator.py for tasks to queue
[2024-04-04T21:46:36.743+0000] {logging_mixin.py:188} INFO - [2024-04-04T21:46:36.743+0000] {dagbag.py:540} INFO - Filling up the DagBag from /home/airflow/.local/lib/python3.8/site-packages/airflow/example_dags/example_task_group_decorator.py
[2024-04-04T21:46:36.755+0000] {processor.py:840} INFO - DAG(s) 'example_task_group_decorator' retrieved from /home/airflow/.local/lib/python3.8/site-packages/airflow/example_dags/example_task_group_decorator.py
[2024-04-04T21:46:36.779+0000] {logging_mixin.py:188} INFO - [2024-04-04T21:46:36.779+0000] {dag.py:3047} INFO - Sync 1 DAGs
[2024-04-04T21:46:36.798+0000] {logging_mixin.py:188} INFO - [2024-04-04T21:46:36.798+0000] {dag.py:3834} INFO - Setting next_dagrun for example_task_group_decorator to 2024-04-03 00:00:00+00:00, run_after=2024-04-04 00:00:00+00:00
[2024-04-04T21:46:36.815+0000] {processor.py:183} INFO - Processing /home/airflow/.local/lib/python3.8/site-packages/airflow/example_dags/example_task_group_decorator.py took 0.076 seconds
[2024-04-04T21:47:07.112+0000] {processor.py:161} INFO - Started process (PID=1173) to work on /home/airflow/.local/lib/python3.8/site-packages/airflow/example_dags/example_task_group_decorator.py
[2024-04-04T21:47:07.113+0000] {processor.py:830} INFO - Processing file /home/airflow/.local/lib/python3.8/site-packages/airflow/example_dags/example_task_group_decorator.py for tasks to queue
[2024-04-04T21:47:07.115+0000] {logging_mixin.py:188} INFO - [2024-04-04T21:47:07.114+0000] {dagbag.py:540} INFO - Filling up the DagBag from /home/airflow/.local/lib/python3.8/site-packages/airflow/example_dags/example_task_group_decorator.py
[2024-04-04T21:47:07.129+0000] {processor.py:840} INFO - DAG(s) 'example_task_group_decorator' retrieved from /home/airflow/.local/lib/python3.8/site-packages/airflow/example_dags/example_task_group_decorator.py
[2024-04-04T21:47:07.153+0000] {logging_mixin.py:188} INFO - [2024-04-04T21:47:07.153+0000] {dag.py:3047} INFO - Sync 1 DAGs
[2024-04-04T21:47:07.178+0000] {logging_mixin.py:188} INFO - [2024-04-04T21:47:07.178+0000] {dag.py:3834} INFO - Setting next_dagrun for example_task_group_decorator to 2024-04-03 00:00:00+00:00, run_after=2024-04-04 00:00:00+00:00
[2024-04-04T21:47:07.200+0000] {processor.py:183} INFO - Processing /home/airflow/.local/lib/python3.8/site-packages/airflow/example_dags/example_task_group_decorator.py took 0.090 seconds
[2024-04-04T21:47:37.478+0000] {processor.py:161} INFO - Started process (PID=1228) to work on /home/airflow/.local/lib/python3.8/site-packages/airflow/example_dags/example_task_group_decorator.py
[2024-04-04T21:47:37.479+0000] {processor.py:830} INFO - Processing file /home/airflow/.local/lib/python3.8/site-packages/airflow/example_dags/example_task_group_decorator.py for tasks to queue
[2024-04-04T21:47:37.481+0000] {logging_mixin.py:188} INFO - [2024-04-04T21:47:37.480+0000] {dagbag.py:540} INFO - Filling up the DagBag from /home/airflow/.local/lib/python3.8/site-packages/airflow/example_dags/example_task_group_decorator.py
[2024-04-04T21:47:37.492+0000] {processor.py:840} INFO - DAG(s) 'example_task_group_decorator' retrieved from /home/airflow/.local/lib/python3.8/site-packages/airflow/example_dags/example_task_group_decorator.py
[2024-04-04T21:47:37.517+0000] {logging_mixin.py:188} INFO - [2024-04-04T21:47:37.517+0000] {dag.py:3047} INFO - Sync 1 DAGs
[2024-04-04T21:47:37.538+0000] {logging_mixin.py:188} INFO - [2024-04-04T21:47:37.538+0000] {dag.py:3834} INFO - Setting next_dagrun for example_task_group_decorator to 2024-04-03 00:00:00+00:00, run_after=2024-04-04 00:00:00+00:00
[2024-04-04T21:47:37.555+0000] {processor.py:183} INFO - Processing /home/airflow/.local/lib/python3.8/site-packages/airflow/example_dags/example_task_group_decorator.py took 0.079 seconds
[2024-04-04T21:48:08.095+0000] {processor.py:161} INFO - Started process (PID=1283) to work on /home/airflow/.local/lib/python3.8/site-packages/airflow/example_dags/example_task_group_decorator.py
[2024-04-04T21:48:08.100+0000] {processor.py:830} INFO - Processing file /home/airflow/.local/lib/python3.8/site-packages/airflow/example_dags/example_task_group_decorator.py for tasks to queue
[2024-04-04T21:48:08.101+0000] {logging_mixin.py:188} INFO - [2024-04-04T21:48:08.101+0000] {dagbag.py:540} INFO - Filling up the DagBag from /home/airflow/.local/lib/python3.8/site-packages/airflow/example_dags/example_task_group_decorator.py
[2024-04-04T21:48:08.112+0000] {processor.py:840} INFO - DAG(s) 'example_task_group_decorator' retrieved from /home/airflow/.local/lib/python3.8/site-packages/airflow/example_dags/example_task_group_decorator.py
[2024-04-04T21:48:08.130+0000] {logging_mixin.py:188} INFO - [2024-04-04T21:48:08.130+0000] {dag.py:3047} INFO - Sync 1 DAGs
[2024-04-04T21:48:08.145+0000] {logging_mixin.py:188} INFO - [2024-04-04T21:48:08.145+0000] {dag.py:3834} INFO - Setting next_dagrun for example_task_group_decorator to 2024-04-03 00:00:00+00:00, run_after=2024-04-04 00:00:00+00:00
[2024-04-04T21:48:08.159+0000] {processor.py:183} INFO - Processing /home/airflow/.local/lib/python3.8/site-packages/airflow/example_dags/example_task_group_decorator.py took 0.066 seconds
[2024-04-04T21:48:39.111+0000] {processor.py:161} INFO - Started process (PID=1338) to work on /home/airflow/.local/lib/python3.8/site-packages/airflow/example_dags/example_task_group_decorator.py
[2024-04-04T21:48:39.111+0000] {processor.py:830} INFO - Processing file /home/airflow/.local/lib/python3.8/site-packages/airflow/example_dags/example_task_group_decorator.py for tasks to queue
[2024-04-04T21:48:39.112+0000] {logging_mixin.py:188} INFO - [2024-04-04T21:48:39.112+0000] {dagbag.py:540} INFO - Filling up the DagBag from /home/airflow/.local/lib/python3.8/site-packages/airflow/example_dags/example_task_group_decorator.py
[2024-04-04T21:48:39.123+0000] {processor.py:840} INFO - DAG(s) 'example_task_group_decorator' retrieved from /home/airflow/.local/lib/python3.8/site-packages/airflow/example_dags/example_task_group_decorator.py
[2024-04-04T21:48:39.141+0000] {logging_mixin.py:188} INFO - [2024-04-04T21:48:39.141+0000] {dag.py:3047} INFO - Sync 1 DAGs
[2024-04-04T21:48:39.157+0000] {logging_mixin.py:188} INFO - [2024-04-04T21:48:39.157+0000] {dag.py:3834} INFO - Setting next_dagrun for example_task_group_decorator to 2024-04-03 00:00:00+00:00, run_after=2024-04-04 00:00:00+00:00
[2024-04-04T21:48:39.171+0000] {processor.py:183} INFO - Processing /home/airflow/.local/lib/python3.8/site-packages/airflow/example_dags/example_task_group_decorator.py took 0.063 seconds
[2024-04-04T21:49:09.526+0000] {processor.py:161} INFO - Started process (PID=1393) to work on /home/airflow/.local/lib/python3.8/site-packages/airflow/example_dags/example_task_group_decorator.py
[2024-04-04T21:49:09.527+0000] {processor.py:830} INFO - Processing file /home/airflow/.local/lib/python3.8/site-packages/airflow/example_dags/example_task_group_decorator.py for tasks to queue
[2024-04-04T21:49:09.528+0000] {logging_mixin.py:188} INFO - [2024-04-04T21:49:09.528+0000] {dagbag.py:540} INFO - Filling up the DagBag from /home/airflow/.local/lib/python3.8/site-packages/airflow/example_dags/example_task_group_decorator.py
[2024-04-04T21:49:09.540+0000] {processor.py:840} INFO - DAG(s) 'example_task_group_decorator' retrieved from /home/airflow/.local/lib/python3.8/site-packages/airflow/example_dags/example_task_group_decorator.py
[2024-04-04T21:49:09.562+0000] {logging_mixin.py:188} INFO - [2024-04-04T21:49:09.561+0000] {dag.py:3047} INFO - Sync 1 DAGs
[2024-04-04T21:49:09.580+0000] {logging_mixin.py:188} INFO - [2024-04-04T21:49:09.580+0000] {dag.py:3834} INFO - Setting next_dagrun for example_task_group_decorator to 2024-04-03 00:00:00+00:00, run_after=2024-04-04 00:00:00+00:00
[2024-04-04T21:49:09.600+0000] {processor.py:183} INFO - Processing /home/airflow/.local/lib/python3.8/site-packages/airflow/example_dags/example_task_group_decorator.py took 0.077 seconds
[2024-04-04T21:49:39.986+0000] {processor.py:161} INFO - Started process (PID=1448) to work on /home/airflow/.local/lib/python3.8/site-packages/airflow/example_dags/example_task_group_decorator.py
[2024-04-04T21:49:39.987+0000] {processor.py:830} INFO - Processing file /home/airflow/.local/lib/python3.8/site-packages/airflow/example_dags/example_task_group_decorator.py for tasks to queue
[2024-04-04T21:49:39.988+0000] {logging_mixin.py:188} INFO - [2024-04-04T21:49:39.988+0000] {dagbag.py:540} INFO - Filling up the DagBag from /home/airflow/.local/lib/python3.8/site-packages/airflow/example_dags/example_task_group_decorator.py
[2024-04-04T21:49:39.999+0000] {processor.py:840} INFO - DAG(s) 'example_task_group_decorator' retrieved from /home/airflow/.local/lib/python3.8/site-packages/airflow/example_dags/example_task_group_decorator.py
[2024-04-04T21:49:40.018+0000] {logging_mixin.py:188} INFO - [2024-04-04T21:49:40.017+0000] {dag.py:3047} INFO - Sync 1 DAGs
[2024-04-04T21:49:40.034+0000] {logging_mixin.py:188} INFO - [2024-04-04T21:49:40.034+0000] {dag.py:3834} INFO - Setting next_dagrun for example_task_group_decorator to 2024-04-03 00:00:00+00:00, run_after=2024-04-04 00:00:00+00:00
[2024-04-04T21:49:40.050+0000] {processor.py:183} INFO - Processing /home/airflow/.local/lib/python3.8/site-packages/airflow/example_dags/example_task_group_decorator.py took 0.066 seconds
[2024-04-04T21:50:10.347+0000] {processor.py:161} INFO - Started process (PID=1503) to work on /home/airflow/.local/lib/python3.8/site-packages/airflow/example_dags/example_task_group_decorator.py
[2024-04-04T21:50:10.348+0000] {processor.py:830} INFO - Processing file /home/airflow/.local/lib/python3.8/site-packages/airflow/example_dags/example_task_group_decorator.py for tasks to queue
[2024-04-04T21:50:10.350+0000] {logging_mixin.py:188} INFO - [2024-04-04T21:50:10.349+0000] {dagbag.py:540} INFO - Filling up the DagBag from /home/airflow/.local/lib/python3.8/site-packages/airflow/example_dags/example_task_group_decorator.py
[2024-04-04T21:50:10.368+0000] {processor.py:840} INFO - DAG(s) 'example_task_group_decorator' retrieved from /home/airflow/.local/lib/python3.8/site-packages/airflow/example_dags/example_task_group_decorator.py
[2024-04-04T21:50:10.390+0000] {logging_mixin.py:188} INFO - [2024-04-04T21:50:10.389+0000] {dag.py:3047} INFO - Sync 1 DAGs
[2024-04-04T21:50:10.407+0000] {logging_mixin.py:188} INFO - [2024-04-04T21:50:10.407+0000] {dag.py:3834} INFO - Setting next_dagrun for example_task_group_decorator to 2024-04-03 00:00:00+00:00, run_after=2024-04-04 00:00:00+00:00
[2024-04-04T21:50:10.427+0000] {processor.py:183} INFO - Processing /home/airflow/.local/lib/python3.8/site-packages/airflow/example_dags/example_task_group_decorator.py took 0.083 seconds
[2024-04-04T21:50:40.853+0000] {processor.py:161} INFO - Started process (PID=1558) to work on /home/airflow/.local/lib/python3.8/site-packages/airflow/example_dags/example_task_group_decorator.py
[2024-04-04T21:50:40.854+0000] {processor.py:830} INFO - Processing file /home/airflow/.local/lib/python3.8/site-packages/airflow/example_dags/example_task_group_decorator.py for tasks to queue
[2024-04-04T21:50:40.856+0000] {logging_mixin.py:188} INFO - [2024-04-04T21:50:40.856+0000] {dagbag.py:540} INFO - Filling up the DagBag from /home/airflow/.local/lib/python3.8/site-packages/airflow/example_dags/example_task_group_decorator.py
[2024-04-04T21:50:40.869+0000] {processor.py:840} INFO - DAG(s) 'example_task_group_decorator' retrieved from /home/airflow/.local/lib/python3.8/site-packages/airflow/example_dags/example_task_group_decorator.py
[2024-04-04T21:50:40.890+0000] {logging_mixin.py:188} INFO - [2024-04-04T21:50:40.890+0000] {dag.py:3047} INFO - Sync 1 DAGs
[2024-04-04T21:50:40.911+0000] {logging_mixin.py:188} INFO - [2024-04-04T21:50:40.910+0000] {dag.py:3834} INFO - Setting next_dagrun for example_task_group_decorator to 2024-04-03 00:00:00+00:00, run_after=2024-04-04 00:00:00+00:00
[2024-04-04T21:50:40.928+0000] {processor.py:183} INFO - Processing /home/airflow/.local/lib/python3.8/site-packages/airflow/example_dags/example_task_group_decorator.py took 0.078 seconds
[2024-04-04T21:51:11.332+0000] {processor.py:161} INFO - Started process (PID=1613) to work on /home/airflow/.local/lib/python3.8/site-packages/airflow/example_dags/example_task_group_decorator.py
[2024-04-04T21:51:11.333+0000] {processor.py:830} INFO - Processing file /home/airflow/.local/lib/python3.8/site-packages/airflow/example_dags/example_task_group_decorator.py for tasks to queue
[2024-04-04T21:51:11.334+0000] {logging_mixin.py:188} INFO - [2024-04-04T21:51:11.334+0000] {dagbag.py:540} INFO - Filling up the DagBag from /home/airflow/.local/lib/python3.8/site-packages/airflow/example_dags/example_task_group_decorator.py
[2024-04-04T21:51:11.351+0000] {processor.py:840} INFO - DAG(s) 'example_task_group_decorator' retrieved from /home/airflow/.local/lib/python3.8/site-packages/airflow/example_dags/example_task_group_decorator.py
[2024-04-04T21:51:11.374+0000] {logging_mixin.py:188} INFO - [2024-04-04T21:51:11.374+0000] {dag.py:3047} INFO - Sync 1 DAGs
[2024-04-04T21:51:11.395+0000] {logging_mixin.py:188} INFO - [2024-04-04T21:51:11.395+0000] {dag.py:3834} INFO - Setting next_dagrun for example_task_group_decorator to 2024-04-03 00:00:00+00:00, run_after=2024-04-04 00:00:00+00:00
[2024-04-04T21:51:11.412+0000] {processor.py:183} INFO - Processing /home/airflow/.local/lib/python3.8/site-packages/airflow/example_dags/example_task_group_decorator.py took 0.082 seconds
[2024-04-04T21:51:41.690+0000] {processor.py:161} INFO - Started process (PID=1668) to work on /home/airflow/.local/lib/python3.8/site-packages/airflow/example_dags/example_task_group_decorator.py
[2024-04-04T21:51:41.690+0000] {processor.py:830} INFO - Processing file /home/airflow/.local/lib/python3.8/site-packages/airflow/example_dags/example_task_group_decorator.py for tasks to queue
[2024-04-04T21:51:41.691+0000] {logging_mixin.py:188} INFO - [2024-04-04T21:51:41.691+0000] {dagbag.py:540} INFO - Filling up the DagBag from /home/airflow/.local/lib/python3.8/site-packages/airflow/example_dags/example_task_group_decorator.py
[2024-04-04T21:51:41.702+0000] {processor.py:840} INFO - DAG(s) 'example_task_group_decorator' retrieved from /home/airflow/.local/lib/python3.8/site-packages/airflow/example_dags/example_task_group_decorator.py
[2024-04-04T21:51:41.721+0000] {logging_mixin.py:188} INFO - [2024-04-04T21:51:41.721+0000] {dag.py:3047} INFO - Sync 1 DAGs
[2024-04-04T21:51:41.738+0000] {logging_mixin.py:188} INFO - [2024-04-04T21:51:41.738+0000] {dag.py:3834} INFO - Setting next_dagrun for example_task_group_decorator to 2024-04-03 00:00:00+00:00, run_after=2024-04-04 00:00:00+00:00
[2024-04-04T21:51:41.755+0000] {processor.py:183} INFO - Processing /home/airflow/.local/lib/python3.8/site-packages/airflow/example_dags/example_task_group_decorator.py took 0.067 seconds
[2024-04-04T21:52:11.800+0000] {processor.py:161} INFO - Started process (PID=1723) to work on /home/airflow/.local/lib/python3.8/site-packages/airflow/example_dags/example_task_group_decorator.py
[2024-04-04T21:52:11.801+0000] {processor.py:830} INFO - Processing file /home/airflow/.local/lib/python3.8/site-packages/airflow/example_dags/example_task_group_decorator.py for tasks to queue
[2024-04-04T21:52:11.802+0000] {logging_mixin.py:188} INFO - [2024-04-04T21:52:11.802+0000] {dagbag.py:540} INFO - Filling up the DagBag from /home/airflow/.local/lib/python3.8/site-packages/airflow/example_dags/example_task_group_decorator.py
[2024-04-04T21:52:11.813+0000] {processor.py:840} INFO - DAG(s) 'example_task_group_decorator' retrieved from /home/airflow/.local/lib/python3.8/site-packages/airflow/example_dags/example_task_group_decorator.py
[2024-04-04T21:52:11.832+0000] {logging_mixin.py:188} INFO - [2024-04-04T21:52:11.831+0000] {dag.py:3047} INFO - Sync 1 DAGs
[2024-04-04T21:52:11.848+0000] {logging_mixin.py:188} INFO - [2024-04-04T21:52:11.847+0000] {dag.py:3834} INFO - Setting next_dagrun for example_task_group_decorator to 2024-04-03 00:00:00+00:00, run_after=2024-04-04 00:00:00+00:00
[2024-04-04T21:52:11.861+0000] {processor.py:183} INFO - Processing /home/airflow/.local/lib/python3.8/site-packages/airflow/example_dags/example_task_group_decorator.py took 0.063 seconds
[2024-04-04T21:52:42.225+0000] {processor.py:161} INFO - Started process (PID=1778) to work on /home/airflow/.local/lib/python3.8/site-packages/airflow/example_dags/example_task_group_decorator.py
[2024-04-04T21:52:42.226+0000] {processor.py:830} INFO - Processing file /home/airflow/.local/lib/python3.8/site-packages/airflow/example_dags/example_task_group_decorator.py for tasks to queue
[2024-04-04T21:52:42.228+0000] {logging_mixin.py:188} INFO - [2024-04-04T21:52:42.227+0000] {dagbag.py:540} INFO - Filling up the DagBag from /home/airflow/.local/lib/python3.8/site-packages/airflow/example_dags/example_task_group_decorator.py
[2024-04-04T21:52:42.239+0000] {processor.py:840} INFO - DAG(s) 'example_task_group_decorator' retrieved from /home/airflow/.local/lib/python3.8/site-packages/airflow/example_dags/example_task_group_decorator.py
[2024-04-04T21:52:42.260+0000] {logging_mixin.py:188} INFO - [2024-04-04T21:52:42.260+0000] {dag.py:3047} INFO - Sync 1 DAGs
[2024-04-04T21:52:42.277+0000] {logging_mixin.py:188} INFO - [2024-04-04T21:52:42.277+0000] {dag.py:3834} INFO - Setting next_dagrun for example_task_group_decorator to 2024-04-03 00:00:00+00:00, run_after=2024-04-04 00:00:00+00:00
[2024-04-04T21:52:42.291+0000] {processor.py:183} INFO - Processing /home/airflow/.local/lib/python3.8/site-packages/airflow/example_dags/example_task_group_decorator.py took 0.068 seconds
[2024-04-04T21:53:12.470+0000] {processor.py:161} INFO - Started process (PID=1833) to work on /home/airflow/.local/lib/python3.8/site-packages/airflow/example_dags/example_task_group_decorator.py
[2024-04-04T21:53:12.471+0000] {processor.py:830} INFO - Processing file /home/airflow/.local/lib/python3.8/site-packages/airflow/example_dags/example_task_group_decorator.py for tasks to queue
[2024-04-04T21:53:12.473+0000] {logging_mixin.py:188} INFO - [2024-04-04T21:53:12.472+0000] {dagbag.py:540} INFO - Filling up the DagBag from /home/airflow/.local/lib/python3.8/site-packages/airflow/example_dags/example_task_group_decorator.py
[2024-04-04T21:53:12.488+0000] {processor.py:840} INFO - DAG(s) 'example_task_group_decorator' retrieved from /home/airflow/.local/lib/python3.8/site-packages/airflow/example_dags/example_task_group_decorator.py
[2024-04-04T21:53:12.508+0000] {logging_mixin.py:188} INFO - [2024-04-04T21:53:12.508+0000] {dag.py:3047} INFO - Sync 1 DAGs
[2024-04-04T21:53:12.530+0000] {logging_mixin.py:188} INFO - [2024-04-04T21:53:12.530+0000] {dag.py:3834} INFO - Setting next_dagrun for example_task_group_decorator to 2024-04-03 00:00:00+00:00, run_after=2024-04-04 00:00:00+00:00
[2024-04-04T21:53:12.551+0000] {processor.py:183} INFO - Processing /home/airflow/.local/lib/python3.8/site-packages/airflow/example_dags/example_task_group_decorator.py took 0.083 seconds
[2024-04-04T21:53:42.695+0000] {processor.py:161} INFO - Started process (PID=1888) to work on /home/airflow/.local/lib/python3.8/site-packages/airflow/example_dags/example_task_group_decorator.py
[2024-04-04T21:53:42.696+0000] {processor.py:830} INFO - Processing file /home/airflow/.local/lib/python3.8/site-packages/airflow/example_dags/example_task_group_decorator.py for tasks to queue
[2024-04-04T21:53:42.697+0000] {logging_mixin.py:188} INFO - [2024-04-04T21:53:42.697+0000] {dagbag.py:540} INFO - Filling up the DagBag from /home/airflow/.local/lib/python3.8/site-packages/airflow/example_dags/example_task_group_decorator.py
[2024-04-04T21:53:42.708+0000] {processor.py:840} INFO - DAG(s) 'example_task_group_decorator' retrieved from /home/airflow/.local/lib/python3.8/site-packages/airflow/example_dags/example_task_group_decorator.py
[2024-04-04T21:53:42.726+0000] {logging_mixin.py:188} INFO - [2024-04-04T21:53:42.725+0000] {dag.py:3047} INFO - Sync 1 DAGs
[2024-04-04T21:53:42.741+0000] {logging_mixin.py:188} INFO - [2024-04-04T21:53:42.741+0000] {dag.py:3834} INFO - Setting next_dagrun for example_task_group_decorator to 2024-04-03 00:00:00+00:00, run_after=2024-04-04 00:00:00+00:00
[2024-04-04T21:53:42.754+0000] {processor.py:183} INFO - Processing /home/airflow/.local/lib/python3.8/site-packages/airflow/example_dags/example_task_group_decorator.py took 0.061 seconds
[2024-04-04T21:54:12.784+0000] {processor.py:161} INFO - Started process (PID=1943) to work on /home/airflow/.local/lib/python3.8/site-packages/airflow/example_dags/example_task_group_decorator.py
[2024-04-04T21:54:12.785+0000] {processor.py:830} INFO - Processing file /home/airflow/.local/lib/python3.8/site-packages/airflow/example_dags/example_task_group_decorator.py for tasks to queue
[2024-04-04T21:54:12.786+0000] {logging_mixin.py:188} INFO - [2024-04-04T21:54:12.786+0000] {dagbag.py:540} INFO - Filling up the DagBag from /home/airflow/.local/lib/python3.8/site-packages/airflow/example_dags/example_task_group_decorator.py
[2024-04-04T21:54:12.796+0000] {processor.py:840} INFO - DAG(s) 'example_task_group_decorator' retrieved from /home/airflow/.local/lib/python3.8/site-packages/airflow/example_dags/example_task_group_decorator.py
[2024-04-04T21:54:12.814+0000] {logging_mixin.py:188} INFO - [2024-04-04T21:54:12.814+0000] {dag.py:3047} INFO - Sync 1 DAGs
[2024-04-04T21:54:12.830+0000] {logging_mixin.py:188} INFO - [2024-04-04T21:54:12.830+0000] {dag.py:3834} INFO - Setting next_dagrun for example_task_group_decorator to 2024-04-03 00:00:00+00:00, run_after=2024-04-04 00:00:00+00:00
[2024-04-04T21:54:12.843+0000] {processor.py:183} INFO - Processing /home/airflow/.local/lib/python3.8/site-packages/airflow/example_dags/example_task_group_decorator.py took 0.061 seconds
[2024-04-04T21:54:43.188+0000] {processor.py:161} INFO - Started process (PID=1998) to work on /home/airflow/.local/lib/python3.8/site-packages/airflow/example_dags/example_task_group_decorator.py
[2024-04-04T21:54:43.189+0000] {processor.py:830} INFO - Processing file /home/airflow/.local/lib/python3.8/site-packages/airflow/example_dags/example_task_group_decorator.py for tasks to queue
[2024-04-04T21:54:43.190+0000] {logging_mixin.py:188} INFO - [2024-04-04T21:54:43.190+0000] {dagbag.py:540} INFO - Filling up the DagBag from /home/airflow/.local/lib/python3.8/site-packages/airflow/example_dags/example_task_group_decorator.py
[2024-04-04T21:54:43.202+0000] {processor.py:840} INFO - DAG(s) 'example_task_group_decorator' retrieved from /home/airflow/.local/lib/python3.8/site-packages/airflow/example_dags/example_task_group_decorator.py
[2024-04-04T21:54:43.220+0000] {logging_mixin.py:188} INFO - [2024-04-04T21:54:43.220+0000] {dag.py:3047} INFO - Sync 1 DAGs
[2024-04-04T21:54:43.236+0000] {logging_mixin.py:188} INFO - [2024-04-04T21:54:43.236+0000] {dag.py:3834} INFO - Setting next_dagrun for example_task_group_decorator to 2024-04-03 00:00:00+00:00, run_after=2024-04-04 00:00:00+00:00
[2024-04-04T21:54:43.249+0000] {processor.py:183} INFO - Processing /home/airflow/.local/lib/python3.8/site-packages/airflow/example_dags/example_task_group_decorator.py took 0.063 seconds
[2024-04-04T21:55:13.302+0000] {processor.py:161} INFO - Started process (PID=2053) to work on /home/airflow/.local/lib/python3.8/site-packages/airflow/example_dags/example_task_group_decorator.py
[2024-04-04T21:55:13.303+0000] {processor.py:830} INFO - Processing file /home/airflow/.local/lib/python3.8/site-packages/airflow/example_dags/example_task_group_decorator.py for tasks to queue
[2024-04-04T21:55:13.304+0000] {logging_mixin.py:188} INFO - [2024-04-04T21:55:13.304+0000] {dagbag.py:540} INFO - Filling up the DagBag from /home/airflow/.local/lib/python3.8/site-packages/airflow/example_dags/example_task_group_decorator.py
[2024-04-04T21:55:13.318+0000] {processor.py:840} INFO - DAG(s) 'example_task_group_decorator' retrieved from /home/airflow/.local/lib/python3.8/site-packages/airflow/example_dags/example_task_group_decorator.py
[2024-04-04T21:55:13.342+0000] {logging_mixin.py:188} INFO - [2024-04-04T21:55:13.342+0000] {dag.py:3047} INFO - Sync 1 DAGs
[2024-04-04T21:55:13.363+0000] {logging_mixin.py:188} INFO - [2024-04-04T21:55:13.363+0000] {dag.py:3834} INFO - Setting next_dagrun for example_task_group_decorator to 2024-04-03 00:00:00+00:00, run_after=2024-04-04 00:00:00+00:00
[2024-04-04T21:55:13.381+0000] {processor.py:183} INFO - Processing /home/airflow/.local/lib/python3.8/site-packages/airflow/example_dags/example_task_group_decorator.py took 0.081 seconds
[2024-04-04T21:55:43.648+0000] {processor.py:161} INFO - Started process (PID=2108) to work on /home/airflow/.local/lib/python3.8/site-packages/airflow/example_dags/example_task_group_decorator.py
[2024-04-04T21:55:43.649+0000] {processor.py:830} INFO - Processing file /home/airflow/.local/lib/python3.8/site-packages/airflow/example_dags/example_task_group_decorator.py for tasks to queue
[2024-04-04T21:55:43.651+0000] {logging_mixin.py:188} INFO - [2024-04-04T21:55:43.650+0000] {dagbag.py:540} INFO - Filling up the DagBag from /home/airflow/.local/lib/python3.8/site-packages/airflow/example_dags/example_task_group_decorator.py
[2024-04-04T21:55:43.662+0000] {processor.py:840} INFO - DAG(s) 'example_task_group_decorator' retrieved from /home/airflow/.local/lib/python3.8/site-packages/airflow/example_dags/example_task_group_decorator.py
[2024-04-04T21:55:43.681+0000] {logging_mixin.py:188} INFO - [2024-04-04T21:55:43.681+0000] {dag.py:3047} INFO - Sync 1 DAGs
[2024-04-04T21:55:43.697+0000] {logging_mixin.py:188} INFO - [2024-04-04T21:55:43.697+0000] {dag.py:3834} INFO - Setting next_dagrun for example_task_group_decorator to 2024-04-03 00:00:00+00:00, run_after=2024-04-04 00:00:00+00:00
[2024-04-04T21:55:43.712+0000] {processor.py:183} INFO - Processing /home/airflow/.local/lib/python3.8/site-packages/airflow/example_dags/example_task_group_decorator.py took 0.066 seconds
[2024-04-04T21:56:13.945+0000] {processor.py:161} INFO - Started process (PID=2163) to work on /home/airflow/.local/lib/python3.8/site-packages/airflow/example_dags/example_task_group_decorator.py
[2024-04-04T21:56:13.946+0000] {processor.py:830} INFO - Processing file /home/airflow/.local/lib/python3.8/site-packages/airflow/example_dags/example_task_group_decorator.py for tasks to queue
[2024-04-04T21:56:13.948+0000] {logging_mixin.py:188} INFO - [2024-04-04T21:56:13.947+0000] {dagbag.py:540} INFO - Filling up the DagBag from /home/airflow/.local/lib/python3.8/site-packages/airflow/example_dags/example_task_group_decorator.py
[2024-04-04T21:56:13.958+0000] {processor.py:840} INFO - DAG(s) 'example_task_group_decorator' retrieved from /home/airflow/.local/lib/python3.8/site-packages/airflow/example_dags/example_task_group_decorator.py
[2024-04-04T21:56:13.976+0000] {logging_mixin.py:188} INFO - [2024-04-04T21:56:13.976+0000] {dag.py:3047} INFO - Sync 1 DAGs
[2024-04-04T21:56:13.993+0000] {logging_mixin.py:188} INFO - [2024-04-04T21:56:13.992+0000] {dag.py:3834} INFO - Setting next_dagrun for example_task_group_decorator to 2024-04-03 00:00:00+00:00, run_after=2024-04-04 00:00:00+00:00
[2024-04-04T21:56:14.005+0000] {processor.py:183} INFO - Processing /home/airflow/.local/lib/python3.8/site-packages/airflow/example_dags/example_task_group_decorator.py took 0.062 seconds
[2024-04-04T21:56:44.098+0000] {processor.py:161} INFO - Started process (PID=2218) to work on /home/airflow/.local/lib/python3.8/site-packages/airflow/example_dags/example_task_group_decorator.py
[2024-04-04T21:56:44.099+0000] {processor.py:830} INFO - Processing file /home/airflow/.local/lib/python3.8/site-packages/airflow/example_dags/example_task_group_decorator.py for tasks to queue
[2024-04-04T21:56:44.100+0000] {logging_mixin.py:188} INFO - [2024-04-04T21:56:44.100+0000] {dagbag.py:540} INFO - Filling up the DagBag from /home/airflow/.local/lib/python3.8/site-packages/airflow/example_dags/example_task_group_decorator.py
[2024-04-04T21:56:44.111+0000] {processor.py:840} INFO - DAG(s) 'example_task_group_decorator' retrieved from /home/airflow/.local/lib/python3.8/site-packages/airflow/example_dags/example_task_group_decorator.py
[2024-04-04T21:56:44.131+0000] {logging_mixin.py:188} INFO - [2024-04-04T21:56:44.131+0000] {dag.py:3047} INFO - Sync 1 DAGs
[2024-04-04T21:56:44.148+0000] {logging_mixin.py:188} INFO - [2024-04-04T21:56:44.148+0000] {dag.py:3834} INFO - Setting next_dagrun for example_task_group_decorator to 2024-04-03 00:00:00+00:00, run_after=2024-04-04 00:00:00+00:00
[2024-04-04T21:56:44.163+0000] {processor.py:183} INFO - Processing /home/airflow/.local/lib/python3.8/site-packages/airflow/example_dags/example_task_group_decorator.py took 0.067 seconds
[2024-04-04T21:57:14.322+0000] {processor.py:161} INFO - Started process (PID=2273) to work on /home/airflow/.local/lib/python3.8/site-packages/airflow/example_dags/example_task_group_decorator.py
[2024-04-04T21:57:14.324+0000] {processor.py:830} INFO - Processing file /home/airflow/.local/lib/python3.8/site-packages/airflow/example_dags/example_task_group_decorator.py for tasks to queue
[2024-04-04T21:57:14.325+0000] {logging_mixin.py:188} INFO - [2024-04-04T21:57:14.325+0000] {dagbag.py:540} INFO - Filling up the DagBag from /home/airflow/.local/lib/python3.8/site-packages/airflow/example_dags/example_task_group_decorator.py
[2024-04-04T21:57:14.337+0000] {processor.py:840} INFO - DAG(s) 'example_task_group_decorator' retrieved from /home/airflow/.local/lib/python3.8/site-packages/airflow/example_dags/example_task_group_decorator.py
[2024-04-04T21:57:14.360+0000] {logging_mixin.py:188} INFO - [2024-04-04T21:57:14.360+0000] {dag.py:3047} INFO - Sync 1 DAGs
[2024-04-04T21:57:14.379+0000] {logging_mixin.py:188} INFO - [2024-04-04T21:57:14.379+0000] {dag.py:3834} INFO - Setting next_dagrun for example_task_group_decorator to 2024-04-03 00:00:00+00:00, run_after=2024-04-04 00:00:00+00:00
[2024-04-04T21:57:14.393+0000] {processor.py:183} INFO - Processing /home/airflow/.local/lib/python3.8/site-packages/airflow/example_dags/example_task_group_decorator.py took 0.073 seconds
[2024-04-04T21:57:44.729+0000] {processor.py:161} INFO - Started process (PID=2328) to work on /home/airflow/.local/lib/python3.8/site-packages/airflow/example_dags/example_task_group_decorator.py
[2024-04-04T21:57:44.730+0000] {processor.py:830} INFO - Processing file /home/airflow/.local/lib/python3.8/site-packages/airflow/example_dags/example_task_group_decorator.py for tasks to queue
[2024-04-04T21:57:44.731+0000] {logging_mixin.py:188} INFO - [2024-04-04T21:57:44.731+0000] {dagbag.py:540} INFO - Filling up the DagBag from /home/airflow/.local/lib/python3.8/site-packages/airflow/example_dags/example_task_group_decorator.py
[2024-04-04T21:57:44.743+0000] {processor.py:840} INFO - DAG(s) 'example_task_group_decorator' retrieved from /home/airflow/.local/lib/python3.8/site-packages/airflow/example_dags/example_task_group_decorator.py
[2024-04-04T21:57:44.762+0000] {logging_mixin.py:188} INFO - [2024-04-04T21:57:44.762+0000] {dag.py:3047} INFO - Sync 1 DAGs
[2024-04-04T21:57:44.780+0000] {logging_mixin.py:188} INFO - [2024-04-04T21:57:44.780+0000] {dag.py:3834} INFO - Setting next_dagrun for example_task_group_decorator to 2024-04-03 00:00:00+00:00, run_after=2024-04-04 00:00:00+00:00
[2024-04-04T21:57:44.797+0000] {processor.py:183} INFO - Processing /home/airflow/.local/lib/python3.8/site-packages/airflow/example_dags/example_task_group_decorator.py took 0.070 seconds
[2024-04-04T21:58:15.792+0000] {processor.py:161} INFO - Started process (PID=2383) to work on /home/airflow/.local/lib/python3.8/site-packages/airflow/example_dags/example_task_group_decorator.py
[2024-04-04T21:58:15.793+0000] {processor.py:830} INFO - Processing file /home/airflow/.local/lib/python3.8/site-packages/airflow/example_dags/example_task_group_decorator.py for tasks to queue
[2024-04-04T21:58:15.794+0000] {logging_mixin.py:188} INFO - [2024-04-04T21:58:15.794+0000] {dagbag.py:540} INFO - Filling up the DagBag from /home/airflow/.local/lib/python3.8/site-packages/airflow/example_dags/example_task_group_decorator.py
[2024-04-04T21:58:15.805+0000] {processor.py:840} INFO - DAG(s) 'example_task_group_decorator' retrieved from /home/airflow/.local/lib/python3.8/site-packages/airflow/example_dags/example_task_group_decorator.py
[2024-04-04T21:58:15.826+0000] {logging_mixin.py:188} INFO - [2024-04-04T21:58:15.826+0000] {dag.py:3047} INFO - Sync 1 DAGs
[2024-04-04T21:58:15.844+0000] {logging_mixin.py:188} INFO - [2024-04-04T21:58:15.844+0000] {dag.py:3834} INFO - Setting next_dagrun for example_task_group_decorator to 2024-04-03 00:00:00+00:00, run_after=2024-04-04 00:00:00+00:00
[2024-04-04T21:58:15.859+0000] {processor.py:183} INFO - Processing /home/airflow/.local/lib/python3.8/site-packages/airflow/example_dags/example_task_group_decorator.py took 0.069 seconds
[2024-04-04T21:58:46.645+0000] {processor.py:161} INFO - Started process (PID=2438) to work on /home/airflow/.local/lib/python3.8/site-packages/airflow/example_dags/example_task_group_decorator.py
[2024-04-04T21:58:46.646+0000] {processor.py:830} INFO - Processing file /home/airflow/.local/lib/python3.8/site-packages/airflow/example_dags/example_task_group_decorator.py for tasks to queue
[2024-04-04T21:58:46.649+0000] {logging_mixin.py:188} INFO - [2024-04-04T21:58:46.648+0000] {dagbag.py:540} INFO - Filling up the DagBag from /home/airflow/.local/lib/python3.8/site-packages/airflow/example_dags/example_task_group_decorator.py
[2024-04-04T21:58:46.663+0000] {processor.py:840} INFO - DAG(s) 'example_task_group_decorator' retrieved from /home/airflow/.local/lib/python3.8/site-packages/airflow/example_dags/example_task_group_decorator.py
[2024-04-04T21:58:46.687+0000] {logging_mixin.py:188} INFO - [2024-04-04T21:58:46.687+0000] {dag.py:3047} INFO - Sync 1 DAGs
[2024-04-04T21:58:46.708+0000] {logging_mixin.py:188} INFO - [2024-04-04T21:58:46.707+0000] {dag.py:3834} INFO - Setting next_dagrun for example_task_group_decorator to 2024-04-03 00:00:00+00:00, run_after=2024-04-04 00:00:00+00:00
[2024-04-04T21:58:46.725+0000] {processor.py:183} INFO - Processing /home/airflow/.local/lib/python3.8/site-packages/airflow/example_dags/example_task_group_decorator.py took 0.082 seconds
[2024-04-04T21:59:17.298+0000] {processor.py:161} INFO - Started process (PID=2493) to work on /home/airflow/.local/lib/python3.8/site-packages/airflow/example_dags/example_task_group_decorator.py
[2024-04-04T21:59:17.301+0000] {processor.py:830} INFO - Processing file /home/airflow/.local/lib/python3.8/site-packages/airflow/example_dags/example_task_group_decorator.py for tasks to queue
[2024-04-04T21:59:17.306+0000] {logging_mixin.py:188} INFO - [2024-04-04T21:59:17.305+0000] {dagbag.py:540} INFO - Filling up the DagBag from /home/airflow/.local/lib/python3.8/site-packages/airflow/example_dags/example_task_group_decorator.py
[2024-04-04T21:59:17.338+0000] {processor.py:840} INFO - DAG(s) 'example_task_group_decorator' retrieved from /home/airflow/.local/lib/python3.8/site-packages/airflow/example_dags/example_task_group_decorator.py
[2024-04-04T21:59:17.383+0000] {logging_mixin.py:188} INFO - [2024-04-04T21:59:17.383+0000] {dag.py:3047} INFO - Sync 1 DAGs
[2024-04-04T21:59:17.427+0000] {logging_mixin.py:188} INFO - [2024-04-04T21:59:17.427+0000] {dag.py:3834} INFO - Setting next_dagrun for example_task_group_decorator to 2024-04-03 00:00:00+00:00, run_after=2024-04-04 00:00:00+00:00
[2024-04-04T21:59:17.472+0000] {processor.py:183} INFO - Processing /home/airflow/.local/lib/python3.8/site-packages/airflow/example_dags/example_task_group_decorator.py took 0.178 seconds
[2024-04-04T21:59:48.471+0000] {processor.py:161} INFO - Started process (PID=2548) to work on /home/airflow/.local/lib/python3.8/site-packages/airflow/example_dags/example_task_group_decorator.py
[2024-04-04T21:59:48.473+0000] {processor.py:830} INFO - Processing file /home/airflow/.local/lib/python3.8/site-packages/airflow/example_dags/example_task_group_decorator.py for tasks to queue
[2024-04-04T21:59:48.476+0000] {logging_mixin.py:188} INFO - [2024-04-04T21:59:48.475+0000] {dagbag.py:540} INFO - Filling up the DagBag from /home/airflow/.local/lib/python3.8/site-packages/airflow/example_dags/example_task_group_decorator.py
[2024-04-04T21:59:48.512+0000] {processor.py:840} INFO - DAG(s) 'example_task_group_decorator' retrieved from /home/airflow/.local/lib/python3.8/site-packages/airflow/example_dags/example_task_group_decorator.py
[2024-04-04T21:59:48.558+0000] {logging_mixin.py:188} INFO - [2024-04-04T21:59:48.557+0000] {dag.py:3047} INFO - Sync 1 DAGs
[2024-04-04T21:59:48.596+0000] {logging_mixin.py:188} INFO - [2024-04-04T21:59:48.596+0000] {dag.py:3834} INFO - Setting next_dagrun for example_task_group_decorator to 2024-04-03 00:00:00+00:00, run_after=2024-04-04 00:00:00+00:00
[2024-04-04T21:59:48.658+0000] {processor.py:183} INFO - Processing /home/airflow/.local/lib/python3.8/site-packages/airflow/example_dags/example_task_group_decorator.py took 0.195 seconds
[2024-04-04T22:00:19.101+0000] {processor.py:161} INFO - Started process (PID=2602) to work on /home/airflow/.local/lib/python3.8/site-packages/airflow/example_dags/example_task_group_decorator.py
[2024-04-04T22:00:19.120+0000] {processor.py:830} INFO - Processing file /home/airflow/.local/lib/python3.8/site-packages/airflow/example_dags/example_task_group_decorator.py for tasks to queue
[2024-04-04T22:00:19.122+0000] {logging_mixin.py:188} INFO - [2024-04-04T22:00:19.122+0000] {dagbag.py:540} INFO - Filling up the DagBag from /home/airflow/.local/lib/python3.8/site-packages/airflow/example_dags/example_task_group_decorator.py
[2024-04-04T22:00:19.136+0000] {processor.py:840} INFO - DAG(s) 'example_task_group_decorator' retrieved from /home/airflow/.local/lib/python3.8/site-packages/airflow/example_dags/example_task_group_decorator.py
[2024-04-04T22:00:19.159+0000] {logging_mixin.py:188} INFO - [2024-04-04T22:00:19.158+0000] {dag.py:3047} INFO - Sync 1 DAGs
[2024-04-04T22:00:19.184+0000] {logging_mixin.py:188} INFO - [2024-04-04T22:00:19.184+0000] {dag.py:3834} INFO - Setting next_dagrun for example_task_group_decorator to 2024-04-03 00:00:00+00:00, run_after=2024-04-04 00:00:00+00:00
[2024-04-04T22:00:19.351+0000] {processor.py:183} INFO - Processing /home/airflow/.local/lib/python3.8/site-packages/airflow/example_dags/example_task_group_decorator.py took 0.252 seconds
