[2024-04-04T21:37:00.146+0000] {processor.py:161} INFO - Started process (PID=69) to work on /home/airflow/.local/lib/python3.8/site-packages/airflow/example_dags/example_bash_operator.py
[2024-04-04T21:37:00.148+0000] {processor.py:830} INFO - Processing file /home/airflow/.local/lib/python3.8/site-packages/airflow/example_dags/example_bash_operator.py for tasks to queue
[2024-04-04T21:37:00.149+0000] {logging_mixin.py:188} INFO - [2024-04-04T21:37:00.149+0000] {dagbag.py:540} INFO - Filling up the DagBag from /home/airflow/.local/lib/python3.8/site-packages/airflow/example_dags/example_bash_operator.py
[2024-04-04T21:37:00.165+0000] {processor.py:840} INFO - DAG(s) 'example_bash_operator' retrieved from /home/airflow/.local/lib/python3.8/site-packages/airflow/example_dags/example_bash_operator.py
[2024-04-04T21:37:00.200+0000] {logging_mixin.py:188} INFO - [2024-04-04T21:37:00.200+0000] {dag.py:3047} INFO - Sync 1 DAGs
[2024-04-04T21:37:00.223+0000] {logging_mixin.py:188} INFO - [2024-04-04T21:37:00.223+0000] {dag.py:3834} INFO - Setting next_dagrun for example_bash_operator to 2024-04-03 00:00:00+00:00, run_after=2024-04-04 00:00:00+00:00
[2024-04-04T21:37:00.241+0000] {processor.py:183} INFO - Processing /home/airflow/.local/lib/python3.8/site-packages/airflow/example_dags/example_bash_operator.py took 0.097 seconds
[2024-04-04T21:37:30.590+0000] {processor.py:161} INFO - Started process (PID=124) to work on /home/airflow/.local/lib/python3.8/site-packages/airflow/example_dags/example_bash_operator.py
[2024-04-04T21:37:30.591+0000] {processor.py:830} INFO - Processing file /home/airflow/.local/lib/python3.8/site-packages/airflow/example_dags/example_bash_operator.py for tasks to queue
[2024-04-04T21:37:30.592+0000] {logging_mixin.py:188} INFO - [2024-04-04T21:37:30.592+0000] {dagbag.py:540} INFO - Filling up the DagBag from /home/airflow/.local/lib/python3.8/site-packages/airflow/example_dags/example_bash_operator.py
[2024-04-04T21:37:30.600+0000] {processor.py:840} INFO - DAG(s) 'example_bash_operator' retrieved from /home/airflow/.local/lib/python3.8/site-packages/airflow/example_dags/example_bash_operator.py
[2024-04-04T21:37:30.623+0000] {logging_mixin.py:188} INFO - [2024-04-04T21:37:30.623+0000] {dag.py:3047} INFO - Sync 1 DAGs
[2024-04-04T21:37:30.640+0000] {logging_mixin.py:188} INFO - [2024-04-04T21:37:30.639+0000] {dag.py:3834} INFO - Setting next_dagrun for example_bash_operator to 2024-04-03 00:00:00+00:00, run_after=2024-04-04 00:00:00+00:00
[2024-04-04T21:37:30.654+0000] {processor.py:183} INFO - Processing /home/airflow/.local/lib/python3.8/site-packages/airflow/example_dags/example_bash_operator.py took 0.066 seconds
[2024-04-04T21:38:00.775+0000] {processor.py:161} INFO - Started process (PID=179) to work on /home/airflow/.local/lib/python3.8/site-packages/airflow/example_dags/example_bash_operator.py
[2024-04-04T21:38:00.776+0000] {processor.py:830} INFO - Processing file /home/airflow/.local/lib/python3.8/site-packages/airflow/example_dags/example_bash_operator.py for tasks to queue
[2024-04-04T21:38:00.777+0000] {logging_mixin.py:188} INFO - [2024-04-04T21:38:00.777+0000] {dagbag.py:540} INFO - Filling up the DagBag from /home/airflow/.local/lib/python3.8/site-packages/airflow/example_dags/example_bash_operator.py
[2024-04-04T21:38:00.785+0000] {processor.py:840} INFO - DAG(s) 'example_bash_operator' retrieved from /home/airflow/.local/lib/python3.8/site-packages/airflow/example_dags/example_bash_operator.py
[2024-04-04T21:38:00.807+0000] {logging_mixin.py:188} INFO - [2024-04-04T21:38:00.807+0000] {dag.py:3047} INFO - Sync 1 DAGs
[2024-04-04T21:38:00.823+0000] {logging_mixin.py:188} INFO - [2024-04-04T21:38:00.823+0000] {dag.py:3834} INFO - Setting next_dagrun for example_bash_operator to 2024-04-03 00:00:00+00:00, run_after=2024-04-04 00:00:00+00:00
[2024-04-04T21:38:00.838+0000] {processor.py:183} INFO - Processing /home/airflow/.local/lib/python3.8/site-packages/airflow/example_dags/example_bash_operator.py took 0.064 seconds
[2024-04-04T21:38:31.177+0000] {processor.py:161} INFO - Started process (PID=234) to work on /home/airflow/.local/lib/python3.8/site-packages/airflow/example_dags/example_bash_operator.py
[2024-04-04T21:38:31.178+0000] {processor.py:830} INFO - Processing file /home/airflow/.local/lib/python3.8/site-packages/airflow/example_dags/example_bash_operator.py for tasks to queue
[2024-04-04T21:38:31.179+0000] {logging_mixin.py:188} INFO - [2024-04-04T21:38:31.179+0000] {dagbag.py:540} INFO - Filling up the DagBag from /home/airflow/.local/lib/python3.8/site-packages/airflow/example_dags/example_bash_operator.py
[2024-04-04T21:38:31.188+0000] {processor.py:840} INFO - DAG(s) 'example_bash_operator' retrieved from /home/airflow/.local/lib/python3.8/site-packages/airflow/example_dags/example_bash_operator.py
[2024-04-04T21:38:31.210+0000] {logging_mixin.py:188} INFO - [2024-04-04T21:38:31.210+0000] {dag.py:3047} INFO - Sync 1 DAGs
[2024-04-04T21:38:31.226+0000] {logging_mixin.py:188} INFO - [2024-04-04T21:38:31.226+0000] {dag.py:3834} INFO - Setting next_dagrun for example_bash_operator to 2024-04-03 00:00:00+00:00, run_after=2024-04-04 00:00:00+00:00
[2024-04-04T21:38:31.240+0000] {processor.py:183} INFO - Processing /home/airflow/.local/lib/python3.8/site-packages/airflow/example_dags/example_bash_operator.py took 0.065 seconds
[2024-04-04T21:39:01.524+0000] {processor.py:161} INFO - Started process (PID=290) to work on /home/airflow/.local/lib/python3.8/site-packages/airflow/example_dags/example_bash_operator.py
[2024-04-04T21:39:01.525+0000] {processor.py:830} INFO - Processing file /home/airflow/.local/lib/python3.8/site-packages/airflow/example_dags/example_bash_operator.py for tasks to queue
[2024-04-04T21:39:01.527+0000] {logging_mixin.py:188} INFO - [2024-04-04T21:39:01.526+0000] {dagbag.py:540} INFO - Filling up the DagBag from /home/airflow/.local/lib/python3.8/site-packages/airflow/example_dags/example_bash_operator.py
[2024-04-04T21:39:01.535+0000] {processor.py:840} INFO - DAG(s) 'example_bash_operator' retrieved from /home/airflow/.local/lib/python3.8/site-packages/airflow/example_dags/example_bash_operator.py
[2024-04-04T21:39:01.559+0000] {logging_mixin.py:188} INFO - [2024-04-04T21:39:01.558+0000] {dag.py:3047} INFO - Sync 1 DAGs
[2024-04-04T21:39:01.577+0000] {logging_mixin.py:188} INFO - [2024-04-04T21:39:01.577+0000] {dag.py:3834} INFO - Setting next_dagrun for example_bash_operator to 2024-04-03 00:00:00+00:00, run_after=2024-04-04 00:00:00+00:00
[2024-04-04T21:39:01.592+0000] {processor.py:183} INFO - Processing /home/airflow/.local/lib/python3.8/site-packages/airflow/example_dags/example_bash_operator.py took 0.069 seconds
[2024-04-04T21:39:31.629+0000] {processor.py:161} INFO - Started process (PID=345) to work on /home/airflow/.local/lib/python3.8/site-packages/airflow/example_dags/example_bash_operator.py
[2024-04-04T21:39:31.630+0000] {processor.py:830} INFO - Processing file /home/airflow/.local/lib/python3.8/site-packages/airflow/example_dags/example_bash_operator.py for tasks to queue
[2024-04-04T21:39:31.632+0000] {logging_mixin.py:188} INFO - [2024-04-04T21:39:31.631+0000] {dagbag.py:540} INFO - Filling up the DagBag from /home/airflow/.local/lib/python3.8/site-packages/airflow/example_dags/example_bash_operator.py
[2024-04-04T21:39:31.640+0000] {processor.py:840} INFO - DAG(s) 'example_bash_operator' retrieved from /home/airflow/.local/lib/python3.8/site-packages/airflow/example_dags/example_bash_operator.py
[2024-04-04T21:39:31.664+0000] {logging_mixin.py:188} INFO - [2024-04-04T21:39:31.664+0000] {dag.py:3047} INFO - Sync 1 DAGs
[2024-04-04T21:39:31.683+0000] {logging_mixin.py:188} INFO - [2024-04-04T21:39:31.682+0000] {dag.py:3834} INFO - Setting next_dagrun for example_bash_operator to 2024-04-03 00:00:00+00:00, run_after=2024-04-04 00:00:00+00:00
[2024-04-04T21:39:31.697+0000] {processor.py:183} INFO - Processing /home/airflow/.local/lib/python3.8/site-packages/airflow/example_dags/example_bash_operator.py took 0.069 seconds
[2024-04-04T21:40:01.979+0000] {processor.py:161} INFO - Started process (PID=400) to work on /home/airflow/.local/lib/python3.8/site-packages/airflow/example_dags/example_bash_operator.py
[2024-04-04T21:40:01.980+0000] {processor.py:830} INFO - Processing file /home/airflow/.local/lib/python3.8/site-packages/airflow/example_dags/example_bash_operator.py for tasks to queue
[2024-04-04T21:40:01.981+0000] {logging_mixin.py:188} INFO - [2024-04-04T21:40:01.981+0000] {dagbag.py:540} INFO - Filling up the DagBag from /home/airflow/.local/lib/python3.8/site-packages/airflow/example_dags/example_bash_operator.py
[2024-04-04T21:40:01.990+0000] {processor.py:840} INFO - DAG(s) 'example_bash_operator' retrieved from /home/airflow/.local/lib/python3.8/site-packages/airflow/example_dags/example_bash_operator.py
[2024-04-04T21:40:02.020+0000] {logging_mixin.py:188} INFO - [2024-04-04T21:40:02.019+0000] {dag.py:3047} INFO - Sync 1 DAGs
[2024-04-04T21:40:02.040+0000] {logging_mixin.py:188} INFO - [2024-04-04T21:40:02.039+0000] {dag.py:3834} INFO - Setting next_dagrun for example_bash_operator to 2024-04-03 00:00:00+00:00, run_after=2024-04-04 00:00:00+00:00
[2024-04-04T21:40:02.056+0000] {processor.py:183} INFO - Processing /home/airflow/.local/lib/python3.8/site-packages/airflow/example_dags/example_bash_operator.py took 0.079 seconds
[2024-04-04T21:40:32.222+0000] {processor.py:161} INFO - Started process (PID=455) to work on /home/airflow/.local/lib/python3.8/site-packages/airflow/example_dags/example_bash_operator.py
[2024-04-04T21:40:32.222+0000] {processor.py:830} INFO - Processing file /home/airflow/.local/lib/python3.8/site-packages/airflow/example_dags/example_bash_operator.py for tasks to queue
[2024-04-04T21:40:32.224+0000] {logging_mixin.py:188} INFO - [2024-04-04T21:40:32.224+0000] {dagbag.py:540} INFO - Filling up the DagBag from /home/airflow/.local/lib/python3.8/site-packages/airflow/example_dags/example_bash_operator.py
[2024-04-04T21:40:32.232+0000] {processor.py:840} INFO - DAG(s) 'example_bash_operator' retrieved from /home/airflow/.local/lib/python3.8/site-packages/airflow/example_dags/example_bash_operator.py
[2024-04-04T21:40:32.255+0000] {logging_mixin.py:188} INFO - [2024-04-04T21:40:32.255+0000] {dag.py:3047} INFO - Sync 1 DAGs
[2024-04-04T21:40:32.272+0000] {logging_mixin.py:188} INFO - [2024-04-04T21:40:32.272+0000] {dag.py:3834} INFO - Setting next_dagrun for example_bash_operator to 2024-04-03 00:00:00+00:00, run_after=2024-04-04 00:00:00+00:00
[2024-04-04T21:40:32.287+0000] {processor.py:183} INFO - Processing /home/airflow/.local/lib/python3.8/site-packages/airflow/example_dags/example_bash_operator.py took 0.067 seconds
[2024-04-04T21:41:02.368+0000] {processor.py:161} INFO - Started process (PID=510) to work on /home/airflow/.local/lib/python3.8/site-packages/airflow/example_dags/example_bash_operator.py
[2024-04-04T21:41:02.368+0000] {processor.py:830} INFO - Processing file /home/airflow/.local/lib/python3.8/site-packages/airflow/example_dags/example_bash_operator.py for tasks to queue
[2024-04-04T21:41:02.370+0000] {logging_mixin.py:188} INFO - [2024-04-04T21:41:02.369+0000] {dagbag.py:540} INFO - Filling up the DagBag from /home/airflow/.local/lib/python3.8/site-packages/airflow/example_dags/example_bash_operator.py
[2024-04-04T21:41:02.378+0000] {processor.py:840} INFO - DAG(s) 'example_bash_operator' retrieved from /home/airflow/.local/lib/python3.8/site-packages/airflow/example_dags/example_bash_operator.py
[2024-04-04T21:41:02.400+0000] {logging_mixin.py:188} INFO - [2024-04-04T21:41:02.400+0000] {dag.py:3047} INFO - Sync 1 DAGs
[2024-04-04T21:41:02.418+0000] {logging_mixin.py:188} INFO - [2024-04-04T21:41:02.418+0000] {dag.py:3834} INFO - Setting next_dagrun for example_bash_operator to 2024-04-03 00:00:00+00:00, run_after=2024-04-04 00:00:00+00:00
[2024-04-04T21:41:02.432+0000] {processor.py:183} INFO - Processing /home/airflow/.local/lib/python3.8/site-packages/airflow/example_dags/example_bash_operator.py took 0.066 seconds
[2024-04-04T21:41:32.878+0000] {processor.py:161} INFO - Started process (PID=565) to work on /home/airflow/.local/lib/python3.8/site-packages/airflow/example_dags/example_bash_operator.py
[2024-04-04T21:41:32.879+0000] {processor.py:830} INFO - Processing file /home/airflow/.local/lib/python3.8/site-packages/airflow/example_dags/example_bash_operator.py for tasks to queue
[2024-04-04T21:41:32.880+0000] {logging_mixin.py:188} INFO - [2024-04-04T21:41:32.880+0000] {dagbag.py:540} INFO - Filling up the DagBag from /home/airflow/.local/lib/python3.8/site-packages/airflow/example_dags/example_bash_operator.py
[2024-04-04T21:41:32.889+0000] {processor.py:840} INFO - DAG(s) 'example_bash_operator' retrieved from /home/airflow/.local/lib/python3.8/site-packages/airflow/example_dags/example_bash_operator.py
[2024-04-04T21:41:32.913+0000] {logging_mixin.py:188} INFO - [2024-04-04T21:41:32.912+0000] {dag.py:3047} INFO - Sync 1 DAGs
[2024-04-04T21:41:32.930+0000] {logging_mixin.py:188} INFO - [2024-04-04T21:41:32.929+0000] {dag.py:3834} INFO - Setting next_dagrun for example_bash_operator to 2024-04-03 00:00:00+00:00, run_after=2024-04-04 00:00:00+00:00
[2024-04-04T21:41:32.944+0000] {processor.py:183} INFO - Processing /home/airflow/.local/lib/python3.8/site-packages/airflow/example_dags/example_bash_operator.py took 0.068 seconds
[2024-04-04T21:42:03.460+0000] {processor.py:161} INFO - Started process (PID=620) to work on /home/airflow/.local/lib/python3.8/site-packages/airflow/example_dags/example_bash_operator.py
[2024-04-04T21:42:03.461+0000] {processor.py:830} INFO - Processing file /home/airflow/.local/lib/python3.8/site-packages/airflow/example_dags/example_bash_operator.py for tasks to queue
[2024-04-04T21:42:03.462+0000] {logging_mixin.py:188} INFO - [2024-04-04T21:42:03.462+0000] {dagbag.py:540} INFO - Filling up the DagBag from /home/airflow/.local/lib/python3.8/site-packages/airflow/example_dags/example_bash_operator.py
[2024-04-04T21:42:03.470+0000] {processor.py:840} INFO - DAG(s) 'example_bash_operator' retrieved from /home/airflow/.local/lib/python3.8/site-packages/airflow/example_dags/example_bash_operator.py
[2024-04-04T21:42:03.494+0000] {logging_mixin.py:188} INFO - [2024-04-04T21:42:03.494+0000] {dag.py:3047} INFO - Sync 1 DAGs
[2024-04-04T21:42:03.512+0000] {logging_mixin.py:188} INFO - [2024-04-04T21:42:03.512+0000] {dag.py:3834} INFO - Setting next_dagrun for example_bash_operator to 2024-04-03 00:00:00+00:00, run_after=2024-04-04 00:00:00+00:00
[2024-04-04T21:42:03.526+0000] {processor.py:183} INFO - Processing /home/airflow/.local/lib/python3.8/site-packages/airflow/example_dags/example_bash_operator.py took 0.068 seconds
[2024-04-04T21:42:33.870+0000] {processor.py:161} INFO - Started process (PID=676) to work on /home/airflow/.local/lib/python3.8/site-packages/airflow/example_dags/example_bash_operator.py
[2024-04-04T21:42:33.870+0000] {processor.py:830} INFO - Processing file /home/airflow/.local/lib/python3.8/site-packages/airflow/example_dags/example_bash_operator.py for tasks to queue
[2024-04-04T21:42:33.872+0000] {logging_mixin.py:188} INFO - [2024-04-04T21:42:33.871+0000] {dagbag.py:540} INFO - Filling up the DagBag from /home/airflow/.local/lib/python3.8/site-packages/airflow/example_dags/example_bash_operator.py
[2024-04-04T21:42:33.883+0000] {processor.py:840} INFO - DAG(s) 'example_bash_operator' retrieved from /home/airflow/.local/lib/python3.8/site-packages/airflow/example_dags/example_bash_operator.py
[2024-04-04T21:42:33.906+0000] {logging_mixin.py:188} INFO - [2024-04-04T21:42:33.906+0000] {dag.py:3047} INFO - Sync 1 DAGs
[2024-04-04T21:42:33.924+0000] {logging_mixin.py:188} INFO - [2024-04-04T21:42:33.924+0000] {dag.py:3834} INFO - Setting next_dagrun for example_bash_operator to 2024-04-03 00:00:00+00:00, run_after=2024-04-04 00:00:00+00:00
[2024-04-04T21:42:33.940+0000] {processor.py:183} INFO - Processing /home/airflow/.local/lib/python3.8/site-packages/airflow/example_dags/example_bash_operator.py took 0.073 seconds
[2024-04-04T21:43:04.644+0000] {processor.py:161} INFO - Started process (PID=731) to work on /home/airflow/.local/lib/python3.8/site-packages/airflow/example_dags/example_bash_operator.py
[2024-04-04T21:43:04.645+0000] {processor.py:830} INFO - Processing file /home/airflow/.local/lib/python3.8/site-packages/airflow/example_dags/example_bash_operator.py for tasks to queue
[2024-04-04T21:43:04.646+0000] {logging_mixin.py:188} INFO - [2024-04-04T21:43:04.646+0000] {dagbag.py:540} INFO - Filling up the DagBag from /home/airflow/.local/lib/python3.8/site-packages/airflow/example_dags/example_bash_operator.py
[2024-04-04T21:43:04.655+0000] {processor.py:840} INFO - DAG(s) 'example_bash_operator' retrieved from /home/airflow/.local/lib/python3.8/site-packages/airflow/example_dags/example_bash_operator.py
[2024-04-04T21:43:04.679+0000] {logging_mixin.py:188} INFO - [2024-04-04T21:43:04.679+0000] {dag.py:3047} INFO - Sync 1 DAGs
[2024-04-04T21:43:04.701+0000] {logging_mixin.py:188} INFO - [2024-04-04T21:43:04.701+0000] {dag.py:3834} INFO - Setting next_dagrun for example_bash_operator to 2024-04-03 00:00:00+00:00, run_after=2024-04-04 00:00:00+00:00
[2024-04-04T21:43:04.717+0000] {processor.py:183} INFO - Processing /home/airflow/.local/lib/python3.8/site-packages/airflow/example_dags/example_bash_operator.py took 0.076 seconds
[2024-04-04T21:43:34.839+0000] {processor.py:161} INFO - Started process (PID=786) to work on /home/airflow/.local/lib/python3.8/site-packages/airflow/example_dags/example_bash_operator.py
[2024-04-04T21:43:34.840+0000] {processor.py:830} INFO - Processing file /home/airflow/.local/lib/python3.8/site-packages/airflow/example_dags/example_bash_operator.py for tasks to queue
[2024-04-04T21:43:34.841+0000] {logging_mixin.py:188} INFO - [2024-04-04T21:43:34.841+0000] {dagbag.py:540} INFO - Filling up the DagBag from /home/airflow/.local/lib/python3.8/site-packages/airflow/example_dags/example_bash_operator.py
[2024-04-04T21:43:34.851+0000] {processor.py:840} INFO - DAG(s) 'example_bash_operator' retrieved from /home/airflow/.local/lib/python3.8/site-packages/airflow/example_dags/example_bash_operator.py
[2024-04-04T21:43:34.876+0000] {logging_mixin.py:188} INFO - [2024-04-04T21:43:34.876+0000] {dag.py:3047} INFO - Sync 1 DAGs
[2024-04-04T21:43:34.896+0000] {logging_mixin.py:188} INFO - [2024-04-04T21:43:34.896+0000] {dag.py:3834} INFO - Setting next_dagrun for example_bash_operator to 2024-04-03 00:00:00+00:00, run_after=2024-04-04 00:00:00+00:00
[2024-04-04T21:43:34.913+0000] {processor.py:183} INFO - Processing /home/airflow/.local/lib/python3.8/site-packages/airflow/example_dags/example_bash_operator.py took 0.076 seconds
[2024-04-04T21:44:05.301+0000] {processor.py:161} INFO - Started process (PID=841) to work on /home/airflow/.local/lib/python3.8/site-packages/airflow/example_dags/example_bash_operator.py
[2024-04-04T21:44:05.302+0000] {processor.py:830} INFO - Processing file /home/airflow/.local/lib/python3.8/site-packages/airflow/example_dags/example_bash_operator.py for tasks to queue
[2024-04-04T21:44:05.303+0000] {logging_mixin.py:188} INFO - [2024-04-04T21:44:05.303+0000] {dagbag.py:540} INFO - Filling up the DagBag from /home/airflow/.local/lib/python3.8/site-packages/airflow/example_dags/example_bash_operator.py
[2024-04-04T21:44:05.317+0000] {processor.py:840} INFO - DAG(s) 'example_bash_operator' retrieved from /home/airflow/.local/lib/python3.8/site-packages/airflow/example_dags/example_bash_operator.py
[2024-04-04T21:44:05.350+0000] {logging_mixin.py:188} INFO - [2024-04-04T21:44:05.350+0000] {dag.py:3047} INFO - Sync 1 DAGs
[2024-04-04T21:44:05.373+0000] {logging_mixin.py:188} INFO - [2024-04-04T21:44:05.372+0000] {dag.py:3834} INFO - Setting next_dagrun for example_bash_operator to 2024-04-03 00:00:00+00:00, run_after=2024-04-04 00:00:00+00:00
[2024-04-04T21:44:05.390+0000] {processor.py:183} INFO - Processing /home/airflow/.local/lib/python3.8/site-packages/airflow/example_dags/example_bash_operator.py took 0.091 seconds
[2024-04-04T21:44:35.871+0000] {processor.py:161} INFO - Started process (PID=896) to work on /home/airflow/.local/lib/python3.8/site-packages/airflow/example_dags/example_bash_operator.py
[2024-04-04T21:44:35.872+0000] {processor.py:830} INFO - Processing file /home/airflow/.local/lib/python3.8/site-packages/airflow/example_dags/example_bash_operator.py for tasks to queue
[2024-04-04T21:44:35.873+0000] {logging_mixin.py:188} INFO - [2024-04-04T21:44:35.873+0000] {dagbag.py:540} INFO - Filling up the DagBag from /home/airflow/.local/lib/python3.8/site-packages/airflow/example_dags/example_bash_operator.py
[2024-04-04T21:44:35.882+0000] {processor.py:840} INFO - DAG(s) 'example_bash_operator' retrieved from /home/airflow/.local/lib/python3.8/site-packages/airflow/example_dags/example_bash_operator.py
[2024-04-04T21:44:35.908+0000] {logging_mixin.py:188} INFO - [2024-04-04T21:44:35.907+0000] {dag.py:3047} INFO - Sync 1 DAGs
[2024-04-04T21:44:35.926+0000] {logging_mixin.py:188} INFO - [2024-04-04T21:44:35.926+0000] {dag.py:3834} INFO - Setting next_dagrun for example_bash_operator to 2024-04-03 00:00:00+00:00, run_after=2024-04-04 00:00:00+00:00
[2024-04-04T21:44:35.941+0000] {processor.py:183} INFO - Processing /home/airflow/.local/lib/python3.8/site-packages/airflow/example_dags/example_bash_operator.py took 0.072 seconds
[2024-04-04T21:45:05.967+0000] {processor.py:161} INFO - Started process (PID=951) to work on /home/airflow/.local/lib/python3.8/site-packages/airflow/example_dags/example_bash_operator.py
[2024-04-04T21:45:05.968+0000] {processor.py:830} INFO - Processing file /home/airflow/.local/lib/python3.8/site-packages/airflow/example_dags/example_bash_operator.py for tasks to queue
[2024-04-04T21:45:05.969+0000] {logging_mixin.py:188} INFO - [2024-04-04T21:45:05.969+0000] {dagbag.py:540} INFO - Filling up the DagBag from /home/airflow/.local/lib/python3.8/site-packages/airflow/example_dags/example_bash_operator.py
[2024-04-04T21:45:05.979+0000] {processor.py:840} INFO - DAG(s) 'example_bash_operator' retrieved from /home/airflow/.local/lib/python3.8/site-packages/airflow/example_dags/example_bash_operator.py
[2024-04-04T21:45:06.002+0000] {logging_mixin.py:188} INFO - [2024-04-04T21:45:06.002+0000] {dag.py:3047} INFO - Sync 1 DAGs
[2024-04-04T21:45:06.021+0000] {logging_mixin.py:188} INFO - [2024-04-04T21:45:06.021+0000] {dag.py:3834} INFO - Setting next_dagrun for example_bash_operator to 2024-04-03 00:00:00+00:00, run_after=2024-04-04 00:00:00+00:00
[2024-04-04T21:45:06.034+0000] {processor.py:183} INFO - Processing /home/airflow/.local/lib/python3.8/site-packages/airflow/example_dags/example_bash_operator.py took 0.069 seconds
[2024-04-04T21:45:36.085+0000] {processor.py:161} INFO - Started process (PID=1006) to work on /home/airflow/.local/lib/python3.8/site-packages/airflow/example_dags/example_bash_operator.py
[2024-04-04T21:45:36.086+0000] {processor.py:830} INFO - Processing file /home/airflow/.local/lib/python3.8/site-packages/airflow/example_dags/example_bash_operator.py for tasks to queue
[2024-04-04T21:45:36.087+0000] {logging_mixin.py:188} INFO - [2024-04-04T21:45:36.087+0000] {dagbag.py:540} INFO - Filling up the DagBag from /home/airflow/.local/lib/python3.8/site-packages/airflow/example_dags/example_bash_operator.py
[2024-04-04T21:45:36.099+0000] {processor.py:840} INFO - DAG(s) 'example_bash_operator' retrieved from /home/airflow/.local/lib/python3.8/site-packages/airflow/example_dags/example_bash_operator.py
[2024-04-04T21:45:36.125+0000] {logging_mixin.py:188} INFO - [2024-04-04T21:45:36.124+0000] {dag.py:3047} INFO - Sync 1 DAGs
[2024-04-04T21:45:36.144+0000] {logging_mixin.py:188} INFO - [2024-04-04T21:45:36.143+0000] {dag.py:3834} INFO - Setting next_dagrun for example_bash_operator to 2024-04-03 00:00:00+00:00, run_after=2024-04-04 00:00:00+00:00
[2024-04-04T21:45:36.160+0000] {processor.py:183} INFO - Processing /home/airflow/.local/lib/python3.8/site-packages/airflow/example_dags/example_bash_operator.py took 0.077 seconds
[2024-04-04T21:46:06.520+0000] {processor.py:161} INFO - Started process (PID=1061) to work on /home/airflow/.local/lib/python3.8/site-packages/airflow/example_dags/example_bash_operator.py
[2024-04-04T21:46:06.520+0000] {processor.py:830} INFO - Processing file /home/airflow/.local/lib/python3.8/site-packages/airflow/example_dags/example_bash_operator.py for tasks to queue
[2024-04-04T21:46:06.522+0000] {logging_mixin.py:188} INFO - [2024-04-04T21:46:06.521+0000] {dagbag.py:540} INFO - Filling up the DagBag from /home/airflow/.local/lib/python3.8/site-packages/airflow/example_dags/example_bash_operator.py
[2024-04-04T21:46:06.530+0000] {processor.py:840} INFO - DAG(s) 'example_bash_operator' retrieved from /home/airflow/.local/lib/python3.8/site-packages/airflow/example_dags/example_bash_operator.py
[2024-04-04T21:46:06.553+0000] {logging_mixin.py:188} INFO - [2024-04-04T21:46:06.552+0000] {dag.py:3047} INFO - Sync 1 DAGs
[2024-04-04T21:46:06.571+0000] {logging_mixin.py:188} INFO - [2024-04-04T21:46:06.571+0000] {dag.py:3834} INFO - Setting next_dagrun for example_bash_operator to 2024-04-03 00:00:00+00:00, run_after=2024-04-04 00:00:00+00:00
[2024-04-04T21:46:06.586+0000] {processor.py:183} INFO - Processing /home/airflow/.local/lib/python3.8/site-packages/airflow/example_dags/example_bash_operator.py took 0.069 seconds
[2024-04-04T21:46:36.648+0000] {processor.py:161} INFO - Started process (PID=1116) to work on /home/airflow/.local/lib/python3.8/site-packages/airflow/example_dags/example_bash_operator.py
[2024-04-04T21:46:36.649+0000] {processor.py:830} INFO - Processing file /home/airflow/.local/lib/python3.8/site-packages/airflow/example_dags/example_bash_operator.py for tasks to queue
[2024-04-04T21:46:36.650+0000] {logging_mixin.py:188} INFO - [2024-04-04T21:46:36.650+0000] {dagbag.py:540} INFO - Filling up the DagBag from /home/airflow/.local/lib/python3.8/site-packages/airflow/example_dags/example_bash_operator.py
[2024-04-04T21:46:36.659+0000] {processor.py:840} INFO - DAG(s) 'example_bash_operator' retrieved from /home/airflow/.local/lib/python3.8/site-packages/airflow/example_dags/example_bash_operator.py
[2024-04-04T21:46:36.682+0000] {logging_mixin.py:188} INFO - [2024-04-04T21:46:36.682+0000] {dag.py:3047} INFO - Sync 1 DAGs
[2024-04-04T21:46:36.700+0000] {logging_mixin.py:188} INFO - [2024-04-04T21:46:36.700+0000] {dag.py:3834} INFO - Setting next_dagrun for example_bash_operator to 2024-04-03 00:00:00+00:00, run_after=2024-04-04 00:00:00+00:00
[2024-04-04T21:46:36.716+0000] {processor.py:183} INFO - Processing /home/airflow/.local/lib/python3.8/site-packages/airflow/example_dags/example_bash_operator.py took 0.070 seconds
[2024-04-04T21:47:07.015+0000] {processor.py:161} INFO - Started process (PID=1171) to work on /home/airflow/.local/lib/python3.8/site-packages/airflow/example_dags/example_bash_operator.py
[2024-04-04T21:47:07.016+0000] {processor.py:830} INFO - Processing file /home/airflow/.local/lib/python3.8/site-packages/airflow/example_dags/example_bash_operator.py for tasks to queue
[2024-04-04T21:47:07.017+0000] {logging_mixin.py:188} INFO - [2024-04-04T21:47:07.017+0000] {dagbag.py:540} INFO - Filling up the DagBag from /home/airflow/.local/lib/python3.8/site-packages/airflow/example_dags/example_bash_operator.py
[2024-04-04T21:47:07.027+0000] {processor.py:840} INFO - DAG(s) 'example_bash_operator' retrieved from /home/airflow/.local/lib/python3.8/site-packages/airflow/example_dags/example_bash_operator.py
[2024-04-04T21:47:07.051+0000] {logging_mixin.py:188} INFO - [2024-04-04T21:47:07.051+0000] {dag.py:3047} INFO - Sync 1 DAGs
[2024-04-04T21:47:07.070+0000] {logging_mixin.py:188} INFO - [2024-04-04T21:47:07.069+0000] {dag.py:3834} INFO - Setting next_dagrun for example_bash_operator to 2024-04-03 00:00:00+00:00, run_after=2024-04-04 00:00:00+00:00
[2024-04-04T21:47:07.087+0000] {processor.py:183} INFO - Processing /home/airflow/.local/lib/python3.8/site-packages/airflow/example_dags/example_bash_operator.py took 0.075 seconds
[2024-04-04T21:47:37.378+0000] {processor.py:161} INFO - Started process (PID=1226) to work on /home/airflow/.local/lib/python3.8/site-packages/airflow/example_dags/example_bash_operator.py
[2024-04-04T21:47:37.379+0000] {processor.py:830} INFO - Processing file /home/airflow/.local/lib/python3.8/site-packages/airflow/example_dags/example_bash_operator.py for tasks to queue
[2024-04-04T21:47:37.381+0000] {logging_mixin.py:188} INFO - [2024-04-04T21:47:37.380+0000] {dagbag.py:540} INFO - Filling up the DagBag from /home/airflow/.local/lib/python3.8/site-packages/airflow/example_dags/example_bash_operator.py
[2024-04-04T21:47:37.396+0000] {processor.py:840} INFO - DAG(s) 'example_bash_operator' retrieved from /home/airflow/.local/lib/python3.8/site-packages/airflow/example_dags/example_bash_operator.py
[2024-04-04T21:47:37.422+0000] {logging_mixin.py:188} INFO - [2024-04-04T21:47:37.421+0000] {dag.py:3047} INFO - Sync 1 DAGs
[2024-04-04T21:47:37.440+0000] {logging_mixin.py:188} INFO - [2024-04-04T21:47:37.440+0000] {dag.py:3834} INFO - Setting next_dagrun for example_bash_operator to 2024-04-03 00:00:00+00:00, run_after=2024-04-04 00:00:00+00:00
[2024-04-04T21:47:37.456+0000] {processor.py:183} INFO - Processing /home/airflow/.local/lib/python3.8/site-packages/airflow/example_dags/example_bash_operator.py took 0.081 seconds
[2024-04-04T21:48:07.977+0000] {processor.py:161} INFO - Started process (PID=1281) to work on /home/airflow/.local/lib/python3.8/site-packages/airflow/example_dags/example_bash_operator.py
[2024-04-04T21:48:07.978+0000] {processor.py:830} INFO - Processing file /home/airflow/.local/lib/python3.8/site-packages/airflow/example_dags/example_bash_operator.py for tasks to queue
[2024-04-04T21:48:07.980+0000] {logging_mixin.py:188} INFO - [2024-04-04T21:48:07.980+0000] {dagbag.py:540} INFO - Filling up the DagBag from /home/airflow/.local/lib/python3.8/site-packages/airflow/example_dags/example_bash_operator.py
[2024-04-04T21:48:07.990+0000] {processor.py:840} INFO - DAG(s) 'example_bash_operator' retrieved from /home/airflow/.local/lib/python3.8/site-packages/airflow/example_dags/example_bash_operator.py
[2024-04-04T21:48:08.018+0000] {logging_mixin.py:188} INFO - [2024-04-04T21:48:08.018+0000] {dag.py:3047} INFO - Sync 1 DAGs
[2024-04-04T21:48:08.040+0000] {logging_mixin.py:188} INFO - [2024-04-04T21:48:08.040+0000] {dag.py:3834} INFO - Setting next_dagrun for example_bash_operator to 2024-04-03 00:00:00+00:00, run_after=2024-04-04 00:00:00+00:00
[2024-04-04T21:48:08.063+0000] {processor.py:183} INFO - Processing /home/airflow/.local/lib/python3.8/site-packages/airflow/example_dags/example_bash_operator.py took 0.087 seconds
[2024-04-04T21:48:39.016+0000] {processor.py:161} INFO - Started process (PID=1336) to work on /home/airflow/.local/lib/python3.8/site-packages/airflow/example_dags/example_bash_operator.py
[2024-04-04T21:48:39.017+0000] {processor.py:830} INFO - Processing file /home/airflow/.local/lib/python3.8/site-packages/airflow/example_dags/example_bash_operator.py for tasks to queue
[2024-04-04T21:48:39.019+0000] {logging_mixin.py:188} INFO - [2024-04-04T21:48:39.018+0000] {dagbag.py:540} INFO - Filling up the DagBag from /home/airflow/.local/lib/python3.8/site-packages/airflow/example_dags/example_bash_operator.py
[2024-04-04T21:48:39.030+0000] {processor.py:840} INFO - DAG(s) 'example_bash_operator' retrieved from /home/airflow/.local/lib/python3.8/site-packages/airflow/example_dags/example_bash_operator.py
[2024-04-04T21:48:39.056+0000] {logging_mixin.py:188} INFO - [2024-04-04T21:48:39.055+0000] {dag.py:3047} INFO - Sync 1 DAGs
[2024-04-04T21:48:39.072+0000] {logging_mixin.py:188} INFO - [2024-04-04T21:48:39.072+0000] {dag.py:3834} INFO - Setting next_dagrun for example_bash_operator to 2024-04-03 00:00:00+00:00, run_after=2024-04-04 00:00:00+00:00
[2024-04-04T21:48:39.089+0000] {processor.py:183} INFO - Processing /home/airflow/.local/lib/python3.8/site-packages/airflow/example_dags/example_bash_operator.py took 0.075 seconds
[2024-04-04T21:49:09.424+0000] {processor.py:161} INFO - Started process (PID=1391) to work on /home/airflow/.local/lib/python3.8/site-packages/airflow/example_dags/example_bash_operator.py
[2024-04-04T21:49:09.425+0000] {processor.py:830} INFO - Processing file /home/airflow/.local/lib/python3.8/site-packages/airflow/example_dags/example_bash_operator.py for tasks to queue
[2024-04-04T21:49:09.427+0000] {logging_mixin.py:188} INFO - [2024-04-04T21:49:09.427+0000] {dagbag.py:540} INFO - Filling up the DagBag from /home/airflow/.local/lib/python3.8/site-packages/airflow/example_dags/example_bash_operator.py
[2024-04-04T21:49:09.438+0000] {processor.py:840} INFO - DAG(s) 'example_bash_operator' retrieved from /home/airflow/.local/lib/python3.8/site-packages/airflow/example_dags/example_bash_operator.py
[2024-04-04T21:49:09.466+0000] {logging_mixin.py:188} INFO - [2024-04-04T21:49:09.466+0000] {dag.py:3047} INFO - Sync 1 DAGs
[2024-04-04T21:49:09.484+0000] {logging_mixin.py:188} INFO - [2024-04-04T21:49:09.484+0000] {dag.py:3834} INFO - Setting next_dagrun for example_bash_operator to 2024-04-03 00:00:00+00:00, run_after=2024-04-04 00:00:00+00:00
[2024-04-04T21:49:09.502+0000] {processor.py:183} INFO - Processing /home/airflow/.local/lib/python3.8/site-packages/airflow/example_dags/example_bash_operator.py took 0.080 seconds
[2024-04-04T21:49:39.894+0000] {processor.py:161} INFO - Started process (PID=1446) to work on /home/airflow/.local/lib/python3.8/site-packages/airflow/example_dags/example_bash_operator.py
[2024-04-04T21:49:39.895+0000] {processor.py:830} INFO - Processing file /home/airflow/.local/lib/python3.8/site-packages/airflow/example_dags/example_bash_operator.py for tasks to queue
[2024-04-04T21:49:39.896+0000] {logging_mixin.py:188} INFO - [2024-04-04T21:49:39.896+0000] {dagbag.py:540} INFO - Filling up the DagBag from /home/airflow/.local/lib/python3.8/site-packages/airflow/example_dags/example_bash_operator.py
[2024-04-04T21:49:39.904+0000] {processor.py:840} INFO - DAG(s) 'example_bash_operator' retrieved from /home/airflow/.local/lib/python3.8/site-packages/airflow/example_dags/example_bash_operator.py
[2024-04-04T21:49:39.930+0000] {logging_mixin.py:188} INFO - [2024-04-04T21:49:39.930+0000] {dag.py:3047} INFO - Sync 1 DAGs
[2024-04-04T21:49:39.948+0000] {logging_mixin.py:188} INFO - [2024-04-04T21:49:39.948+0000] {dag.py:3834} INFO - Setting next_dagrun for example_bash_operator to 2024-04-03 00:00:00+00:00, run_after=2024-04-04 00:00:00+00:00
[2024-04-04T21:49:39.965+0000] {processor.py:183} INFO - Processing /home/airflow/.local/lib/python3.8/site-packages/airflow/example_dags/example_bash_operator.py took 0.072 seconds
[2024-04-04T21:50:10.253+0000] {processor.py:161} INFO - Started process (PID=1501) to work on /home/airflow/.local/lib/python3.8/site-packages/airflow/example_dags/example_bash_operator.py
[2024-04-04T21:50:10.253+0000] {processor.py:830} INFO - Processing file /home/airflow/.local/lib/python3.8/site-packages/airflow/example_dags/example_bash_operator.py for tasks to queue
[2024-04-04T21:50:10.255+0000] {logging_mixin.py:188} INFO - [2024-04-04T21:50:10.254+0000] {dagbag.py:540} INFO - Filling up the DagBag from /home/airflow/.local/lib/python3.8/site-packages/airflow/example_dags/example_bash_operator.py
[2024-04-04T21:50:10.263+0000] {processor.py:840} INFO - DAG(s) 'example_bash_operator' retrieved from /home/airflow/.local/lib/python3.8/site-packages/airflow/example_dags/example_bash_operator.py
[2024-04-04T21:50:10.285+0000] {logging_mixin.py:188} INFO - [2024-04-04T21:50:10.285+0000] {dag.py:3047} INFO - Sync 1 DAGs
[2024-04-04T21:50:10.303+0000] {logging_mixin.py:188} INFO - [2024-04-04T21:50:10.302+0000] {dag.py:3834} INFO - Setting next_dagrun for example_bash_operator to 2024-04-03 00:00:00+00:00, run_after=2024-04-04 00:00:00+00:00
[2024-04-04T21:50:10.320+0000] {processor.py:183} INFO - Processing /home/airflow/.local/lib/python3.8/site-packages/airflow/example_dags/example_bash_operator.py took 0.069 seconds
[2024-04-04T21:50:40.738+0000] {processor.py:161} INFO - Started process (PID=1556) to work on /home/airflow/.local/lib/python3.8/site-packages/airflow/example_dags/example_bash_operator.py
[2024-04-04T21:50:40.739+0000] {processor.py:830} INFO - Processing file /home/airflow/.local/lib/python3.8/site-packages/airflow/example_dags/example_bash_operator.py for tasks to queue
[2024-04-04T21:50:40.740+0000] {logging_mixin.py:188} INFO - [2024-04-04T21:50:40.740+0000] {dagbag.py:540} INFO - Filling up the DagBag from /home/airflow/.local/lib/python3.8/site-packages/airflow/example_dags/example_bash_operator.py
[2024-04-04T21:50:40.751+0000] {processor.py:840} INFO - DAG(s) 'example_bash_operator' retrieved from /home/airflow/.local/lib/python3.8/site-packages/airflow/example_dags/example_bash_operator.py
[2024-04-04T21:50:40.777+0000] {logging_mixin.py:188} INFO - [2024-04-04T21:50:40.777+0000] {dag.py:3047} INFO - Sync 1 DAGs
[2024-04-04T21:50:40.798+0000] {logging_mixin.py:188} INFO - [2024-04-04T21:50:40.798+0000] {dag.py:3834} INFO - Setting next_dagrun for example_bash_operator to 2024-04-03 00:00:00+00:00, run_after=2024-04-04 00:00:00+00:00
[2024-04-04T21:50:40.821+0000] {processor.py:183} INFO - Processing /home/airflow/.local/lib/python3.8/site-packages/airflow/example_dags/example_bash_operator.py took 0.085 seconds
[2024-04-04T21:51:11.228+0000] {processor.py:161} INFO - Started process (PID=1611) to work on /home/airflow/.local/lib/python3.8/site-packages/airflow/example_dags/example_bash_operator.py
[2024-04-04T21:51:11.229+0000] {processor.py:830} INFO - Processing file /home/airflow/.local/lib/python3.8/site-packages/airflow/example_dags/example_bash_operator.py for tasks to queue
[2024-04-04T21:51:11.230+0000] {logging_mixin.py:188} INFO - [2024-04-04T21:51:11.230+0000] {dagbag.py:540} INFO - Filling up the DagBag from /home/airflow/.local/lib/python3.8/site-packages/airflow/example_dags/example_bash_operator.py
[2024-04-04T21:51:11.243+0000] {processor.py:840} INFO - DAG(s) 'example_bash_operator' retrieved from /home/airflow/.local/lib/python3.8/site-packages/airflow/example_dags/example_bash_operator.py
[2024-04-04T21:51:11.268+0000] {logging_mixin.py:188} INFO - [2024-04-04T21:51:11.268+0000] {dag.py:3047} INFO - Sync 1 DAGs
[2024-04-04T21:51:11.289+0000] {logging_mixin.py:188} INFO - [2024-04-04T21:51:11.289+0000] {dag.py:3834} INFO - Setting next_dagrun for example_bash_operator to 2024-04-03 00:00:00+00:00, run_after=2024-04-04 00:00:00+00:00
[2024-04-04T21:51:11.309+0000] {processor.py:183} INFO - Processing /home/airflow/.local/lib/python3.8/site-packages/airflow/example_dags/example_bash_operator.py took 0.083 seconds
[2024-04-04T21:51:41.508+0000] {processor.py:161} INFO - Started process (PID=1666) to work on /home/airflow/.local/lib/python3.8/site-packages/airflow/example_dags/example_bash_operator.py
[2024-04-04T21:51:41.509+0000] {processor.py:830} INFO - Processing file /home/airflow/.local/lib/python3.8/site-packages/airflow/example_dags/example_bash_operator.py for tasks to queue
[2024-04-04T21:51:41.510+0000] {logging_mixin.py:188} INFO - [2024-04-04T21:51:41.510+0000] {dagbag.py:540} INFO - Filling up the DagBag from /home/airflow/.local/lib/python3.8/site-packages/airflow/example_dags/example_bash_operator.py
[2024-04-04T21:51:41.518+0000] {processor.py:840} INFO - DAG(s) 'example_bash_operator' retrieved from /home/airflow/.local/lib/python3.8/site-packages/airflow/example_dags/example_bash_operator.py
[2024-04-04T21:51:41.541+0000] {logging_mixin.py:188} INFO - [2024-04-04T21:51:41.541+0000] {dag.py:3047} INFO - Sync 1 DAGs
[2024-04-04T21:51:41.558+0000] {logging_mixin.py:188} INFO - [2024-04-04T21:51:41.558+0000] {dag.py:3834} INFO - Setting next_dagrun for example_bash_operator to 2024-04-03 00:00:00+00:00, run_after=2024-04-04 00:00:00+00:00
[2024-04-04T21:51:41.574+0000] {processor.py:183} INFO - Processing /home/airflow/.local/lib/python3.8/site-packages/airflow/example_dags/example_bash_operator.py took 0.068 seconds
[2024-04-04T21:52:11.716+0000] {processor.py:161} INFO - Started process (PID=1721) to work on /home/airflow/.local/lib/python3.8/site-packages/airflow/example_dags/example_bash_operator.py
[2024-04-04T21:52:11.717+0000] {processor.py:830} INFO - Processing file /home/airflow/.local/lib/python3.8/site-packages/airflow/example_dags/example_bash_operator.py for tasks to queue
[2024-04-04T21:52:11.718+0000] {logging_mixin.py:188} INFO - [2024-04-04T21:52:11.717+0000] {dagbag.py:540} INFO - Filling up the DagBag from /home/airflow/.local/lib/python3.8/site-packages/airflow/example_dags/example_bash_operator.py
[2024-04-04T21:52:11.726+0000] {processor.py:840} INFO - DAG(s) 'example_bash_operator' retrieved from /home/airflow/.local/lib/python3.8/site-packages/airflow/example_dags/example_bash_operator.py
[2024-04-04T21:52:11.748+0000] {logging_mixin.py:188} INFO - [2024-04-04T21:52:11.748+0000] {dag.py:3047} INFO - Sync 1 DAGs
[2024-04-04T21:52:11.765+0000] {logging_mixin.py:188} INFO - [2024-04-04T21:52:11.765+0000] {dag.py:3834} INFO - Setting next_dagrun for example_bash_operator to 2024-04-03 00:00:00+00:00, run_after=2024-04-04 00:00:00+00:00
[2024-04-04T21:52:11.780+0000] {processor.py:183} INFO - Processing /home/airflow/.local/lib/python3.8/site-packages/airflow/example_dags/example_bash_operator.py took 0.066 seconds
[2024-04-04T21:52:42.137+0000] {processor.py:161} INFO - Started process (PID=1776) to work on /home/airflow/.local/lib/python3.8/site-packages/airflow/example_dags/example_bash_operator.py
[2024-04-04T21:52:42.138+0000] {processor.py:830} INFO - Processing file /home/airflow/.local/lib/python3.8/site-packages/airflow/example_dags/example_bash_operator.py for tasks to queue
[2024-04-04T21:52:42.139+0000] {logging_mixin.py:188} INFO - [2024-04-04T21:52:42.139+0000] {dagbag.py:540} INFO - Filling up the DagBag from /home/airflow/.local/lib/python3.8/site-packages/airflow/example_dags/example_bash_operator.py
[2024-04-04T21:52:42.147+0000] {processor.py:840} INFO - DAG(s) 'example_bash_operator' retrieved from /home/airflow/.local/lib/python3.8/site-packages/airflow/example_dags/example_bash_operator.py
[2024-04-04T21:52:42.170+0000] {logging_mixin.py:188} INFO - [2024-04-04T21:52:42.170+0000] {dag.py:3047} INFO - Sync 1 DAGs
[2024-04-04T21:52:42.186+0000] {logging_mixin.py:188} INFO - [2024-04-04T21:52:42.186+0000] {dag.py:3834} INFO - Setting next_dagrun for example_bash_operator to 2024-04-03 00:00:00+00:00, run_after=2024-04-04 00:00:00+00:00
[2024-04-04T21:52:42.199+0000] {processor.py:183} INFO - Processing /home/airflow/.local/lib/python3.8/site-packages/airflow/example_dags/example_bash_operator.py took 0.065 seconds
[2024-04-04T21:53:12.372+0000] {processor.py:161} INFO - Started process (PID=1831) to work on /home/airflow/.local/lib/python3.8/site-packages/airflow/example_dags/example_bash_operator.py
[2024-04-04T21:53:12.373+0000] {processor.py:830} INFO - Processing file /home/airflow/.local/lib/python3.8/site-packages/airflow/example_dags/example_bash_operator.py for tasks to queue
[2024-04-04T21:53:12.375+0000] {logging_mixin.py:188} INFO - [2024-04-04T21:53:12.375+0000] {dagbag.py:540} INFO - Filling up the DagBag from /home/airflow/.local/lib/python3.8/site-packages/airflow/example_dags/example_bash_operator.py
[2024-04-04T21:53:12.385+0000] {processor.py:840} INFO - DAG(s) 'example_bash_operator' retrieved from /home/airflow/.local/lib/python3.8/site-packages/airflow/example_dags/example_bash_operator.py
[2024-04-04T21:53:12.411+0000] {logging_mixin.py:188} INFO - [2024-04-04T21:53:12.410+0000] {dag.py:3047} INFO - Sync 1 DAGs
[2024-04-04T21:53:12.428+0000] {logging_mixin.py:188} INFO - [2024-04-04T21:53:12.428+0000] {dag.py:3834} INFO - Setting next_dagrun for example_bash_operator to 2024-04-03 00:00:00+00:00, run_after=2024-04-04 00:00:00+00:00
[2024-04-04T21:53:12.444+0000] {processor.py:183} INFO - Processing /home/airflow/.local/lib/python3.8/site-packages/airflow/example_dags/example_bash_operator.py took 0.075 seconds
[2024-04-04T21:53:42.609+0000] {processor.py:161} INFO - Started process (PID=1886) to work on /home/airflow/.local/lib/python3.8/site-packages/airflow/example_dags/example_bash_operator.py
[2024-04-04T21:53:42.610+0000] {processor.py:830} INFO - Processing file /home/airflow/.local/lib/python3.8/site-packages/airflow/example_dags/example_bash_operator.py for tasks to queue
[2024-04-04T21:53:42.611+0000] {logging_mixin.py:188} INFO - [2024-04-04T21:53:42.611+0000] {dagbag.py:540} INFO - Filling up the DagBag from /home/airflow/.local/lib/python3.8/site-packages/airflow/example_dags/example_bash_operator.py
[2024-04-04T21:53:42.620+0000] {processor.py:840} INFO - DAG(s) 'example_bash_operator' retrieved from /home/airflow/.local/lib/python3.8/site-packages/airflow/example_dags/example_bash_operator.py
[2024-04-04T21:53:42.643+0000] {logging_mixin.py:188} INFO - [2024-04-04T21:53:42.643+0000] {dag.py:3047} INFO - Sync 1 DAGs
[2024-04-04T21:53:42.659+0000] {logging_mixin.py:188} INFO - [2024-04-04T21:53:42.659+0000] {dag.py:3834} INFO - Setting next_dagrun for example_bash_operator to 2024-04-03 00:00:00+00:00, run_after=2024-04-04 00:00:00+00:00
[2024-04-04T21:53:42.673+0000] {processor.py:183} INFO - Processing /home/airflow/.local/lib/python3.8/site-packages/airflow/example_dags/example_bash_operator.py took 0.066 seconds
[2024-04-04T21:54:12.700+0000] {processor.py:161} INFO - Started process (PID=1941) to work on /home/airflow/.local/lib/python3.8/site-packages/airflow/example_dags/example_bash_operator.py
[2024-04-04T21:54:12.700+0000] {processor.py:830} INFO - Processing file /home/airflow/.local/lib/python3.8/site-packages/airflow/example_dags/example_bash_operator.py for tasks to queue
[2024-04-04T21:54:12.702+0000] {logging_mixin.py:188} INFO - [2024-04-04T21:54:12.701+0000] {dagbag.py:540} INFO - Filling up the DagBag from /home/airflow/.local/lib/python3.8/site-packages/airflow/example_dags/example_bash_operator.py
[2024-04-04T21:54:12.711+0000] {processor.py:840} INFO - DAG(s) 'example_bash_operator' retrieved from /home/airflow/.local/lib/python3.8/site-packages/airflow/example_dags/example_bash_operator.py
[2024-04-04T21:54:12.733+0000] {logging_mixin.py:188} INFO - [2024-04-04T21:54:12.732+0000] {dag.py:3047} INFO - Sync 1 DAGs
[2024-04-04T21:54:12.749+0000] {logging_mixin.py:188} INFO - [2024-04-04T21:54:12.749+0000] {dag.py:3834} INFO - Setting next_dagrun for example_bash_operator to 2024-04-03 00:00:00+00:00, run_after=2024-04-04 00:00:00+00:00
[2024-04-04T21:54:12.763+0000] {processor.py:183} INFO - Processing /home/airflow/.local/lib/python3.8/site-packages/airflow/example_dags/example_bash_operator.py took 0.065 seconds
[2024-04-04T21:54:43.103+0000] {processor.py:161} INFO - Started process (PID=1996) to work on /home/airflow/.local/lib/python3.8/site-packages/airflow/example_dags/example_bash_operator.py
[2024-04-04T21:54:43.103+0000] {processor.py:830} INFO - Processing file /home/airflow/.local/lib/python3.8/site-packages/airflow/example_dags/example_bash_operator.py for tasks to queue
[2024-04-04T21:54:43.104+0000] {logging_mixin.py:188} INFO - [2024-04-04T21:54:43.104+0000] {dagbag.py:540} INFO - Filling up the DagBag from /home/airflow/.local/lib/python3.8/site-packages/airflow/example_dags/example_bash_operator.py
[2024-04-04T21:54:43.112+0000] {processor.py:840} INFO - DAG(s) 'example_bash_operator' retrieved from /home/airflow/.local/lib/python3.8/site-packages/airflow/example_dags/example_bash_operator.py
[2024-04-04T21:54:43.138+0000] {logging_mixin.py:188} INFO - [2024-04-04T21:54:43.138+0000] {dag.py:3047} INFO - Sync 1 DAGs
[2024-04-04T21:54:43.154+0000] {logging_mixin.py:188} INFO - [2024-04-04T21:54:43.154+0000] {dag.py:3834} INFO - Setting next_dagrun for example_bash_operator to 2024-04-03 00:00:00+00:00, run_after=2024-04-04 00:00:00+00:00
[2024-04-04T21:54:43.168+0000] {processor.py:183} INFO - Processing /home/airflow/.local/lib/python3.8/site-packages/airflow/example_dags/example_bash_operator.py took 0.067 seconds
[2024-04-04T21:55:13.215+0000] {processor.py:161} INFO - Started process (PID=2051) to work on /home/airflow/.local/lib/python3.8/site-packages/airflow/example_dags/example_bash_operator.py
[2024-04-04T21:55:13.216+0000] {processor.py:830} INFO - Processing file /home/airflow/.local/lib/python3.8/site-packages/airflow/example_dags/example_bash_operator.py for tasks to queue
[2024-04-04T21:55:13.218+0000] {logging_mixin.py:188} INFO - [2024-04-04T21:55:13.217+0000] {dagbag.py:540} INFO - Filling up the DagBag from /home/airflow/.local/lib/python3.8/site-packages/airflow/example_dags/example_bash_operator.py
[2024-04-04T21:55:13.226+0000] {processor.py:840} INFO - DAG(s) 'example_bash_operator' retrieved from /home/airflow/.local/lib/python3.8/site-packages/airflow/example_dags/example_bash_operator.py
[2024-04-04T21:55:13.249+0000] {logging_mixin.py:188} INFO - [2024-04-04T21:55:13.249+0000] {dag.py:3047} INFO - Sync 1 DAGs
[2024-04-04T21:55:13.267+0000] {logging_mixin.py:188} INFO - [2024-04-04T21:55:13.266+0000] {dag.py:3834} INFO - Setting next_dagrun for example_bash_operator to 2024-04-03 00:00:00+00:00, run_after=2024-04-04 00:00:00+00:00
[2024-04-04T21:55:13.281+0000] {processor.py:183} INFO - Processing /home/airflow/.local/lib/python3.8/site-packages/airflow/example_dags/example_bash_operator.py took 0.068 seconds
[2024-04-04T21:55:43.563+0000] {processor.py:161} INFO - Started process (PID=2106) to work on /home/airflow/.local/lib/python3.8/site-packages/airflow/example_dags/example_bash_operator.py
[2024-04-04T21:55:43.564+0000] {processor.py:830} INFO - Processing file /home/airflow/.local/lib/python3.8/site-packages/airflow/example_dags/example_bash_operator.py for tasks to queue
[2024-04-04T21:55:43.565+0000] {logging_mixin.py:188} INFO - [2024-04-04T21:55:43.565+0000] {dagbag.py:540} INFO - Filling up the DagBag from /home/airflow/.local/lib/python3.8/site-packages/airflow/example_dags/example_bash_operator.py
[2024-04-04T21:55:43.573+0000] {processor.py:840} INFO - DAG(s) 'example_bash_operator' retrieved from /home/airflow/.local/lib/python3.8/site-packages/airflow/example_dags/example_bash_operator.py
[2024-04-04T21:55:43.596+0000] {logging_mixin.py:188} INFO - [2024-04-04T21:55:43.596+0000] {dag.py:3047} INFO - Sync 1 DAGs
[2024-04-04T21:55:43.614+0000] {logging_mixin.py:188} INFO - [2024-04-04T21:55:43.614+0000] {dag.py:3834} INFO - Setting next_dagrun for example_bash_operator to 2024-04-03 00:00:00+00:00, run_after=2024-04-04 00:00:00+00:00
[2024-04-04T21:55:43.628+0000] {processor.py:183} INFO - Processing /home/airflow/.local/lib/python3.8/site-packages/airflow/example_dags/example_bash_operator.py took 0.066 seconds
[2024-04-04T21:56:13.863+0000] {processor.py:161} INFO - Started process (PID=2161) to work on /home/airflow/.local/lib/python3.8/site-packages/airflow/example_dags/example_bash_operator.py
[2024-04-04T21:56:13.863+0000] {processor.py:830} INFO - Processing file /home/airflow/.local/lib/python3.8/site-packages/airflow/example_dags/example_bash_operator.py for tasks to queue
[2024-04-04T21:56:13.864+0000] {logging_mixin.py:188} INFO - [2024-04-04T21:56:13.864+0000] {dagbag.py:540} INFO - Filling up the DagBag from /home/airflow/.local/lib/python3.8/site-packages/airflow/example_dags/example_bash_operator.py
[2024-04-04T21:56:13.872+0000] {processor.py:840} INFO - DAG(s) 'example_bash_operator' retrieved from /home/airflow/.local/lib/python3.8/site-packages/airflow/example_dags/example_bash_operator.py
[2024-04-04T21:56:13.895+0000] {logging_mixin.py:188} INFO - [2024-04-04T21:56:13.895+0000] {dag.py:3047} INFO - Sync 1 DAGs
[2024-04-04T21:56:13.912+0000] {logging_mixin.py:188} INFO - [2024-04-04T21:56:13.912+0000] {dag.py:3834} INFO - Setting next_dagrun for example_bash_operator to 2024-04-03 00:00:00+00:00, run_after=2024-04-04 00:00:00+00:00
[2024-04-04T21:56:13.926+0000] {processor.py:183} INFO - Processing /home/airflow/.local/lib/python3.8/site-packages/airflow/example_dags/example_bash_operator.py took 0.065 seconds
[2024-04-04T21:56:44.006+0000] {processor.py:161} INFO - Started process (PID=2216) to work on /home/airflow/.local/lib/python3.8/site-packages/airflow/example_dags/example_bash_operator.py
[2024-04-04T21:56:44.007+0000] {processor.py:830} INFO - Processing file /home/airflow/.local/lib/python3.8/site-packages/airflow/example_dags/example_bash_operator.py for tasks to queue
[2024-04-04T21:56:44.008+0000] {logging_mixin.py:188} INFO - [2024-04-04T21:56:44.008+0000] {dagbag.py:540} INFO - Filling up the DagBag from /home/airflow/.local/lib/python3.8/site-packages/airflow/example_dags/example_bash_operator.py
[2024-04-04T21:56:44.017+0000] {processor.py:840} INFO - DAG(s) 'example_bash_operator' retrieved from /home/airflow/.local/lib/python3.8/site-packages/airflow/example_dags/example_bash_operator.py
[2024-04-04T21:56:44.041+0000] {logging_mixin.py:188} INFO - [2024-04-04T21:56:44.041+0000] {dag.py:3047} INFO - Sync 1 DAGs
[2024-04-04T21:56:44.059+0000] {logging_mixin.py:188} INFO - [2024-04-04T21:56:44.059+0000] {dag.py:3834} INFO - Setting next_dagrun for example_bash_operator to 2024-04-03 00:00:00+00:00, run_after=2024-04-04 00:00:00+00:00
[2024-04-04T21:56:44.074+0000] {processor.py:183} INFO - Processing /home/airflow/.local/lib/python3.8/site-packages/airflow/example_dags/example_bash_operator.py took 0.069 seconds
[2024-04-04T21:57:14.205+0000] {processor.py:161} INFO - Started process (PID=2271) to work on /home/airflow/.local/lib/python3.8/site-packages/airflow/example_dags/example_bash_operator.py
[2024-04-04T21:57:14.206+0000] {processor.py:830} INFO - Processing file /home/airflow/.local/lib/python3.8/site-packages/airflow/example_dags/example_bash_operator.py for tasks to queue
[2024-04-04T21:57:14.208+0000] {logging_mixin.py:188} INFO - [2024-04-04T21:57:14.207+0000] {dagbag.py:540} INFO - Filling up the DagBag from /home/airflow/.local/lib/python3.8/site-packages/airflow/example_dags/example_bash_operator.py
[2024-04-04T21:57:14.217+0000] {processor.py:840} INFO - DAG(s) 'example_bash_operator' retrieved from /home/airflow/.local/lib/python3.8/site-packages/airflow/example_dags/example_bash_operator.py
[2024-04-04T21:57:14.251+0000] {logging_mixin.py:188} INFO - [2024-04-04T21:57:14.251+0000] {dag.py:3047} INFO - Sync 1 DAGs
[2024-04-04T21:57:14.276+0000] {logging_mixin.py:188} INFO - [2024-04-04T21:57:14.276+0000] {dag.py:3834} INFO - Setting next_dagrun for example_bash_operator to 2024-04-03 00:00:00+00:00, run_after=2024-04-04 00:00:00+00:00
[2024-04-04T21:57:14.295+0000] {processor.py:183} INFO - Processing /home/airflow/.local/lib/python3.8/site-packages/airflow/example_dags/example_bash_operator.py took 0.093 seconds
[2024-04-04T21:57:44.609+0000] {processor.py:161} INFO - Started process (PID=2326) to work on /home/airflow/.local/lib/python3.8/site-packages/airflow/example_dags/example_bash_operator.py
[2024-04-04T21:57:44.610+0000] {processor.py:830} INFO - Processing file /home/airflow/.local/lib/python3.8/site-packages/airflow/example_dags/example_bash_operator.py for tasks to queue
[2024-04-04T21:57:44.613+0000] {logging_mixin.py:188} INFO - [2024-04-04T21:57:44.612+0000] {dagbag.py:540} INFO - Filling up the DagBag from /home/airflow/.local/lib/python3.8/site-packages/airflow/example_dags/example_bash_operator.py
[2024-04-04T21:57:44.623+0000] {processor.py:840} INFO - DAG(s) 'example_bash_operator' retrieved from /home/airflow/.local/lib/python3.8/site-packages/airflow/example_dags/example_bash_operator.py
[2024-04-04T21:57:44.653+0000] {logging_mixin.py:188} INFO - [2024-04-04T21:57:44.653+0000] {dag.py:3047} INFO - Sync 1 DAGs
[2024-04-04T21:57:44.676+0000] {logging_mixin.py:188} INFO - [2024-04-04T21:57:44.676+0000] {dag.py:3834} INFO - Setting next_dagrun for example_bash_operator to 2024-04-03 00:00:00+00:00, run_after=2024-04-04 00:00:00+00:00
[2024-04-04T21:57:44.697+0000] {processor.py:183} INFO - Processing /home/airflow/.local/lib/python3.8/site-packages/airflow/example_dags/example_bash_operator.py took 0.091 seconds
[2024-04-04T21:58:15.701+0000] {processor.py:161} INFO - Started process (PID=2381) to work on /home/airflow/.local/lib/python3.8/site-packages/airflow/example_dags/example_bash_operator.py
[2024-04-04T21:58:15.702+0000] {processor.py:830} INFO - Processing file /home/airflow/.local/lib/python3.8/site-packages/airflow/example_dags/example_bash_operator.py for tasks to queue
[2024-04-04T21:58:15.703+0000] {logging_mixin.py:188} INFO - [2024-04-04T21:58:15.703+0000] {dagbag.py:540} INFO - Filling up the DagBag from /home/airflow/.local/lib/python3.8/site-packages/airflow/example_dags/example_bash_operator.py
[2024-04-04T21:58:15.713+0000] {processor.py:840} INFO - DAG(s) 'example_bash_operator' retrieved from /home/airflow/.local/lib/python3.8/site-packages/airflow/example_dags/example_bash_operator.py
[2024-04-04T21:58:15.739+0000] {logging_mixin.py:188} INFO - [2024-04-04T21:58:15.739+0000] {dag.py:3047} INFO - Sync 1 DAGs
[2024-04-04T21:58:15.757+0000] {logging_mixin.py:188} INFO - [2024-04-04T21:58:15.757+0000] {dag.py:3834} INFO - Setting next_dagrun for example_bash_operator to 2024-04-03 00:00:00+00:00, run_after=2024-04-04 00:00:00+00:00
[2024-04-04T21:58:15.771+0000] {processor.py:183} INFO - Processing /home/airflow/.local/lib/python3.8/site-packages/airflow/example_dags/example_bash_operator.py took 0.072 seconds
[2024-04-04T21:58:46.502+0000] {processor.py:161} INFO - Started process (PID=2436) to work on /home/airflow/.local/lib/python3.8/site-packages/airflow/example_dags/example_bash_operator.py
[2024-04-04T21:58:46.504+0000] {processor.py:830} INFO - Processing file /home/airflow/.local/lib/python3.8/site-packages/airflow/example_dags/example_bash_operator.py for tasks to queue
[2024-04-04T21:58:46.506+0000] {logging_mixin.py:188} INFO - [2024-04-04T21:58:46.505+0000] {dagbag.py:540} INFO - Filling up the DagBag from /home/airflow/.local/lib/python3.8/site-packages/airflow/example_dags/example_bash_operator.py
[2024-04-04T21:58:46.522+0000] {processor.py:840} INFO - DAG(s) 'example_bash_operator' retrieved from /home/airflow/.local/lib/python3.8/site-packages/airflow/example_dags/example_bash_operator.py
[2024-04-04T21:58:46.571+0000] {logging_mixin.py:188} INFO - [2024-04-04T21:58:46.571+0000] {dag.py:3047} INFO - Sync 1 DAGs
[2024-04-04T21:58:46.594+0000] {logging_mixin.py:188} INFO - [2024-04-04T21:58:46.594+0000] {dag.py:3834} INFO - Setting next_dagrun for example_bash_operator to 2024-04-03 00:00:00+00:00, run_after=2024-04-04 00:00:00+00:00
[2024-04-04T21:58:46.617+0000] {processor.py:183} INFO - Processing /home/airflow/.local/lib/python3.8/site-packages/airflow/example_dags/example_bash_operator.py took 0.120 seconds
[2024-04-04T21:59:16.827+0000] {processor.py:161} INFO - Started process (PID=2491) to work on /home/airflow/.local/lib/python3.8/site-packages/airflow/example_dags/example_bash_operator.py
[2024-04-04T21:59:16.828+0000] {processor.py:830} INFO - Processing file /home/airflow/.local/lib/python3.8/site-packages/airflow/example_dags/example_bash_operator.py for tasks to queue
[2024-04-04T21:59:16.831+0000] {logging_mixin.py:188} INFO - [2024-04-04T21:59:16.831+0000] {dagbag.py:540} INFO - Filling up the DagBag from /home/airflow/.local/lib/python3.8/site-packages/airflow/example_dags/example_bash_operator.py
[2024-04-04T21:59:16.862+0000] {processor.py:840} INFO - DAG(s) 'example_bash_operator' retrieved from /home/airflow/.local/lib/python3.8/site-packages/airflow/example_dags/example_bash_operator.py
[2024-04-04T21:59:16.920+0000] {logging_mixin.py:188} INFO - [2024-04-04T21:59:16.920+0000] {dag.py:3047} INFO - Sync 1 DAGs
[2024-04-04T21:59:16.964+0000] {logging_mixin.py:188} INFO - [2024-04-04T21:59:16.964+0000] {dag.py:3834} INFO - Setting next_dagrun for example_bash_operator to 2024-04-03 00:00:00+00:00, run_after=2024-04-04 00:00:00+00:00
[2024-04-04T21:59:17.011+0000] {processor.py:183} INFO - Processing /home/airflow/.local/lib/python3.8/site-packages/airflow/example_dags/example_bash_operator.py took 0.188 seconds
[2024-04-04T21:59:48.000+0000] {processor.py:161} INFO - Started process (PID=2546) to work on /home/airflow/.local/lib/python3.8/site-packages/airflow/example_dags/example_bash_operator.py
[2024-04-04T21:59:48.017+0000] {processor.py:830} INFO - Processing file /home/airflow/.local/lib/python3.8/site-packages/airflow/example_dags/example_bash_operator.py for tasks to queue
[2024-04-04T21:59:48.019+0000] {logging_mixin.py:188} INFO - [2024-04-04T21:59:48.018+0000] {dagbag.py:540} INFO - Filling up the DagBag from /home/airflow/.local/lib/python3.8/site-packages/airflow/example_dags/example_bash_operator.py
[2024-04-04T21:59:48.030+0000] {processor.py:840} INFO - DAG(s) 'example_bash_operator' retrieved from /home/airflow/.local/lib/python3.8/site-packages/airflow/example_dags/example_bash_operator.py
[2024-04-04T21:59:48.063+0000] {logging_mixin.py:188} INFO - [2024-04-04T21:59:48.063+0000] {dag.py:3047} INFO - Sync 1 DAGs
[2024-04-04T21:59:48.087+0000] {logging_mixin.py:188} INFO - [2024-04-04T21:59:48.087+0000] {dag.py:3834} INFO - Setting next_dagrun for example_bash_operator to 2024-04-03 00:00:00+00:00, run_after=2024-04-04 00:00:00+00:00
[2024-04-04T21:59:48.128+0000] {processor.py:183} INFO - Processing /home/airflow/.local/lib/python3.8/site-packages/airflow/example_dags/example_bash_operator.py took 0.132 seconds
[2024-04-04T22:00:18.415+0000] {processor.py:161} INFO - Started process (PID=2599) to work on /home/airflow/.local/lib/python3.8/site-packages/airflow/example_dags/example_bash_operator.py
[2024-04-04T22:00:18.424+0000] {processor.py:830} INFO - Processing file /home/airflow/.local/lib/python3.8/site-packages/airflow/example_dags/example_bash_operator.py for tasks to queue
[2024-04-04T22:00:18.426+0000] {logging_mixin.py:188} INFO - [2024-04-04T22:00:18.426+0000] {dagbag.py:540} INFO - Filling up the DagBag from /home/airflow/.local/lib/python3.8/site-packages/airflow/example_dags/example_bash_operator.py
[2024-04-04T22:00:18.439+0000] {processor.py:840} INFO - DAG(s) 'example_bash_operator' retrieved from /home/airflow/.local/lib/python3.8/site-packages/airflow/example_dags/example_bash_operator.py
[2024-04-04T22:00:18.482+0000] {logging_mixin.py:188} INFO - [2024-04-04T22:00:18.482+0000] {dag.py:3047} INFO - Sync 1 DAGs
[2024-04-04T22:00:18.507+0000] {logging_mixin.py:188} INFO - [2024-04-04T22:00:18.507+0000] {dag.py:3834} INFO - Setting next_dagrun for example_bash_operator to 2024-04-03 00:00:00+00:00, run_after=2024-04-04 00:00:00+00:00
[2024-04-04T22:00:18.616+0000] {processor.py:183} INFO - Processing /home/airflow/.local/lib/python3.8/site-packages/airflow/example_dags/example_bash_operator.py took 0.205 seconds
