[2024-04-04T21:37:00.749+0000] {processor.py:161} INFO - Started process (PID=80) to work on /home/airflow/.local/lib/python3.8/site-packages/airflow/example_dags/example_external_task_marker_dag.py
[2024-04-04T21:37:00.750+0000] {processor.py:830} INFO - Processing file /home/airflow/.local/lib/python3.8/site-packages/airflow/example_dags/example_external_task_marker_dag.py for tasks to queue
[2024-04-04T21:37:00.753+0000] {logging_mixin.py:188} INFO - [2024-04-04T21:37:00.753+0000] {dagbag.py:540} INFO - Filling up the DagBag from /home/airflow/.local/lib/python3.8/site-packages/airflow/example_dags/example_external_task_marker_dag.py
[2024-04-04T21:37:00.759+0000] {processor.py:840} INFO - DAG(s) 'example_external_task_marker_parent', 'example_external_task_marker_child' retrieved from /home/airflow/.local/lib/python3.8/site-packages/airflow/example_dags/example_external_task_marker_dag.py
[2024-04-04T21:37:00.780+0000] {logging_mixin.py:188} INFO - [2024-04-04T21:37:00.780+0000] {dag.py:3047} INFO - Sync 2 DAGs
[2024-04-04T21:37:00.791+0000] {logging_mixin.py:188} INFO - [2024-04-04T21:37:00.791+0000] {dag.py:3834} INFO - Setting next_dagrun for example_external_task_marker_child to None, run_after=None
[2024-04-04T21:37:00.795+0000] {logging_mixin.py:188} INFO - [2024-04-04T21:37:00.795+0000] {dag.py:3834} INFO - Setting next_dagrun for example_external_task_marker_parent to None, run_after=None
[2024-04-04T21:37:00.812+0000] {processor.py:183} INFO - Processing /home/airflow/.local/lib/python3.8/site-packages/airflow/example_dags/example_external_task_marker_dag.py took 0.065 seconds
[2024-04-04T21:37:31.048+0000] {processor.py:161} INFO - Started process (PID=135) to work on /home/airflow/.local/lib/python3.8/site-packages/airflow/example_dags/example_external_task_marker_dag.py
[2024-04-04T21:37:31.049+0000] {processor.py:830} INFO - Processing file /home/airflow/.local/lib/python3.8/site-packages/airflow/example_dags/example_external_task_marker_dag.py for tasks to queue
[2024-04-04T21:37:31.050+0000] {logging_mixin.py:188} INFO - [2024-04-04T21:37:31.050+0000] {dagbag.py:540} INFO - Filling up the DagBag from /home/airflow/.local/lib/python3.8/site-packages/airflow/example_dags/example_external_task_marker_dag.py
[2024-04-04T21:37:31.054+0000] {processor.py:840} INFO - DAG(s) 'example_external_task_marker_child', 'example_external_task_marker_parent' retrieved from /home/airflow/.local/lib/python3.8/site-packages/airflow/example_dags/example_external_task_marker_dag.py
[2024-04-04T21:37:31.073+0000] {logging_mixin.py:188} INFO - [2024-04-04T21:37:31.073+0000] {dag.py:3047} INFO - Sync 2 DAGs
[2024-04-04T21:37:31.085+0000] {logging_mixin.py:188} INFO - [2024-04-04T21:37:31.085+0000] {dag.py:3834} INFO - Setting next_dagrun for example_external_task_marker_child to None, run_after=None
[2024-04-04T21:37:31.088+0000] {logging_mixin.py:188} INFO - [2024-04-04T21:37:31.088+0000] {dag.py:3834} INFO - Setting next_dagrun for example_external_task_marker_parent to None, run_after=None
[2024-04-04T21:37:31.102+0000] {processor.py:183} INFO - Processing /home/airflow/.local/lib/python3.8/site-packages/airflow/example_dags/example_external_task_marker_dag.py took 0.056 seconds
[2024-04-04T21:38:01.308+0000] {processor.py:161} INFO - Started process (PID=190) to work on /home/airflow/.local/lib/python3.8/site-packages/airflow/example_dags/example_external_task_marker_dag.py
[2024-04-04T21:38:01.311+0000] {processor.py:830} INFO - Processing file /home/airflow/.local/lib/python3.8/site-packages/airflow/example_dags/example_external_task_marker_dag.py for tasks to queue
[2024-04-04T21:38:01.313+0000] {logging_mixin.py:188} INFO - [2024-04-04T21:38:01.313+0000] {dagbag.py:540} INFO - Filling up the DagBag from /home/airflow/.local/lib/python3.8/site-packages/airflow/example_dags/example_external_task_marker_dag.py
[2024-04-04T21:38:01.320+0000] {processor.py:840} INFO - DAG(s) 'example_external_task_marker_parent', 'example_external_task_marker_child' retrieved from /home/airflow/.local/lib/python3.8/site-packages/airflow/example_dags/example_external_task_marker_dag.py
[2024-04-04T21:38:01.343+0000] {logging_mixin.py:188} INFO - [2024-04-04T21:38:01.342+0000] {dag.py:3047} INFO - Sync 2 DAGs
[2024-04-04T21:38:01.352+0000] {logging_mixin.py:188} INFO - [2024-04-04T21:38:01.352+0000] {dag.py:3834} INFO - Setting next_dagrun for example_external_task_marker_child to None, run_after=None
[2024-04-04T21:38:01.355+0000] {logging_mixin.py:188} INFO - [2024-04-04T21:38:01.354+0000] {dag.py:3834} INFO - Setting next_dagrun for example_external_task_marker_parent to None, run_after=None
[2024-04-04T21:38:01.367+0000] {processor.py:183} INFO - Processing /home/airflow/.local/lib/python3.8/site-packages/airflow/example_dags/example_external_task_marker_dag.py took 0.061 seconds
[2024-04-04T21:38:31.739+0000] {processor.py:161} INFO - Started process (PID=245) to work on /home/airflow/.local/lib/python3.8/site-packages/airflow/example_dags/example_external_task_marker_dag.py
[2024-04-04T21:38:31.740+0000] {processor.py:830} INFO - Processing file /home/airflow/.local/lib/python3.8/site-packages/airflow/example_dags/example_external_task_marker_dag.py for tasks to queue
[2024-04-04T21:38:31.741+0000] {logging_mixin.py:188} INFO - [2024-04-04T21:38:31.741+0000] {dagbag.py:540} INFO - Filling up the DagBag from /home/airflow/.local/lib/python3.8/site-packages/airflow/example_dags/example_external_task_marker_dag.py
[2024-04-04T21:38:31.747+0000] {processor.py:840} INFO - DAG(s) 'example_external_task_marker_child', 'example_external_task_marker_parent' retrieved from /home/airflow/.local/lib/python3.8/site-packages/airflow/example_dags/example_external_task_marker_dag.py
[2024-04-04T21:38:31.765+0000] {logging_mixin.py:188} INFO - [2024-04-04T21:38:31.765+0000] {dag.py:3047} INFO - Sync 2 DAGs
[2024-04-04T21:38:31.775+0000] {logging_mixin.py:188} INFO - [2024-04-04T21:38:31.775+0000] {dag.py:3834} INFO - Setting next_dagrun for example_external_task_marker_child to None, run_after=None
[2024-04-04T21:38:31.778+0000] {logging_mixin.py:188} INFO - [2024-04-04T21:38:31.778+0000] {dag.py:3834} INFO - Setting next_dagrun for example_external_task_marker_parent to None, run_after=None
[2024-04-04T21:38:31.792+0000] {processor.py:183} INFO - Processing /home/airflow/.local/lib/python3.8/site-packages/airflow/example_dags/example_external_task_marker_dag.py took 0.055 seconds
[2024-04-04T21:39:01.955+0000] {processor.py:161} INFO - Started process (PID=301) to work on /home/airflow/.local/lib/python3.8/site-packages/airflow/example_dags/example_external_task_marker_dag.py
[2024-04-04T21:39:01.955+0000] {processor.py:830} INFO - Processing file /home/airflow/.local/lib/python3.8/site-packages/airflow/example_dags/example_external_task_marker_dag.py for tasks to queue
[2024-04-04T21:39:01.957+0000] {logging_mixin.py:188} INFO - [2024-04-04T21:39:01.956+0000] {dagbag.py:540} INFO - Filling up the DagBag from /home/airflow/.local/lib/python3.8/site-packages/airflow/example_dags/example_external_task_marker_dag.py
[2024-04-04T21:39:01.960+0000] {processor.py:840} INFO - DAG(s) 'example_external_task_marker_parent', 'example_external_task_marker_child' retrieved from /home/airflow/.local/lib/python3.8/site-packages/airflow/example_dags/example_external_task_marker_dag.py
[2024-04-04T21:39:01.977+0000] {logging_mixin.py:188} INFO - [2024-04-04T21:39:01.977+0000] {dag.py:3047} INFO - Sync 2 DAGs
[2024-04-04T21:39:01.987+0000] {logging_mixin.py:188} INFO - [2024-04-04T21:39:01.987+0000] {dag.py:3834} INFO - Setting next_dagrun for example_external_task_marker_child to None, run_after=None
[2024-04-04T21:39:01.990+0000] {logging_mixin.py:188} INFO - [2024-04-04T21:39:01.990+0000] {dag.py:3834} INFO - Setting next_dagrun for example_external_task_marker_parent to None, run_after=None
[2024-04-04T21:39:02.003+0000] {processor.py:183} INFO - Processing /home/airflow/.local/lib/python3.8/site-packages/airflow/example_dags/example_external_task_marker_dag.py took 0.050 seconds
[2024-04-04T21:39:32.106+0000] {processor.py:161} INFO - Started process (PID=356) to work on /home/airflow/.local/lib/python3.8/site-packages/airflow/example_dags/example_external_task_marker_dag.py
[2024-04-04T21:39:32.106+0000] {processor.py:830} INFO - Processing file /home/airflow/.local/lib/python3.8/site-packages/airflow/example_dags/example_external_task_marker_dag.py for tasks to queue
[2024-04-04T21:39:32.108+0000] {logging_mixin.py:188} INFO - [2024-04-04T21:39:32.107+0000] {dagbag.py:540} INFO - Filling up the DagBag from /home/airflow/.local/lib/python3.8/site-packages/airflow/example_dags/example_external_task_marker_dag.py
[2024-04-04T21:39:32.112+0000] {processor.py:840} INFO - DAG(s) 'example_external_task_marker_child', 'example_external_task_marker_parent' retrieved from /home/airflow/.local/lib/python3.8/site-packages/airflow/example_dags/example_external_task_marker_dag.py
[2024-04-04T21:39:32.128+0000] {logging_mixin.py:188} INFO - [2024-04-04T21:39:32.128+0000] {dag.py:3047} INFO - Sync 2 DAGs
[2024-04-04T21:39:32.137+0000] {logging_mixin.py:188} INFO - [2024-04-04T21:39:32.137+0000] {dag.py:3834} INFO - Setting next_dagrun for example_external_task_marker_child to None, run_after=None
[2024-04-04T21:39:32.140+0000] {logging_mixin.py:188} INFO - [2024-04-04T21:39:32.140+0000] {dag.py:3834} INFO - Setting next_dagrun for example_external_task_marker_parent to None, run_after=None
[2024-04-04T21:39:32.152+0000] {processor.py:183} INFO - Processing /home/airflow/.local/lib/python3.8/site-packages/airflow/example_dags/example_external_task_marker_dag.py took 0.048 seconds
[2024-04-04T21:40:02.443+0000] {processor.py:161} INFO - Started process (PID=411) to work on /home/airflow/.local/lib/python3.8/site-packages/airflow/example_dags/example_external_task_marker_dag.py
[2024-04-04T21:40:02.444+0000] {processor.py:830} INFO - Processing file /home/airflow/.local/lib/python3.8/site-packages/airflow/example_dags/example_external_task_marker_dag.py for tasks to queue
[2024-04-04T21:40:02.445+0000] {logging_mixin.py:188} INFO - [2024-04-04T21:40:02.445+0000] {dagbag.py:540} INFO - Filling up the DagBag from /home/airflow/.local/lib/python3.8/site-packages/airflow/example_dags/example_external_task_marker_dag.py
[2024-04-04T21:40:02.449+0000] {processor.py:840} INFO - DAG(s) 'example_external_task_marker_child', 'example_external_task_marker_parent' retrieved from /home/airflow/.local/lib/python3.8/site-packages/airflow/example_dags/example_external_task_marker_dag.py
[2024-04-04T21:40:02.468+0000] {logging_mixin.py:188} INFO - [2024-04-04T21:40:02.467+0000] {dag.py:3047} INFO - Sync 2 DAGs
[2024-04-04T21:40:02.477+0000] {logging_mixin.py:188} INFO - [2024-04-04T21:40:02.477+0000] {dag.py:3834} INFO - Setting next_dagrun for example_external_task_marker_child to None, run_after=None
[2024-04-04T21:40:02.480+0000] {logging_mixin.py:188} INFO - [2024-04-04T21:40:02.480+0000] {dag.py:3834} INFO - Setting next_dagrun for example_external_task_marker_parent to None, run_after=None
[2024-04-04T21:40:02.493+0000] {processor.py:183} INFO - Processing /home/airflow/.local/lib/python3.8/site-packages/airflow/example_dags/example_external_task_marker_dag.py took 0.052 seconds
[2024-04-04T21:40:32.703+0000] {processor.py:161} INFO - Started process (PID=466) to work on /home/airflow/.local/lib/python3.8/site-packages/airflow/example_dags/example_external_task_marker_dag.py
[2024-04-04T21:40:32.705+0000] {processor.py:830} INFO - Processing file /home/airflow/.local/lib/python3.8/site-packages/airflow/example_dags/example_external_task_marker_dag.py for tasks to queue
[2024-04-04T21:40:32.706+0000] {logging_mixin.py:188} INFO - [2024-04-04T21:40:32.706+0000] {dagbag.py:540} INFO - Filling up the DagBag from /home/airflow/.local/lib/python3.8/site-packages/airflow/example_dags/example_external_task_marker_dag.py
[2024-04-04T21:40:32.711+0000] {processor.py:840} INFO - DAG(s) 'example_external_task_marker_child', 'example_external_task_marker_parent' retrieved from /home/airflow/.local/lib/python3.8/site-packages/airflow/example_dags/example_external_task_marker_dag.py
[2024-04-04T21:40:32.732+0000] {logging_mixin.py:188} INFO - [2024-04-04T21:40:32.731+0000] {dag.py:3047} INFO - Sync 2 DAGs
[2024-04-04T21:40:32.743+0000] {logging_mixin.py:188} INFO - [2024-04-04T21:40:32.743+0000] {dag.py:3834} INFO - Setting next_dagrun for example_external_task_marker_child to None, run_after=None
[2024-04-04T21:40:32.746+0000] {logging_mixin.py:188} INFO - [2024-04-04T21:40:32.746+0000] {dag.py:3834} INFO - Setting next_dagrun for example_external_task_marker_parent to None, run_after=None
[2024-04-04T21:40:32.761+0000] {processor.py:183} INFO - Processing /home/airflow/.local/lib/python3.8/site-packages/airflow/example_dags/example_external_task_marker_dag.py took 0.060 seconds
[2024-04-04T21:41:02.803+0000] {processor.py:161} INFO - Started process (PID=521) to work on /home/airflow/.local/lib/python3.8/site-packages/airflow/example_dags/example_external_task_marker_dag.py
[2024-04-04T21:41:02.804+0000] {processor.py:830} INFO - Processing file /home/airflow/.local/lib/python3.8/site-packages/airflow/example_dags/example_external_task_marker_dag.py for tasks to queue
[2024-04-04T21:41:02.805+0000] {logging_mixin.py:188} INFO - [2024-04-04T21:41:02.805+0000] {dagbag.py:540} INFO - Filling up the DagBag from /home/airflow/.local/lib/python3.8/site-packages/airflow/example_dags/example_external_task_marker_dag.py
[2024-04-04T21:41:02.809+0000] {processor.py:840} INFO - DAG(s) 'example_external_task_marker_child', 'example_external_task_marker_parent' retrieved from /home/airflow/.local/lib/python3.8/site-packages/airflow/example_dags/example_external_task_marker_dag.py
[2024-04-04T21:41:02.825+0000] {logging_mixin.py:188} INFO - [2024-04-04T21:41:02.824+0000] {dag.py:3047} INFO - Sync 2 DAGs
[2024-04-04T21:41:02.834+0000] {logging_mixin.py:188} INFO - [2024-04-04T21:41:02.834+0000] {dag.py:3834} INFO - Setting next_dagrun for example_external_task_marker_child to None, run_after=None
[2024-04-04T21:41:02.837+0000] {logging_mixin.py:188} INFO - [2024-04-04T21:41:02.837+0000] {dag.py:3834} INFO - Setting next_dagrun for example_external_task_marker_parent to None, run_after=None
[2024-04-04T21:41:02.849+0000] {processor.py:183} INFO - Processing /home/airflow/.local/lib/python3.8/site-packages/airflow/example_dags/example_external_task_marker_dag.py took 0.048 seconds
[2024-04-04T21:41:33.484+0000] {processor.py:161} INFO - Started process (PID=576) to work on /home/airflow/.local/lib/python3.8/site-packages/airflow/example_dags/example_external_task_marker_dag.py
[2024-04-04T21:41:33.485+0000] {processor.py:830} INFO - Processing file /home/airflow/.local/lib/python3.8/site-packages/airflow/example_dags/example_external_task_marker_dag.py for tasks to queue
[2024-04-04T21:41:33.486+0000] {logging_mixin.py:188} INFO - [2024-04-04T21:41:33.486+0000] {dagbag.py:540} INFO - Filling up the DagBag from /home/airflow/.local/lib/python3.8/site-packages/airflow/example_dags/example_external_task_marker_dag.py
[2024-04-04T21:41:33.491+0000] {processor.py:840} INFO - DAG(s) 'example_external_task_marker_child', 'example_external_task_marker_parent' retrieved from /home/airflow/.local/lib/python3.8/site-packages/airflow/example_dags/example_external_task_marker_dag.py
[2024-04-04T21:41:33.510+0000] {logging_mixin.py:188} INFO - [2024-04-04T21:41:33.510+0000] {dag.py:3047} INFO - Sync 2 DAGs
[2024-04-04T21:41:33.523+0000] {logging_mixin.py:188} INFO - [2024-04-04T21:41:33.522+0000] {dag.py:3834} INFO - Setting next_dagrun for example_external_task_marker_child to None, run_after=None
[2024-04-04T21:41:33.526+0000] {logging_mixin.py:188} INFO - [2024-04-04T21:41:33.526+0000] {dag.py:3834} INFO - Setting next_dagrun for example_external_task_marker_parent to None, run_after=None
[2024-04-04T21:41:33.544+0000] {processor.py:183} INFO - Processing /home/airflow/.local/lib/python3.8/site-packages/airflow/example_dags/example_external_task_marker_dag.py took 0.062 seconds
[2024-04-04T21:42:04.186+0000] {processor.py:161} INFO - Started process (PID=631) to work on /home/airflow/.local/lib/python3.8/site-packages/airflow/example_dags/example_external_task_marker_dag.py
[2024-04-04T21:42:04.188+0000] {processor.py:830} INFO - Processing file /home/airflow/.local/lib/python3.8/site-packages/airflow/example_dags/example_external_task_marker_dag.py for tasks to queue
[2024-04-04T21:42:04.191+0000] {logging_mixin.py:188} INFO - [2024-04-04T21:42:04.190+0000] {dagbag.py:540} INFO - Filling up the DagBag from /home/airflow/.local/lib/python3.8/site-packages/airflow/example_dags/example_external_task_marker_dag.py
[2024-04-04T21:42:04.196+0000] {processor.py:840} INFO - DAG(s) 'example_external_task_marker_parent', 'example_external_task_marker_child' retrieved from /home/airflow/.local/lib/python3.8/site-packages/airflow/example_dags/example_external_task_marker_dag.py
[2024-04-04T21:42:04.223+0000] {logging_mixin.py:188} INFO - [2024-04-04T21:42:04.223+0000] {dag.py:3047} INFO - Sync 2 DAGs
[2024-04-04T21:42:04.241+0000] {logging_mixin.py:188} INFO - [2024-04-04T21:42:04.241+0000] {dag.py:3834} INFO - Setting next_dagrun for example_external_task_marker_child to None, run_after=None
[2024-04-04T21:42:04.247+0000] {logging_mixin.py:188} INFO - [2024-04-04T21:42:04.246+0000] {dag.py:3834} INFO - Setting next_dagrun for example_external_task_marker_parent to None, run_after=None
[2024-04-04T21:42:04.267+0000] {processor.py:183} INFO - Processing /home/airflow/.local/lib/python3.8/site-packages/airflow/example_dags/example_external_task_marker_dag.py took 0.084 seconds
[2024-04-04T21:42:34.353+0000] {processor.py:161} INFO - Started process (PID=687) to work on /home/airflow/.local/lib/python3.8/site-packages/airflow/example_dags/example_external_task_marker_dag.py
[2024-04-04T21:42:34.354+0000] {processor.py:830} INFO - Processing file /home/airflow/.local/lib/python3.8/site-packages/airflow/example_dags/example_external_task_marker_dag.py for tasks to queue
[2024-04-04T21:42:34.355+0000] {logging_mixin.py:188} INFO - [2024-04-04T21:42:34.355+0000] {dagbag.py:540} INFO - Filling up the DagBag from /home/airflow/.local/lib/python3.8/site-packages/airflow/example_dags/example_external_task_marker_dag.py
[2024-04-04T21:42:34.359+0000] {processor.py:840} INFO - DAG(s) 'example_external_task_marker_parent', 'example_external_task_marker_child' retrieved from /home/airflow/.local/lib/python3.8/site-packages/airflow/example_dags/example_external_task_marker_dag.py
[2024-04-04T21:42:34.376+0000] {logging_mixin.py:188} INFO - [2024-04-04T21:42:34.375+0000] {dag.py:3047} INFO - Sync 2 DAGs
[2024-04-04T21:42:34.385+0000] {logging_mixin.py:188} INFO - [2024-04-04T21:42:34.385+0000] {dag.py:3834} INFO - Setting next_dagrun for example_external_task_marker_child to None, run_after=None
[2024-04-04T21:42:34.388+0000] {logging_mixin.py:188} INFO - [2024-04-04T21:42:34.388+0000] {dag.py:3834} INFO - Setting next_dagrun for example_external_task_marker_parent to None, run_after=None
[2024-04-04T21:42:34.401+0000] {processor.py:183} INFO - Processing /home/airflow/.local/lib/python3.8/site-packages/airflow/example_dags/example_external_task_marker_dag.py took 0.050 seconds
[2024-04-04T21:43:05.143+0000] {processor.py:161} INFO - Started process (PID=742) to work on /home/airflow/.local/lib/python3.8/site-packages/airflow/example_dags/example_external_task_marker_dag.py
[2024-04-04T21:43:05.144+0000] {processor.py:830} INFO - Processing file /home/airflow/.local/lib/python3.8/site-packages/airflow/example_dags/example_external_task_marker_dag.py for tasks to queue
[2024-04-04T21:43:05.146+0000] {logging_mixin.py:188} INFO - [2024-04-04T21:43:05.145+0000] {dagbag.py:540} INFO - Filling up the DagBag from /home/airflow/.local/lib/python3.8/site-packages/airflow/example_dags/example_external_task_marker_dag.py
[2024-04-04T21:43:05.150+0000] {processor.py:840} INFO - DAG(s) 'example_external_task_marker_parent', 'example_external_task_marker_child' retrieved from /home/airflow/.local/lib/python3.8/site-packages/airflow/example_dags/example_external_task_marker_dag.py
[2024-04-04T21:43:05.168+0000] {logging_mixin.py:188} INFO - [2024-04-04T21:43:05.167+0000] {dag.py:3047} INFO - Sync 2 DAGs
[2024-04-04T21:43:05.178+0000] {logging_mixin.py:188} INFO - [2024-04-04T21:43:05.177+0000] {dag.py:3834} INFO - Setting next_dagrun for example_external_task_marker_child to None, run_after=None
[2024-04-04T21:43:05.181+0000] {logging_mixin.py:188} INFO - [2024-04-04T21:43:05.181+0000] {dag.py:3834} INFO - Setting next_dagrun for example_external_task_marker_parent to None, run_after=None
[2024-04-04T21:43:05.196+0000] {processor.py:183} INFO - Processing /home/airflow/.local/lib/python3.8/site-packages/airflow/example_dags/example_external_task_marker_dag.py took 0.055 seconds
[2024-04-04T21:43:35.421+0000] {processor.py:161} INFO - Started process (PID=797) to work on /home/airflow/.local/lib/python3.8/site-packages/airflow/example_dags/example_external_task_marker_dag.py
[2024-04-04T21:43:35.422+0000] {processor.py:830} INFO - Processing file /home/airflow/.local/lib/python3.8/site-packages/airflow/example_dags/example_external_task_marker_dag.py for tasks to queue
[2024-04-04T21:43:35.423+0000] {logging_mixin.py:188} INFO - [2024-04-04T21:43:35.423+0000] {dagbag.py:540} INFO - Filling up the DagBag from /home/airflow/.local/lib/python3.8/site-packages/airflow/example_dags/example_external_task_marker_dag.py
[2024-04-04T21:43:35.428+0000] {processor.py:840} INFO - DAG(s) 'example_external_task_marker_child', 'example_external_task_marker_parent' retrieved from /home/airflow/.local/lib/python3.8/site-packages/airflow/example_dags/example_external_task_marker_dag.py
[2024-04-04T21:43:35.447+0000] {logging_mixin.py:188} INFO - [2024-04-04T21:43:35.447+0000] {dag.py:3047} INFO - Sync 2 DAGs
[2024-04-04T21:43:35.459+0000] {logging_mixin.py:188} INFO - [2024-04-04T21:43:35.459+0000] {dag.py:3834} INFO - Setting next_dagrun for example_external_task_marker_child to None, run_after=None
[2024-04-04T21:43:35.462+0000] {logging_mixin.py:188} INFO - [2024-04-04T21:43:35.462+0000] {dag.py:3834} INFO - Setting next_dagrun for example_external_task_marker_parent to None, run_after=None
[2024-04-04T21:43:35.477+0000] {processor.py:183} INFO - Processing /home/airflow/.local/lib/python3.8/site-packages/airflow/example_dags/example_external_task_marker_dag.py took 0.058 seconds
[2024-04-04T21:44:05.854+0000] {processor.py:161} INFO - Started process (PID=852) to work on /home/airflow/.local/lib/python3.8/site-packages/airflow/example_dags/example_external_task_marker_dag.py
[2024-04-04T21:44:05.855+0000] {processor.py:830} INFO - Processing file /home/airflow/.local/lib/python3.8/site-packages/airflow/example_dags/example_external_task_marker_dag.py for tasks to queue
[2024-04-04T21:44:05.856+0000] {logging_mixin.py:188} INFO - [2024-04-04T21:44:05.856+0000] {dagbag.py:540} INFO - Filling up the DagBag from /home/airflow/.local/lib/python3.8/site-packages/airflow/example_dags/example_external_task_marker_dag.py
[2024-04-04T21:44:05.861+0000] {processor.py:840} INFO - DAG(s) 'example_external_task_marker_child', 'example_external_task_marker_parent' retrieved from /home/airflow/.local/lib/python3.8/site-packages/airflow/example_dags/example_external_task_marker_dag.py
[2024-04-04T21:44:05.879+0000] {logging_mixin.py:188} INFO - [2024-04-04T21:44:05.879+0000] {dag.py:3047} INFO - Sync 2 DAGs
[2024-04-04T21:44:05.889+0000] {logging_mixin.py:188} INFO - [2024-04-04T21:44:05.889+0000] {dag.py:3834} INFO - Setting next_dagrun for example_external_task_marker_child to None, run_after=None
[2024-04-04T21:44:05.892+0000] {logging_mixin.py:188} INFO - [2024-04-04T21:44:05.892+0000] {dag.py:3834} INFO - Setting next_dagrun for example_external_task_marker_parent to None, run_after=None
[2024-04-04T21:44:05.907+0000] {processor.py:183} INFO - Processing /home/airflow/.local/lib/python3.8/site-packages/airflow/example_dags/example_external_task_marker_dag.py took 0.055 seconds
[2024-04-04T21:44:36.320+0000] {processor.py:161} INFO - Started process (PID=907) to work on /home/airflow/.local/lib/python3.8/site-packages/airflow/example_dags/example_external_task_marker_dag.py
[2024-04-04T21:44:36.320+0000] {processor.py:830} INFO - Processing file /home/airflow/.local/lib/python3.8/site-packages/airflow/example_dags/example_external_task_marker_dag.py for tasks to queue
[2024-04-04T21:44:36.322+0000] {logging_mixin.py:188} INFO - [2024-04-04T21:44:36.322+0000] {dagbag.py:540} INFO - Filling up the DagBag from /home/airflow/.local/lib/python3.8/site-packages/airflow/example_dags/example_external_task_marker_dag.py
[2024-04-04T21:44:36.326+0000] {processor.py:840} INFO - DAG(s) 'example_external_task_marker_child', 'example_external_task_marker_parent' retrieved from /home/airflow/.local/lib/python3.8/site-packages/airflow/example_dags/example_external_task_marker_dag.py
[2024-04-04T21:44:36.343+0000] {logging_mixin.py:188} INFO - [2024-04-04T21:44:36.343+0000] {dag.py:3047} INFO - Sync 2 DAGs
[2024-04-04T21:44:36.352+0000] {logging_mixin.py:188} INFO - [2024-04-04T21:44:36.352+0000] {dag.py:3834} INFO - Setting next_dagrun for example_external_task_marker_child to None, run_after=None
[2024-04-04T21:44:36.355+0000] {logging_mixin.py:188} INFO - [2024-04-04T21:44:36.355+0000] {dag.py:3834} INFO - Setting next_dagrun for example_external_task_marker_parent to None, run_after=None
[2024-04-04T21:44:36.368+0000] {processor.py:183} INFO - Processing /home/airflow/.local/lib/python3.8/site-packages/airflow/example_dags/example_external_task_marker_dag.py took 0.051 seconds
[2024-04-04T21:45:06.421+0000] {processor.py:161} INFO - Started process (PID=962) to work on /home/airflow/.local/lib/python3.8/site-packages/airflow/example_dags/example_external_task_marker_dag.py
[2024-04-04T21:45:06.421+0000] {processor.py:830} INFO - Processing file /home/airflow/.local/lib/python3.8/site-packages/airflow/example_dags/example_external_task_marker_dag.py for tasks to queue
[2024-04-04T21:45:06.423+0000] {logging_mixin.py:188} INFO - [2024-04-04T21:45:06.422+0000] {dagbag.py:540} INFO - Filling up the DagBag from /home/airflow/.local/lib/python3.8/site-packages/airflow/example_dags/example_external_task_marker_dag.py
[2024-04-04T21:45:06.427+0000] {processor.py:840} INFO - DAG(s) 'example_external_task_marker_parent', 'example_external_task_marker_child' retrieved from /home/airflow/.local/lib/python3.8/site-packages/airflow/example_dags/example_external_task_marker_dag.py
[2024-04-04T21:45:06.445+0000] {logging_mixin.py:188} INFO - [2024-04-04T21:45:06.445+0000] {dag.py:3047} INFO - Sync 2 DAGs
[2024-04-04T21:45:06.455+0000] {logging_mixin.py:188} INFO - [2024-04-04T21:45:06.454+0000] {dag.py:3834} INFO - Setting next_dagrun for example_external_task_marker_child to None, run_after=None
[2024-04-04T21:45:06.458+0000] {logging_mixin.py:188} INFO - [2024-04-04T21:45:06.458+0000] {dag.py:3834} INFO - Setting next_dagrun for example_external_task_marker_parent to None, run_after=None
[2024-04-04T21:45:06.471+0000] {processor.py:183} INFO - Processing /home/airflow/.local/lib/python3.8/site-packages/airflow/example_dags/example_external_task_marker_dag.py took 0.053 seconds
[2024-04-04T21:45:36.552+0000] {processor.py:161} INFO - Started process (PID=1017) to work on /home/airflow/.local/lib/python3.8/site-packages/airflow/example_dags/example_external_task_marker_dag.py
[2024-04-04T21:45:36.553+0000] {processor.py:830} INFO - Processing file /home/airflow/.local/lib/python3.8/site-packages/airflow/example_dags/example_external_task_marker_dag.py for tasks to queue
[2024-04-04T21:45:36.554+0000] {logging_mixin.py:188} INFO - [2024-04-04T21:45:36.554+0000] {dagbag.py:540} INFO - Filling up the DagBag from /home/airflow/.local/lib/python3.8/site-packages/airflow/example_dags/example_external_task_marker_dag.py
[2024-04-04T21:45:36.558+0000] {processor.py:840} INFO - DAG(s) 'example_external_task_marker_child', 'example_external_task_marker_parent' retrieved from /home/airflow/.local/lib/python3.8/site-packages/airflow/example_dags/example_external_task_marker_dag.py
[2024-04-04T21:45:36.576+0000] {logging_mixin.py:188} INFO - [2024-04-04T21:45:36.576+0000] {dag.py:3047} INFO - Sync 2 DAGs
[2024-04-04T21:45:36.586+0000] {logging_mixin.py:188} INFO - [2024-04-04T21:45:36.586+0000] {dag.py:3834} INFO - Setting next_dagrun for example_external_task_marker_child to None, run_after=None
[2024-04-04T21:45:36.589+0000] {logging_mixin.py:188} INFO - [2024-04-04T21:45:36.589+0000] {dag.py:3834} INFO - Setting next_dagrun for example_external_task_marker_parent to None, run_after=None
[2024-04-04T21:45:36.603+0000] {processor.py:183} INFO - Processing /home/airflow/.local/lib/python3.8/site-packages/airflow/example_dags/example_external_task_marker_dag.py took 0.053 seconds
[2024-04-04T21:46:07.024+0000] {processor.py:161} INFO - Started process (PID=1072) to work on /home/airflow/.local/lib/python3.8/site-packages/airflow/example_dags/example_external_task_marker_dag.py
[2024-04-04T21:46:07.025+0000] {processor.py:830} INFO - Processing file /home/airflow/.local/lib/python3.8/site-packages/airflow/example_dags/example_external_task_marker_dag.py for tasks to queue
[2024-04-04T21:46:07.026+0000] {logging_mixin.py:188} INFO - [2024-04-04T21:46:07.026+0000] {dagbag.py:540} INFO - Filling up the DagBag from /home/airflow/.local/lib/python3.8/site-packages/airflow/example_dags/example_external_task_marker_dag.py
[2024-04-04T21:46:07.030+0000] {processor.py:840} INFO - DAG(s) 'example_external_task_marker_parent', 'example_external_task_marker_child' retrieved from /home/airflow/.local/lib/python3.8/site-packages/airflow/example_dags/example_external_task_marker_dag.py
[2024-04-04T21:46:07.050+0000] {logging_mixin.py:188} INFO - [2024-04-04T21:46:07.050+0000] {dag.py:3047} INFO - Sync 2 DAGs
[2024-04-04T21:46:07.060+0000] {logging_mixin.py:188} INFO - [2024-04-04T21:46:07.059+0000] {dag.py:3834} INFO - Setting next_dagrun for example_external_task_marker_child to None, run_after=None
[2024-04-04T21:46:07.064+0000] {logging_mixin.py:188} INFO - [2024-04-04T21:46:07.063+0000] {dag.py:3834} INFO - Setting next_dagrun for example_external_task_marker_parent to None, run_after=None
[2024-04-04T21:46:07.078+0000] {processor.py:183} INFO - Processing /home/airflow/.local/lib/python3.8/site-packages/airflow/example_dags/example_external_task_marker_dag.py took 0.056 seconds
[2024-04-04T21:46:37.233+0000] {processor.py:161} INFO - Started process (PID=1127) to work on /home/airflow/.local/lib/python3.8/site-packages/airflow/example_dags/example_external_task_marker_dag.py
[2024-04-04T21:46:37.234+0000] {processor.py:830} INFO - Processing file /home/airflow/.local/lib/python3.8/site-packages/airflow/example_dags/example_external_task_marker_dag.py for tasks to queue
[2024-04-04T21:46:37.236+0000] {logging_mixin.py:188} INFO - [2024-04-04T21:46:37.236+0000] {dagbag.py:540} INFO - Filling up the DagBag from /home/airflow/.local/lib/python3.8/site-packages/airflow/example_dags/example_external_task_marker_dag.py
[2024-04-04T21:46:37.241+0000] {processor.py:840} INFO - DAG(s) 'example_external_task_marker_parent', 'example_external_task_marker_child' retrieved from /home/airflow/.local/lib/python3.8/site-packages/airflow/example_dags/example_external_task_marker_dag.py
[2024-04-04T21:46:37.262+0000] {logging_mixin.py:188} INFO - [2024-04-04T21:46:37.262+0000] {dag.py:3047} INFO - Sync 2 DAGs
[2024-04-04T21:46:37.274+0000] {logging_mixin.py:188} INFO - [2024-04-04T21:46:37.274+0000] {dag.py:3834} INFO - Setting next_dagrun for example_external_task_marker_child to None, run_after=None
[2024-04-04T21:46:37.277+0000] {logging_mixin.py:188} INFO - [2024-04-04T21:46:37.277+0000] {dag.py:3834} INFO - Setting next_dagrun for example_external_task_marker_parent to None, run_after=None
[2024-04-04T21:46:37.293+0000] {processor.py:183} INFO - Processing /home/airflow/.local/lib/python3.8/site-packages/airflow/example_dags/example_external_task_marker_dag.py took 0.062 seconds
[2024-04-04T21:47:07.562+0000] {processor.py:161} INFO - Started process (PID=1182) to work on /home/airflow/.local/lib/python3.8/site-packages/airflow/example_dags/example_external_task_marker_dag.py
[2024-04-04T21:47:07.563+0000] {processor.py:830} INFO - Processing file /home/airflow/.local/lib/python3.8/site-packages/airflow/example_dags/example_external_task_marker_dag.py for tasks to queue
[2024-04-04T21:47:07.565+0000] {logging_mixin.py:188} INFO - [2024-04-04T21:47:07.564+0000] {dagbag.py:540} INFO - Filling up the DagBag from /home/airflow/.local/lib/python3.8/site-packages/airflow/example_dags/example_external_task_marker_dag.py
[2024-04-04T21:47:07.571+0000] {processor.py:840} INFO - DAG(s) 'example_external_task_marker_parent', 'example_external_task_marker_child' retrieved from /home/airflow/.local/lib/python3.8/site-packages/airflow/example_dags/example_external_task_marker_dag.py
[2024-04-04T21:47:07.594+0000] {logging_mixin.py:188} INFO - [2024-04-04T21:47:07.594+0000] {dag.py:3047} INFO - Sync 2 DAGs
[2024-04-04T21:47:07.608+0000] {logging_mixin.py:188} INFO - [2024-04-04T21:47:07.608+0000] {dag.py:3834} INFO - Setting next_dagrun for example_external_task_marker_child to None, run_after=None
[2024-04-04T21:47:07.613+0000] {logging_mixin.py:188} INFO - [2024-04-04T21:47:07.613+0000] {dag.py:3834} INFO - Setting next_dagrun for example_external_task_marker_parent to None, run_after=None
[2024-04-04T21:47:07.630+0000] {processor.py:183} INFO - Processing /home/airflow/.local/lib/python3.8/site-packages/airflow/example_dags/example_external_task_marker_dag.py took 0.072 seconds
[2024-04-04T21:47:37.835+0000] {processor.py:161} INFO - Started process (PID=1236) to work on /home/airflow/.local/lib/python3.8/site-packages/airflow/example_dags/example_external_task_marker_dag.py
[2024-04-04T21:47:37.836+0000] {processor.py:830} INFO - Processing file /home/airflow/.local/lib/python3.8/site-packages/airflow/example_dags/example_external_task_marker_dag.py for tasks to queue
[2024-04-04T21:47:37.838+0000] {logging_mixin.py:188} INFO - [2024-04-04T21:47:37.837+0000] {dagbag.py:540} INFO - Filling up the DagBag from /home/airflow/.local/lib/python3.8/site-packages/airflow/example_dags/example_external_task_marker_dag.py
[2024-04-04T21:47:37.842+0000] {processor.py:840} INFO - DAG(s) 'example_external_task_marker_child', 'example_external_task_marker_parent' retrieved from /home/airflow/.local/lib/python3.8/site-packages/airflow/example_dags/example_external_task_marker_dag.py
[2024-04-04T21:47:37.861+0000] {logging_mixin.py:188} INFO - [2024-04-04T21:47:37.861+0000] {dag.py:3047} INFO - Sync 2 DAGs
[2024-04-04T21:47:37.873+0000] {logging_mixin.py:188} INFO - [2024-04-04T21:47:37.872+0000] {dag.py:3834} INFO - Setting next_dagrun for example_external_task_marker_child to None, run_after=None
[2024-04-04T21:47:37.876+0000] {logging_mixin.py:188} INFO - [2024-04-04T21:47:37.876+0000] {dag.py:3834} INFO - Setting next_dagrun for example_external_task_marker_parent to None, run_after=None
[2024-04-04T21:47:37.892+0000] {processor.py:183} INFO - Processing /home/airflow/.local/lib/python3.8/site-packages/airflow/example_dags/example_external_task_marker_dag.py took 0.059 seconds
[2024-04-04T21:48:08.698+0000] {processor.py:161} INFO - Started process (PID=1292) to work on /home/airflow/.local/lib/python3.8/site-packages/airflow/example_dags/example_external_task_marker_dag.py
[2024-04-04T21:48:08.701+0000] {processor.py:830} INFO - Processing file /home/airflow/.local/lib/python3.8/site-packages/airflow/example_dags/example_external_task_marker_dag.py for tasks to queue
[2024-04-04T21:48:08.702+0000] {logging_mixin.py:188} INFO - [2024-04-04T21:48:08.702+0000] {dagbag.py:540} INFO - Filling up the DagBag from /home/airflow/.local/lib/python3.8/site-packages/airflow/example_dags/example_external_task_marker_dag.py
[2024-04-04T21:48:08.707+0000] {processor.py:840} INFO - DAG(s) 'example_external_task_marker_parent', 'example_external_task_marker_child' retrieved from /home/airflow/.local/lib/python3.8/site-packages/airflow/example_dags/example_external_task_marker_dag.py
[2024-04-04T21:48:08.730+0000] {logging_mixin.py:188} INFO - [2024-04-04T21:48:08.730+0000] {dag.py:3047} INFO - Sync 2 DAGs
[2024-04-04T21:48:08.741+0000] {logging_mixin.py:188} INFO - [2024-04-04T21:48:08.741+0000] {dag.py:3834} INFO - Setting next_dagrun for example_external_task_marker_child to None, run_after=None
[2024-04-04T21:48:08.745+0000] {logging_mixin.py:188} INFO - [2024-04-04T21:48:08.745+0000] {dag.py:3834} INFO - Setting next_dagrun for example_external_task_marker_parent to None, run_after=None
[2024-04-04T21:48:08.767+0000] {processor.py:183} INFO - Processing /home/airflow/.local/lib/python3.8/site-packages/airflow/example_dags/example_external_task_marker_dag.py took 0.071 seconds
[2024-04-04T21:48:39.438+0000] {processor.py:161} INFO - Started process (PID=1347) to work on /home/airflow/.local/lib/python3.8/site-packages/airflow/example_dags/example_external_task_marker_dag.py
[2024-04-04T21:48:39.439+0000] {processor.py:830} INFO - Processing file /home/airflow/.local/lib/python3.8/site-packages/airflow/example_dags/example_external_task_marker_dag.py for tasks to queue
[2024-04-04T21:48:39.441+0000] {logging_mixin.py:188} INFO - [2024-04-04T21:48:39.440+0000] {dagbag.py:540} INFO - Filling up the DagBag from /home/airflow/.local/lib/python3.8/site-packages/airflow/example_dags/example_external_task_marker_dag.py
[2024-04-04T21:48:39.446+0000] {processor.py:840} INFO - DAG(s) 'example_external_task_marker_child', 'example_external_task_marker_parent' retrieved from /home/airflow/.local/lib/python3.8/site-packages/airflow/example_dags/example_external_task_marker_dag.py
[2024-04-04T21:48:39.464+0000] {logging_mixin.py:188} INFO - [2024-04-04T21:48:39.464+0000] {dag.py:3047} INFO - Sync 2 DAGs
[2024-04-04T21:48:39.474+0000] {logging_mixin.py:188} INFO - [2024-04-04T21:48:39.474+0000] {dag.py:3834} INFO - Setting next_dagrun for example_external_task_marker_child to None, run_after=None
[2024-04-04T21:48:39.477+0000] {logging_mixin.py:188} INFO - [2024-04-04T21:48:39.477+0000] {dag.py:3834} INFO - Setting next_dagrun for example_external_task_marker_parent to None, run_after=None
[2024-04-04T21:48:39.494+0000] {processor.py:183} INFO - Processing /home/airflow/.local/lib/python3.8/site-packages/airflow/example_dags/example_external_task_marker_dag.py took 0.058 seconds
[2024-04-04T21:49:09.964+0000] {processor.py:161} INFO - Started process (PID=1402) to work on /home/airflow/.local/lib/python3.8/site-packages/airflow/example_dags/example_external_task_marker_dag.py
[2024-04-04T21:49:09.964+0000] {processor.py:830} INFO - Processing file /home/airflow/.local/lib/python3.8/site-packages/airflow/example_dags/example_external_task_marker_dag.py for tasks to queue
[2024-04-04T21:49:09.966+0000] {logging_mixin.py:188} INFO - [2024-04-04T21:49:09.966+0000] {dagbag.py:540} INFO - Filling up the DagBag from /home/airflow/.local/lib/python3.8/site-packages/airflow/example_dags/example_external_task_marker_dag.py
[2024-04-04T21:49:09.970+0000] {processor.py:840} INFO - DAG(s) 'example_external_task_marker_child', 'example_external_task_marker_parent' retrieved from /home/airflow/.local/lib/python3.8/site-packages/airflow/example_dags/example_external_task_marker_dag.py
[2024-04-04T21:49:09.994+0000] {logging_mixin.py:188} INFO - [2024-04-04T21:49:09.993+0000] {dag.py:3047} INFO - Sync 2 DAGs
[2024-04-04T21:49:10.004+0000] {logging_mixin.py:188} INFO - [2024-04-04T21:49:10.004+0000] {dag.py:3834} INFO - Setting next_dagrun for example_external_task_marker_child to None, run_after=None
[2024-04-04T21:49:10.008+0000] {logging_mixin.py:188} INFO - [2024-04-04T21:49:10.008+0000] {dag.py:3834} INFO - Setting next_dagrun for example_external_task_marker_parent to None, run_after=None
[2024-04-04T21:49:10.027+0000] {processor.py:183} INFO - Processing /home/airflow/.local/lib/python3.8/site-packages/airflow/example_dags/example_external_task_marker_dag.py took 0.065 seconds
[2024-04-04T21:49:40.511+0000] {processor.py:161} INFO - Started process (PID=1457) to work on /home/airflow/.local/lib/python3.8/site-packages/airflow/example_dags/example_external_task_marker_dag.py
[2024-04-04T21:49:40.513+0000] {processor.py:830} INFO - Processing file /home/airflow/.local/lib/python3.8/site-packages/airflow/example_dags/example_external_task_marker_dag.py for tasks to queue
[2024-04-04T21:49:40.514+0000] {logging_mixin.py:188} INFO - [2024-04-04T21:49:40.514+0000] {dagbag.py:540} INFO - Filling up the DagBag from /home/airflow/.local/lib/python3.8/site-packages/airflow/example_dags/example_external_task_marker_dag.py
[2024-04-04T21:49:40.518+0000] {processor.py:840} INFO - DAG(s) 'example_external_task_marker_parent', 'example_external_task_marker_child' retrieved from /home/airflow/.local/lib/python3.8/site-packages/airflow/example_dags/example_external_task_marker_dag.py
[2024-04-04T21:49:40.538+0000] {logging_mixin.py:188} INFO - [2024-04-04T21:49:40.538+0000] {dag.py:3047} INFO - Sync 2 DAGs
[2024-04-04T21:49:40.549+0000] {logging_mixin.py:188} INFO - [2024-04-04T21:49:40.549+0000] {dag.py:3834} INFO - Setting next_dagrun for example_external_task_marker_child to None, run_after=None
[2024-04-04T21:49:40.553+0000] {logging_mixin.py:188} INFO - [2024-04-04T21:49:40.553+0000] {dag.py:3834} INFO - Setting next_dagrun for example_external_task_marker_parent to None, run_after=None
[2024-04-04T21:49:40.569+0000] {processor.py:183} INFO - Processing /home/airflow/.local/lib/python3.8/site-packages/airflow/example_dags/example_external_task_marker_dag.py took 0.060 seconds
[2024-04-04T21:50:10.775+0000] {processor.py:161} INFO - Started process (PID=1512) to work on /home/airflow/.local/lib/python3.8/site-packages/airflow/example_dags/example_external_task_marker_dag.py
[2024-04-04T21:50:10.776+0000] {processor.py:830} INFO - Processing file /home/airflow/.local/lib/python3.8/site-packages/airflow/example_dags/example_external_task_marker_dag.py for tasks to queue
[2024-04-04T21:50:10.777+0000] {logging_mixin.py:188} INFO - [2024-04-04T21:50:10.777+0000] {dagbag.py:540} INFO - Filling up the DagBag from /home/airflow/.local/lib/python3.8/site-packages/airflow/example_dags/example_external_task_marker_dag.py
[2024-04-04T21:50:10.782+0000] {processor.py:840} INFO - DAG(s) 'example_external_task_marker_parent', 'example_external_task_marker_child' retrieved from /home/airflow/.local/lib/python3.8/site-packages/airflow/example_dags/example_external_task_marker_dag.py
[2024-04-04T21:50:10.799+0000] {logging_mixin.py:188} INFO - [2024-04-04T21:50:10.799+0000] {dag.py:3047} INFO - Sync 2 DAGs
[2024-04-04T21:50:10.808+0000] {logging_mixin.py:188} INFO - [2024-04-04T21:50:10.808+0000] {dag.py:3834} INFO - Setting next_dagrun for example_external_task_marker_child to None, run_after=None
[2024-04-04T21:50:10.811+0000] {logging_mixin.py:188} INFO - [2024-04-04T21:50:10.811+0000] {dag.py:3834} INFO - Setting next_dagrun for example_external_task_marker_parent to None, run_after=None
[2024-04-04T21:50:10.825+0000] {processor.py:183} INFO - Processing /home/airflow/.local/lib/python3.8/site-packages/airflow/example_dags/example_external_task_marker_dag.py took 0.053 seconds
[2024-04-04T21:50:41.408+0000] {processor.py:161} INFO - Started process (PID=1567) to work on /home/airflow/.local/lib/python3.8/site-packages/airflow/example_dags/example_external_task_marker_dag.py
[2024-04-04T21:50:41.409+0000] {processor.py:830} INFO - Processing file /home/airflow/.local/lib/python3.8/site-packages/airflow/example_dags/example_external_task_marker_dag.py for tasks to queue
[2024-04-04T21:50:41.411+0000] {logging_mixin.py:188} INFO - [2024-04-04T21:50:41.411+0000] {dagbag.py:540} INFO - Filling up the DagBag from /home/airflow/.local/lib/python3.8/site-packages/airflow/example_dags/example_external_task_marker_dag.py
[2024-04-04T21:50:41.417+0000] {processor.py:840} INFO - DAG(s) 'example_external_task_marker_parent', 'example_external_task_marker_child' retrieved from /home/airflow/.local/lib/python3.8/site-packages/airflow/example_dags/example_external_task_marker_dag.py
[2024-04-04T21:50:41.438+0000] {logging_mixin.py:188} INFO - [2024-04-04T21:50:41.438+0000] {dag.py:3047} INFO - Sync 2 DAGs
[2024-04-04T21:50:41.449+0000] {logging_mixin.py:188} INFO - [2024-04-04T21:50:41.449+0000] {dag.py:3834} INFO - Setting next_dagrun for example_external_task_marker_child to None, run_after=None
[2024-04-04T21:50:41.453+0000] {logging_mixin.py:188} INFO - [2024-04-04T21:50:41.453+0000] {dag.py:3834} INFO - Setting next_dagrun for example_external_task_marker_parent to None, run_after=None
[2024-04-04T21:50:41.472+0000] {processor.py:183} INFO - Processing /home/airflow/.local/lib/python3.8/site-packages/airflow/example_dags/example_external_task_marker_dag.py took 0.066 seconds
[2024-04-04T21:51:11.724+0000] {processor.py:161} INFO - Started process (PID=1622) to work on /home/airflow/.local/lib/python3.8/site-packages/airflow/example_dags/example_external_task_marker_dag.py
[2024-04-04T21:51:11.724+0000] {processor.py:830} INFO - Processing file /home/airflow/.local/lib/python3.8/site-packages/airflow/example_dags/example_external_task_marker_dag.py for tasks to queue
[2024-04-04T21:51:11.726+0000] {logging_mixin.py:188} INFO - [2024-04-04T21:51:11.726+0000] {dagbag.py:540} INFO - Filling up the DagBag from /home/airflow/.local/lib/python3.8/site-packages/airflow/example_dags/example_external_task_marker_dag.py
[2024-04-04T21:51:11.730+0000] {processor.py:840} INFO - DAG(s) 'example_external_task_marker_child', 'example_external_task_marker_parent' retrieved from /home/airflow/.local/lib/python3.8/site-packages/airflow/example_dags/example_external_task_marker_dag.py
[2024-04-04T21:51:11.748+0000] {logging_mixin.py:188} INFO - [2024-04-04T21:51:11.747+0000] {dag.py:3047} INFO - Sync 2 DAGs
[2024-04-04T21:51:11.757+0000] {logging_mixin.py:188} INFO - [2024-04-04T21:51:11.757+0000] {dag.py:3834} INFO - Setting next_dagrun for example_external_task_marker_child to None, run_after=None
[2024-04-04T21:51:11.760+0000] {logging_mixin.py:188} INFO - [2024-04-04T21:51:11.760+0000] {dag.py:3834} INFO - Setting next_dagrun for example_external_task_marker_parent to None, run_after=None
[2024-04-04T21:51:11.777+0000] {processor.py:183} INFO - Processing /home/airflow/.local/lib/python3.8/site-packages/airflow/example_dags/example_external_task_marker_dag.py took 0.055 seconds
[2024-04-04T21:51:42.084+0000] {processor.py:161} INFO - Started process (PID=1677) to work on /home/airflow/.local/lib/python3.8/site-packages/airflow/example_dags/example_external_task_marker_dag.py
[2024-04-04T21:51:42.085+0000] {processor.py:830} INFO - Processing file /home/airflow/.local/lib/python3.8/site-packages/airflow/example_dags/example_external_task_marker_dag.py for tasks to queue
[2024-04-04T21:51:42.086+0000] {logging_mixin.py:188} INFO - [2024-04-04T21:51:42.086+0000] {dagbag.py:540} INFO - Filling up the DagBag from /home/airflow/.local/lib/python3.8/site-packages/airflow/example_dags/example_external_task_marker_dag.py
[2024-04-04T21:51:42.092+0000] {processor.py:840} INFO - DAG(s) 'example_external_task_marker_parent', 'example_external_task_marker_child' retrieved from /home/airflow/.local/lib/python3.8/site-packages/airflow/example_dags/example_external_task_marker_dag.py
[2024-04-04T21:51:42.110+0000] {logging_mixin.py:188} INFO - [2024-04-04T21:51:42.110+0000] {dag.py:3047} INFO - Sync 2 DAGs
[2024-04-04T21:51:42.124+0000] {logging_mixin.py:188} INFO - [2024-04-04T21:51:42.124+0000] {dag.py:3834} INFO - Setting next_dagrun for example_external_task_marker_child to None, run_after=None
[2024-04-04T21:51:42.127+0000] {logging_mixin.py:188} INFO - [2024-04-04T21:51:42.127+0000] {dag.py:3834} INFO - Setting next_dagrun for example_external_task_marker_parent to None, run_after=None
[2024-04-04T21:51:42.145+0000] {processor.py:183} INFO - Processing /home/airflow/.local/lib/python3.8/site-packages/airflow/example_dags/example_external_task_marker_dag.py took 0.063 seconds
[2024-04-04T21:52:12.295+0000] {processor.py:161} INFO - Started process (PID=1732) to work on /home/airflow/.local/lib/python3.8/site-packages/airflow/example_dags/example_external_task_marker_dag.py
[2024-04-04T21:52:12.297+0000] {processor.py:830} INFO - Processing file /home/airflow/.local/lib/python3.8/site-packages/airflow/example_dags/example_external_task_marker_dag.py for tasks to queue
[2024-04-04T21:52:12.299+0000] {logging_mixin.py:188} INFO - [2024-04-04T21:52:12.298+0000] {dagbag.py:540} INFO - Filling up the DagBag from /home/airflow/.local/lib/python3.8/site-packages/airflow/example_dags/example_external_task_marker_dag.py
[2024-04-04T21:52:12.305+0000] {processor.py:840} INFO - DAG(s) 'example_external_task_marker_child', 'example_external_task_marker_parent' retrieved from /home/airflow/.local/lib/python3.8/site-packages/airflow/example_dags/example_external_task_marker_dag.py
[2024-04-04T21:52:12.328+0000] {logging_mixin.py:188} INFO - [2024-04-04T21:52:12.328+0000] {dag.py:3047} INFO - Sync 2 DAGs
[2024-04-04T21:52:12.342+0000] {logging_mixin.py:188} INFO - [2024-04-04T21:52:12.342+0000] {dag.py:3834} INFO - Setting next_dagrun for example_external_task_marker_child to None, run_after=None
[2024-04-04T21:52:12.346+0000] {logging_mixin.py:188} INFO - [2024-04-04T21:52:12.346+0000] {dag.py:3834} INFO - Setting next_dagrun for example_external_task_marker_parent to None, run_after=None
[2024-04-04T21:52:12.364+0000] {processor.py:183} INFO - Processing /home/airflow/.local/lib/python3.8/site-packages/airflow/example_dags/example_external_task_marker_dag.py took 0.071 seconds
[2024-04-04T21:52:42.673+0000] {processor.py:161} INFO - Started process (PID=1787) to work on /home/airflow/.local/lib/python3.8/site-packages/airflow/example_dags/example_external_task_marker_dag.py
[2024-04-04T21:52:42.674+0000] {processor.py:830} INFO - Processing file /home/airflow/.local/lib/python3.8/site-packages/airflow/example_dags/example_external_task_marker_dag.py for tasks to queue
[2024-04-04T21:52:42.675+0000] {logging_mixin.py:188} INFO - [2024-04-04T21:52:42.675+0000] {dagbag.py:540} INFO - Filling up the DagBag from /home/airflow/.local/lib/python3.8/site-packages/airflow/example_dags/example_external_task_marker_dag.py
[2024-04-04T21:52:42.679+0000] {processor.py:840} INFO - DAG(s) 'example_external_task_marker_parent', 'example_external_task_marker_child' retrieved from /home/airflow/.local/lib/python3.8/site-packages/airflow/example_dags/example_external_task_marker_dag.py
[2024-04-04T21:52:42.697+0000] {logging_mixin.py:188} INFO - [2024-04-04T21:52:42.697+0000] {dag.py:3047} INFO - Sync 2 DAGs
[2024-04-04T21:52:42.709+0000] {logging_mixin.py:188} INFO - [2024-04-04T21:52:42.709+0000] {dag.py:3834} INFO - Setting next_dagrun for example_external_task_marker_child to None, run_after=None
[2024-04-04T21:52:42.713+0000] {logging_mixin.py:188} INFO - [2024-04-04T21:52:42.713+0000] {dag.py:3834} INFO - Setting next_dagrun for example_external_task_marker_parent to None, run_after=None
[2024-04-04T21:52:42.726+0000] {processor.py:183} INFO - Processing /home/airflow/.local/lib/python3.8/site-packages/airflow/example_dags/example_external_task_marker_dag.py took 0.055 seconds
[2024-04-04T21:53:12.876+0000] {processor.py:161} INFO - Started process (PID=1842) to work on /home/airflow/.local/lib/python3.8/site-packages/airflow/example_dags/example_external_task_marker_dag.py
[2024-04-04T21:53:12.877+0000] {processor.py:830} INFO - Processing file /home/airflow/.local/lib/python3.8/site-packages/airflow/example_dags/example_external_task_marker_dag.py for tasks to queue
[2024-04-04T21:53:12.878+0000] {logging_mixin.py:188} INFO - [2024-04-04T21:53:12.878+0000] {dagbag.py:540} INFO - Filling up the DagBag from /home/airflow/.local/lib/python3.8/site-packages/airflow/example_dags/example_external_task_marker_dag.py
[2024-04-04T21:53:12.883+0000] {processor.py:840} INFO - DAG(s) 'example_external_task_marker_child', 'example_external_task_marker_parent' retrieved from /home/airflow/.local/lib/python3.8/site-packages/airflow/example_dags/example_external_task_marker_dag.py
[2024-04-04T21:53:12.903+0000] {logging_mixin.py:188} INFO - [2024-04-04T21:53:12.903+0000] {dag.py:3047} INFO - Sync 2 DAGs
[2024-04-04T21:53:12.914+0000] {logging_mixin.py:188} INFO - [2024-04-04T21:53:12.913+0000] {dag.py:3834} INFO - Setting next_dagrun for example_external_task_marker_child to None, run_after=None
[2024-04-04T21:53:12.917+0000] {logging_mixin.py:188} INFO - [2024-04-04T21:53:12.917+0000] {dag.py:3834} INFO - Setting next_dagrun for example_external_task_marker_parent to None, run_after=None
[2024-04-04T21:53:12.931+0000] {processor.py:183} INFO - Processing /home/airflow/.local/lib/python3.8/site-packages/airflow/example_dags/example_external_task_marker_dag.py took 0.057 seconds
[2024-04-04T21:53:43.080+0000] {processor.py:161} INFO - Started process (PID=1897) to work on /home/airflow/.local/lib/python3.8/site-packages/airflow/example_dags/example_external_task_marker_dag.py
[2024-04-04T21:53:43.081+0000] {processor.py:830} INFO - Processing file /home/airflow/.local/lib/python3.8/site-packages/airflow/example_dags/example_external_task_marker_dag.py for tasks to queue
[2024-04-04T21:53:43.082+0000] {logging_mixin.py:188} INFO - [2024-04-04T21:53:43.082+0000] {dagbag.py:540} INFO - Filling up the DagBag from /home/airflow/.local/lib/python3.8/site-packages/airflow/example_dags/example_external_task_marker_dag.py
[2024-04-04T21:53:43.086+0000] {processor.py:840} INFO - DAG(s) 'example_external_task_marker_child', 'example_external_task_marker_parent' retrieved from /home/airflow/.local/lib/python3.8/site-packages/airflow/example_dags/example_external_task_marker_dag.py
[2024-04-04T21:53:43.104+0000] {logging_mixin.py:188} INFO - [2024-04-04T21:53:43.103+0000] {dag.py:3047} INFO - Sync 2 DAGs
[2024-04-04T21:53:43.114+0000] {logging_mixin.py:188} INFO - [2024-04-04T21:53:43.114+0000] {dag.py:3834} INFO - Setting next_dagrun for example_external_task_marker_child to None, run_after=None
[2024-04-04T21:53:43.117+0000] {logging_mixin.py:188} INFO - [2024-04-04T21:53:43.117+0000] {dag.py:3834} INFO - Setting next_dagrun for example_external_task_marker_parent to None, run_after=None
[2024-04-04T21:53:43.131+0000] {processor.py:183} INFO - Processing /home/airflow/.local/lib/python3.8/site-packages/airflow/example_dags/example_external_task_marker_dag.py took 0.053 seconds
[2024-04-04T21:54:13.224+0000] {processor.py:161} INFO - Started process (PID=1952) to work on /home/airflow/.local/lib/python3.8/site-packages/airflow/example_dags/example_external_task_marker_dag.py
[2024-04-04T21:54:13.224+0000] {processor.py:830} INFO - Processing file /home/airflow/.local/lib/python3.8/site-packages/airflow/example_dags/example_external_task_marker_dag.py for tasks to queue
[2024-04-04T21:54:13.225+0000] {logging_mixin.py:188} INFO - [2024-04-04T21:54:13.225+0000] {dagbag.py:540} INFO - Filling up the DagBag from /home/airflow/.local/lib/python3.8/site-packages/airflow/example_dags/example_external_task_marker_dag.py
[2024-04-04T21:54:13.229+0000] {processor.py:840} INFO - DAG(s) 'example_external_task_marker_child', 'example_external_task_marker_parent' retrieved from /home/airflow/.local/lib/python3.8/site-packages/airflow/example_dags/example_external_task_marker_dag.py
[2024-04-04T21:54:13.246+0000] {logging_mixin.py:188} INFO - [2024-04-04T21:54:13.246+0000] {dag.py:3047} INFO - Sync 2 DAGs
[2024-04-04T21:54:13.255+0000] {logging_mixin.py:188} INFO - [2024-04-04T21:54:13.255+0000] {dag.py:3834} INFO - Setting next_dagrun for example_external_task_marker_child to None, run_after=None
[2024-04-04T21:54:13.257+0000] {logging_mixin.py:188} INFO - [2024-04-04T21:54:13.257+0000] {dag.py:3834} INFO - Setting next_dagrun for example_external_task_marker_parent to None, run_after=None
[2024-04-04T21:54:13.270+0000] {processor.py:183} INFO - Processing /home/airflow/.local/lib/python3.8/site-packages/airflow/example_dags/example_external_task_marker_dag.py took 0.048 seconds
[2024-04-04T21:54:43.680+0000] {processor.py:161} INFO - Started process (PID=2007) to work on /home/airflow/.local/lib/python3.8/site-packages/airflow/example_dags/example_external_task_marker_dag.py
[2024-04-04T21:54:43.681+0000] {processor.py:830} INFO - Processing file /home/airflow/.local/lib/python3.8/site-packages/airflow/example_dags/example_external_task_marker_dag.py for tasks to queue
[2024-04-04T21:54:43.683+0000] {logging_mixin.py:188} INFO - [2024-04-04T21:54:43.682+0000] {dagbag.py:540} INFO - Filling up the DagBag from /home/airflow/.local/lib/python3.8/site-packages/airflow/example_dags/example_external_task_marker_dag.py
[2024-04-04T21:54:43.689+0000] {processor.py:840} INFO - DAG(s) 'example_external_task_marker_child', 'example_external_task_marker_parent' retrieved from /home/airflow/.local/lib/python3.8/site-packages/airflow/example_dags/example_external_task_marker_dag.py
[2024-04-04T21:54:43.708+0000] {logging_mixin.py:188} INFO - [2024-04-04T21:54:43.708+0000] {dag.py:3047} INFO - Sync 2 DAGs
[2024-04-04T21:54:43.718+0000] {logging_mixin.py:188} INFO - [2024-04-04T21:54:43.717+0000] {dag.py:3834} INFO - Setting next_dagrun for example_external_task_marker_child to None, run_after=None
[2024-04-04T21:54:43.722+0000] {logging_mixin.py:188} INFO - [2024-04-04T21:54:43.721+0000] {dag.py:3834} INFO - Setting next_dagrun for example_external_task_marker_parent to None, run_after=None
[2024-04-04T21:54:43.738+0000] {processor.py:183} INFO - Processing /home/airflow/.local/lib/python3.8/site-packages/airflow/example_dags/example_external_task_marker_dag.py took 0.059 seconds
[2024-04-04T21:55:13.798+0000] {processor.py:161} INFO - Started process (PID=2062) to work on /home/airflow/.local/lib/python3.8/site-packages/airflow/example_dags/example_external_task_marker_dag.py
[2024-04-04T21:55:13.799+0000] {processor.py:830} INFO - Processing file /home/airflow/.local/lib/python3.8/site-packages/airflow/example_dags/example_external_task_marker_dag.py for tasks to queue
[2024-04-04T21:55:13.800+0000] {logging_mixin.py:188} INFO - [2024-04-04T21:55:13.799+0000] {dagbag.py:540} INFO - Filling up the DagBag from /home/airflow/.local/lib/python3.8/site-packages/airflow/example_dags/example_external_task_marker_dag.py
[2024-04-04T21:55:13.803+0000] {processor.py:840} INFO - DAG(s) 'example_external_task_marker_child', 'example_external_task_marker_parent' retrieved from /home/airflow/.local/lib/python3.8/site-packages/airflow/example_dags/example_external_task_marker_dag.py
[2024-04-04T21:55:13.820+0000] {logging_mixin.py:188} INFO - [2024-04-04T21:55:13.820+0000] {dag.py:3047} INFO - Sync 2 DAGs
[2024-04-04T21:55:13.829+0000] {logging_mixin.py:188} INFO - [2024-04-04T21:55:13.829+0000] {dag.py:3834} INFO - Setting next_dagrun for example_external_task_marker_child to None, run_after=None
[2024-04-04T21:55:13.832+0000] {logging_mixin.py:188} INFO - [2024-04-04T21:55:13.832+0000] {dag.py:3834} INFO - Setting next_dagrun for example_external_task_marker_parent to None, run_after=None
[2024-04-04T21:55:13.844+0000] {processor.py:183} INFO - Processing /home/airflow/.local/lib/python3.8/site-packages/airflow/example_dags/example_external_task_marker_dag.py took 0.048 seconds
[2024-04-04T21:55:43.974+0000] {processor.py:161} INFO - Started process (PID=2117) to work on /home/airflow/.local/lib/python3.8/site-packages/airflow/example_dags/example_external_task_marker_dag.py
[2024-04-04T21:55:43.974+0000] {processor.py:830} INFO - Processing file /home/airflow/.local/lib/python3.8/site-packages/airflow/example_dags/example_external_task_marker_dag.py for tasks to queue
[2024-04-04T21:55:43.975+0000] {logging_mixin.py:188} INFO - [2024-04-04T21:55:43.975+0000] {dagbag.py:540} INFO - Filling up the DagBag from /home/airflow/.local/lib/python3.8/site-packages/airflow/example_dags/example_external_task_marker_dag.py
[2024-04-04T21:55:43.979+0000] {processor.py:840} INFO - DAG(s) 'example_external_task_marker_parent', 'example_external_task_marker_child' retrieved from /home/airflow/.local/lib/python3.8/site-packages/airflow/example_dags/example_external_task_marker_dag.py
[2024-04-04T21:55:43.996+0000] {logging_mixin.py:188} INFO - [2024-04-04T21:55:43.996+0000] {dag.py:3047} INFO - Sync 2 DAGs
[2024-04-04T21:55:44.005+0000] {logging_mixin.py:188} INFO - [2024-04-04T21:55:44.005+0000] {dag.py:3834} INFO - Setting next_dagrun for example_external_task_marker_child to None, run_after=None
[2024-04-04T21:55:44.008+0000] {logging_mixin.py:188} INFO - [2024-04-04T21:55:44.007+0000] {dag.py:3834} INFO - Setting next_dagrun for example_external_task_marker_parent to None, run_after=None
[2024-04-04T21:55:44.020+0000] {processor.py:183} INFO - Processing /home/airflow/.local/lib/python3.8/site-packages/airflow/example_dags/example_external_task_marker_dag.py took 0.049 seconds
[2024-04-04T21:56:14.257+0000] {processor.py:161} INFO - Started process (PID=2172) to work on /home/airflow/.local/lib/python3.8/site-packages/airflow/example_dags/example_external_task_marker_dag.py
[2024-04-04T21:56:14.258+0000] {processor.py:830} INFO - Processing file /home/airflow/.local/lib/python3.8/site-packages/airflow/example_dags/example_external_task_marker_dag.py for tasks to queue
[2024-04-04T21:56:14.259+0000] {logging_mixin.py:188} INFO - [2024-04-04T21:56:14.259+0000] {dagbag.py:540} INFO - Filling up the DagBag from /home/airflow/.local/lib/python3.8/site-packages/airflow/example_dags/example_external_task_marker_dag.py
[2024-04-04T21:56:14.263+0000] {processor.py:840} INFO - DAG(s) 'example_external_task_marker_child', 'example_external_task_marker_parent' retrieved from /home/airflow/.local/lib/python3.8/site-packages/airflow/example_dags/example_external_task_marker_dag.py
[2024-04-04T21:56:14.281+0000] {logging_mixin.py:188} INFO - [2024-04-04T21:56:14.281+0000] {dag.py:3047} INFO - Sync 2 DAGs
[2024-04-04T21:56:14.291+0000] {logging_mixin.py:188} INFO - [2024-04-04T21:56:14.290+0000] {dag.py:3834} INFO - Setting next_dagrun for example_external_task_marker_child to None, run_after=None
[2024-04-04T21:56:14.294+0000] {logging_mixin.py:188} INFO - [2024-04-04T21:56:14.294+0000] {dag.py:3834} INFO - Setting next_dagrun for example_external_task_marker_parent to None, run_after=None
[2024-04-04T21:56:14.306+0000] {processor.py:183} INFO - Processing /home/airflow/.local/lib/python3.8/site-packages/airflow/example_dags/example_external_task_marker_dag.py took 0.051 seconds
[2024-04-04T21:56:44.395+0000] {processor.py:161} INFO - Started process (PID=2226) to work on /home/airflow/.local/lib/python3.8/site-packages/airflow/example_dags/example_external_task_marker_dag.py
[2024-04-04T21:56:44.396+0000] {processor.py:830} INFO - Processing file /home/airflow/.local/lib/python3.8/site-packages/airflow/example_dags/example_external_task_marker_dag.py for tasks to queue
[2024-04-04T21:56:44.397+0000] {logging_mixin.py:188} INFO - [2024-04-04T21:56:44.397+0000] {dagbag.py:540} INFO - Filling up the DagBag from /home/airflow/.local/lib/python3.8/site-packages/airflow/example_dags/example_external_task_marker_dag.py
[2024-04-04T21:56:44.401+0000] {processor.py:840} INFO - DAG(s) 'example_external_task_marker_parent', 'example_external_task_marker_child' retrieved from /home/airflow/.local/lib/python3.8/site-packages/airflow/example_dags/example_external_task_marker_dag.py
[2024-04-04T21:56:44.419+0000] {logging_mixin.py:188} INFO - [2024-04-04T21:56:44.418+0000] {dag.py:3047} INFO - Sync 2 DAGs
[2024-04-04T21:56:44.428+0000] {logging_mixin.py:188} INFO - [2024-04-04T21:56:44.428+0000] {dag.py:3834} INFO - Setting next_dagrun for example_external_task_marker_child to None, run_after=None
[2024-04-04T21:56:44.431+0000] {logging_mixin.py:188} INFO - [2024-04-04T21:56:44.431+0000] {dag.py:3834} INFO - Setting next_dagrun for example_external_task_marker_parent to None, run_after=None
[2024-04-04T21:56:44.445+0000] {processor.py:183} INFO - Processing /home/airflow/.local/lib/python3.8/site-packages/airflow/example_dags/example_external_task_marker_dag.py took 0.052 seconds
[2024-04-04T21:57:14.703+0000] {processor.py:161} INFO - Started process (PID=2282) to work on /home/airflow/.local/lib/python3.8/site-packages/airflow/example_dags/example_external_task_marker_dag.py
[2024-04-04T21:57:14.704+0000] {processor.py:830} INFO - Processing file /home/airflow/.local/lib/python3.8/site-packages/airflow/example_dags/example_external_task_marker_dag.py for tasks to queue
[2024-04-04T21:57:14.705+0000] {logging_mixin.py:188} INFO - [2024-04-04T21:57:14.705+0000] {dagbag.py:540} INFO - Filling up the DagBag from /home/airflow/.local/lib/python3.8/site-packages/airflow/example_dags/example_external_task_marker_dag.py
[2024-04-04T21:57:14.709+0000] {processor.py:840} INFO - DAG(s) 'example_external_task_marker_parent', 'example_external_task_marker_child' retrieved from /home/airflow/.local/lib/python3.8/site-packages/airflow/example_dags/example_external_task_marker_dag.py
[2024-04-04T21:57:14.727+0000] {logging_mixin.py:188} INFO - [2024-04-04T21:57:14.727+0000] {dag.py:3047} INFO - Sync 2 DAGs
[2024-04-04T21:57:14.737+0000] {logging_mixin.py:188} INFO - [2024-04-04T21:57:14.737+0000] {dag.py:3834} INFO - Setting next_dagrun for example_external_task_marker_child to None, run_after=None
[2024-04-04T21:57:14.740+0000] {logging_mixin.py:188} INFO - [2024-04-04T21:57:14.740+0000] {dag.py:3834} INFO - Setting next_dagrun for example_external_task_marker_parent to None, run_after=None
[2024-04-04T21:57:14.755+0000] {processor.py:183} INFO - Processing /home/airflow/.local/lib/python3.8/site-packages/airflow/example_dags/example_external_task_marker_dag.py took 0.054 seconds
[2024-04-04T21:57:45.259+0000] {processor.py:161} INFO - Started process (PID=2337) to work on /home/airflow/.local/lib/python3.8/site-packages/airflow/example_dags/example_external_task_marker_dag.py
[2024-04-04T21:57:45.260+0000] {processor.py:830} INFO - Processing file /home/airflow/.local/lib/python3.8/site-packages/airflow/example_dags/example_external_task_marker_dag.py for tasks to queue
[2024-04-04T21:57:45.263+0000] {logging_mixin.py:188} INFO - [2024-04-04T21:57:45.262+0000] {dagbag.py:540} INFO - Filling up the DagBag from /home/airflow/.local/lib/python3.8/site-packages/airflow/example_dags/example_external_task_marker_dag.py
[2024-04-04T21:57:45.268+0000] {processor.py:840} INFO - DAG(s) 'example_external_task_marker_child', 'example_external_task_marker_parent' retrieved from /home/airflow/.local/lib/python3.8/site-packages/airflow/example_dags/example_external_task_marker_dag.py
[2024-04-04T21:57:45.301+0000] {logging_mixin.py:188} INFO - [2024-04-04T21:57:45.301+0000] {dag.py:3047} INFO - Sync 2 DAGs
[2024-04-04T21:57:45.326+0000] {logging_mixin.py:188} INFO - [2024-04-04T21:57:45.326+0000] {dag.py:3834} INFO - Setting next_dagrun for example_external_task_marker_child to None, run_after=None
[2024-04-04T21:57:45.331+0000] {logging_mixin.py:188} INFO - [2024-04-04T21:57:45.331+0000] {dag.py:3834} INFO - Setting next_dagrun for example_external_task_marker_parent to None, run_after=None
[2024-04-04T21:57:45.367+0000] {processor.py:183} INFO - Processing /home/airflow/.local/lib/python3.8/site-packages/airflow/example_dags/example_external_task_marker_dag.py took 0.111 seconds
[2024-04-04T21:58:16.299+0000] {processor.py:161} INFO - Started process (PID=2392) to work on /home/airflow/.local/lib/python3.8/site-packages/airflow/example_dags/example_external_task_marker_dag.py
[2024-04-04T21:58:16.300+0000] {processor.py:830} INFO - Processing file /home/airflow/.local/lib/python3.8/site-packages/airflow/example_dags/example_external_task_marker_dag.py for tasks to queue
[2024-04-04T21:58:16.301+0000] {logging_mixin.py:188} INFO - [2024-04-04T21:58:16.301+0000] {dagbag.py:540} INFO - Filling up the DagBag from /home/airflow/.local/lib/python3.8/site-packages/airflow/example_dags/example_external_task_marker_dag.py
[2024-04-04T21:58:16.305+0000] {processor.py:840} INFO - DAG(s) 'example_external_task_marker_parent', 'example_external_task_marker_child' retrieved from /home/airflow/.local/lib/python3.8/site-packages/airflow/example_dags/example_external_task_marker_dag.py
[2024-04-04T21:58:16.325+0000] {logging_mixin.py:188} INFO - [2024-04-04T21:58:16.325+0000] {dag.py:3047} INFO - Sync 2 DAGs
[2024-04-04T21:58:16.335+0000] {logging_mixin.py:188} INFO - [2024-04-04T21:58:16.334+0000] {dag.py:3834} INFO - Setting next_dagrun for example_external_task_marker_child to None, run_after=None
[2024-04-04T21:58:16.339+0000] {logging_mixin.py:188} INFO - [2024-04-04T21:58:16.338+0000] {dag.py:3834} INFO - Setting next_dagrun for example_external_task_marker_parent to None, run_after=None
[2024-04-04T21:58:16.353+0000] {processor.py:183} INFO - Processing /home/airflow/.local/lib/python3.8/site-packages/airflow/example_dags/example_external_task_marker_dag.py took 0.056 seconds
[2024-04-04T21:58:47.129+0000] {processor.py:161} INFO - Started process (PID=2447) to work on /home/airflow/.local/lib/python3.8/site-packages/airflow/example_dags/example_external_task_marker_dag.py
[2024-04-04T21:58:47.130+0000] {processor.py:830} INFO - Processing file /home/airflow/.local/lib/python3.8/site-packages/airflow/example_dags/example_external_task_marker_dag.py for tasks to queue
[2024-04-04T21:58:47.132+0000] {logging_mixin.py:188} INFO - [2024-04-04T21:58:47.131+0000] {dagbag.py:540} INFO - Filling up the DagBag from /home/airflow/.local/lib/python3.8/site-packages/airflow/example_dags/example_external_task_marker_dag.py
[2024-04-04T21:58:47.136+0000] {processor.py:840} INFO - DAG(s) 'example_external_task_marker_parent', 'example_external_task_marker_child' retrieved from /home/airflow/.local/lib/python3.8/site-packages/airflow/example_dags/example_external_task_marker_dag.py
[2024-04-04T21:58:47.179+0000] {logging_mixin.py:188} INFO - [2024-04-04T21:58:47.178+0000] {dag.py:3047} INFO - Sync 2 DAGs
[2024-04-04T21:58:47.201+0000] {logging_mixin.py:188} INFO - [2024-04-04T21:58:47.200+0000] {dag.py:3834} INFO - Setting next_dagrun for example_external_task_marker_child to None, run_after=None
[2024-04-04T21:58:47.205+0000] {logging_mixin.py:188} INFO - [2024-04-04T21:58:47.204+0000] {dag.py:3834} INFO - Setting next_dagrun for example_external_task_marker_parent to None, run_after=None
[2024-04-04T21:58:47.224+0000] {processor.py:183} INFO - Processing /home/airflow/.local/lib/python3.8/site-packages/airflow/example_dags/example_external_task_marker_dag.py took 0.097 seconds
[2024-04-04T21:59:18.240+0000] {processor.py:161} INFO - Started process (PID=2502) to work on /home/airflow/.local/lib/python3.8/site-packages/airflow/example_dags/example_external_task_marker_dag.py
[2024-04-04T21:59:18.241+0000] {processor.py:830} INFO - Processing file /home/airflow/.local/lib/python3.8/site-packages/airflow/example_dags/example_external_task_marker_dag.py for tasks to queue
[2024-04-04T21:59:18.244+0000] {logging_mixin.py:188} INFO - [2024-04-04T21:59:18.243+0000] {dagbag.py:540} INFO - Filling up the DagBag from /home/airflow/.local/lib/python3.8/site-packages/airflow/example_dags/example_external_task_marker_dag.py
[2024-04-04T21:59:18.254+0000] {processor.py:840} INFO - DAG(s) 'example_external_task_marker_parent', 'example_external_task_marker_child' retrieved from /home/airflow/.local/lib/python3.8/site-packages/airflow/example_dags/example_external_task_marker_dag.py
[2024-04-04T21:59:18.295+0000] {logging_mixin.py:188} INFO - [2024-04-04T21:59:18.294+0000] {dag.py:3047} INFO - Sync 2 DAGs
[2024-04-04T21:59:18.318+0000] {logging_mixin.py:188} INFO - [2024-04-04T21:59:18.317+0000] {dag.py:3834} INFO - Setting next_dagrun for example_external_task_marker_child to None, run_after=None
[2024-04-04T21:59:18.324+0000] {logging_mixin.py:188} INFO - [2024-04-04T21:59:18.323+0000] {dag.py:3834} INFO - Setting next_dagrun for example_external_task_marker_parent to None, run_after=None
[2024-04-04T21:59:18.350+0000] {processor.py:183} INFO - Processing /home/airflow/.local/lib/python3.8/site-packages/airflow/example_dags/example_external_task_marker_dag.py took 0.116 seconds
[2024-04-04T21:59:50.097+0000] {processor.py:161} INFO - Started process (PID=2562) to work on /home/airflow/.local/lib/python3.8/site-packages/airflow/example_dags/example_external_task_marker_dag.py
[2024-04-04T21:59:50.101+0000] {processor.py:830} INFO - Processing file /home/airflow/.local/lib/python3.8/site-packages/airflow/example_dags/example_external_task_marker_dag.py for tasks to queue
[2024-04-04T21:59:50.111+0000] {logging_mixin.py:188} INFO - [2024-04-04T21:59:50.111+0000] {dagbag.py:540} INFO - Filling up the DagBag from /home/airflow/.local/lib/python3.8/site-packages/airflow/example_dags/example_external_task_marker_dag.py
[2024-04-04T21:59:50.132+0000] {processor.py:840} INFO - DAG(s) 'example_external_task_marker_parent', 'example_external_task_marker_child' retrieved from /home/airflow/.local/lib/python3.8/site-packages/airflow/example_dags/example_external_task_marker_dag.py
[2024-04-04T21:59:50.181+0000] {logging_mixin.py:188} INFO - [2024-04-04T21:59:50.181+0000] {dag.py:3047} INFO - Sync 2 DAGs
[2024-04-04T21:59:50.213+0000] {logging_mixin.py:188} INFO - [2024-04-04T21:59:50.212+0000] {dag.py:3834} INFO - Setting next_dagrun for example_external_task_marker_child to None, run_after=None
[2024-04-04T21:59:50.220+0000] {logging_mixin.py:188} INFO - [2024-04-04T21:59:50.220+0000] {dag.py:3834} INFO - Setting next_dagrun for example_external_task_marker_parent to None, run_after=None
[2024-04-04T21:59:50.282+0000] {processor.py:183} INFO - Processing /home/airflow/.local/lib/python3.8/site-packages/airflow/example_dags/example_external_task_marker_dag.py took 0.190 seconds
[2024-04-04T22:00:20.767+0000] {processor.py:161} INFO - Started process (PID=2617) to work on /home/airflow/.local/lib/python3.8/site-packages/airflow/example_dags/example_external_task_marker_dag.py
[2024-04-04T22:00:20.775+0000] {processor.py:830} INFO - Processing file /home/airflow/.local/lib/python3.8/site-packages/airflow/example_dags/example_external_task_marker_dag.py for tasks to queue
[2024-04-04T22:00:20.778+0000] {logging_mixin.py:188} INFO - [2024-04-04T22:00:20.777+0000] {dagbag.py:540} INFO - Filling up the DagBag from /home/airflow/.local/lib/python3.8/site-packages/airflow/example_dags/example_external_task_marker_dag.py
[2024-04-04T22:00:20.786+0000] {processor.py:840} INFO - DAG(s) 'example_external_task_marker_parent', 'example_external_task_marker_child' retrieved from /home/airflow/.local/lib/python3.8/site-packages/airflow/example_dags/example_external_task_marker_dag.py
[2024-04-04T22:00:20.812+0000] {logging_mixin.py:188} INFO - [2024-04-04T22:00:20.811+0000] {dag.py:3047} INFO - Sync 2 DAGs
[2024-04-04T22:00:20.826+0000] {logging_mixin.py:188} INFO - [2024-04-04T22:00:20.825+0000] {dag.py:3834} INFO - Setting next_dagrun for example_external_task_marker_child to None, run_after=None
[2024-04-04T22:00:20.830+0000] {logging_mixin.py:188} INFO - [2024-04-04T22:00:20.830+0000] {dag.py:3834} INFO - Setting next_dagrun for example_external_task_marker_parent to None, run_after=None
[2024-04-04T22:00:20.851+0000] {processor.py:183} INFO - Processing /home/airflow/.local/lib/python3.8/site-packages/airflow/example_dags/example_external_task_marker_dag.py took 0.089 seconds
