[2024-04-04T21:36:59.681+0000] {processor.py:161} INFO - Started process (PID=63) to work on /home/airflow/.local/lib/python3.8/site-packages/airflow/example_dags/example_latest_only.py
[2024-04-04T21:36:59.683+0000] {processor.py:830} INFO - Processing file /home/airflow/.local/lib/python3.8/site-packages/airflow/example_dags/example_latest_only.py for tasks to queue
[2024-04-04T21:36:59.685+0000] {logging_mixin.py:188} INFO - [2024-04-04T21:36:59.685+0000] {dagbag.py:540} INFO - Filling up the DagBag from /home/airflow/.local/lib/python3.8/site-packages/airflow/example_dags/example_latest_only.py
[2024-04-04T21:36:59.691+0000] {processor.py:840} INFO - DAG(s) 'latest_only' retrieved from /home/airflow/.local/lib/python3.8/site-packages/airflow/example_dags/example_latest_only.py
[2024-04-04T21:36:59.724+0000] {logging_mixin.py:188} INFO - [2024-04-04T21:36:59.724+0000] {dag.py:3047} INFO - Sync 1 DAGs
[2024-04-04T21:36:59.749+0000] {logging_mixin.py:188} INFO - [2024-04-04T21:36:59.749+0000] {dag.py:3834} INFO - Setting next_dagrun for latest_only to 2024-04-04 16:00:00+00:00, run_after=2024-04-04 20:00:00+00:00
[2024-04-04T21:36:59.773+0000] {processor.py:183} INFO - Processing /home/airflow/.local/lib/python3.8/site-packages/airflow/example_dags/example_latest_only.py took 0.093 seconds
[2024-04-04T21:37:30.288+0000] {processor.py:161} INFO - Started process (PID=118) to work on /home/airflow/.local/lib/python3.8/site-packages/airflow/example_dags/example_latest_only.py
[2024-04-04T21:37:30.289+0000] {processor.py:830} INFO - Processing file /home/airflow/.local/lib/python3.8/site-packages/airflow/example_dags/example_latest_only.py for tasks to queue
[2024-04-04T21:37:30.290+0000] {logging_mixin.py:188} INFO - [2024-04-04T21:37:30.290+0000] {dagbag.py:540} INFO - Filling up the DagBag from /home/airflow/.local/lib/python3.8/site-packages/airflow/example_dags/example_latest_only.py
[2024-04-04T21:37:30.293+0000] {processor.py:840} INFO - DAG(s) 'latest_only' retrieved from /home/airflow/.local/lib/python3.8/site-packages/airflow/example_dags/example_latest_only.py
[2024-04-04T21:37:30.308+0000] {logging_mixin.py:188} INFO - [2024-04-04T21:37:30.308+0000] {dag.py:3047} INFO - Sync 1 DAGs
[2024-04-04T21:37:30.324+0000] {logging_mixin.py:188} INFO - [2024-04-04T21:37:30.324+0000] {dag.py:3834} INFO - Setting next_dagrun for latest_only to 2024-04-04 16:00:00+00:00, run_after=2024-04-04 20:00:00+00:00
[2024-04-04T21:37:30.338+0000] {processor.py:183} INFO - Processing /home/airflow/.local/lib/python3.8/site-packages/airflow/example_dags/example_latest_only.py took 0.052 seconds
[2024-04-04T21:38:00.480+0000] {processor.py:161} INFO - Started process (PID=173) to work on /home/airflow/.local/lib/python3.8/site-packages/airflow/example_dags/example_latest_only.py
[2024-04-04T21:38:00.480+0000] {processor.py:830} INFO - Processing file /home/airflow/.local/lib/python3.8/site-packages/airflow/example_dags/example_latest_only.py for tasks to queue
[2024-04-04T21:38:00.481+0000] {logging_mixin.py:188} INFO - [2024-04-04T21:38:00.481+0000] {dagbag.py:540} INFO - Filling up the DagBag from /home/airflow/.local/lib/python3.8/site-packages/airflow/example_dags/example_latest_only.py
[2024-04-04T21:38:00.485+0000] {processor.py:840} INFO - DAG(s) 'latest_only' retrieved from /home/airflow/.local/lib/python3.8/site-packages/airflow/example_dags/example_latest_only.py
[2024-04-04T21:38:00.498+0000] {logging_mixin.py:188} INFO - [2024-04-04T21:38:00.498+0000] {dag.py:3047} INFO - Sync 1 DAGs
[2024-04-04T21:38:00.513+0000] {logging_mixin.py:188} INFO - [2024-04-04T21:38:00.513+0000] {dag.py:3834} INFO - Setting next_dagrun for latest_only to 2024-04-04 16:00:00+00:00, run_after=2024-04-04 20:00:00+00:00
[2024-04-04T21:38:00.527+0000] {processor.py:183} INFO - Processing /home/airflow/.local/lib/python3.8/site-packages/airflow/example_dags/example_latest_only.py took 0.049 seconds
[2024-04-04T21:38:30.846+0000] {processor.py:161} INFO - Started process (PID=228) to work on /home/airflow/.local/lib/python3.8/site-packages/airflow/example_dags/example_latest_only.py
[2024-04-04T21:38:30.848+0000] {processor.py:830} INFO - Processing file /home/airflow/.local/lib/python3.8/site-packages/airflow/example_dags/example_latest_only.py for tasks to queue
[2024-04-04T21:38:30.850+0000] {logging_mixin.py:188} INFO - [2024-04-04T21:38:30.850+0000] {dagbag.py:540} INFO - Filling up the DagBag from /home/airflow/.local/lib/python3.8/site-packages/airflow/example_dags/example_latest_only.py
[2024-04-04T21:38:30.855+0000] {processor.py:840} INFO - DAG(s) 'latest_only' retrieved from /home/airflow/.local/lib/python3.8/site-packages/airflow/example_dags/example_latest_only.py
[2024-04-04T21:38:30.876+0000] {logging_mixin.py:188} INFO - [2024-04-04T21:38:30.876+0000] {dag.py:3047} INFO - Sync 1 DAGs
[2024-04-04T21:38:30.896+0000] {logging_mixin.py:188} INFO - [2024-04-04T21:38:30.896+0000] {dag.py:3834} INFO - Setting next_dagrun for latest_only to 2024-04-04 16:00:00+00:00, run_after=2024-04-04 20:00:00+00:00
[2024-04-04T21:38:30.912+0000] {processor.py:183} INFO - Processing /home/airflow/.local/lib/python3.8/site-packages/airflow/example_dags/example_latest_only.py took 0.068 seconds
[2024-04-04T21:39:01.277+0000] {processor.py:161} INFO - Started process (PID=284) to work on /home/airflow/.local/lib/python3.8/site-packages/airflow/example_dags/example_latest_only.py
[2024-04-04T21:39:01.278+0000] {processor.py:830} INFO - Processing file /home/airflow/.local/lib/python3.8/site-packages/airflow/example_dags/example_latest_only.py for tasks to queue
[2024-04-04T21:39:01.279+0000] {logging_mixin.py:188} INFO - [2024-04-04T21:39:01.279+0000] {dagbag.py:540} INFO - Filling up the DagBag from /home/airflow/.local/lib/python3.8/site-packages/airflow/example_dags/example_latest_only.py
[2024-04-04T21:39:01.282+0000] {processor.py:840} INFO - DAG(s) 'latest_only' retrieved from /home/airflow/.local/lib/python3.8/site-packages/airflow/example_dags/example_latest_only.py
[2024-04-04T21:39:01.296+0000] {logging_mixin.py:188} INFO - [2024-04-04T21:39:01.295+0000] {dag.py:3047} INFO - Sync 1 DAGs
[2024-04-04T21:39:01.311+0000] {logging_mixin.py:188} INFO - [2024-04-04T21:39:01.311+0000] {dag.py:3834} INFO - Setting next_dagrun for latest_only to 2024-04-04 16:00:00+00:00, run_after=2024-04-04 20:00:00+00:00
[2024-04-04T21:39:01.326+0000] {processor.py:183} INFO - Processing /home/airflow/.local/lib/python3.8/site-packages/airflow/example_dags/example_latest_only.py took 0.051 seconds
[2024-04-04T21:39:31.362+0000] {processor.py:161} INFO - Started process (PID=339) to work on /home/airflow/.local/lib/python3.8/site-packages/airflow/example_dags/example_latest_only.py
[2024-04-04T21:39:31.362+0000] {processor.py:830} INFO - Processing file /home/airflow/.local/lib/python3.8/site-packages/airflow/example_dags/example_latest_only.py for tasks to queue
[2024-04-04T21:39:31.364+0000] {logging_mixin.py:188} INFO - [2024-04-04T21:39:31.363+0000] {dagbag.py:540} INFO - Filling up the DagBag from /home/airflow/.local/lib/python3.8/site-packages/airflow/example_dags/example_latest_only.py
[2024-04-04T21:39:31.368+0000] {processor.py:840} INFO - DAG(s) 'latest_only' retrieved from /home/airflow/.local/lib/python3.8/site-packages/airflow/example_dags/example_latest_only.py
[2024-04-04T21:39:31.382+0000] {logging_mixin.py:188} INFO - [2024-04-04T21:39:31.382+0000] {dag.py:3047} INFO - Sync 1 DAGs
[2024-04-04T21:39:31.400+0000] {logging_mixin.py:188} INFO - [2024-04-04T21:39:31.399+0000] {dag.py:3834} INFO - Setting next_dagrun for latest_only to 2024-04-04 16:00:00+00:00, run_after=2024-04-04 20:00:00+00:00
[2024-04-04T21:39:31.415+0000] {processor.py:183} INFO - Processing /home/airflow/.local/lib/python3.8/site-packages/airflow/example_dags/example_latest_only.py took 0.055 seconds
[2024-04-04T21:40:01.641+0000] {processor.py:161} INFO - Started process (PID=394) to work on /home/airflow/.local/lib/python3.8/site-packages/airflow/example_dags/example_latest_only.py
[2024-04-04T21:40:01.642+0000] {processor.py:830} INFO - Processing file /home/airflow/.local/lib/python3.8/site-packages/airflow/example_dags/example_latest_only.py for tasks to queue
[2024-04-04T21:40:01.643+0000] {logging_mixin.py:188} INFO - [2024-04-04T21:40:01.643+0000] {dagbag.py:540} INFO - Filling up the DagBag from /home/airflow/.local/lib/python3.8/site-packages/airflow/example_dags/example_latest_only.py
[2024-04-04T21:40:01.647+0000] {processor.py:840} INFO - DAG(s) 'latest_only' retrieved from /home/airflow/.local/lib/python3.8/site-packages/airflow/example_dags/example_latest_only.py
[2024-04-04T21:40:01.661+0000] {logging_mixin.py:188} INFO - [2024-04-04T21:40:01.661+0000] {dag.py:3047} INFO - Sync 1 DAGs
[2024-04-04T21:40:01.678+0000] {logging_mixin.py:188} INFO - [2024-04-04T21:40:01.678+0000] {dag.py:3834} INFO - Setting next_dagrun for latest_only to 2024-04-04 16:00:00+00:00, run_after=2024-04-04 20:00:00+00:00
[2024-04-04T21:40:01.693+0000] {processor.py:183} INFO - Processing /home/airflow/.local/lib/python3.8/site-packages/airflow/example_dags/example_latest_only.py took 0.054 seconds
[2024-04-04T21:40:31.899+0000] {processor.py:161} INFO - Started process (PID=449) to work on /home/airflow/.local/lib/python3.8/site-packages/airflow/example_dags/example_latest_only.py
[2024-04-04T21:40:31.899+0000] {processor.py:830} INFO - Processing file /home/airflow/.local/lib/python3.8/site-packages/airflow/example_dags/example_latest_only.py for tasks to queue
[2024-04-04T21:40:31.901+0000] {logging_mixin.py:188} INFO - [2024-04-04T21:40:31.901+0000] {dagbag.py:540} INFO - Filling up the DagBag from /home/airflow/.local/lib/python3.8/site-packages/airflow/example_dags/example_latest_only.py
[2024-04-04T21:40:31.904+0000] {processor.py:840} INFO - DAG(s) 'latest_only' retrieved from /home/airflow/.local/lib/python3.8/site-packages/airflow/example_dags/example_latest_only.py
[2024-04-04T21:40:31.919+0000] {logging_mixin.py:188} INFO - [2024-04-04T21:40:31.919+0000] {dag.py:3047} INFO - Sync 1 DAGs
[2024-04-04T21:40:31.936+0000] {logging_mixin.py:188} INFO - [2024-04-04T21:40:31.935+0000] {dag.py:3834} INFO - Setting next_dagrun for latest_only to 2024-04-04 16:00:00+00:00, run_after=2024-04-04 20:00:00+00:00
[2024-04-04T21:40:31.950+0000] {processor.py:183} INFO - Processing /home/airflow/.local/lib/python3.8/site-packages/airflow/example_dags/example_latest_only.py took 0.054 seconds
[2024-04-04T21:41:02.127+0000] {processor.py:161} INFO - Started process (PID=504) to work on /home/airflow/.local/lib/python3.8/site-packages/airflow/example_dags/example_latest_only.py
[2024-04-04T21:41:02.129+0000] {processor.py:830} INFO - Processing file /home/airflow/.local/lib/python3.8/site-packages/airflow/example_dags/example_latest_only.py for tasks to queue
[2024-04-04T21:41:02.130+0000] {logging_mixin.py:188} INFO - [2024-04-04T21:41:02.130+0000] {dagbag.py:540} INFO - Filling up the DagBag from /home/airflow/.local/lib/python3.8/site-packages/airflow/example_dags/example_latest_only.py
[2024-04-04T21:41:02.135+0000] {processor.py:840} INFO - DAG(s) 'latest_only' retrieved from /home/airflow/.local/lib/python3.8/site-packages/airflow/example_dags/example_latest_only.py
[2024-04-04T21:41:02.152+0000] {logging_mixin.py:188} INFO - [2024-04-04T21:41:02.152+0000] {dag.py:3047} INFO - Sync 1 DAGs
[2024-04-04T21:41:02.172+0000] {logging_mixin.py:188} INFO - [2024-04-04T21:41:02.171+0000] {dag.py:3834} INFO - Setting next_dagrun for latest_only to 2024-04-04 16:00:00+00:00, run_after=2024-04-04 20:00:00+00:00
[2024-04-04T21:41:02.191+0000] {processor.py:183} INFO - Processing /home/airflow/.local/lib/python3.8/site-packages/airflow/example_dags/example_latest_only.py took 0.066 seconds
[2024-04-04T21:41:32.633+0000] {processor.py:161} INFO - Started process (PID=559) to work on /home/airflow/.local/lib/python3.8/site-packages/airflow/example_dags/example_latest_only.py
[2024-04-04T21:41:32.634+0000] {processor.py:830} INFO - Processing file /home/airflow/.local/lib/python3.8/site-packages/airflow/example_dags/example_latest_only.py for tasks to queue
[2024-04-04T21:41:32.635+0000] {logging_mixin.py:188} INFO - [2024-04-04T21:41:32.635+0000] {dagbag.py:540} INFO - Filling up the DagBag from /home/airflow/.local/lib/python3.8/site-packages/airflow/example_dags/example_latest_only.py
[2024-04-04T21:41:32.639+0000] {processor.py:840} INFO - DAG(s) 'latest_only' retrieved from /home/airflow/.local/lib/python3.8/site-packages/airflow/example_dags/example_latest_only.py
[2024-04-04T21:41:32.656+0000] {logging_mixin.py:188} INFO - [2024-04-04T21:41:32.655+0000] {dag.py:3047} INFO - Sync 1 DAGs
[2024-04-04T21:41:32.673+0000] {logging_mixin.py:188} INFO - [2024-04-04T21:41:32.673+0000] {dag.py:3834} INFO - Setting next_dagrun for latest_only to 2024-04-04 16:00:00+00:00, run_after=2024-04-04 20:00:00+00:00
[2024-04-04T21:41:32.689+0000] {processor.py:183} INFO - Processing /home/airflow/.local/lib/python3.8/site-packages/airflow/example_dags/example_latest_only.py took 0.058 seconds
[2024-04-04T21:42:03.045+0000] {processor.py:161} INFO - Started process (PID=614) to work on /home/airflow/.local/lib/python3.8/site-packages/airflow/example_dags/example_latest_only.py
[2024-04-04T21:42:03.047+0000] {processor.py:830} INFO - Processing file /home/airflow/.local/lib/python3.8/site-packages/airflow/example_dags/example_latest_only.py for tasks to queue
[2024-04-04T21:42:03.048+0000] {logging_mixin.py:188} INFO - [2024-04-04T21:42:03.048+0000] {dagbag.py:540} INFO - Filling up the DagBag from /home/airflow/.local/lib/python3.8/site-packages/airflow/example_dags/example_latest_only.py
[2024-04-04T21:42:03.052+0000] {processor.py:840} INFO - DAG(s) 'latest_only' retrieved from /home/airflow/.local/lib/python3.8/site-packages/airflow/example_dags/example_latest_only.py
[2024-04-04T21:42:03.071+0000] {logging_mixin.py:188} INFO - [2024-04-04T21:42:03.071+0000] {dag.py:3047} INFO - Sync 1 DAGs
[2024-04-04T21:42:03.091+0000] {logging_mixin.py:188} INFO - [2024-04-04T21:42:03.091+0000] {dag.py:3834} INFO - Setting next_dagrun for latest_only to 2024-04-04 16:00:00+00:00, run_after=2024-04-04 20:00:00+00:00
[2024-04-04T21:42:03.111+0000] {processor.py:183} INFO - Processing /home/airflow/.local/lib/python3.8/site-packages/airflow/example_dags/example_latest_only.py took 0.068 seconds
[2024-04-04T21:42:33.612+0000] {processor.py:161} INFO - Started process (PID=670) to work on /home/airflow/.local/lib/python3.8/site-packages/airflow/example_dags/example_latest_only.py
[2024-04-04T21:42:33.613+0000] {processor.py:830} INFO - Processing file /home/airflow/.local/lib/python3.8/site-packages/airflow/example_dags/example_latest_only.py for tasks to queue
[2024-04-04T21:42:33.614+0000] {logging_mixin.py:188} INFO - [2024-04-04T21:42:33.614+0000] {dagbag.py:540} INFO - Filling up the DagBag from /home/airflow/.local/lib/python3.8/site-packages/airflow/example_dags/example_latest_only.py
[2024-04-04T21:42:33.618+0000] {processor.py:840} INFO - DAG(s) 'latest_only' retrieved from /home/airflow/.local/lib/python3.8/site-packages/airflow/example_dags/example_latest_only.py
[2024-04-04T21:42:33.633+0000] {logging_mixin.py:188} INFO - [2024-04-04T21:42:33.633+0000] {dag.py:3047} INFO - Sync 1 DAGs
[2024-04-04T21:42:33.653+0000] {logging_mixin.py:188} INFO - [2024-04-04T21:42:33.653+0000] {dag.py:3834} INFO - Setting next_dagrun for latest_only to 2024-04-04 16:00:00+00:00, run_after=2024-04-04 20:00:00+00:00
[2024-04-04T21:42:33.673+0000] {processor.py:183} INFO - Processing /home/airflow/.local/lib/python3.8/site-packages/airflow/example_dags/example_latest_only.py took 0.063 seconds
[2024-04-04T21:43:04.314+0000] {processor.py:161} INFO - Started process (PID=725) to work on /home/airflow/.local/lib/python3.8/site-packages/airflow/example_dags/example_latest_only.py
[2024-04-04T21:43:04.314+0000] {processor.py:830} INFO - Processing file /home/airflow/.local/lib/python3.8/site-packages/airflow/example_dags/example_latest_only.py for tasks to queue
[2024-04-04T21:43:04.315+0000] {logging_mixin.py:188} INFO - [2024-04-04T21:43:04.315+0000] {dagbag.py:540} INFO - Filling up the DagBag from /home/airflow/.local/lib/python3.8/site-packages/airflow/example_dags/example_latest_only.py
[2024-04-04T21:43:04.319+0000] {processor.py:840} INFO - DAG(s) 'latest_only' retrieved from /home/airflow/.local/lib/python3.8/site-packages/airflow/example_dags/example_latest_only.py
[2024-04-04T21:43:04.334+0000] {logging_mixin.py:188} INFO - [2024-04-04T21:43:04.334+0000] {dag.py:3047} INFO - Sync 1 DAGs
[2024-04-04T21:43:04.352+0000] {logging_mixin.py:188} INFO - [2024-04-04T21:43:04.352+0000] {dag.py:3834} INFO - Setting next_dagrun for latest_only to 2024-04-04 16:00:00+00:00, run_after=2024-04-04 20:00:00+00:00
[2024-04-04T21:43:04.367+0000] {processor.py:183} INFO - Processing /home/airflow/.local/lib/python3.8/site-packages/airflow/example_dags/example_latest_only.py took 0.056 seconds
[2024-04-04T21:43:34.533+0000] {processor.py:161} INFO - Started process (PID=780) to work on /home/airflow/.local/lib/python3.8/site-packages/airflow/example_dags/example_latest_only.py
[2024-04-04T21:43:34.534+0000] {processor.py:830} INFO - Processing file /home/airflow/.local/lib/python3.8/site-packages/airflow/example_dags/example_latest_only.py for tasks to queue
[2024-04-04T21:43:34.535+0000] {logging_mixin.py:188} INFO - [2024-04-04T21:43:34.535+0000] {dagbag.py:540} INFO - Filling up the DagBag from /home/airflow/.local/lib/python3.8/site-packages/airflow/example_dags/example_latest_only.py
[2024-04-04T21:43:34.539+0000] {processor.py:840} INFO - DAG(s) 'latest_only' retrieved from /home/airflow/.local/lib/python3.8/site-packages/airflow/example_dags/example_latest_only.py
[2024-04-04T21:43:34.555+0000] {logging_mixin.py:188} INFO - [2024-04-04T21:43:34.554+0000] {dag.py:3047} INFO - Sync 1 DAGs
[2024-04-04T21:43:34.572+0000] {logging_mixin.py:188} INFO - [2024-04-04T21:43:34.572+0000] {dag.py:3834} INFO - Setting next_dagrun for latest_only to 2024-04-04 16:00:00+00:00, run_after=2024-04-04 20:00:00+00:00
[2024-04-04T21:43:34.587+0000] {processor.py:183} INFO - Processing /home/airflow/.local/lib/python3.8/site-packages/airflow/example_dags/example_latest_only.py took 0.056 seconds
[2024-04-04T21:44:05.012+0000] {processor.py:161} INFO - Started process (PID=835) to work on /home/airflow/.local/lib/python3.8/site-packages/airflow/example_dags/example_latest_only.py
[2024-04-04T21:44:05.013+0000] {processor.py:830} INFO - Processing file /home/airflow/.local/lib/python3.8/site-packages/airflow/example_dags/example_latest_only.py for tasks to queue
[2024-04-04T21:44:05.015+0000] {logging_mixin.py:188} INFO - [2024-04-04T21:44:05.014+0000] {dagbag.py:540} INFO - Filling up the DagBag from /home/airflow/.local/lib/python3.8/site-packages/airflow/example_dags/example_latest_only.py
[2024-04-04T21:44:05.018+0000] {processor.py:840} INFO - DAG(s) 'latest_only' retrieved from /home/airflow/.local/lib/python3.8/site-packages/airflow/example_dags/example_latest_only.py
[2024-04-04T21:44:05.033+0000] {logging_mixin.py:188} INFO - [2024-04-04T21:44:05.033+0000] {dag.py:3047} INFO - Sync 1 DAGs
[2024-04-04T21:44:05.053+0000] {logging_mixin.py:188} INFO - [2024-04-04T21:44:05.053+0000] {dag.py:3834} INFO - Setting next_dagrun for latest_only to 2024-04-04 16:00:00+00:00, run_after=2024-04-04 20:00:00+00:00
[2024-04-04T21:44:05.071+0000] {processor.py:183} INFO - Processing /home/airflow/.local/lib/python3.8/site-packages/airflow/example_dags/example_latest_only.py took 0.061 seconds
[2024-04-04T21:44:35.627+0000] {processor.py:161} INFO - Started process (PID=890) to work on /home/airflow/.local/lib/python3.8/site-packages/airflow/example_dags/example_latest_only.py
[2024-04-04T21:44:35.628+0000] {processor.py:830} INFO - Processing file /home/airflow/.local/lib/python3.8/site-packages/airflow/example_dags/example_latest_only.py for tasks to queue
[2024-04-04T21:44:35.629+0000] {logging_mixin.py:188} INFO - [2024-04-04T21:44:35.629+0000] {dagbag.py:540} INFO - Filling up the DagBag from /home/airflow/.local/lib/python3.8/site-packages/airflow/example_dags/example_latest_only.py
[2024-04-04T21:44:35.633+0000] {processor.py:840} INFO - DAG(s) 'latest_only' retrieved from /home/airflow/.local/lib/python3.8/site-packages/airflow/example_dags/example_latest_only.py
[2024-04-04T21:44:35.648+0000] {logging_mixin.py:188} INFO - [2024-04-04T21:44:35.647+0000] {dag.py:3047} INFO - Sync 1 DAGs
[2024-04-04T21:44:35.664+0000] {logging_mixin.py:188} INFO - [2024-04-04T21:44:35.664+0000] {dag.py:3834} INFO - Setting next_dagrun for latest_only to 2024-04-04 16:00:00+00:00, run_after=2024-04-04 20:00:00+00:00
[2024-04-04T21:44:35.679+0000] {processor.py:183} INFO - Processing /home/airflow/.local/lib/python3.8/site-packages/airflow/example_dags/example_latest_only.py took 0.055 seconds
[2024-04-04T21:45:05.723+0000] {processor.py:161} INFO - Started process (PID=945) to work on /home/airflow/.local/lib/python3.8/site-packages/airflow/example_dags/example_latest_only.py
[2024-04-04T21:45:05.724+0000] {processor.py:830} INFO - Processing file /home/airflow/.local/lib/python3.8/site-packages/airflow/example_dags/example_latest_only.py for tasks to queue
[2024-04-04T21:45:05.725+0000] {logging_mixin.py:188} INFO - [2024-04-04T21:45:05.725+0000] {dagbag.py:540} INFO - Filling up the DagBag from /home/airflow/.local/lib/python3.8/site-packages/airflow/example_dags/example_latest_only.py
[2024-04-04T21:45:05.728+0000] {processor.py:840} INFO - DAG(s) 'latest_only' retrieved from /home/airflow/.local/lib/python3.8/site-packages/airflow/example_dags/example_latest_only.py
[2024-04-04T21:45:05.743+0000] {logging_mixin.py:188} INFO - [2024-04-04T21:45:05.742+0000] {dag.py:3047} INFO - Sync 1 DAGs
[2024-04-04T21:45:05.760+0000] {logging_mixin.py:188} INFO - [2024-04-04T21:45:05.760+0000] {dag.py:3834} INFO - Setting next_dagrun for latest_only to 2024-04-04 16:00:00+00:00, run_after=2024-04-04 20:00:00+00:00
[2024-04-04T21:45:05.775+0000] {processor.py:183} INFO - Processing /home/airflow/.local/lib/python3.8/site-packages/airflow/example_dags/example_latest_only.py took 0.054 seconds
[2024-04-04T21:45:35.833+0000] {processor.py:161} INFO - Started process (PID=1000) to work on /home/airflow/.local/lib/python3.8/site-packages/airflow/example_dags/example_latest_only.py
[2024-04-04T21:45:35.834+0000] {processor.py:830} INFO - Processing file /home/airflow/.local/lib/python3.8/site-packages/airflow/example_dags/example_latest_only.py for tasks to queue
[2024-04-04T21:45:35.836+0000] {logging_mixin.py:188} INFO - [2024-04-04T21:45:35.835+0000] {dagbag.py:540} INFO - Filling up the DagBag from /home/airflow/.local/lib/python3.8/site-packages/airflow/example_dags/example_latest_only.py
[2024-04-04T21:45:35.839+0000] {processor.py:840} INFO - DAG(s) 'latest_only' retrieved from /home/airflow/.local/lib/python3.8/site-packages/airflow/example_dags/example_latest_only.py
[2024-04-04T21:45:35.853+0000] {logging_mixin.py:188} INFO - [2024-04-04T21:45:35.853+0000] {dag.py:3047} INFO - Sync 1 DAGs
[2024-04-04T21:45:35.870+0000] {logging_mixin.py:188} INFO - [2024-04-04T21:45:35.869+0000] {dag.py:3834} INFO - Setting next_dagrun for latest_only to 2024-04-04 16:00:00+00:00, run_after=2024-04-04 20:00:00+00:00
[2024-04-04T21:45:35.884+0000] {processor.py:183} INFO - Processing /home/airflow/.local/lib/python3.8/site-packages/airflow/example_dags/example_latest_only.py took 0.052 seconds
[2024-04-04T21:46:06.154+0000] {processor.py:161} INFO - Started process (PID=1055) to work on /home/airflow/.local/lib/python3.8/site-packages/airflow/example_dags/example_latest_only.py
[2024-04-04T21:46:06.155+0000] {processor.py:830} INFO - Processing file /home/airflow/.local/lib/python3.8/site-packages/airflow/example_dags/example_latest_only.py for tasks to queue
[2024-04-04T21:46:06.156+0000] {logging_mixin.py:188} INFO - [2024-04-04T21:46:06.156+0000] {dagbag.py:540} INFO - Filling up the DagBag from /home/airflow/.local/lib/python3.8/site-packages/airflow/example_dags/example_latest_only.py
[2024-04-04T21:46:06.159+0000] {processor.py:840} INFO - DAG(s) 'latest_only' retrieved from /home/airflow/.local/lib/python3.8/site-packages/airflow/example_dags/example_latest_only.py
[2024-04-04T21:46:06.176+0000] {logging_mixin.py:188} INFO - [2024-04-04T21:46:06.175+0000] {dag.py:3047} INFO - Sync 1 DAGs
[2024-04-04T21:46:06.193+0000] {logging_mixin.py:188} INFO - [2024-04-04T21:46:06.193+0000] {dag.py:3834} INFO - Setting next_dagrun for latest_only to 2024-04-04 16:00:00+00:00, run_after=2024-04-04 20:00:00+00:00
[2024-04-04T21:46:06.210+0000] {processor.py:183} INFO - Processing /home/airflow/.local/lib/python3.8/site-packages/airflow/example_dags/example_latest_only.py took 0.059 seconds
[2024-04-04T21:46:36.392+0000] {processor.py:161} INFO - Started process (PID=1110) to work on /home/airflow/.local/lib/python3.8/site-packages/airflow/example_dags/example_latest_only.py
[2024-04-04T21:46:36.393+0000] {processor.py:830} INFO - Processing file /home/airflow/.local/lib/python3.8/site-packages/airflow/example_dags/example_latest_only.py for tasks to queue
[2024-04-04T21:46:36.394+0000] {logging_mixin.py:188} INFO - [2024-04-04T21:46:36.394+0000] {dagbag.py:540} INFO - Filling up the DagBag from /home/airflow/.local/lib/python3.8/site-packages/airflow/example_dags/example_latest_only.py
[2024-04-04T21:46:36.397+0000] {processor.py:840} INFO - DAG(s) 'latest_only' retrieved from /home/airflow/.local/lib/python3.8/site-packages/airflow/example_dags/example_latest_only.py
[2024-04-04T21:46:36.411+0000] {logging_mixin.py:188} INFO - [2024-04-04T21:46:36.411+0000] {dag.py:3047} INFO - Sync 1 DAGs
[2024-04-04T21:46:36.428+0000] {logging_mixin.py:188} INFO - [2024-04-04T21:46:36.427+0000] {dag.py:3834} INFO - Setting next_dagrun for latest_only to 2024-04-04 16:00:00+00:00, run_after=2024-04-04 20:00:00+00:00
[2024-04-04T21:46:36.443+0000] {processor.py:183} INFO - Processing /home/airflow/.local/lib/python3.8/site-packages/airflow/example_dags/example_latest_only.py took 0.053 seconds
[2024-04-04T21:47:06.717+0000] {processor.py:161} INFO - Started process (PID=1165) to work on /home/airflow/.local/lib/python3.8/site-packages/airflow/example_dags/example_latest_only.py
[2024-04-04T21:47:06.718+0000] {processor.py:830} INFO - Processing file /home/airflow/.local/lib/python3.8/site-packages/airflow/example_dags/example_latest_only.py for tasks to queue
[2024-04-04T21:47:06.719+0000] {logging_mixin.py:188} INFO - [2024-04-04T21:47:06.719+0000] {dagbag.py:540} INFO - Filling up the DagBag from /home/airflow/.local/lib/python3.8/site-packages/airflow/example_dags/example_latest_only.py
[2024-04-04T21:47:06.723+0000] {processor.py:840} INFO - DAG(s) 'latest_only' retrieved from /home/airflow/.local/lib/python3.8/site-packages/airflow/example_dags/example_latest_only.py
[2024-04-04T21:47:06.740+0000] {logging_mixin.py:188} INFO - [2024-04-04T21:47:06.739+0000] {dag.py:3047} INFO - Sync 1 DAGs
[2024-04-04T21:47:06.757+0000] {logging_mixin.py:188} INFO - [2024-04-04T21:47:06.757+0000] {dag.py:3834} INFO - Setting next_dagrun for latest_only to 2024-04-04 16:00:00+00:00, run_after=2024-04-04 20:00:00+00:00
[2024-04-04T21:47:06.773+0000] {processor.py:183} INFO - Processing /home/airflow/.local/lib/python3.8/site-packages/airflow/example_dags/example_latest_only.py took 0.059 seconds
[2024-04-04T21:47:37.102+0000] {processor.py:161} INFO - Started process (PID=1220) to work on /home/airflow/.local/lib/python3.8/site-packages/airflow/example_dags/example_latest_only.py
[2024-04-04T21:47:37.103+0000] {processor.py:830} INFO - Processing file /home/airflow/.local/lib/python3.8/site-packages/airflow/example_dags/example_latest_only.py for tasks to queue
[2024-04-04T21:47:37.104+0000] {logging_mixin.py:188} INFO - [2024-04-04T21:47:37.104+0000] {dagbag.py:540} INFO - Filling up the DagBag from /home/airflow/.local/lib/python3.8/site-packages/airflow/example_dags/example_latest_only.py
[2024-04-04T21:47:37.108+0000] {processor.py:840} INFO - DAG(s) 'latest_only' retrieved from /home/airflow/.local/lib/python3.8/site-packages/airflow/example_dags/example_latest_only.py
[2024-04-04T21:47:37.125+0000] {logging_mixin.py:188} INFO - [2024-04-04T21:47:37.125+0000] {dag.py:3047} INFO - Sync 1 DAGs
[2024-04-04T21:47:37.143+0000] {logging_mixin.py:188} INFO - [2024-04-04T21:47:37.143+0000] {dag.py:3834} INFO - Setting next_dagrun for latest_only to 2024-04-04 16:00:00+00:00, run_after=2024-04-04 20:00:00+00:00
[2024-04-04T21:47:37.157+0000] {processor.py:183} INFO - Processing /home/airflow/.local/lib/python3.8/site-packages/airflow/example_dags/example_latest_only.py took 0.057 seconds
[2024-04-04T21:48:07.574+0000] {processor.py:161} INFO - Started process (PID=1275) to work on /home/airflow/.local/lib/python3.8/site-packages/airflow/example_dags/example_latest_only.py
[2024-04-04T21:48:07.579+0000] {processor.py:830} INFO - Processing file /home/airflow/.local/lib/python3.8/site-packages/airflow/example_dags/example_latest_only.py for tasks to queue
[2024-04-04T21:48:07.580+0000] {logging_mixin.py:188} INFO - [2024-04-04T21:48:07.580+0000] {dagbag.py:540} INFO - Filling up the DagBag from /home/airflow/.local/lib/python3.8/site-packages/airflow/example_dags/example_latest_only.py
[2024-04-04T21:48:07.584+0000] {processor.py:840} INFO - DAG(s) 'latest_only' retrieved from /home/airflow/.local/lib/python3.8/site-packages/airflow/example_dags/example_latest_only.py
[2024-04-04T21:48:07.601+0000] {logging_mixin.py:188} INFO - [2024-04-04T21:48:07.601+0000] {dag.py:3047} INFO - Sync 1 DAGs
[2024-04-04T21:48:07.619+0000] {logging_mixin.py:188} INFO - [2024-04-04T21:48:07.618+0000] {dag.py:3834} INFO - Setting next_dagrun for latest_only to 2024-04-04 16:00:00+00:00, run_after=2024-04-04 20:00:00+00:00
[2024-04-04T21:48:07.641+0000] {processor.py:183} INFO - Processing /home/airflow/.local/lib/python3.8/site-packages/airflow/example_dags/example_latest_only.py took 0.069 seconds
[2024-04-04T21:48:37.769+0000] {processor.py:161} INFO - Started process (PID=1330) to work on /home/airflow/.local/lib/python3.8/site-packages/airflow/example_dags/example_latest_only.py
[2024-04-04T21:48:37.770+0000] {processor.py:830} INFO - Processing file /home/airflow/.local/lib/python3.8/site-packages/airflow/example_dags/example_latest_only.py for tasks to queue
[2024-04-04T21:48:37.772+0000] {logging_mixin.py:188} INFO - [2024-04-04T21:48:37.771+0000] {dagbag.py:540} INFO - Filling up the DagBag from /home/airflow/.local/lib/python3.8/site-packages/airflow/example_dags/example_latest_only.py
[2024-04-04T21:48:37.775+0000] {processor.py:840} INFO - DAG(s) 'latest_only' retrieved from /home/airflow/.local/lib/python3.8/site-packages/airflow/example_dags/example_latest_only.py
[2024-04-04T21:48:37.791+0000] {logging_mixin.py:188} INFO - [2024-04-04T21:48:37.791+0000] {dag.py:3047} INFO - Sync 1 DAGs
[2024-04-04T21:48:37.809+0000] {logging_mixin.py:188} INFO - [2024-04-04T21:48:37.809+0000] {dag.py:3834} INFO - Setting next_dagrun for latest_only to 2024-04-04 16:00:00+00:00, run_after=2024-04-04 20:00:00+00:00
[2024-04-04T21:48:37.828+0000] {processor.py:183} INFO - Processing /home/airflow/.local/lib/python3.8/site-packages/airflow/example_dags/example_latest_only.py took 0.061 seconds
[2024-04-04T21:49:08.075+0000] {processor.py:161} INFO - Started process (PID=1385) to work on /home/airflow/.local/lib/python3.8/site-packages/airflow/example_dags/example_latest_only.py
[2024-04-04T21:49:08.076+0000] {processor.py:830} INFO - Processing file /home/airflow/.local/lib/python3.8/site-packages/airflow/example_dags/example_latest_only.py for tasks to queue
[2024-04-04T21:49:08.077+0000] {logging_mixin.py:188} INFO - [2024-04-04T21:49:08.077+0000] {dagbag.py:540} INFO - Filling up the DagBag from /home/airflow/.local/lib/python3.8/site-packages/airflow/example_dags/example_latest_only.py
[2024-04-04T21:49:08.081+0000] {processor.py:840} INFO - DAG(s) 'latest_only' retrieved from /home/airflow/.local/lib/python3.8/site-packages/airflow/example_dags/example_latest_only.py
[2024-04-04T21:49:08.095+0000] {logging_mixin.py:188} INFO - [2024-04-04T21:49:08.095+0000] {dag.py:3047} INFO - Sync 1 DAGs
[2024-04-04T21:49:08.113+0000] {logging_mixin.py:188} INFO - [2024-04-04T21:49:08.113+0000] {dag.py:3834} INFO - Setting next_dagrun for latest_only to 2024-04-04 16:00:00+00:00, run_after=2024-04-04 20:00:00+00:00
[2024-04-04T21:49:08.133+0000] {processor.py:183} INFO - Processing /home/airflow/.local/lib/python3.8/site-packages/airflow/example_dags/example_latest_only.py took 0.060 seconds
[2024-04-04T21:49:38.663+0000] {processor.py:161} INFO - Started process (PID=1440) to work on /home/airflow/.local/lib/python3.8/site-packages/airflow/example_dags/example_latest_only.py
[2024-04-04T21:49:38.664+0000] {processor.py:830} INFO - Processing file /home/airflow/.local/lib/python3.8/site-packages/airflow/example_dags/example_latest_only.py for tasks to queue
[2024-04-04T21:49:38.666+0000] {logging_mixin.py:188} INFO - [2024-04-04T21:49:38.665+0000] {dagbag.py:540} INFO - Filling up the DagBag from /home/airflow/.local/lib/python3.8/site-packages/airflow/example_dags/example_latest_only.py
[2024-04-04T21:49:38.669+0000] {processor.py:840} INFO - DAG(s) 'latest_only' retrieved from /home/airflow/.local/lib/python3.8/site-packages/airflow/example_dags/example_latest_only.py
[2024-04-04T21:49:38.683+0000] {logging_mixin.py:188} INFO - [2024-04-04T21:49:38.683+0000] {dag.py:3047} INFO - Sync 1 DAGs
[2024-04-04T21:49:38.700+0000] {logging_mixin.py:188} INFO - [2024-04-04T21:49:38.700+0000] {dag.py:3834} INFO - Setting next_dagrun for latest_only to 2024-04-04 16:00:00+00:00, run_after=2024-04-04 20:00:00+00:00
[2024-04-04T21:49:38.714+0000] {processor.py:183} INFO - Processing /home/airflow/.local/lib/python3.8/site-packages/airflow/example_dags/example_latest_only.py took 0.052 seconds
[2024-04-04T21:50:09.021+0000] {processor.py:161} INFO - Started process (PID=1495) to work on /home/airflow/.local/lib/python3.8/site-packages/airflow/example_dags/example_latest_only.py
[2024-04-04T21:50:09.022+0000] {processor.py:830} INFO - Processing file /home/airflow/.local/lib/python3.8/site-packages/airflow/example_dags/example_latest_only.py for tasks to queue
[2024-04-04T21:50:09.023+0000] {logging_mixin.py:188} INFO - [2024-04-04T21:50:09.023+0000] {dagbag.py:540} INFO - Filling up the DagBag from /home/airflow/.local/lib/python3.8/site-packages/airflow/example_dags/example_latest_only.py
[2024-04-04T21:50:09.026+0000] {processor.py:840} INFO - DAG(s) 'latest_only' retrieved from /home/airflow/.local/lib/python3.8/site-packages/airflow/example_dags/example_latest_only.py
[2024-04-04T21:50:09.040+0000] {logging_mixin.py:188} INFO - [2024-04-04T21:50:09.040+0000] {dag.py:3047} INFO - Sync 1 DAGs
[2024-04-04T21:50:09.057+0000] {logging_mixin.py:188} INFO - [2024-04-04T21:50:09.056+0000] {dag.py:3834} INFO - Setting next_dagrun for latest_only to 2024-04-04 16:00:00+00:00, run_after=2024-04-04 20:00:00+00:00
[2024-04-04T21:50:09.071+0000] {processor.py:183} INFO - Processing /home/airflow/.local/lib/python3.8/site-packages/airflow/example_dags/example_latest_only.py took 0.052 seconds
[2024-04-04T21:50:39.441+0000] {processor.py:161} INFO - Started process (PID=1550) to work on /home/airflow/.local/lib/python3.8/site-packages/airflow/example_dags/example_latest_only.py
[2024-04-04T21:50:39.442+0000] {processor.py:830} INFO - Processing file /home/airflow/.local/lib/python3.8/site-packages/airflow/example_dags/example_latest_only.py for tasks to queue
[2024-04-04T21:50:39.444+0000] {logging_mixin.py:188} INFO - [2024-04-04T21:50:39.444+0000] {dagbag.py:540} INFO - Filling up the DagBag from /home/airflow/.local/lib/python3.8/site-packages/airflow/example_dags/example_latest_only.py
[2024-04-04T21:50:39.448+0000] {processor.py:840} INFO - DAG(s) 'latest_only' retrieved from /home/airflow/.local/lib/python3.8/site-packages/airflow/example_dags/example_latest_only.py
[2024-04-04T21:50:39.469+0000] {logging_mixin.py:188} INFO - [2024-04-04T21:50:39.469+0000] {dag.py:3047} INFO - Sync 1 DAGs
[2024-04-04T21:50:39.494+0000] {logging_mixin.py:188} INFO - [2024-04-04T21:50:39.494+0000] {dag.py:3834} INFO - Setting next_dagrun for latest_only to 2024-04-04 16:00:00+00:00, run_after=2024-04-04 20:00:00+00:00
[2024-04-04T21:50:39.516+0000] {processor.py:183} INFO - Processing /home/airflow/.local/lib/python3.8/site-packages/airflow/example_dags/example_latest_only.py took 0.078 seconds
[2024-04-04T21:51:09.995+0000] {processor.py:161} INFO - Started process (PID=1605) to work on /home/airflow/.local/lib/python3.8/site-packages/airflow/example_dags/example_latest_only.py
[2024-04-04T21:51:09.995+0000] {processor.py:830} INFO - Processing file /home/airflow/.local/lib/python3.8/site-packages/airflow/example_dags/example_latest_only.py for tasks to queue
[2024-04-04T21:51:09.997+0000] {logging_mixin.py:188} INFO - [2024-04-04T21:51:09.997+0000] {dagbag.py:540} INFO - Filling up the DagBag from /home/airflow/.local/lib/python3.8/site-packages/airflow/example_dags/example_latest_only.py
[2024-04-04T21:51:10.000+0000] {processor.py:840} INFO - DAG(s) 'latest_only' retrieved from /home/airflow/.local/lib/python3.8/site-packages/airflow/example_dags/example_latest_only.py
[2024-04-04T21:51:10.015+0000] {logging_mixin.py:188} INFO - [2024-04-04T21:51:10.015+0000] {dag.py:3047} INFO - Sync 1 DAGs
[2024-04-04T21:51:10.031+0000] {logging_mixin.py:188} INFO - [2024-04-04T21:51:10.031+0000] {dag.py:3834} INFO - Setting next_dagrun for latest_only to 2024-04-04 16:00:00+00:00, run_after=2024-04-04 20:00:00+00:00
[2024-04-04T21:51:10.046+0000] {processor.py:183} INFO - Processing /home/airflow/.local/lib/python3.8/site-packages/airflow/example_dags/example_latest_only.py took 0.053 seconds
[2024-04-04T21:51:40.269+0000] {processor.py:161} INFO - Started process (PID=1660) to work on /home/airflow/.local/lib/python3.8/site-packages/airflow/example_dags/example_latest_only.py
[2024-04-04T21:51:40.270+0000] {processor.py:830} INFO - Processing file /home/airflow/.local/lib/python3.8/site-packages/airflow/example_dags/example_latest_only.py for tasks to queue
[2024-04-04T21:51:40.271+0000] {logging_mixin.py:188} INFO - [2024-04-04T21:51:40.271+0000] {dagbag.py:540} INFO - Filling up the DagBag from /home/airflow/.local/lib/python3.8/site-packages/airflow/example_dags/example_latest_only.py
[2024-04-04T21:51:40.274+0000] {processor.py:840} INFO - DAG(s) 'latest_only' retrieved from /home/airflow/.local/lib/python3.8/site-packages/airflow/example_dags/example_latest_only.py
[2024-04-04T21:51:40.288+0000] {logging_mixin.py:188} INFO - [2024-04-04T21:51:40.288+0000] {dag.py:3047} INFO - Sync 1 DAGs
[2024-04-04T21:51:40.304+0000] {logging_mixin.py:188} INFO - [2024-04-04T21:51:40.303+0000] {dag.py:3834} INFO - Setting next_dagrun for latest_only to 2024-04-04 16:00:00+00:00, run_after=2024-04-04 20:00:00+00:00
[2024-04-04T21:51:40.319+0000] {processor.py:183} INFO - Processing /home/airflow/.local/lib/python3.8/site-packages/airflow/example_dags/example_latest_only.py took 0.052 seconds
[2024-04-04T21:52:10.477+0000] {processor.py:161} INFO - Started process (PID=1715) to work on /home/airflow/.local/lib/python3.8/site-packages/airflow/example_dags/example_latest_only.py
[2024-04-04T21:52:10.478+0000] {processor.py:830} INFO - Processing file /home/airflow/.local/lib/python3.8/site-packages/airflow/example_dags/example_latest_only.py for tasks to queue
[2024-04-04T21:52:10.479+0000] {logging_mixin.py:188} INFO - [2024-04-04T21:52:10.479+0000] {dagbag.py:540} INFO - Filling up the DagBag from /home/airflow/.local/lib/python3.8/site-packages/airflow/example_dags/example_latest_only.py
[2024-04-04T21:52:10.482+0000] {processor.py:840} INFO - DAG(s) 'latest_only' retrieved from /home/airflow/.local/lib/python3.8/site-packages/airflow/example_dags/example_latest_only.py
[2024-04-04T21:52:10.498+0000] {logging_mixin.py:188} INFO - [2024-04-04T21:52:10.497+0000] {dag.py:3047} INFO - Sync 1 DAGs
[2024-04-04T21:52:10.515+0000] {logging_mixin.py:188} INFO - [2024-04-04T21:52:10.515+0000] {dag.py:3834} INFO - Setting next_dagrun for latest_only to 2024-04-04 16:00:00+00:00, run_after=2024-04-04 20:00:00+00:00
[2024-04-04T21:52:10.530+0000] {processor.py:183} INFO - Processing /home/airflow/.local/lib/python3.8/site-packages/airflow/example_dags/example_latest_only.py took 0.054 seconds
[2024-04-04T21:52:40.822+0000] {processor.py:161} INFO - Started process (PID=1770) to work on /home/airflow/.local/lib/python3.8/site-packages/airflow/example_dags/example_latest_only.py
[2024-04-04T21:52:40.823+0000] {processor.py:830} INFO - Processing file /home/airflow/.local/lib/python3.8/site-packages/airflow/example_dags/example_latest_only.py for tasks to queue
[2024-04-04T21:52:40.824+0000] {logging_mixin.py:188} INFO - [2024-04-04T21:52:40.824+0000] {dagbag.py:540} INFO - Filling up the DagBag from /home/airflow/.local/lib/python3.8/site-packages/airflow/example_dags/example_latest_only.py
[2024-04-04T21:52:40.827+0000] {processor.py:840} INFO - DAG(s) 'latest_only' retrieved from /home/airflow/.local/lib/python3.8/site-packages/airflow/example_dags/example_latest_only.py
[2024-04-04T21:52:40.841+0000] {logging_mixin.py:188} INFO - [2024-04-04T21:52:40.841+0000] {dag.py:3047} INFO - Sync 1 DAGs
[2024-04-04T21:52:40.857+0000] {logging_mixin.py:188} INFO - [2024-04-04T21:52:40.857+0000] {dag.py:3834} INFO - Setting next_dagrun for latest_only to 2024-04-04 16:00:00+00:00, run_after=2024-04-04 20:00:00+00:00
[2024-04-04T21:52:40.872+0000] {processor.py:183} INFO - Processing /home/airflow/.local/lib/python3.8/site-packages/airflow/example_dags/example_latest_only.py took 0.052 seconds
[2024-04-04T21:53:11.134+0000] {processor.py:161} INFO - Started process (PID=1825) to work on /home/airflow/.local/lib/python3.8/site-packages/airflow/example_dags/example_latest_only.py
[2024-04-04T21:53:11.135+0000] {processor.py:830} INFO - Processing file /home/airflow/.local/lib/python3.8/site-packages/airflow/example_dags/example_latest_only.py for tasks to queue
[2024-04-04T21:53:11.137+0000] {logging_mixin.py:188} INFO - [2024-04-04T21:53:11.136+0000] {dagbag.py:540} INFO - Filling up the DagBag from /home/airflow/.local/lib/python3.8/site-packages/airflow/example_dags/example_latest_only.py
[2024-04-04T21:53:11.141+0000] {processor.py:840} INFO - DAG(s) 'latest_only' retrieved from /home/airflow/.local/lib/python3.8/site-packages/airflow/example_dags/example_latest_only.py
[2024-04-04T21:53:11.157+0000] {logging_mixin.py:188} INFO - [2024-04-04T21:53:11.156+0000] {dag.py:3047} INFO - Sync 1 DAGs
[2024-04-04T21:53:11.173+0000] {logging_mixin.py:188} INFO - [2024-04-04T21:53:11.173+0000] {dag.py:3834} INFO - Setting next_dagrun for latest_only to 2024-04-04 16:00:00+00:00, run_after=2024-04-04 20:00:00+00:00
[2024-04-04T21:53:11.189+0000] {processor.py:183} INFO - Processing /home/airflow/.local/lib/python3.8/site-packages/airflow/example_dags/example_latest_only.py took 0.057 seconds
[2024-04-04T21:53:41.370+0000] {processor.py:161} INFO - Started process (PID=1880) to work on /home/airflow/.local/lib/python3.8/site-packages/airflow/example_dags/example_latest_only.py
[2024-04-04T21:53:41.370+0000] {processor.py:830} INFO - Processing file /home/airflow/.local/lib/python3.8/site-packages/airflow/example_dags/example_latest_only.py for tasks to queue
[2024-04-04T21:53:41.372+0000] {logging_mixin.py:188} INFO - [2024-04-04T21:53:41.371+0000] {dagbag.py:540} INFO - Filling up the DagBag from /home/airflow/.local/lib/python3.8/site-packages/airflow/example_dags/example_latest_only.py
[2024-04-04T21:53:41.375+0000] {processor.py:840} INFO - DAG(s) 'latest_only' retrieved from /home/airflow/.local/lib/python3.8/site-packages/airflow/example_dags/example_latest_only.py
[2024-04-04T21:53:41.390+0000] {logging_mixin.py:188} INFO - [2024-04-04T21:53:41.389+0000] {dag.py:3047} INFO - Sync 1 DAGs
[2024-04-04T21:53:41.410+0000] {logging_mixin.py:188} INFO - [2024-04-04T21:53:41.410+0000] {dag.py:3834} INFO - Setting next_dagrun for latest_only to 2024-04-04 16:00:00+00:00, run_after=2024-04-04 20:00:00+00:00
[2024-04-04T21:53:41.429+0000] {processor.py:183} INFO - Processing /home/airflow/.local/lib/python3.8/site-packages/airflow/example_dags/example_latest_only.py took 0.062 seconds
[2024-04-04T21:54:12.434+0000] {processor.py:161} INFO - Started process (PID=1935) to work on /home/airflow/.local/lib/python3.8/site-packages/airflow/example_dags/example_latest_only.py
[2024-04-04T21:54:12.435+0000] {processor.py:830} INFO - Processing file /home/airflow/.local/lib/python3.8/site-packages/airflow/example_dags/example_latest_only.py for tasks to queue
[2024-04-04T21:54:12.436+0000] {logging_mixin.py:188} INFO - [2024-04-04T21:54:12.436+0000] {dagbag.py:540} INFO - Filling up the DagBag from /home/airflow/.local/lib/python3.8/site-packages/airflow/example_dags/example_latest_only.py
[2024-04-04T21:54:12.440+0000] {processor.py:840} INFO - DAG(s) 'latest_only' retrieved from /home/airflow/.local/lib/python3.8/site-packages/airflow/example_dags/example_latest_only.py
[2024-04-04T21:54:12.455+0000] {logging_mixin.py:188} INFO - [2024-04-04T21:54:12.455+0000] {dag.py:3047} INFO - Sync 1 DAGs
[2024-04-04T21:54:12.473+0000] {logging_mixin.py:188} INFO - [2024-04-04T21:54:12.473+0000] {dag.py:3834} INFO - Setting next_dagrun for latest_only to 2024-04-04 16:00:00+00:00, run_after=2024-04-04 20:00:00+00:00
[2024-04-04T21:54:12.488+0000] {processor.py:183} INFO - Processing /home/airflow/.local/lib/python3.8/site-packages/airflow/example_dags/example_latest_only.py took 0.056 seconds
[2024-04-04T21:54:42.813+0000] {processor.py:161} INFO - Started process (PID=1990) to work on /home/airflow/.local/lib/python3.8/site-packages/airflow/example_dags/example_latest_only.py
[2024-04-04T21:54:42.814+0000] {processor.py:830} INFO - Processing file /home/airflow/.local/lib/python3.8/site-packages/airflow/example_dags/example_latest_only.py for tasks to queue
[2024-04-04T21:54:42.815+0000] {logging_mixin.py:188} INFO - [2024-04-04T21:54:42.815+0000] {dagbag.py:540} INFO - Filling up the DagBag from /home/airflow/.local/lib/python3.8/site-packages/airflow/example_dags/example_latest_only.py
[2024-04-04T21:54:42.818+0000] {processor.py:840} INFO - DAG(s) 'latest_only' retrieved from /home/airflow/.local/lib/python3.8/site-packages/airflow/example_dags/example_latest_only.py
[2024-04-04T21:54:42.833+0000] {logging_mixin.py:188} INFO - [2024-04-04T21:54:42.833+0000] {dag.py:3047} INFO - Sync 1 DAGs
[2024-04-04T21:54:42.850+0000] {logging_mixin.py:188} INFO - [2024-04-04T21:54:42.849+0000] {dag.py:3834} INFO - Setting next_dagrun for latest_only to 2024-04-04 16:00:00+00:00, run_after=2024-04-04 20:00:00+00:00
[2024-04-04T21:54:42.863+0000] {processor.py:183} INFO - Processing /home/airflow/.local/lib/python3.8/site-packages/airflow/example_dags/example_latest_only.py took 0.052 seconds
[2024-04-04T21:55:13.001+0000] {processor.py:161} INFO - Started process (PID=2045) to work on /home/airflow/.local/lib/python3.8/site-packages/airflow/example_dags/example_latest_only.py
[2024-04-04T21:55:13.001+0000] {processor.py:830} INFO - Processing file /home/airflow/.local/lib/python3.8/site-packages/airflow/example_dags/example_latest_only.py for tasks to queue
[2024-04-04T21:55:13.003+0000] {logging_mixin.py:188} INFO - [2024-04-04T21:55:13.002+0000] {dagbag.py:540} INFO - Filling up the DagBag from /home/airflow/.local/lib/python3.8/site-packages/airflow/example_dags/example_latest_only.py
[2024-04-04T21:55:13.006+0000] {processor.py:840} INFO - DAG(s) 'latest_only' retrieved from /home/airflow/.local/lib/python3.8/site-packages/airflow/example_dags/example_latest_only.py
[2024-04-04T21:55:13.021+0000] {logging_mixin.py:188} INFO - [2024-04-04T21:55:13.021+0000] {dag.py:3047} INFO - Sync 1 DAGs
[2024-04-04T21:55:13.039+0000] {logging_mixin.py:188} INFO - [2024-04-04T21:55:13.039+0000] {dag.py:3834} INFO - Setting next_dagrun for latest_only to 2024-04-04 16:00:00+00:00, run_after=2024-04-04 20:00:00+00:00
[2024-04-04T21:55:13.053+0000] {processor.py:183} INFO - Processing /home/airflow/.local/lib/python3.8/site-packages/airflow/example_dags/example_latest_only.py took 0.054 seconds
[2024-04-04T21:55:43.345+0000] {processor.py:161} INFO - Started process (PID=2100) to work on /home/airflow/.local/lib/python3.8/site-packages/airflow/example_dags/example_latest_only.py
[2024-04-04T21:55:43.346+0000] {processor.py:830} INFO - Processing file /home/airflow/.local/lib/python3.8/site-packages/airflow/example_dags/example_latest_only.py for tasks to queue
[2024-04-04T21:55:43.347+0000] {logging_mixin.py:188} INFO - [2024-04-04T21:55:43.346+0000] {dagbag.py:540} INFO - Filling up the DagBag from /home/airflow/.local/lib/python3.8/site-packages/airflow/example_dags/example_latest_only.py
[2024-04-04T21:55:43.350+0000] {processor.py:840} INFO - DAG(s) 'latest_only' retrieved from /home/airflow/.local/lib/python3.8/site-packages/airflow/example_dags/example_latest_only.py
[2024-04-04T21:55:43.364+0000] {logging_mixin.py:188} INFO - [2024-04-04T21:55:43.364+0000] {dag.py:3047} INFO - Sync 1 DAGs
[2024-04-04T21:55:43.380+0000] {logging_mixin.py:188} INFO - [2024-04-04T21:55:43.380+0000] {dag.py:3834} INFO - Setting next_dagrun for latest_only to 2024-04-04 16:00:00+00:00, run_after=2024-04-04 20:00:00+00:00
[2024-04-04T21:55:43.395+0000] {processor.py:183} INFO - Processing /home/airflow/.local/lib/python3.8/site-packages/airflow/example_dags/example_latest_only.py took 0.052 seconds
[2024-04-04T21:56:13.537+0000] {processor.py:161} INFO - Started process (PID=2155) to work on /home/airflow/.local/lib/python3.8/site-packages/airflow/example_dags/example_latest_only.py
[2024-04-04T21:56:13.538+0000] {processor.py:830} INFO - Processing file /home/airflow/.local/lib/python3.8/site-packages/airflow/example_dags/example_latest_only.py for tasks to queue
[2024-04-04T21:56:13.539+0000] {logging_mixin.py:188} INFO - [2024-04-04T21:56:13.539+0000] {dagbag.py:540} INFO - Filling up the DagBag from /home/airflow/.local/lib/python3.8/site-packages/airflow/example_dags/example_latest_only.py
[2024-04-04T21:56:13.543+0000] {processor.py:840} INFO - DAG(s) 'latest_only' retrieved from /home/airflow/.local/lib/python3.8/site-packages/airflow/example_dags/example_latest_only.py
[2024-04-04T21:56:13.557+0000] {logging_mixin.py:188} INFO - [2024-04-04T21:56:13.557+0000] {dag.py:3047} INFO - Sync 1 DAGs
[2024-04-04T21:56:13.573+0000] {logging_mixin.py:188} INFO - [2024-04-04T21:56:13.573+0000] {dag.py:3834} INFO - Setting next_dagrun for latest_only to 2024-04-04 16:00:00+00:00, run_after=2024-04-04 20:00:00+00:00
[2024-04-04T21:56:13.587+0000] {processor.py:183} INFO - Processing /home/airflow/.local/lib/python3.8/site-packages/airflow/example_dags/example_latest_only.py took 0.053 seconds
[2024-04-04T21:56:43.708+0000] {processor.py:161} INFO - Started process (PID=2210) to work on /home/airflow/.local/lib/python3.8/site-packages/airflow/example_dags/example_latest_only.py
[2024-04-04T21:56:43.708+0000] {processor.py:830} INFO - Processing file /home/airflow/.local/lib/python3.8/site-packages/airflow/example_dags/example_latest_only.py for tasks to queue
[2024-04-04T21:56:43.710+0000] {logging_mixin.py:188} INFO - [2024-04-04T21:56:43.709+0000] {dagbag.py:540} INFO - Filling up the DagBag from /home/airflow/.local/lib/python3.8/site-packages/airflow/example_dags/example_latest_only.py
[2024-04-04T21:56:43.713+0000] {processor.py:840} INFO - DAG(s) 'latest_only' retrieved from /home/airflow/.local/lib/python3.8/site-packages/airflow/example_dags/example_latest_only.py
[2024-04-04T21:56:43.726+0000] {logging_mixin.py:188} INFO - [2024-04-04T21:56:43.726+0000] {dag.py:3047} INFO - Sync 1 DAGs
[2024-04-04T21:56:43.742+0000] {logging_mixin.py:188} INFO - [2024-04-04T21:56:43.741+0000] {dag.py:3834} INFO - Setting next_dagrun for latest_only to 2024-04-04 16:00:00+00:00, run_after=2024-04-04 20:00:00+00:00
[2024-04-04T21:56:43.756+0000] {processor.py:183} INFO - Processing /home/airflow/.local/lib/python3.8/site-packages/airflow/example_dags/example_latest_only.py took 0.051 seconds
[2024-04-04T21:57:13.845+0000] {processor.py:161} INFO - Started process (PID=2265) to work on /home/airflow/.local/lib/python3.8/site-packages/airflow/example_dags/example_latest_only.py
[2024-04-04T21:57:13.846+0000] {processor.py:830} INFO - Processing file /home/airflow/.local/lib/python3.8/site-packages/airflow/example_dags/example_latest_only.py for tasks to queue
[2024-04-04T21:57:13.848+0000] {logging_mixin.py:188} INFO - [2024-04-04T21:57:13.847+0000] {dagbag.py:540} INFO - Filling up the DagBag from /home/airflow/.local/lib/python3.8/site-packages/airflow/example_dags/example_latest_only.py
[2024-04-04T21:57:13.851+0000] {processor.py:840} INFO - DAG(s) 'latest_only' retrieved from /home/airflow/.local/lib/python3.8/site-packages/airflow/example_dags/example_latest_only.py
[2024-04-04T21:57:13.866+0000] {logging_mixin.py:188} INFO - [2024-04-04T21:57:13.866+0000] {dag.py:3047} INFO - Sync 1 DAGs
[2024-04-04T21:57:13.883+0000] {logging_mixin.py:188} INFO - [2024-04-04T21:57:13.882+0000] {dag.py:3834} INFO - Setting next_dagrun for latest_only to 2024-04-04 16:00:00+00:00, run_after=2024-04-04 20:00:00+00:00
[2024-04-04T21:57:13.898+0000] {processor.py:183} INFO - Processing /home/airflow/.local/lib/python3.8/site-packages/airflow/example_dags/example_latest_only.py took 0.055 seconds
[2024-04-04T21:57:44.116+0000] {processor.py:161} INFO - Started process (PID=2320) to work on /home/airflow/.local/lib/python3.8/site-packages/airflow/example_dags/example_latest_only.py
[2024-04-04T21:57:44.117+0000] {processor.py:830} INFO - Processing file /home/airflow/.local/lib/python3.8/site-packages/airflow/example_dags/example_latest_only.py for tasks to queue
[2024-04-04T21:57:44.119+0000] {logging_mixin.py:188} INFO - [2024-04-04T21:57:44.119+0000] {dagbag.py:540} INFO - Filling up the DagBag from /home/airflow/.local/lib/python3.8/site-packages/airflow/example_dags/example_latest_only.py
[2024-04-04T21:57:44.124+0000] {processor.py:840} INFO - DAG(s) 'latest_only' retrieved from /home/airflow/.local/lib/python3.8/site-packages/airflow/example_dags/example_latest_only.py
[2024-04-04T21:57:44.144+0000] {logging_mixin.py:188} INFO - [2024-04-04T21:57:44.143+0000] {dag.py:3047} INFO - Sync 1 DAGs
[2024-04-04T21:57:44.163+0000] {logging_mixin.py:188} INFO - [2024-04-04T21:57:44.163+0000] {dag.py:3834} INFO - Setting next_dagrun for latest_only to 2024-04-04 16:00:00+00:00, run_after=2024-04-04 20:00:00+00:00
[2024-04-04T21:57:44.184+0000] {processor.py:183} INFO - Processing /home/airflow/.local/lib/python3.8/site-packages/airflow/example_dags/example_latest_only.py took 0.070 seconds
[2024-04-04T21:58:14.244+0000] {processor.py:161} INFO - Started process (PID=2374) to work on /home/airflow/.local/lib/python3.8/site-packages/airflow/example_dags/example_latest_only.py
[2024-04-04T21:58:14.245+0000] {processor.py:830} INFO - Processing file /home/airflow/.local/lib/python3.8/site-packages/airflow/example_dags/example_latest_only.py for tasks to queue
[2024-04-04T21:58:14.247+0000] {logging_mixin.py:188} INFO - [2024-04-04T21:58:14.247+0000] {dagbag.py:540} INFO - Filling up the DagBag from /home/airflow/.local/lib/python3.8/site-packages/airflow/example_dags/example_latest_only.py
[2024-04-04T21:58:14.252+0000] {processor.py:840} INFO - DAG(s) 'latest_only' retrieved from /home/airflow/.local/lib/python3.8/site-packages/airflow/example_dags/example_latest_only.py
[2024-04-04T21:58:14.267+0000] {logging_mixin.py:188} INFO - [2024-04-04T21:58:14.267+0000] {dag.py:3047} INFO - Sync 1 DAGs
[2024-04-04T21:58:14.286+0000] {logging_mixin.py:188} INFO - [2024-04-04T21:58:14.285+0000] {dag.py:3834} INFO - Setting next_dagrun for latest_only to 2024-04-04 16:00:00+00:00, run_after=2024-04-04 20:00:00+00:00
[2024-04-04T21:58:14.301+0000] {processor.py:183} INFO - Processing /home/airflow/.local/lib/python3.8/site-packages/airflow/example_dags/example_latest_only.py took 0.059 seconds
[2024-04-04T21:58:44.933+0000] {processor.py:161} INFO - Started process (PID=2429) to work on /home/airflow/.local/lib/python3.8/site-packages/airflow/example_dags/example_latest_only.py
[2024-04-04T21:58:44.934+0000] {processor.py:830} INFO - Processing file /home/airflow/.local/lib/python3.8/site-packages/airflow/example_dags/example_latest_only.py for tasks to queue
[2024-04-04T21:58:44.935+0000] {logging_mixin.py:188} INFO - [2024-04-04T21:58:44.935+0000] {dagbag.py:540} INFO - Filling up the DagBag from /home/airflow/.local/lib/python3.8/site-packages/airflow/example_dags/example_latest_only.py
[2024-04-04T21:58:44.939+0000] {processor.py:840} INFO - DAG(s) 'latest_only' retrieved from /home/airflow/.local/lib/python3.8/site-packages/airflow/example_dags/example_latest_only.py
[2024-04-04T21:58:44.955+0000] {logging_mixin.py:188} INFO - [2024-04-04T21:58:44.955+0000] {dag.py:3047} INFO - Sync 1 DAGs
[2024-04-04T21:58:44.977+0000] {logging_mixin.py:188} INFO - [2024-04-04T21:58:44.976+0000] {dag.py:3834} INFO - Setting next_dagrun for latest_only to 2024-04-04 16:00:00+00:00, run_after=2024-04-04 20:00:00+00:00
[2024-04-04T21:58:44.994+0000] {processor.py:183} INFO - Processing /home/airflow/.local/lib/python3.8/site-packages/airflow/example_dags/example_latest_only.py took 0.063 seconds
[2024-04-04T21:59:16.131+0000] {processor.py:161} INFO - Started process (PID=2484) to work on /home/airflow/.local/lib/python3.8/site-packages/airflow/example_dags/example_latest_only.py
[2024-04-04T21:59:16.132+0000] {processor.py:830} INFO - Processing file /home/airflow/.local/lib/python3.8/site-packages/airflow/example_dags/example_latest_only.py for tasks to queue
[2024-04-04T21:59:16.134+0000] {logging_mixin.py:188} INFO - [2024-04-04T21:59:16.134+0000] {dagbag.py:540} INFO - Filling up the DagBag from /home/airflow/.local/lib/python3.8/site-packages/airflow/example_dags/example_latest_only.py
[2024-04-04T21:59:16.141+0000] {processor.py:840} INFO - DAG(s) 'latest_only' retrieved from /home/airflow/.local/lib/python3.8/site-packages/airflow/example_dags/example_latest_only.py
[2024-04-04T21:59:16.171+0000] {logging_mixin.py:188} INFO - [2024-04-04T21:59:16.170+0000] {dag.py:3047} INFO - Sync 1 DAGs
[2024-04-04T21:59:16.214+0000] {logging_mixin.py:188} INFO - [2024-04-04T21:59:16.213+0000] {dag.py:3834} INFO - Setting next_dagrun for latest_only to 2024-04-04 16:00:00+00:00, run_after=2024-04-04 20:00:00+00:00
[2024-04-04T21:59:16.248+0000] {processor.py:183} INFO - Processing /home/airflow/.local/lib/python3.8/site-packages/airflow/example_dags/example_latest_only.py took 0.122 seconds
[2024-04-04T21:59:46.581+0000] {processor.py:161} INFO - Started process (PID=2539) to work on /home/airflow/.local/lib/python3.8/site-packages/airflow/example_dags/example_latest_only.py
[2024-04-04T21:59:46.582+0000] {processor.py:830} INFO - Processing file /home/airflow/.local/lib/python3.8/site-packages/airflow/example_dags/example_latest_only.py for tasks to queue
[2024-04-04T21:59:46.583+0000] {logging_mixin.py:188} INFO - [2024-04-04T21:59:46.583+0000] {dagbag.py:540} INFO - Filling up the DagBag from /home/airflow/.local/lib/python3.8/site-packages/airflow/example_dags/example_latest_only.py
[2024-04-04T21:59:46.587+0000] {processor.py:840} INFO - DAG(s) 'latest_only' retrieved from /home/airflow/.local/lib/python3.8/site-packages/airflow/example_dags/example_latest_only.py
[2024-04-04T21:59:46.604+0000] {logging_mixin.py:188} INFO - [2024-04-04T21:59:46.603+0000] {dag.py:3047} INFO - Sync 1 DAGs
[2024-04-04T21:59:46.623+0000] {logging_mixin.py:188} INFO - [2024-04-04T21:59:46.622+0000] {dag.py:3834} INFO - Setting next_dagrun for latest_only to 2024-04-04 16:00:00+00:00, run_after=2024-04-04 20:00:00+00:00
[2024-04-04T21:59:46.674+0000] {processor.py:183} INFO - Processing /home/airflow/.local/lib/python3.8/site-packages/airflow/example_dags/example_latest_only.py took 0.095 seconds
[2024-04-04T22:00:17.411+0000] {processor.py:161} INFO - Started process (PID=2593) to work on /home/airflow/.local/lib/python3.8/site-packages/airflow/example_dags/example_latest_only.py
[2024-04-04T22:00:17.422+0000] {processor.py:830} INFO - Processing file /home/airflow/.local/lib/python3.8/site-packages/airflow/example_dags/example_latest_only.py for tasks to queue
[2024-04-04T22:00:17.424+0000] {logging_mixin.py:188} INFO - [2024-04-04T22:00:17.424+0000] {dagbag.py:540} INFO - Filling up the DagBag from /home/airflow/.local/lib/python3.8/site-packages/airflow/example_dags/example_latest_only.py
[2024-04-04T22:00:17.432+0000] {processor.py:840} INFO - DAG(s) 'latest_only' retrieved from /home/airflow/.local/lib/python3.8/site-packages/airflow/example_dags/example_latest_only.py
[2024-04-04T22:00:17.500+0000] {logging_mixin.py:188} INFO - [2024-04-04T22:00:17.499+0000] {dag.py:3047} INFO - Sync 1 DAGs
[2024-04-04T22:00:17.529+0000] {logging_mixin.py:188} INFO - [2024-04-04T22:00:17.528+0000] {dag.py:3834} INFO - Setting next_dagrun for latest_only to 2024-04-04 16:00:00+00:00, run_after=2024-04-04 20:00:00+00:00
[2024-04-04T22:00:17.577+0000] {processor.py:183} INFO - Processing /home/airflow/.local/lib/python3.8/site-packages/airflow/example_dags/example_latest_only.py took 0.169 seconds
