[2024-04-04T21:37:00.592+0000] {processor.py:161} INFO - Started process (PID=78) to work on /home/airflow/.local/lib/python3.8/site-packages/airflow/example_dags/example_python_decorator.py
[2024-04-04T21:37:00.593+0000] {processor.py:830} INFO - Processing file /home/airflow/.local/lib/python3.8/site-packages/airflow/example_dags/example_python_decorator.py for tasks to queue
[2024-04-04T21:37:00.595+0000] {logging_mixin.py:188} INFO - [2024-04-04T21:37:00.595+0000] {dagbag.py:540} INFO - Filling up the DagBag from /home/airflow/.local/lib/python3.8/site-packages/airflow/example_dags/example_python_decorator.py
[2024-04-04T21:37:00.607+0000] {processor.py:840} INFO - DAG(s) 'example_python_decorator' retrieved from /home/airflow/.local/lib/python3.8/site-packages/airflow/example_dags/example_python_decorator.py
[2024-04-04T21:37:00.696+0000] {logging_mixin.py:188} INFO - [2024-04-04T21:37:00.696+0000] {dag.py:3047} INFO - Sync 1 DAGs
[2024-04-04T21:37:00.705+0000] {logging_mixin.py:188} INFO - [2024-04-04T21:37:00.705+0000] {dag.py:3834} INFO - Setting next_dagrun for example_python_decorator to None, run_after=None
[2024-04-04T21:37:00.724+0000] {processor.py:183} INFO - Processing /home/airflow/.local/lib/python3.8/site-packages/airflow/example_dags/example_python_decorator.py took 0.134 seconds
[2024-04-04T21:37:30.972+0000] {processor.py:161} INFO - Started process (PID=133) to work on /home/airflow/.local/lib/python3.8/site-packages/airflow/example_dags/example_python_decorator.py
[2024-04-04T21:37:30.973+0000] {processor.py:830} INFO - Processing file /home/airflow/.local/lib/python3.8/site-packages/airflow/example_dags/example_python_decorator.py for tasks to queue
[2024-04-04T21:37:30.974+0000] {logging_mixin.py:188} INFO - [2024-04-04T21:37:30.974+0000] {dagbag.py:540} INFO - Filling up the DagBag from /home/airflow/.local/lib/python3.8/site-packages/airflow/example_dags/example_python_decorator.py
[2024-04-04T21:37:30.983+0000] {processor.py:840} INFO - DAG(s) 'example_python_decorator' retrieved from /home/airflow/.local/lib/python3.8/site-packages/airflow/example_dags/example_python_decorator.py
[2024-04-04T21:37:31.002+0000] {logging_mixin.py:188} INFO - [2024-04-04T21:37:31.001+0000] {dag.py:3047} INFO - Sync 1 DAGs
[2024-04-04T21:37:31.012+0000] {logging_mixin.py:188} INFO - [2024-04-04T21:37:31.011+0000] {dag.py:3834} INFO - Setting next_dagrun for example_python_decorator to None, run_after=None
[2024-04-04T21:37:31.027+0000] {processor.py:183} INFO - Processing /home/airflow/.local/lib/python3.8/site-packages/airflow/example_dags/example_python_decorator.py took 0.057 seconds
[2024-04-04T21:38:01.236+0000] {processor.py:161} INFO - Started process (PID=188) to work on /home/airflow/.local/lib/python3.8/site-packages/airflow/example_dags/example_python_decorator.py
[2024-04-04T21:38:01.237+0000] {processor.py:830} INFO - Processing file /home/airflow/.local/lib/python3.8/site-packages/airflow/example_dags/example_python_decorator.py for tasks to queue
[2024-04-04T21:38:01.238+0000] {logging_mixin.py:188} INFO - [2024-04-04T21:38:01.238+0000] {dagbag.py:540} INFO - Filling up the DagBag from /home/airflow/.local/lib/python3.8/site-packages/airflow/example_dags/example_python_decorator.py
[2024-04-04T21:38:01.247+0000] {processor.py:840} INFO - DAG(s) 'example_python_decorator' retrieved from /home/airflow/.local/lib/python3.8/site-packages/airflow/example_dags/example_python_decorator.py
[2024-04-04T21:38:01.265+0000] {logging_mixin.py:188} INFO - [2024-04-04T21:38:01.264+0000] {dag.py:3047} INFO - Sync 1 DAGs
[2024-04-04T21:38:01.273+0000] {logging_mixin.py:188} INFO - [2024-04-04T21:38:01.273+0000] {dag.py:3834} INFO - Setting next_dagrun for example_python_decorator to None, run_after=None
[2024-04-04T21:38:01.287+0000] {processor.py:183} INFO - Processing /home/airflow/.local/lib/python3.8/site-packages/airflow/example_dags/example_python_decorator.py took 0.053 seconds
[2024-04-04T21:38:31.664+0000] {processor.py:161} INFO - Started process (PID=243) to work on /home/airflow/.local/lib/python3.8/site-packages/airflow/example_dags/example_python_decorator.py
[2024-04-04T21:38:31.664+0000] {processor.py:830} INFO - Processing file /home/airflow/.local/lib/python3.8/site-packages/airflow/example_dags/example_python_decorator.py for tasks to queue
[2024-04-04T21:38:31.666+0000] {logging_mixin.py:188} INFO - [2024-04-04T21:38:31.665+0000] {dagbag.py:540} INFO - Filling up the DagBag from /home/airflow/.local/lib/python3.8/site-packages/airflow/example_dags/example_python_decorator.py
[2024-04-04T21:38:31.675+0000] {processor.py:840} INFO - DAG(s) 'example_python_decorator' retrieved from /home/airflow/.local/lib/python3.8/site-packages/airflow/example_dags/example_python_decorator.py
[2024-04-04T21:38:31.691+0000] {logging_mixin.py:188} INFO - [2024-04-04T21:38:31.691+0000] {dag.py:3047} INFO - Sync 1 DAGs
[2024-04-04T21:38:31.700+0000] {logging_mixin.py:188} INFO - [2024-04-04T21:38:31.700+0000] {dag.py:3834} INFO - Setting next_dagrun for example_python_decorator to None, run_after=None
[2024-04-04T21:38:31.714+0000] {processor.py:183} INFO - Processing /home/airflow/.local/lib/python3.8/site-packages/airflow/example_dags/example_python_decorator.py took 0.053 seconds
[2024-04-04T21:39:01.883+0000] {processor.py:161} INFO - Started process (PID=299) to work on /home/airflow/.local/lib/python3.8/site-packages/airflow/example_dags/example_python_decorator.py
[2024-04-04T21:39:01.884+0000] {processor.py:830} INFO - Processing file /home/airflow/.local/lib/python3.8/site-packages/airflow/example_dags/example_python_decorator.py for tasks to queue
[2024-04-04T21:39:01.885+0000] {logging_mixin.py:188} INFO - [2024-04-04T21:39:01.885+0000] {dagbag.py:540} INFO - Filling up the DagBag from /home/airflow/.local/lib/python3.8/site-packages/airflow/example_dags/example_python_decorator.py
[2024-04-04T21:39:01.894+0000] {processor.py:840} INFO - DAG(s) 'example_python_decorator' retrieved from /home/airflow/.local/lib/python3.8/site-packages/airflow/example_dags/example_python_decorator.py
[2024-04-04T21:39:01.910+0000] {logging_mixin.py:188} INFO - [2024-04-04T21:39:01.910+0000] {dag.py:3047} INFO - Sync 1 DAGs
[2024-04-04T21:39:01.920+0000] {logging_mixin.py:188} INFO - [2024-04-04T21:39:01.920+0000] {dag.py:3834} INFO - Setting next_dagrun for example_python_decorator to None, run_after=None
[2024-04-04T21:39:01.935+0000] {processor.py:183} INFO - Processing /home/airflow/.local/lib/python3.8/site-packages/airflow/example_dags/example_python_decorator.py took 0.054 seconds
[2024-04-04T21:39:32.036+0000] {processor.py:161} INFO - Started process (PID=354) to work on /home/airflow/.local/lib/python3.8/site-packages/airflow/example_dags/example_python_decorator.py
[2024-04-04T21:39:32.037+0000] {processor.py:830} INFO - Processing file /home/airflow/.local/lib/python3.8/site-packages/airflow/example_dags/example_python_decorator.py for tasks to queue
[2024-04-04T21:39:32.038+0000] {logging_mixin.py:188} INFO - [2024-04-04T21:39:32.037+0000] {dagbag.py:540} INFO - Filling up the DagBag from /home/airflow/.local/lib/python3.8/site-packages/airflow/example_dags/example_python_decorator.py
[2024-04-04T21:39:32.046+0000] {processor.py:840} INFO - DAG(s) 'example_python_decorator' retrieved from /home/airflow/.local/lib/python3.8/site-packages/airflow/example_dags/example_python_decorator.py
[2024-04-04T21:39:32.062+0000] {logging_mixin.py:188} INFO - [2024-04-04T21:39:32.062+0000] {dag.py:3047} INFO - Sync 1 DAGs
[2024-04-04T21:39:32.070+0000] {logging_mixin.py:188} INFO - [2024-04-04T21:39:32.070+0000] {dag.py:3834} INFO - Setting next_dagrun for example_python_decorator to None, run_after=None
[2024-04-04T21:39:32.083+0000] {processor.py:183} INFO - Processing /home/airflow/.local/lib/python3.8/site-packages/airflow/example_dags/example_python_decorator.py took 0.049 seconds
[2024-04-04T21:40:02.372+0000] {processor.py:161} INFO - Started process (PID=409) to work on /home/airflow/.local/lib/python3.8/site-packages/airflow/example_dags/example_python_decorator.py
[2024-04-04T21:40:02.373+0000] {processor.py:830} INFO - Processing file /home/airflow/.local/lib/python3.8/site-packages/airflow/example_dags/example_python_decorator.py for tasks to queue
[2024-04-04T21:40:02.374+0000] {logging_mixin.py:188} INFO - [2024-04-04T21:40:02.374+0000] {dagbag.py:540} INFO - Filling up the DagBag from /home/airflow/.local/lib/python3.8/site-packages/airflow/example_dags/example_python_decorator.py
[2024-04-04T21:40:02.383+0000] {processor.py:840} INFO - DAG(s) 'example_python_decorator' retrieved from /home/airflow/.local/lib/python3.8/site-packages/airflow/example_dags/example_python_decorator.py
[2024-04-04T21:40:02.399+0000] {logging_mixin.py:188} INFO - [2024-04-04T21:40:02.399+0000] {dag.py:3047} INFO - Sync 1 DAGs
[2024-04-04T21:40:02.408+0000] {logging_mixin.py:188} INFO - [2024-04-04T21:40:02.408+0000] {dag.py:3834} INFO - Setting next_dagrun for example_python_decorator to None, run_after=None
[2024-04-04T21:40:02.421+0000] {processor.py:183} INFO - Processing /home/airflow/.local/lib/python3.8/site-packages/airflow/example_dags/example_python_decorator.py took 0.051 seconds
[2024-04-04T21:40:32.619+0000] {processor.py:161} INFO - Started process (PID=464) to work on /home/airflow/.local/lib/python3.8/site-packages/airflow/example_dags/example_python_decorator.py
[2024-04-04T21:40:32.620+0000] {processor.py:830} INFO - Processing file /home/airflow/.local/lib/python3.8/site-packages/airflow/example_dags/example_python_decorator.py for tasks to queue
[2024-04-04T21:40:32.622+0000] {logging_mixin.py:188} INFO - [2024-04-04T21:40:32.621+0000] {dagbag.py:540} INFO - Filling up the DagBag from /home/airflow/.local/lib/python3.8/site-packages/airflow/example_dags/example_python_decorator.py
[2024-04-04T21:40:32.631+0000] {processor.py:840} INFO - DAG(s) 'example_python_decorator' retrieved from /home/airflow/.local/lib/python3.8/site-packages/airflow/example_dags/example_python_decorator.py
[2024-04-04T21:40:32.649+0000] {logging_mixin.py:188} INFO - [2024-04-04T21:40:32.649+0000] {dag.py:3047} INFO - Sync 1 DAGs
[2024-04-04T21:40:32.660+0000] {logging_mixin.py:188} INFO - [2024-04-04T21:40:32.660+0000] {dag.py:3834} INFO - Setting next_dagrun for example_python_decorator to None, run_after=None
[2024-04-04T21:40:32.677+0000] {processor.py:183} INFO - Processing /home/airflow/.local/lib/python3.8/site-packages/airflow/example_dags/example_python_decorator.py took 0.059 seconds
[2024-04-04T21:41:02.734+0000] {processor.py:161} INFO - Started process (PID=519) to work on /home/airflow/.local/lib/python3.8/site-packages/airflow/example_dags/example_python_decorator.py
[2024-04-04T21:41:02.735+0000] {processor.py:830} INFO - Processing file /home/airflow/.local/lib/python3.8/site-packages/airflow/example_dags/example_python_decorator.py for tasks to queue
[2024-04-04T21:41:02.736+0000] {logging_mixin.py:188} INFO - [2024-04-04T21:41:02.736+0000] {dagbag.py:540} INFO - Filling up the DagBag from /home/airflow/.local/lib/python3.8/site-packages/airflow/example_dags/example_python_decorator.py
[2024-04-04T21:41:02.745+0000] {processor.py:840} INFO - DAG(s) 'example_python_decorator' retrieved from /home/airflow/.local/lib/python3.8/site-packages/airflow/example_dags/example_python_decorator.py
[2024-04-04T21:41:02.761+0000] {logging_mixin.py:188} INFO - [2024-04-04T21:41:02.761+0000] {dag.py:3047} INFO - Sync 1 DAGs
[2024-04-04T21:41:02.770+0000] {logging_mixin.py:188} INFO - [2024-04-04T21:41:02.770+0000] {dag.py:3834} INFO - Setting next_dagrun for example_python_decorator to None, run_after=None
[2024-04-04T21:41:02.784+0000] {processor.py:183} INFO - Processing /home/airflow/.local/lib/python3.8/site-packages/airflow/example_dags/example_python_decorator.py took 0.052 seconds
[2024-04-04T21:41:33.399+0000] {processor.py:161} INFO - Started process (PID=574) to work on /home/airflow/.local/lib/python3.8/site-packages/airflow/example_dags/example_python_decorator.py
[2024-04-04T21:41:33.400+0000] {processor.py:830} INFO - Processing file /home/airflow/.local/lib/python3.8/site-packages/airflow/example_dags/example_python_decorator.py for tasks to queue
[2024-04-04T21:41:33.402+0000] {logging_mixin.py:188} INFO - [2024-04-04T21:41:33.402+0000] {dagbag.py:540} INFO - Filling up the DagBag from /home/airflow/.local/lib/python3.8/site-packages/airflow/example_dags/example_python_decorator.py
[2024-04-04T21:41:33.413+0000] {processor.py:840} INFO - DAG(s) 'example_python_decorator' retrieved from /home/airflow/.local/lib/python3.8/site-packages/airflow/example_dags/example_python_decorator.py
[2024-04-04T21:41:33.432+0000] {logging_mixin.py:188} INFO - [2024-04-04T21:41:33.432+0000] {dag.py:3047} INFO - Sync 1 DAGs
[2024-04-04T21:41:33.442+0000] {logging_mixin.py:188} INFO - [2024-04-04T21:41:33.442+0000] {dag.py:3834} INFO - Setting next_dagrun for example_python_decorator to None, run_after=None
[2024-04-04T21:41:33.461+0000] {processor.py:183} INFO - Processing /home/airflow/.local/lib/python3.8/site-packages/airflow/example_dags/example_python_decorator.py took 0.064 seconds
[2024-04-04T21:42:04.033+0000] {processor.py:161} INFO - Started process (PID=629) to work on /home/airflow/.local/lib/python3.8/site-packages/airflow/example_dags/example_python_decorator.py
[2024-04-04T21:42:04.033+0000] {processor.py:830} INFO - Processing file /home/airflow/.local/lib/python3.8/site-packages/airflow/example_dags/example_python_decorator.py for tasks to queue
[2024-04-04T21:42:04.035+0000] {logging_mixin.py:188} INFO - [2024-04-04T21:42:04.035+0000] {dagbag.py:540} INFO - Filling up the DagBag from /home/airflow/.local/lib/python3.8/site-packages/airflow/example_dags/example_python_decorator.py
[2024-04-04T21:42:04.044+0000] {processor.py:840} INFO - DAG(s) 'example_python_decorator' retrieved from /home/airflow/.local/lib/python3.8/site-packages/airflow/example_dags/example_python_decorator.py
[2024-04-04T21:42:04.119+0000] {logging_mixin.py:188} INFO - [2024-04-04T21:42:04.119+0000] {dag.py:3047} INFO - Sync 1 DAGs
[2024-04-04T21:42:04.131+0000] {logging_mixin.py:188} INFO - [2024-04-04T21:42:04.131+0000] {dag.py:3834} INFO - Setting next_dagrun for example_python_decorator to None, run_after=None
[2024-04-04T21:42:04.155+0000] {processor.py:183} INFO - Processing /home/airflow/.local/lib/python3.8/site-packages/airflow/example_dags/example_python_decorator.py took 0.125 seconds
[2024-04-04T21:42:34.206+0000] {processor.py:161} INFO - Started process (PID=685) to work on /home/airflow/.local/lib/python3.8/site-packages/airflow/example_dags/example_python_decorator.py
[2024-04-04T21:42:34.207+0000] {processor.py:830} INFO - Processing file /home/airflow/.local/lib/python3.8/site-packages/airflow/example_dags/example_python_decorator.py for tasks to queue
[2024-04-04T21:42:34.208+0000] {logging_mixin.py:188} INFO - [2024-04-04T21:42:34.208+0000] {dagbag.py:540} INFO - Filling up the DagBag from /home/airflow/.local/lib/python3.8/site-packages/airflow/example_dags/example_python_decorator.py
[2024-04-04T21:42:34.217+0000] {processor.py:840} INFO - DAG(s) 'example_python_decorator' retrieved from /home/airflow/.local/lib/python3.8/site-packages/airflow/example_dags/example_python_decorator.py
[2024-04-04T21:42:34.233+0000] {logging_mixin.py:188} INFO - [2024-04-04T21:42:34.233+0000] {dag.py:3047} INFO - Sync 1 DAGs
[2024-04-04T21:42:34.243+0000] {logging_mixin.py:188} INFO - [2024-04-04T21:42:34.243+0000] {dag.py:3834} INFO - Setting next_dagrun for example_python_decorator to None, run_after=None
[2024-04-04T21:42:34.258+0000] {processor.py:183} INFO - Processing /home/airflow/.local/lib/python3.8/site-packages/airflow/example_dags/example_python_decorator.py took 0.053 seconds
[2024-04-04T21:43:05.063+0000] {processor.py:161} INFO - Started process (PID=740) to work on /home/airflow/.local/lib/python3.8/site-packages/airflow/example_dags/example_python_decorator.py
[2024-04-04T21:43:05.064+0000] {processor.py:830} INFO - Processing file /home/airflow/.local/lib/python3.8/site-packages/airflow/example_dags/example_python_decorator.py for tasks to queue
[2024-04-04T21:43:05.065+0000] {logging_mixin.py:188} INFO - [2024-04-04T21:43:05.065+0000] {dagbag.py:540} INFO - Filling up the DagBag from /home/airflow/.local/lib/python3.8/site-packages/airflow/example_dags/example_python_decorator.py
[2024-04-04T21:43:05.075+0000] {processor.py:840} INFO - DAG(s) 'example_python_decorator' retrieved from /home/airflow/.local/lib/python3.8/site-packages/airflow/example_dags/example_python_decorator.py
[2024-04-04T21:43:05.093+0000] {logging_mixin.py:188} INFO - [2024-04-04T21:43:05.092+0000] {dag.py:3047} INFO - Sync 1 DAGs
[2024-04-04T21:43:05.103+0000] {logging_mixin.py:188} INFO - [2024-04-04T21:43:05.102+0000] {dag.py:3834} INFO - Setting next_dagrun for example_python_decorator to None, run_after=None
[2024-04-04T21:43:05.121+0000] {processor.py:183} INFO - Processing /home/airflow/.local/lib/python3.8/site-packages/airflow/example_dags/example_python_decorator.py took 0.060 seconds
[2024-04-04T21:43:35.345+0000] {processor.py:161} INFO - Started process (PID=795) to work on /home/airflow/.local/lib/python3.8/site-packages/airflow/example_dags/example_python_decorator.py
[2024-04-04T21:43:35.346+0000] {processor.py:830} INFO - Processing file /home/airflow/.local/lib/python3.8/site-packages/airflow/example_dags/example_python_decorator.py for tasks to queue
[2024-04-04T21:43:35.347+0000] {logging_mixin.py:188} INFO - [2024-04-04T21:43:35.347+0000] {dagbag.py:540} INFO - Filling up the DagBag from /home/airflow/.local/lib/python3.8/site-packages/airflow/example_dags/example_python_decorator.py
[2024-04-04T21:43:35.357+0000] {processor.py:840} INFO - DAG(s) 'example_python_decorator' retrieved from /home/airflow/.local/lib/python3.8/site-packages/airflow/example_dags/example_python_decorator.py
[2024-04-04T21:43:35.374+0000] {logging_mixin.py:188} INFO - [2024-04-04T21:43:35.374+0000] {dag.py:3047} INFO - Sync 1 DAGs
[2024-04-04T21:43:35.383+0000] {logging_mixin.py:188} INFO - [2024-04-04T21:43:35.383+0000] {dag.py:3834} INFO - Setting next_dagrun for example_python_decorator to None, run_after=None
[2024-04-04T21:43:35.399+0000] {processor.py:183} INFO - Processing /home/airflow/.local/lib/python3.8/site-packages/airflow/example_dags/example_python_decorator.py took 0.056 seconds
[2024-04-04T21:44:05.777+0000] {processor.py:161} INFO - Started process (PID=850) to work on /home/airflow/.local/lib/python3.8/site-packages/airflow/example_dags/example_python_decorator.py
[2024-04-04T21:44:05.778+0000] {processor.py:830} INFO - Processing file /home/airflow/.local/lib/python3.8/site-packages/airflow/example_dags/example_python_decorator.py for tasks to queue
[2024-04-04T21:44:05.779+0000] {logging_mixin.py:188} INFO - [2024-04-04T21:44:05.779+0000] {dagbag.py:540} INFO - Filling up the DagBag from /home/airflow/.local/lib/python3.8/site-packages/airflow/example_dags/example_python_decorator.py
[2024-04-04T21:44:05.789+0000] {processor.py:840} INFO - DAG(s) 'example_python_decorator' retrieved from /home/airflow/.local/lib/python3.8/site-packages/airflow/example_dags/example_python_decorator.py
[2024-04-04T21:44:05.806+0000] {logging_mixin.py:188} INFO - [2024-04-04T21:44:05.806+0000] {dag.py:3047} INFO - Sync 1 DAGs
[2024-04-04T21:44:05.816+0000] {logging_mixin.py:188} INFO - [2024-04-04T21:44:05.816+0000] {dag.py:3834} INFO - Setting next_dagrun for example_python_decorator to None, run_after=None
[2024-04-04T21:44:05.831+0000] {processor.py:183} INFO - Processing /home/airflow/.local/lib/python3.8/site-packages/airflow/example_dags/example_python_decorator.py took 0.056 seconds
[2024-04-04T21:44:36.244+0000] {processor.py:161} INFO - Started process (PID=905) to work on /home/airflow/.local/lib/python3.8/site-packages/airflow/example_dags/example_python_decorator.py
[2024-04-04T21:44:36.245+0000] {processor.py:830} INFO - Processing file /home/airflow/.local/lib/python3.8/site-packages/airflow/example_dags/example_python_decorator.py for tasks to queue
[2024-04-04T21:44:36.246+0000] {logging_mixin.py:188} INFO - [2024-04-04T21:44:36.246+0000] {dagbag.py:540} INFO - Filling up the DagBag from /home/airflow/.local/lib/python3.8/site-packages/airflow/example_dags/example_python_decorator.py
[2024-04-04T21:44:36.255+0000] {processor.py:840} INFO - DAG(s) 'example_python_decorator' retrieved from /home/airflow/.local/lib/python3.8/site-packages/airflow/example_dags/example_python_decorator.py
[2024-04-04T21:44:36.272+0000] {logging_mixin.py:188} INFO - [2024-04-04T21:44:36.272+0000] {dag.py:3047} INFO - Sync 1 DAGs
[2024-04-04T21:44:36.282+0000] {logging_mixin.py:188} INFO - [2024-04-04T21:44:36.282+0000] {dag.py:3834} INFO - Setting next_dagrun for example_python_decorator to None, run_after=None
[2024-04-04T21:44:36.297+0000] {processor.py:183} INFO - Processing /home/airflow/.local/lib/python3.8/site-packages/airflow/example_dags/example_python_decorator.py took 0.055 seconds
[2024-04-04T21:45:06.344+0000] {processor.py:161} INFO - Started process (PID=960) to work on /home/airflow/.local/lib/python3.8/site-packages/airflow/example_dags/example_python_decorator.py
[2024-04-04T21:45:06.345+0000] {processor.py:830} INFO - Processing file /home/airflow/.local/lib/python3.8/site-packages/airflow/example_dags/example_python_decorator.py for tasks to queue
[2024-04-04T21:45:06.346+0000] {logging_mixin.py:188} INFO - [2024-04-04T21:45:06.346+0000] {dagbag.py:540} INFO - Filling up the DagBag from /home/airflow/.local/lib/python3.8/site-packages/airflow/example_dags/example_python_decorator.py
[2024-04-04T21:45:06.356+0000] {processor.py:840} INFO - DAG(s) 'example_python_decorator' retrieved from /home/airflow/.local/lib/python3.8/site-packages/airflow/example_dags/example_python_decorator.py
[2024-04-04T21:45:06.373+0000] {logging_mixin.py:188} INFO - [2024-04-04T21:45:06.373+0000] {dag.py:3047} INFO - Sync 1 DAGs
[2024-04-04T21:45:06.383+0000] {logging_mixin.py:188} INFO - [2024-04-04T21:45:06.383+0000] {dag.py:3834} INFO - Setting next_dagrun for example_python_decorator to None, run_after=None
[2024-04-04T21:45:06.398+0000] {processor.py:183} INFO - Processing /home/airflow/.local/lib/python3.8/site-packages/airflow/example_dags/example_python_decorator.py took 0.056 seconds
[2024-04-04T21:45:36.480+0000] {processor.py:161} INFO - Started process (PID=1015) to work on /home/airflow/.local/lib/python3.8/site-packages/airflow/example_dags/example_python_decorator.py
[2024-04-04T21:45:36.481+0000] {processor.py:830} INFO - Processing file /home/airflow/.local/lib/python3.8/site-packages/airflow/example_dags/example_python_decorator.py for tasks to queue
[2024-04-04T21:45:36.482+0000] {logging_mixin.py:188} INFO - [2024-04-04T21:45:36.482+0000] {dagbag.py:540} INFO - Filling up the DagBag from /home/airflow/.local/lib/python3.8/site-packages/airflow/example_dags/example_python_decorator.py
[2024-04-04T21:45:36.491+0000] {processor.py:840} INFO - DAG(s) 'example_python_decorator' retrieved from /home/airflow/.local/lib/python3.8/site-packages/airflow/example_dags/example_python_decorator.py
[2024-04-04T21:45:36.508+0000] {logging_mixin.py:188} INFO - [2024-04-04T21:45:36.507+0000] {dag.py:3047} INFO - Sync 1 DAGs
[2024-04-04T21:45:36.517+0000] {logging_mixin.py:188} INFO - [2024-04-04T21:45:36.517+0000] {dag.py:3834} INFO - Setting next_dagrun for example_python_decorator to None, run_after=None
[2024-04-04T21:45:36.531+0000] {processor.py:183} INFO - Processing /home/airflow/.local/lib/python3.8/site-packages/airflow/example_dags/example_python_decorator.py took 0.053 seconds
[2024-04-04T21:46:06.944+0000] {processor.py:161} INFO - Started process (PID=1070) to work on /home/airflow/.local/lib/python3.8/site-packages/airflow/example_dags/example_python_decorator.py
[2024-04-04T21:46:06.944+0000] {processor.py:830} INFO - Processing file /home/airflow/.local/lib/python3.8/site-packages/airflow/example_dags/example_python_decorator.py for tasks to queue
[2024-04-04T21:46:06.946+0000] {logging_mixin.py:188} INFO - [2024-04-04T21:46:06.946+0000] {dagbag.py:540} INFO - Filling up the DagBag from /home/airflow/.local/lib/python3.8/site-packages/airflow/example_dags/example_python_decorator.py
[2024-04-04T21:46:06.957+0000] {processor.py:840} INFO - DAG(s) 'example_python_decorator' retrieved from /home/airflow/.local/lib/python3.8/site-packages/airflow/example_dags/example_python_decorator.py
[2024-04-04T21:46:06.975+0000] {logging_mixin.py:188} INFO - [2024-04-04T21:46:06.975+0000] {dag.py:3047} INFO - Sync 1 DAGs
[2024-04-04T21:46:06.984+0000] {logging_mixin.py:188} INFO - [2024-04-04T21:46:06.984+0000] {dag.py:3834} INFO - Setting next_dagrun for example_python_decorator to None, run_after=None
[2024-04-04T21:46:06.998+0000] {processor.py:183} INFO - Processing /home/airflow/.local/lib/python3.8/site-packages/airflow/example_dags/example_python_decorator.py took 0.057 seconds
[2024-04-04T21:46:37.131+0000] {processor.py:161} INFO - Started process (PID=1125) to work on /home/airflow/.local/lib/python3.8/site-packages/airflow/example_dags/example_python_decorator.py
[2024-04-04T21:46:37.132+0000] {processor.py:830} INFO - Processing file /home/airflow/.local/lib/python3.8/site-packages/airflow/example_dags/example_python_decorator.py for tasks to queue
[2024-04-04T21:46:37.133+0000] {logging_mixin.py:188} INFO - [2024-04-04T21:46:37.133+0000] {dagbag.py:540} INFO - Filling up the DagBag from /home/airflow/.local/lib/python3.8/site-packages/airflow/example_dags/example_python_decorator.py
[2024-04-04T21:46:37.147+0000] {processor.py:840} INFO - DAG(s) 'example_python_decorator' retrieved from /home/airflow/.local/lib/python3.8/site-packages/airflow/example_dags/example_python_decorator.py
[2024-04-04T21:46:37.168+0000] {logging_mixin.py:188} INFO - [2024-04-04T21:46:37.168+0000] {dag.py:3047} INFO - Sync 1 DAGs
[2024-04-04T21:46:37.183+0000] {logging_mixin.py:188} INFO - [2024-04-04T21:46:37.183+0000] {dag.py:3834} INFO - Setting next_dagrun for example_python_decorator to None, run_after=None
[2024-04-04T21:46:37.203+0000] {processor.py:183} INFO - Processing /home/airflow/.local/lib/python3.8/site-packages/airflow/example_dags/example_python_decorator.py took 0.074 seconds
[2024-04-04T21:47:07.469+0000] {processor.py:161} INFO - Started process (PID=1180) to work on /home/airflow/.local/lib/python3.8/site-packages/airflow/example_dags/example_python_decorator.py
[2024-04-04T21:47:07.470+0000] {processor.py:830} INFO - Processing file /home/airflow/.local/lib/python3.8/site-packages/airflow/example_dags/example_python_decorator.py for tasks to queue
[2024-04-04T21:47:07.472+0000] {logging_mixin.py:188} INFO - [2024-04-04T21:47:07.471+0000] {dagbag.py:540} INFO - Filling up the DagBag from /home/airflow/.local/lib/python3.8/site-packages/airflow/example_dags/example_python_decorator.py
[2024-04-04T21:47:07.483+0000] {processor.py:840} INFO - DAG(s) 'example_python_decorator' retrieved from /home/airflow/.local/lib/python3.8/site-packages/airflow/example_dags/example_python_decorator.py
[2024-04-04T21:47:07.501+0000] {logging_mixin.py:188} INFO - [2024-04-04T21:47:07.501+0000] {dag.py:3047} INFO - Sync 1 DAGs
[2024-04-04T21:47:07.512+0000] {logging_mixin.py:188} INFO - [2024-04-04T21:47:07.512+0000] {dag.py:3834} INFO - Setting next_dagrun for example_python_decorator to None, run_after=None
[2024-04-04T21:47:07.530+0000] {processor.py:183} INFO - Processing /home/airflow/.local/lib/python3.8/site-packages/airflow/example_dags/example_python_decorator.py took 0.062 seconds
[2024-04-04T21:47:37.803+0000] {processor.py:161} INFO - Started process (PID=1235) to work on /home/airflow/.local/lib/python3.8/site-packages/airflow/example_dags/example_python_decorator.py
[2024-04-04T21:47:37.804+0000] {processor.py:830} INFO - Processing file /home/airflow/.local/lib/python3.8/site-packages/airflow/example_dags/example_python_decorator.py for tasks to queue
[2024-04-04T21:47:37.805+0000] {logging_mixin.py:188} INFO - [2024-04-04T21:47:37.805+0000] {dagbag.py:540} INFO - Filling up the DagBag from /home/airflow/.local/lib/python3.8/site-packages/airflow/example_dags/example_python_decorator.py
[2024-04-04T21:47:37.815+0000] {processor.py:840} INFO - DAG(s) 'example_python_decorator' retrieved from /home/airflow/.local/lib/python3.8/site-packages/airflow/example_dags/example_python_decorator.py
[2024-04-04T21:47:37.832+0000] {logging_mixin.py:188} INFO - [2024-04-04T21:47:37.832+0000] {dag.py:3047} INFO - Sync 1 DAGs
[2024-04-04T21:47:37.842+0000] {logging_mixin.py:188} INFO - [2024-04-04T21:47:37.842+0000] {dag.py:3834} INFO - Setting next_dagrun for example_python_decorator to None, run_after=None
[2024-04-04T21:47:37.859+0000] {processor.py:183} INFO - Processing /home/airflow/.local/lib/python3.8/site-packages/airflow/example_dags/example_python_decorator.py took 0.058 seconds
[2024-04-04T21:48:08.612+0000] {processor.py:161} INFO - Started process (PID=1290) to work on /home/airflow/.local/lib/python3.8/site-packages/airflow/example_dags/example_python_decorator.py
[2024-04-04T21:48:08.616+0000] {processor.py:830} INFO - Processing file /home/airflow/.local/lib/python3.8/site-packages/airflow/example_dags/example_python_decorator.py for tasks to queue
[2024-04-04T21:48:08.617+0000] {logging_mixin.py:188} INFO - [2024-04-04T21:48:08.617+0000] {dagbag.py:540} INFO - Filling up the DagBag from /home/airflow/.local/lib/python3.8/site-packages/airflow/example_dags/example_python_decorator.py
[2024-04-04T21:48:08.627+0000] {processor.py:840} INFO - DAG(s) 'example_python_decorator' retrieved from /home/airflow/.local/lib/python3.8/site-packages/airflow/example_dags/example_python_decorator.py
[2024-04-04T21:48:08.643+0000] {logging_mixin.py:188} INFO - [2024-04-04T21:48:08.643+0000] {dag.py:3047} INFO - Sync 1 DAGs
[2024-04-04T21:48:08.652+0000] {logging_mixin.py:188} INFO - [2024-04-04T21:48:08.652+0000] {dag.py:3834} INFO - Setting next_dagrun for example_python_decorator to None, run_after=None
[2024-04-04T21:48:08.668+0000] {processor.py:183} INFO - Processing /home/airflow/.local/lib/python3.8/site-packages/airflow/example_dags/example_python_decorator.py took 0.058 seconds
[2024-04-04T21:48:39.358+0000] {processor.py:161} INFO - Started process (PID=1345) to work on /home/airflow/.local/lib/python3.8/site-packages/airflow/example_dags/example_python_decorator.py
[2024-04-04T21:48:39.359+0000] {processor.py:830} INFO - Processing file /home/airflow/.local/lib/python3.8/site-packages/airflow/example_dags/example_python_decorator.py for tasks to queue
[2024-04-04T21:48:39.360+0000] {logging_mixin.py:188} INFO - [2024-04-04T21:48:39.360+0000] {dagbag.py:540} INFO - Filling up the DagBag from /home/airflow/.local/lib/python3.8/site-packages/airflow/example_dags/example_python_decorator.py
[2024-04-04T21:48:39.369+0000] {processor.py:840} INFO - DAG(s) 'example_python_decorator' retrieved from /home/airflow/.local/lib/python3.8/site-packages/airflow/example_dags/example_python_decorator.py
[2024-04-04T21:48:39.386+0000] {logging_mixin.py:188} INFO - [2024-04-04T21:48:39.385+0000] {dag.py:3047} INFO - Sync 1 DAGs
[2024-04-04T21:48:39.395+0000] {logging_mixin.py:188} INFO - [2024-04-04T21:48:39.395+0000] {dag.py:3834} INFO - Setting next_dagrun for example_python_decorator to None, run_after=None
[2024-04-04T21:48:39.414+0000] {processor.py:183} INFO - Processing /home/airflow/.local/lib/python3.8/site-packages/airflow/example_dags/example_python_decorator.py took 0.059 seconds
[2024-04-04T21:49:09.876+0000] {processor.py:161} INFO - Started process (PID=1400) to work on /home/airflow/.local/lib/python3.8/site-packages/airflow/example_dags/example_python_decorator.py
[2024-04-04T21:49:09.877+0000] {processor.py:830} INFO - Processing file /home/airflow/.local/lib/python3.8/site-packages/airflow/example_dags/example_python_decorator.py for tasks to queue
[2024-04-04T21:49:09.879+0000] {logging_mixin.py:188} INFO - [2024-04-04T21:49:09.879+0000] {dagbag.py:540} INFO - Filling up the DagBag from /home/airflow/.local/lib/python3.8/site-packages/airflow/example_dags/example_python_decorator.py
[2024-04-04T21:49:09.888+0000] {processor.py:840} INFO - DAG(s) 'example_python_decorator' retrieved from /home/airflow/.local/lib/python3.8/site-packages/airflow/example_dags/example_python_decorator.py
[2024-04-04T21:49:09.905+0000] {logging_mixin.py:188} INFO - [2024-04-04T21:49:09.905+0000] {dag.py:3047} INFO - Sync 1 DAGs
[2024-04-04T21:49:09.916+0000] {logging_mixin.py:188} INFO - [2024-04-04T21:49:09.916+0000] {dag.py:3834} INFO - Setting next_dagrun for example_python_decorator to None, run_after=None
[2024-04-04T21:49:09.935+0000] {processor.py:183} INFO - Processing /home/airflow/.local/lib/python3.8/site-packages/airflow/example_dags/example_python_decorator.py took 0.060 seconds
[2024-04-04T21:49:40.322+0000] {processor.py:161} INFO - Started process (PID=1455) to work on /home/airflow/.local/lib/python3.8/site-packages/airflow/example_dags/example_python_decorator.py
[2024-04-04T21:49:40.323+0000] {processor.py:830} INFO - Processing file /home/airflow/.local/lib/python3.8/site-packages/airflow/example_dags/example_python_decorator.py for tasks to queue
[2024-04-04T21:49:40.324+0000] {logging_mixin.py:188} INFO - [2024-04-04T21:49:40.324+0000] {dagbag.py:540} INFO - Filling up the DagBag from /home/airflow/.local/lib/python3.8/site-packages/airflow/example_dags/example_python_decorator.py
[2024-04-04T21:49:40.334+0000] {processor.py:840} INFO - DAG(s) 'example_python_decorator' retrieved from /home/airflow/.local/lib/python3.8/site-packages/airflow/example_dags/example_python_decorator.py
[2024-04-04T21:49:40.350+0000] {logging_mixin.py:188} INFO - [2024-04-04T21:49:40.349+0000] {dag.py:3047} INFO - Sync 1 DAGs
[2024-04-04T21:49:40.359+0000] {logging_mixin.py:188} INFO - [2024-04-04T21:49:40.359+0000] {dag.py:3834} INFO - Setting next_dagrun for example_python_decorator to None, run_after=None
[2024-04-04T21:49:40.374+0000] {processor.py:183} INFO - Processing /home/airflow/.local/lib/python3.8/site-packages/airflow/example_dags/example_python_decorator.py took 0.054 seconds
[2024-04-04T21:50:10.690+0000] {processor.py:161} INFO - Started process (PID=1510) to work on /home/airflow/.local/lib/python3.8/site-packages/airflow/example_dags/example_python_decorator.py
[2024-04-04T21:50:10.691+0000] {processor.py:830} INFO - Processing file /home/airflow/.local/lib/python3.8/site-packages/airflow/example_dags/example_python_decorator.py for tasks to queue
[2024-04-04T21:50:10.692+0000] {logging_mixin.py:188} INFO - [2024-04-04T21:50:10.691+0000] {dagbag.py:540} INFO - Filling up the DagBag from /home/airflow/.local/lib/python3.8/site-packages/airflow/example_dags/example_python_decorator.py
[2024-04-04T21:50:10.700+0000] {processor.py:840} INFO - DAG(s) 'example_python_decorator' retrieved from /home/airflow/.local/lib/python3.8/site-packages/airflow/example_dags/example_python_decorator.py
[2024-04-04T21:50:10.716+0000] {logging_mixin.py:188} INFO - [2024-04-04T21:50:10.716+0000] {dag.py:3047} INFO - Sync 1 DAGs
[2024-04-04T21:50:10.725+0000] {logging_mixin.py:188} INFO - [2024-04-04T21:50:10.725+0000] {dag.py:3834} INFO - Setting next_dagrun for example_python_decorator to None, run_after=None
[2024-04-04T21:50:10.747+0000] {processor.py:183} INFO - Processing /home/airflow/.local/lib/python3.8/site-packages/airflow/example_dags/example_python_decorator.py took 0.059 seconds
[2024-04-04T21:50:41.306+0000] {processor.py:161} INFO - Started process (PID=1565) to work on /home/airflow/.local/lib/python3.8/site-packages/airflow/example_dags/example_python_decorator.py
[2024-04-04T21:50:41.307+0000] {processor.py:830} INFO - Processing file /home/airflow/.local/lib/python3.8/site-packages/airflow/example_dags/example_python_decorator.py for tasks to queue
[2024-04-04T21:50:41.309+0000] {logging_mixin.py:188} INFO - [2024-04-04T21:50:41.309+0000] {dagbag.py:540} INFO - Filling up the DagBag from /home/airflow/.local/lib/python3.8/site-packages/airflow/example_dags/example_python_decorator.py
[2024-04-04T21:50:41.321+0000] {processor.py:840} INFO - DAG(s) 'example_python_decorator' retrieved from /home/airflow/.local/lib/python3.8/site-packages/airflow/example_dags/example_python_decorator.py
[2024-04-04T21:50:41.344+0000] {logging_mixin.py:188} INFO - [2024-04-04T21:50:41.343+0000] {dag.py:3047} INFO - Sync 1 DAGs
[2024-04-04T21:50:41.356+0000] {logging_mixin.py:188} INFO - [2024-04-04T21:50:41.356+0000] {dag.py:3834} INFO - Setting next_dagrun for example_python_decorator to None, run_after=None
[2024-04-04T21:50:41.376+0000] {processor.py:183} INFO - Processing /home/airflow/.local/lib/python3.8/site-packages/airflow/example_dags/example_python_decorator.py took 0.072 seconds
[2024-04-04T21:51:11.637+0000] {processor.py:161} INFO - Started process (PID=1620) to work on /home/airflow/.local/lib/python3.8/site-packages/airflow/example_dags/example_python_decorator.py
[2024-04-04T21:51:11.638+0000] {processor.py:830} INFO - Processing file /home/airflow/.local/lib/python3.8/site-packages/airflow/example_dags/example_python_decorator.py for tasks to queue
[2024-04-04T21:51:11.640+0000] {logging_mixin.py:188} INFO - [2024-04-04T21:51:11.639+0000] {dagbag.py:540} INFO - Filling up the DagBag from /home/airflow/.local/lib/python3.8/site-packages/airflow/example_dags/example_python_decorator.py
[2024-04-04T21:51:11.650+0000] {processor.py:840} INFO - DAG(s) 'example_python_decorator' retrieved from /home/airflow/.local/lib/python3.8/site-packages/airflow/example_dags/example_python_decorator.py
[2024-04-04T21:51:11.667+0000] {logging_mixin.py:188} INFO - [2024-04-04T21:51:11.667+0000] {dag.py:3047} INFO - Sync 1 DAGs
[2024-04-04T21:51:11.681+0000] {logging_mixin.py:188} INFO - [2024-04-04T21:51:11.681+0000] {dag.py:3834} INFO - Setting next_dagrun for example_python_decorator to None, run_after=None
[2024-04-04T21:51:11.702+0000] {processor.py:183} INFO - Processing /home/airflow/.local/lib/python3.8/site-packages/airflow/example_dags/example_python_decorator.py took 0.067 seconds
[2024-04-04T21:51:42.009+0000] {processor.py:161} INFO - Started process (PID=1675) to work on /home/airflow/.local/lib/python3.8/site-packages/airflow/example_dags/example_python_decorator.py
[2024-04-04T21:51:42.010+0000] {processor.py:830} INFO - Processing file /home/airflow/.local/lib/python3.8/site-packages/airflow/example_dags/example_python_decorator.py for tasks to queue
[2024-04-04T21:51:42.011+0000] {logging_mixin.py:188} INFO - [2024-04-04T21:51:42.011+0000] {dagbag.py:540} INFO - Filling up the DagBag from /home/airflow/.local/lib/python3.8/site-packages/airflow/example_dags/example_python_decorator.py
[2024-04-04T21:51:42.020+0000] {processor.py:840} INFO - DAG(s) 'example_python_decorator' retrieved from /home/airflow/.local/lib/python3.8/site-packages/airflow/example_dags/example_python_decorator.py
[2024-04-04T21:51:42.037+0000] {logging_mixin.py:188} INFO - [2024-04-04T21:51:42.037+0000] {dag.py:3047} INFO - Sync 1 DAGs
[2024-04-04T21:51:42.046+0000] {logging_mixin.py:188} INFO - [2024-04-04T21:51:42.046+0000] {dag.py:3834} INFO - Setting next_dagrun for example_python_decorator to None, run_after=None
[2024-04-04T21:51:42.063+0000] {processor.py:183} INFO - Processing /home/airflow/.local/lib/python3.8/site-packages/airflow/example_dags/example_python_decorator.py took 0.055 seconds
[2024-04-04T21:52:12.201+0000] {processor.py:161} INFO - Started process (PID=1730) to work on /home/airflow/.local/lib/python3.8/site-packages/airflow/example_dags/example_python_decorator.py
[2024-04-04T21:52:12.202+0000] {processor.py:830} INFO - Processing file /home/airflow/.local/lib/python3.8/site-packages/airflow/example_dags/example_python_decorator.py for tasks to queue
[2024-04-04T21:52:12.204+0000] {logging_mixin.py:188} INFO - [2024-04-04T21:52:12.203+0000] {dagbag.py:540} INFO - Filling up the DagBag from /home/airflow/.local/lib/python3.8/site-packages/airflow/example_dags/example_python_decorator.py
[2024-04-04T21:52:12.217+0000] {processor.py:840} INFO - DAG(s) 'example_python_decorator' retrieved from /home/airflow/.local/lib/python3.8/site-packages/airflow/example_dags/example_python_decorator.py
[2024-04-04T21:52:12.241+0000] {logging_mixin.py:188} INFO - [2024-04-04T21:52:12.240+0000] {dag.py:3047} INFO - Sync 1 DAGs
[2024-04-04T21:52:12.254+0000] {logging_mixin.py:188} INFO - [2024-04-04T21:52:12.253+0000] {dag.py:3834} INFO - Setting next_dagrun for example_python_decorator to None, run_after=None
[2024-04-04T21:52:12.271+0000] {processor.py:183} INFO - Processing /home/airflow/.local/lib/python3.8/site-packages/airflow/example_dags/example_python_decorator.py took 0.072 seconds
[2024-04-04T21:52:42.599+0000] {processor.py:161} INFO - Started process (PID=1785) to work on /home/airflow/.local/lib/python3.8/site-packages/airflow/example_dags/example_python_decorator.py
[2024-04-04T21:52:42.600+0000] {processor.py:830} INFO - Processing file /home/airflow/.local/lib/python3.8/site-packages/airflow/example_dags/example_python_decorator.py for tasks to queue
[2024-04-04T21:52:42.601+0000] {logging_mixin.py:188} INFO - [2024-04-04T21:52:42.601+0000] {dagbag.py:540} INFO - Filling up the DagBag from /home/airflow/.local/lib/python3.8/site-packages/airflow/example_dags/example_python_decorator.py
[2024-04-04T21:52:42.610+0000] {processor.py:840} INFO - DAG(s) 'example_python_decorator' retrieved from /home/airflow/.local/lib/python3.8/site-packages/airflow/example_dags/example_python_decorator.py
[2024-04-04T21:52:42.625+0000] {logging_mixin.py:188} INFO - [2024-04-04T21:52:42.625+0000] {dag.py:3047} INFO - Sync 1 DAGs
[2024-04-04T21:52:42.635+0000] {logging_mixin.py:188} INFO - [2024-04-04T21:52:42.634+0000] {dag.py:3834} INFO - Setting next_dagrun for example_python_decorator to None, run_after=None
[2024-04-04T21:52:42.648+0000] {processor.py:183} INFO - Processing /home/airflow/.local/lib/python3.8/site-packages/airflow/example_dags/example_python_decorator.py took 0.051 seconds
[2024-04-04T21:53:12.790+0000] {processor.py:161} INFO - Started process (PID=1840) to work on /home/airflow/.local/lib/python3.8/site-packages/airflow/example_dags/example_python_decorator.py
[2024-04-04T21:53:12.791+0000] {processor.py:830} INFO - Processing file /home/airflow/.local/lib/python3.8/site-packages/airflow/example_dags/example_python_decorator.py for tasks to queue
[2024-04-04T21:53:12.792+0000] {logging_mixin.py:188} INFO - [2024-04-04T21:53:12.792+0000] {dagbag.py:540} INFO - Filling up the DagBag from /home/airflow/.local/lib/python3.8/site-packages/airflow/example_dags/example_python_decorator.py
[2024-04-04T21:53:12.804+0000] {processor.py:840} INFO - DAG(s) 'example_python_decorator' retrieved from /home/airflow/.local/lib/python3.8/site-packages/airflow/example_dags/example_python_decorator.py
[2024-04-04T21:53:12.824+0000] {logging_mixin.py:188} INFO - [2024-04-04T21:53:12.823+0000] {dag.py:3047} INFO - Sync 1 DAGs
[2024-04-04T21:53:12.834+0000] {logging_mixin.py:188} INFO - [2024-04-04T21:53:12.834+0000] {dag.py:3834} INFO - Setting next_dagrun for example_python_decorator to None, run_after=None
[2024-04-04T21:53:12.853+0000] {processor.py:183} INFO - Processing /home/airflow/.local/lib/python3.8/site-packages/airflow/example_dags/example_python_decorator.py took 0.066 seconds
[2024-04-04T21:53:42.997+0000] {processor.py:161} INFO - Started process (PID=1895) to work on /home/airflow/.local/lib/python3.8/site-packages/airflow/example_dags/example_python_decorator.py
[2024-04-04T21:53:42.998+0000] {processor.py:830} INFO - Processing file /home/airflow/.local/lib/python3.8/site-packages/airflow/example_dags/example_python_decorator.py for tasks to queue
[2024-04-04T21:53:42.999+0000] {logging_mixin.py:188} INFO - [2024-04-04T21:53:42.999+0000] {dagbag.py:540} INFO - Filling up the DagBag from /home/airflow/.local/lib/python3.8/site-packages/airflow/example_dags/example_python_decorator.py
[2024-04-04T21:53:43.008+0000] {processor.py:840} INFO - DAG(s) 'example_python_decorator' retrieved from /home/airflow/.local/lib/python3.8/site-packages/airflow/example_dags/example_python_decorator.py
[2024-04-04T21:53:43.026+0000] {logging_mixin.py:188} INFO - [2024-04-04T21:53:43.025+0000] {dag.py:3047} INFO - Sync 1 DAGs
[2024-04-04T21:53:43.036+0000] {logging_mixin.py:188} INFO - [2024-04-04T21:53:43.035+0000] {dag.py:3834} INFO - Setting next_dagrun for example_python_decorator to None, run_after=None
[2024-04-04T21:53:43.051+0000] {processor.py:183} INFO - Processing /home/airflow/.local/lib/python3.8/site-packages/airflow/example_dags/example_python_decorator.py took 0.056 seconds
[2024-04-04T21:54:13.150+0000] {processor.py:161} INFO - Started process (PID=1950) to work on /home/airflow/.local/lib/python3.8/site-packages/airflow/example_dags/example_python_decorator.py
[2024-04-04T21:54:13.151+0000] {processor.py:830} INFO - Processing file /home/airflow/.local/lib/python3.8/site-packages/airflow/example_dags/example_python_decorator.py for tasks to queue
[2024-04-04T21:54:13.152+0000] {logging_mixin.py:188} INFO - [2024-04-04T21:54:13.152+0000] {dagbag.py:540} INFO - Filling up the DagBag from /home/airflow/.local/lib/python3.8/site-packages/airflow/example_dags/example_python_decorator.py
[2024-04-04T21:54:13.161+0000] {processor.py:840} INFO - DAG(s) 'example_python_decorator' retrieved from /home/airflow/.local/lib/python3.8/site-packages/airflow/example_dags/example_python_decorator.py
[2024-04-04T21:54:13.177+0000] {logging_mixin.py:188} INFO - [2024-04-04T21:54:13.177+0000] {dag.py:3047} INFO - Sync 1 DAGs
[2024-04-04T21:54:13.186+0000] {logging_mixin.py:188} INFO - [2024-04-04T21:54:13.186+0000] {dag.py:3834} INFO - Setting next_dagrun for example_python_decorator to None, run_after=None
[2024-04-04T21:54:13.199+0000] {processor.py:183} INFO - Processing /home/airflow/.local/lib/python3.8/site-packages/airflow/example_dags/example_python_decorator.py took 0.051 seconds
[2024-04-04T21:54:43.511+0000] {processor.py:161} INFO - Started process (PID=2005) to work on /home/airflow/.local/lib/python3.8/site-packages/airflow/example_dags/example_python_decorator.py
[2024-04-04T21:54:43.512+0000] {processor.py:830} INFO - Processing file /home/airflow/.local/lib/python3.8/site-packages/airflow/example_dags/example_python_decorator.py for tasks to queue
[2024-04-04T21:54:43.513+0000] {logging_mixin.py:188} INFO - [2024-04-04T21:54:43.513+0000] {dagbag.py:540} INFO - Filling up the DagBag from /home/airflow/.local/lib/python3.8/site-packages/airflow/example_dags/example_python_decorator.py
[2024-04-04T21:54:43.522+0000] {processor.py:840} INFO - DAG(s) 'example_python_decorator' retrieved from /home/airflow/.local/lib/python3.8/site-packages/airflow/example_dags/example_python_decorator.py
[2024-04-04T21:54:43.537+0000] {logging_mixin.py:188} INFO - [2024-04-04T21:54:43.537+0000] {dag.py:3047} INFO - Sync 1 DAGs
[2024-04-04T21:54:43.546+0000] {logging_mixin.py:188} INFO - [2024-04-04T21:54:43.546+0000] {dag.py:3834} INFO - Setting next_dagrun for example_python_decorator to None, run_after=None
[2024-04-04T21:54:43.559+0000] {processor.py:183} INFO - Processing /home/airflow/.local/lib/python3.8/site-packages/airflow/example_dags/example_python_decorator.py took 0.050 seconds
[2024-04-04T21:55:13.639+0000] {processor.py:161} INFO - Started process (PID=2060) to work on /home/airflow/.local/lib/python3.8/site-packages/airflow/example_dags/example_python_decorator.py
[2024-04-04T21:55:13.640+0000] {processor.py:830} INFO - Processing file /home/airflow/.local/lib/python3.8/site-packages/airflow/example_dags/example_python_decorator.py for tasks to queue
[2024-04-04T21:55:13.641+0000] {logging_mixin.py:188} INFO - [2024-04-04T21:55:13.641+0000] {dagbag.py:540} INFO - Filling up the DagBag from /home/airflow/.local/lib/python3.8/site-packages/airflow/example_dags/example_python_decorator.py
[2024-04-04T21:55:13.649+0000] {processor.py:840} INFO - DAG(s) 'example_python_decorator' retrieved from /home/airflow/.local/lib/python3.8/site-packages/airflow/example_dags/example_python_decorator.py
[2024-04-04T21:55:13.664+0000] {logging_mixin.py:188} INFO - [2024-04-04T21:55:13.664+0000] {dag.py:3047} INFO - Sync 1 DAGs
[2024-04-04T21:55:13.673+0000] {logging_mixin.py:188} INFO - [2024-04-04T21:55:13.673+0000] {dag.py:3834} INFO - Setting next_dagrun for example_python_decorator to None, run_after=None
[2024-04-04T21:55:13.685+0000] {processor.py:183} INFO - Processing /home/airflow/.local/lib/python3.8/site-packages/airflow/example_dags/example_python_decorator.py took 0.048 seconds
[2024-04-04T21:55:43.903+0000] {processor.py:161} INFO - Started process (PID=2115) to work on /home/airflow/.local/lib/python3.8/site-packages/airflow/example_dags/example_python_decorator.py
[2024-04-04T21:55:43.904+0000] {processor.py:830} INFO - Processing file /home/airflow/.local/lib/python3.8/site-packages/airflow/example_dags/example_python_decorator.py for tasks to queue
[2024-04-04T21:55:43.905+0000] {logging_mixin.py:188} INFO - [2024-04-04T21:55:43.905+0000] {dagbag.py:540} INFO - Filling up the DagBag from /home/airflow/.local/lib/python3.8/site-packages/airflow/example_dags/example_python_decorator.py
[2024-04-04T21:55:43.914+0000] {processor.py:840} INFO - DAG(s) 'example_python_decorator' retrieved from /home/airflow/.local/lib/python3.8/site-packages/airflow/example_dags/example_python_decorator.py
[2024-04-04T21:55:43.930+0000] {logging_mixin.py:188} INFO - [2024-04-04T21:55:43.930+0000] {dag.py:3047} INFO - Sync 1 DAGs
[2024-04-04T21:55:43.940+0000] {logging_mixin.py:188} INFO - [2024-04-04T21:55:43.939+0000] {dag.py:3834} INFO - Setting next_dagrun for example_python_decorator to None, run_after=None
[2024-04-04T21:55:43.954+0000] {processor.py:183} INFO - Processing /home/airflow/.local/lib/python3.8/site-packages/airflow/example_dags/example_python_decorator.py took 0.052 seconds
[2024-04-04T21:56:14.183+0000] {processor.py:161} INFO - Started process (PID=2170) to work on /home/airflow/.local/lib/python3.8/site-packages/airflow/example_dags/example_python_decorator.py
[2024-04-04T21:56:14.183+0000] {processor.py:830} INFO - Processing file /home/airflow/.local/lib/python3.8/site-packages/airflow/example_dags/example_python_decorator.py for tasks to queue
[2024-04-04T21:56:14.185+0000] {logging_mixin.py:188} INFO - [2024-04-04T21:56:14.184+0000] {dagbag.py:540} INFO - Filling up the DagBag from /home/airflow/.local/lib/python3.8/site-packages/airflow/example_dags/example_python_decorator.py
[2024-04-04T21:56:14.193+0000] {processor.py:840} INFO - DAG(s) 'example_python_decorator' retrieved from /home/airflow/.local/lib/python3.8/site-packages/airflow/example_dags/example_python_decorator.py
[2024-04-04T21:56:14.210+0000] {logging_mixin.py:188} INFO - [2024-04-04T21:56:14.210+0000] {dag.py:3047} INFO - Sync 1 DAGs
[2024-04-04T21:56:14.219+0000] {logging_mixin.py:188} INFO - [2024-04-04T21:56:14.219+0000] {dag.py:3834} INFO - Setting next_dagrun for example_python_decorator to None, run_after=None
[2024-04-04T21:56:14.236+0000] {processor.py:183} INFO - Processing /home/airflow/.local/lib/python3.8/site-packages/airflow/example_dags/example_python_decorator.py took 0.055 seconds
[2024-04-04T21:56:44.381+0000] {processor.py:161} INFO - Started process (PID=2225) to work on /home/airflow/.local/lib/python3.8/site-packages/airflow/example_dags/example_python_decorator.py
[2024-04-04T21:56:44.381+0000] {processor.py:830} INFO - Processing file /home/airflow/.local/lib/python3.8/site-packages/airflow/example_dags/example_python_decorator.py for tasks to queue
[2024-04-04T21:56:44.383+0000] {logging_mixin.py:188} INFO - [2024-04-04T21:56:44.382+0000] {dagbag.py:540} INFO - Filling up the DagBag from /home/airflow/.local/lib/python3.8/site-packages/airflow/example_dags/example_python_decorator.py
[2024-04-04T21:56:44.392+0000] {processor.py:840} INFO - DAG(s) 'example_python_decorator' retrieved from /home/airflow/.local/lib/python3.8/site-packages/airflow/example_dags/example_python_decorator.py
[2024-04-04T21:56:44.408+0000] {logging_mixin.py:188} INFO - [2024-04-04T21:56:44.408+0000] {dag.py:3047} INFO - Sync 1 DAGs
[2024-04-04T21:56:44.418+0000] {logging_mixin.py:188} INFO - [2024-04-04T21:56:44.418+0000] {dag.py:3834} INFO - Setting next_dagrun for example_python_decorator to None, run_after=None
[2024-04-04T21:56:44.432+0000] {processor.py:183} INFO - Processing /home/airflow/.local/lib/python3.8/site-packages/airflow/example_dags/example_python_decorator.py took 0.053 seconds
[2024-04-04T21:57:14.628+0000] {processor.py:161} INFO - Started process (PID=2280) to work on /home/airflow/.local/lib/python3.8/site-packages/airflow/example_dags/example_python_decorator.py
[2024-04-04T21:57:14.629+0000] {processor.py:830} INFO - Processing file /home/airflow/.local/lib/python3.8/site-packages/airflow/example_dags/example_python_decorator.py for tasks to queue
[2024-04-04T21:57:14.631+0000] {logging_mixin.py:188} INFO - [2024-04-04T21:57:14.630+0000] {dagbag.py:540} INFO - Filling up the DagBag from /home/airflow/.local/lib/python3.8/site-packages/airflow/example_dags/example_python_decorator.py
[2024-04-04T21:57:14.640+0000] {processor.py:840} INFO - DAG(s) 'example_python_decorator' retrieved from /home/airflow/.local/lib/python3.8/site-packages/airflow/example_dags/example_python_decorator.py
[2024-04-04T21:57:14.659+0000] {logging_mixin.py:188} INFO - [2024-04-04T21:57:14.658+0000] {dag.py:3047} INFO - Sync 1 DAGs
[2024-04-04T21:57:14.669+0000] {logging_mixin.py:188} INFO - [2024-04-04T21:57:14.669+0000] {dag.py:3834} INFO - Setting next_dagrun for example_python_decorator to None, run_after=None
[2024-04-04T21:57:14.682+0000] {processor.py:183} INFO - Processing /home/airflow/.local/lib/python3.8/site-packages/airflow/example_dags/example_python_decorator.py took 0.056 seconds
[2024-04-04T21:57:45.168+0000] {processor.py:161} INFO - Started process (PID=2335) to work on /home/airflow/.local/lib/python3.8/site-packages/airflow/example_dags/example_python_decorator.py
[2024-04-04T21:57:45.169+0000] {processor.py:830} INFO - Processing file /home/airflow/.local/lib/python3.8/site-packages/airflow/example_dags/example_python_decorator.py for tasks to queue
[2024-04-04T21:57:45.171+0000] {logging_mixin.py:188} INFO - [2024-04-04T21:57:45.170+0000] {dagbag.py:540} INFO - Filling up the DagBag from /home/airflow/.local/lib/python3.8/site-packages/airflow/example_dags/example_python_decorator.py
[2024-04-04T21:57:45.184+0000] {processor.py:840} INFO - DAG(s) 'example_python_decorator' retrieved from /home/airflow/.local/lib/python3.8/site-packages/airflow/example_dags/example_python_decorator.py
[2024-04-04T21:57:45.204+0000] {logging_mixin.py:188} INFO - [2024-04-04T21:57:45.204+0000] {dag.py:3047} INFO - Sync 1 DAGs
[2024-04-04T21:57:45.215+0000] {logging_mixin.py:188} INFO - [2024-04-04T21:57:45.215+0000] {dag.py:3834} INFO - Setting next_dagrun for example_python_decorator to None, run_after=None
[2024-04-04T21:57:45.234+0000] {processor.py:183} INFO - Processing /home/airflow/.local/lib/python3.8/site-packages/airflow/example_dags/example_python_decorator.py took 0.069 seconds
[2024-04-04T21:58:16.082+0000] {processor.py:161} INFO - Started process (PID=2390) to work on /home/airflow/.local/lib/python3.8/site-packages/airflow/example_dags/example_python_decorator.py
[2024-04-04T21:58:16.083+0000] {processor.py:830} INFO - Processing file /home/airflow/.local/lib/python3.8/site-packages/airflow/example_dags/example_python_decorator.py for tasks to queue
[2024-04-04T21:58:16.084+0000] {logging_mixin.py:188} INFO - [2024-04-04T21:58:16.084+0000] {dagbag.py:540} INFO - Filling up the DagBag from /home/airflow/.local/lib/python3.8/site-packages/airflow/example_dags/example_python_decorator.py
[2024-04-04T21:58:16.097+0000] {processor.py:840} INFO - DAG(s) 'example_python_decorator' retrieved from /home/airflow/.local/lib/python3.8/site-packages/airflow/example_dags/example_python_decorator.py
[2024-04-04T21:58:16.249+0000] {logging_mixin.py:188} INFO - [2024-04-04T21:58:16.249+0000] {dag.py:3047} INFO - Sync 1 DAGs
[2024-04-04T21:58:16.258+0000] {logging_mixin.py:188} INFO - [2024-04-04T21:58:16.258+0000] {dag.py:3834} INFO - Setting next_dagrun for example_python_decorator to None, run_after=None
[2024-04-04T21:58:16.276+0000] {processor.py:183} INFO - Processing /home/airflow/.local/lib/python3.8/site-packages/airflow/example_dags/example_python_decorator.py took 0.197 seconds
[2024-04-04T21:58:47.012+0000] {processor.py:161} INFO - Started process (PID=2445) to work on /home/airflow/.local/lib/python3.8/site-packages/airflow/example_dags/example_python_decorator.py
[2024-04-04T21:58:47.013+0000] {processor.py:830} INFO - Processing file /home/airflow/.local/lib/python3.8/site-packages/airflow/example_dags/example_python_decorator.py for tasks to queue
[2024-04-04T21:58:47.015+0000] {logging_mixin.py:188} INFO - [2024-04-04T21:58:47.015+0000] {dagbag.py:540} INFO - Filling up the DagBag from /home/airflow/.local/lib/python3.8/site-packages/airflow/example_dags/example_python_decorator.py
[2024-04-04T21:58:47.030+0000] {processor.py:840} INFO - DAG(s) 'example_python_decorator' retrieved from /home/airflow/.local/lib/python3.8/site-packages/airflow/example_dags/example_python_decorator.py
[2024-04-04T21:58:47.052+0000] {logging_mixin.py:188} INFO - [2024-04-04T21:58:47.052+0000] {dag.py:3047} INFO - Sync 1 DAGs
[2024-04-04T21:58:47.065+0000] {logging_mixin.py:188} INFO - [2024-04-04T21:58:47.065+0000] {dag.py:3834} INFO - Setting next_dagrun for example_python_decorator to None, run_after=None
[2024-04-04T21:58:47.101+0000] {processor.py:183} INFO - Processing /home/airflow/.local/lib/python3.8/site-packages/airflow/example_dags/example_python_decorator.py took 0.092 seconds
[2024-04-04T21:59:18.087+0000] {processor.py:161} INFO - Started process (PID=2500) to work on /home/airflow/.local/lib/python3.8/site-packages/airflow/example_dags/example_python_decorator.py
[2024-04-04T21:59:18.089+0000] {processor.py:830} INFO - Processing file /home/airflow/.local/lib/python3.8/site-packages/airflow/example_dags/example_python_decorator.py for tasks to queue
[2024-04-04T21:59:18.091+0000] {logging_mixin.py:188} INFO - [2024-04-04T21:59:18.091+0000] {dagbag.py:540} INFO - Filling up the DagBag from /home/airflow/.local/lib/python3.8/site-packages/airflow/example_dags/example_python_decorator.py
[2024-04-04T21:59:18.109+0000] {processor.py:840} INFO - DAG(s) 'example_python_decorator' retrieved from /home/airflow/.local/lib/python3.8/site-packages/airflow/example_dags/example_python_decorator.py
[2024-04-04T21:59:18.144+0000] {logging_mixin.py:188} INFO - [2024-04-04T21:59:18.144+0000] {dag.py:3047} INFO - Sync 1 DAGs
[2024-04-04T21:59:18.166+0000] {logging_mixin.py:188} INFO - [2024-04-04T21:59:18.166+0000] {dag.py:3834} INFO - Setting next_dagrun for example_python_decorator to None, run_after=None
[2024-04-04T21:59:18.198+0000] {processor.py:183} INFO - Processing /home/airflow/.local/lib/python3.8/site-packages/airflow/example_dags/example_python_decorator.py took 0.114 seconds
[2024-04-04T21:59:49.791+0000] {processor.py:161} INFO - Started process (PID=2555) to work on /home/airflow/.local/lib/python3.8/site-packages/airflow/example_dags/example_python_decorator.py
[2024-04-04T21:59:49.795+0000] {processor.py:830} INFO - Processing file /home/airflow/.local/lib/python3.8/site-packages/airflow/example_dags/example_python_decorator.py for tasks to queue
[2024-04-04T21:59:49.798+0000] {logging_mixin.py:188} INFO - [2024-04-04T21:59:49.797+0000] {dagbag.py:540} INFO - Filling up the DagBag from /home/airflow/.local/lib/python3.8/site-packages/airflow/example_dags/example_python_decorator.py
[2024-04-04T21:59:49.821+0000] {processor.py:840} INFO - DAG(s) 'example_python_decorator' retrieved from /home/airflow/.local/lib/python3.8/site-packages/airflow/example_dags/example_python_decorator.py
[2024-04-04T21:59:49.878+0000] {logging_mixin.py:188} INFO - [2024-04-04T21:59:49.877+0000] {dag.py:3047} INFO - Sync 1 DAGs
[2024-04-04T21:59:49.935+0000] {logging_mixin.py:188} INFO - [2024-04-04T21:59:49.934+0000] {dag.py:3834} INFO - Setting next_dagrun for example_python_decorator to None, run_after=None
[2024-04-04T21:59:50.008+0000] {processor.py:183} INFO - Processing /home/airflow/.local/lib/python3.8/site-packages/airflow/example_dags/example_python_decorator.py took 0.219 seconds
[2024-04-04T22:00:20.116+0000] {processor.py:161} INFO - Started process (PID=2609) to work on /home/airflow/.local/lib/python3.8/site-packages/airflow/example_dags/example_python_decorator.py
[2024-04-04T22:00:20.126+0000] {processor.py:830} INFO - Processing file /home/airflow/.local/lib/python3.8/site-packages/airflow/example_dags/example_python_decorator.py for tasks to queue
[2024-04-04T22:00:20.129+0000] {logging_mixin.py:188} INFO - [2024-04-04T22:00:20.128+0000] {dagbag.py:540} INFO - Filling up the DagBag from /home/airflow/.local/lib/python3.8/site-packages/airflow/example_dags/example_python_decorator.py
[2024-04-04T22:00:20.155+0000] {processor.py:840} INFO - DAG(s) 'example_python_decorator' retrieved from /home/airflow/.local/lib/python3.8/site-packages/airflow/example_dags/example_python_decorator.py
[2024-04-04T22:00:20.204+0000] {logging_mixin.py:188} INFO - [2024-04-04T22:00:20.203+0000] {dag.py:3047} INFO - Sync 1 DAGs
[2024-04-04T22:00:20.242+0000] {logging_mixin.py:188} INFO - [2024-04-04T22:00:20.241+0000] {dag.py:3834} INFO - Setting next_dagrun for example_python_decorator to None, run_after=None
[2024-04-04T22:00:20.686+0000] {processor.py:183} INFO - Processing /home/airflow/.local/lib/python3.8/site-packages/airflow/example_dags/example_python_decorator.py took 0.572 seconds
