[2024-04-04T21:36:58.616+0000] {processor.py:161} INFO - Started process (PID=49) to work on /home/airflow/.local/lib/python3.8/site-packages/airflow/example_dags/example_task_group.py
[2024-04-04T21:36:58.618+0000] {processor.py:830} INFO - Processing file /home/airflow/.local/lib/python3.8/site-packages/airflow/example_dags/example_task_group.py for tasks to queue
[2024-04-04T21:36:58.620+0000] {logging_mixin.py:188} INFO - [2024-04-04T21:36:58.620+0000] {dagbag.py:540} INFO - Filling up the DagBag from /home/airflow/.local/lib/python3.8/site-packages/airflow/example_dags/example_task_group.py
[2024-04-04T21:36:58.634+0000] {processor.py:840} INFO - DAG(s) 'example_task_group' retrieved from /home/airflow/.local/lib/python3.8/site-packages/airflow/example_dags/example_task_group.py
[2024-04-04T21:36:58.670+0000] {logging_mixin.py:188} INFO - [2024-04-04T21:36:58.669+0000] {dag.py:3047} INFO - Sync 1 DAGs
[2024-04-04T21:36:58.699+0000] {logging_mixin.py:188} INFO - [2024-04-04T21:36:58.699+0000] {dag.py:3834} INFO - Setting next_dagrun for example_task_group to 2024-04-03 00:00:00+00:00, run_after=2024-04-04 00:00:00+00:00
[2024-04-04T21:36:58.729+0000] {processor.py:183} INFO - Processing /home/airflow/.local/lib/python3.8/site-packages/airflow/example_dags/example_task_group.py took 0.117 seconds
[2024-04-04T21:37:29.483+0000] {processor.py:161} INFO - Started process (PID=104) to work on /home/airflow/.local/lib/python3.8/site-packages/airflow/example_dags/example_task_group.py
[2024-04-04T21:37:29.484+0000] {processor.py:830} INFO - Processing file /home/airflow/.local/lib/python3.8/site-packages/airflow/example_dags/example_task_group.py for tasks to queue
[2024-04-04T21:37:29.485+0000] {logging_mixin.py:188} INFO - [2024-04-04T21:37:29.485+0000] {dagbag.py:540} INFO - Filling up the DagBag from /home/airflow/.local/lib/python3.8/site-packages/airflow/example_dags/example_task_group.py
[2024-04-04T21:37:29.490+0000] {processor.py:840} INFO - DAG(s) 'example_task_group' retrieved from /home/airflow/.local/lib/python3.8/site-packages/airflow/example_dags/example_task_group.py
[2024-04-04T21:37:29.505+0000] {logging_mixin.py:188} INFO - [2024-04-04T21:37:29.505+0000] {dag.py:3047} INFO - Sync 1 DAGs
[2024-04-04T21:37:29.522+0000] {logging_mixin.py:188} INFO - [2024-04-04T21:37:29.522+0000] {dag.py:3834} INFO - Setting next_dagrun for example_task_group to 2024-04-03 00:00:00+00:00, run_after=2024-04-04 00:00:00+00:00
[2024-04-04T21:37:29.535+0000] {processor.py:183} INFO - Processing /home/airflow/.local/lib/python3.8/site-packages/airflow/example_dags/example_task_group.py took 0.054 seconds
[2024-04-04T21:37:59.769+0000] {processor.py:161} INFO - Started process (PID=159) to work on /home/airflow/.local/lib/python3.8/site-packages/airflow/example_dags/example_task_group.py
[2024-04-04T21:37:59.770+0000] {processor.py:830} INFO - Processing file /home/airflow/.local/lib/python3.8/site-packages/airflow/example_dags/example_task_group.py for tasks to queue
[2024-04-04T21:37:59.771+0000] {logging_mixin.py:188} INFO - [2024-04-04T21:37:59.771+0000] {dagbag.py:540} INFO - Filling up the DagBag from /home/airflow/.local/lib/python3.8/site-packages/airflow/example_dags/example_task_group.py
[2024-04-04T21:37:59.775+0000] {processor.py:840} INFO - DAG(s) 'example_task_group' retrieved from /home/airflow/.local/lib/python3.8/site-packages/airflow/example_dags/example_task_group.py
[2024-04-04T21:37:59.791+0000] {logging_mixin.py:188} INFO - [2024-04-04T21:37:59.791+0000] {dag.py:3047} INFO - Sync 1 DAGs
[2024-04-04T21:37:59.808+0000] {logging_mixin.py:188} INFO - [2024-04-04T21:37:59.808+0000] {dag.py:3834} INFO - Setting next_dagrun for example_task_group to 2024-04-03 00:00:00+00:00, run_after=2024-04-04 00:00:00+00:00
[2024-04-04T21:37:59.823+0000] {processor.py:183} INFO - Processing /home/airflow/.local/lib/python3.8/site-packages/airflow/example_dags/example_task_group.py took 0.056 seconds
[2024-04-04T21:38:30.053+0000] {processor.py:161} INFO - Started process (PID=214) to work on /home/airflow/.local/lib/python3.8/site-packages/airflow/example_dags/example_task_group.py
[2024-04-04T21:38:30.054+0000] {processor.py:830} INFO - Processing file /home/airflow/.local/lib/python3.8/site-packages/airflow/example_dags/example_task_group.py for tasks to queue
[2024-04-04T21:38:30.055+0000] {logging_mixin.py:188} INFO - [2024-04-04T21:38:30.055+0000] {dagbag.py:540} INFO - Filling up the DagBag from /home/airflow/.local/lib/python3.8/site-packages/airflow/example_dags/example_task_group.py
[2024-04-04T21:38:30.061+0000] {processor.py:840} INFO - DAG(s) 'example_task_group' retrieved from /home/airflow/.local/lib/python3.8/site-packages/airflow/example_dags/example_task_group.py
[2024-04-04T21:38:30.079+0000] {logging_mixin.py:188} INFO - [2024-04-04T21:38:30.079+0000] {dag.py:3047} INFO - Sync 1 DAGs
[2024-04-04T21:38:30.099+0000] {logging_mixin.py:188} INFO - [2024-04-04T21:38:30.099+0000] {dag.py:3834} INFO - Setting next_dagrun for example_task_group to 2024-04-03 00:00:00+00:00, run_after=2024-04-04 00:00:00+00:00
[2024-04-04T21:38:30.115+0000] {processor.py:183} INFO - Processing /home/airflow/.local/lib/python3.8/site-packages/airflow/example_dags/example_task_group.py took 0.064 seconds
[2024-04-04T21:39:00.485+0000] {processor.py:161} INFO - Started process (PID=270) to work on /home/airflow/.local/lib/python3.8/site-packages/airflow/example_dags/example_task_group.py
[2024-04-04T21:39:00.485+0000] {processor.py:830} INFO - Processing file /home/airflow/.local/lib/python3.8/site-packages/airflow/example_dags/example_task_group.py for tasks to queue
[2024-04-04T21:39:00.486+0000] {logging_mixin.py:188} INFO - [2024-04-04T21:39:00.486+0000] {dagbag.py:540} INFO - Filling up the DagBag from /home/airflow/.local/lib/python3.8/site-packages/airflow/example_dags/example_task_group.py
[2024-04-04T21:39:00.491+0000] {processor.py:840} INFO - DAG(s) 'example_task_group' retrieved from /home/airflow/.local/lib/python3.8/site-packages/airflow/example_dags/example_task_group.py
[2024-04-04T21:39:00.507+0000] {logging_mixin.py:188} INFO - [2024-04-04T21:39:00.506+0000] {dag.py:3047} INFO - Sync 1 DAGs
[2024-04-04T21:39:00.523+0000] {logging_mixin.py:188} INFO - [2024-04-04T21:39:00.523+0000] {dag.py:3834} INFO - Setting next_dagrun for example_task_group to 2024-04-03 00:00:00+00:00, run_after=2024-04-04 00:00:00+00:00
[2024-04-04T21:39:00.537+0000] {processor.py:183} INFO - Processing /home/airflow/.local/lib/python3.8/site-packages/airflow/example_dags/example_task_group.py took 0.054 seconds
[2024-04-04T21:39:30.718+0000] {processor.py:161} INFO - Started process (PID=324) to work on /home/airflow/.local/lib/python3.8/site-packages/airflow/example_dags/example_task_group.py
[2024-04-04T21:39:30.719+0000] {processor.py:830} INFO - Processing file /home/airflow/.local/lib/python3.8/site-packages/airflow/example_dags/example_task_group.py for tasks to queue
[2024-04-04T21:39:30.721+0000] {logging_mixin.py:188} INFO - [2024-04-04T21:39:30.720+0000] {dagbag.py:540} INFO - Filling up the DagBag from /home/airflow/.local/lib/python3.8/site-packages/airflow/example_dags/example_task_group.py
[2024-04-04T21:39:30.726+0000] {processor.py:840} INFO - DAG(s) 'example_task_group' retrieved from /home/airflow/.local/lib/python3.8/site-packages/airflow/example_dags/example_task_group.py
[2024-04-04T21:39:30.741+0000] {logging_mixin.py:188} INFO - [2024-04-04T21:39:30.741+0000] {dag.py:3047} INFO - Sync 1 DAGs
[2024-04-04T21:39:30.756+0000] {logging_mixin.py:188} INFO - [2024-04-04T21:39:30.756+0000] {dag.py:3834} INFO - Setting next_dagrun for example_task_group to 2024-04-03 00:00:00+00:00, run_after=2024-04-04 00:00:00+00:00
[2024-04-04T21:39:30.771+0000] {processor.py:183} INFO - Processing /home/airflow/.local/lib/python3.8/site-packages/airflow/example_dags/example_task_group.py took 0.055 seconds
[2024-04-04T21:40:00.851+0000] {processor.py:161} INFO - Started process (PID=379) to work on /home/airflow/.local/lib/python3.8/site-packages/airflow/example_dags/example_task_group.py
[2024-04-04T21:40:00.852+0000] {processor.py:830} INFO - Processing file /home/airflow/.local/lib/python3.8/site-packages/airflow/example_dags/example_task_group.py for tasks to queue
[2024-04-04T21:40:00.853+0000] {logging_mixin.py:188} INFO - [2024-04-04T21:40:00.853+0000] {dagbag.py:540} INFO - Filling up the DagBag from /home/airflow/.local/lib/python3.8/site-packages/airflow/example_dags/example_task_group.py
[2024-04-04T21:40:00.858+0000] {processor.py:840} INFO - DAG(s) 'example_task_group' retrieved from /home/airflow/.local/lib/python3.8/site-packages/airflow/example_dags/example_task_group.py
[2024-04-04T21:40:00.875+0000] {logging_mixin.py:188} INFO - [2024-04-04T21:40:00.875+0000] {dag.py:3047} INFO - Sync 1 DAGs
[2024-04-04T21:40:00.892+0000] {logging_mixin.py:188} INFO - [2024-04-04T21:40:00.892+0000] {dag.py:3834} INFO - Setting next_dagrun for example_task_group to 2024-04-03 00:00:00+00:00, run_after=2024-04-04 00:00:00+00:00
[2024-04-04T21:40:00.906+0000] {processor.py:183} INFO - Processing /home/airflow/.local/lib/python3.8/site-packages/airflow/example_dags/example_task_group.py took 0.057 seconds
[2024-04-04T21:40:31.136+0000] {processor.py:161} INFO - Started process (PID=434) to work on /home/airflow/.local/lib/python3.8/site-packages/airflow/example_dags/example_task_group.py
[2024-04-04T21:40:31.136+0000] {processor.py:830} INFO - Processing file /home/airflow/.local/lib/python3.8/site-packages/airflow/example_dags/example_task_group.py for tasks to queue
[2024-04-04T21:40:31.137+0000] {logging_mixin.py:188} INFO - [2024-04-04T21:40:31.137+0000] {dagbag.py:540} INFO - Filling up the DagBag from /home/airflow/.local/lib/python3.8/site-packages/airflow/example_dags/example_task_group.py
[2024-04-04T21:40:31.143+0000] {processor.py:840} INFO - DAG(s) 'example_task_group' retrieved from /home/airflow/.local/lib/python3.8/site-packages/airflow/example_dags/example_task_group.py
[2024-04-04T21:40:31.158+0000] {logging_mixin.py:188} INFO - [2024-04-04T21:40:31.158+0000] {dag.py:3047} INFO - Sync 1 DAGs
[2024-04-04T21:40:31.175+0000] {logging_mixin.py:188} INFO - [2024-04-04T21:40:31.175+0000] {dag.py:3834} INFO - Setting next_dagrun for example_task_group to 2024-04-03 00:00:00+00:00, run_after=2024-04-04 00:00:00+00:00
[2024-04-04T21:40:31.189+0000] {processor.py:183} INFO - Processing /home/airflow/.local/lib/python3.8/site-packages/airflow/example_dags/example_task_group.py took 0.056 seconds
[2024-04-04T21:41:01.435+0000] {processor.py:161} INFO - Started process (PID=489) to work on /home/airflow/.local/lib/python3.8/site-packages/airflow/example_dags/example_task_group.py
[2024-04-04T21:41:01.436+0000] {processor.py:830} INFO - Processing file /home/airflow/.local/lib/python3.8/site-packages/airflow/example_dags/example_task_group.py for tasks to queue
[2024-04-04T21:41:01.437+0000] {logging_mixin.py:188} INFO - [2024-04-04T21:41:01.437+0000] {dagbag.py:540} INFO - Filling up the DagBag from /home/airflow/.local/lib/python3.8/site-packages/airflow/example_dags/example_task_group.py
[2024-04-04T21:41:01.444+0000] {processor.py:840} INFO - DAG(s) 'example_task_group' retrieved from /home/airflow/.local/lib/python3.8/site-packages/airflow/example_dags/example_task_group.py
[2024-04-04T21:41:01.468+0000] {logging_mixin.py:188} INFO - [2024-04-04T21:41:01.468+0000] {dag.py:3047} INFO - Sync 1 DAGs
[2024-04-04T21:41:01.491+0000] {logging_mixin.py:188} INFO - [2024-04-04T21:41:01.490+0000] {dag.py:3834} INFO - Setting next_dagrun for example_task_group to 2024-04-03 00:00:00+00:00, run_after=2024-04-04 00:00:00+00:00
[2024-04-04T21:41:01.507+0000] {processor.py:183} INFO - Processing /home/airflow/.local/lib/python3.8/site-packages/airflow/example_dags/example_task_group.py took 0.075 seconds
[2024-04-04T21:41:31.729+0000] {processor.py:161} INFO - Started process (PID=544) to work on /home/airflow/.local/lib/python3.8/site-packages/airflow/example_dags/example_task_group.py
[2024-04-04T21:41:31.729+0000] {processor.py:830} INFO - Processing file /home/airflow/.local/lib/python3.8/site-packages/airflow/example_dags/example_task_group.py for tasks to queue
[2024-04-04T21:41:31.731+0000] {logging_mixin.py:188} INFO - [2024-04-04T21:41:31.730+0000] {dagbag.py:540} INFO - Filling up the DagBag from /home/airflow/.local/lib/python3.8/site-packages/airflow/example_dags/example_task_group.py
[2024-04-04T21:41:31.736+0000] {processor.py:840} INFO - DAG(s) 'example_task_group' retrieved from /home/airflow/.local/lib/python3.8/site-packages/airflow/example_dags/example_task_group.py
[2024-04-04T21:41:31.752+0000] {logging_mixin.py:188} INFO - [2024-04-04T21:41:31.752+0000] {dag.py:3047} INFO - Sync 1 DAGs
[2024-04-04T21:41:31.768+0000] {logging_mixin.py:188} INFO - [2024-04-04T21:41:31.768+0000] {dag.py:3834} INFO - Setting next_dagrun for example_task_group to 2024-04-03 00:00:00+00:00, run_after=2024-04-04 00:00:00+00:00
[2024-04-04T21:41:31.782+0000] {processor.py:183} INFO - Processing /home/airflow/.local/lib/python3.8/site-packages/airflow/example_dags/example_task_group.py took 0.056 seconds
[2024-04-04T21:42:02.176+0000] {processor.py:161} INFO - Started process (PID=599) to work on /home/airflow/.local/lib/python3.8/site-packages/airflow/example_dags/example_task_group.py
[2024-04-04T21:42:02.176+0000] {processor.py:830} INFO - Processing file /home/airflow/.local/lib/python3.8/site-packages/airflow/example_dags/example_task_group.py for tasks to queue
[2024-04-04T21:42:02.178+0000] {logging_mixin.py:188} INFO - [2024-04-04T21:42:02.177+0000] {dagbag.py:540} INFO - Filling up the DagBag from /home/airflow/.local/lib/python3.8/site-packages/airflow/example_dags/example_task_group.py
[2024-04-04T21:42:02.183+0000] {processor.py:840} INFO - DAG(s) 'example_task_group' retrieved from /home/airflow/.local/lib/python3.8/site-packages/airflow/example_dags/example_task_group.py
[2024-04-04T21:42:02.199+0000] {logging_mixin.py:188} INFO - [2024-04-04T21:42:02.199+0000] {dag.py:3047} INFO - Sync 1 DAGs
[2024-04-04T21:42:02.217+0000] {logging_mixin.py:188} INFO - [2024-04-04T21:42:02.216+0000] {dag.py:3834} INFO - Setting next_dagrun for example_task_group to 2024-04-03 00:00:00+00:00, run_after=2024-04-04 00:00:00+00:00
[2024-04-04T21:42:02.233+0000] {processor.py:183} INFO - Processing /home/airflow/.local/lib/python3.8/site-packages/airflow/example_dags/example_task_group.py took 0.059 seconds
[2024-04-04T21:42:32.898+0000] {processor.py:161} INFO - Started process (PID=656) to work on /home/airflow/.local/lib/python3.8/site-packages/airflow/example_dags/example_task_group.py
[2024-04-04T21:42:32.899+0000] {processor.py:830} INFO - Processing file /home/airflow/.local/lib/python3.8/site-packages/airflow/example_dags/example_task_group.py for tasks to queue
[2024-04-04T21:42:32.900+0000] {logging_mixin.py:188} INFO - [2024-04-04T21:42:32.900+0000] {dagbag.py:540} INFO - Filling up the DagBag from /home/airflow/.local/lib/python3.8/site-packages/airflow/example_dags/example_task_group.py
[2024-04-04T21:42:32.905+0000] {processor.py:840} INFO - DAG(s) 'example_task_group' retrieved from /home/airflow/.local/lib/python3.8/site-packages/airflow/example_dags/example_task_group.py
[2024-04-04T21:42:32.921+0000] {logging_mixin.py:188} INFO - [2024-04-04T21:42:32.921+0000] {dag.py:3047} INFO - Sync 1 DAGs
[2024-04-04T21:42:32.939+0000] {logging_mixin.py:188} INFO - [2024-04-04T21:42:32.939+0000] {dag.py:3834} INFO - Setting next_dagrun for example_task_group to 2024-04-03 00:00:00+00:00, run_after=2024-04-04 00:00:00+00:00
[2024-04-04T21:42:32.957+0000] {processor.py:183} INFO - Processing /home/airflow/.local/lib/python3.8/site-packages/airflow/example_dags/example_task_group.py took 0.062 seconds
[2024-04-04T21:43:03.468+0000] {processor.py:161} INFO - Started process (PID=711) to work on /home/airflow/.local/lib/python3.8/site-packages/airflow/example_dags/example_task_group.py
[2024-04-04T21:43:03.469+0000] {processor.py:830} INFO - Processing file /home/airflow/.local/lib/python3.8/site-packages/airflow/example_dags/example_task_group.py for tasks to queue
[2024-04-04T21:43:03.470+0000] {logging_mixin.py:188} INFO - [2024-04-04T21:43:03.470+0000] {dagbag.py:540} INFO - Filling up the DagBag from /home/airflow/.local/lib/python3.8/site-packages/airflow/example_dags/example_task_group.py
[2024-04-04T21:43:03.475+0000] {processor.py:840} INFO - DAG(s) 'example_task_group' retrieved from /home/airflow/.local/lib/python3.8/site-packages/airflow/example_dags/example_task_group.py
[2024-04-04T21:43:03.490+0000] {logging_mixin.py:188} INFO - [2024-04-04T21:43:03.490+0000] {dag.py:3047} INFO - Sync 1 DAGs
[2024-04-04T21:43:03.505+0000] {logging_mixin.py:188} INFO - [2024-04-04T21:43:03.505+0000] {dag.py:3834} INFO - Setting next_dagrun for example_task_group to 2024-04-03 00:00:00+00:00, run_after=2024-04-04 00:00:00+00:00
[2024-04-04T21:43:03.519+0000] {processor.py:183} INFO - Processing /home/airflow/.local/lib/python3.8/site-packages/airflow/example_dags/example_task_group.py took 0.053 seconds
[2024-04-04T21:43:33.824+0000] {processor.py:161} INFO - Started process (PID=766) to work on /home/airflow/.local/lib/python3.8/site-packages/airflow/example_dags/example_task_group.py
[2024-04-04T21:43:33.825+0000] {processor.py:830} INFO - Processing file /home/airflow/.local/lib/python3.8/site-packages/airflow/example_dags/example_task_group.py for tasks to queue
[2024-04-04T21:43:33.826+0000] {logging_mixin.py:188} INFO - [2024-04-04T21:43:33.826+0000] {dagbag.py:540} INFO - Filling up the DagBag from /home/airflow/.local/lib/python3.8/site-packages/airflow/example_dags/example_task_group.py
[2024-04-04T21:43:33.831+0000] {processor.py:840} INFO - DAG(s) 'example_task_group' retrieved from /home/airflow/.local/lib/python3.8/site-packages/airflow/example_dags/example_task_group.py
[2024-04-04T21:43:33.847+0000] {logging_mixin.py:188} INFO - [2024-04-04T21:43:33.847+0000] {dag.py:3047} INFO - Sync 1 DAGs
[2024-04-04T21:43:33.863+0000] {logging_mixin.py:188} INFO - [2024-04-04T21:43:33.863+0000] {dag.py:3834} INFO - Setting next_dagrun for example_task_group to 2024-04-03 00:00:00+00:00, run_after=2024-04-04 00:00:00+00:00
[2024-04-04T21:43:33.877+0000] {processor.py:183} INFO - Processing /home/airflow/.local/lib/python3.8/site-packages/airflow/example_dags/example_task_group.py took 0.055 seconds
[2024-04-04T21:44:04.243+0000] {processor.py:161} INFO - Started process (PID=821) to work on /home/airflow/.local/lib/python3.8/site-packages/airflow/example_dags/example_task_group.py
[2024-04-04T21:44:04.244+0000] {processor.py:830} INFO - Processing file /home/airflow/.local/lib/python3.8/site-packages/airflow/example_dags/example_task_group.py for tasks to queue
[2024-04-04T21:44:04.245+0000] {logging_mixin.py:188} INFO - [2024-04-04T21:44:04.245+0000] {dagbag.py:540} INFO - Filling up the DagBag from /home/airflow/.local/lib/python3.8/site-packages/airflow/example_dags/example_task_group.py
[2024-04-04T21:44:04.250+0000] {processor.py:840} INFO - DAG(s) 'example_task_group' retrieved from /home/airflow/.local/lib/python3.8/site-packages/airflow/example_dags/example_task_group.py
[2024-04-04T21:44:04.266+0000] {logging_mixin.py:188} INFO - [2024-04-04T21:44:04.266+0000] {dag.py:3047} INFO - Sync 1 DAGs
[2024-04-04T21:44:04.284+0000] {logging_mixin.py:188} INFO - [2024-04-04T21:44:04.284+0000] {dag.py:3834} INFO - Setting next_dagrun for example_task_group to 2024-04-03 00:00:00+00:00, run_after=2024-04-04 00:00:00+00:00
[2024-04-04T21:44:04.300+0000] {processor.py:183} INFO - Processing /home/airflow/.local/lib/python3.8/site-packages/airflow/example_dags/example_task_group.py took 0.058 seconds
[2024-04-04T21:44:34.723+0000] {processor.py:161} INFO - Started process (PID=876) to work on /home/airflow/.local/lib/python3.8/site-packages/airflow/example_dags/example_task_group.py
[2024-04-04T21:44:34.724+0000] {processor.py:830} INFO - Processing file /home/airflow/.local/lib/python3.8/site-packages/airflow/example_dags/example_task_group.py for tasks to queue
[2024-04-04T21:44:34.725+0000] {logging_mixin.py:188} INFO - [2024-04-04T21:44:34.725+0000] {dagbag.py:540} INFO - Filling up the DagBag from /home/airflow/.local/lib/python3.8/site-packages/airflow/example_dags/example_task_group.py
[2024-04-04T21:44:34.730+0000] {processor.py:840} INFO - DAG(s) 'example_task_group' retrieved from /home/airflow/.local/lib/python3.8/site-packages/airflow/example_dags/example_task_group.py
[2024-04-04T21:44:34.747+0000] {logging_mixin.py:188} INFO - [2024-04-04T21:44:34.747+0000] {dag.py:3047} INFO - Sync 1 DAGs
[2024-04-04T21:44:34.765+0000] {logging_mixin.py:188} INFO - [2024-04-04T21:44:34.764+0000] {dag.py:3834} INFO - Setting next_dagrun for example_task_group to 2024-04-03 00:00:00+00:00, run_after=2024-04-04 00:00:00+00:00
[2024-04-04T21:44:34.781+0000] {processor.py:183} INFO - Processing /home/airflow/.local/lib/python3.8/site-packages/airflow/example_dags/example_task_group.py took 0.060 seconds
[2024-04-04T21:45:04.994+0000] {processor.py:161} INFO - Started process (PID=930) to work on /home/airflow/.local/lib/python3.8/site-packages/airflow/example_dags/example_task_group.py
[2024-04-04T21:45:04.994+0000] {processor.py:830} INFO - Processing file /home/airflow/.local/lib/python3.8/site-packages/airflow/example_dags/example_task_group.py for tasks to queue
[2024-04-04T21:45:04.996+0000] {logging_mixin.py:188} INFO - [2024-04-04T21:45:04.995+0000] {dagbag.py:540} INFO - Filling up the DagBag from /home/airflow/.local/lib/python3.8/site-packages/airflow/example_dags/example_task_group.py
[2024-04-04T21:45:05.001+0000] {processor.py:840} INFO - DAG(s) 'example_task_group' retrieved from /home/airflow/.local/lib/python3.8/site-packages/airflow/example_dags/example_task_group.py
[2024-04-04T21:45:05.018+0000] {logging_mixin.py:188} INFO - [2024-04-04T21:45:05.018+0000] {dag.py:3047} INFO - Sync 1 DAGs
[2024-04-04T21:45:05.035+0000] {logging_mixin.py:188} INFO - [2024-04-04T21:45:05.035+0000] {dag.py:3834} INFO - Setting next_dagrun for example_task_group to 2024-04-03 00:00:00+00:00, run_after=2024-04-04 00:00:00+00:00
[2024-04-04T21:45:05.049+0000] {processor.py:183} INFO - Processing /home/airflow/.local/lib/python3.8/site-packages/airflow/example_dags/example_task_group.py took 0.058 seconds
[2024-04-04T21:45:35.115+0000] {processor.py:161} INFO - Started process (PID=985) to work on /home/airflow/.local/lib/python3.8/site-packages/airflow/example_dags/example_task_group.py
[2024-04-04T21:45:35.116+0000] {processor.py:830} INFO - Processing file /home/airflow/.local/lib/python3.8/site-packages/airflow/example_dags/example_task_group.py for tasks to queue
[2024-04-04T21:45:35.117+0000] {logging_mixin.py:188} INFO - [2024-04-04T21:45:35.117+0000] {dagbag.py:540} INFO - Filling up the DagBag from /home/airflow/.local/lib/python3.8/site-packages/airflow/example_dags/example_task_group.py
[2024-04-04T21:45:35.122+0000] {processor.py:840} INFO - DAG(s) 'example_task_group' retrieved from /home/airflow/.local/lib/python3.8/site-packages/airflow/example_dags/example_task_group.py
[2024-04-04T21:45:35.138+0000] {logging_mixin.py:188} INFO - [2024-04-04T21:45:35.137+0000] {dag.py:3047} INFO - Sync 1 DAGs
[2024-04-04T21:45:35.153+0000] {logging_mixin.py:188} INFO - [2024-04-04T21:45:35.153+0000] {dag.py:3834} INFO - Setting next_dagrun for example_task_group to 2024-04-03 00:00:00+00:00, run_after=2024-04-04 00:00:00+00:00
[2024-04-04T21:45:35.167+0000] {processor.py:183} INFO - Processing /home/airflow/.local/lib/python3.8/site-packages/airflow/example_dags/example_task_group.py took 0.054 seconds
[2024-04-04T21:46:05.383+0000] {processor.py:161} INFO - Started process (PID=1040) to work on /home/airflow/.local/lib/python3.8/site-packages/airflow/example_dags/example_task_group.py
[2024-04-04T21:46:05.384+0000] {processor.py:830} INFO - Processing file /home/airflow/.local/lib/python3.8/site-packages/airflow/example_dags/example_task_group.py for tasks to queue
[2024-04-04T21:46:05.385+0000] {logging_mixin.py:188} INFO - [2024-04-04T21:46:05.385+0000] {dagbag.py:540} INFO - Filling up the DagBag from /home/airflow/.local/lib/python3.8/site-packages/airflow/example_dags/example_task_group.py
[2024-04-04T21:46:05.390+0000] {processor.py:840} INFO - DAG(s) 'example_task_group' retrieved from /home/airflow/.local/lib/python3.8/site-packages/airflow/example_dags/example_task_group.py
[2024-04-04T21:46:05.410+0000] {logging_mixin.py:188} INFO - [2024-04-04T21:46:05.409+0000] {dag.py:3047} INFO - Sync 1 DAGs
[2024-04-04T21:46:05.431+0000] {logging_mixin.py:188} INFO - [2024-04-04T21:46:05.431+0000] {dag.py:3834} INFO - Setting next_dagrun for example_task_group to 2024-04-03 00:00:00+00:00, run_after=2024-04-04 00:00:00+00:00
[2024-04-04T21:46:05.450+0000] {processor.py:183} INFO - Processing /home/airflow/.local/lib/python3.8/site-packages/airflow/example_dags/example_task_group.py took 0.069 seconds
[2024-04-04T21:46:35.730+0000] {processor.py:161} INFO - Started process (PID=1095) to work on /home/airflow/.local/lib/python3.8/site-packages/airflow/example_dags/example_task_group.py
[2024-04-04T21:46:35.731+0000] {processor.py:830} INFO - Processing file /home/airflow/.local/lib/python3.8/site-packages/airflow/example_dags/example_task_group.py for tasks to queue
[2024-04-04T21:46:35.732+0000] {logging_mixin.py:188} INFO - [2024-04-04T21:46:35.732+0000] {dagbag.py:540} INFO - Filling up the DagBag from /home/airflow/.local/lib/python3.8/site-packages/airflow/example_dags/example_task_group.py
[2024-04-04T21:46:35.738+0000] {processor.py:840} INFO - DAG(s) 'example_task_group' retrieved from /home/airflow/.local/lib/python3.8/site-packages/airflow/example_dags/example_task_group.py
[2024-04-04T21:46:35.755+0000] {logging_mixin.py:188} INFO - [2024-04-04T21:46:35.754+0000] {dag.py:3047} INFO - Sync 1 DAGs
[2024-04-04T21:46:35.771+0000] {logging_mixin.py:188} INFO - [2024-04-04T21:46:35.770+0000] {dag.py:3834} INFO - Setting next_dagrun for example_task_group to 2024-04-03 00:00:00+00:00, run_after=2024-04-04 00:00:00+00:00
[2024-04-04T21:46:35.785+0000] {processor.py:183} INFO - Processing /home/airflow/.local/lib/python3.8/site-packages/airflow/example_dags/example_task_group.py took 0.057 seconds
[2024-04-04T21:47:05.997+0000] {processor.py:161} INFO - Started process (PID=1150) to work on /home/airflow/.local/lib/python3.8/site-packages/airflow/example_dags/example_task_group.py
[2024-04-04T21:47:05.998+0000] {processor.py:830} INFO - Processing file /home/airflow/.local/lib/python3.8/site-packages/airflow/example_dags/example_task_group.py for tasks to queue
[2024-04-04T21:47:06.000+0000] {logging_mixin.py:188} INFO - [2024-04-04T21:47:05.999+0000] {dagbag.py:540} INFO - Filling up the DagBag from /home/airflow/.local/lib/python3.8/site-packages/airflow/example_dags/example_task_group.py
[2024-04-04T21:47:06.005+0000] {processor.py:840} INFO - DAG(s) 'example_task_group' retrieved from /home/airflow/.local/lib/python3.8/site-packages/airflow/example_dags/example_task_group.py
[2024-04-04T21:47:06.022+0000] {logging_mixin.py:188} INFO - [2024-04-04T21:47:06.021+0000] {dag.py:3047} INFO - Sync 1 DAGs
[2024-04-04T21:47:06.038+0000] {logging_mixin.py:188} INFO - [2024-04-04T21:47:06.038+0000] {dag.py:3834} INFO - Setting next_dagrun for example_task_group to 2024-04-03 00:00:00+00:00, run_after=2024-04-04 00:00:00+00:00
[2024-04-04T21:47:06.055+0000] {processor.py:183} INFO - Processing /home/airflow/.local/lib/python3.8/site-packages/airflow/example_dags/example_task_group.py took 0.060 seconds
[2024-04-04T21:47:36.261+0000] {processor.py:161} INFO - Started process (PID=1205) to work on /home/airflow/.local/lib/python3.8/site-packages/airflow/example_dags/example_task_group.py
[2024-04-04T21:47:36.262+0000] {processor.py:830} INFO - Processing file /home/airflow/.local/lib/python3.8/site-packages/airflow/example_dags/example_task_group.py for tasks to queue
[2024-04-04T21:47:36.263+0000] {logging_mixin.py:188} INFO - [2024-04-04T21:47:36.263+0000] {dagbag.py:540} INFO - Filling up the DagBag from /home/airflow/.local/lib/python3.8/site-packages/airflow/example_dags/example_task_group.py
[2024-04-04T21:47:36.268+0000] {processor.py:840} INFO - DAG(s) 'example_task_group' retrieved from /home/airflow/.local/lib/python3.8/site-packages/airflow/example_dags/example_task_group.py
[2024-04-04T21:47:36.285+0000] {logging_mixin.py:188} INFO - [2024-04-04T21:47:36.285+0000] {dag.py:3047} INFO - Sync 1 DAGs
[2024-04-04T21:47:36.303+0000] {logging_mixin.py:188} INFO - [2024-04-04T21:47:36.303+0000] {dag.py:3834} INFO - Setting next_dagrun for example_task_group to 2024-04-03 00:00:00+00:00, run_after=2024-04-04 00:00:00+00:00
[2024-04-04T21:47:36.320+0000] {processor.py:183} INFO - Processing /home/airflow/.local/lib/python3.8/site-packages/airflow/example_dags/example_task_group.py took 0.062 seconds
[2024-04-04T21:48:06.688+0000] {processor.py:161} INFO - Started process (PID=1260) to work on /home/airflow/.local/lib/python3.8/site-packages/airflow/example_dags/example_task_group.py
[2024-04-04T21:48:06.694+0000] {processor.py:830} INFO - Processing file /home/airflow/.local/lib/python3.8/site-packages/airflow/example_dags/example_task_group.py for tasks to queue
[2024-04-04T21:48:06.696+0000] {logging_mixin.py:188} INFO - [2024-04-04T21:48:06.696+0000] {dagbag.py:540} INFO - Filling up the DagBag from /home/airflow/.local/lib/python3.8/site-packages/airflow/example_dags/example_task_group.py
[2024-04-04T21:48:06.702+0000] {processor.py:840} INFO - DAG(s) 'example_task_group' retrieved from /home/airflow/.local/lib/python3.8/site-packages/airflow/example_dags/example_task_group.py
[2024-04-04T21:48:06.720+0000] {logging_mixin.py:188} INFO - [2024-04-04T21:48:06.720+0000] {dag.py:3047} INFO - Sync 1 DAGs
[2024-04-04T21:48:06.739+0000] {logging_mixin.py:188} INFO - [2024-04-04T21:48:06.739+0000] {dag.py:3834} INFO - Setting next_dagrun for example_task_group to 2024-04-03 00:00:00+00:00, run_after=2024-04-04 00:00:00+00:00
[2024-04-04T21:48:06.759+0000] {processor.py:183} INFO - Processing /home/airflow/.local/lib/python3.8/site-packages/airflow/example_dags/example_task_group.py took 0.073 seconds
[2024-04-04T21:48:36.789+0000] {processor.py:161} INFO - Started process (PID=1315) to work on /home/airflow/.local/lib/python3.8/site-packages/airflow/example_dags/example_task_group.py
[2024-04-04T21:48:36.790+0000] {processor.py:830} INFO - Processing file /home/airflow/.local/lib/python3.8/site-packages/airflow/example_dags/example_task_group.py for tasks to queue
[2024-04-04T21:48:36.791+0000] {logging_mixin.py:188} INFO - [2024-04-04T21:48:36.791+0000] {dagbag.py:540} INFO - Filling up the DagBag from /home/airflow/.local/lib/python3.8/site-packages/airflow/example_dags/example_task_group.py
[2024-04-04T21:48:36.796+0000] {processor.py:840} INFO - DAG(s) 'example_task_group' retrieved from /home/airflow/.local/lib/python3.8/site-packages/airflow/example_dags/example_task_group.py
[2024-04-04T21:48:36.812+0000] {logging_mixin.py:188} INFO - [2024-04-04T21:48:36.812+0000] {dag.py:3047} INFO - Sync 1 DAGs
[2024-04-04T21:48:36.828+0000] {logging_mixin.py:188} INFO - [2024-04-04T21:48:36.828+0000] {dag.py:3834} INFO - Setting next_dagrun for example_task_group to 2024-04-03 00:00:00+00:00, run_after=2024-04-04 00:00:00+00:00
[2024-04-04T21:48:36.846+0000] {processor.py:183} INFO - Processing /home/airflow/.local/lib/python3.8/site-packages/airflow/example_dags/example_task_group.py took 0.059 seconds
[2024-04-04T21:49:07.197+0000] {processor.py:161} INFO - Started process (PID=1370) to work on /home/airflow/.local/lib/python3.8/site-packages/airflow/example_dags/example_task_group.py
[2024-04-04T21:49:07.198+0000] {processor.py:830} INFO - Processing file /home/airflow/.local/lib/python3.8/site-packages/airflow/example_dags/example_task_group.py for tasks to queue
[2024-04-04T21:49:07.199+0000] {logging_mixin.py:188} INFO - [2024-04-04T21:49:07.199+0000] {dagbag.py:540} INFO - Filling up the DagBag from /home/airflow/.local/lib/python3.8/site-packages/airflow/example_dags/example_task_group.py
[2024-04-04T21:49:07.206+0000] {processor.py:840} INFO - DAG(s) 'example_task_group' retrieved from /home/airflow/.local/lib/python3.8/site-packages/airflow/example_dags/example_task_group.py
[2024-04-04T21:49:07.226+0000] {logging_mixin.py:188} INFO - [2024-04-04T21:49:07.226+0000] {dag.py:3047} INFO - Sync 1 DAGs
[2024-04-04T21:49:07.247+0000] {logging_mixin.py:188} INFO - [2024-04-04T21:49:07.247+0000] {dag.py:3834} INFO - Setting next_dagrun for example_task_group to 2024-04-03 00:00:00+00:00, run_after=2024-04-04 00:00:00+00:00
[2024-04-04T21:49:07.266+0000] {processor.py:183} INFO - Processing /home/airflow/.local/lib/python3.8/site-packages/airflow/example_dags/example_task_group.py took 0.071 seconds
[2024-04-04T21:49:37.792+0000] {processor.py:161} INFO - Started process (PID=1426) to work on /home/airflow/.local/lib/python3.8/site-packages/airflow/example_dags/example_task_group.py
[2024-04-04T21:49:37.793+0000] {processor.py:830} INFO - Processing file /home/airflow/.local/lib/python3.8/site-packages/airflow/example_dags/example_task_group.py for tasks to queue
[2024-04-04T21:49:37.795+0000] {logging_mixin.py:188} INFO - [2024-04-04T21:49:37.794+0000] {dagbag.py:540} INFO - Filling up the DagBag from /home/airflow/.local/lib/python3.8/site-packages/airflow/example_dags/example_task_group.py
[2024-04-04T21:49:37.800+0000] {processor.py:840} INFO - DAG(s) 'example_task_group' retrieved from /home/airflow/.local/lib/python3.8/site-packages/airflow/example_dags/example_task_group.py
[2024-04-04T21:49:37.817+0000] {logging_mixin.py:188} INFO - [2024-04-04T21:49:37.817+0000] {dag.py:3047} INFO - Sync 1 DAGs
[2024-04-04T21:49:37.834+0000] {logging_mixin.py:188} INFO - [2024-04-04T21:49:37.834+0000] {dag.py:3834} INFO - Setting next_dagrun for example_task_group to 2024-04-03 00:00:00+00:00, run_after=2024-04-04 00:00:00+00:00
[2024-04-04T21:49:37.852+0000] {processor.py:183} INFO - Processing /home/airflow/.local/lib/python3.8/site-packages/airflow/example_dags/example_task_group.py took 0.063 seconds
[2024-04-04T21:50:08.343+0000] {processor.py:161} INFO - Started process (PID=1481) to work on /home/airflow/.local/lib/python3.8/site-packages/airflow/example_dags/example_task_group.py
[2024-04-04T21:50:08.344+0000] {processor.py:830} INFO - Processing file /home/airflow/.local/lib/python3.8/site-packages/airflow/example_dags/example_task_group.py for tasks to queue
[2024-04-04T21:50:08.345+0000] {logging_mixin.py:188} INFO - [2024-04-04T21:50:08.345+0000] {dagbag.py:540} INFO - Filling up the DagBag from /home/airflow/.local/lib/python3.8/site-packages/airflow/example_dags/example_task_group.py
[2024-04-04T21:50:08.350+0000] {processor.py:840} INFO - DAG(s) 'example_task_group' retrieved from /home/airflow/.local/lib/python3.8/site-packages/airflow/example_dags/example_task_group.py
[2024-04-04T21:50:08.367+0000] {logging_mixin.py:188} INFO - [2024-04-04T21:50:08.367+0000] {dag.py:3047} INFO - Sync 1 DAGs
[2024-04-04T21:50:08.385+0000] {logging_mixin.py:188} INFO - [2024-04-04T21:50:08.385+0000] {dag.py:3834} INFO - Setting next_dagrun for example_task_group to 2024-04-03 00:00:00+00:00, run_after=2024-04-04 00:00:00+00:00
[2024-04-04T21:50:08.403+0000] {processor.py:183} INFO - Processing /home/airflow/.local/lib/python3.8/site-packages/airflow/example_dags/example_task_group.py took 0.063 seconds
[2024-04-04T21:50:38.593+0000] {processor.py:161} INFO - Started process (PID=1535) to work on /home/airflow/.local/lib/python3.8/site-packages/airflow/example_dags/example_task_group.py
[2024-04-04T21:50:38.594+0000] {processor.py:830} INFO - Processing file /home/airflow/.local/lib/python3.8/site-packages/airflow/example_dags/example_task_group.py for tasks to queue
[2024-04-04T21:50:38.597+0000] {logging_mixin.py:188} INFO - [2024-04-04T21:50:38.596+0000] {dagbag.py:540} INFO - Filling up the DagBag from /home/airflow/.local/lib/python3.8/site-packages/airflow/example_dags/example_task_group.py
[2024-04-04T21:50:38.603+0000] {processor.py:840} INFO - DAG(s) 'example_task_group' retrieved from /home/airflow/.local/lib/python3.8/site-packages/airflow/example_dags/example_task_group.py
[2024-04-04T21:50:38.622+0000] {logging_mixin.py:188} INFO - [2024-04-04T21:50:38.622+0000] {dag.py:3047} INFO - Sync 1 DAGs
[2024-04-04T21:50:38.645+0000] {logging_mixin.py:188} INFO - [2024-04-04T21:50:38.644+0000] {dag.py:3834} INFO - Setting next_dagrun for example_task_group to 2024-04-03 00:00:00+00:00, run_after=2024-04-04 00:00:00+00:00
[2024-04-04T21:50:38.663+0000] {processor.py:183} INFO - Processing /home/airflow/.local/lib/python3.8/site-packages/airflow/example_dags/example_task_group.py took 0.073 seconds
[2024-04-04T21:51:09.124+0000] {processor.py:161} INFO - Started process (PID=1591) to work on /home/airflow/.local/lib/python3.8/site-packages/airflow/example_dags/example_task_group.py
[2024-04-04T21:51:09.125+0000] {processor.py:830} INFO - Processing file /home/airflow/.local/lib/python3.8/site-packages/airflow/example_dags/example_task_group.py for tasks to queue
[2024-04-04T21:51:09.128+0000] {logging_mixin.py:188} INFO - [2024-04-04T21:51:09.127+0000] {dagbag.py:540} INFO - Filling up the DagBag from /home/airflow/.local/lib/python3.8/site-packages/airflow/example_dags/example_task_group.py
[2024-04-04T21:51:09.136+0000] {processor.py:840} INFO - DAG(s) 'example_task_group' retrieved from /home/airflow/.local/lib/python3.8/site-packages/airflow/example_dags/example_task_group.py
[2024-04-04T21:51:09.156+0000] {logging_mixin.py:188} INFO - [2024-04-04T21:51:09.156+0000] {dag.py:3047} INFO - Sync 1 DAGs
[2024-04-04T21:51:09.176+0000] {logging_mixin.py:188} INFO - [2024-04-04T21:51:09.176+0000] {dag.py:3834} INFO - Setting next_dagrun for example_task_group to 2024-04-03 00:00:00+00:00, run_after=2024-04-04 00:00:00+00:00
[2024-04-04T21:51:09.197+0000] {processor.py:183} INFO - Processing /home/airflow/.local/lib/python3.8/site-packages/airflow/example_dags/example_task_group.py took 0.076 seconds
[2024-04-04T21:51:39.501+0000] {processor.py:161} INFO - Started process (PID=1646) to work on /home/airflow/.local/lib/python3.8/site-packages/airflow/example_dags/example_task_group.py
[2024-04-04T21:51:39.502+0000] {processor.py:830} INFO - Processing file /home/airflow/.local/lib/python3.8/site-packages/airflow/example_dags/example_task_group.py for tasks to queue
[2024-04-04T21:51:39.503+0000] {logging_mixin.py:188} INFO - [2024-04-04T21:51:39.503+0000] {dagbag.py:540} INFO - Filling up the DagBag from /home/airflow/.local/lib/python3.8/site-packages/airflow/example_dags/example_task_group.py
[2024-04-04T21:51:39.508+0000] {processor.py:840} INFO - DAG(s) 'example_task_group' retrieved from /home/airflow/.local/lib/python3.8/site-packages/airflow/example_dags/example_task_group.py
[2024-04-04T21:51:39.524+0000] {logging_mixin.py:188} INFO - [2024-04-04T21:51:39.524+0000] {dag.py:3047} INFO - Sync 1 DAGs
[2024-04-04T21:51:39.540+0000] {logging_mixin.py:188} INFO - [2024-04-04T21:51:39.540+0000] {dag.py:3834} INFO - Setting next_dagrun for example_task_group to 2024-04-03 00:00:00+00:00, run_after=2024-04-04 00:00:00+00:00
[2024-04-04T21:51:39.555+0000] {processor.py:183} INFO - Processing /home/airflow/.local/lib/python3.8/site-packages/airflow/example_dags/example_task_group.py took 0.056 seconds
[2024-04-04T21:52:09.763+0000] {processor.py:161} INFO - Started process (PID=1701) to work on /home/airflow/.local/lib/python3.8/site-packages/airflow/example_dags/example_task_group.py
[2024-04-04T21:52:09.764+0000] {processor.py:830} INFO - Processing file /home/airflow/.local/lib/python3.8/site-packages/airflow/example_dags/example_task_group.py for tasks to queue
[2024-04-04T21:52:09.765+0000] {logging_mixin.py:188} INFO - [2024-04-04T21:52:09.765+0000] {dagbag.py:540} INFO - Filling up the DagBag from /home/airflow/.local/lib/python3.8/site-packages/airflow/example_dags/example_task_group.py
[2024-04-04T21:52:09.770+0000] {processor.py:840} INFO - DAG(s) 'example_task_group' retrieved from /home/airflow/.local/lib/python3.8/site-packages/airflow/example_dags/example_task_group.py
[2024-04-04T21:52:09.790+0000] {logging_mixin.py:188} INFO - [2024-04-04T21:52:09.790+0000] {dag.py:3047} INFO - Sync 1 DAGs
[2024-04-04T21:52:09.810+0000] {logging_mixin.py:188} INFO - [2024-04-04T21:52:09.810+0000] {dag.py:3834} INFO - Setting next_dagrun for example_task_group to 2024-04-03 00:00:00+00:00, run_after=2024-04-04 00:00:00+00:00
[2024-04-04T21:52:09.829+0000] {processor.py:183} INFO - Processing /home/airflow/.local/lib/python3.8/site-packages/airflow/example_dags/example_task_group.py took 0.067 seconds
[2024-04-04T21:52:40.063+0000] {processor.py:161} INFO - Started process (PID=1756) to work on /home/airflow/.local/lib/python3.8/site-packages/airflow/example_dags/example_task_group.py
[2024-04-04T21:52:40.064+0000] {processor.py:830} INFO - Processing file /home/airflow/.local/lib/python3.8/site-packages/airflow/example_dags/example_task_group.py for tasks to queue
[2024-04-04T21:52:40.065+0000] {logging_mixin.py:188} INFO - [2024-04-04T21:52:40.065+0000] {dagbag.py:540} INFO - Filling up the DagBag from /home/airflow/.local/lib/python3.8/site-packages/airflow/example_dags/example_task_group.py
[2024-04-04T21:52:40.070+0000] {processor.py:840} INFO - DAG(s) 'example_task_group' retrieved from /home/airflow/.local/lib/python3.8/site-packages/airflow/example_dags/example_task_group.py
[2024-04-04T21:52:40.086+0000] {logging_mixin.py:188} INFO - [2024-04-04T21:52:40.086+0000] {dag.py:3047} INFO - Sync 1 DAGs
[2024-04-04T21:52:40.101+0000] {logging_mixin.py:188} INFO - [2024-04-04T21:52:40.101+0000] {dag.py:3834} INFO - Setting next_dagrun for example_task_group to 2024-04-03 00:00:00+00:00, run_after=2024-04-04 00:00:00+00:00
[2024-04-04T21:52:40.115+0000] {processor.py:183} INFO - Processing /home/airflow/.local/lib/python3.8/site-packages/airflow/example_dags/example_task_group.py took 0.054 seconds
[2024-04-04T21:53:10.330+0000] {processor.py:161} INFO - Started process (PID=1810) to work on /home/airflow/.local/lib/python3.8/site-packages/airflow/example_dags/example_task_group.py
[2024-04-04T21:53:10.331+0000] {processor.py:830} INFO - Processing file /home/airflow/.local/lib/python3.8/site-packages/airflow/example_dags/example_task_group.py for tasks to queue
[2024-04-04T21:53:10.333+0000] {logging_mixin.py:188} INFO - [2024-04-04T21:53:10.333+0000] {dagbag.py:540} INFO - Filling up the DagBag from /home/airflow/.local/lib/python3.8/site-packages/airflow/example_dags/example_task_group.py
[2024-04-04T21:53:10.338+0000] {processor.py:840} INFO - DAG(s) 'example_task_group' retrieved from /home/airflow/.local/lib/python3.8/site-packages/airflow/example_dags/example_task_group.py
[2024-04-04T21:53:10.354+0000] {logging_mixin.py:188} INFO - [2024-04-04T21:53:10.354+0000] {dag.py:3047} INFO - Sync 1 DAGs
[2024-04-04T21:53:10.370+0000] {logging_mixin.py:188} INFO - [2024-04-04T21:53:10.369+0000] {dag.py:3834} INFO - Setting next_dagrun for example_task_group to 2024-04-03 00:00:00+00:00, run_after=2024-04-04 00:00:00+00:00
[2024-04-04T21:53:10.384+0000] {processor.py:183} INFO - Processing /home/airflow/.local/lib/python3.8/site-packages/airflow/example_dags/example_task_group.py took 0.056 seconds
[2024-04-04T21:53:40.694+0000] {processor.py:161} INFO - Started process (PID=1866) to work on /home/airflow/.local/lib/python3.8/site-packages/airflow/example_dags/example_task_group.py
[2024-04-04T21:53:40.694+0000] {processor.py:830} INFO - Processing file /home/airflow/.local/lib/python3.8/site-packages/airflow/example_dags/example_task_group.py for tasks to queue
[2024-04-04T21:53:40.696+0000] {logging_mixin.py:188} INFO - [2024-04-04T21:53:40.695+0000] {dagbag.py:540} INFO - Filling up the DagBag from /home/airflow/.local/lib/python3.8/site-packages/airflow/example_dags/example_task_group.py
[2024-04-04T21:53:40.701+0000] {processor.py:840} INFO - DAG(s) 'example_task_group' retrieved from /home/airflow/.local/lib/python3.8/site-packages/airflow/example_dags/example_task_group.py
[2024-04-04T21:53:40.716+0000] {logging_mixin.py:188} INFO - [2024-04-04T21:53:40.716+0000] {dag.py:3047} INFO - Sync 1 DAGs
[2024-04-04T21:53:40.735+0000] {logging_mixin.py:188} INFO - [2024-04-04T21:53:40.734+0000] {dag.py:3834} INFO - Setting next_dagrun for example_task_group to 2024-04-03 00:00:00+00:00, run_after=2024-04-04 00:00:00+00:00
[2024-04-04T21:53:40.750+0000] {processor.py:183} INFO - Processing /home/airflow/.local/lib/python3.8/site-packages/airflow/example_dags/example_task_group.py took 0.058 seconds
[2024-04-04T21:54:10.772+0000] {processor.py:161} INFO - Started process (PID=1920) to work on /home/airflow/.local/lib/python3.8/site-packages/airflow/example_dags/example_task_group.py
[2024-04-04T21:54:10.772+0000] {processor.py:830} INFO - Processing file /home/airflow/.local/lib/python3.8/site-packages/airflow/example_dags/example_task_group.py for tasks to queue
[2024-04-04T21:54:10.774+0000] {logging_mixin.py:188} INFO - [2024-04-04T21:54:10.773+0000] {dagbag.py:540} INFO - Filling up the DagBag from /home/airflow/.local/lib/python3.8/site-packages/airflow/example_dags/example_task_group.py
[2024-04-04T21:54:10.779+0000] {processor.py:840} INFO - DAG(s) 'example_task_group' retrieved from /home/airflow/.local/lib/python3.8/site-packages/airflow/example_dags/example_task_group.py
[2024-04-04T21:54:10.793+0000] {logging_mixin.py:188} INFO - [2024-04-04T21:54:10.793+0000] {dag.py:3047} INFO - Sync 1 DAGs
[2024-04-04T21:54:10.808+0000] {logging_mixin.py:188} INFO - [2024-04-04T21:54:10.808+0000] {dag.py:3834} INFO - Setting next_dagrun for example_task_group to 2024-04-03 00:00:00+00:00, run_after=2024-04-04 00:00:00+00:00
[2024-04-04T21:54:10.821+0000] {processor.py:183} INFO - Processing /home/airflow/.local/lib/python3.8/site-packages/airflow/example_dags/example_task_group.py took 0.052 seconds
[2024-04-04T21:54:40.912+0000] {processor.py:161} INFO - Started process (PID=1975) to work on /home/airflow/.local/lib/python3.8/site-packages/airflow/example_dags/example_task_group.py
[2024-04-04T21:54:40.913+0000] {processor.py:830} INFO - Processing file /home/airflow/.local/lib/python3.8/site-packages/airflow/example_dags/example_task_group.py for tasks to queue
[2024-04-04T21:54:40.914+0000] {logging_mixin.py:188} INFO - [2024-04-04T21:54:40.914+0000] {dagbag.py:540} INFO - Filling up the DagBag from /home/airflow/.local/lib/python3.8/site-packages/airflow/example_dags/example_task_group.py
[2024-04-04T21:54:40.919+0000] {processor.py:840} INFO - DAG(s) 'example_task_group' retrieved from /home/airflow/.local/lib/python3.8/site-packages/airflow/example_dags/example_task_group.py
[2024-04-04T21:54:40.934+0000] {logging_mixin.py:188} INFO - [2024-04-04T21:54:40.934+0000] {dag.py:3047} INFO - Sync 1 DAGs
[2024-04-04T21:54:40.949+0000] {logging_mixin.py:188} INFO - [2024-04-04T21:54:40.949+0000] {dag.py:3834} INFO - Setting next_dagrun for example_task_group to 2024-04-03 00:00:00+00:00, run_after=2024-04-04 00:00:00+00:00
[2024-04-04T21:54:40.962+0000] {processor.py:183} INFO - Processing /home/airflow/.local/lib/python3.8/site-packages/airflow/example_dags/example_task_group.py took 0.052 seconds
[2024-04-04T21:55:11.340+0000] {processor.py:161} INFO - Started process (PID=2030) to work on /home/airflow/.local/lib/python3.8/site-packages/airflow/example_dags/example_task_group.py
[2024-04-04T21:55:11.341+0000] {processor.py:830} INFO - Processing file /home/airflow/.local/lib/python3.8/site-packages/airflow/example_dags/example_task_group.py for tasks to queue
[2024-04-04T21:55:11.343+0000] {logging_mixin.py:188} INFO - [2024-04-04T21:55:11.342+0000] {dagbag.py:540} INFO - Filling up the DagBag from /home/airflow/.local/lib/python3.8/site-packages/airflow/example_dags/example_task_group.py
[2024-04-04T21:55:11.350+0000] {processor.py:840} INFO - DAG(s) 'example_task_group' retrieved from /home/airflow/.local/lib/python3.8/site-packages/airflow/example_dags/example_task_group.py
[2024-04-04T21:55:11.370+0000] {logging_mixin.py:188} INFO - [2024-04-04T21:55:11.370+0000] {dag.py:3047} INFO - Sync 1 DAGs
[2024-04-04T21:55:11.387+0000] {logging_mixin.py:188} INFO - [2024-04-04T21:55:11.387+0000] {dag.py:3834} INFO - Setting next_dagrun for example_task_group to 2024-04-03 00:00:00+00:00, run_after=2024-04-04 00:00:00+00:00
[2024-04-04T21:55:11.404+0000] {processor.py:183} INFO - Processing /home/airflow/.local/lib/python3.8/site-packages/airflow/example_dags/example_task_group.py took 0.066 seconds
[2024-04-04T21:55:41.504+0000] {processor.py:161} INFO - Started process (PID=2085) to work on /home/airflow/.local/lib/python3.8/site-packages/airflow/example_dags/example_task_group.py
[2024-04-04T21:55:41.505+0000] {processor.py:830} INFO - Processing file /home/airflow/.local/lib/python3.8/site-packages/airflow/example_dags/example_task_group.py for tasks to queue
[2024-04-04T21:55:41.507+0000] {logging_mixin.py:188} INFO - [2024-04-04T21:55:41.507+0000] {dagbag.py:540} INFO - Filling up the DagBag from /home/airflow/.local/lib/python3.8/site-packages/airflow/example_dags/example_task_group.py
[2024-04-04T21:55:41.512+0000] {processor.py:840} INFO - DAG(s) 'example_task_group' retrieved from /home/airflow/.local/lib/python3.8/site-packages/airflow/example_dags/example_task_group.py
[2024-04-04T21:55:41.528+0000] {logging_mixin.py:188} INFO - [2024-04-04T21:55:41.528+0000] {dag.py:3047} INFO - Sync 1 DAGs
[2024-04-04T21:55:41.545+0000] {logging_mixin.py:188} INFO - [2024-04-04T21:55:41.544+0000] {dag.py:3834} INFO - Setting next_dagrun for example_task_group to 2024-04-03 00:00:00+00:00, run_after=2024-04-04 00:00:00+00:00
[2024-04-04T21:55:41.559+0000] {processor.py:183} INFO - Processing /home/airflow/.local/lib/python3.8/site-packages/airflow/example_dags/example_task_group.py took 0.056 seconds
[2024-04-04T21:56:11.714+0000] {processor.py:161} INFO - Started process (PID=2140) to work on /home/airflow/.local/lib/python3.8/site-packages/airflow/example_dags/example_task_group.py
[2024-04-04T21:56:11.715+0000] {processor.py:830} INFO - Processing file /home/airflow/.local/lib/python3.8/site-packages/airflow/example_dags/example_task_group.py for tasks to queue
[2024-04-04T21:56:11.716+0000] {logging_mixin.py:188} INFO - [2024-04-04T21:56:11.716+0000] {dagbag.py:540} INFO - Filling up the DagBag from /home/airflow/.local/lib/python3.8/site-packages/airflow/example_dags/example_task_group.py
[2024-04-04T21:56:11.722+0000] {processor.py:840} INFO - DAG(s) 'example_task_group' retrieved from /home/airflow/.local/lib/python3.8/site-packages/airflow/example_dags/example_task_group.py
[2024-04-04T21:56:11.743+0000] {logging_mixin.py:188} INFO - [2024-04-04T21:56:11.742+0000] {dag.py:3047} INFO - Sync 1 DAGs
[2024-04-04T21:56:11.762+0000] {logging_mixin.py:188} INFO - [2024-04-04T21:56:11.762+0000] {dag.py:3834} INFO - Setting next_dagrun for example_task_group to 2024-04-03 00:00:00+00:00, run_after=2024-04-04 00:00:00+00:00
[2024-04-04T21:56:11.778+0000] {processor.py:183} INFO - Processing /home/airflow/.local/lib/python3.8/site-packages/airflow/example_dags/example_task_group.py took 0.066 seconds
[2024-04-04T21:56:41.991+0000] {processor.py:161} INFO - Started process (PID=2195) to work on /home/airflow/.local/lib/python3.8/site-packages/airflow/example_dags/example_task_group.py
[2024-04-04T21:56:41.992+0000] {processor.py:830} INFO - Processing file /home/airflow/.local/lib/python3.8/site-packages/airflow/example_dags/example_task_group.py for tasks to queue
[2024-04-04T21:56:41.993+0000] {logging_mixin.py:188} INFO - [2024-04-04T21:56:41.993+0000] {dagbag.py:540} INFO - Filling up the DagBag from /home/airflow/.local/lib/python3.8/site-packages/airflow/example_dags/example_task_group.py
[2024-04-04T21:56:41.998+0000] {processor.py:840} INFO - DAG(s) 'example_task_group' retrieved from /home/airflow/.local/lib/python3.8/site-packages/airflow/example_dags/example_task_group.py
[2024-04-04T21:56:42.013+0000] {logging_mixin.py:188} INFO - [2024-04-04T21:56:42.013+0000] {dag.py:3047} INFO - Sync 1 DAGs
[2024-04-04T21:56:42.029+0000] {logging_mixin.py:188} INFO - [2024-04-04T21:56:42.028+0000] {dag.py:3834} INFO - Setting next_dagrun for example_task_group to 2024-04-03 00:00:00+00:00, run_after=2024-04-04 00:00:00+00:00
[2024-04-04T21:56:42.042+0000] {processor.py:183} INFO - Processing /home/airflow/.local/lib/python3.8/site-packages/airflow/example_dags/example_task_group.py took 0.053 seconds
[2024-04-04T21:57:12.175+0000] {processor.py:161} INFO - Started process (PID=2250) to work on /home/airflow/.local/lib/python3.8/site-packages/airflow/example_dags/example_task_group.py
[2024-04-04T21:57:12.176+0000] {processor.py:830} INFO - Processing file /home/airflow/.local/lib/python3.8/site-packages/airflow/example_dags/example_task_group.py for tasks to queue
[2024-04-04T21:57:12.177+0000] {logging_mixin.py:188} INFO - [2024-04-04T21:57:12.177+0000] {dagbag.py:540} INFO - Filling up the DagBag from /home/airflow/.local/lib/python3.8/site-packages/airflow/example_dags/example_task_group.py
[2024-04-04T21:57:12.183+0000] {processor.py:840} INFO - DAG(s) 'example_task_group' retrieved from /home/airflow/.local/lib/python3.8/site-packages/airflow/example_dags/example_task_group.py
[2024-04-04T21:57:12.199+0000] {logging_mixin.py:188} INFO - [2024-04-04T21:57:12.199+0000] {dag.py:3047} INFO - Sync 1 DAGs
[2024-04-04T21:57:12.214+0000] {logging_mixin.py:188} INFO - [2024-04-04T21:57:12.214+0000] {dag.py:3834} INFO - Setting next_dagrun for example_task_group to 2024-04-03 00:00:00+00:00, run_after=2024-04-04 00:00:00+00:00
[2024-04-04T21:57:12.228+0000] {processor.py:183} INFO - Processing /home/airflow/.local/lib/python3.8/site-packages/airflow/example_dags/example_task_group.py took 0.055 seconds
[2024-04-04T21:57:42.423+0000] {processor.py:161} INFO - Started process (PID=2305) to work on /home/airflow/.local/lib/python3.8/site-packages/airflow/example_dags/example_task_group.py
[2024-04-04T21:57:42.425+0000] {processor.py:830} INFO - Processing file /home/airflow/.local/lib/python3.8/site-packages/airflow/example_dags/example_task_group.py for tasks to queue
[2024-04-04T21:57:42.426+0000] {logging_mixin.py:188} INFO - [2024-04-04T21:57:42.426+0000] {dagbag.py:540} INFO - Filling up the DagBag from /home/airflow/.local/lib/python3.8/site-packages/airflow/example_dags/example_task_group.py
[2024-04-04T21:57:42.432+0000] {processor.py:840} INFO - DAG(s) 'example_task_group' retrieved from /home/airflow/.local/lib/python3.8/site-packages/airflow/example_dags/example_task_group.py
[2024-04-04T21:57:42.453+0000] {logging_mixin.py:188} INFO - [2024-04-04T21:57:42.452+0000] {dag.py:3047} INFO - Sync 1 DAGs
[2024-04-04T21:57:42.473+0000] {logging_mixin.py:188} INFO - [2024-04-04T21:57:42.473+0000] {dag.py:3834} INFO - Setting next_dagrun for example_task_group to 2024-04-03 00:00:00+00:00, run_after=2024-04-04 00:00:00+00:00
[2024-04-04T21:57:42.490+0000] {processor.py:183} INFO - Processing /home/airflow/.local/lib/python3.8/site-packages/airflow/example_dags/example_task_group.py took 0.070 seconds
[2024-04-04T21:58:12.657+0000] {processor.py:161} INFO - Started process (PID=2360) to work on /home/airflow/.local/lib/python3.8/site-packages/airflow/example_dags/example_task_group.py
[2024-04-04T21:58:12.658+0000] {processor.py:830} INFO - Processing file /home/airflow/.local/lib/python3.8/site-packages/airflow/example_dags/example_task_group.py for tasks to queue
[2024-04-04T21:58:12.659+0000] {logging_mixin.py:188} INFO - [2024-04-04T21:58:12.659+0000] {dagbag.py:540} INFO - Filling up the DagBag from /home/airflow/.local/lib/python3.8/site-packages/airflow/example_dags/example_task_group.py
[2024-04-04T21:58:12.667+0000] {processor.py:840} INFO - DAG(s) 'example_task_group' retrieved from /home/airflow/.local/lib/python3.8/site-packages/airflow/example_dags/example_task_group.py
[2024-04-04T21:58:12.683+0000] {logging_mixin.py:188} INFO - [2024-04-04T21:58:12.683+0000] {dag.py:3047} INFO - Sync 1 DAGs
[2024-04-04T21:58:12.699+0000] {logging_mixin.py:188} INFO - [2024-04-04T21:58:12.699+0000] {dag.py:3834} INFO - Setting next_dagrun for example_task_group to 2024-04-03 00:00:00+00:00, run_after=2024-04-04 00:00:00+00:00
[2024-04-04T21:58:12.713+0000] {processor.py:183} INFO - Processing /home/airflow/.local/lib/python3.8/site-packages/airflow/example_dags/example_task_group.py took 0.059 seconds
[2024-04-04T21:58:43.089+0000] {processor.py:161} INFO - Started process (PID=2415) to work on /home/airflow/.local/lib/python3.8/site-packages/airflow/example_dags/example_task_group.py
[2024-04-04T21:58:43.090+0000] {processor.py:830} INFO - Processing file /home/airflow/.local/lib/python3.8/site-packages/airflow/example_dags/example_task_group.py for tasks to queue
[2024-04-04T21:58:43.092+0000] {logging_mixin.py:188} INFO - [2024-04-04T21:58:43.091+0000] {dagbag.py:540} INFO - Filling up the DagBag from /home/airflow/.local/lib/python3.8/site-packages/airflow/example_dags/example_task_group.py
[2024-04-04T21:58:43.098+0000] {processor.py:840} INFO - DAG(s) 'example_task_group' retrieved from /home/airflow/.local/lib/python3.8/site-packages/airflow/example_dags/example_task_group.py
[2024-04-04T21:58:43.115+0000] {logging_mixin.py:188} INFO - [2024-04-04T21:58:43.115+0000] {dag.py:3047} INFO - Sync 1 DAGs
[2024-04-04T21:58:43.131+0000] {logging_mixin.py:188} INFO - [2024-04-04T21:58:43.131+0000] {dag.py:3834} INFO - Setting next_dagrun for example_task_group to 2024-04-03 00:00:00+00:00, run_after=2024-04-04 00:00:00+00:00
[2024-04-04T21:58:43.145+0000] {processor.py:183} INFO - Processing /home/airflow/.local/lib/python3.8/site-packages/airflow/example_dags/example_task_group.py took 0.059 seconds
[2024-04-04T21:59:14.778+0000] {processor.py:161} INFO - Started process (PID=2470) to work on /home/airflow/.local/lib/python3.8/site-packages/airflow/example_dags/example_task_group.py
[2024-04-04T21:59:14.779+0000] {processor.py:830} INFO - Processing file /home/airflow/.local/lib/python3.8/site-packages/airflow/example_dags/example_task_group.py for tasks to queue
[2024-04-04T21:59:14.781+0000] {logging_mixin.py:188} INFO - [2024-04-04T21:59:14.781+0000] {dagbag.py:540} INFO - Filling up the DagBag from /home/airflow/.local/lib/python3.8/site-packages/airflow/example_dags/example_task_group.py
[2024-04-04T21:59:14.799+0000] {processor.py:840} INFO - DAG(s) 'example_task_group' retrieved from /home/airflow/.local/lib/python3.8/site-packages/airflow/example_dags/example_task_group.py
[2024-04-04T21:59:14.841+0000] {logging_mixin.py:188} INFO - [2024-04-04T21:59:14.840+0000] {dag.py:3047} INFO - Sync 1 DAGs
[2024-04-04T21:59:14.878+0000] {logging_mixin.py:188} INFO - [2024-04-04T21:59:14.877+0000] {dag.py:3834} INFO - Setting next_dagrun for example_task_group to 2024-04-03 00:00:00+00:00, run_after=2024-04-04 00:00:00+00:00
[2024-04-04T21:59:14.917+0000] {processor.py:183} INFO - Processing /home/airflow/.local/lib/python3.8/site-packages/airflow/example_dags/example_task_group.py took 0.143 seconds
[2024-04-04T21:59:45.089+0000] {processor.py:161} INFO - Started process (PID=2525) to work on /home/airflow/.local/lib/python3.8/site-packages/airflow/example_dags/example_task_group.py
[2024-04-04T21:59:45.093+0000] {processor.py:830} INFO - Processing file /home/airflow/.local/lib/python3.8/site-packages/airflow/example_dags/example_task_group.py for tasks to queue
[2024-04-04T21:59:45.095+0000] {logging_mixin.py:188} INFO - [2024-04-04T21:59:45.094+0000] {dagbag.py:540} INFO - Filling up the DagBag from /home/airflow/.local/lib/python3.8/site-packages/airflow/example_dags/example_task_group.py
[2024-04-04T21:59:45.105+0000] {processor.py:840} INFO - DAG(s) 'example_task_group' retrieved from /home/airflow/.local/lib/python3.8/site-packages/airflow/example_dags/example_task_group.py
[2024-04-04T21:59:45.134+0000] {logging_mixin.py:188} INFO - [2024-04-04T21:59:45.134+0000] {dag.py:3047} INFO - Sync 1 DAGs
[2024-04-04T21:59:45.164+0000] {logging_mixin.py:188} INFO - [2024-04-04T21:59:45.163+0000] {dag.py:3834} INFO - Setting next_dagrun for example_task_group to 2024-04-03 00:00:00+00:00, run_after=2024-04-04 00:00:00+00:00
[2024-04-04T21:59:45.192+0000] {processor.py:183} INFO - Processing /home/airflow/.local/lib/python3.8/site-packages/airflow/example_dags/example_task_group.py took 0.107 seconds
[2024-04-04T22:00:15.402+0000] {processor.py:161} INFO - Started process (PID=2579) to work on /home/airflow/.local/lib/python3.8/site-packages/airflow/example_dags/example_task_group.py
[2024-04-04T22:00:15.405+0000] {processor.py:830} INFO - Processing file /home/airflow/.local/lib/python3.8/site-packages/airflow/example_dags/example_task_group.py for tasks to queue
[2024-04-04T22:00:15.412+0000] {logging_mixin.py:188} INFO - [2024-04-04T22:00:15.411+0000] {dagbag.py:540} INFO - Filling up the DagBag from /home/airflow/.local/lib/python3.8/site-packages/airflow/example_dags/example_task_group.py
[2024-04-04T22:00:15.431+0000] {processor.py:840} INFO - DAG(s) 'example_task_group' retrieved from /home/airflow/.local/lib/python3.8/site-packages/airflow/example_dags/example_task_group.py
[2024-04-04T22:00:15.483+0000] {logging_mixin.py:188} INFO - [2024-04-04T22:00:15.482+0000] {dag.py:3047} INFO - Sync 1 DAGs
[2024-04-04T22:00:15.542+0000] {logging_mixin.py:188} INFO - [2024-04-04T22:00:15.542+0000] {dag.py:3834} INFO - Setting next_dagrun for example_task_group to 2024-04-03 00:00:00+00:00, run_after=2024-04-04 00:00:00+00:00
[2024-04-04T22:00:15.589+0000] {processor.py:183} INFO - Processing /home/airflow/.local/lib/python3.8/site-packages/airflow/example_dags/example_task_group.py took 0.189 seconds
