[2024-04-04T21:36:59.727+0000] {processor.py:161} INFO - Started process (PID=64) to work on /home/airflow/.local/lib/python3.8/site-packages/airflow/example_dags/example_python_operator.py
[2024-04-04T21:36:59.728+0000] {processor.py:830} INFO - Processing file /home/airflow/.local/lib/python3.8/site-packages/airflow/example_dags/example_python_operator.py for tasks to queue
[2024-04-04T21:36:59.730+0000] {logging_mixin.py:188} INFO - [2024-04-04T21:36:59.730+0000] {dagbag.py:540} INFO - Filling up the DagBag from /home/airflow/.local/lib/python3.8/site-packages/airflow/example_dags/example_python_operator.py
[2024-04-04T21:36:59.749+0000] {processor.py:840} INFO - DAG(s) 'example_python_operator' retrieved from /home/airflow/.local/lib/python3.8/site-packages/airflow/example_dags/example_python_operator.py
[2024-04-04T21:36:59.861+0000] {logging_mixin.py:188} INFO - [2024-04-04T21:36:59.860+0000] {dag.py:3047} INFO - Sync 1 DAGs
[2024-04-04T21:36:59.873+0000] {logging_mixin.py:188} INFO - [2024-04-04T21:36:59.873+0000] {dag.py:3834} INFO - Setting next_dagrun for example_python_operator to None, run_after=None
[2024-04-04T21:36:59.898+0000] {processor.py:183} INFO - Processing /home/airflow/.local/lib/python3.8/site-packages/airflow/example_dags/example_python_operator.py took 0.176 seconds
[2024-04-04T21:37:30.359+0000] {processor.py:161} INFO - Started process (PID=119) to work on /home/airflow/.local/lib/python3.8/site-packages/airflow/example_dags/example_python_operator.py
[2024-04-04T21:37:30.359+0000] {processor.py:830} INFO - Processing file /home/airflow/.local/lib/python3.8/site-packages/airflow/example_dags/example_python_operator.py for tasks to queue
[2024-04-04T21:37:30.360+0000] {logging_mixin.py:188} INFO - [2024-04-04T21:37:30.360+0000] {dagbag.py:540} INFO - Filling up the DagBag from /home/airflow/.local/lib/python3.8/site-packages/airflow/example_dags/example_python_operator.py
[2024-04-04T21:37:30.367+0000] {processor.py:840} INFO - DAG(s) 'example_python_operator' retrieved from /home/airflow/.local/lib/python3.8/site-packages/airflow/example_dags/example_python_operator.py
[2024-04-04T21:37:30.383+0000] {logging_mixin.py:188} INFO - [2024-04-04T21:37:30.383+0000] {dag.py:3047} INFO - Sync 1 DAGs
[2024-04-04T21:37:30.392+0000] {logging_mixin.py:188} INFO - [2024-04-04T21:37:30.392+0000] {dag.py:3834} INFO - Setting next_dagrun for example_python_operator to None, run_after=None
[2024-04-04T21:37:30.405+0000] {processor.py:183} INFO - Processing /home/airflow/.local/lib/python3.8/site-packages/airflow/example_dags/example_python_operator.py took 0.049 seconds
[2024-04-04T21:38:00.540+0000] {processor.py:161} INFO - Started process (PID=174) to work on /home/airflow/.local/lib/python3.8/site-packages/airflow/example_dags/example_python_operator.py
[2024-04-04T21:38:00.540+0000] {processor.py:830} INFO - Processing file /home/airflow/.local/lib/python3.8/site-packages/airflow/example_dags/example_python_operator.py for tasks to queue
[2024-04-04T21:38:00.542+0000] {logging_mixin.py:188} INFO - [2024-04-04T21:38:00.541+0000] {dagbag.py:540} INFO - Filling up the DagBag from /home/airflow/.local/lib/python3.8/site-packages/airflow/example_dags/example_python_operator.py
[2024-04-04T21:38:00.548+0000] {processor.py:840} INFO - DAG(s) 'example_python_operator' retrieved from /home/airflow/.local/lib/python3.8/site-packages/airflow/example_dags/example_python_operator.py
[2024-04-04T21:38:00.563+0000] {logging_mixin.py:188} INFO - [2024-04-04T21:38:00.563+0000] {dag.py:3047} INFO - Sync 1 DAGs
[2024-04-04T21:38:00.571+0000] {logging_mixin.py:188} INFO - [2024-04-04T21:38:00.571+0000] {dag.py:3834} INFO - Setting next_dagrun for example_python_operator to None, run_after=None
[2024-04-04T21:38:00.584+0000] {processor.py:183} INFO - Processing /home/airflow/.local/lib/python3.8/site-packages/airflow/example_dags/example_python_operator.py took 0.046 seconds
[2024-04-04T21:38:30.930+0000] {processor.py:161} INFO - Started process (PID=229) to work on /home/airflow/.local/lib/python3.8/site-packages/airflow/example_dags/example_python_operator.py
[2024-04-04T21:38:30.931+0000] {processor.py:830} INFO - Processing file /home/airflow/.local/lib/python3.8/site-packages/airflow/example_dags/example_python_operator.py for tasks to queue
[2024-04-04T21:38:30.932+0000] {logging_mixin.py:188} INFO - [2024-04-04T21:38:30.932+0000] {dagbag.py:540} INFO - Filling up the DagBag from /home/airflow/.local/lib/python3.8/site-packages/airflow/example_dags/example_python_operator.py
[2024-04-04T21:38:30.938+0000] {processor.py:840} INFO - DAG(s) 'example_python_operator' retrieved from /home/airflow/.local/lib/python3.8/site-packages/airflow/example_dags/example_python_operator.py
[2024-04-04T21:38:30.954+0000] {logging_mixin.py:188} INFO - [2024-04-04T21:38:30.954+0000] {dag.py:3047} INFO - Sync 1 DAGs
[2024-04-04T21:38:30.963+0000] {logging_mixin.py:188} INFO - [2024-04-04T21:38:30.963+0000] {dag.py:3834} INFO - Setting next_dagrun for example_python_operator to None, run_after=None
[2024-04-04T21:38:30.977+0000] {processor.py:183} INFO - Processing /home/airflow/.local/lib/python3.8/site-packages/airflow/example_dags/example_python_operator.py took 0.049 seconds
[2024-04-04T21:39:01.277+0000] {processor.py:161} INFO - Started process (PID=285) to work on /home/airflow/.local/lib/python3.8/site-packages/airflow/example_dags/example_python_operator.py
[2024-04-04T21:39:01.278+0000] {processor.py:830} INFO - Processing file /home/airflow/.local/lib/python3.8/site-packages/airflow/example_dags/example_python_operator.py for tasks to queue
[2024-04-04T21:39:01.279+0000] {logging_mixin.py:188} INFO - [2024-04-04T21:39:01.279+0000] {dagbag.py:540} INFO - Filling up the DagBag from /home/airflow/.local/lib/python3.8/site-packages/airflow/example_dags/example_python_operator.py
[2024-04-04T21:39:01.286+0000] {processor.py:840} INFO - DAG(s) 'example_python_operator' retrieved from /home/airflow/.local/lib/python3.8/site-packages/airflow/example_dags/example_python_operator.py
[2024-04-04T21:39:01.302+0000] {logging_mixin.py:188} INFO - [2024-04-04T21:39:01.301+0000] {dag.py:3047} INFO - Sync 1 DAGs
[2024-04-04T21:39:01.310+0000] {logging_mixin.py:188} INFO - [2024-04-04T21:39:01.310+0000] {dag.py:3834} INFO - Setting next_dagrun for example_python_operator to None, run_after=None
[2024-04-04T21:39:01.325+0000] {processor.py:183} INFO - Processing /home/airflow/.local/lib/python3.8/site-packages/airflow/example_dags/example_python_operator.py took 0.050 seconds
[2024-04-04T21:39:31.384+0000] {processor.py:161} INFO - Started process (PID=340) to work on /home/airflow/.local/lib/python3.8/site-packages/airflow/example_dags/example_python_operator.py
[2024-04-04T21:39:31.385+0000] {processor.py:830} INFO - Processing file /home/airflow/.local/lib/python3.8/site-packages/airflow/example_dags/example_python_operator.py for tasks to queue
[2024-04-04T21:39:31.386+0000] {logging_mixin.py:188} INFO - [2024-04-04T21:39:31.386+0000] {dagbag.py:540} INFO - Filling up the DagBag from /home/airflow/.local/lib/python3.8/site-packages/airflow/example_dags/example_python_operator.py
[2024-04-04T21:39:31.394+0000] {processor.py:840} INFO - DAG(s) 'example_python_operator' retrieved from /home/airflow/.local/lib/python3.8/site-packages/airflow/example_dags/example_python_operator.py
[2024-04-04T21:39:31.411+0000] {logging_mixin.py:188} INFO - [2024-04-04T21:39:31.411+0000] {dag.py:3047} INFO - Sync 1 DAGs
[2024-04-04T21:39:31.423+0000] {logging_mixin.py:188} INFO - [2024-04-04T21:39:31.423+0000] {dag.py:3834} INFO - Setting next_dagrun for example_python_operator to None, run_after=None
[2024-04-04T21:39:31.442+0000] {processor.py:183} INFO - Processing /home/airflow/.local/lib/python3.8/site-packages/airflow/example_dags/example_python_operator.py took 0.060 seconds
[2024-04-04T21:40:01.717+0000] {processor.py:161} INFO - Started process (PID=395) to work on /home/airflow/.local/lib/python3.8/site-packages/airflow/example_dags/example_python_operator.py
[2024-04-04T21:40:01.718+0000] {processor.py:830} INFO - Processing file /home/airflow/.local/lib/python3.8/site-packages/airflow/example_dags/example_python_operator.py for tasks to queue
[2024-04-04T21:40:01.719+0000] {logging_mixin.py:188} INFO - [2024-04-04T21:40:01.719+0000] {dagbag.py:540} INFO - Filling up the DagBag from /home/airflow/.local/lib/python3.8/site-packages/airflow/example_dags/example_python_operator.py
[2024-04-04T21:40:01.727+0000] {processor.py:840} INFO - DAG(s) 'example_python_operator' retrieved from /home/airflow/.local/lib/python3.8/site-packages/airflow/example_dags/example_python_operator.py
[2024-04-04T21:40:01.746+0000] {logging_mixin.py:188} INFO - [2024-04-04T21:40:01.745+0000] {dag.py:3047} INFO - Sync 1 DAGs
[2024-04-04T21:40:01.754+0000] {logging_mixin.py:188} INFO - [2024-04-04T21:40:01.754+0000] {dag.py:3834} INFO - Setting next_dagrun for example_python_operator to None, run_after=None
[2024-04-04T21:40:01.769+0000] {processor.py:183} INFO - Processing /home/airflow/.local/lib/python3.8/site-packages/airflow/example_dags/example_python_operator.py took 0.053 seconds
[2024-04-04T21:40:31.977+0000] {processor.py:161} INFO - Started process (PID=450) to work on /home/airflow/.local/lib/python3.8/site-packages/airflow/example_dags/example_python_operator.py
[2024-04-04T21:40:31.978+0000] {processor.py:830} INFO - Processing file /home/airflow/.local/lib/python3.8/site-packages/airflow/example_dags/example_python_operator.py for tasks to queue
[2024-04-04T21:40:31.979+0000] {logging_mixin.py:188} INFO - [2024-04-04T21:40:31.979+0000] {dagbag.py:540} INFO - Filling up the DagBag from /home/airflow/.local/lib/python3.8/site-packages/airflow/example_dags/example_python_operator.py
[2024-04-04T21:40:31.987+0000] {processor.py:840} INFO - DAG(s) 'example_python_operator' retrieved from /home/airflow/.local/lib/python3.8/site-packages/airflow/example_dags/example_python_operator.py
[2024-04-04T21:40:32.004+0000] {logging_mixin.py:188} INFO - [2024-04-04T21:40:32.004+0000] {dag.py:3047} INFO - Sync 1 DAGs
[2024-04-04T21:40:32.014+0000] {logging_mixin.py:188} INFO - [2024-04-04T21:40:32.014+0000] {dag.py:3834} INFO - Setting next_dagrun for example_python_operator to None, run_after=None
[2024-04-04T21:40:32.029+0000] {processor.py:183} INFO - Processing /home/airflow/.local/lib/python3.8/site-packages/airflow/example_dags/example_python_operator.py took 0.055 seconds
[2024-04-04T21:41:02.177+0000] {processor.py:161} INFO - Started process (PID=505) to work on /home/airflow/.local/lib/python3.8/site-packages/airflow/example_dags/example_python_operator.py
[2024-04-04T21:41:02.178+0000] {processor.py:830} INFO - Processing file /home/airflow/.local/lib/python3.8/site-packages/airflow/example_dags/example_python_operator.py for tasks to queue
[2024-04-04T21:41:02.179+0000] {logging_mixin.py:188} INFO - [2024-04-04T21:41:02.179+0000] {dagbag.py:540} INFO - Filling up the DagBag from /home/airflow/.local/lib/python3.8/site-packages/airflow/example_dags/example_python_operator.py
[2024-04-04T21:41:02.187+0000] {processor.py:840} INFO - DAG(s) 'example_python_operator' retrieved from /home/airflow/.local/lib/python3.8/site-packages/airflow/example_dags/example_python_operator.py
[2024-04-04T21:41:02.207+0000] {logging_mixin.py:188} INFO - [2024-04-04T21:41:02.206+0000] {dag.py:3047} INFO - Sync 1 DAGs
[2024-04-04T21:41:02.217+0000] {logging_mixin.py:188} INFO - [2024-04-04T21:41:02.217+0000] {dag.py:3834} INFO - Setting next_dagrun for example_python_operator to None, run_after=None
[2024-04-04T21:41:02.234+0000] {processor.py:183} INFO - Processing /home/airflow/.local/lib/python3.8/site-packages/airflow/example_dags/example_python_operator.py took 0.060 seconds
[2024-04-04T21:41:32.648+0000] {processor.py:161} INFO - Started process (PID=560) to work on /home/airflow/.local/lib/python3.8/site-packages/airflow/example_dags/example_python_operator.py
[2024-04-04T21:41:32.649+0000] {processor.py:830} INFO - Processing file /home/airflow/.local/lib/python3.8/site-packages/airflow/example_dags/example_python_operator.py for tasks to queue
[2024-04-04T21:41:32.650+0000] {logging_mixin.py:188} INFO - [2024-04-04T21:41:32.650+0000] {dagbag.py:540} INFO - Filling up the DagBag from /home/airflow/.local/lib/python3.8/site-packages/airflow/example_dags/example_python_operator.py
[2024-04-04T21:41:32.658+0000] {processor.py:840} INFO - DAG(s) 'example_python_operator' retrieved from /home/airflow/.local/lib/python3.8/site-packages/airflow/example_dags/example_python_operator.py
[2024-04-04T21:41:32.676+0000] {logging_mixin.py:188} INFO - [2024-04-04T21:41:32.676+0000] {dag.py:3047} INFO - Sync 1 DAGs
[2024-04-04T21:41:32.686+0000] {logging_mixin.py:188} INFO - [2024-04-04T21:41:32.686+0000] {dag.py:3834} INFO - Setting next_dagrun for example_python_operator to None, run_after=None
[2024-04-04T21:41:32.701+0000] {processor.py:183} INFO - Processing /home/airflow/.local/lib/python3.8/site-packages/airflow/example_dags/example_python_operator.py took 0.055 seconds
[2024-04-04T21:42:03.045+0000] {processor.py:161} INFO - Started process (PID=615) to work on /home/airflow/.local/lib/python3.8/site-packages/airflow/example_dags/example_python_operator.py
[2024-04-04T21:42:03.047+0000] {processor.py:830} INFO - Processing file /home/airflow/.local/lib/python3.8/site-packages/airflow/example_dags/example_python_operator.py for tasks to queue
[2024-04-04T21:42:03.048+0000] {logging_mixin.py:188} INFO - [2024-04-04T21:42:03.048+0000] {dagbag.py:540} INFO - Filling up the DagBag from /home/airflow/.local/lib/python3.8/site-packages/airflow/example_dags/example_python_operator.py
[2024-04-04T21:42:03.056+0000] {processor.py:840} INFO - DAG(s) 'example_python_operator' retrieved from /home/airflow/.local/lib/python3.8/site-packages/airflow/example_dags/example_python_operator.py
[2024-04-04T21:42:03.074+0000] {logging_mixin.py:188} INFO - [2024-04-04T21:42:03.074+0000] {dag.py:3047} INFO - Sync 1 DAGs
[2024-04-04T21:42:03.087+0000] {logging_mixin.py:188} INFO - [2024-04-04T21:42:03.086+0000] {dag.py:3834} INFO - Setting next_dagrun for example_python_operator to None, run_after=None
[2024-04-04T21:42:03.105+0000] {processor.py:183} INFO - Processing /home/airflow/.local/lib/python3.8/site-packages/airflow/example_dags/example_python_operator.py took 0.063 seconds
[2024-04-04T21:42:33.642+0000] {processor.py:161} INFO - Started process (PID=671) to work on /home/airflow/.local/lib/python3.8/site-packages/airflow/example_dags/example_python_operator.py
[2024-04-04T21:42:33.643+0000] {processor.py:830} INFO - Processing file /home/airflow/.local/lib/python3.8/site-packages/airflow/example_dags/example_python_operator.py for tasks to queue
[2024-04-04T21:42:33.644+0000] {logging_mixin.py:188} INFO - [2024-04-04T21:42:33.644+0000] {dagbag.py:540} INFO - Filling up the DagBag from /home/airflow/.local/lib/python3.8/site-packages/airflow/example_dags/example_python_operator.py
[2024-04-04T21:42:33.652+0000] {processor.py:840} INFO - DAG(s) 'example_python_operator' retrieved from /home/airflow/.local/lib/python3.8/site-packages/airflow/example_dags/example_python_operator.py
[2024-04-04T21:42:33.672+0000] {logging_mixin.py:188} INFO - [2024-04-04T21:42:33.671+0000] {dag.py:3047} INFO - Sync 1 DAGs
[2024-04-04T21:42:33.683+0000] {logging_mixin.py:188} INFO - [2024-04-04T21:42:33.683+0000] {dag.py:3834} INFO - Setting next_dagrun for example_python_operator to None, run_after=None
[2024-04-04T21:42:33.704+0000] {processor.py:183} INFO - Processing /home/airflow/.local/lib/python3.8/site-packages/airflow/example_dags/example_python_operator.py took 0.065 seconds
[2024-04-04T21:43:04.383+0000] {processor.py:161} INFO - Started process (PID=726) to work on /home/airflow/.local/lib/python3.8/site-packages/airflow/example_dags/example_python_operator.py
[2024-04-04T21:43:04.384+0000] {processor.py:830} INFO - Processing file /home/airflow/.local/lib/python3.8/site-packages/airflow/example_dags/example_python_operator.py for tasks to queue
[2024-04-04T21:43:04.385+0000] {logging_mixin.py:188} INFO - [2024-04-04T21:43:04.385+0000] {dagbag.py:540} INFO - Filling up the DagBag from /home/airflow/.local/lib/python3.8/site-packages/airflow/example_dags/example_python_operator.py
[2024-04-04T21:43:04.392+0000] {processor.py:840} INFO - DAG(s) 'example_python_operator' retrieved from /home/airflow/.local/lib/python3.8/site-packages/airflow/example_dags/example_python_operator.py
[2024-04-04T21:43:04.409+0000] {logging_mixin.py:188} INFO - [2024-04-04T21:43:04.409+0000] {dag.py:3047} INFO - Sync 1 DAGs
[2024-04-04T21:43:04.419+0000] {logging_mixin.py:188} INFO - [2024-04-04T21:43:04.419+0000] {dag.py:3834} INFO - Setting next_dagrun for example_python_operator to None, run_after=None
[2024-04-04T21:43:04.434+0000] {processor.py:183} INFO - Processing /home/airflow/.local/lib/python3.8/site-packages/airflow/example_dags/example_python_operator.py took 0.053 seconds
[2024-04-04T21:43:34.600+0000] {processor.py:161} INFO - Started process (PID=781) to work on /home/airflow/.local/lib/python3.8/site-packages/airflow/example_dags/example_python_operator.py
[2024-04-04T21:43:34.601+0000] {processor.py:830} INFO - Processing file /home/airflow/.local/lib/python3.8/site-packages/airflow/example_dags/example_python_operator.py for tasks to queue
[2024-04-04T21:43:34.603+0000] {logging_mixin.py:188} INFO - [2024-04-04T21:43:34.602+0000] {dagbag.py:540} INFO - Filling up the DagBag from /home/airflow/.local/lib/python3.8/site-packages/airflow/example_dags/example_python_operator.py
[2024-04-04T21:43:34.610+0000] {processor.py:840} INFO - DAG(s) 'example_python_operator' retrieved from /home/airflow/.local/lib/python3.8/site-packages/airflow/example_dags/example_python_operator.py
[2024-04-04T21:43:34.625+0000] {logging_mixin.py:188} INFO - [2024-04-04T21:43:34.624+0000] {dag.py:3047} INFO - Sync 1 DAGs
[2024-04-04T21:43:34.634+0000] {logging_mixin.py:188} INFO - [2024-04-04T21:43:34.633+0000] {dag.py:3834} INFO - Setting next_dagrun for example_python_operator to None, run_after=None
[2024-04-04T21:43:34.646+0000] {processor.py:183} INFO - Processing /home/airflow/.local/lib/python3.8/site-packages/airflow/example_dags/example_python_operator.py took 0.048 seconds
[2024-04-04T21:44:05.024+0000] {processor.py:161} INFO - Started process (PID=836) to work on /home/airflow/.local/lib/python3.8/site-packages/airflow/example_dags/example_python_operator.py
[2024-04-04T21:44:05.025+0000] {processor.py:830} INFO - Processing file /home/airflow/.local/lib/python3.8/site-packages/airflow/example_dags/example_python_operator.py for tasks to queue
[2024-04-04T21:44:05.026+0000] {logging_mixin.py:188} INFO - [2024-04-04T21:44:05.026+0000] {dagbag.py:540} INFO - Filling up the DagBag from /home/airflow/.local/lib/python3.8/site-packages/airflow/example_dags/example_python_operator.py
[2024-04-04T21:44:05.033+0000] {processor.py:840} INFO - DAG(s) 'example_python_operator' retrieved from /home/airflow/.local/lib/python3.8/site-packages/airflow/example_dags/example_python_operator.py
[2024-04-04T21:44:05.051+0000] {logging_mixin.py:188} INFO - [2024-04-04T21:44:05.050+0000] {dag.py:3047} INFO - Sync 1 DAGs
[2024-04-04T21:44:05.063+0000] {logging_mixin.py:188} INFO - [2024-04-04T21:44:05.063+0000] {dag.py:3834} INFO - Setting next_dagrun for example_python_operator to None, run_after=None
[2024-04-04T21:44:05.081+0000] {processor.py:183} INFO - Processing /home/airflow/.local/lib/python3.8/site-packages/airflow/example_dags/example_python_operator.py took 0.060 seconds
[2024-04-04T21:44:35.627+0000] {processor.py:161} INFO - Started process (PID=891) to work on /home/airflow/.local/lib/python3.8/site-packages/airflow/example_dags/example_python_operator.py
[2024-04-04T21:44:35.628+0000] {processor.py:830} INFO - Processing file /home/airflow/.local/lib/python3.8/site-packages/airflow/example_dags/example_python_operator.py for tasks to queue
[2024-04-04T21:44:35.629+0000] {logging_mixin.py:188} INFO - [2024-04-04T21:44:35.629+0000] {dagbag.py:540} INFO - Filling up the DagBag from /home/airflow/.local/lib/python3.8/site-packages/airflow/example_dags/example_python_operator.py
[2024-04-04T21:44:35.637+0000] {processor.py:840} INFO - DAG(s) 'example_python_operator' retrieved from /home/airflow/.local/lib/python3.8/site-packages/airflow/example_dags/example_python_operator.py
[2024-04-04T21:44:35.653+0000] {logging_mixin.py:188} INFO - [2024-04-04T21:44:35.652+0000] {dag.py:3047} INFO - Sync 1 DAGs
[2024-04-04T21:44:35.662+0000] {logging_mixin.py:188} INFO - [2024-04-04T21:44:35.662+0000] {dag.py:3834} INFO - Setting next_dagrun for example_python_operator to None, run_after=None
[2024-04-04T21:44:35.676+0000] {processor.py:183} INFO - Processing /home/airflow/.local/lib/python3.8/site-packages/airflow/example_dags/example_python_operator.py took 0.053 seconds
[2024-04-04T21:45:05.723+0000] {processor.py:161} INFO - Started process (PID=946) to work on /home/airflow/.local/lib/python3.8/site-packages/airflow/example_dags/example_python_operator.py
[2024-04-04T21:45:05.724+0000] {processor.py:830} INFO - Processing file /home/airflow/.local/lib/python3.8/site-packages/airflow/example_dags/example_python_operator.py for tasks to queue
[2024-04-04T21:45:05.725+0000] {logging_mixin.py:188} INFO - [2024-04-04T21:45:05.725+0000] {dagbag.py:540} INFO - Filling up the DagBag from /home/airflow/.local/lib/python3.8/site-packages/airflow/example_dags/example_python_operator.py
[2024-04-04T21:45:05.732+0000] {processor.py:840} INFO - DAG(s) 'example_python_operator' retrieved from /home/airflow/.local/lib/python3.8/site-packages/airflow/example_dags/example_python_operator.py
[2024-04-04T21:45:05.747+0000] {logging_mixin.py:188} INFO - [2024-04-04T21:45:05.747+0000] {dag.py:3047} INFO - Sync 1 DAGs
[2024-04-04T21:45:05.758+0000] {logging_mixin.py:188} INFO - [2024-04-04T21:45:05.758+0000] {dag.py:3834} INFO - Setting next_dagrun for example_python_operator to None, run_after=None
[2024-04-04T21:45:05.775+0000] {processor.py:183} INFO - Processing /home/airflow/.local/lib/python3.8/site-packages/airflow/example_dags/example_python_operator.py took 0.053 seconds
[2024-04-04T21:45:35.861+0000] {processor.py:161} INFO - Started process (PID=1001) to work on /home/airflow/.local/lib/python3.8/site-packages/airflow/example_dags/example_python_operator.py
[2024-04-04T21:45:35.862+0000] {processor.py:830} INFO - Processing file /home/airflow/.local/lib/python3.8/site-packages/airflow/example_dags/example_python_operator.py for tasks to queue
[2024-04-04T21:45:35.863+0000] {logging_mixin.py:188} INFO - [2024-04-04T21:45:35.863+0000] {dagbag.py:540} INFO - Filling up the DagBag from /home/airflow/.local/lib/python3.8/site-packages/airflow/example_dags/example_python_operator.py
[2024-04-04T21:45:35.870+0000] {processor.py:840} INFO - DAG(s) 'example_python_operator' retrieved from /home/airflow/.local/lib/python3.8/site-packages/airflow/example_dags/example_python_operator.py
[2024-04-04T21:45:35.885+0000] {logging_mixin.py:188} INFO - [2024-04-04T21:45:35.885+0000] {dag.py:3047} INFO - Sync 1 DAGs
[2024-04-04T21:45:35.895+0000] {logging_mixin.py:188} INFO - [2024-04-04T21:45:35.894+0000] {dag.py:3834} INFO - Setting next_dagrun for example_python_operator to None, run_after=None
[2024-04-04T21:45:35.910+0000] {processor.py:183} INFO - Processing /home/airflow/.local/lib/python3.8/site-packages/airflow/example_dags/example_python_operator.py took 0.051 seconds
[2024-04-04T21:46:06.241+0000] {processor.py:161} INFO - Started process (PID=1056) to work on /home/airflow/.local/lib/python3.8/site-packages/airflow/example_dags/example_python_operator.py
[2024-04-04T21:46:06.242+0000] {processor.py:830} INFO - Processing file /home/airflow/.local/lib/python3.8/site-packages/airflow/example_dags/example_python_operator.py for tasks to queue
[2024-04-04T21:46:06.243+0000] {logging_mixin.py:188} INFO - [2024-04-04T21:46:06.243+0000] {dagbag.py:540} INFO - Filling up the DagBag from /home/airflow/.local/lib/python3.8/site-packages/airflow/example_dags/example_python_operator.py
[2024-04-04T21:46:06.251+0000] {processor.py:840} INFO - DAG(s) 'example_python_operator' retrieved from /home/airflow/.local/lib/python3.8/site-packages/airflow/example_dags/example_python_operator.py
[2024-04-04T21:46:06.268+0000] {logging_mixin.py:188} INFO - [2024-04-04T21:46:06.268+0000] {dag.py:3047} INFO - Sync 1 DAGs
[2024-04-04T21:46:06.280+0000] {logging_mixin.py:188} INFO - [2024-04-04T21:46:06.279+0000] {dag.py:3834} INFO - Setting next_dagrun for example_python_operator to None, run_after=None
[2024-04-04T21:46:06.294+0000] {processor.py:183} INFO - Processing /home/airflow/.local/lib/python3.8/site-packages/airflow/example_dags/example_python_operator.py took 0.057 seconds
[2024-04-04T21:46:36.470+0000] {processor.py:161} INFO - Started process (PID=1111) to work on /home/airflow/.local/lib/python3.8/site-packages/airflow/example_dags/example_python_operator.py
[2024-04-04T21:46:36.471+0000] {processor.py:830} INFO - Processing file /home/airflow/.local/lib/python3.8/site-packages/airflow/example_dags/example_python_operator.py for tasks to queue
[2024-04-04T21:46:36.472+0000] {logging_mixin.py:188} INFO - [2024-04-04T21:46:36.472+0000] {dagbag.py:540} INFO - Filling up the DagBag from /home/airflow/.local/lib/python3.8/site-packages/airflow/example_dags/example_python_operator.py
[2024-04-04T21:46:36.482+0000] {processor.py:840} INFO - DAG(s) 'example_python_operator' retrieved from /home/airflow/.local/lib/python3.8/site-packages/airflow/example_dags/example_python_operator.py
[2024-04-04T21:46:36.500+0000] {logging_mixin.py:188} INFO - [2024-04-04T21:46:36.500+0000] {dag.py:3047} INFO - Sync 1 DAGs
[2024-04-04T21:46:36.511+0000] {logging_mixin.py:188} INFO - [2024-04-04T21:46:36.511+0000] {dag.py:3834} INFO - Setting next_dagrun for example_python_operator to None, run_after=None
[2024-04-04T21:46:36.526+0000] {processor.py:183} INFO - Processing /home/airflow/.local/lib/python3.8/site-packages/airflow/example_dags/example_python_operator.py took 0.058 seconds
[2024-04-04T21:47:06.805+0000] {processor.py:161} INFO - Started process (PID=1166) to work on /home/airflow/.local/lib/python3.8/site-packages/airflow/example_dags/example_python_operator.py
[2024-04-04T21:47:06.806+0000] {processor.py:830} INFO - Processing file /home/airflow/.local/lib/python3.8/site-packages/airflow/example_dags/example_python_operator.py for tasks to queue
[2024-04-04T21:47:06.808+0000] {logging_mixin.py:188} INFO - [2024-04-04T21:47:06.807+0000] {dagbag.py:540} INFO - Filling up the DagBag from /home/airflow/.local/lib/python3.8/site-packages/airflow/example_dags/example_python_operator.py
[2024-04-04T21:47:06.817+0000] {processor.py:840} INFO - DAG(s) 'example_python_operator' retrieved from /home/airflow/.local/lib/python3.8/site-packages/airflow/example_dags/example_python_operator.py
[2024-04-04T21:47:06.838+0000] {logging_mixin.py:188} INFO - [2024-04-04T21:47:06.837+0000] {dag.py:3047} INFO - Sync 1 DAGs
[2024-04-04T21:47:06.850+0000] {logging_mixin.py:188} INFO - [2024-04-04T21:47:06.849+0000] {dag.py:3834} INFO - Setting next_dagrun for example_python_operator to None, run_after=None
[2024-04-04T21:47:06.868+0000] {processor.py:183} INFO - Processing /home/airflow/.local/lib/python3.8/site-packages/airflow/example_dags/example_python_operator.py took 0.065 seconds
[2024-04-04T21:47:37.142+0000] {processor.py:161} INFO - Started process (PID=1221) to work on /home/airflow/.local/lib/python3.8/site-packages/airflow/example_dags/example_python_operator.py
[2024-04-04T21:47:37.143+0000] {processor.py:830} INFO - Processing file /home/airflow/.local/lib/python3.8/site-packages/airflow/example_dags/example_python_operator.py for tasks to queue
[2024-04-04T21:47:37.144+0000] {logging_mixin.py:188} INFO - [2024-04-04T21:47:37.144+0000] {dagbag.py:540} INFO - Filling up the DagBag from /home/airflow/.local/lib/python3.8/site-packages/airflow/example_dags/example_python_operator.py
[2024-04-04T21:47:37.153+0000] {processor.py:840} INFO - DAG(s) 'example_python_operator' retrieved from /home/airflow/.local/lib/python3.8/site-packages/airflow/example_dags/example_python_operator.py
[2024-04-04T21:47:37.171+0000] {logging_mixin.py:188} INFO - [2024-04-04T21:47:37.171+0000] {dag.py:3047} INFO - Sync 1 DAGs
[2024-04-04T21:47:37.183+0000] {logging_mixin.py:188} INFO - [2024-04-04T21:47:37.183+0000] {dag.py:3834} INFO - Setting next_dagrun for example_python_operator to None, run_after=None
[2024-04-04T21:47:37.202+0000] {processor.py:183} INFO - Processing /home/airflow/.local/lib/python3.8/site-packages/airflow/example_dags/example_python_operator.py took 0.062 seconds
[2024-04-04T21:48:07.670+0000] {processor.py:161} INFO - Started process (PID=1276) to work on /home/airflow/.local/lib/python3.8/site-packages/airflow/example_dags/example_python_operator.py
[2024-04-04T21:48:07.675+0000] {processor.py:830} INFO - Processing file /home/airflow/.local/lib/python3.8/site-packages/airflow/example_dags/example_python_operator.py for tasks to queue
[2024-04-04T21:48:07.676+0000] {logging_mixin.py:188} INFO - [2024-04-04T21:48:07.676+0000] {dagbag.py:540} INFO - Filling up the DagBag from /home/airflow/.local/lib/python3.8/site-packages/airflow/example_dags/example_python_operator.py
[2024-04-04T21:48:07.684+0000] {processor.py:840} INFO - DAG(s) 'example_python_operator' retrieved from /home/airflow/.local/lib/python3.8/site-packages/airflow/example_dags/example_python_operator.py
[2024-04-04T21:48:07.704+0000] {logging_mixin.py:188} INFO - [2024-04-04T21:48:07.703+0000] {dag.py:3047} INFO - Sync 1 DAGs
[2024-04-04T21:48:07.713+0000] {logging_mixin.py:188} INFO - [2024-04-04T21:48:07.713+0000] {dag.py:3834} INFO - Setting next_dagrun for example_python_operator to None, run_after=None
[2024-04-04T21:48:07.731+0000] {processor.py:183} INFO - Processing /home/airflow/.local/lib/python3.8/site-packages/airflow/example_dags/example_python_operator.py took 0.064 seconds
[2024-04-04T21:48:37.794+0000] {processor.py:161} INFO - Started process (PID=1331) to work on /home/airflow/.local/lib/python3.8/site-packages/airflow/example_dags/example_python_operator.py
[2024-04-04T21:48:37.795+0000] {processor.py:830} INFO - Processing file /home/airflow/.local/lib/python3.8/site-packages/airflow/example_dags/example_python_operator.py for tasks to queue
[2024-04-04T21:48:37.796+0000] {logging_mixin.py:188} INFO - [2024-04-04T21:48:37.796+0000] {dagbag.py:540} INFO - Filling up the DagBag from /home/airflow/.local/lib/python3.8/site-packages/airflow/example_dags/example_python_operator.py
[2024-04-04T21:48:37.804+0000] {processor.py:840} INFO - DAG(s) 'example_python_operator' retrieved from /home/airflow/.local/lib/python3.8/site-packages/airflow/example_dags/example_python_operator.py
[2024-04-04T21:48:37.821+0000] {logging_mixin.py:188} INFO - [2024-04-04T21:48:37.820+0000] {dag.py:3047} INFO - Sync 1 DAGs
[2024-04-04T21:48:37.830+0000] {logging_mixin.py:188} INFO - [2024-04-04T21:48:37.830+0000] {dag.py:3834} INFO - Setting next_dagrun for example_python_operator to None, run_after=None
[2024-04-04T21:48:37.848+0000] {processor.py:183} INFO - Processing /home/airflow/.local/lib/python3.8/site-packages/airflow/example_dags/example_python_operator.py took 0.056 seconds
[2024-04-04T21:49:08.166+0000] {processor.py:161} INFO - Started process (PID=1386) to work on /home/airflow/.local/lib/python3.8/site-packages/airflow/example_dags/example_python_operator.py
[2024-04-04T21:49:08.167+0000] {processor.py:830} INFO - Processing file /home/airflow/.local/lib/python3.8/site-packages/airflow/example_dags/example_python_operator.py for tasks to queue
[2024-04-04T21:49:08.168+0000] {logging_mixin.py:188} INFO - [2024-04-04T21:49:08.168+0000] {dagbag.py:540} INFO - Filling up the DagBag from /home/airflow/.local/lib/python3.8/site-packages/airflow/example_dags/example_python_operator.py
[2024-04-04T21:49:08.176+0000] {processor.py:840} INFO - DAG(s) 'example_python_operator' retrieved from /home/airflow/.local/lib/python3.8/site-packages/airflow/example_dags/example_python_operator.py
[2024-04-04T21:49:08.195+0000] {logging_mixin.py:188} INFO - [2024-04-04T21:49:08.195+0000] {dag.py:3047} INFO - Sync 1 DAGs
[2024-04-04T21:49:08.205+0000] {logging_mixin.py:188} INFO - [2024-04-04T21:49:08.205+0000] {dag.py:3834} INFO - Setting next_dagrun for example_python_operator to None, run_after=None
[2024-04-04T21:49:08.222+0000] {processor.py:183} INFO - Processing /home/airflow/.local/lib/python3.8/site-packages/airflow/example_dags/example_python_operator.py took 0.059 seconds
[2024-04-04T21:49:38.739+0000] {processor.py:161} INFO - Started process (PID=1441) to work on /home/airflow/.local/lib/python3.8/site-packages/airflow/example_dags/example_python_operator.py
[2024-04-04T21:49:38.740+0000] {processor.py:830} INFO - Processing file /home/airflow/.local/lib/python3.8/site-packages/airflow/example_dags/example_python_operator.py for tasks to queue
[2024-04-04T21:49:38.741+0000] {logging_mixin.py:188} INFO - [2024-04-04T21:49:38.741+0000] {dagbag.py:540} INFO - Filling up the DagBag from /home/airflow/.local/lib/python3.8/site-packages/airflow/example_dags/example_python_operator.py
[2024-04-04T21:49:38.748+0000] {processor.py:840} INFO - DAG(s) 'example_python_operator' retrieved from /home/airflow/.local/lib/python3.8/site-packages/airflow/example_dags/example_python_operator.py
[2024-04-04T21:49:38.764+0000] {logging_mixin.py:188} INFO - [2024-04-04T21:49:38.763+0000] {dag.py:3047} INFO - Sync 1 DAGs
[2024-04-04T21:49:38.772+0000] {logging_mixin.py:188} INFO - [2024-04-04T21:49:38.772+0000] {dag.py:3834} INFO - Setting next_dagrun for example_python_operator to None, run_after=None
[2024-04-04T21:49:38.788+0000] {processor.py:183} INFO - Processing /home/airflow/.local/lib/python3.8/site-packages/airflow/example_dags/example_python_operator.py took 0.051 seconds
[2024-04-04T21:50:09.059+0000] {processor.py:161} INFO - Started process (PID=1496) to work on /home/airflow/.local/lib/python3.8/site-packages/airflow/example_dags/example_python_operator.py
[2024-04-04T21:50:09.060+0000] {processor.py:830} INFO - Processing file /home/airflow/.local/lib/python3.8/site-packages/airflow/example_dags/example_python_operator.py for tasks to queue
[2024-04-04T21:50:09.061+0000] {logging_mixin.py:188} INFO - [2024-04-04T21:50:09.061+0000] {dagbag.py:540} INFO - Filling up the DagBag from /home/airflow/.local/lib/python3.8/site-packages/airflow/example_dags/example_python_operator.py
[2024-04-04T21:50:09.068+0000] {processor.py:840} INFO - DAG(s) 'example_python_operator' retrieved from /home/airflow/.local/lib/python3.8/site-packages/airflow/example_dags/example_python_operator.py
[2024-04-04T21:50:09.085+0000] {logging_mixin.py:188} INFO - [2024-04-04T21:50:09.084+0000] {dag.py:3047} INFO - Sync 1 DAGs
[2024-04-04T21:50:09.097+0000] {logging_mixin.py:188} INFO - [2024-04-04T21:50:09.097+0000] {dag.py:3834} INFO - Setting next_dagrun for example_python_operator to None, run_after=None
[2024-04-04T21:50:09.113+0000] {processor.py:183} INFO - Processing /home/airflow/.local/lib/python3.8/site-packages/airflow/example_dags/example_python_operator.py took 0.056 seconds
[2024-04-04T21:50:39.472+0000] {processor.py:161} INFO - Started process (PID=1551) to work on /home/airflow/.local/lib/python3.8/site-packages/airflow/example_dags/example_python_operator.py
[2024-04-04T21:50:39.473+0000] {processor.py:830} INFO - Processing file /home/airflow/.local/lib/python3.8/site-packages/airflow/example_dags/example_python_operator.py for tasks to queue
[2024-04-04T21:50:39.475+0000] {logging_mixin.py:188} INFO - [2024-04-04T21:50:39.474+0000] {dagbag.py:540} INFO - Filling up the DagBag from /home/airflow/.local/lib/python3.8/site-packages/airflow/example_dags/example_python_operator.py
[2024-04-04T21:50:39.483+0000] {processor.py:840} INFO - DAG(s) 'example_python_operator' retrieved from /home/airflow/.local/lib/python3.8/site-packages/airflow/example_dags/example_python_operator.py
[2024-04-04T21:50:39.507+0000] {logging_mixin.py:188} INFO - [2024-04-04T21:50:39.507+0000] {dag.py:3047} INFO - Sync 1 DAGs
[2024-04-04T21:50:39.520+0000] {logging_mixin.py:188} INFO - [2024-04-04T21:50:39.520+0000] {dag.py:3834} INFO - Setting next_dagrun for example_python_operator to None, run_after=None
[2024-04-04T21:50:39.543+0000] {processor.py:183} INFO - Processing /home/airflow/.local/lib/python3.8/site-packages/airflow/example_dags/example_python_operator.py took 0.074 seconds
[2024-04-04T21:51:10.071+0000] {processor.py:161} INFO - Started process (PID=1606) to work on /home/airflow/.local/lib/python3.8/site-packages/airflow/example_dags/example_python_operator.py
[2024-04-04T21:51:10.072+0000] {processor.py:830} INFO - Processing file /home/airflow/.local/lib/python3.8/site-packages/airflow/example_dags/example_python_operator.py for tasks to queue
[2024-04-04T21:51:10.073+0000] {logging_mixin.py:188} INFO - [2024-04-04T21:51:10.073+0000] {dagbag.py:540} INFO - Filling up the DagBag from /home/airflow/.local/lib/python3.8/site-packages/airflow/example_dags/example_python_operator.py
[2024-04-04T21:51:10.080+0000] {processor.py:840} INFO - DAG(s) 'example_python_operator' retrieved from /home/airflow/.local/lib/python3.8/site-packages/airflow/example_dags/example_python_operator.py
[2024-04-04T21:51:10.096+0000] {logging_mixin.py:188} INFO - [2024-04-04T21:51:10.096+0000] {dag.py:3047} INFO - Sync 1 DAGs
[2024-04-04T21:51:10.105+0000] {logging_mixin.py:188} INFO - [2024-04-04T21:51:10.105+0000] {dag.py:3834} INFO - Setting next_dagrun for example_python_operator to None, run_after=None
[2024-04-04T21:51:10.124+0000] {processor.py:183} INFO - Processing /home/airflow/.local/lib/python3.8/site-packages/airflow/example_dags/example_python_operator.py took 0.054 seconds
[2024-04-04T21:51:40.343+0000] {processor.py:161} INFO - Started process (PID=1661) to work on /home/airflow/.local/lib/python3.8/site-packages/airflow/example_dags/example_python_operator.py
[2024-04-04T21:51:40.344+0000] {processor.py:830} INFO - Processing file /home/airflow/.local/lib/python3.8/site-packages/airflow/example_dags/example_python_operator.py for tasks to queue
[2024-04-04T21:51:40.345+0000] {logging_mixin.py:188} INFO - [2024-04-04T21:51:40.345+0000] {dagbag.py:540} INFO - Filling up the DagBag from /home/airflow/.local/lib/python3.8/site-packages/airflow/example_dags/example_python_operator.py
[2024-04-04T21:51:40.352+0000] {processor.py:840} INFO - DAG(s) 'example_python_operator' retrieved from /home/airflow/.local/lib/python3.8/site-packages/airflow/example_dags/example_python_operator.py
[2024-04-04T21:51:40.367+0000] {logging_mixin.py:188} INFO - [2024-04-04T21:51:40.366+0000] {dag.py:3047} INFO - Sync 1 DAGs
[2024-04-04T21:51:40.375+0000] {logging_mixin.py:188} INFO - [2024-04-04T21:51:40.375+0000] {dag.py:3834} INFO - Setting next_dagrun for example_python_operator to None, run_after=None
[2024-04-04T21:51:40.394+0000] {processor.py:183} INFO - Processing /home/airflow/.local/lib/python3.8/site-packages/airflow/example_dags/example_python_operator.py took 0.052 seconds
[2024-04-04T21:52:10.490+0000] {processor.py:161} INFO - Started process (PID=1716) to work on /home/airflow/.local/lib/python3.8/site-packages/airflow/example_dags/example_python_operator.py
[2024-04-04T21:52:10.491+0000] {processor.py:830} INFO - Processing file /home/airflow/.local/lib/python3.8/site-packages/airflow/example_dags/example_python_operator.py for tasks to queue
[2024-04-04T21:52:10.492+0000] {logging_mixin.py:188} INFO - [2024-04-04T21:52:10.492+0000] {dagbag.py:540} INFO - Filling up the DagBag from /home/airflow/.local/lib/python3.8/site-packages/airflow/example_dags/example_python_operator.py
[2024-04-04T21:52:10.500+0000] {processor.py:840} INFO - DAG(s) 'example_python_operator' retrieved from /home/airflow/.local/lib/python3.8/site-packages/airflow/example_dags/example_python_operator.py
[2024-04-04T21:52:10.517+0000] {logging_mixin.py:188} INFO - [2024-04-04T21:52:10.517+0000] {dag.py:3047} INFO - Sync 1 DAGs
[2024-04-04T21:52:10.528+0000] {logging_mixin.py:188} INFO - [2024-04-04T21:52:10.528+0000] {dag.py:3834} INFO - Setting next_dagrun for example_python_operator to None, run_after=None
[2024-04-04T21:52:10.548+0000] {processor.py:183} INFO - Processing /home/airflow/.local/lib/python3.8/site-packages/airflow/example_dags/example_python_operator.py took 0.060 seconds
[2024-04-04T21:52:40.887+0000] {processor.py:161} INFO - Started process (PID=1771) to work on /home/airflow/.local/lib/python3.8/site-packages/airflow/example_dags/example_python_operator.py
[2024-04-04T21:52:40.887+0000] {processor.py:830} INFO - Processing file /home/airflow/.local/lib/python3.8/site-packages/airflow/example_dags/example_python_operator.py for tasks to queue
[2024-04-04T21:52:40.889+0000] {logging_mixin.py:188} INFO - [2024-04-04T21:52:40.889+0000] {dagbag.py:540} INFO - Filling up the DagBag from /home/airflow/.local/lib/python3.8/site-packages/airflow/example_dags/example_python_operator.py
[2024-04-04T21:52:40.896+0000] {processor.py:840} INFO - DAG(s) 'example_python_operator' retrieved from /home/airflow/.local/lib/python3.8/site-packages/airflow/example_dags/example_python_operator.py
[2024-04-04T21:52:40.913+0000] {logging_mixin.py:188} INFO - [2024-04-04T21:52:40.913+0000] {dag.py:3047} INFO - Sync 1 DAGs
[2024-04-04T21:52:40.922+0000] {logging_mixin.py:188} INFO - [2024-04-04T21:52:40.921+0000] {dag.py:3834} INFO - Setting next_dagrun for example_python_operator to None, run_after=None
[2024-04-04T21:52:40.935+0000] {processor.py:183} INFO - Processing /home/airflow/.local/lib/python3.8/site-packages/airflow/example_dags/example_python_operator.py took 0.050 seconds
[2024-04-04T21:53:11.134+0000] {processor.py:161} INFO - Started process (PID=1826) to work on /home/airflow/.local/lib/python3.8/site-packages/airflow/example_dags/example_python_operator.py
[2024-04-04T21:53:11.134+0000] {processor.py:830} INFO - Processing file /home/airflow/.local/lib/python3.8/site-packages/airflow/example_dags/example_python_operator.py for tasks to queue
[2024-04-04T21:53:11.136+0000] {logging_mixin.py:188} INFO - [2024-04-04T21:53:11.135+0000] {dagbag.py:540} INFO - Filling up the DagBag from /home/airflow/.local/lib/python3.8/site-packages/airflow/example_dags/example_python_operator.py
[2024-04-04T21:53:11.142+0000] {processor.py:840} INFO - DAG(s) 'example_python_operator' retrieved from /home/airflow/.local/lib/python3.8/site-packages/airflow/example_dags/example_python_operator.py
[2024-04-04T21:53:11.157+0000] {logging_mixin.py:188} INFO - [2024-04-04T21:53:11.157+0000] {dag.py:3047} INFO - Sync 1 DAGs
[2024-04-04T21:53:11.166+0000] {logging_mixin.py:188} INFO - [2024-04-04T21:53:11.166+0000] {dag.py:3834} INFO - Setting next_dagrun for example_python_operator to None, run_after=None
[2024-04-04T21:53:11.181+0000] {processor.py:183} INFO - Processing /home/airflow/.local/lib/python3.8/site-packages/airflow/example_dags/example_python_operator.py took 0.049 seconds
[2024-04-04T21:53:41.421+0000] {processor.py:161} INFO - Started process (PID=1881) to work on /home/airflow/.local/lib/python3.8/site-packages/airflow/example_dags/example_python_operator.py
[2024-04-04T21:53:41.422+0000] {processor.py:830} INFO - Processing file /home/airflow/.local/lib/python3.8/site-packages/airflow/example_dags/example_python_operator.py for tasks to queue
[2024-04-04T21:53:41.424+0000] {logging_mixin.py:188} INFO - [2024-04-04T21:53:41.423+0000] {dagbag.py:540} INFO - Filling up the DagBag from /home/airflow/.local/lib/python3.8/site-packages/airflow/example_dags/example_python_operator.py
[2024-04-04T21:53:41.432+0000] {processor.py:840} INFO - DAG(s) 'example_python_operator' retrieved from /home/airflow/.local/lib/python3.8/site-packages/airflow/example_dags/example_python_operator.py
[2024-04-04T21:53:41.455+0000] {logging_mixin.py:188} INFO - [2024-04-04T21:53:41.455+0000] {dag.py:3047} INFO - Sync 1 DAGs
[2024-04-04T21:53:41.465+0000] {logging_mixin.py:188} INFO - [2024-04-04T21:53:41.464+0000] {dag.py:3834} INFO - Setting next_dagrun for example_python_operator to None, run_after=None
[2024-04-04T21:53:41.479+0000] {processor.py:183} INFO - Processing /home/airflow/.local/lib/python3.8/site-packages/airflow/example_dags/example_python_operator.py took 0.060 seconds
[2024-04-04T21:54:12.470+0000] {processor.py:161} INFO - Started process (PID=1936) to work on /home/airflow/.local/lib/python3.8/site-packages/airflow/example_dags/example_python_operator.py
[2024-04-04T21:54:12.470+0000] {processor.py:830} INFO - Processing file /home/airflow/.local/lib/python3.8/site-packages/airflow/example_dags/example_python_operator.py for tasks to queue
[2024-04-04T21:54:12.472+0000] {logging_mixin.py:188} INFO - [2024-04-04T21:54:12.472+0000] {dagbag.py:540} INFO - Filling up the DagBag from /home/airflow/.local/lib/python3.8/site-packages/airflow/example_dags/example_python_operator.py
[2024-04-04T21:54:12.479+0000] {processor.py:840} INFO - DAG(s) 'example_python_operator' retrieved from /home/airflow/.local/lib/python3.8/site-packages/airflow/example_dags/example_python_operator.py
[2024-04-04T21:54:12.497+0000] {logging_mixin.py:188} INFO - [2024-04-04T21:54:12.497+0000] {dag.py:3047} INFO - Sync 1 DAGs
[2024-04-04T21:54:12.507+0000] {logging_mixin.py:188} INFO - [2024-04-04T21:54:12.507+0000] {dag.py:3834} INFO - Setting next_dagrun for example_python_operator to None, run_after=None
[2024-04-04T21:54:12.522+0000] {processor.py:183} INFO - Processing /home/airflow/.local/lib/python3.8/site-packages/airflow/example_dags/example_python_operator.py took 0.055 seconds
[2024-04-04T21:54:42.886+0000] {processor.py:161} INFO - Started process (PID=1991) to work on /home/airflow/.local/lib/python3.8/site-packages/airflow/example_dags/example_python_operator.py
[2024-04-04T21:54:42.887+0000] {processor.py:830} INFO - Processing file /home/airflow/.local/lib/python3.8/site-packages/airflow/example_dags/example_python_operator.py for tasks to queue
[2024-04-04T21:54:42.888+0000] {logging_mixin.py:188} INFO - [2024-04-04T21:54:42.888+0000] {dagbag.py:540} INFO - Filling up the DagBag from /home/airflow/.local/lib/python3.8/site-packages/airflow/example_dags/example_python_operator.py
[2024-04-04T21:54:42.895+0000] {processor.py:840} INFO - DAG(s) 'example_python_operator' retrieved from /home/airflow/.local/lib/python3.8/site-packages/airflow/example_dags/example_python_operator.py
[2024-04-04T21:54:42.910+0000] {logging_mixin.py:188} INFO - [2024-04-04T21:54:42.910+0000] {dag.py:3047} INFO - Sync 1 DAGs
[2024-04-04T21:54:42.918+0000] {logging_mixin.py:188} INFO - [2024-04-04T21:54:42.918+0000] {dag.py:3834} INFO - Setting next_dagrun for example_python_operator to None, run_after=None
[2024-04-04T21:54:42.932+0000] {processor.py:183} INFO - Processing /home/airflow/.local/lib/python3.8/site-packages/airflow/example_dags/example_python_operator.py took 0.048 seconds
[2024-04-04T21:55:13.036+0000] {processor.py:161} INFO - Started process (PID=2046) to work on /home/airflow/.local/lib/python3.8/site-packages/airflow/example_dags/example_python_operator.py
[2024-04-04T21:55:13.037+0000] {processor.py:830} INFO - Processing file /home/airflow/.local/lib/python3.8/site-packages/airflow/example_dags/example_python_operator.py for tasks to queue
[2024-04-04T21:55:13.038+0000] {logging_mixin.py:188} INFO - [2024-04-04T21:55:13.038+0000] {dagbag.py:540} INFO - Filling up the DagBag from /home/airflow/.local/lib/python3.8/site-packages/airflow/example_dags/example_python_operator.py
[2024-04-04T21:55:13.045+0000] {processor.py:840} INFO - DAG(s) 'example_python_operator' retrieved from /home/airflow/.local/lib/python3.8/site-packages/airflow/example_dags/example_python_operator.py
[2024-04-04T21:55:13.060+0000] {logging_mixin.py:188} INFO - [2024-04-04T21:55:13.060+0000] {dag.py:3047} INFO - Sync 1 DAGs
[2024-04-04T21:55:13.069+0000] {logging_mixin.py:188} INFO - [2024-04-04T21:55:13.069+0000] {dag.py:3834} INFO - Setting next_dagrun for example_python_operator to None, run_after=None
[2024-04-04T21:55:13.083+0000] {processor.py:183} INFO - Processing /home/airflow/.local/lib/python3.8/site-packages/airflow/example_dags/example_python_operator.py took 0.049 seconds
[2024-04-04T21:55:43.358+0000] {processor.py:161} INFO - Started process (PID=2101) to work on /home/airflow/.local/lib/python3.8/site-packages/airflow/example_dags/example_python_operator.py
[2024-04-04T21:55:43.359+0000] {processor.py:830} INFO - Processing file /home/airflow/.local/lib/python3.8/site-packages/airflow/example_dags/example_python_operator.py for tasks to queue
[2024-04-04T21:55:43.360+0000] {logging_mixin.py:188} INFO - [2024-04-04T21:55:43.360+0000] {dagbag.py:540} INFO - Filling up the DagBag from /home/airflow/.local/lib/python3.8/site-packages/airflow/example_dags/example_python_operator.py
[2024-04-04T21:55:43.367+0000] {processor.py:840} INFO - DAG(s) 'example_python_operator' retrieved from /home/airflow/.local/lib/python3.8/site-packages/airflow/example_dags/example_python_operator.py
[2024-04-04T21:55:43.383+0000] {logging_mixin.py:188} INFO - [2024-04-04T21:55:43.383+0000] {dag.py:3047} INFO - Sync 1 DAGs
[2024-04-04T21:55:43.392+0000] {logging_mixin.py:188} INFO - [2024-04-04T21:55:43.392+0000] {dag.py:3834} INFO - Setting next_dagrun for example_python_operator to None, run_after=None
[2024-04-04T21:55:43.407+0000] {processor.py:183} INFO - Processing /home/airflow/.local/lib/python3.8/site-packages/airflow/example_dags/example_python_operator.py took 0.051 seconds
[2024-04-04T21:56:13.537+0000] {processor.py:161} INFO - Started process (PID=2156) to work on /home/airflow/.local/lib/python3.8/site-packages/airflow/example_dags/example_python_operator.py
[2024-04-04T21:56:13.538+0000] {processor.py:830} INFO - Processing file /home/airflow/.local/lib/python3.8/site-packages/airflow/example_dags/example_python_operator.py for tasks to queue
[2024-04-04T21:56:13.539+0000] {logging_mixin.py:188} INFO - [2024-04-04T21:56:13.539+0000] {dagbag.py:540} INFO - Filling up the DagBag from /home/airflow/.local/lib/python3.8/site-packages/airflow/example_dags/example_python_operator.py
[2024-04-04T21:56:13.546+0000] {processor.py:840} INFO - DAG(s) 'example_python_operator' retrieved from /home/airflow/.local/lib/python3.8/site-packages/airflow/example_dags/example_python_operator.py
[2024-04-04T21:56:13.562+0000] {logging_mixin.py:188} INFO - [2024-04-04T21:56:13.561+0000] {dag.py:3047} INFO - Sync 1 DAGs
[2024-04-04T21:56:13.571+0000] {logging_mixin.py:188} INFO - [2024-04-04T21:56:13.571+0000] {dag.py:3834} INFO - Setting next_dagrun for example_python_operator to None, run_after=None
[2024-04-04T21:56:13.586+0000] {processor.py:183} INFO - Processing /home/airflow/.local/lib/python3.8/site-packages/airflow/example_dags/example_python_operator.py took 0.051 seconds
[2024-04-04T21:56:43.768+0000] {processor.py:161} INFO - Started process (PID=2211) to work on /home/airflow/.local/lib/python3.8/site-packages/airflow/example_dags/example_python_operator.py
[2024-04-04T21:56:43.769+0000] {processor.py:830} INFO - Processing file /home/airflow/.local/lib/python3.8/site-packages/airflow/example_dags/example_python_operator.py for tasks to queue
[2024-04-04T21:56:43.770+0000] {logging_mixin.py:188} INFO - [2024-04-04T21:56:43.770+0000] {dagbag.py:540} INFO - Filling up the DagBag from /home/airflow/.local/lib/python3.8/site-packages/airflow/example_dags/example_python_operator.py
[2024-04-04T21:56:43.777+0000] {processor.py:840} INFO - DAG(s) 'example_python_operator' retrieved from /home/airflow/.local/lib/python3.8/site-packages/airflow/example_dags/example_python_operator.py
[2024-04-04T21:56:43.792+0000] {logging_mixin.py:188} INFO - [2024-04-04T21:56:43.792+0000] {dag.py:3047} INFO - Sync 1 DAGs
[2024-04-04T21:56:43.800+0000] {logging_mixin.py:188} INFO - [2024-04-04T21:56:43.800+0000] {dag.py:3834} INFO - Setting next_dagrun for example_python_operator to None, run_after=None
[2024-04-04T21:56:43.813+0000] {processor.py:183} INFO - Processing /home/airflow/.local/lib/python3.8/site-packages/airflow/example_dags/example_python_operator.py took 0.047 seconds
[2024-04-04T21:57:13.928+0000] {processor.py:161} INFO - Started process (PID=2266) to work on /home/airflow/.local/lib/python3.8/site-packages/airflow/example_dags/example_python_operator.py
[2024-04-04T21:57:13.929+0000] {processor.py:830} INFO - Processing file /home/airflow/.local/lib/python3.8/site-packages/airflow/example_dags/example_python_operator.py for tasks to queue
[2024-04-04T21:57:13.930+0000] {logging_mixin.py:188} INFO - [2024-04-04T21:57:13.930+0000] {dagbag.py:540} INFO - Filling up the DagBag from /home/airflow/.local/lib/python3.8/site-packages/airflow/example_dags/example_python_operator.py
[2024-04-04T21:57:13.937+0000] {processor.py:840} INFO - DAG(s) 'example_python_operator' retrieved from /home/airflow/.local/lib/python3.8/site-packages/airflow/example_dags/example_python_operator.py
[2024-04-04T21:57:13.956+0000] {logging_mixin.py:188} INFO - [2024-04-04T21:57:13.955+0000] {dag.py:3047} INFO - Sync 1 DAGs
[2024-04-04T21:57:13.964+0000] {logging_mixin.py:188} INFO - [2024-04-04T21:57:13.964+0000] {dag.py:3834} INFO - Setting next_dagrun for example_python_operator to None, run_after=None
[2024-04-04T21:57:13.979+0000] {processor.py:183} INFO - Processing /home/airflow/.local/lib/python3.8/site-packages/airflow/example_dags/example_python_operator.py took 0.053 seconds
[2024-04-04T21:57:44.209+0000] {processor.py:161} INFO - Started process (PID=2321) to work on /home/airflow/.local/lib/python3.8/site-packages/airflow/example_dags/example_python_operator.py
[2024-04-04T21:57:44.210+0000] {processor.py:830} INFO - Processing file /home/airflow/.local/lib/python3.8/site-packages/airflow/example_dags/example_python_operator.py for tasks to queue
[2024-04-04T21:57:44.212+0000] {logging_mixin.py:188} INFO - [2024-04-04T21:57:44.211+0000] {dagbag.py:540} INFO - Filling up the DagBag from /home/airflow/.local/lib/python3.8/site-packages/airflow/example_dags/example_python_operator.py
[2024-04-04T21:57:44.219+0000] {processor.py:840} INFO - DAG(s) 'example_python_operator' retrieved from /home/airflow/.local/lib/python3.8/site-packages/airflow/example_dags/example_python_operator.py
[2024-04-04T21:57:44.238+0000] {logging_mixin.py:188} INFO - [2024-04-04T21:57:44.237+0000] {dag.py:3047} INFO - Sync 1 DAGs
[2024-04-04T21:57:44.249+0000] {logging_mixin.py:188} INFO - [2024-04-04T21:57:44.249+0000] {dag.py:3834} INFO - Setting next_dagrun for example_python_operator to None, run_after=None
[2024-04-04T21:57:44.267+0000] {processor.py:183} INFO - Processing /home/airflow/.local/lib/python3.8/site-packages/airflow/example_dags/example_python_operator.py took 0.060 seconds
[2024-04-04T21:58:14.286+0000] {processor.py:161} INFO - Started process (PID=2375) to work on /home/airflow/.local/lib/python3.8/site-packages/airflow/example_dags/example_python_operator.py
[2024-04-04T21:58:14.287+0000] {processor.py:830} INFO - Processing file /home/airflow/.local/lib/python3.8/site-packages/airflow/example_dags/example_python_operator.py for tasks to queue
[2024-04-04T21:58:14.288+0000] {logging_mixin.py:188} INFO - [2024-04-04T21:58:14.288+0000] {dagbag.py:540} INFO - Filling up the DagBag from /home/airflow/.local/lib/python3.8/site-packages/airflow/example_dags/example_python_operator.py
[2024-04-04T21:58:14.296+0000] {processor.py:840} INFO - DAG(s) 'example_python_operator' retrieved from /home/airflow/.local/lib/python3.8/site-packages/airflow/example_dags/example_python_operator.py
[2024-04-04T21:58:14.313+0000] {logging_mixin.py:188} INFO - [2024-04-04T21:58:14.313+0000] {dag.py:3047} INFO - Sync 1 DAGs
[2024-04-04T21:58:14.323+0000] {logging_mixin.py:188} INFO - [2024-04-04T21:58:14.322+0000] {dag.py:3834} INFO - Setting next_dagrun for example_python_operator to None, run_after=None
[2024-04-04T21:58:14.339+0000] {processor.py:183} INFO - Processing /home/airflow/.local/lib/python3.8/site-packages/airflow/example_dags/example_python_operator.py took 0.055 seconds
[2024-04-04T21:58:44.934+0000] {processor.py:161} INFO - Started process (PID=2430) to work on /home/airflow/.local/lib/python3.8/site-packages/airflow/example_dags/example_python_operator.py
[2024-04-04T21:58:44.935+0000] {processor.py:830} INFO - Processing file /home/airflow/.local/lib/python3.8/site-packages/airflow/example_dags/example_python_operator.py for tasks to queue
[2024-04-04T21:58:44.937+0000] {logging_mixin.py:188} INFO - [2024-04-04T21:58:44.936+0000] {dagbag.py:540} INFO - Filling up the DagBag from /home/airflow/.local/lib/python3.8/site-packages/airflow/example_dags/example_python_operator.py
[2024-04-04T21:58:44.946+0000] {processor.py:840} INFO - DAG(s) 'example_python_operator' retrieved from /home/airflow/.local/lib/python3.8/site-packages/airflow/example_dags/example_python_operator.py
[2024-04-04T21:58:44.966+0000] {logging_mixin.py:188} INFO - [2024-04-04T21:58:44.966+0000] {dag.py:3047} INFO - Sync 1 DAGs
[2024-04-04T21:58:44.976+0000] {logging_mixin.py:188} INFO - [2024-04-04T21:58:44.976+0000] {dag.py:3834} INFO - Setting next_dagrun for example_python_operator to None, run_after=None
[2024-04-04T21:58:44.994+0000] {processor.py:183} INFO - Processing /home/airflow/.local/lib/python3.8/site-packages/airflow/example_dags/example_python_operator.py took 0.063 seconds
[2024-04-04T21:59:16.199+0000] {processor.py:161} INFO - Started process (PID=2485) to work on /home/airflow/.local/lib/python3.8/site-packages/airflow/example_dags/example_python_operator.py
[2024-04-04T21:59:16.200+0000] {processor.py:830} INFO - Processing file /home/airflow/.local/lib/python3.8/site-packages/airflow/example_dags/example_python_operator.py for tasks to queue
[2024-04-04T21:59:16.203+0000] {logging_mixin.py:188} INFO - [2024-04-04T21:59:16.203+0000] {dagbag.py:540} INFO - Filling up the DagBag from /home/airflow/.local/lib/python3.8/site-packages/airflow/example_dags/example_python_operator.py
[2024-04-04T21:59:16.221+0000] {processor.py:840} INFO - DAG(s) 'example_python_operator' retrieved from /home/airflow/.local/lib/python3.8/site-packages/airflow/example_dags/example_python_operator.py
[2024-04-04T21:59:16.269+0000] {logging_mixin.py:188} INFO - [2024-04-04T21:59:16.267+0000] {dag.py:3047} INFO - Sync 1 DAGs
[2024-04-04T21:59:16.294+0000] {logging_mixin.py:188} INFO - [2024-04-04T21:59:16.294+0000] {dag.py:3834} INFO - Setting next_dagrun for example_python_operator to None, run_after=None
[2024-04-04T21:59:16.329+0000] {processor.py:183} INFO - Processing /home/airflow/.local/lib/python3.8/site-packages/airflow/example_dags/example_python_operator.py took 0.135 seconds
[2024-04-04T21:59:46.607+0000] {processor.py:161} INFO - Started process (PID=2540) to work on /home/airflow/.local/lib/python3.8/site-packages/airflow/example_dags/example_python_operator.py
[2024-04-04T21:59:46.608+0000] {processor.py:830} INFO - Processing file /home/airflow/.local/lib/python3.8/site-packages/airflow/example_dags/example_python_operator.py for tasks to queue
[2024-04-04T21:59:46.610+0000] {logging_mixin.py:188} INFO - [2024-04-04T21:59:46.609+0000] {dagbag.py:540} INFO - Filling up the DagBag from /home/airflow/.local/lib/python3.8/site-packages/airflow/example_dags/example_python_operator.py
[2024-04-04T21:59:46.618+0000] {processor.py:840} INFO - DAG(s) 'example_python_operator' retrieved from /home/airflow/.local/lib/python3.8/site-packages/airflow/example_dags/example_python_operator.py
[2024-04-04T21:59:46.637+0000] {logging_mixin.py:188} INFO - [2024-04-04T21:59:46.636+0000] {dag.py:3047} INFO - Sync 1 DAGs
[2024-04-04T21:59:46.646+0000] {logging_mixin.py:188} INFO - [2024-04-04T21:59:46.646+0000] {dag.py:3834} INFO - Setting next_dagrun for example_python_operator to None, run_after=None
[2024-04-04T21:59:46.707+0000] {processor.py:183} INFO - Processing /home/airflow/.local/lib/python3.8/site-packages/airflow/example_dags/example_python_operator.py took 0.103 seconds
[2024-04-04T22:00:17.643+0000] {processor.py:161} INFO - Started process (PID=2594) to work on /home/airflow/.local/lib/python3.8/site-packages/airflow/example_dags/example_python_operator.py
[2024-04-04T22:00:17.657+0000] {processor.py:830} INFO - Processing file /home/airflow/.local/lib/python3.8/site-packages/airflow/example_dags/example_python_operator.py for tasks to queue
[2024-04-04T22:00:17.690+0000] {logging_mixin.py:188} INFO - [2024-04-04T22:00:17.689+0000] {dagbag.py:540} INFO - Filling up the DagBag from /home/airflow/.local/lib/python3.8/site-packages/airflow/example_dags/example_python_operator.py
[2024-04-04T22:00:17.745+0000] {processor.py:840} INFO - DAG(s) 'example_python_operator' retrieved from /home/airflow/.local/lib/python3.8/site-packages/airflow/example_dags/example_python_operator.py
[2024-04-04T22:00:17.792+0000] {logging_mixin.py:188} INFO - [2024-04-04T22:00:17.792+0000] {dag.py:3047} INFO - Sync 1 DAGs
[2024-04-04T22:00:17.824+0000] {logging_mixin.py:188} INFO - [2024-04-04T22:00:17.823+0000] {dag.py:3834} INFO - Setting next_dagrun for example_python_operator to None, run_after=None
[2024-04-04T22:00:17.864+0000] {processor.py:183} INFO - Processing /home/airflow/.local/lib/python3.8/site-packages/airflow/example_dags/example_python_operator.py took 0.224 seconds
