[2024-04-04T21:36:58.894+0000] {processor.py:161} INFO - Started process (PID=51) to work on /home/airflow/.local/lib/python3.8/site-packages/airflow/example_dags/example_complex.py
[2024-04-04T21:36:58.895+0000] {processor.py:830} INFO - Processing file /home/airflow/.local/lib/python3.8/site-packages/airflow/example_dags/example_complex.py for tasks to queue
[2024-04-04T21:36:58.898+0000] {logging_mixin.py:188} INFO - [2024-04-04T21:36:58.898+0000] {dagbag.py:540} INFO - Filling up the DagBag from /home/airflow/.local/lib/python3.8/site-packages/airflow/example_dags/example_complex.py
[2024-04-04T21:36:58.919+0000] {processor.py:840} INFO - DAG(s) 'example_complex' retrieved from /home/airflow/.local/lib/python3.8/site-packages/airflow/example_dags/example_complex.py
[2024-04-04T21:36:58.959+0000] {logging_mixin.py:188} INFO - [2024-04-04T21:36:58.958+0000] {dag.py:3047} INFO - Sync 1 DAGs
[2024-04-04T21:36:58.972+0000] {logging_mixin.py:188} INFO - [2024-04-04T21:36:58.972+0000] {dag.py:3834} INFO - Setting next_dagrun for example_complex to None, run_after=None
[2024-04-04T21:36:58.996+0000] {processor.py:183} INFO - Processing /home/airflow/.local/lib/python3.8/site-packages/airflow/example_dags/example_complex.py took 0.107 seconds
[2024-04-04T21:37:29.671+0000] {processor.py:161} INFO - Started process (PID=106) to work on /home/airflow/.local/lib/python3.8/site-packages/airflow/example_dags/example_complex.py
[2024-04-04T21:37:29.672+0000] {processor.py:830} INFO - Processing file /home/airflow/.local/lib/python3.8/site-packages/airflow/example_dags/example_complex.py for tasks to queue
[2024-04-04T21:37:29.674+0000] {logging_mixin.py:188} INFO - [2024-04-04T21:37:29.674+0000] {dagbag.py:540} INFO - Filling up the DagBag from /home/airflow/.local/lib/python3.8/site-packages/airflow/example_dags/example_complex.py
[2024-04-04T21:37:29.683+0000] {processor.py:840} INFO - DAG(s) 'example_complex' retrieved from /home/airflow/.local/lib/python3.8/site-packages/airflow/example_dags/example_complex.py
[2024-04-04T21:37:29.708+0000] {logging_mixin.py:188} INFO - [2024-04-04T21:37:29.708+0000] {dag.py:3047} INFO - Sync 1 DAGs
[2024-04-04T21:37:29.718+0000] {logging_mixin.py:188} INFO - [2024-04-04T21:37:29.717+0000] {dag.py:3834} INFO - Setting next_dagrun for example_complex to None, run_after=None
[2024-04-04T21:37:29.732+0000] {processor.py:183} INFO - Processing /home/airflow/.local/lib/python3.8/site-packages/airflow/example_dags/example_complex.py took 0.063 seconds
[2024-04-04T21:37:59.944+0000] {processor.py:161} INFO - Started process (PID=161) to work on /home/airflow/.local/lib/python3.8/site-packages/airflow/example_dags/example_complex.py
[2024-04-04T21:37:59.945+0000] {processor.py:830} INFO - Processing file /home/airflow/.local/lib/python3.8/site-packages/airflow/example_dags/example_complex.py for tasks to queue
[2024-04-04T21:37:59.946+0000] {logging_mixin.py:188} INFO - [2024-04-04T21:37:59.946+0000] {dagbag.py:540} INFO - Filling up the DagBag from /home/airflow/.local/lib/python3.8/site-packages/airflow/example_dags/example_complex.py
[2024-04-04T21:37:59.954+0000] {processor.py:840} INFO - DAG(s) 'example_complex' retrieved from /home/airflow/.local/lib/python3.8/site-packages/airflow/example_dags/example_complex.py
[2024-04-04T21:37:59.979+0000] {logging_mixin.py:188} INFO - [2024-04-04T21:37:59.978+0000] {dag.py:3047} INFO - Sync 1 DAGs
[2024-04-04T21:37:59.987+0000] {logging_mixin.py:188} INFO - [2024-04-04T21:37:59.987+0000] {dag.py:3834} INFO - Setting next_dagrun for example_complex to None, run_after=None
[2024-04-04T21:38:00.001+0000] {processor.py:183} INFO - Processing /home/airflow/.local/lib/python3.8/site-packages/airflow/example_dags/example_complex.py took 0.059 seconds
[2024-04-04T21:38:30.267+0000] {processor.py:161} INFO - Started process (PID=216) to work on /home/airflow/.local/lib/python3.8/site-packages/airflow/example_dags/example_complex.py
[2024-04-04T21:38:30.268+0000] {processor.py:830} INFO - Processing file /home/airflow/.local/lib/python3.8/site-packages/airflow/example_dags/example_complex.py for tasks to queue
[2024-04-04T21:38:30.270+0000] {logging_mixin.py:188} INFO - [2024-04-04T21:38:30.269+0000] {dagbag.py:540} INFO - Filling up the DagBag from /home/airflow/.local/lib/python3.8/site-packages/airflow/example_dags/example_complex.py
[2024-04-04T21:38:30.278+0000] {processor.py:840} INFO - DAG(s) 'example_complex' retrieved from /home/airflow/.local/lib/python3.8/site-packages/airflow/example_dags/example_complex.py
[2024-04-04T21:38:30.302+0000] {logging_mixin.py:188} INFO - [2024-04-04T21:38:30.302+0000] {dag.py:3047} INFO - Sync 1 DAGs
[2024-04-04T21:38:30.311+0000] {logging_mixin.py:188} INFO - [2024-04-04T21:38:30.311+0000] {dag.py:3834} INFO - Setting next_dagrun for example_complex to None, run_after=None
[2024-04-04T21:38:30.326+0000] {processor.py:183} INFO - Processing /home/airflow/.local/lib/python3.8/site-packages/airflow/example_dags/example_complex.py took 0.061 seconds
[2024-04-04T21:39:00.665+0000] {processor.py:161} INFO - Started process (PID=272) to work on /home/airflow/.local/lib/python3.8/site-packages/airflow/example_dags/example_complex.py
[2024-04-04T21:39:00.666+0000] {processor.py:830} INFO - Processing file /home/airflow/.local/lib/python3.8/site-packages/airflow/example_dags/example_complex.py for tasks to queue
[2024-04-04T21:39:00.667+0000] {logging_mixin.py:188} INFO - [2024-04-04T21:39:00.667+0000] {dagbag.py:540} INFO - Filling up the DagBag from /home/airflow/.local/lib/python3.8/site-packages/airflow/example_dags/example_complex.py
[2024-04-04T21:39:00.676+0000] {processor.py:840} INFO - DAG(s) 'example_complex' retrieved from /home/airflow/.local/lib/python3.8/site-packages/airflow/example_dags/example_complex.py
[2024-04-04T21:39:00.699+0000] {logging_mixin.py:188} INFO - [2024-04-04T21:39:00.699+0000] {dag.py:3047} INFO - Sync 1 DAGs
[2024-04-04T21:39:00.708+0000] {logging_mixin.py:188} INFO - [2024-04-04T21:39:00.708+0000] {dag.py:3834} INFO - Setting next_dagrun for example_complex to None, run_after=None
[2024-04-04T21:39:00.722+0000] {processor.py:183} INFO - Processing /home/airflow/.local/lib/python3.8/site-packages/airflow/example_dags/example_complex.py took 0.059 seconds
[2024-04-04T21:39:30.896+0000] {processor.py:161} INFO - Started process (PID=327) to work on /home/airflow/.local/lib/python3.8/site-packages/airflow/example_dags/example_complex.py
[2024-04-04T21:39:30.897+0000] {processor.py:830} INFO - Processing file /home/airflow/.local/lib/python3.8/site-packages/airflow/example_dags/example_complex.py for tasks to queue
[2024-04-04T21:39:30.898+0000] {logging_mixin.py:188} INFO - [2024-04-04T21:39:30.898+0000] {dagbag.py:540} INFO - Filling up the DagBag from /home/airflow/.local/lib/python3.8/site-packages/airflow/example_dags/example_complex.py
[2024-04-04T21:39:30.907+0000] {processor.py:840} INFO - DAG(s) 'example_complex' retrieved from /home/airflow/.local/lib/python3.8/site-packages/airflow/example_dags/example_complex.py
[2024-04-04T21:39:30.932+0000] {logging_mixin.py:188} INFO - [2024-04-04T21:39:30.932+0000] {dag.py:3047} INFO - Sync 1 DAGs
[2024-04-04T21:39:30.941+0000] {logging_mixin.py:188} INFO - [2024-04-04T21:39:30.941+0000] {dag.py:3834} INFO - Setting next_dagrun for example_complex to None, run_after=None
[2024-04-04T21:39:30.957+0000] {processor.py:183} INFO - Processing /home/airflow/.local/lib/python3.8/site-packages/airflow/example_dags/example_complex.py took 0.063 seconds
[2024-04-04T21:40:01.045+0000] {processor.py:161} INFO - Started process (PID=382) to work on /home/airflow/.local/lib/python3.8/site-packages/airflow/example_dags/example_complex.py
[2024-04-04T21:40:01.046+0000] {processor.py:830} INFO - Processing file /home/airflow/.local/lib/python3.8/site-packages/airflow/example_dags/example_complex.py for tasks to queue
[2024-04-04T21:40:01.047+0000] {logging_mixin.py:188} INFO - [2024-04-04T21:40:01.047+0000] {dagbag.py:540} INFO - Filling up the DagBag from /home/airflow/.local/lib/python3.8/site-packages/airflow/example_dags/example_complex.py
[2024-04-04T21:40:01.056+0000] {processor.py:840} INFO - DAG(s) 'example_complex' retrieved from /home/airflow/.local/lib/python3.8/site-packages/airflow/example_dags/example_complex.py
[2024-04-04T21:40:01.079+0000] {logging_mixin.py:188} INFO - [2024-04-04T21:40:01.079+0000] {dag.py:3047} INFO - Sync 1 DAGs
[2024-04-04T21:40:01.089+0000] {logging_mixin.py:188} INFO - [2024-04-04T21:40:01.088+0000] {dag.py:3834} INFO - Setting next_dagrun for example_complex to None, run_after=None
[2024-04-04T21:40:01.104+0000] {processor.py:183} INFO - Processing /home/airflow/.local/lib/python3.8/site-packages/airflow/example_dags/example_complex.py took 0.061 seconds
[2024-04-04T21:40:31.211+0000] {processor.py:161} INFO - Started process (PID=436) to work on /home/airflow/.local/lib/python3.8/site-packages/airflow/example_dags/example_complex.py
[2024-04-04T21:40:31.212+0000] {processor.py:830} INFO - Processing file /home/airflow/.local/lib/python3.8/site-packages/airflow/example_dags/example_complex.py for tasks to queue
[2024-04-04T21:40:31.213+0000] {logging_mixin.py:188} INFO - [2024-04-04T21:40:31.213+0000] {dagbag.py:540} INFO - Filling up the DagBag from /home/airflow/.local/lib/python3.8/site-packages/airflow/example_dags/example_complex.py
[2024-04-04T21:40:31.221+0000] {processor.py:840} INFO - DAG(s) 'example_complex' retrieved from /home/airflow/.local/lib/python3.8/site-packages/airflow/example_dags/example_complex.py
[2024-04-04T21:40:31.246+0000] {logging_mixin.py:188} INFO - [2024-04-04T21:40:31.245+0000] {dag.py:3047} INFO - Sync 1 DAGs
[2024-04-04T21:40:31.259+0000] {logging_mixin.py:188} INFO - [2024-04-04T21:40:31.259+0000] {dag.py:3834} INFO - Setting next_dagrun for example_complex to None, run_after=None
[2024-04-04T21:40:31.275+0000] {processor.py:183} INFO - Processing /home/airflow/.local/lib/python3.8/site-packages/airflow/example_dags/example_complex.py took 0.066 seconds
[2024-04-04T21:41:01.529+0000] {processor.py:161} INFO - Started process (PID=491) to work on /home/airflow/.local/lib/python3.8/site-packages/airflow/example_dags/example_complex.py
[2024-04-04T21:41:01.530+0000] {processor.py:830} INFO - Processing file /home/airflow/.local/lib/python3.8/site-packages/airflow/example_dags/example_complex.py for tasks to queue
[2024-04-04T21:41:01.531+0000] {logging_mixin.py:188} INFO - [2024-04-04T21:41:01.531+0000] {dagbag.py:540} INFO - Filling up the DagBag from /home/airflow/.local/lib/python3.8/site-packages/airflow/example_dags/example_complex.py
[2024-04-04T21:41:01.541+0000] {processor.py:840} INFO - DAG(s) 'example_complex' retrieved from /home/airflow/.local/lib/python3.8/site-packages/airflow/example_dags/example_complex.py
[2024-04-04T21:41:01.565+0000] {logging_mixin.py:188} INFO - [2024-04-04T21:41:01.565+0000] {dag.py:3047} INFO - Sync 1 DAGs
[2024-04-04T21:41:01.575+0000] {logging_mixin.py:188} INFO - [2024-04-04T21:41:01.575+0000] {dag.py:3834} INFO - Setting next_dagrun for example_complex to None, run_after=None
[2024-04-04T21:41:01.590+0000] {processor.py:183} INFO - Processing /home/airflow/.local/lib/python3.8/site-packages/airflow/example_dags/example_complex.py took 0.064 seconds
[2024-04-04T21:41:31.804+0000] {processor.py:161} INFO - Started process (PID=546) to work on /home/airflow/.local/lib/python3.8/site-packages/airflow/example_dags/example_complex.py
[2024-04-04T21:41:31.804+0000] {processor.py:830} INFO - Processing file /home/airflow/.local/lib/python3.8/site-packages/airflow/example_dags/example_complex.py for tasks to queue
[2024-04-04T21:41:31.806+0000] {logging_mixin.py:188} INFO - [2024-04-04T21:41:31.805+0000] {dagbag.py:540} INFO - Filling up the DagBag from /home/airflow/.local/lib/python3.8/site-packages/airflow/example_dags/example_complex.py
[2024-04-04T21:41:31.814+0000] {processor.py:840} INFO - DAG(s) 'example_complex' retrieved from /home/airflow/.local/lib/python3.8/site-packages/airflow/example_dags/example_complex.py
[2024-04-04T21:41:31.838+0000] {logging_mixin.py:188} INFO - [2024-04-04T21:41:31.838+0000] {dag.py:3047} INFO - Sync 1 DAGs
[2024-04-04T21:41:31.848+0000] {logging_mixin.py:188} INFO - [2024-04-04T21:41:31.847+0000] {dag.py:3834} INFO - Setting next_dagrun for example_complex to None, run_after=None
[2024-04-04T21:41:31.862+0000] {processor.py:183} INFO - Processing /home/airflow/.local/lib/python3.8/site-packages/airflow/example_dags/example_complex.py took 0.061 seconds
[2024-04-04T21:42:02.257+0000] {processor.py:161} INFO - Started process (PID=601) to work on /home/airflow/.local/lib/python3.8/site-packages/airflow/example_dags/example_complex.py
[2024-04-04T21:42:02.257+0000] {processor.py:830} INFO - Processing file /home/airflow/.local/lib/python3.8/site-packages/airflow/example_dags/example_complex.py for tasks to queue
[2024-04-04T21:42:02.259+0000] {logging_mixin.py:188} INFO - [2024-04-04T21:42:02.259+0000] {dagbag.py:540} INFO - Filling up the DagBag from /home/airflow/.local/lib/python3.8/site-packages/airflow/example_dags/example_complex.py
[2024-04-04T21:42:02.269+0000] {processor.py:840} INFO - DAG(s) 'example_complex' retrieved from /home/airflow/.local/lib/python3.8/site-packages/airflow/example_dags/example_complex.py
[2024-04-04T21:42:02.298+0000] {logging_mixin.py:188} INFO - [2024-04-04T21:42:02.298+0000] {dag.py:3047} INFO - Sync 1 DAGs
[2024-04-04T21:42:02.308+0000] {logging_mixin.py:188} INFO - [2024-04-04T21:42:02.308+0000] {dag.py:3834} INFO - Setting next_dagrun for example_complex to None, run_after=None
[2024-04-04T21:42:02.334+0000] {processor.py:183} INFO - Processing /home/airflow/.local/lib/python3.8/site-packages/airflow/example_dags/example_complex.py took 0.079 seconds
[2024-04-04T21:42:33.091+0000] {processor.py:161} INFO - Started process (PID=658) to work on /home/airflow/.local/lib/python3.8/site-packages/airflow/example_dags/example_complex.py
[2024-04-04T21:42:33.091+0000] {processor.py:830} INFO - Processing file /home/airflow/.local/lib/python3.8/site-packages/airflow/example_dags/example_complex.py for tasks to queue
[2024-04-04T21:42:33.093+0000] {logging_mixin.py:188} INFO - [2024-04-04T21:42:33.092+0000] {dagbag.py:540} INFO - Filling up the DagBag from /home/airflow/.local/lib/python3.8/site-packages/airflow/example_dags/example_complex.py
[2024-04-04T21:42:33.102+0000] {processor.py:840} INFO - DAG(s) 'example_complex' retrieved from /home/airflow/.local/lib/python3.8/site-packages/airflow/example_dags/example_complex.py
[2024-04-04T21:42:33.128+0000] {logging_mixin.py:188} INFO - [2024-04-04T21:42:33.128+0000] {dag.py:3047} INFO - Sync 1 DAGs
[2024-04-04T21:42:33.140+0000] {logging_mixin.py:188} INFO - [2024-04-04T21:42:33.139+0000] {dag.py:3834} INFO - Setting next_dagrun for example_complex to None, run_after=None
[2024-04-04T21:42:33.154+0000] {processor.py:183} INFO - Processing /home/airflow/.local/lib/python3.8/site-packages/airflow/example_dags/example_complex.py took 0.065 seconds
[2024-04-04T21:43:03.649+0000] {processor.py:161} INFO - Started process (PID=713) to work on /home/airflow/.local/lib/python3.8/site-packages/airflow/example_dags/example_complex.py
[2024-04-04T21:43:03.649+0000] {processor.py:830} INFO - Processing file /home/airflow/.local/lib/python3.8/site-packages/airflow/example_dags/example_complex.py for tasks to queue
[2024-04-04T21:43:03.651+0000] {logging_mixin.py:188} INFO - [2024-04-04T21:43:03.650+0000] {dagbag.py:540} INFO - Filling up the DagBag from /home/airflow/.local/lib/python3.8/site-packages/airflow/example_dags/example_complex.py
[2024-04-04T21:43:03.659+0000] {processor.py:840} INFO - DAG(s) 'example_complex' retrieved from /home/airflow/.local/lib/python3.8/site-packages/airflow/example_dags/example_complex.py
[2024-04-04T21:43:03.682+0000] {logging_mixin.py:188} INFO - [2024-04-04T21:43:03.682+0000] {dag.py:3047} INFO - Sync 1 DAGs
[2024-04-04T21:43:03.691+0000] {logging_mixin.py:188} INFO - [2024-04-04T21:43:03.691+0000] {dag.py:3834} INFO - Setting next_dagrun for example_complex to None, run_after=None
[2024-04-04T21:43:03.705+0000] {processor.py:183} INFO - Processing /home/airflow/.local/lib/python3.8/site-packages/airflow/example_dags/example_complex.py took 0.058 seconds
[2024-04-04T21:43:33.967+0000] {processor.py:161} INFO - Started process (PID=768) to work on /home/airflow/.local/lib/python3.8/site-packages/airflow/example_dags/example_complex.py
[2024-04-04T21:43:33.968+0000] {processor.py:830} INFO - Processing file /home/airflow/.local/lib/python3.8/site-packages/airflow/example_dags/example_complex.py for tasks to queue
[2024-04-04T21:43:33.969+0000] {logging_mixin.py:188} INFO - [2024-04-04T21:43:33.969+0000] {dagbag.py:540} INFO - Filling up the DagBag from /home/airflow/.local/lib/python3.8/site-packages/airflow/example_dags/example_complex.py
[2024-04-04T21:43:33.978+0000] {processor.py:840} INFO - DAG(s) 'example_complex' retrieved from /home/airflow/.local/lib/python3.8/site-packages/airflow/example_dags/example_complex.py
[2024-04-04T21:43:34.004+0000] {logging_mixin.py:188} INFO - [2024-04-04T21:43:34.004+0000] {dag.py:3047} INFO - Sync 1 DAGs
[2024-04-04T21:43:34.014+0000] {logging_mixin.py:188} INFO - [2024-04-04T21:43:34.014+0000] {dag.py:3834} INFO - Setting next_dagrun for example_complex to None, run_after=None
[2024-04-04T21:43:34.033+0000] {processor.py:183} INFO - Processing /home/airflow/.local/lib/python3.8/site-packages/airflow/example_dags/example_complex.py took 0.068 seconds
[2024-04-04T21:44:04.446+0000] {processor.py:161} INFO - Started process (PID=823) to work on /home/airflow/.local/lib/python3.8/site-packages/airflow/example_dags/example_complex.py
[2024-04-04T21:44:04.447+0000] {processor.py:830} INFO - Processing file /home/airflow/.local/lib/python3.8/site-packages/airflow/example_dags/example_complex.py for tasks to queue
[2024-04-04T21:44:04.449+0000] {logging_mixin.py:188} INFO - [2024-04-04T21:44:04.448+0000] {dagbag.py:540} INFO - Filling up the DagBag from /home/airflow/.local/lib/python3.8/site-packages/airflow/example_dags/example_complex.py
[2024-04-04T21:44:04.457+0000] {processor.py:840} INFO - DAG(s) 'example_complex' retrieved from /home/airflow/.local/lib/python3.8/site-packages/airflow/example_dags/example_complex.py
[2024-04-04T21:44:04.484+0000] {logging_mixin.py:188} INFO - [2024-04-04T21:44:04.483+0000] {dag.py:3047} INFO - Sync 1 DAGs
[2024-04-04T21:44:04.495+0000] {logging_mixin.py:188} INFO - [2024-04-04T21:44:04.495+0000] {dag.py:3834} INFO - Setting next_dagrun for example_complex to None, run_after=None
[2024-04-04T21:44:04.509+0000] {processor.py:183} INFO - Processing /home/airflow/.local/lib/python3.8/site-packages/airflow/example_dags/example_complex.py took 0.065 seconds
[2024-04-04T21:44:34.925+0000] {processor.py:161} INFO - Started process (PID=878) to work on /home/airflow/.local/lib/python3.8/site-packages/airflow/example_dags/example_complex.py
[2024-04-04T21:44:34.925+0000] {processor.py:830} INFO - Processing file /home/airflow/.local/lib/python3.8/site-packages/airflow/example_dags/example_complex.py for tasks to queue
[2024-04-04T21:44:34.927+0000] {logging_mixin.py:188} INFO - [2024-04-04T21:44:34.926+0000] {dagbag.py:540} INFO - Filling up the DagBag from /home/airflow/.local/lib/python3.8/site-packages/airflow/example_dags/example_complex.py
[2024-04-04T21:44:34.935+0000] {processor.py:840} INFO - DAG(s) 'example_complex' retrieved from /home/airflow/.local/lib/python3.8/site-packages/airflow/example_dags/example_complex.py
[2024-04-04T21:44:34.959+0000] {logging_mixin.py:188} INFO - [2024-04-04T21:44:34.959+0000] {dag.py:3047} INFO - Sync 1 DAGs
[2024-04-04T21:44:34.969+0000] {logging_mixin.py:188} INFO - [2024-04-04T21:44:34.969+0000] {dag.py:3834} INFO - Setting next_dagrun for example_complex to None, run_after=None
[2024-04-04T21:44:34.982+0000] {processor.py:183} INFO - Processing /home/airflow/.local/lib/python3.8/site-packages/airflow/example_dags/example_complex.py took 0.060 seconds
[2024-04-04T21:45:05.135+0000] {processor.py:161} INFO - Started process (PID=933) to work on /home/airflow/.local/lib/python3.8/site-packages/airflow/example_dags/example_complex.py
[2024-04-04T21:45:05.136+0000] {processor.py:830} INFO - Processing file /home/airflow/.local/lib/python3.8/site-packages/airflow/example_dags/example_complex.py for tasks to queue
[2024-04-04T21:45:05.138+0000] {logging_mixin.py:188} INFO - [2024-04-04T21:45:05.137+0000] {dagbag.py:540} INFO - Filling up the DagBag from /home/airflow/.local/lib/python3.8/site-packages/airflow/example_dags/example_complex.py
[2024-04-04T21:45:05.146+0000] {processor.py:840} INFO - DAG(s) 'example_complex' retrieved from /home/airflow/.local/lib/python3.8/site-packages/airflow/example_dags/example_complex.py
[2024-04-04T21:45:05.171+0000] {logging_mixin.py:188} INFO - [2024-04-04T21:45:05.171+0000] {dag.py:3047} INFO - Sync 1 DAGs
[2024-04-04T21:45:05.180+0000] {logging_mixin.py:188} INFO - [2024-04-04T21:45:05.180+0000] {dag.py:3834} INFO - Setting next_dagrun for example_complex to None, run_after=None
[2024-04-04T21:45:05.194+0000] {processor.py:183} INFO - Processing /home/airflow/.local/lib/python3.8/site-packages/airflow/example_dags/example_complex.py took 0.061 seconds
[2024-04-04T21:45:35.243+0000] {processor.py:161} INFO - Started process (PID=987) to work on /home/airflow/.local/lib/python3.8/site-packages/airflow/example_dags/example_complex.py
[2024-04-04T21:45:35.243+0000] {processor.py:830} INFO - Processing file /home/airflow/.local/lib/python3.8/site-packages/airflow/example_dags/example_complex.py for tasks to queue
[2024-04-04T21:45:35.244+0000] {logging_mixin.py:188} INFO - [2024-04-04T21:45:35.244+0000] {dagbag.py:540} INFO - Filling up the DagBag from /home/airflow/.local/lib/python3.8/site-packages/airflow/example_dags/example_complex.py
[2024-04-04T21:45:35.253+0000] {processor.py:840} INFO - DAG(s) 'example_complex' retrieved from /home/airflow/.local/lib/python3.8/site-packages/airflow/example_dags/example_complex.py
[2024-04-04T21:45:35.275+0000] {logging_mixin.py:188} INFO - [2024-04-04T21:45:35.275+0000] {dag.py:3047} INFO - Sync 1 DAGs
[2024-04-04T21:45:35.284+0000] {logging_mixin.py:188} INFO - [2024-04-04T21:45:35.284+0000] {dag.py:3834} INFO - Setting next_dagrun for example_complex to None, run_after=None
[2024-04-04T21:45:35.298+0000] {processor.py:183} INFO - Processing /home/airflow/.local/lib/python3.8/site-packages/airflow/example_dags/example_complex.py took 0.057 seconds
[2024-04-04T21:46:05.474+0000] {processor.py:161} INFO - Started process (PID=1042) to work on /home/airflow/.local/lib/python3.8/site-packages/airflow/example_dags/example_complex.py
[2024-04-04T21:46:05.475+0000] {processor.py:830} INFO - Processing file /home/airflow/.local/lib/python3.8/site-packages/airflow/example_dags/example_complex.py for tasks to queue
[2024-04-04T21:46:05.477+0000] {logging_mixin.py:188} INFO - [2024-04-04T21:46:05.476+0000] {dagbag.py:540} INFO - Filling up the DagBag from /home/airflow/.local/lib/python3.8/site-packages/airflow/example_dags/example_complex.py
[2024-04-04T21:46:05.486+0000] {processor.py:840} INFO - DAG(s) 'example_complex' retrieved from /home/airflow/.local/lib/python3.8/site-packages/airflow/example_dags/example_complex.py
[2024-04-04T21:46:05.510+0000] {logging_mixin.py:188} INFO - [2024-04-04T21:46:05.510+0000] {dag.py:3047} INFO - Sync 1 DAGs
[2024-04-04T21:46:05.519+0000] {logging_mixin.py:188} INFO - [2024-04-04T21:46:05.519+0000] {dag.py:3834} INFO - Setting next_dagrun for example_complex to None, run_after=None
[2024-04-04T21:46:05.535+0000] {processor.py:183} INFO - Processing /home/airflow/.local/lib/python3.8/site-packages/airflow/example_dags/example_complex.py took 0.063 seconds
[2024-04-04T21:46:35.805+0000] {processor.py:161} INFO - Started process (PID=1097) to work on /home/airflow/.local/lib/python3.8/site-packages/airflow/example_dags/example_complex.py
[2024-04-04T21:46:35.806+0000] {processor.py:830} INFO - Processing file /home/airflow/.local/lib/python3.8/site-packages/airflow/example_dags/example_complex.py for tasks to queue
[2024-04-04T21:46:35.808+0000] {logging_mixin.py:188} INFO - [2024-04-04T21:46:35.807+0000] {dagbag.py:540} INFO - Filling up the DagBag from /home/airflow/.local/lib/python3.8/site-packages/airflow/example_dags/example_complex.py
[2024-04-04T21:46:35.816+0000] {processor.py:840} INFO - DAG(s) 'example_complex' retrieved from /home/airflow/.local/lib/python3.8/site-packages/airflow/example_dags/example_complex.py
[2024-04-04T21:46:35.840+0000] {logging_mixin.py:188} INFO - [2024-04-04T21:46:35.840+0000] {dag.py:3047} INFO - Sync 1 DAGs
[2024-04-04T21:46:35.850+0000] {logging_mixin.py:188} INFO - [2024-04-04T21:46:35.850+0000] {dag.py:3834} INFO - Setting next_dagrun for example_complex to None, run_after=None
[2024-04-04T21:46:35.864+0000] {processor.py:183} INFO - Processing /home/airflow/.local/lib/python3.8/site-packages/airflow/example_dags/example_complex.py took 0.061 seconds
[2024-04-04T21:47:06.075+0000] {processor.py:161} INFO - Started process (PID=1152) to work on /home/airflow/.local/lib/python3.8/site-packages/airflow/example_dags/example_complex.py
[2024-04-04T21:47:06.076+0000] {processor.py:830} INFO - Processing file /home/airflow/.local/lib/python3.8/site-packages/airflow/example_dags/example_complex.py for tasks to queue
[2024-04-04T21:47:06.077+0000] {logging_mixin.py:188} INFO - [2024-04-04T21:47:06.077+0000] {dagbag.py:540} INFO - Filling up the DagBag from /home/airflow/.local/lib/python3.8/site-packages/airflow/example_dags/example_complex.py
[2024-04-04T21:47:06.086+0000] {processor.py:840} INFO - DAG(s) 'example_complex' retrieved from /home/airflow/.local/lib/python3.8/site-packages/airflow/example_dags/example_complex.py
[2024-04-04T21:47:06.111+0000] {logging_mixin.py:188} INFO - [2024-04-04T21:47:06.111+0000] {dag.py:3047} INFO - Sync 1 DAGs
[2024-04-04T21:47:06.121+0000] {logging_mixin.py:188} INFO - [2024-04-04T21:47:06.121+0000] {dag.py:3834} INFO - Setting next_dagrun for example_complex to None, run_after=None
[2024-04-04T21:47:06.138+0000] {processor.py:183} INFO - Processing /home/airflow/.local/lib/python3.8/site-packages/airflow/example_dags/example_complex.py took 0.065 seconds
[2024-04-04T21:47:36.353+0000] {processor.py:161} INFO - Started process (PID=1207) to work on /home/airflow/.local/lib/python3.8/site-packages/airflow/example_dags/example_complex.py
[2024-04-04T21:47:36.355+0000] {processor.py:830} INFO - Processing file /home/airflow/.local/lib/python3.8/site-packages/airflow/example_dags/example_complex.py for tasks to queue
[2024-04-04T21:47:36.358+0000] {logging_mixin.py:188} INFO - [2024-04-04T21:47:36.357+0000] {dagbag.py:540} INFO - Filling up the DagBag from /home/airflow/.local/lib/python3.8/site-packages/airflow/example_dags/example_complex.py
[2024-04-04T21:47:36.377+0000] {processor.py:840} INFO - DAG(s) 'example_complex' retrieved from /home/airflow/.local/lib/python3.8/site-packages/airflow/example_dags/example_complex.py
[2024-04-04T21:47:36.423+0000] {logging_mixin.py:188} INFO - [2024-04-04T21:47:36.422+0000] {dag.py:3047} INFO - Sync 1 DAGs
[2024-04-04T21:47:36.442+0000] {logging_mixin.py:188} INFO - [2024-04-04T21:47:36.442+0000] {dag.py:3834} INFO - Setting next_dagrun for example_complex to None, run_after=None
[2024-04-04T21:47:36.470+0000] {processor.py:183} INFO - Processing /home/airflow/.local/lib/python3.8/site-packages/airflow/example_dags/example_complex.py took 0.121 seconds
[2024-04-04T21:48:06.787+0000] {processor.py:161} INFO - Started process (PID=1262) to work on /home/airflow/.local/lib/python3.8/site-packages/airflow/example_dags/example_complex.py
[2024-04-04T21:48:06.788+0000] {processor.py:830} INFO - Processing file /home/airflow/.local/lib/python3.8/site-packages/airflow/example_dags/example_complex.py for tasks to queue
[2024-04-04T21:48:06.790+0000] {logging_mixin.py:188} INFO - [2024-04-04T21:48:06.789+0000] {dagbag.py:540} INFO - Filling up the DagBag from /home/airflow/.local/lib/python3.8/site-packages/airflow/example_dags/example_complex.py
[2024-04-04T21:48:06.802+0000] {processor.py:840} INFO - DAG(s) 'example_complex' retrieved from /home/airflow/.local/lib/python3.8/site-packages/airflow/example_dags/example_complex.py
[2024-04-04T21:48:06.837+0000] {logging_mixin.py:188} INFO - [2024-04-04T21:48:06.836+0000] {dag.py:3047} INFO - Sync 1 DAGs
[2024-04-04T21:48:06.848+0000] {logging_mixin.py:188} INFO - [2024-04-04T21:48:06.848+0000] {dag.py:3834} INFO - Setting next_dagrun for example_complex to None, run_after=None
[2024-04-04T21:48:06.873+0000] {processor.py:183} INFO - Processing /home/airflow/.local/lib/python3.8/site-packages/airflow/example_dags/example_complex.py took 0.089 seconds
[2024-04-04T21:48:37.018+0000] {processor.py:161} INFO - Started process (PID=1317) to work on /home/airflow/.local/lib/python3.8/site-packages/airflow/example_dags/example_complex.py
[2024-04-04T21:48:37.019+0000] {processor.py:830} INFO - Processing file /home/airflow/.local/lib/python3.8/site-packages/airflow/example_dags/example_complex.py for tasks to queue
[2024-04-04T21:48:37.020+0000] {logging_mixin.py:188} INFO - [2024-04-04T21:48:37.020+0000] {dagbag.py:540} INFO - Filling up the DagBag from /home/airflow/.local/lib/python3.8/site-packages/airflow/example_dags/example_complex.py
[2024-04-04T21:48:37.032+0000] {processor.py:840} INFO - DAG(s) 'example_complex' retrieved from /home/airflow/.local/lib/python3.8/site-packages/airflow/example_dags/example_complex.py
[2024-04-04T21:48:37.058+0000] {logging_mixin.py:188} INFO - [2024-04-04T21:48:37.058+0000] {dag.py:3047} INFO - Sync 1 DAGs
[2024-04-04T21:48:37.068+0000] {logging_mixin.py:188} INFO - [2024-04-04T21:48:37.068+0000] {dag.py:3834} INFO - Setting next_dagrun for example_complex to None, run_after=None
[2024-04-04T21:48:37.084+0000] {processor.py:183} INFO - Processing /home/airflow/.local/lib/python3.8/site-packages/airflow/example_dags/example_complex.py took 0.068 seconds
[2024-04-04T21:49:07.291+0000] {processor.py:161} INFO - Started process (PID=1372) to work on /home/airflow/.local/lib/python3.8/site-packages/airflow/example_dags/example_complex.py
[2024-04-04T21:49:07.292+0000] {processor.py:830} INFO - Processing file /home/airflow/.local/lib/python3.8/site-packages/airflow/example_dags/example_complex.py for tasks to queue
[2024-04-04T21:49:07.293+0000] {logging_mixin.py:188} INFO - [2024-04-04T21:49:07.293+0000] {dagbag.py:540} INFO - Filling up the DagBag from /home/airflow/.local/lib/python3.8/site-packages/airflow/example_dags/example_complex.py
[2024-04-04T21:49:07.304+0000] {processor.py:840} INFO - DAG(s) 'example_complex' retrieved from /home/airflow/.local/lib/python3.8/site-packages/airflow/example_dags/example_complex.py
[2024-04-04T21:49:07.336+0000] {logging_mixin.py:188} INFO - [2024-04-04T21:49:07.336+0000] {dag.py:3047} INFO - Sync 1 DAGs
[2024-04-04T21:49:07.346+0000] {logging_mixin.py:188} INFO - [2024-04-04T21:49:07.346+0000] {dag.py:3834} INFO - Setting next_dagrun for example_complex to None, run_after=None
[2024-04-04T21:49:07.368+0000] {processor.py:183} INFO - Processing /home/airflow/.local/lib/python3.8/site-packages/airflow/example_dags/example_complex.py took 0.079 seconds
[2024-04-04T21:49:37.992+0000] {processor.py:161} INFO - Started process (PID=1428) to work on /home/airflow/.local/lib/python3.8/site-packages/airflow/example_dags/example_complex.py
[2024-04-04T21:49:37.993+0000] {processor.py:830} INFO - Processing file /home/airflow/.local/lib/python3.8/site-packages/airflow/example_dags/example_complex.py for tasks to queue
[2024-04-04T21:49:37.994+0000] {logging_mixin.py:188} INFO - [2024-04-04T21:49:37.994+0000] {dagbag.py:540} INFO - Filling up the DagBag from /home/airflow/.local/lib/python3.8/site-packages/airflow/example_dags/example_complex.py
[2024-04-04T21:49:38.005+0000] {processor.py:840} INFO - DAG(s) 'example_complex' retrieved from /home/airflow/.local/lib/python3.8/site-packages/airflow/example_dags/example_complex.py
[2024-04-04T21:49:38.031+0000] {logging_mixin.py:188} INFO - [2024-04-04T21:49:38.031+0000] {dag.py:3047} INFO - Sync 1 DAGs
[2024-04-04T21:49:38.044+0000] {logging_mixin.py:188} INFO - [2024-04-04T21:49:38.044+0000] {dag.py:3834} INFO - Setting next_dagrun for example_complex to None, run_after=None
[2024-04-04T21:49:38.061+0000] {processor.py:183} INFO - Processing /home/airflow/.local/lib/python3.8/site-packages/airflow/example_dags/example_complex.py took 0.071 seconds
[2024-04-04T21:50:08.525+0000] {processor.py:161} INFO - Started process (PID=1483) to work on /home/airflow/.local/lib/python3.8/site-packages/airflow/example_dags/example_complex.py
[2024-04-04T21:50:08.526+0000] {processor.py:830} INFO - Processing file /home/airflow/.local/lib/python3.8/site-packages/airflow/example_dags/example_complex.py for tasks to queue
[2024-04-04T21:50:08.527+0000] {logging_mixin.py:188} INFO - [2024-04-04T21:50:08.527+0000] {dagbag.py:540} INFO - Filling up the DagBag from /home/airflow/.local/lib/python3.8/site-packages/airflow/example_dags/example_complex.py
[2024-04-04T21:50:08.536+0000] {processor.py:840} INFO - DAG(s) 'example_complex' retrieved from /home/airflow/.local/lib/python3.8/site-packages/airflow/example_dags/example_complex.py
[2024-04-04T21:50:08.561+0000] {logging_mixin.py:188} INFO - [2024-04-04T21:50:08.561+0000] {dag.py:3047} INFO - Sync 1 DAGs
[2024-04-04T21:50:08.570+0000] {logging_mixin.py:188} INFO - [2024-04-04T21:50:08.570+0000] {dag.py:3834} INFO - Setting next_dagrun for example_complex to None, run_after=None
[2024-04-04T21:50:08.590+0000] {processor.py:183} INFO - Processing /home/airflow/.local/lib/python3.8/site-packages/airflow/example_dags/example_complex.py took 0.066 seconds
[2024-04-04T21:50:38.839+0000] {processor.py:161} INFO - Started process (PID=1538) to work on /home/airflow/.local/lib/python3.8/site-packages/airflow/example_dags/example_complex.py
[2024-04-04T21:50:38.840+0000] {processor.py:830} INFO - Processing file /home/airflow/.local/lib/python3.8/site-packages/airflow/example_dags/example_complex.py for tasks to queue
[2024-04-04T21:50:38.842+0000] {logging_mixin.py:188} INFO - [2024-04-04T21:50:38.842+0000] {dagbag.py:540} INFO - Filling up the DagBag from /home/airflow/.local/lib/python3.8/site-packages/airflow/example_dags/example_complex.py
[2024-04-04T21:50:38.851+0000] {processor.py:840} INFO - DAG(s) 'example_complex' retrieved from /home/airflow/.local/lib/python3.8/site-packages/airflow/example_dags/example_complex.py
[2024-04-04T21:50:38.879+0000] {logging_mixin.py:188} INFO - [2024-04-04T21:50:38.879+0000] {dag.py:3047} INFO - Sync 1 DAGs
[2024-04-04T21:50:38.890+0000] {logging_mixin.py:188} INFO - [2024-04-04T21:50:38.889+0000] {dag.py:3834} INFO - Setting next_dagrun for example_complex to None, run_after=None
[2024-04-04T21:50:38.911+0000] {processor.py:183} INFO - Processing /home/airflow/.local/lib/python3.8/site-packages/airflow/example_dags/example_complex.py took 0.074 seconds
[2024-04-04T21:51:09.334+0000] {processor.py:161} INFO - Started process (PID=1593) to work on /home/airflow/.local/lib/python3.8/site-packages/airflow/example_dags/example_complex.py
[2024-04-04T21:51:09.335+0000] {processor.py:830} INFO - Processing file /home/airflow/.local/lib/python3.8/site-packages/airflow/example_dags/example_complex.py for tasks to queue
[2024-04-04T21:51:09.337+0000] {logging_mixin.py:188} INFO - [2024-04-04T21:51:09.336+0000] {dagbag.py:540} INFO - Filling up the DagBag from /home/airflow/.local/lib/python3.8/site-packages/airflow/example_dags/example_complex.py
[2024-04-04T21:51:09.345+0000] {processor.py:840} INFO - DAG(s) 'example_complex' retrieved from /home/airflow/.local/lib/python3.8/site-packages/airflow/example_dags/example_complex.py
[2024-04-04T21:51:09.375+0000] {logging_mixin.py:188} INFO - [2024-04-04T21:51:09.375+0000] {dag.py:3047} INFO - Sync 1 DAGs
[2024-04-04T21:51:09.384+0000] {logging_mixin.py:188} INFO - [2024-04-04T21:51:09.384+0000] {dag.py:3834} INFO - Setting next_dagrun for example_complex to None, run_after=None
[2024-04-04T21:51:09.402+0000] {processor.py:183} INFO - Processing /home/airflow/.local/lib/python3.8/site-packages/airflow/example_dags/example_complex.py took 0.070 seconds
[2024-04-04T21:51:39.620+0000] {processor.py:161} INFO - Started process (PID=1648) to work on /home/airflow/.local/lib/python3.8/site-packages/airflow/example_dags/example_complex.py
[2024-04-04T21:51:39.621+0000] {processor.py:830} INFO - Processing file /home/airflow/.local/lib/python3.8/site-packages/airflow/example_dags/example_complex.py for tasks to queue
[2024-04-04T21:51:39.623+0000] {logging_mixin.py:188} INFO - [2024-04-04T21:51:39.622+0000] {dagbag.py:540} INFO - Filling up the DagBag from /home/airflow/.local/lib/python3.8/site-packages/airflow/example_dags/example_complex.py
[2024-04-04T21:51:39.634+0000] {processor.py:840} INFO - DAG(s) 'example_complex' retrieved from /home/airflow/.local/lib/python3.8/site-packages/airflow/example_dags/example_complex.py
[2024-04-04T21:51:39.662+0000] {logging_mixin.py:188} INFO - [2024-04-04T21:51:39.661+0000] {dag.py:3047} INFO - Sync 1 DAGs
[2024-04-04T21:51:39.673+0000] {logging_mixin.py:188} INFO - [2024-04-04T21:51:39.673+0000] {dag.py:3834} INFO - Setting next_dagrun for example_complex to None, run_after=None
[2024-04-04T21:51:39.694+0000] {processor.py:183} INFO - Processing /home/airflow/.local/lib/python3.8/site-packages/airflow/example_dags/example_complex.py took 0.077 seconds
[2024-04-04T21:52:09.897+0000] {processor.py:161} INFO - Started process (PID=1703) to work on /home/airflow/.local/lib/python3.8/site-packages/airflow/example_dags/example_complex.py
[2024-04-04T21:52:09.898+0000] {processor.py:830} INFO - Processing file /home/airflow/.local/lib/python3.8/site-packages/airflow/example_dags/example_complex.py for tasks to queue
[2024-04-04T21:52:09.899+0000] {logging_mixin.py:188} INFO - [2024-04-04T21:52:09.899+0000] {dagbag.py:540} INFO - Filling up the DagBag from /home/airflow/.local/lib/python3.8/site-packages/airflow/example_dags/example_complex.py
[2024-04-04T21:52:09.909+0000] {processor.py:840} INFO - DAG(s) 'example_complex' retrieved from /home/airflow/.local/lib/python3.8/site-packages/airflow/example_dags/example_complex.py
[2024-04-04T21:52:09.932+0000] {logging_mixin.py:188} INFO - [2024-04-04T21:52:09.932+0000] {dag.py:3047} INFO - Sync 1 DAGs
[2024-04-04T21:52:09.941+0000] {logging_mixin.py:188} INFO - [2024-04-04T21:52:09.941+0000] {dag.py:3834} INFO - Setting next_dagrun for example_complex to None, run_after=None
[2024-04-04T21:52:09.959+0000] {processor.py:183} INFO - Processing /home/airflow/.local/lib/python3.8/site-packages/airflow/example_dags/example_complex.py took 0.064 seconds
[2024-04-04T21:52:40.255+0000] {processor.py:161} INFO - Started process (PID=1758) to work on /home/airflow/.local/lib/python3.8/site-packages/airflow/example_dags/example_complex.py
[2024-04-04T21:52:40.255+0000] {processor.py:830} INFO - Processing file /home/airflow/.local/lib/python3.8/site-packages/airflow/example_dags/example_complex.py for tasks to queue
[2024-04-04T21:52:40.257+0000] {logging_mixin.py:188} INFO - [2024-04-04T21:52:40.256+0000] {dagbag.py:540} INFO - Filling up the DagBag from /home/airflow/.local/lib/python3.8/site-packages/airflow/example_dags/example_complex.py
[2024-04-04T21:52:40.265+0000] {processor.py:840} INFO - DAG(s) 'example_complex' retrieved from /home/airflow/.local/lib/python3.8/site-packages/airflow/example_dags/example_complex.py
[2024-04-04T21:52:40.290+0000] {logging_mixin.py:188} INFO - [2024-04-04T21:52:40.289+0000] {dag.py:3047} INFO - Sync 1 DAGs
[2024-04-04T21:52:40.299+0000] {logging_mixin.py:188} INFO - [2024-04-04T21:52:40.299+0000] {dag.py:3834} INFO - Setting next_dagrun for example_complex to None, run_after=None
[2024-04-04T21:52:40.312+0000] {processor.py:183} INFO - Processing /home/airflow/.local/lib/python3.8/site-packages/airflow/example_dags/example_complex.py took 0.060 seconds
[2024-04-04T21:53:10.508+0000] {processor.py:161} INFO - Started process (PID=1813) to work on /home/airflow/.local/lib/python3.8/site-packages/airflow/example_dags/example_complex.py
[2024-04-04T21:53:10.509+0000] {processor.py:830} INFO - Processing file /home/airflow/.local/lib/python3.8/site-packages/airflow/example_dags/example_complex.py for tasks to queue
[2024-04-04T21:53:10.510+0000] {logging_mixin.py:188} INFO - [2024-04-04T21:53:10.510+0000] {dagbag.py:540} INFO - Filling up the DagBag from /home/airflow/.local/lib/python3.8/site-packages/airflow/example_dags/example_complex.py
[2024-04-04T21:53:10.519+0000] {processor.py:840} INFO - DAG(s) 'example_complex' retrieved from /home/airflow/.local/lib/python3.8/site-packages/airflow/example_dags/example_complex.py
[2024-04-04T21:53:10.544+0000] {logging_mixin.py:188} INFO - [2024-04-04T21:53:10.544+0000] {dag.py:3047} INFO - Sync 1 DAGs
[2024-04-04T21:53:10.553+0000] {logging_mixin.py:188} INFO - [2024-04-04T21:53:10.553+0000] {dag.py:3834} INFO - Setting next_dagrun for example_complex to None, run_after=None
[2024-04-04T21:53:10.569+0000] {processor.py:183} INFO - Processing /home/airflow/.local/lib/python3.8/site-packages/airflow/example_dags/example_complex.py took 0.063 seconds
[2024-04-04T21:53:40.867+0000] {processor.py:161} INFO - Started process (PID=1868) to work on /home/airflow/.local/lib/python3.8/site-packages/airflow/example_dags/example_complex.py
[2024-04-04T21:53:40.868+0000] {processor.py:830} INFO - Processing file /home/airflow/.local/lib/python3.8/site-packages/airflow/example_dags/example_complex.py for tasks to queue
[2024-04-04T21:53:40.869+0000] {logging_mixin.py:188} INFO - [2024-04-04T21:53:40.869+0000] {dagbag.py:540} INFO - Filling up the DagBag from /home/airflow/.local/lib/python3.8/site-packages/airflow/example_dags/example_complex.py
[2024-04-04T21:53:40.878+0000] {processor.py:840} INFO - DAG(s) 'example_complex' retrieved from /home/airflow/.local/lib/python3.8/site-packages/airflow/example_dags/example_complex.py
[2024-04-04T21:53:40.901+0000] {logging_mixin.py:188} INFO - [2024-04-04T21:53:40.901+0000] {dag.py:3047} INFO - Sync 1 DAGs
[2024-04-04T21:53:40.911+0000] {logging_mixin.py:188} INFO - [2024-04-04T21:53:40.911+0000] {dag.py:3834} INFO - Setting next_dagrun for example_complex to None, run_after=None
[2024-04-04T21:53:40.926+0000] {processor.py:183} INFO - Processing /home/airflow/.local/lib/python3.8/site-packages/airflow/example_dags/example_complex.py took 0.061 seconds
[2024-04-04T21:54:11.902+0000] {processor.py:161} INFO - Started process (PID=1923) to work on /home/airflow/.local/lib/python3.8/site-packages/airflow/example_dags/example_complex.py
[2024-04-04T21:54:11.903+0000] {processor.py:830} INFO - Processing file /home/airflow/.local/lib/python3.8/site-packages/airflow/example_dags/example_complex.py for tasks to queue
[2024-04-04T21:54:11.904+0000] {logging_mixin.py:188} INFO - [2024-04-04T21:54:11.904+0000] {dagbag.py:540} INFO - Filling up the DagBag from /home/airflow/.local/lib/python3.8/site-packages/airflow/example_dags/example_complex.py
[2024-04-04T21:54:11.914+0000] {processor.py:840} INFO - DAG(s) 'example_complex' retrieved from /home/airflow/.local/lib/python3.8/site-packages/airflow/example_dags/example_complex.py
[2024-04-04T21:54:11.939+0000] {logging_mixin.py:188} INFO - [2024-04-04T21:54:11.938+0000] {dag.py:3047} INFO - Sync 1 DAGs
[2024-04-04T21:54:11.947+0000] {logging_mixin.py:188} INFO - [2024-04-04T21:54:11.947+0000] {dag.py:3834} INFO - Setting next_dagrun for example_complex to None, run_after=None
[2024-04-04T21:54:11.961+0000] {processor.py:183} INFO - Processing /home/airflow/.local/lib/python3.8/site-packages/airflow/example_dags/example_complex.py took 0.061 seconds
[2024-04-04T21:54:41.986+0000] {processor.py:161} INFO - Started process (PID=1977) to work on /home/airflow/.local/lib/python3.8/site-packages/airflow/example_dags/example_complex.py
[2024-04-04T21:54:41.987+0000] {processor.py:830} INFO - Processing file /home/airflow/.local/lib/python3.8/site-packages/airflow/example_dags/example_complex.py for tasks to queue
[2024-04-04T21:54:41.989+0000] {logging_mixin.py:188} INFO - [2024-04-04T21:54:41.988+0000] {dagbag.py:540} INFO - Filling up the DagBag from /home/airflow/.local/lib/python3.8/site-packages/airflow/example_dags/example_complex.py
[2024-04-04T21:54:41.997+0000] {processor.py:840} INFO - DAG(s) 'example_complex' retrieved from /home/airflow/.local/lib/python3.8/site-packages/airflow/example_dags/example_complex.py
[2024-04-04T21:54:42.022+0000] {logging_mixin.py:188} INFO - [2024-04-04T21:54:42.022+0000] {dag.py:3047} INFO - Sync 1 DAGs
[2024-04-04T21:54:42.031+0000] {logging_mixin.py:188} INFO - [2024-04-04T21:54:42.031+0000] {dag.py:3834} INFO - Setting next_dagrun for example_complex to None, run_after=None
[2024-04-04T21:54:42.046+0000] {processor.py:183} INFO - Processing /home/airflow/.local/lib/python3.8/site-packages/airflow/example_dags/example_complex.py took 0.062 seconds
[2024-04-04T21:55:12.376+0000] {processor.py:161} INFO - Started process (PID=2032) to work on /home/airflow/.local/lib/python3.8/site-packages/airflow/example_dags/example_complex.py
[2024-04-04T21:55:12.377+0000] {processor.py:830} INFO - Processing file /home/airflow/.local/lib/python3.8/site-packages/airflow/example_dags/example_complex.py for tasks to queue
[2024-04-04T21:55:12.378+0000] {logging_mixin.py:188} INFO - [2024-04-04T21:55:12.378+0000] {dagbag.py:540} INFO - Filling up the DagBag from /home/airflow/.local/lib/python3.8/site-packages/airflow/example_dags/example_complex.py
[2024-04-04T21:55:12.387+0000] {processor.py:840} INFO - DAG(s) 'example_complex' retrieved from /home/airflow/.local/lib/python3.8/site-packages/airflow/example_dags/example_complex.py
[2024-04-04T21:55:12.409+0000] {logging_mixin.py:188} INFO - [2024-04-04T21:55:12.409+0000] {dag.py:3047} INFO - Sync 1 DAGs
[2024-04-04T21:55:12.418+0000] {logging_mixin.py:188} INFO - [2024-04-04T21:55:12.418+0000] {dag.py:3834} INFO - Setting next_dagrun for example_complex to None, run_after=None
[2024-04-04T21:55:12.432+0000] {processor.py:183} INFO - Processing /home/airflow/.local/lib/python3.8/site-packages/airflow/example_dags/example_complex.py took 0.058 seconds
[2024-04-04T21:55:42.537+0000] {processor.py:161} INFO - Started process (PID=2087) to work on /home/airflow/.local/lib/python3.8/site-packages/airflow/example_dags/example_complex.py
[2024-04-04T21:55:42.539+0000] {processor.py:830} INFO - Processing file /home/airflow/.local/lib/python3.8/site-packages/airflow/example_dags/example_complex.py for tasks to queue
[2024-04-04T21:55:42.540+0000] {logging_mixin.py:188} INFO - [2024-04-04T21:55:42.540+0000] {dagbag.py:540} INFO - Filling up the DagBag from /home/airflow/.local/lib/python3.8/site-packages/airflow/example_dags/example_complex.py
[2024-04-04T21:55:42.553+0000] {processor.py:840} INFO - DAG(s) 'example_complex' retrieved from /home/airflow/.local/lib/python3.8/site-packages/airflow/example_dags/example_complex.py
[2024-04-04T21:55:42.579+0000] {logging_mixin.py:188} INFO - [2024-04-04T21:55:42.578+0000] {dag.py:3047} INFO - Sync 1 DAGs
[2024-04-04T21:55:42.589+0000] {logging_mixin.py:188} INFO - [2024-04-04T21:55:42.588+0000] {dag.py:3834} INFO - Setting next_dagrun for example_complex to None, run_after=None
[2024-04-04T21:55:42.605+0000] {processor.py:183} INFO - Processing /home/airflow/.local/lib/python3.8/site-packages/airflow/example_dags/example_complex.py took 0.070 seconds
[2024-04-04T21:56:12.750+0000] {processor.py:161} INFO - Started process (PID=2142) to work on /home/airflow/.local/lib/python3.8/site-packages/airflow/example_dags/example_complex.py
[2024-04-04T21:56:12.751+0000] {processor.py:830} INFO - Processing file /home/airflow/.local/lib/python3.8/site-packages/airflow/example_dags/example_complex.py for tasks to queue
[2024-04-04T21:56:12.752+0000] {logging_mixin.py:188} INFO - [2024-04-04T21:56:12.752+0000] {dagbag.py:540} INFO - Filling up the DagBag from /home/airflow/.local/lib/python3.8/site-packages/airflow/example_dags/example_complex.py
[2024-04-04T21:56:12.761+0000] {processor.py:840} INFO - DAG(s) 'example_complex' retrieved from /home/airflow/.local/lib/python3.8/site-packages/airflow/example_dags/example_complex.py
[2024-04-04T21:56:12.787+0000] {logging_mixin.py:188} INFO - [2024-04-04T21:56:12.787+0000] {dag.py:3047} INFO - Sync 1 DAGs
[2024-04-04T21:56:12.798+0000] {logging_mixin.py:188} INFO - [2024-04-04T21:56:12.797+0000] {dag.py:3834} INFO - Setting next_dagrun for example_complex to None, run_after=None
[2024-04-04T21:56:12.813+0000] {processor.py:183} INFO - Processing /home/airflow/.local/lib/python3.8/site-packages/airflow/example_dags/example_complex.py took 0.065 seconds
[2024-04-04T21:56:43.021+0000] {processor.py:161} INFO - Started process (PID=2197) to work on /home/airflow/.local/lib/python3.8/site-packages/airflow/example_dags/example_complex.py
[2024-04-04T21:56:43.022+0000] {processor.py:830} INFO - Processing file /home/airflow/.local/lib/python3.8/site-packages/airflow/example_dags/example_complex.py for tasks to queue
[2024-04-04T21:56:43.023+0000] {logging_mixin.py:188} INFO - [2024-04-04T21:56:43.023+0000] {dagbag.py:540} INFO - Filling up the DagBag from /home/airflow/.local/lib/python3.8/site-packages/airflow/example_dags/example_complex.py
[2024-04-04T21:56:43.032+0000] {processor.py:840} INFO - DAG(s) 'example_complex' retrieved from /home/airflow/.local/lib/python3.8/site-packages/airflow/example_dags/example_complex.py
[2024-04-04T21:56:43.055+0000] {logging_mixin.py:188} INFO - [2024-04-04T21:56:43.055+0000] {dag.py:3047} INFO - Sync 1 DAGs
[2024-04-04T21:56:43.064+0000] {logging_mixin.py:188} INFO - [2024-04-04T21:56:43.064+0000] {dag.py:3834} INFO - Setting next_dagrun for example_complex to None, run_after=None
[2024-04-04T21:56:43.078+0000] {processor.py:183} INFO - Processing /home/airflow/.local/lib/python3.8/site-packages/airflow/example_dags/example_complex.py took 0.058 seconds
[2024-04-04T21:57:13.207+0000] {processor.py:161} INFO - Started process (PID=2252) to work on /home/airflow/.local/lib/python3.8/site-packages/airflow/example_dags/example_complex.py
[2024-04-04T21:57:13.208+0000] {processor.py:830} INFO - Processing file /home/airflow/.local/lib/python3.8/site-packages/airflow/example_dags/example_complex.py for tasks to queue
[2024-04-04T21:57:13.209+0000] {logging_mixin.py:188} INFO - [2024-04-04T21:57:13.209+0000] {dagbag.py:540} INFO - Filling up the DagBag from /home/airflow/.local/lib/python3.8/site-packages/airflow/example_dags/example_complex.py
[2024-04-04T21:57:13.217+0000] {processor.py:840} INFO - DAG(s) 'example_complex' retrieved from /home/airflow/.local/lib/python3.8/site-packages/airflow/example_dags/example_complex.py
[2024-04-04T21:57:13.242+0000] {logging_mixin.py:188} INFO - [2024-04-04T21:57:13.242+0000] {dag.py:3047} INFO - Sync 1 DAGs
[2024-04-04T21:57:13.251+0000] {logging_mixin.py:188} INFO - [2024-04-04T21:57:13.251+0000] {dag.py:3834} INFO - Setting next_dagrun for example_complex to None, run_after=None
[2024-04-04T21:57:13.265+0000] {processor.py:183} INFO - Processing /home/airflow/.local/lib/python3.8/site-packages/airflow/example_dags/example_complex.py took 0.060 seconds
[2024-04-04T21:57:43.463+0000] {processor.py:161} INFO - Started process (PID=2307) to work on /home/airflow/.local/lib/python3.8/site-packages/airflow/example_dags/example_complex.py
[2024-04-04T21:57:43.464+0000] {processor.py:830} INFO - Processing file /home/airflow/.local/lib/python3.8/site-packages/airflow/example_dags/example_complex.py for tasks to queue
[2024-04-04T21:57:43.466+0000] {logging_mixin.py:188} INFO - [2024-04-04T21:57:43.466+0000] {dagbag.py:540} INFO - Filling up the DagBag from /home/airflow/.local/lib/python3.8/site-packages/airflow/example_dags/example_complex.py
[2024-04-04T21:57:43.476+0000] {processor.py:840} INFO - DAG(s) 'example_complex' retrieved from /home/airflow/.local/lib/python3.8/site-packages/airflow/example_dags/example_complex.py
[2024-04-04T21:57:43.503+0000] {logging_mixin.py:188} INFO - [2024-04-04T21:57:43.502+0000] {dag.py:3047} INFO - Sync 1 DAGs
[2024-04-04T21:57:43.513+0000] {logging_mixin.py:188} INFO - [2024-04-04T21:57:43.513+0000] {dag.py:3834} INFO - Setting next_dagrun for example_complex to None, run_after=None
[2024-04-04T21:57:43.531+0000] {processor.py:183} INFO - Processing /home/airflow/.local/lib/python3.8/site-packages/airflow/example_dags/example_complex.py took 0.071 seconds
[2024-04-04T21:58:13.691+0000] {processor.py:161} INFO - Started process (PID=2362) to work on /home/airflow/.local/lib/python3.8/site-packages/airflow/example_dags/example_complex.py
[2024-04-04T21:58:13.692+0000] {processor.py:830} INFO - Processing file /home/airflow/.local/lib/python3.8/site-packages/airflow/example_dags/example_complex.py for tasks to queue
[2024-04-04T21:58:13.694+0000] {logging_mixin.py:188} INFO - [2024-04-04T21:58:13.693+0000] {dagbag.py:540} INFO - Filling up the DagBag from /home/airflow/.local/lib/python3.8/site-packages/airflow/example_dags/example_complex.py
[2024-04-04T21:58:13.704+0000] {processor.py:840} INFO - DAG(s) 'example_complex' retrieved from /home/airflow/.local/lib/python3.8/site-packages/airflow/example_dags/example_complex.py
[2024-04-04T21:58:13.733+0000] {logging_mixin.py:188} INFO - [2024-04-04T21:58:13.733+0000] {dag.py:3047} INFO - Sync 1 DAGs
[2024-04-04T21:58:13.744+0000] {logging_mixin.py:188} INFO - [2024-04-04T21:58:13.744+0000] {dag.py:3834} INFO - Setting next_dagrun for example_complex to None, run_after=None
[2024-04-04T21:58:13.763+0000] {processor.py:183} INFO - Processing /home/airflow/.local/lib/python3.8/site-packages/airflow/example_dags/example_complex.py took 0.075 seconds
[2024-04-04T21:58:44.131+0000] {processor.py:161} INFO - Started process (PID=2417) to work on /home/airflow/.local/lib/python3.8/site-packages/airflow/example_dags/example_complex.py
[2024-04-04T21:58:44.133+0000] {processor.py:830} INFO - Processing file /home/airflow/.local/lib/python3.8/site-packages/airflow/example_dags/example_complex.py for tasks to queue
[2024-04-04T21:58:44.135+0000] {logging_mixin.py:188} INFO - [2024-04-04T21:58:44.134+0000] {dagbag.py:540} INFO - Filling up the DagBag from /home/airflow/.local/lib/python3.8/site-packages/airflow/example_dags/example_complex.py
[2024-04-04T21:58:44.146+0000] {processor.py:840} INFO - DAG(s) 'example_complex' retrieved from /home/airflow/.local/lib/python3.8/site-packages/airflow/example_dags/example_complex.py
[2024-04-04T21:58:44.178+0000] {logging_mixin.py:188} INFO - [2024-04-04T21:58:44.178+0000] {dag.py:3047} INFO - Sync 1 DAGs
[2024-04-04T21:58:44.189+0000] {logging_mixin.py:188} INFO - [2024-04-04T21:58:44.189+0000] {dag.py:3834} INFO - Setting next_dagrun for example_complex to None, run_after=None
[2024-04-04T21:58:44.206+0000] {processor.py:183} INFO - Processing /home/airflow/.local/lib/python3.8/site-packages/airflow/example_dags/example_complex.py took 0.080 seconds
[2024-04-04T21:59:14.962+0000] {processor.py:161} INFO - Started process (PID=2472) to work on /home/airflow/.local/lib/python3.8/site-packages/airflow/example_dags/example_complex.py
[2024-04-04T21:59:14.964+0000] {processor.py:830} INFO - Processing file /home/airflow/.local/lib/python3.8/site-packages/airflow/example_dags/example_complex.py for tasks to queue
[2024-04-04T21:59:14.966+0000] {logging_mixin.py:188} INFO - [2024-04-04T21:59:14.966+0000] {dagbag.py:540} INFO - Filling up the DagBag from /home/airflow/.local/lib/python3.8/site-packages/airflow/example_dags/example_complex.py
[2024-04-04T21:59:14.989+0000] {processor.py:840} INFO - DAG(s) 'example_complex' retrieved from /home/airflow/.local/lib/python3.8/site-packages/airflow/example_dags/example_complex.py
[2024-04-04T21:59:15.046+0000] {logging_mixin.py:188} INFO - [2024-04-04T21:59:15.046+0000] {dag.py:3047} INFO - Sync 1 DAGs
[2024-04-04T21:59:15.069+0000] {logging_mixin.py:188} INFO - [2024-04-04T21:59:15.068+0000] {dag.py:3834} INFO - Setting next_dagrun for example_complex to None, run_after=None
[2024-04-04T21:59:15.099+0000] {processor.py:183} INFO - Processing /home/airflow/.local/lib/python3.8/site-packages/airflow/example_dags/example_complex.py took 0.142 seconds
[2024-04-04T21:59:45.139+0000] {processor.py:161} INFO - Started process (PID=2526) to work on /home/airflow/.local/lib/python3.8/site-packages/airflow/example_dags/example_complex.py
[2024-04-04T21:59:45.141+0000] {processor.py:830} INFO - Processing file /home/airflow/.local/lib/python3.8/site-packages/airflow/example_dags/example_complex.py for tasks to queue
[2024-04-04T21:59:45.143+0000] {logging_mixin.py:188} INFO - [2024-04-04T21:59:45.143+0000] {dagbag.py:540} INFO - Filling up the DagBag from /home/airflow/.local/lib/python3.8/site-packages/airflow/example_dags/example_complex.py
[2024-04-04T21:59:45.157+0000] {processor.py:840} INFO - DAG(s) 'example_complex' retrieved from /home/airflow/.local/lib/python3.8/site-packages/airflow/example_dags/example_complex.py
[2024-04-04T21:59:45.202+0000] {logging_mixin.py:188} INFO - [2024-04-04T21:59:45.201+0000] {dag.py:3047} INFO - Sync 1 DAGs
[2024-04-04T21:59:45.217+0000] {logging_mixin.py:188} INFO - [2024-04-04T21:59:45.217+0000] {dag.py:3834} INFO - Setting next_dagrun for example_complex to None, run_after=None
[2024-04-04T21:59:45.246+0000] {processor.py:183} INFO - Processing /home/airflow/.local/lib/python3.8/site-packages/airflow/example_dags/example_complex.py took 0.110 seconds
[2024-04-04T22:00:15.457+0000] {processor.py:161} INFO - Started process (PID=2580) to work on /home/airflow/.local/lib/python3.8/site-packages/airflow/example_dags/example_complex.py
[2024-04-04T22:00:15.477+0000] {processor.py:830} INFO - Processing file /home/airflow/.local/lib/python3.8/site-packages/airflow/example_dags/example_complex.py for tasks to queue
[2024-04-04T22:00:15.485+0000] {logging_mixin.py:188} INFO - [2024-04-04T22:00:15.483+0000] {dagbag.py:540} INFO - Filling up the DagBag from /home/airflow/.local/lib/python3.8/site-packages/airflow/example_dags/example_complex.py
[2024-04-04T22:00:15.513+0000] {processor.py:840} INFO - DAG(s) 'example_complex' retrieved from /home/airflow/.local/lib/python3.8/site-packages/airflow/example_dags/example_complex.py
[2024-04-04T22:00:15.594+0000] {logging_mixin.py:188} INFO - [2024-04-04T22:00:15.594+0000] {dag.py:3047} INFO - Sync 1 DAGs
[2024-04-04T22:00:15.623+0000] {logging_mixin.py:188} INFO - [2024-04-04T22:00:15.622+0000] {dag.py:3834} INFO - Setting next_dagrun for example_complex to None, run_after=None
[2024-04-04T22:00:15.676+0000] {processor.py:183} INFO - Processing /home/airflow/.local/lib/python3.8/site-packages/airflow/example_dags/example_complex.py took 0.229 seconds
