[2024-04-04T21:36:59.927+0000] {processor.py:161} INFO - Started process (PID=67) to work on /home/airflow/.local/lib/python3.8/site-packages/airflow/example_dags/example_nested_branch_dag.py
[2024-04-04T21:36:59.929+0000] {processor.py:830} INFO - Processing file /home/airflow/.local/lib/python3.8/site-packages/airflow/example_dags/example_nested_branch_dag.py for tasks to queue
[2024-04-04T21:36:59.931+0000] {logging_mixin.py:188} INFO - [2024-04-04T21:36:59.930+0000] {dagbag.py:540} INFO - Filling up the DagBag from /home/airflow/.local/lib/python3.8/site-packages/airflow/example_dags/example_nested_branch_dag.py
[2024-04-04T21:36:59.942+0000] {processor.py:840} INFO - DAG(s) 'example_nested_branch_dag' retrieved from /home/airflow/.local/lib/python3.8/site-packages/airflow/example_dags/example_nested_branch_dag.py
[2024-04-04T21:36:59.969+0000] {logging_mixin.py:188} INFO - [2024-04-04T21:36:59.968+0000] {dag.py:3047} INFO - Sync 1 DAGs
[2024-04-04T21:37:00.003+0000] {logging_mixin.py:188} INFO - [2024-04-04T21:37:00.003+0000] {dag.py:3834} INFO - Setting next_dagrun for example_nested_branch_dag to 2024-04-03 00:00:00+00:00, run_after=2024-04-04 00:00:00+00:00
[2024-04-04T21:37:00.029+0000] {processor.py:183} INFO - Processing /home/airflow/.local/lib/python3.8/site-packages/airflow/example_dags/example_nested_branch_dag.py took 0.104 seconds
[2024-04-04T21:37:30.504+0000] {processor.py:161} INFO - Started process (PID=122) to work on /home/airflow/.local/lib/python3.8/site-packages/airflow/example_dags/example_nested_branch_dag.py
[2024-04-04T21:37:30.505+0000] {processor.py:830} INFO - Processing file /home/airflow/.local/lib/python3.8/site-packages/airflow/example_dags/example_nested_branch_dag.py for tasks to queue
[2024-04-04T21:37:30.506+0000] {logging_mixin.py:188} INFO - [2024-04-04T21:37:30.505+0000] {dagbag.py:540} INFO - Filling up the DagBag from /home/airflow/.local/lib/python3.8/site-packages/airflow/example_dags/example_nested_branch_dag.py
[2024-04-04T21:37:30.512+0000] {processor.py:840} INFO - DAG(s) 'example_nested_branch_dag' retrieved from /home/airflow/.local/lib/python3.8/site-packages/airflow/example_dags/example_nested_branch_dag.py
[2024-04-04T21:37:30.528+0000] {logging_mixin.py:188} INFO - [2024-04-04T21:37:30.527+0000] {dag.py:3047} INFO - Sync 1 DAGs
[2024-04-04T21:37:30.544+0000] {logging_mixin.py:188} INFO - [2024-04-04T21:37:30.544+0000] {dag.py:3834} INFO - Setting next_dagrun for example_nested_branch_dag to 2024-04-03 00:00:00+00:00, run_after=2024-04-04 00:00:00+00:00
[2024-04-04T21:37:30.557+0000] {processor.py:183} INFO - Processing /home/airflow/.local/lib/python3.8/site-packages/airflow/example_dags/example_nested_branch_dag.py took 0.055 seconds
[2024-04-04T21:38:00.690+0000] {processor.py:161} INFO - Started process (PID=177) to work on /home/airflow/.local/lib/python3.8/site-packages/airflow/example_dags/example_nested_branch_dag.py
[2024-04-04T21:38:00.691+0000] {processor.py:830} INFO - Processing file /home/airflow/.local/lib/python3.8/site-packages/airflow/example_dags/example_nested_branch_dag.py for tasks to queue
[2024-04-04T21:38:00.692+0000] {logging_mixin.py:188} INFO - [2024-04-04T21:38:00.692+0000] {dagbag.py:540} INFO - Filling up the DagBag from /home/airflow/.local/lib/python3.8/site-packages/airflow/example_dags/example_nested_branch_dag.py
[2024-04-04T21:38:00.699+0000] {processor.py:840} INFO - DAG(s) 'example_nested_branch_dag' retrieved from /home/airflow/.local/lib/python3.8/site-packages/airflow/example_dags/example_nested_branch_dag.py
[2024-04-04T21:38:00.717+0000] {logging_mixin.py:188} INFO - [2024-04-04T21:38:00.716+0000] {dag.py:3047} INFO - Sync 1 DAGs
[2024-04-04T21:38:00.735+0000] {logging_mixin.py:188} INFO - [2024-04-04T21:38:00.735+0000] {dag.py:3834} INFO - Setting next_dagrun for example_nested_branch_dag to 2024-04-03 00:00:00+00:00, run_after=2024-04-04 00:00:00+00:00
[2024-04-04T21:38:00.749+0000] {processor.py:183} INFO - Processing /home/airflow/.local/lib/python3.8/site-packages/airflow/example_dags/example_nested_branch_dag.py took 0.061 seconds
[2024-04-04T21:38:31.080+0000] {processor.py:161} INFO - Started process (PID=232) to work on /home/airflow/.local/lib/python3.8/site-packages/airflow/example_dags/example_nested_branch_dag.py
[2024-04-04T21:38:31.081+0000] {processor.py:830} INFO - Processing file /home/airflow/.local/lib/python3.8/site-packages/airflow/example_dags/example_nested_branch_dag.py for tasks to queue
[2024-04-04T21:38:31.082+0000] {logging_mixin.py:188} INFO - [2024-04-04T21:38:31.082+0000] {dagbag.py:540} INFO - Filling up the DagBag from /home/airflow/.local/lib/python3.8/site-packages/airflow/example_dags/example_nested_branch_dag.py
[2024-04-04T21:38:31.090+0000] {processor.py:840} INFO - DAG(s) 'example_nested_branch_dag' retrieved from /home/airflow/.local/lib/python3.8/site-packages/airflow/example_dags/example_nested_branch_dag.py
[2024-04-04T21:38:31.111+0000] {logging_mixin.py:188} INFO - [2024-04-04T21:38:31.111+0000] {dag.py:3047} INFO - Sync 1 DAGs
[2024-04-04T21:38:31.132+0000] {logging_mixin.py:188} INFO - [2024-04-04T21:38:31.131+0000] {dag.py:3834} INFO - Setting next_dagrun for example_nested_branch_dag to 2024-04-03 00:00:00+00:00, run_after=2024-04-04 00:00:00+00:00
[2024-04-04T21:38:31.147+0000] {processor.py:183} INFO - Processing /home/airflow/.local/lib/python3.8/site-packages/airflow/example_dags/example_nested_branch_dag.py took 0.069 seconds
[2024-04-04T21:39:01.429+0000] {processor.py:161} INFO - Started process (PID=288) to work on /home/airflow/.local/lib/python3.8/site-packages/airflow/example_dags/example_nested_branch_dag.py
[2024-04-04T21:39:01.430+0000] {processor.py:830} INFO - Processing file /home/airflow/.local/lib/python3.8/site-packages/airflow/example_dags/example_nested_branch_dag.py for tasks to queue
[2024-04-04T21:39:01.431+0000] {logging_mixin.py:188} INFO - [2024-04-04T21:39:01.431+0000] {dagbag.py:540} INFO - Filling up the DagBag from /home/airflow/.local/lib/python3.8/site-packages/airflow/example_dags/example_nested_branch_dag.py
[2024-04-04T21:39:01.438+0000] {processor.py:840} INFO - DAG(s) 'example_nested_branch_dag' retrieved from /home/airflow/.local/lib/python3.8/site-packages/airflow/example_dags/example_nested_branch_dag.py
[2024-04-04T21:39:01.454+0000] {logging_mixin.py:188} INFO - [2024-04-04T21:39:01.453+0000] {dag.py:3047} INFO - Sync 1 DAGs
[2024-04-04T21:39:01.470+0000] {logging_mixin.py:188} INFO - [2024-04-04T21:39:01.470+0000] {dag.py:3834} INFO - Setting next_dagrun for example_nested_branch_dag to 2024-04-03 00:00:00+00:00, run_after=2024-04-04 00:00:00+00:00
[2024-04-04T21:39:01.485+0000] {processor.py:183} INFO - Processing /home/airflow/.local/lib/python3.8/site-packages/airflow/example_dags/example_nested_branch_dag.py took 0.059 seconds
[2024-04-04T21:39:31.532+0000] {processor.py:161} INFO - Started process (PID=343) to work on /home/airflow/.local/lib/python3.8/site-packages/airflow/example_dags/example_nested_branch_dag.py
[2024-04-04T21:39:31.533+0000] {processor.py:830} INFO - Processing file /home/airflow/.local/lib/python3.8/site-packages/airflow/example_dags/example_nested_branch_dag.py for tasks to queue
[2024-04-04T21:39:31.535+0000] {logging_mixin.py:188} INFO - [2024-04-04T21:39:31.535+0000] {dagbag.py:540} INFO - Filling up the DagBag from /home/airflow/.local/lib/python3.8/site-packages/airflow/example_dags/example_nested_branch_dag.py
[2024-04-04T21:39:31.543+0000] {processor.py:840} INFO - DAG(s) 'example_nested_branch_dag' retrieved from /home/airflow/.local/lib/python3.8/site-packages/airflow/example_dags/example_nested_branch_dag.py
[2024-04-04T21:39:31.560+0000] {logging_mixin.py:188} INFO - [2024-04-04T21:39:31.560+0000] {dag.py:3047} INFO - Sync 1 DAGs
[2024-04-04T21:39:31.578+0000] {logging_mixin.py:188} INFO - [2024-04-04T21:39:31.577+0000] {dag.py:3834} INFO - Setting next_dagrun for example_nested_branch_dag to 2024-04-03 00:00:00+00:00, run_after=2024-04-04 00:00:00+00:00
[2024-04-04T21:39:31.594+0000] {processor.py:183} INFO - Processing /home/airflow/.local/lib/python3.8/site-packages/airflow/example_dags/example_nested_branch_dag.py took 0.064 seconds
[2024-04-04T21:40:01.894+0000] {processor.py:161} INFO - Started process (PID=398) to work on /home/airflow/.local/lib/python3.8/site-packages/airflow/example_dags/example_nested_branch_dag.py
[2024-04-04T21:40:01.895+0000] {processor.py:830} INFO - Processing file /home/airflow/.local/lib/python3.8/site-packages/airflow/example_dags/example_nested_branch_dag.py for tasks to queue
[2024-04-04T21:40:01.896+0000] {logging_mixin.py:188} INFO - [2024-04-04T21:40:01.896+0000] {dagbag.py:540} INFO - Filling up the DagBag from /home/airflow/.local/lib/python3.8/site-packages/airflow/example_dags/example_nested_branch_dag.py
[2024-04-04T21:40:01.903+0000] {processor.py:840} INFO - DAG(s) 'example_nested_branch_dag' retrieved from /home/airflow/.local/lib/python3.8/site-packages/airflow/example_dags/example_nested_branch_dag.py
[2024-04-04T21:40:01.921+0000] {logging_mixin.py:188} INFO - [2024-04-04T21:40:01.920+0000] {dag.py:3047} INFO - Sync 1 DAGs
[2024-04-04T21:40:01.940+0000] {logging_mixin.py:188} INFO - [2024-04-04T21:40:01.940+0000] {dag.py:3834} INFO - Setting next_dagrun for example_nested_branch_dag to 2024-04-03 00:00:00+00:00, run_after=2024-04-04 00:00:00+00:00
[2024-04-04T21:40:01.954+0000] {processor.py:183} INFO - Processing /home/airflow/.local/lib/python3.8/site-packages/airflow/example_dags/example_nested_branch_dag.py took 0.062 seconds
[2024-04-04T21:40:32.145+0000] {processor.py:161} INFO - Started process (PID=453) to work on /home/airflow/.local/lib/python3.8/site-packages/airflow/example_dags/example_nested_branch_dag.py
[2024-04-04T21:40:32.145+0000] {processor.py:830} INFO - Processing file /home/airflow/.local/lib/python3.8/site-packages/airflow/example_dags/example_nested_branch_dag.py for tasks to queue
[2024-04-04T21:40:32.146+0000] {logging_mixin.py:188} INFO - [2024-04-04T21:40:32.146+0000] {dagbag.py:540} INFO - Filling up the DagBag from /home/airflow/.local/lib/python3.8/site-packages/airflow/example_dags/example_nested_branch_dag.py
[2024-04-04T21:40:32.153+0000] {processor.py:840} INFO - DAG(s) 'example_nested_branch_dag' retrieved from /home/airflow/.local/lib/python3.8/site-packages/airflow/example_dags/example_nested_branch_dag.py
[2024-04-04T21:40:32.168+0000] {logging_mixin.py:188} INFO - [2024-04-04T21:40:32.168+0000] {dag.py:3047} INFO - Sync 1 DAGs
[2024-04-04T21:40:32.185+0000] {logging_mixin.py:188} INFO - [2024-04-04T21:40:32.184+0000] {dag.py:3834} INFO - Setting next_dagrun for example_nested_branch_dag to 2024-04-03 00:00:00+00:00, run_after=2024-04-04 00:00:00+00:00
[2024-04-04T21:40:32.197+0000] {processor.py:183} INFO - Processing /home/airflow/.local/lib/python3.8/site-packages/airflow/example_dags/example_nested_branch_dag.py took 0.055 seconds
[2024-04-04T21:41:02.292+0000] {processor.py:161} INFO - Started process (PID=508) to work on /home/airflow/.local/lib/python3.8/site-packages/airflow/example_dags/example_nested_branch_dag.py
[2024-04-04T21:41:02.292+0000] {processor.py:830} INFO - Processing file /home/airflow/.local/lib/python3.8/site-packages/airflow/example_dags/example_nested_branch_dag.py for tasks to queue
[2024-04-04T21:41:02.294+0000] {logging_mixin.py:188} INFO - [2024-04-04T21:41:02.293+0000] {dagbag.py:540} INFO - Filling up the DagBag from /home/airflow/.local/lib/python3.8/site-packages/airflow/example_dags/example_nested_branch_dag.py
[2024-04-04T21:41:02.301+0000] {processor.py:840} INFO - DAG(s) 'example_nested_branch_dag' retrieved from /home/airflow/.local/lib/python3.8/site-packages/airflow/example_dags/example_nested_branch_dag.py
[2024-04-04T21:41:02.316+0000] {logging_mixin.py:188} INFO - [2024-04-04T21:41:02.316+0000] {dag.py:3047} INFO - Sync 1 DAGs
[2024-04-04T21:41:02.334+0000] {logging_mixin.py:188} INFO - [2024-04-04T21:41:02.333+0000] {dag.py:3834} INFO - Setting next_dagrun for example_nested_branch_dag to 2024-04-03 00:00:00+00:00, run_after=2024-04-04 00:00:00+00:00
[2024-04-04T21:41:02.347+0000] {processor.py:183} INFO - Processing /home/airflow/.local/lib/python3.8/site-packages/airflow/example_dags/example_nested_branch_dag.py took 0.058 seconds
[2024-04-04T21:41:32.791+0000] {processor.py:161} INFO - Started process (PID=563) to work on /home/airflow/.local/lib/python3.8/site-packages/airflow/example_dags/example_nested_branch_dag.py
[2024-04-04T21:41:32.792+0000] {processor.py:830} INFO - Processing file /home/airflow/.local/lib/python3.8/site-packages/airflow/example_dags/example_nested_branch_dag.py for tasks to queue
[2024-04-04T21:41:32.794+0000] {logging_mixin.py:188} INFO - [2024-04-04T21:41:32.793+0000] {dagbag.py:540} INFO - Filling up the DagBag from /home/airflow/.local/lib/python3.8/site-packages/airflow/example_dags/example_nested_branch_dag.py
[2024-04-04T21:41:32.802+0000] {processor.py:840} INFO - DAG(s) 'example_nested_branch_dag' retrieved from /home/airflow/.local/lib/python3.8/site-packages/airflow/example_dags/example_nested_branch_dag.py
[2024-04-04T21:41:32.820+0000] {logging_mixin.py:188} INFO - [2024-04-04T21:41:32.820+0000] {dag.py:3047} INFO - Sync 1 DAGs
[2024-04-04T21:41:32.840+0000] {logging_mixin.py:188} INFO - [2024-04-04T21:41:32.839+0000] {dag.py:3834} INFO - Setting next_dagrun for example_nested_branch_dag to 2024-04-03 00:00:00+00:00, run_after=2024-04-04 00:00:00+00:00
[2024-04-04T21:41:32.856+0000] {processor.py:183} INFO - Processing /home/airflow/.local/lib/python3.8/site-packages/airflow/example_dags/example_nested_branch_dag.py took 0.068 seconds
[2024-04-04T21:42:03.239+0000] {processor.py:161} INFO - Started process (PID=618) to work on /home/airflow/.local/lib/python3.8/site-packages/airflow/example_dags/example_nested_branch_dag.py
[2024-04-04T21:42:03.240+0000] {processor.py:830} INFO - Processing file /home/airflow/.local/lib/python3.8/site-packages/airflow/example_dags/example_nested_branch_dag.py for tasks to queue
[2024-04-04T21:42:03.242+0000] {logging_mixin.py:188} INFO - [2024-04-04T21:42:03.242+0000] {dagbag.py:540} INFO - Filling up the DagBag from /home/airflow/.local/lib/python3.8/site-packages/airflow/example_dags/example_nested_branch_dag.py
[2024-04-04T21:42:03.251+0000] {processor.py:840} INFO - DAG(s) 'example_nested_branch_dag' retrieved from /home/airflow/.local/lib/python3.8/site-packages/airflow/example_dags/example_nested_branch_dag.py
[2024-04-04T21:42:03.279+0000] {logging_mixin.py:188} INFO - [2024-04-04T21:42:03.278+0000] {dag.py:3047} INFO - Sync 1 DAGs
[2024-04-04T21:42:03.304+0000] {logging_mixin.py:188} INFO - [2024-04-04T21:42:03.304+0000] {dag.py:3834} INFO - Setting next_dagrun for example_nested_branch_dag to 2024-04-03 00:00:00+00:00, run_after=2024-04-04 00:00:00+00:00
[2024-04-04T21:42:03.331+0000] {processor.py:183} INFO - Processing /home/airflow/.local/lib/python3.8/site-packages/airflow/example_dags/example_nested_branch_dag.py took 0.095 seconds
[2024-04-04T21:42:33.784+0000] {processor.py:161} INFO - Started process (PID=674) to work on /home/airflow/.local/lib/python3.8/site-packages/airflow/example_dags/example_nested_branch_dag.py
[2024-04-04T21:42:33.785+0000] {processor.py:830} INFO - Processing file /home/airflow/.local/lib/python3.8/site-packages/airflow/example_dags/example_nested_branch_dag.py for tasks to queue
[2024-04-04T21:42:33.787+0000] {logging_mixin.py:188} INFO - [2024-04-04T21:42:33.786+0000] {dagbag.py:540} INFO - Filling up the DagBag from /home/airflow/.local/lib/python3.8/site-packages/airflow/example_dags/example_nested_branch_dag.py
[2024-04-04T21:42:33.795+0000] {processor.py:840} INFO - DAG(s) 'example_nested_branch_dag' retrieved from /home/airflow/.local/lib/python3.8/site-packages/airflow/example_dags/example_nested_branch_dag.py
[2024-04-04T21:42:33.812+0000] {logging_mixin.py:188} INFO - [2024-04-04T21:42:33.812+0000] {dag.py:3047} INFO - Sync 1 DAGs
[2024-04-04T21:42:33.831+0000] {logging_mixin.py:188} INFO - [2024-04-04T21:42:33.830+0000] {dag.py:3834} INFO - Setting next_dagrun for example_nested_branch_dag to 2024-04-03 00:00:00+00:00, run_after=2024-04-04 00:00:00+00:00
[2024-04-04T21:42:33.847+0000] {processor.py:183} INFO - Processing /home/airflow/.local/lib/python3.8/site-packages/airflow/example_dags/example_nested_branch_dag.py took 0.065 seconds
[2024-04-04T21:43:04.548+0000] {processor.py:161} INFO - Started process (PID=729) to work on /home/airflow/.local/lib/python3.8/site-packages/airflow/example_dags/example_nested_branch_dag.py
[2024-04-04T21:43:04.549+0000] {processor.py:830} INFO - Processing file /home/airflow/.local/lib/python3.8/site-packages/airflow/example_dags/example_nested_branch_dag.py for tasks to queue
[2024-04-04T21:43:04.550+0000] {logging_mixin.py:188} INFO - [2024-04-04T21:43:04.550+0000] {dagbag.py:540} INFO - Filling up the DagBag from /home/airflow/.local/lib/python3.8/site-packages/airflow/example_dags/example_nested_branch_dag.py
[2024-04-04T21:43:04.558+0000] {processor.py:840} INFO - DAG(s) 'example_nested_branch_dag' retrieved from /home/airflow/.local/lib/python3.8/site-packages/airflow/example_dags/example_nested_branch_dag.py
[2024-04-04T21:43:04.574+0000] {logging_mixin.py:188} INFO - [2024-04-04T21:43:04.573+0000] {dag.py:3047} INFO - Sync 1 DAGs
[2024-04-04T21:43:04.591+0000] {logging_mixin.py:188} INFO - [2024-04-04T21:43:04.591+0000] {dag.py:3834} INFO - Setting next_dagrun for example_nested_branch_dag to 2024-04-03 00:00:00+00:00, run_after=2024-04-04 00:00:00+00:00
[2024-04-04T21:43:04.611+0000] {processor.py:183} INFO - Processing /home/airflow/.local/lib/python3.8/site-packages/airflow/example_dags/example_nested_branch_dag.py took 0.065 seconds
[2024-04-04T21:43:34.747+0000] {processor.py:161} INFO - Started process (PID=784) to work on /home/airflow/.local/lib/python3.8/site-packages/airflow/example_dags/example_nested_branch_dag.py
[2024-04-04T21:43:34.748+0000] {processor.py:830} INFO - Processing file /home/airflow/.local/lib/python3.8/site-packages/airflow/example_dags/example_nested_branch_dag.py for tasks to queue
[2024-04-04T21:43:34.749+0000] {logging_mixin.py:188} INFO - [2024-04-04T21:43:34.749+0000] {dagbag.py:540} INFO - Filling up the DagBag from /home/airflow/.local/lib/python3.8/site-packages/airflow/example_dags/example_nested_branch_dag.py
[2024-04-04T21:43:34.758+0000] {processor.py:840} INFO - DAG(s) 'example_nested_branch_dag' retrieved from /home/airflow/.local/lib/python3.8/site-packages/airflow/example_dags/example_nested_branch_dag.py
[2024-04-04T21:43:34.773+0000] {logging_mixin.py:188} INFO - [2024-04-04T21:43:34.773+0000] {dag.py:3047} INFO - Sync 1 DAGs
[2024-04-04T21:43:34.791+0000] {logging_mixin.py:188} INFO - [2024-04-04T21:43:34.791+0000] {dag.py:3834} INFO - Setting next_dagrun for example_nested_branch_dag to 2024-04-03 00:00:00+00:00, run_after=2024-04-04 00:00:00+00:00
[2024-04-04T21:43:34.807+0000] {processor.py:183} INFO - Processing /home/airflow/.local/lib/python3.8/site-packages/airflow/example_dags/example_nested_branch_dag.py took 0.062 seconds
[2024-04-04T21:44:05.186+0000] {processor.py:161} INFO - Started process (PID=839) to work on /home/airflow/.local/lib/python3.8/site-packages/airflow/example_dags/example_nested_branch_dag.py
[2024-04-04T21:44:05.187+0000] {processor.py:830} INFO - Processing file /home/airflow/.local/lib/python3.8/site-packages/airflow/example_dags/example_nested_branch_dag.py for tasks to queue
[2024-04-04T21:44:05.189+0000] {logging_mixin.py:188} INFO - [2024-04-04T21:44:05.189+0000] {dagbag.py:540} INFO - Filling up the DagBag from /home/airflow/.local/lib/python3.8/site-packages/airflow/example_dags/example_nested_branch_dag.py
[2024-04-04T21:44:05.199+0000] {processor.py:840} INFO - DAG(s) 'example_nested_branch_dag' retrieved from /home/airflow/.local/lib/python3.8/site-packages/airflow/example_dags/example_nested_branch_dag.py
[2024-04-04T21:44:05.222+0000] {logging_mixin.py:188} INFO - [2024-04-04T21:44:05.222+0000] {dag.py:3047} INFO - Sync 1 DAGs
[2024-04-04T21:44:05.242+0000] {logging_mixin.py:188} INFO - [2024-04-04T21:44:05.242+0000] {dag.py:3834} INFO - Setting next_dagrun for example_nested_branch_dag to 2024-04-03 00:00:00+00:00, run_after=2024-04-04 00:00:00+00:00
[2024-04-04T21:44:05.261+0000] {processor.py:183} INFO - Processing /home/airflow/.local/lib/python3.8/site-packages/airflow/example_dags/example_nested_branch_dag.py took 0.077 seconds
[2024-04-04T21:44:35.779+0000] {processor.py:161} INFO - Started process (PID=894) to work on /home/airflow/.local/lib/python3.8/site-packages/airflow/example_dags/example_nested_branch_dag.py
[2024-04-04T21:44:35.780+0000] {processor.py:830} INFO - Processing file /home/airflow/.local/lib/python3.8/site-packages/airflow/example_dags/example_nested_branch_dag.py for tasks to queue
[2024-04-04T21:44:35.781+0000] {logging_mixin.py:188} INFO - [2024-04-04T21:44:35.781+0000] {dagbag.py:540} INFO - Filling up the DagBag from /home/airflow/.local/lib/python3.8/site-packages/airflow/example_dags/example_nested_branch_dag.py
[2024-04-04T21:44:35.789+0000] {processor.py:840} INFO - DAG(s) 'example_nested_branch_dag' retrieved from /home/airflow/.local/lib/python3.8/site-packages/airflow/example_dags/example_nested_branch_dag.py
[2024-04-04T21:44:35.805+0000] {logging_mixin.py:188} INFO - [2024-04-04T21:44:35.804+0000] {dag.py:3047} INFO - Sync 1 DAGs
[2024-04-04T21:44:35.822+0000] {logging_mixin.py:188} INFO - [2024-04-04T21:44:35.821+0000] {dag.py:3834} INFO - Setting next_dagrun for example_nested_branch_dag to 2024-04-03 00:00:00+00:00, run_after=2024-04-04 00:00:00+00:00
[2024-04-04T21:44:35.836+0000] {processor.py:183} INFO - Processing /home/airflow/.local/lib/python3.8/site-packages/airflow/example_dags/example_nested_branch_dag.py took 0.059 seconds
[2024-04-04T21:45:05.879+0000] {processor.py:161} INFO - Started process (PID=949) to work on /home/airflow/.local/lib/python3.8/site-packages/airflow/example_dags/example_nested_branch_dag.py
[2024-04-04T21:45:05.880+0000] {processor.py:830} INFO - Processing file /home/airflow/.local/lib/python3.8/site-packages/airflow/example_dags/example_nested_branch_dag.py for tasks to queue
[2024-04-04T21:45:05.881+0000] {logging_mixin.py:188} INFO - [2024-04-04T21:45:05.881+0000] {dagbag.py:540} INFO - Filling up the DagBag from /home/airflow/.local/lib/python3.8/site-packages/airflow/example_dags/example_nested_branch_dag.py
[2024-04-04T21:45:05.888+0000] {processor.py:840} INFO - DAG(s) 'example_nested_branch_dag' retrieved from /home/airflow/.local/lib/python3.8/site-packages/airflow/example_dags/example_nested_branch_dag.py
[2024-04-04T21:45:05.904+0000] {logging_mixin.py:188} INFO - [2024-04-04T21:45:05.904+0000] {dag.py:3047} INFO - Sync 1 DAGs
[2024-04-04T21:45:05.921+0000] {logging_mixin.py:188} INFO - [2024-04-04T21:45:05.921+0000] {dag.py:3834} INFO - Setting next_dagrun for example_nested_branch_dag to 2024-04-03 00:00:00+00:00, run_after=2024-04-04 00:00:00+00:00
[2024-04-04T21:45:05.935+0000] {processor.py:183} INFO - Processing /home/airflow/.local/lib/python3.8/site-packages/airflow/example_dags/example_nested_branch_dag.py took 0.058 seconds
[2024-04-04T21:45:35.985+0000] {processor.py:161} INFO - Started process (PID=1004) to work on /home/airflow/.local/lib/python3.8/site-packages/airflow/example_dags/example_nested_branch_dag.py
[2024-04-04T21:45:35.986+0000] {processor.py:830} INFO - Processing file /home/airflow/.local/lib/python3.8/site-packages/airflow/example_dags/example_nested_branch_dag.py for tasks to queue
[2024-04-04T21:45:35.988+0000] {logging_mixin.py:188} INFO - [2024-04-04T21:45:35.987+0000] {dagbag.py:540} INFO - Filling up the DagBag from /home/airflow/.local/lib/python3.8/site-packages/airflow/example_dags/example_nested_branch_dag.py
[2024-04-04T21:45:35.995+0000] {processor.py:840} INFO - DAG(s) 'example_nested_branch_dag' retrieved from /home/airflow/.local/lib/python3.8/site-packages/airflow/example_dags/example_nested_branch_dag.py
[2024-04-04T21:45:36.014+0000] {logging_mixin.py:188} INFO - [2024-04-04T21:45:36.014+0000] {dag.py:3047} INFO - Sync 1 DAGs
[2024-04-04T21:45:36.032+0000] {logging_mixin.py:188} INFO - [2024-04-04T21:45:36.032+0000] {dag.py:3834} INFO - Setting next_dagrun for example_nested_branch_dag to 2024-04-03 00:00:00+00:00, run_after=2024-04-04 00:00:00+00:00
[2024-04-04T21:45:36.049+0000] {processor.py:183} INFO - Processing /home/airflow/.local/lib/python3.8/site-packages/airflow/example_dags/example_nested_branch_dag.py took 0.066 seconds
[2024-04-04T21:46:06.431+0000] {processor.py:161} INFO - Started process (PID=1059) to work on /home/airflow/.local/lib/python3.8/site-packages/airflow/example_dags/example_nested_branch_dag.py
[2024-04-04T21:46:06.432+0000] {processor.py:830} INFO - Processing file /home/airflow/.local/lib/python3.8/site-packages/airflow/example_dags/example_nested_branch_dag.py for tasks to queue
[2024-04-04T21:46:06.433+0000] {logging_mixin.py:188} INFO - [2024-04-04T21:46:06.433+0000] {dagbag.py:540} INFO - Filling up the DagBag from /home/airflow/.local/lib/python3.8/site-packages/airflow/example_dags/example_nested_branch_dag.py
[2024-04-04T21:46:06.440+0000] {processor.py:840} INFO - DAG(s) 'example_nested_branch_dag' retrieved from /home/airflow/.local/lib/python3.8/site-packages/airflow/example_dags/example_nested_branch_dag.py
[2024-04-04T21:46:06.458+0000] {logging_mixin.py:188} INFO - [2024-04-04T21:46:06.457+0000] {dag.py:3047} INFO - Sync 1 DAGs
[2024-04-04T21:46:06.476+0000] {logging_mixin.py:188} INFO - [2024-04-04T21:46:06.476+0000] {dag.py:3834} INFO - Setting next_dagrun for example_nested_branch_dag to 2024-04-03 00:00:00+00:00, run_after=2024-04-04 00:00:00+00:00
[2024-04-04T21:46:06.492+0000] {processor.py:183} INFO - Processing /home/airflow/.local/lib/python3.8/site-packages/airflow/example_dags/example_nested_branch_dag.py took 0.064 seconds
[2024-04-04T21:46:36.560+0000] {processor.py:161} INFO - Started process (PID=1114) to work on /home/airflow/.local/lib/python3.8/site-packages/airflow/example_dags/example_nested_branch_dag.py
[2024-04-04T21:46:36.561+0000] {processor.py:830} INFO - Processing file /home/airflow/.local/lib/python3.8/site-packages/airflow/example_dags/example_nested_branch_dag.py for tasks to queue
[2024-04-04T21:46:36.562+0000] {logging_mixin.py:188} INFO - [2024-04-04T21:46:36.562+0000] {dagbag.py:540} INFO - Filling up the DagBag from /home/airflow/.local/lib/python3.8/site-packages/airflow/example_dags/example_nested_branch_dag.py
[2024-04-04T21:46:36.570+0000] {processor.py:840} INFO - DAG(s) 'example_nested_branch_dag' retrieved from /home/airflow/.local/lib/python3.8/site-packages/airflow/example_dags/example_nested_branch_dag.py
[2024-04-04T21:46:36.587+0000] {logging_mixin.py:188} INFO - [2024-04-04T21:46:36.587+0000] {dag.py:3047} INFO - Sync 1 DAGs
[2024-04-04T21:46:36.607+0000] {logging_mixin.py:188} INFO - [2024-04-04T21:46:36.607+0000] {dag.py:3834} INFO - Setting next_dagrun for example_nested_branch_dag to 2024-04-03 00:00:00+00:00, run_after=2024-04-04 00:00:00+00:00
[2024-04-04T21:46:36.623+0000] {processor.py:183} INFO - Processing /home/airflow/.local/lib/python3.8/site-packages/airflow/example_dags/example_nested_branch_dag.py took 0.066 seconds
[2024-04-04T21:47:06.909+0000] {processor.py:161} INFO - Started process (PID=1169) to work on /home/airflow/.local/lib/python3.8/site-packages/airflow/example_dags/example_nested_branch_dag.py
[2024-04-04T21:47:06.911+0000] {processor.py:830} INFO - Processing file /home/airflow/.local/lib/python3.8/site-packages/airflow/example_dags/example_nested_branch_dag.py for tasks to queue
[2024-04-04T21:47:06.912+0000] {logging_mixin.py:188} INFO - [2024-04-04T21:47:06.912+0000] {dagbag.py:540} INFO - Filling up the DagBag from /home/airflow/.local/lib/python3.8/site-packages/airflow/example_dags/example_nested_branch_dag.py
[2024-04-04T21:47:06.923+0000] {processor.py:840} INFO - DAG(s) 'example_nested_branch_dag' retrieved from /home/airflow/.local/lib/python3.8/site-packages/airflow/example_dags/example_nested_branch_dag.py
[2024-04-04T21:47:06.941+0000] {logging_mixin.py:188} INFO - [2024-04-04T21:47:06.941+0000] {dag.py:3047} INFO - Sync 1 DAGs
[2024-04-04T21:47:06.963+0000] {logging_mixin.py:188} INFO - [2024-04-04T21:47:06.963+0000] {dag.py:3834} INFO - Setting next_dagrun for example_nested_branch_dag to 2024-04-03 00:00:00+00:00, run_after=2024-04-04 00:00:00+00:00
[2024-04-04T21:47:06.981+0000] {processor.py:183} INFO - Processing /home/airflow/.local/lib/python3.8/site-packages/airflow/example_dags/example_nested_branch_dag.py took 0.075 seconds
[2024-04-04T21:47:37.281+0000] {processor.py:161} INFO - Started process (PID=1224) to work on /home/airflow/.local/lib/python3.8/site-packages/airflow/example_dags/example_nested_branch_dag.py
[2024-04-04T21:47:37.282+0000] {processor.py:830} INFO - Processing file /home/airflow/.local/lib/python3.8/site-packages/airflow/example_dags/example_nested_branch_dag.py for tasks to queue
[2024-04-04T21:47:37.284+0000] {logging_mixin.py:188} INFO - [2024-04-04T21:47:37.283+0000] {dagbag.py:540} INFO - Filling up the DagBag from /home/airflow/.local/lib/python3.8/site-packages/airflow/example_dags/example_nested_branch_dag.py
[2024-04-04T21:47:37.291+0000] {processor.py:840} INFO - DAG(s) 'example_nested_branch_dag' retrieved from /home/airflow/.local/lib/python3.8/site-packages/airflow/example_dags/example_nested_branch_dag.py
[2024-04-04T21:47:37.313+0000] {logging_mixin.py:188} INFO - [2024-04-04T21:47:37.312+0000] {dag.py:3047} INFO - Sync 1 DAGs
[2024-04-04T21:47:37.336+0000] {logging_mixin.py:188} INFO - [2024-04-04T21:47:37.336+0000] {dag.py:3834} INFO - Setting next_dagrun for example_nested_branch_dag to 2024-04-03 00:00:00+00:00, run_after=2024-04-04 00:00:00+00:00
[2024-04-04T21:47:37.353+0000] {processor.py:183} INFO - Processing /home/airflow/.local/lib/python3.8/site-packages/airflow/example_dags/example_nested_branch_dag.py took 0.075 seconds
[2024-04-04T21:48:07.884+0000] {processor.py:161} INFO - Started process (PID=1279) to work on /home/airflow/.local/lib/python3.8/site-packages/airflow/example_dags/example_nested_branch_dag.py
[2024-04-04T21:48:07.889+0000] {processor.py:830} INFO - Processing file /home/airflow/.local/lib/python3.8/site-packages/airflow/example_dags/example_nested_branch_dag.py for tasks to queue
[2024-04-04T21:48:07.891+0000] {logging_mixin.py:188} INFO - [2024-04-04T21:48:07.890+0000] {dagbag.py:540} INFO - Filling up the DagBag from /home/airflow/.local/lib/python3.8/site-packages/airflow/example_dags/example_nested_branch_dag.py
[2024-04-04T21:48:07.901+0000] {processor.py:840} INFO - DAG(s) 'example_nested_branch_dag' retrieved from /home/airflow/.local/lib/python3.8/site-packages/airflow/example_dags/example_nested_branch_dag.py
[2024-04-04T21:48:07.925+0000] {logging_mixin.py:188} INFO - [2024-04-04T21:48:07.925+0000] {dag.py:3047} INFO - Sync 1 DAGs
[2024-04-04T21:48:07.947+0000] {logging_mixin.py:188} INFO - [2024-04-04T21:48:07.947+0000] {dag.py:3834} INFO - Setting next_dagrun for example_nested_branch_dag to 2024-04-03 00:00:00+00:00, run_after=2024-04-04 00:00:00+00:00
[2024-04-04T21:48:07.964+0000] {processor.py:183} INFO - Processing /home/airflow/.local/lib/python3.8/site-packages/airflow/example_dags/example_nested_branch_dag.py took 0.083 seconds
[2024-04-04T21:48:38.941+0000] {processor.py:161} INFO - Started process (PID=1334) to work on /home/airflow/.local/lib/python3.8/site-packages/airflow/example_dags/example_nested_branch_dag.py
[2024-04-04T21:48:38.942+0000] {processor.py:830} INFO - Processing file /home/airflow/.local/lib/python3.8/site-packages/airflow/example_dags/example_nested_branch_dag.py for tasks to queue
[2024-04-04T21:48:38.944+0000] {logging_mixin.py:188} INFO - [2024-04-04T21:48:38.943+0000] {dagbag.py:540} INFO - Filling up the DagBag from /home/airflow/.local/lib/python3.8/site-packages/airflow/example_dags/example_nested_branch_dag.py
[2024-04-04T21:48:38.951+0000] {processor.py:840} INFO - DAG(s) 'example_nested_branch_dag' retrieved from /home/airflow/.local/lib/python3.8/site-packages/airflow/example_dags/example_nested_branch_dag.py
[2024-04-04T21:48:38.967+0000] {logging_mixin.py:188} INFO - [2024-04-04T21:48:38.966+0000] {dag.py:3047} INFO - Sync 1 DAGs
[2024-04-04T21:48:38.984+0000] {logging_mixin.py:188} INFO - [2024-04-04T21:48:38.983+0000] {dag.py:3834} INFO - Setting next_dagrun for example_nested_branch_dag to 2024-04-03 00:00:00+00:00, run_after=2024-04-04 00:00:00+00:00
[2024-04-04T21:48:39.007+0000] {processor.py:183} INFO - Processing /home/airflow/.local/lib/python3.8/site-packages/airflow/example_dags/example_nested_branch_dag.py took 0.068 seconds
[2024-04-04T21:49:09.338+0000] {processor.py:161} INFO - Started process (PID=1389) to work on /home/airflow/.local/lib/python3.8/site-packages/airflow/example_dags/example_nested_branch_dag.py
[2024-04-04T21:49:09.339+0000] {processor.py:830} INFO - Processing file /home/airflow/.local/lib/python3.8/site-packages/airflow/example_dags/example_nested_branch_dag.py for tasks to queue
[2024-04-04T21:49:09.340+0000] {logging_mixin.py:188} INFO - [2024-04-04T21:49:09.340+0000] {dagbag.py:540} INFO - Filling up the DagBag from /home/airflow/.local/lib/python3.8/site-packages/airflow/example_dags/example_nested_branch_dag.py
[2024-04-04T21:49:09.347+0000] {processor.py:840} INFO - DAG(s) 'example_nested_branch_dag' retrieved from /home/airflow/.local/lib/python3.8/site-packages/airflow/example_dags/example_nested_branch_dag.py
[2024-04-04T21:49:09.370+0000] {logging_mixin.py:188} INFO - [2024-04-04T21:49:09.369+0000] {dag.py:3047} INFO - Sync 1 DAGs
[2024-04-04T21:49:09.392+0000] {logging_mixin.py:188} INFO - [2024-04-04T21:49:09.392+0000] {dag.py:3834} INFO - Setting next_dagrun for example_nested_branch_dag to 2024-04-03 00:00:00+00:00, run_after=2024-04-04 00:00:00+00:00
[2024-04-04T21:49:09.413+0000] {processor.py:183} INFO - Processing /home/airflow/.local/lib/python3.8/site-packages/airflow/example_dags/example_nested_branch_dag.py took 0.077 seconds
[2024-04-04T21:49:39.820+0000] {processor.py:161} INFO - Started process (PID=1444) to work on /home/airflow/.local/lib/python3.8/site-packages/airflow/example_dags/example_nested_branch_dag.py
[2024-04-04T21:49:39.821+0000] {processor.py:830} INFO - Processing file /home/airflow/.local/lib/python3.8/site-packages/airflow/example_dags/example_nested_branch_dag.py for tasks to queue
[2024-04-04T21:49:39.822+0000] {logging_mixin.py:188} INFO - [2024-04-04T21:49:39.822+0000] {dagbag.py:540} INFO - Filling up the DagBag from /home/airflow/.local/lib/python3.8/site-packages/airflow/example_dags/example_nested_branch_dag.py
[2024-04-04T21:49:39.829+0000] {processor.py:840} INFO - DAG(s) 'example_nested_branch_dag' retrieved from /home/airflow/.local/lib/python3.8/site-packages/airflow/example_dags/example_nested_branch_dag.py
[2024-04-04T21:49:39.847+0000] {logging_mixin.py:188} INFO - [2024-04-04T21:49:39.846+0000] {dag.py:3047} INFO - Sync 1 DAGs
[2024-04-04T21:49:39.863+0000] {logging_mixin.py:188} INFO - [2024-04-04T21:49:39.863+0000] {dag.py:3834} INFO - Setting next_dagrun for example_nested_branch_dag to 2024-04-03 00:00:00+00:00, run_after=2024-04-04 00:00:00+00:00
[2024-04-04T21:49:39.881+0000] {processor.py:183} INFO - Processing /home/airflow/.local/lib/python3.8/site-packages/airflow/example_dags/example_nested_branch_dag.py took 0.063 seconds
[2024-04-04T21:50:10.184+0000] {processor.py:161} INFO - Started process (PID=1499) to work on /home/airflow/.local/lib/python3.8/site-packages/airflow/example_dags/example_nested_branch_dag.py
[2024-04-04T21:50:10.185+0000] {processor.py:830} INFO - Processing file /home/airflow/.local/lib/python3.8/site-packages/airflow/example_dags/example_nested_branch_dag.py for tasks to queue
[2024-04-04T21:50:10.186+0000] {logging_mixin.py:188} INFO - [2024-04-04T21:50:10.186+0000] {dagbag.py:540} INFO - Filling up the DagBag from /home/airflow/.local/lib/python3.8/site-packages/airflow/example_dags/example_nested_branch_dag.py
[2024-04-04T21:50:10.193+0000] {processor.py:840} INFO - DAG(s) 'example_nested_branch_dag' retrieved from /home/airflow/.local/lib/python3.8/site-packages/airflow/example_dags/example_nested_branch_dag.py
[2024-04-04T21:50:10.209+0000] {logging_mixin.py:188} INFO - [2024-04-04T21:50:10.209+0000] {dag.py:3047} INFO - Sync 1 DAGs
[2024-04-04T21:50:10.226+0000] {logging_mixin.py:188} INFO - [2024-04-04T21:50:10.226+0000] {dag.py:3834} INFO - Setting next_dagrun for example_nested_branch_dag to 2024-04-03 00:00:00+00:00, run_after=2024-04-04 00:00:00+00:00
[2024-04-04T21:50:10.242+0000] {processor.py:183} INFO - Processing /home/airflow/.local/lib/python3.8/site-packages/airflow/example_dags/example_nested_branch_dag.py took 0.060 seconds
[2024-04-04T21:50:40.657+0000] {processor.py:161} INFO - Started process (PID=1554) to work on /home/airflow/.local/lib/python3.8/site-packages/airflow/example_dags/example_nested_branch_dag.py
[2024-04-04T21:50:40.659+0000] {processor.py:830} INFO - Processing file /home/airflow/.local/lib/python3.8/site-packages/airflow/example_dags/example_nested_branch_dag.py for tasks to queue
[2024-04-04T21:50:40.660+0000] {logging_mixin.py:188} INFO - [2024-04-04T21:50:40.660+0000] {dagbag.py:540} INFO - Filling up the DagBag from /home/airflow/.local/lib/python3.8/site-packages/airflow/example_dags/example_nested_branch_dag.py
[2024-04-04T21:50:40.668+0000] {processor.py:840} INFO - DAG(s) 'example_nested_branch_dag' retrieved from /home/airflow/.local/lib/python3.8/site-packages/airflow/example_dags/example_nested_branch_dag.py
[2024-04-04T21:50:40.684+0000] {logging_mixin.py:188} INFO - [2024-04-04T21:50:40.684+0000] {dag.py:3047} INFO - Sync 1 DAGs
[2024-04-04T21:50:40.704+0000] {logging_mixin.py:188} INFO - [2024-04-04T21:50:40.704+0000] {dag.py:3834} INFO - Setting next_dagrun for example_nested_branch_dag to 2024-04-03 00:00:00+00:00, run_after=2024-04-04 00:00:00+00:00
[2024-04-04T21:50:40.720+0000] {processor.py:183} INFO - Processing /home/airflow/.local/lib/python3.8/site-packages/airflow/example_dags/example_nested_branch_dag.py took 0.064 seconds
[2024-04-04T21:51:11.154+0000] {processor.py:161} INFO - Started process (PID=1609) to work on /home/airflow/.local/lib/python3.8/site-packages/airflow/example_dags/example_nested_branch_dag.py
[2024-04-04T21:51:11.155+0000] {processor.py:830} INFO - Processing file /home/airflow/.local/lib/python3.8/site-packages/airflow/example_dags/example_nested_branch_dag.py for tasks to queue
[2024-04-04T21:51:11.157+0000] {logging_mixin.py:188} INFO - [2024-04-04T21:51:11.156+0000] {dagbag.py:540} INFO - Filling up the DagBag from /home/airflow/.local/lib/python3.8/site-packages/airflow/example_dags/example_nested_branch_dag.py
[2024-04-04T21:51:11.164+0000] {processor.py:840} INFO - DAG(s) 'example_nested_branch_dag' retrieved from /home/airflow/.local/lib/python3.8/site-packages/airflow/example_dags/example_nested_branch_dag.py
[2024-04-04T21:51:11.180+0000] {logging_mixin.py:188} INFO - [2024-04-04T21:51:11.180+0000] {dag.py:3047} INFO - Sync 1 DAGs
[2024-04-04T21:51:11.201+0000] {logging_mixin.py:188} INFO - [2024-04-04T21:51:11.201+0000] {dag.py:3834} INFO - Setting next_dagrun for example_nested_branch_dag to 2024-04-03 00:00:00+00:00, run_after=2024-04-04 00:00:00+00:00
[2024-04-04T21:51:11.220+0000] {processor.py:183} INFO - Processing /home/airflow/.local/lib/python3.8/site-packages/airflow/example_dags/example_nested_branch_dag.py took 0.068 seconds
[2024-04-04T21:51:41.431+0000] {processor.py:161} INFO - Started process (PID=1664) to work on /home/airflow/.local/lib/python3.8/site-packages/airflow/example_dags/example_nested_branch_dag.py
[2024-04-04T21:51:41.432+0000] {processor.py:830} INFO - Processing file /home/airflow/.local/lib/python3.8/site-packages/airflow/example_dags/example_nested_branch_dag.py for tasks to queue
[2024-04-04T21:51:41.434+0000] {logging_mixin.py:188} INFO - [2024-04-04T21:51:41.434+0000] {dagbag.py:540} INFO - Filling up the DagBag from /home/airflow/.local/lib/python3.8/site-packages/airflow/example_dags/example_nested_branch_dag.py
[2024-04-04T21:51:41.441+0000] {processor.py:840} INFO - DAG(s) 'example_nested_branch_dag' retrieved from /home/airflow/.local/lib/python3.8/site-packages/airflow/example_dags/example_nested_branch_dag.py
[2024-04-04T21:51:41.459+0000] {logging_mixin.py:188} INFO - [2024-04-04T21:51:41.459+0000] {dag.py:3047} INFO - Sync 1 DAGs
[2024-04-04T21:51:41.478+0000] {logging_mixin.py:188} INFO - [2024-04-04T21:51:41.478+0000] {dag.py:3834} INFO - Setting next_dagrun for example_nested_branch_dag to 2024-04-03 00:00:00+00:00, run_after=2024-04-04 00:00:00+00:00
[2024-04-04T21:51:41.494+0000] {processor.py:183} INFO - Processing /home/airflow/.local/lib/python3.8/site-packages/airflow/example_dags/example_nested_branch_dag.py took 0.065 seconds
[2024-04-04T21:52:11.648+0000] {processor.py:161} INFO - Started process (PID=1719) to work on /home/airflow/.local/lib/python3.8/site-packages/airflow/example_dags/example_nested_branch_dag.py
[2024-04-04T21:52:11.649+0000] {processor.py:830} INFO - Processing file /home/airflow/.local/lib/python3.8/site-packages/airflow/example_dags/example_nested_branch_dag.py for tasks to queue
[2024-04-04T21:52:11.650+0000] {logging_mixin.py:188} INFO - [2024-04-04T21:52:11.650+0000] {dagbag.py:540} INFO - Filling up the DagBag from /home/airflow/.local/lib/python3.8/site-packages/airflow/example_dags/example_nested_branch_dag.py
[2024-04-04T21:52:11.657+0000] {processor.py:840} INFO - DAG(s) 'example_nested_branch_dag' retrieved from /home/airflow/.local/lib/python3.8/site-packages/airflow/example_dags/example_nested_branch_dag.py
[2024-04-04T21:52:11.674+0000] {logging_mixin.py:188} INFO - [2024-04-04T21:52:11.673+0000] {dag.py:3047} INFO - Sync 1 DAGs
[2024-04-04T21:52:11.691+0000] {logging_mixin.py:188} INFO - [2024-04-04T21:52:11.690+0000] {dag.py:3834} INFO - Setting next_dagrun for example_nested_branch_dag to 2024-04-03 00:00:00+00:00, run_after=2024-04-04 00:00:00+00:00
[2024-04-04T21:52:11.707+0000] {processor.py:183} INFO - Processing /home/airflow/.local/lib/python3.8/site-packages/airflow/example_dags/example_nested_branch_dag.py took 0.061 seconds
[2024-04-04T21:52:42.052+0000] {processor.py:161} INFO - Started process (PID=1774) to work on /home/airflow/.local/lib/python3.8/site-packages/airflow/example_dags/example_nested_branch_dag.py
[2024-04-04T21:52:42.053+0000] {processor.py:830} INFO - Processing file /home/airflow/.local/lib/python3.8/site-packages/airflow/example_dags/example_nested_branch_dag.py for tasks to queue
[2024-04-04T21:52:42.054+0000] {logging_mixin.py:188} INFO - [2024-04-04T21:52:42.054+0000] {dagbag.py:540} INFO - Filling up the DagBag from /home/airflow/.local/lib/python3.8/site-packages/airflow/example_dags/example_nested_branch_dag.py
[2024-04-04T21:52:42.064+0000] {processor.py:840} INFO - DAG(s) 'example_nested_branch_dag' retrieved from /home/airflow/.local/lib/python3.8/site-packages/airflow/example_dags/example_nested_branch_dag.py
[2024-04-04T21:52:42.082+0000] {logging_mixin.py:188} INFO - [2024-04-04T21:52:42.082+0000] {dag.py:3047} INFO - Sync 1 DAGs
[2024-04-04T21:52:42.102+0000] {logging_mixin.py:188} INFO - [2024-04-04T21:52:42.101+0000] {dag.py:3834} INFO - Setting next_dagrun for example_nested_branch_dag to 2024-04-03 00:00:00+00:00, run_after=2024-04-04 00:00:00+00:00
[2024-04-04T21:52:42.119+0000] {processor.py:183} INFO - Processing /home/airflow/.local/lib/python3.8/site-packages/airflow/example_dags/example_nested_branch_dag.py took 0.069 seconds
[2024-04-04T21:53:12.288+0000] {processor.py:161} INFO - Started process (PID=1829) to work on /home/airflow/.local/lib/python3.8/site-packages/airflow/example_dags/example_nested_branch_dag.py
[2024-04-04T21:53:12.289+0000] {processor.py:830} INFO - Processing file /home/airflow/.local/lib/python3.8/site-packages/airflow/example_dags/example_nested_branch_dag.py for tasks to queue
[2024-04-04T21:53:12.290+0000] {logging_mixin.py:188} INFO - [2024-04-04T21:53:12.290+0000] {dagbag.py:540} INFO - Filling up the DagBag from /home/airflow/.local/lib/python3.8/site-packages/airflow/example_dags/example_nested_branch_dag.py
[2024-04-04T21:53:12.298+0000] {processor.py:840} INFO - DAG(s) 'example_nested_branch_dag' retrieved from /home/airflow/.local/lib/python3.8/site-packages/airflow/example_dags/example_nested_branch_dag.py
[2024-04-04T21:53:12.315+0000] {logging_mixin.py:188} INFO - [2024-04-04T21:53:12.314+0000] {dag.py:3047} INFO - Sync 1 DAGs
[2024-04-04T21:53:12.339+0000] {logging_mixin.py:188} INFO - [2024-04-04T21:53:12.339+0000] {dag.py:3834} INFO - Setting next_dagrun for example_nested_branch_dag to 2024-04-03 00:00:00+00:00, run_after=2024-04-04 00:00:00+00:00
[2024-04-04T21:53:12.362+0000] {processor.py:183} INFO - Processing /home/airflow/.local/lib/python3.8/site-packages/airflow/example_dags/example_nested_branch_dag.py took 0.077 seconds
[2024-04-04T21:53:42.540+0000] {processor.py:161} INFO - Started process (PID=1884) to work on /home/airflow/.local/lib/python3.8/site-packages/airflow/example_dags/example_nested_branch_dag.py
[2024-04-04T21:53:42.541+0000] {processor.py:830} INFO - Processing file /home/airflow/.local/lib/python3.8/site-packages/airflow/example_dags/example_nested_branch_dag.py for tasks to queue
[2024-04-04T21:53:42.542+0000] {logging_mixin.py:188} INFO - [2024-04-04T21:53:42.542+0000] {dagbag.py:540} INFO - Filling up the DagBag from /home/airflow/.local/lib/python3.8/site-packages/airflow/example_dags/example_nested_branch_dag.py
[2024-04-04T21:53:42.549+0000] {processor.py:840} INFO - DAG(s) 'example_nested_branch_dag' retrieved from /home/airflow/.local/lib/python3.8/site-packages/airflow/example_dags/example_nested_branch_dag.py
[2024-04-04T21:53:42.566+0000] {logging_mixin.py:188} INFO - [2024-04-04T21:53:42.565+0000] {dag.py:3047} INFO - Sync 1 DAGs
[2024-04-04T21:53:42.583+0000] {logging_mixin.py:188} INFO - [2024-04-04T21:53:42.582+0000] {dag.py:3834} INFO - Setting next_dagrun for example_nested_branch_dag to 2024-04-03 00:00:00+00:00, run_after=2024-04-04 00:00:00+00:00
[2024-04-04T21:53:42.598+0000] {processor.py:183} INFO - Processing /home/airflow/.local/lib/python3.8/site-packages/airflow/example_dags/example_nested_branch_dag.py took 0.060 seconds
[2024-04-04T21:54:12.636+0000] {processor.py:161} INFO - Started process (PID=1939) to work on /home/airflow/.local/lib/python3.8/site-packages/airflow/example_dags/example_nested_branch_dag.py
[2024-04-04T21:54:12.637+0000] {processor.py:830} INFO - Processing file /home/airflow/.local/lib/python3.8/site-packages/airflow/example_dags/example_nested_branch_dag.py for tasks to queue
[2024-04-04T21:54:12.638+0000] {logging_mixin.py:188} INFO - [2024-04-04T21:54:12.637+0000] {dagbag.py:540} INFO - Filling up the DagBag from /home/airflow/.local/lib/python3.8/site-packages/airflow/example_dags/example_nested_branch_dag.py
[2024-04-04T21:54:12.644+0000] {processor.py:840} INFO - DAG(s) 'example_nested_branch_dag' retrieved from /home/airflow/.local/lib/python3.8/site-packages/airflow/example_dags/example_nested_branch_dag.py
[2024-04-04T21:54:12.659+0000] {logging_mixin.py:188} INFO - [2024-04-04T21:54:12.659+0000] {dag.py:3047} INFO - Sync 1 DAGs
[2024-04-04T21:54:12.676+0000] {logging_mixin.py:188} INFO - [2024-04-04T21:54:12.676+0000] {dag.py:3834} INFO - Setting next_dagrun for example_nested_branch_dag to 2024-04-03 00:00:00+00:00, run_after=2024-04-04 00:00:00+00:00
[2024-04-04T21:54:12.691+0000] {processor.py:183} INFO - Processing /home/airflow/.local/lib/python3.8/site-packages/airflow/example_dags/example_nested_branch_dag.py took 0.057 seconds
[2024-04-04T21:54:43.037+0000] {processor.py:161} INFO - Started process (PID=1994) to work on /home/airflow/.local/lib/python3.8/site-packages/airflow/example_dags/example_nested_branch_dag.py
[2024-04-04T21:54:43.038+0000] {processor.py:830} INFO - Processing file /home/airflow/.local/lib/python3.8/site-packages/airflow/example_dags/example_nested_branch_dag.py for tasks to queue
[2024-04-04T21:54:43.039+0000] {logging_mixin.py:188} INFO - [2024-04-04T21:54:43.039+0000] {dagbag.py:540} INFO - Filling up the DagBag from /home/airflow/.local/lib/python3.8/site-packages/airflow/example_dags/example_nested_branch_dag.py
[2024-04-04T21:54:43.046+0000] {processor.py:840} INFO - DAG(s) 'example_nested_branch_dag' retrieved from /home/airflow/.local/lib/python3.8/site-packages/airflow/example_dags/example_nested_branch_dag.py
[2024-04-04T21:54:43.062+0000] {logging_mixin.py:188} INFO - [2024-04-04T21:54:43.062+0000] {dag.py:3047} INFO - Sync 1 DAGs
[2024-04-04T21:54:43.078+0000] {logging_mixin.py:188} INFO - [2024-04-04T21:54:43.078+0000] {dag.py:3834} INFO - Setting next_dagrun for example_nested_branch_dag to 2024-04-03 00:00:00+00:00, run_after=2024-04-04 00:00:00+00:00
[2024-04-04T21:54:43.092+0000] {processor.py:183} INFO - Processing /home/airflow/.local/lib/python3.8/site-packages/airflow/example_dags/example_nested_branch_dag.py took 0.057 seconds
[2024-04-04T21:55:13.193+0000] {processor.py:161} INFO - Started process (PID=2050) to work on /home/airflow/.local/lib/python3.8/site-packages/airflow/example_dags/example_nested_branch_dag.py
[2024-04-04T21:55:13.193+0000] {processor.py:830} INFO - Processing file /home/airflow/.local/lib/python3.8/site-packages/airflow/example_dags/example_nested_branch_dag.py for tasks to queue
[2024-04-04T21:55:13.195+0000] {logging_mixin.py:188} INFO - [2024-04-04T21:55:13.194+0000] {dagbag.py:540} INFO - Filling up the DagBag from /home/airflow/.local/lib/python3.8/site-packages/airflow/example_dags/example_nested_branch_dag.py
[2024-04-04T21:55:13.202+0000] {processor.py:840} INFO - DAG(s) 'example_nested_branch_dag' retrieved from /home/airflow/.local/lib/python3.8/site-packages/airflow/example_dags/example_nested_branch_dag.py
[2024-04-04T21:55:13.219+0000] {logging_mixin.py:188} INFO - [2024-04-04T21:55:13.218+0000] {dag.py:3047} INFO - Sync 1 DAGs
[2024-04-04T21:55:13.236+0000] {logging_mixin.py:188} INFO - [2024-04-04T21:55:13.235+0000] {dag.py:3834} INFO - Setting next_dagrun for example_nested_branch_dag to 2024-04-03 00:00:00+00:00, run_after=2024-04-04 00:00:00+00:00
[2024-04-04T21:55:13.250+0000] {processor.py:183} INFO - Processing /home/airflow/.local/lib/python3.8/site-packages/airflow/example_dags/example_nested_branch_dag.py took 0.060 seconds
[2024-04-04T21:55:43.487+0000] {processor.py:161} INFO - Started process (PID=2104) to work on /home/airflow/.local/lib/python3.8/site-packages/airflow/example_dags/example_nested_branch_dag.py
[2024-04-04T21:55:43.488+0000] {processor.py:830} INFO - Processing file /home/airflow/.local/lib/python3.8/site-packages/airflow/example_dags/example_nested_branch_dag.py for tasks to queue
[2024-04-04T21:55:43.489+0000] {logging_mixin.py:188} INFO - [2024-04-04T21:55:43.489+0000] {dagbag.py:540} INFO - Filling up the DagBag from /home/airflow/.local/lib/python3.8/site-packages/airflow/example_dags/example_nested_branch_dag.py
[2024-04-04T21:55:43.497+0000] {processor.py:840} INFO - DAG(s) 'example_nested_branch_dag' retrieved from /home/airflow/.local/lib/python3.8/site-packages/airflow/example_dags/example_nested_branch_dag.py
[2024-04-04T21:55:43.512+0000] {logging_mixin.py:188} INFO - [2024-04-04T21:55:43.512+0000] {dag.py:3047} INFO - Sync 1 DAGs
[2024-04-04T21:55:43.529+0000] {logging_mixin.py:188} INFO - [2024-04-04T21:55:43.529+0000] {dag.py:3834} INFO - Setting next_dagrun for example_nested_branch_dag to 2024-04-03 00:00:00+00:00, run_after=2024-04-04 00:00:00+00:00
[2024-04-04T21:55:43.544+0000] {processor.py:183} INFO - Processing /home/airflow/.local/lib/python3.8/site-packages/airflow/example_dags/example_nested_branch_dag.py took 0.059 seconds
[2024-04-04T21:56:13.797+0000] {processor.py:161} INFO - Started process (PID=2159) to work on /home/airflow/.local/lib/python3.8/site-packages/airflow/example_dags/example_nested_branch_dag.py
[2024-04-04T21:56:13.798+0000] {processor.py:830} INFO - Processing file /home/airflow/.local/lib/python3.8/site-packages/airflow/example_dags/example_nested_branch_dag.py for tasks to queue
[2024-04-04T21:56:13.799+0000] {logging_mixin.py:188} INFO - [2024-04-04T21:56:13.799+0000] {dagbag.py:540} INFO - Filling up the DagBag from /home/airflow/.local/lib/python3.8/site-packages/airflow/example_dags/example_nested_branch_dag.py
[2024-04-04T21:56:13.806+0000] {processor.py:840} INFO - DAG(s) 'example_nested_branch_dag' retrieved from /home/airflow/.local/lib/python3.8/site-packages/airflow/example_dags/example_nested_branch_dag.py
[2024-04-04T21:56:13.822+0000] {logging_mixin.py:188} INFO - [2024-04-04T21:56:13.821+0000] {dag.py:3047} INFO - Sync 1 DAGs
[2024-04-04T21:56:13.838+0000] {logging_mixin.py:188} INFO - [2024-04-04T21:56:13.838+0000] {dag.py:3834} INFO - Setting next_dagrun for example_nested_branch_dag to 2024-04-03 00:00:00+00:00, run_after=2024-04-04 00:00:00+00:00
[2024-04-04T21:56:13.852+0000] {processor.py:183} INFO - Processing /home/airflow/.local/lib/python3.8/site-packages/airflow/example_dags/example_nested_branch_dag.py took 0.057 seconds
[2024-04-04T21:56:43.911+0000] {processor.py:161} INFO - Started process (PID=2214) to work on /home/airflow/.local/lib/python3.8/site-packages/airflow/example_dags/example_nested_branch_dag.py
[2024-04-04T21:56:43.911+0000] {processor.py:830} INFO - Processing file /home/airflow/.local/lib/python3.8/site-packages/airflow/example_dags/example_nested_branch_dag.py for tasks to queue
[2024-04-04T21:56:43.912+0000] {logging_mixin.py:188} INFO - [2024-04-04T21:56:43.912+0000] {dagbag.py:540} INFO - Filling up the DagBag from /home/airflow/.local/lib/python3.8/site-packages/airflow/example_dags/example_nested_branch_dag.py
[2024-04-04T21:56:43.919+0000] {processor.py:840} INFO - DAG(s) 'example_nested_branch_dag' retrieved from /home/airflow/.local/lib/python3.8/site-packages/airflow/example_dags/example_nested_branch_dag.py
[2024-04-04T21:56:43.935+0000] {logging_mixin.py:188} INFO - [2024-04-04T21:56:43.934+0000] {dag.py:3047} INFO - Sync 1 DAGs
[2024-04-04T21:56:43.952+0000] {logging_mixin.py:188} INFO - [2024-04-04T21:56:43.952+0000] {dag.py:3834} INFO - Setting next_dagrun for example_nested_branch_dag to 2024-04-03 00:00:00+00:00, run_after=2024-04-04 00:00:00+00:00
[2024-04-04T21:56:43.968+0000] {processor.py:183} INFO - Processing /home/airflow/.local/lib/python3.8/site-packages/airflow/example_dags/example_nested_branch_dag.py took 0.059 seconds
[2024-04-04T21:57:14.100+0000] {processor.py:161} INFO - Started process (PID=2269) to work on /home/airflow/.local/lib/python3.8/site-packages/airflow/example_dags/example_nested_branch_dag.py
[2024-04-04T21:57:14.101+0000] {processor.py:830} INFO - Processing file /home/airflow/.local/lib/python3.8/site-packages/airflow/example_dags/example_nested_branch_dag.py for tasks to queue
[2024-04-04T21:57:14.103+0000] {logging_mixin.py:188} INFO - [2024-04-04T21:57:14.102+0000] {dagbag.py:540} INFO - Filling up the DagBag from /home/airflow/.local/lib/python3.8/site-packages/airflow/example_dags/example_nested_branch_dag.py
[2024-04-04T21:57:14.110+0000] {processor.py:840} INFO - DAG(s) 'example_nested_branch_dag' retrieved from /home/airflow/.local/lib/python3.8/site-packages/airflow/example_dags/example_nested_branch_dag.py
[2024-04-04T21:57:14.127+0000] {logging_mixin.py:188} INFO - [2024-04-04T21:57:14.127+0000] {dag.py:3047} INFO - Sync 1 DAGs
[2024-04-04T21:57:14.147+0000] {logging_mixin.py:188} INFO - [2024-04-04T21:57:14.146+0000] {dag.py:3834} INFO - Setting next_dagrun for example_nested_branch_dag to 2024-04-03 00:00:00+00:00, run_after=2024-04-04 00:00:00+00:00
[2024-04-04T21:57:14.165+0000] {processor.py:183} INFO - Processing /home/airflow/.local/lib/python3.8/site-packages/airflow/example_dags/example_nested_branch_dag.py took 0.068 seconds
[2024-04-04T21:57:44.415+0000] {processor.py:161} INFO - Started process (PID=2324) to work on /home/airflow/.local/lib/python3.8/site-packages/airflow/example_dags/example_nested_branch_dag.py
[2024-04-04T21:57:44.416+0000] {processor.py:830} INFO - Processing file /home/airflow/.local/lib/python3.8/site-packages/airflow/example_dags/example_nested_branch_dag.py for tasks to queue
[2024-04-04T21:57:44.418+0000] {logging_mixin.py:188} INFO - [2024-04-04T21:57:44.418+0000] {dagbag.py:540} INFO - Filling up the DagBag from /home/airflow/.local/lib/python3.8/site-packages/airflow/example_dags/example_nested_branch_dag.py
[2024-04-04T21:57:44.427+0000] {processor.py:840} INFO - DAG(s) 'example_nested_branch_dag' retrieved from /home/airflow/.local/lib/python3.8/site-packages/airflow/example_dags/example_nested_branch_dag.py
[2024-04-04T21:57:44.448+0000] {logging_mixin.py:188} INFO - [2024-04-04T21:57:44.448+0000] {dag.py:3047} INFO - Sync 1 DAGs
[2024-04-04T21:57:44.474+0000] {logging_mixin.py:188} INFO - [2024-04-04T21:57:44.473+0000] {dag.py:3834} INFO - Setting next_dagrun for example_nested_branch_dag to 2024-04-03 00:00:00+00:00, run_after=2024-04-04 00:00:00+00:00
[2024-04-04T21:57:44.495+0000] {processor.py:183} INFO - Processing /home/airflow/.local/lib/python3.8/site-packages/airflow/example_dags/example_nested_branch_dag.py took 0.082 seconds
[2024-04-04T21:58:15.550+0000] {processor.py:161} INFO - Started process (PID=2379) to work on /home/airflow/.local/lib/python3.8/site-packages/airflow/example_dags/example_nested_branch_dag.py
[2024-04-04T21:58:15.551+0000] {processor.py:830} INFO - Processing file /home/airflow/.local/lib/python3.8/site-packages/airflow/example_dags/example_nested_branch_dag.py for tasks to queue
[2024-04-04T21:58:15.553+0000] {logging_mixin.py:188} INFO - [2024-04-04T21:58:15.553+0000] {dagbag.py:540} INFO - Filling up the DagBag from /home/airflow/.local/lib/python3.8/site-packages/airflow/example_dags/example_nested_branch_dag.py
[2024-04-04T21:58:15.564+0000] {processor.py:840} INFO - DAG(s) 'example_nested_branch_dag' retrieved from /home/airflow/.local/lib/python3.8/site-packages/airflow/example_dags/example_nested_branch_dag.py
[2024-04-04T21:58:15.583+0000] {logging_mixin.py:188} INFO - [2024-04-04T21:58:15.583+0000] {dag.py:3047} INFO - Sync 1 DAGs
[2024-04-04T21:58:15.607+0000] {logging_mixin.py:188} INFO - [2024-04-04T21:58:15.607+0000] {dag.py:3834} INFO - Setting next_dagrun for example_nested_branch_dag to 2024-04-03 00:00:00+00:00, run_after=2024-04-04 00:00:00+00:00
[2024-04-04T21:58:15.625+0000] {processor.py:183} INFO - Processing /home/airflow/.local/lib/python3.8/site-packages/airflow/example_dags/example_nested_branch_dag.py took 0.078 seconds
[2024-04-04T21:58:46.229+0000] {processor.py:161} INFO - Started process (PID=2434) to work on /home/airflow/.local/lib/python3.8/site-packages/airflow/example_dags/example_nested_branch_dag.py
[2024-04-04T21:58:46.231+0000] {processor.py:830} INFO - Processing file /home/airflow/.local/lib/python3.8/site-packages/airflow/example_dags/example_nested_branch_dag.py for tasks to queue
[2024-04-04T21:58:46.233+0000] {logging_mixin.py:188} INFO - [2024-04-04T21:58:46.233+0000] {dagbag.py:540} INFO - Filling up the DagBag from /home/airflow/.local/lib/python3.8/site-packages/airflow/example_dags/example_nested_branch_dag.py
[2024-04-04T21:58:46.249+0000] {processor.py:840} INFO - DAG(s) 'example_nested_branch_dag' retrieved from /home/airflow/.local/lib/python3.8/site-packages/airflow/example_dags/example_nested_branch_dag.py
[2024-04-04T21:58:46.285+0000] {logging_mixin.py:188} INFO - [2024-04-04T21:58:46.285+0000] {dag.py:3047} INFO - Sync 1 DAGs
[2024-04-04T21:58:46.333+0000] {logging_mixin.py:188} INFO - [2024-04-04T21:58:46.332+0000] {dag.py:3834} INFO - Setting next_dagrun for example_nested_branch_dag to 2024-04-03 00:00:00+00:00, run_after=2024-04-04 00:00:00+00:00
[2024-04-04T21:58:46.368+0000] {processor.py:183} INFO - Processing /home/airflow/.local/lib/python3.8/site-packages/airflow/example_dags/example_nested_branch_dag.py took 0.144 seconds
[2024-04-04T21:59:16.460+0000] {processor.py:161} INFO - Started process (PID=2488) to work on /home/airflow/.local/lib/python3.8/site-packages/airflow/example_dags/example_nested_branch_dag.py
[2024-04-04T21:59:16.462+0000] {processor.py:830} INFO - Processing file /home/airflow/.local/lib/python3.8/site-packages/airflow/example_dags/example_nested_branch_dag.py for tasks to queue
[2024-04-04T21:59:16.465+0000] {logging_mixin.py:188} INFO - [2024-04-04T21:59:16.465+0000] {dagbag.py:540} INFO - Filling up the DagBag from /home/airflow/.local/lib/python3.8/site-packages/airflow/example_dags/example_nested_branch_dag.py
[2024-04-04T21:59:16.480+0000] {processor.py:840} INFO - DAG(s) 'example_nested_branch_dag' retrieved from /home/airflow/.local/lib/python3.8/site-packages/airflow/example_dags/example_nested_branch_dag.py
[2024-04-04T21:59:16.515+0000] {logging_mixin.py:188} INFO - [2024-04-04T21:59:16.515+0000] {dag.py:3047} INFO - Sync 1 DAGs
[2024-04-04T21:59:16.556+0000] {logging_mixin.py:188} INFO - [2024-04-04T21:59:16.555+0000] {dag.py:3834} INFO - Setting next_dagrun for example_nested_branch_dag to 2024-04-03 00:00:00+00:00, run_after=2024-04-04 00:00:00+00:00
[2024-04-04T21:59:16.587+0000] {processor.py:183} INFO - Processing /home/airflow/.local/lib/python3.8/site-packages/airflow/example_dags/example_nested_branch_dag.py took 0.131 seconds
[2024-04-04T21:59:46.849+0000] {processor.py:161} INFO - Started process (PID=2543) to work on /home/airflow/.local/lib/python3.8/site-packages/airflow/example_dags/example_nested_branch_dag.py
[2024-04-04T21:59:46.854+0000] {processor.py:830} INFO - Processing file /home/airflow/.local/lib/python3.8/site-packages/airflow/example_dags/example_nested_branch_dag.py for tasks to queue
[2024-04-04T21:59:46.856+0000] {logging_mixin.py:188} INFO - [2024-04-04T21:59:46.855+0000] {dagbag.py:540} INFO - Filling up the DagBag from /home/airflow/.local/lib/python3.8/site-packages/airflow/example_dags/example_nested_branch_dag.py
[2024-04-04T21:59:46.864+0000] {processor.py:840} INFO - DAG(s) 'example_nested_branch_dag' retrieved from /home/airflow/.local/lib/python3.8/site-packages/airflow/example_dags/example_nested_branch_dag.py
[2024-04-04T21:59:46.881+0000] {logging_mixin.py:188} INFO - [2024-04-04T21:59:46.880+0000] {dag.py:3047} INFO - Sync 1 DAGs
[2024-04-04T21:59:46.900+0000] {logging_mixin.py:188} INFO - [2024-04-04T21:59:46.899+0000] {dag.py:3834} INFO - Setting next_dagrun for example_nested_branch_dag to 2024-04-03 00:00:00+00:00, run_after=2024-04-04 00:00:00+00:00
[2024-04-04T21:59:46.945+0000] {processor.py:183} INFO - Processing /home/airflow/.local/lib/python3.8/site-packages/airflow/example_dags/example_nested_branch_dag.py took 0.098 seconds
[2024-04-04T22:00:18.149+0000] {processor.py:161} INFO - Started process (PID=2597) to work on /home/airflow/.local/lib/python3.8/site-packages/airflow/example_dags/example_nested_branch_dag.py
[2024-04-04T22:00:18.163+0000] {processor.py:830} INFO - Processing file /home/airflow/.local/lib/python3.8/site-packages/airflow/example_dags/example_nested_branch_dag.py for tasks to queue
[2024-04-04T22:00:18.165+0000] {logging_mixin.py:188} INFO - [2024-04-04T22:00:18.165+0000] {dagbag.py:540} INFO - Filling up the DagBag from /home/airflow/.local/lib/python3.8/site-packages/airflow/example_dags/example_nested_branch_dag.py
[2024-04-04T22:00:18.184+0000] {processor.py:840} INFO - DAG(s) 'example_nested_branch_dag' retrieved from /home/airflow/.local/lib/python3.8/site-packages/airflow/example_dags/example_nested_branch_dag.py
[2024-04-04T22:00:18.231+0000] {logging_mixin.py:188} INFO - [2024-04-04T22:00:18.231+0000] {dag.py:3047} INFO - Sync 1 DAGs
[2024-04-04T22:00:18.265+0000] {logging_mixin.py:188} INFO - [2024-04-04T22:00:18.264+0000] {dag.py:3834} INFO - Setting next_dagrun for example_nested_branch_dag to 2024-04-03 00:00:00+00:00, run_after=2024-04-04 00:00:00+00:00
[2024-04-04T22:00:18.348+0000] {processor.py:183} INFO - Processing /home/airflow/.local/lib/python3.8/site-packages/airflow/example_dags/example_nested_branch_dag.py took 0.202 seconds
