[2024-04-04T21:36:57.765+0000] {processor.py:161} INFO - Started process (PID=40) to work on /home/airflow/.local/lib/python3.8/site-packages/airflow/example_dags/example_short_circuit_operator.py
[2024-04-04T21:36:57.767+0000] {processor.py:830} INFO - Processing file /home/airflow/.local/lib/python3.8/site-packages/airflow/example_dags/example_short_circuit_operator.py for tasks to queue
[2024-04-04T21:36:57.768+0000] {logging_mixin.py:188} INFO - [2024-04-04T21:36:57.768+0000] {dagbag.py:540} INFO - Filling up the DagBag from /home/airflow/.local/lib/python3.8/site-packages/airflow/example_dags/example_short_circuit_operator.py
[2024-04-04T21:36:57.777+0000] {processor.py:840} INFO - DAG(s) 'example_short_circuit_operator' retrieved from /home/airflow/.local/lib/python3.8/site-packages/airflow/example_dags/example_short_circuit_operator.py
[2024-04-04T21:36:57.807+0000] {logging_mixin.py:188} INFO - [2024-04-04T21:36:57.807+0000] {dag.py:3047} INFO - Sync 1 DAGs
[2024-04-04T21:36:57.834+0000] {logging_mixin.py:188} INFO - [2024-04-04T21:36:57.834+0000] {dag.py:3834} INFO - Setting next_dagrun for example_short_circuit_operator to 2024-04-03 00:00:00+00:00, run_after=2024-04-04 00:00:00+00:00
[2024-04-04T21:36:57.854+0000] {processor.py:183} INFO - Processing /home/airflow/.local/lib/python3.8/site-packages/airflow/example_dags/example_short_circuit_operator.py took 0.092 seconds
[2024-04-04T21:37:28.141+0000] {processor.py:161} INFO - Started process (PID=95) to work on /home/airflow/.local/lib/python3.8/site-packages/airflow/example_dags/example_short_circuit_operator.py
[2024-04-04T21:37:28.141+0000] {processor.py:830} INFO - Processing file /home/airflow/.local/lib/python3.8/site-packages/airflow/example_dags/example_short_circuit_operator.py for tasks to queue
[2024-04-04T21:37:28.143+0000] {logging_mixin.py:188} INFO - [2024-04-04T21:37:28.142+0000] {dagbag.py:540} INFO - Filling up the DagBag from /home/airflow/.local/lib/python3.8/site-packages/airflow/example_dags/example_short_circuit_operator.py
[2024-04-04T21:37:28.148+0000] {processor.py:840} INFO - DAG(s) 'example_short_circuit_operator' retrieved from /home/airflow/.local/lib/python3.8/site-packages/airflow/example_dags/example_short_circuit_operator.py
[2024-04-04T21:37:28.166+0000] {logging_mixin.py:188} INFO - [2024-04-04T21:37:28.166+0000] {dag.py:3047} INFO - Sync 1 DAGs
[2024-04-04T21:37:28.183+0000] {logging_mixin.py:188} INFO - [2024-04-04T21:37:28.183+0000] {dag.py:3834} INFO - Setting next_dagrun for example_short_circuit_operator to 2024-04-03 00:00:00+00:00, run_after=2024-04-04 00:00:00+00:00
[2024-04-04T21:37:28.197+0000] {processor.py:183} INFO - Processing /home/airflow/.local/lib/python3.8/site-packages/airflow/example_dags/example_short_circuit_operator.py took 0.058 seconds
[2024-04-04T21:37:58.424+0000] {processor.py:161} INFO - Started process (PID=150) to work on /home/airflow/.local/lib/python3.8/site-packages/airflow/example_dags/example_short_circuit_operator.py
[2024-04-04T21:37:58.425+0000] {processor.py:830} INFO - Processing file /home/airflow/.local/lib/python3.8/site-packages/airflow/example_dags/example_short_circuit_operator.py for tasks to queue
[2024-04-04T21:37:58.426+0000] {logging_mixin.py:188} INFO - [2024-04-04T21:37:58.426+0000] {dagbag.py:540} INFO - Filling up the DagBag from /home/airflow/.local/lib/python3.8/site-packages/airflow/example_dags/example_short_circuit_operator.py
[2024-04-04T21:37:58.431+0000] {processor.py:840} INFO - DAG(s) 'example_short_circuit_operator' retrieved from /home/airflow/.local/lib/python3.8/site-packages/airflow/example_dags/example_short_circuit_operator.py
[2024-04-04T21:37:58.453+0000] {logging_mixin.py:188} INFO - [2024-04-04T21:37:58.453+0000] {dag.py:3047} INFO - Sync 1 DAGs
[2024-04-04T21:37:58.471+0000] {logging_mixin.py:188} INFO - [2024-04-04T21:37:58.471+0000] {dag.py:3834} INFO - Setting next_dagrun for example_short_circuit_operator to 2024-04-03 00:00:00+00:00, run_after=2024-04-04 00:00:00+00:00
[2024-04-04T21:37:58.485+0000] {processor.py:183} INFO - Processing /home/airflow/.local/lib/python3.8/site-packages/airflow/example_dags/example_short_circuit_operator.py took 0.063 seconds
[2024-04-04T21:38:28.686+0000] {processor.py:161} INFO - Started process (PID=205) to work on /home/airflow/.local/lib/python3.8/site-packages/airflow/example_dags/example_short_circuit_operator.py
[2024-04-04T21:38:28.687+0000] {processor.py:830} INFO - Processing file /home/airflow/.local/lib/python3.8/site-packages/airflow/example_dags/example_short_circuit_operator.py for tasks to queue
[2024-04-04T21:38:28.688+0000] {logging_mixin.py:188} INFO - [2024-04-04T21:38:28.688+0000] {dagbag.py:540} INFO - Filling up the DagBag from /home/airflow/.local/lib/python3.8/site-packages/airflow/example_dags/example_short_circuit_operator.py
[2024-04-04T21:38:28.693+0000] {processor.py:840} INFO - DAG(s) 'example_short_circuit_operator' retrieved from /home/airflow/.local/lib/python3.8/site-packages/airflow/example_dags/example_short_circuit_operator.py
[2024-04-04T21:38:28.710+0000] {logging_mixin.py:188} INFO - [2024-04-04T21:38:28.710+0000] {dag.py:3047} INFO - Sync 1 DAGs
[2024-04-04T21:38:28.726+0000] {logging_mixin.py:188} INFO - [2024-04-04T21:38:28.726+0000] {dag.py:3834} INFO - Setting next_dagrun for example_short_circuit_operator to 2024-04-03 00:00:00+00:00, run_after=2024-04-04 00:00:00+00:00
[2024-04-04T21:38:28.739+0000] {processor.py:183} INFO - Processing /home/airflow/.local/lib/python3.8/site-packages/airflow/example_dags/example_short_circuit_operator.py took 0.056 seconds
[2024-04-04T21:38:59.129+0000] {processor.py:161} INFO - Started process (PID=261) to work on /home/airflow/.local/lib/python3.8/site-packages/airflow/example_dags/example_short_circuit_operator.py
[2024-04-04T21:38:59.130+0000] {processor.py:830} INFO - Processing file /home/airflow/.local/lib/python3.8/site-packages/airflow/example_dags/example_short_circuit_operator.py for tasks to queue
[2024-04-04T21:38:59.132+0000] {logging_mixin.py:188} INFO - [2024-04-04T21:38:59.131+0000] {dagbag.py:540} INFO - Filling up the DagBag from /home/airflow/.local/lib/python3.8/site-packages/airflow/example_dags/example_short_circuit_operator.py
[2024-04-04T21:38:59.138+0000] {processor.py:840} INFO - DAG(s) 'example_short_circuit_operator' retrieved from /home/airflow/.local/lib/python3.8/site-packages/airflow/example_dags/example_short_circuit_operator.py
[2024-04-04T21:38:59.158+0000] {logging_mixin.py:188} INFO - [2024-04-04T21:38:59.158+0000] {dag.py:3047} INFO - Sync 1 DAGs
[2024-04-04T21:38:59.175+0000] {logging_mixin.py:188} INFO - [2024-04-04T21:38:59.174+0000] {dag.py:3834} INFO - Setting next_dagrun for example_short_circuit_operator to 2024-04-03 00:00:00+00:00, run_after=2024-04-04 00:00:00+00:00
[2024-04-04T21:38:59.190+0000] {processor.py:183} INFO - Processing /home/airflow/.local/lib/python3.8/site-packages/airflow/example_dags/example_short_circuit_operator.py took 0.063 seconds
[2024-04-04T21:39:29.358+0000] {processor.py:161} INFO - Started process (PID=316) to work on /home/airflow/.local/lib/python3.8/site-packages/airflow/example_dags/example_short_circuit_operator.py
[2024-04-04T21:39:29.359+0000] {processor.py:830} INFO - Processing file /home/airflow/.local/lib/python3.8/site-packages/airflow/example_dags/example_short_circuit_operator.py for tasks to queue
[2024-04-04T21:39:29.361+0000] {logging_mixin.py:188} INFO - [2024-04-04T21:39:29.361+0000] {dagbag.py:540} INFO - Filling up the DagBag from /home/airflow/.local/lib/python3.8/site-packages/airflow/example_dags/example_short_circuit_operator.py
[2024-04-04T21:39:29.371+0000] {processor.py:840} INFO - DAG(s) 'example_short_circuit_operator' retrieved from /home/airflow/.local/lib/python3.8/site-packages/airflow/example_dags/example_short_circuit_operator.py
[2024-04-04T21:39:29.398+0000] {logging_mixin.py:188} INFO - [2024-04-04T21:39:29.398+0000] {dag.py:3047} INFO - Sync 1 DAGs
[2024-04-04T21:39:29.418+0000] {logging_mixin.py:188} INFO - [2024-04-04T21:39:29.417+0000] {dag.py:3834} INFO - Setting next_dagrun for example_short_circuit_operator to 2024-04-03 00:00:00+00:00, run_after=2024-04-04 00:00:00+00:00
[2024-04-04T21:39:29.436+0000] {processor.py:183} INFO - Processing /home/airflow/.local/lib/python3.8/site-packages/airflow/example_dags/example_short_circuit_operator.py took 0.080 seconds
[2024-04-04T21:39:59.472+0000] {processor.py:161} INFO - Started process (PID=371) to work on /home/airflow/.local/lib/python3.8/site-packages/airflow/example_dags/example_short_circuit_operator.py
[2024-04-04T21:39:59.472+0000] {processor.py:830} INFO - Processing file /home/airflow/.local/lib/python3.8/site-packages/airflow/example_dags/example_short_circuit_operator.py for tasks to queue
[2024-04-04T21:39:59.474+0000] {logging_mixin.py:188} INFO - [2024-04-04T21:39:59.473+0000] {dagbag.py:540} INFO - Filling up the DagBag from /home/airflow/.local/lib/python3.8/site-packages/airflow/example_dags/example_short_circuit_operator.py
[2024-04-04T21:39:59.479+0000] {processor.py:840} INFO - DAG(s) 'example_short_circuit_operator' retrieved from /home/airflow/.local/lib/python3.8/site-packages/airflow/example_dags/example_short_circuit_operator.py
[2024-04-04T21:39:59.496+0000] {logging_mixin.py:188} INFO - [2024-04-04T21:39:59.496+0000] {dag.py:3047} INFO - Sync 1 DAGs
[2024-04-04T21:39:59.513+0000] {logging_mixin.py:188} INFO - [2024-04-04T21:39:59.512+0000] {dag.py:3834} INFO - Setting next_dagrun for example_short_circuit_operator to 2024-04-03 00:00:00+00:00, run_after=2024-04-04 00:00:00+00:00
[2024-04-04T21:39:59.526+0000] {processor.py:183} INFO - Processing /home/airflow/.local/lib/python3.8/site-packages/airflow/example_dags/example_short_circuit_operator.py took 0.056 seconds
[2024-04-04T21:40:29.815+0000] {processor.py:161} INFO - Started process (PID=426) to work on /home/airflow/.local/lib/python3.8/site-packages/airflow/example_dags/example_short_circuit_operator.py
[2024-04-04T21:40:29.816+0000] {processor.py:830} INFO - Processing file /home/airflow/.local/lib/python3.8/site-packages/airflow/example_dags/example_short_circuit_operator.py for tasks to queue
[2024-04-04T21:40:29.817+0000] {logging_mixin.py:188} INFO - [2024-04-04T21:40:29.817+0000] {dagbag.py:540} INFO - Filling up the DagBag from /home/airflow/.local/lib/python3.8/site-packages/airflow/example_dags/example_short_circuit_operator.py
[2024-04-04T21:40:29.822+0000] {processor.py:840} INFO - DAG(s) 'example_short_circuit_operator' retrieved from /home/airflow/.local/lib/python3.8/site-packages/airflow/example_dags/example_short_circuit_operator.py
[2024-04-04T21:40:29.839+0000] {logging_mixin.py:188} INFO - [2024-04-04T21:40:29.839+0000] {dag.py:3047} INFO - Sync 1 DAGs
[2024-04-04T21:40:29.856+0000] {logging_mixin.py:188} INFO - [2024-04-04T21:40:29.856+0000] {dag.py:3834} INFO - Setting next_dagrun for example_short_circuit_operator to 2024-04-03 00:00:00+00:00, run_after=2024-04-04 00:00:00+00:00
[2024-04-04T21:40:29.870+0000] {processor.py:183} INFO - Processing /home/airflow/.local/lib/python3.8/site-packages/airflow/example_dags/example_short_circuit_operator.py took 0.057 seconds
[2024-04-04T21:41:00.099+0000] {processor.py:161} INFO - Started process (PID=481) to work on /home/airflow/.local/lib/python3.8/site-packages/airflow/example_dags/example_short_circuit_operator.py
[2024-04-04T21:41:00.100+0000] {processor.py:830} INFO - Processing file /home/airflow/.local/lib/python3.8/site-packages/airflow/example_dags/example_short_circuit_operator.py for tasks to queue
[2024-04-04T21:41:00.101+0000] {logging_mixin.py:188} INFO - [2024-04-04T21:41:00.101+0000] {dagbag.py:540} INFO - Filling up the DagBag from /home/airflow/.local/lib/python3.8/site-packages/airflow/example_dags/example_short_circuit_operator.py
[2024-04-04T21:41:00.106+0000] {processor.py:840} INFO - DAG(s) 'example_short_circuit_operator' retrieved from /home/airflow/.local/lib/python3.8/site-packages/airflow/example_dags/example_short_circuit_operator.py
[2024-04-04T21:41:00.125+0000] {logging_mixin.py:188} INFO - [2024-04-04T21:41:00.125+0000] {dag.py:3047} INFO - Sync 1 DAGs
[2024-04-04T21:41:00.145+0000] {logging_mixin.py:188} INFO - [2024-04-04T21:41:00.145+0000] {dag.py:3834} INFO - Setting next_dagrun for example_short_circuit_operator to 2024-04-03 00:00:00+00:00, run_after=2024-04-04 00:00:00+00:00
[2024-04-04T21:41:00.162+0000] {processor.py:183} INFO - Processing /home/airflow/.local/lib/python3.8/site-packages/airflow/example_dags/example_short_circuit_operator.py took 0.066 seconds
[2024-04-04T21:41:30.379+0000] {processor.py:161} INFO - Started process (PID=536) to work on /home/airflow/.local/lib/python3.8/site-packages/airflow/example_dags/example_short_circuit_operator.py
[2024-04-04T21:41:30.380+0000] {processor.py:830} INFO - Processing file /home/airflow/.local/lib/python3.8/site-packages/airflow/example_dags/example_short_circuit_operator.py for tasks to queue
[2024-04-04T21:41:30.381+0000] {logging_mixin.py:188} INFO - [2024-04-04T21:41:30.381+0000] {dagbag.py:540} INFO - Filling up the DagBag from /home/airflow/.local/lib/python3.8/site-packages/airflow/example_dags/example_short_circuit_operator.py
[2024-04-04T21:41:30.387+0000] {processor.py:840} INFO - DAG(s) 'example_short_circuit_operator' retrieved from /home/airflow/.local/lib/python3.8/site-packages/airflow/example_dags/example_short_circuit_operator.py
[2024-04-04T21:41:30.407+0000] {logging_mixin.py:188} INFO - [2024-04-04T21:41:30.406+0000] {dag.py:3047} INFO - Sync 1 DAGs
[2024-04-04T21:41:30.424+0000] {logging_mixin.py:188} INFO - [2024-04-04T21:41:30.424+0000] {dag.py:3834} INFO - Setting next_dagrun for example_short_circuit_operator to 2024-04-03 00:00:00+00:00, run_after=2024-04-04 00:00:00+00:00
[2024-04-04T21:41:30.441+0000] {processor.py:183} INFO - Processing /home/airflow/.local/lib/python3.8/site-packages/airflow/example_dags/example_short_circuit_operator.py took 0.064 seconds
[2024-04-04T21:42:00.861+0000] {processor.py:161} INFO - Started process (PID=591) to work on /home/airflow/.local/lib/python3.8/site-packages/airflow/example_dags/example_short_circuit_operator.py
[2024-04-04T21:42:00.862+0000] {processor.py:830} INFO - Processing file /home/airflow/.local/lib/python3.8/site-packages/airflow/example_dags/example_short_circuit_operator.py for tasks to queue
[2024-04-04T21:42:00.863+0000] {logging_mixin.py:188} INFO - [2024-04-04T21:42:00.863+0000] {dagbag.py:540} INFO - Filling up the DagBag from /home/airflow/.local/lib/python3.8/site-packages/airflow/example_dags/example_short_circuit_operator.py
[2024-04-04T21:42:00.868+0000] {processor.py:840} INFO - DAG(s) 'example_short_circuit_operator' retrieved from /home/airflow/.local/lib/python3.8/site-packages/airflow/example_dags/example_short_circuit_operator.py
[2024-04-04T21:42:00.885+0000] {logging_mixin.py:188} INFO - [2024-04-04T21:42:00.885+0000] {dag.py:3047} INFO - Sync 1 DAGs
[2024-04-04T21:42:00.901+0000] {logging_mixin.py:188} INFO - [2024-04-04T21:42:00.900+0000] {dag.py:3834} INFO - Setting next_dagrun for example_short_circuit_operator to 2024-04-03 00:00:00+00:00, run_after=2024-04-04 00:00:00+00:00
[2024-04-04T21:42:00.915+0000] {processor.py:183} INFO - Processing /home/airflow/.local/lib/python3.8/site-packages/airflow/example_dags/example_short_circuit_operator.py took 0.056 seconds
[2024-04-04T21:42:31.601+0000] {processor.py:161} INFO - Started process (PID=647) to work on /home/airflow/.local/lib/python3.8/site-packages/airflow/example_dags/example_short_circuit_operator.py
[2024-04-04T21:42:31.602+0000] {processor.py:830} INFO - Processing file /home/airflow/.local/lib/python3.8/site-packages/airflow/example_dags/example_short_circuit_operator.py for tasks to queue
[2024-04-04T21:42:31.603+0000] {logging_mixin.py:188} INFO - [2024-04-04T21:42:31.603+0000] {dagbag.py:540} INFO - Filling up the DagBag from /home/airflow/.local/lib/python3.8/site-packages/airflow/example_dags/example_short_circuit_operator.py
[2024-04-04T21:42:31.609+0000] {processor.py:840} INFO - DAG(s) 'example_short_circuit_operator' retrieved from /home/airflow/.local/lib/python3.8/site-packages/airflow/example_dags/example_short_circuit_operator.py
[2024-04-04T21:42:31.628+0000] {logging_mixin.py:188} INFO - [2024-04-04T21:42:31.628+0000] {dag.py:3047} INFO - Sync 1 DAGs
[2024-04-04T21:42:31.647+0000] {logging_mixin.py:188} INFO - [2024-04-04T21:42:31.646+0000] {dag.py:3834} INFO - Setting next_dagrun for example_short_circuit_operator to 2024-04-03 00:00:00+00:00, run_after=2024-04-04 00:00:00+00:00
[2024-04-04T21:42:31.662+0000] {processor.py:183} INFO - Processing /home/airflow/.local/lib/python3.8/site-packages/airflow/example_dags/example_short_circuit_operator.py took 0.063 seconds
[2024-04-04T21:43:02.111+0000] {processor.py:161} INFO - Started process (PID=702) to work on /home/airflow/.local/lib/python3.8/site-packages/airflow/example_dags/example_short_circuit_operator.py
[2024-04-04T21:43:02.112+0000] {processor.py:830} INFO - Processing file /home/airflow/.local/lib/python3.8/site-packages/airflow/example_dags/example_short_circuit_operator.py for tasks to queue
[2024-04-04T21:43:02.114+0000] {logging_mixin.py:188} INFO - [2024-04-04T21:43:02.114+0000] {dagbag.py:540} INFO - Filling up the DagBag from /home/airflow/.local/lib/python3.8/site-packages/airflow/example_dags/example_short_circuit_operator.py
[2024-04-04T21:43:02.121+0000] {processor.py:840} INFO - DAG(s) 'example_short_circuit_operator' retrieved from /home/airflow/.local/lib/python3.8/site-packages/airflow/example_dags/example_short_circuit_operator.py
[2024-04-04T21:43:02.142+0000] {logging_mixin.py:188} INFO - [2024-04-04T21:43:02.142+0000] {dag.py:3047} INFO - Sync 1 DAGs
[2024-04-04T21:43:02.161+0000] {logging_mixin.py:188} INFO - [2024-04-04T21:43:02.161+0000] {dag.py:3834} INFO - Setting next_dagrun for example_short_circuit_operator to 2024-04-03 00:00:00+00:00, run_after=2024-04-04 00:00:00+00:00
[2024-04-04T21:43:02.176+0000] {processor.py:183} INFO - Processing /home/airflow/.local/lib/python3.8/site-packages/airflow/example_dags/example_short_circuit_operator.py took 0.067 seconds
[2024-04-04T21:43:32.517+0000] {processor.py:161} INFO - Started process (PID=757) to work on /home/airflow/.local/lib/python3.8/site-packages/airflow/example_dags/example_short_circuit_operator.py
[2024-04-04T21:43:32.517+0000] {processor.py:830} INFO - Processing file /home/airflow/.local/lib/python3.8/site-packages/airflow/example_dags/example_short_circuit_operator.py for tasks to queue
[2024-04-04T21:43:32.519+0000] {logging_mixin.py:188} INFO - [2024-04-04T21:43:32.519+0000] {dagbag.py:540} INFO - Filling up the DagBag from /home/airflow/.local/lib/python3.8/site-packages/airflow/example_dags/example_short_circuit_operator.py
[2024-04-04T21:43:32.524+0000] {processor.py:840} INFO - DAG(s) 'example_short_circuit_operator' retrieved from /home/airflow/.local/lib/python3.8/site-packages/airflow/example_dags/example_short_circuit_operator.py
[2024-04-04T21:43:32.543+0000] {logging_mixin.py:188} INFO - [2024-04-04T21:43:32.543+0000] {dag.py:3047} INFO - Sync 1 DAGs
[2024-04-04T21:43:32.561+0000] {logging_mixin.py:188} INFO - [2024-04-04T21:43:32.561+0000] {dag.py:3834} INFO - Setting next_dagrun for example_short_circuit_operator to 2024-04-03 00:00:00+00:00, run_after=2024-04-04 00:00:00+00:00
[2024-04-04T21:43:32.578+0000] {processor.py:183} INFO - Processing /home/airflow/.local/lib/python3.8/site-packages/airflow/example_dags/example_short_circuit_operator.py took 0.064 seconds
[2024-04-04T21:44:02.805+0000] {processor.py:161} INFO - Started process (PID=812) to work on /home/airflow/.local/lib/python3.8/site-packages/airflow/example_dags/example_short_circuit_operator.py
[2024-04-04T21:44:02.806+0000] {processor.py:830} INFO - Processing file /home/airflow/.local/lib/python3.8/site-packages/airflow/example_dags/example_short_circuit_operator.py for tasks to queue
[2024-04-04T21:44:02.807+0000] {logging_mixin.py:188} INFO - [2024-04-04T21:44:02.807+0000] {dagbag.py:540} INFO - Filling up the DagBag from /home/airflow/.local/lib/python3.8/site-packages/airflow/example_dags/example_short_circuit_operator.py
[2024-04-04T21:44:02.813+0000] {processor.py:840} INFO - DAG(s) 'example_short_circuit_operator' retrieved from /home/airflow/.local/lib/python3.8/site-packages/airflow/example_dags/example_short_circuit_operator.py
[2024-04-04T21:44:02.833+0000] {logging_mixin.py:188} INFO - [2024-04-04T21:44:02.833+0000] {dag.py:3047} INFO - Sync 1 DAGs
[2024-04-04T21:44:02.855+0000] {logging_mixin.py:188} INFO - [2024-04-04T21:44:02.855+0000] {dag.py:3834} INFO - Setting next_dagrun for example_short_circuit_operator to 2024-04-03 00:00:00+00:00, run_after=2024-04-04 00:00:00+00:00
[2024-04-04T21:44:02.875+0000] {processor.py:183} INFO - Processing /home/airflow/.local/lib/python3.8/site-packages/airflow/example_dags/example_short_circuit_operator.py took 0.073 seconds
[2024-04-04T21:44:33.292+0000] {processor.py:161} INFO - Started process (PID=867) to work on /home/airflow/.local/lib/python3.8/site-packages/airflow/example_dags/example_short_circuit_operator.py
[2024-04-04T21:44:33.293+0000] {processor.py:830} INFO - Processing file /home/airflow/.local/lib/python3.8/site-packages/airflow/example_dags/example_short_circuit_operator.py for tasks to queue
[2024-04-04T21:44:33.294+0000] {logging_mixin.py:188} INFO - [2024-04-04T21:44:33.294+0000] {dagbag.py:540} INFO - Filling up the DagBag from /home/airflow/.local/lib/python3.8/site-packages/airflow/example_dags/example_short_circuit_operator.py
[2024-04-04T21:44:33.300+0000] {processor.py:840} INFO - DAG(s) 'example_short_circuit_operator' retrieved from /home/airflow/.local/lib/python3.8/site-packages/airflow/example_dags/example_short_circuit_operator.py
[2024-04-04T21:44:33.323+0000] {logging_mixin.py:188} INFO - [2024-04-04T21:44:33.322+0000] {dag.py:3047} INFO - Sync 1 DAGs
[2024-04-04T21:44:33.346+0000] {logging_mixin.py:188} INFO - [2024-04-04T21:44:33.346+0000] {dag.py:3834} INFO - Setting next_dagrun for example_short_circuit_operator to 2024-04-03 00:00:00+00:00, run_after=2024-04-04 00:00:00+00:00
[2024-04-04T21:44:33.364+0000] {processor.py:183} INFO - Processing /home/airflow/.local/lib/python3.8/site-packages/airflow/example_dags/example_short_circuit_operator.py took 0.074 seconds
[2024-04-04T21:45:03.680+0000] {processor.py:161} INFO - Started process (PID=922) to work on /home/airflow/.local/lib/python3.8/site-packages/airflow/example_dags/example_short_circuit_operator.py
[2024-04-04T21:45:03.681+0000] {processor.py:830} INFO - Processing file /home/airflow/.local/lib/python3.8/site-packages/airflow/example_dags/example_short_circuit_operator.py for tasks to queue
[2024-04-04T21:45:03.682+0000] {logging_mixin.py:188} INFO - [2024-04-04T21:45:03.682+0000] {dagbag.py:540} INFO - Filling up the DagBag from /home/airflow/.local/lib/python3.8/site-packages/airflow/example_dags/example_short_circuit_operator.py
[2024-04-04T21:45:03.688+0000] {processor.py:840} INFO - DAG(s) 'example_short_circuit_operator' retrieved from /home/airflow/.local/lib/python3.8/site-packages/airflow/example_dags/example_short_circuit_operator.py
[2024-04-04T21:45:03.705+0000] {logging_mixin.py:188} INFO - [2024-04-04T21:45:03.704+0000] {dag.py:3047} INFO - Sync 1 DAGs
[2024-04-04T21:45:03.720+0000] {logging_mixin.py:188} INFO - [2024-04-04T21:45:03.720+0000] {dag.py:3834} INFO - Setting next_dagrun for example_short_circuit_operator to 2024-04-03 00:00:00+00:00, run_after=2024-04-04 00:00:00+00:00
[2024-04-04T21:45:03.734+0000] {processor.py:183} INFO - Processing /home/airflow/.local/lib/python3.8/site-packages/airflow/example_dags/example_short_circuit_operator.py took 0.056 seconds
[2024-04-04T21:45:33.809+0000] {processor.py:161} INFO - Started process (PID=977) to work on /home/airflow/.local/lib/python3.8/site-packages/airflow/example_dags/example_short_circuit_operator.py
[2024-04-04T21:45:33.810+0000] {processor.py:830} INFO - Processing file /home/airflow/.local/lib/python3.8/site-packages/airflow/example_dags/example_short_circuit_operator.py for tasks to queue
[2024-04-04T21:45:33.811+0000] {logging_mixin.py:188} INFO - [2024-04-04T21:45:33.811+0000] {dagbag.py:540} INFO - Filling up the DagBag from /home/airflow/.local/lib/python3.8/site-packages/airflow/example_dags/example_short_circuit_operator.py
[2024-04-04T21:45:33.816+0000] {processor.py:840} INFO - DAG(s) 'example_short_circuit_operator' retrieved from /home/airflow/.local/lib/python3.8/site-packages/airflow/example_dags/example_short_circuit_operator.py
[2024-04-04T21:45:33.833+0000] {logging_mixin.py:188} INFO - [2024-04-04T21:45:33.833+0000] {dag.py:3047} INFO - Sync 1 DAGs
[2024-04-04T21:45:33.849+0000] {logging_mixin.py:188} INFO - [2024-04-04T21:45:33.849+0000] {dag.py:3834} INFO - Setting next_dagrun for example_short_circuit_operator to 2024-04-03 00:00:00+00:00, run_after=2024-04-04 00:00:00+00:00
[2024-04-04T21:45:33.864+0000] {processor.py:183} INFO - Processing /home/airflow/.local/lib/python3.8/site-packages/airflow/example_dags/example_short_circuit_operator.py took 0.057 seconds
[2024-04-04T21:46:04.028+0000] {processor.py:161} INFO - Started process (PID=1032) to work on /home/airflow/.local/lib/python3.8/site-packages/airflow/example_dags/example_short_circuit_operator.py
[2024-04-04T21:46:04.029+0000] {processor.py:830} INFO - Processing file /home/airflow/.local/lib/python3.8/site-packages/airflow/example_dags/example_short_circuit_operator.py for tasks to queue
[2024-04-04T21:46:04.030+0000] {logging_mixin.py:188} INFO - [2024-04-04T21:46:04.030+0000] {dagbag.py:540} INFO - Filling up the DagBag from /home/airflow/.local/lib/python3.8/site-packages/airflow/example_dags/example_short_circuit_operator.py
[2024-04-04T21:46:04.038+0000] {processor.py:840} INFO - DAG(s) 'example_short_circuit_operator' retrieved from /home/airflow/.local/lib/python3.8/site-packages/airflow/example_dags/example_short_circuit_operator.py
[2024-04-04T21:46:04.063+0000] {logging_mixin.py:188} INFO - [2024-04-04T21:46:04.063+0000] {dag.py:3047} INFO - Sync 1 DAGs
[2024-04-04T21:46:04.084+0000] {logging_mixin.py:188} INFO - [2024-04-04T21:46:04.084+0000] {dag.py:3834} INFO - Setting next_dagrun for example_short_circuit_operator to 2024-04-03 00:00:00+00:00, run_after=2024-04-04 00:00:00+00:00
[2024-04-04T21:46:04.102+0000] {processor.py:183} INFO - Processing /home/airflow/.local/lib/python3.8/site-packages/airflow/example_dags/example_short_circuit_operator.py took 0.077 seconds
[2024-04-04T21:46:34.398+0000] {processor.py:161} INFO - Started process (PID=1087) to work on /home/airflow/.local/lib/python3.8/site-packages/airflow/example_dags/example_short_circuit_operator.py
[2024-04-04T21:46:34.399+0000] {processor.py:830} INFO - Processing file /home/airflow/.local/lib/python3.8/site-packages/airflow/example_dags/example_short_circuit_operator.py for tasks to queue
[2024-04-04T21:46:34.400+0000] {logging_mixin.py:188} INFO - [2024-04-04T21:46:34.400+0000] {dagbag.py:540} INFO - Filling up the DagBag from /home/airflow/.local/lib/python3.8/site-packages/airflow/example_dags/example_short_circuit_operator.py
[2024-04-04T21:46:34.405+0000] {processor.py:840} INFO - DAG(s) 'example_short_circuit_operator' retrieved from /home/airflow/.local/lib/python3.8/site-packages/airflow/example_dags/example_short_circuit_operator.py
[2024-04-04T21:46:34.424+0000] {logging_mixin.py:188} INFO - [2024-04-04T21:46:34.424+0000] {dag.py:3047} INFO - Sync 1 DAGs
[2024-04-04T21:46:34.441+0000] {logging_mixin.py:188} INFO - [2024-04-04T21:46:34.441+0000] {dag.py:3834} INFO - Setting next_dagrun for example_short_circuit_operator to 2024-04-03 00:00:00+00:00, run_after=2024-04-04 00:00:00+00:00
[2024-04-04T21:46:34.455+0000] {processor.py:183} INFO - Processing /home/airflow/.local/lib/python3.8/site-packages/airflow/example_dags/example_short_circuit_operator.py took 0.059 seconds
[2024-04-04T21:47:04.641+0000] {processor.py:161} INFO - Started process (PID=1142) to work on /home/airflow/.local/lib/python3.8/site-packages/airflow/example_dags/example_short_circuit_operator.py
[2024-04-04T21:47:04.642+0000] {processor.py:830} INFO - Processing file /home/airflow/.local/lib/python3.8/site-packages/airflow/example_dags/example_short_circuit_operator.py for tasks to queue
[2024-04-04T21:47:04.643+0000] {logging_mixin.py:188} INFO - [2024-04-04T21:47:04.643+0000] {dagbag.py:540} INFO - Filling up the DagBag from /home/airflow/.local/lib/python3.8/site-packages/airflow/example_dags/example_short_circuit_operator.py
[2024-04-04T21:47:04.649+0000] {processor.py:840} INFO - DAG(s) 'example_short_circuit_operator' retrieved from /home/airflow/.local/lib/python3.8/site-packages/airflow/example_dags/example_short_circuit_operator.py
[2024-04-04T21:47:04.667+0000] {logging_mixin.py:188} INFO - [2024-04-04T21:47:04.667+0000] {dag.py:3047} INFO - Sync 1 DAGs
[2024-04-04T21:47:04.685+0000] {logging_mixin.py:188} INFO - [2024-04-04T21:47:04.684+0000] {dag.py:3834} INFO - Setting next_dagrun for example_short_circuit_operator to 2024-04-03 00:00:00+00:00, run_after=2024-04-04 00:00:00+00:00
[2024-04-04T21:47:04.701+0000] {processor.py:183} INFO - Processing /home/airflow/.local/lib/python3.8/site-packages/airflow/example_dags/example_short_circuit_operator.py took 0.063 seconds
[2024-04-04T21:47:34.983+0000] {processor.py:161} INFO - Started process (PID=1197) to work on /home/airflow/.local/lib/python3.8/site-packages/airflow/example_dags/example_short_circuit_operator.py
[2024-04-04T21:47:34.984+0000] {processor.py:830} INFO - Processing file /home/airflow/.local/lib/python3.8/site-packages/airflow/example_dags/example_short_circuit_operator.py for tasks to queue
[2024-04-04T21:47:34.985+0000] {logging_mixin.py:188} INFO - [2024-04-04T21:47:34.985+0000] {dagbag.py:540} INFO - Filling up the DagBag from /home/airflow/.local/lib/python3.8/site-packages/airflow/example_dags/example_short_circuit_operator.py
[2024-04-04T21:47:34.991+0000] {processor.py:840} INFO - DAG(s) 'example_short_circuit_operator' retrieved from /home/airflow/.local/lib/python3.8/site-packages/airflow/example_dags/example_short_circuit_operator.py
[2024-04-04T21:47:35.009+0000] {logging_mixin.py:188} INFO - [2024-04-04T21:47:35.008+0000] {dag.py:3047} INFO - Sync 1 DAGs
[2024-04-04T21:47:35.026+0000] {logging_mixin.py:188} INFO - [2024-04-04T21:47:35.026+0000] {dag.py:3834} INFO - Setting next_dagrun for example_short_circuit_operator to 2024-04-03 00:00:00+00:00, run_after=2024-04-04 00:00:00+00:00
[2024-04-04T21:47:35.040+0000] {processor.py:183} INFO - Processing /home/airflow/.local/lib/python3.8/site-packages/airflow/example_dags/example_short_circuit_operator.py took 0.059 seconds
[2024-04-04T21:48:05.295+0000] {processor.py:161} INFO - Started process (PID=1252) to work on /home/airflow/.local/lib/python3.8/site-packages/airflow/example_dags/example_short_circuit_operator.py
[2024-04-04T21:48:05.298+0000] {processor.py:830} INFO - Processing file /home/airflow/.local/lib/python3.8/site-packages/airflow/example_dags/example_short_circuit_operator.py for tasks to queue
[2024-04-04T21:48:05.299+0000] {logging_mixin.py:188} INFO - [2024-04-04T21:48:05.299+0000] {dagbag.py:540} INFO - Filling up the DagBag from /home/airflow/.local/lib/python3.8/site-packages/airflow/example_dags/example_short_circuit_operator.py
[2024-04-04T21:48:05.305+0000] {processor.py:840} INFO - DAG(s) 'example_short_circuit_operator' retrieved from /home/airflow/.local/lib/python3.8/site-packages/airflow/example_dags/example_short_circuit_operator.py
[2024-04-04T21:48:05.322+0000] {logging_mixin.py:188} INFO - [2024-04-04T21:48:05.322+0000] {dag.py:3047} INFO - Sync 1 DAGs
[2024-04-04T21:48:05.338+0000] {logging_mixin.py:188} INFO - [2024-04-04T21:48:05.338+0000] {dag.py:3834} INFO - Setting next_dagrun for example_short_circuit_operator to 2024-04-03 00:00:00+00:00, run_after=2024-04-04 00:00:00+00:00
[2024-04-04T21:48:05.361+0000] {processor.py:183} INFO - Processing /home/airflow/.local/lib/python3.8/site-packages/airflow/example_dags/example_short_circuit_operator.py took 0.068 seconds
[2024-04-04T21:48:35.515+0000] {processor.py:161} INFO - Started process (PID=1307) to work on /home/airflow/.local/lib/python3.8/site-packages/airflow/example_dags/example_short_circuit_operator.py
[2024-04-04T21:48:35.516+0000] {processor.py:830} INFO - Processing file /home/airflow/.local/lib/python3.8/site-packages/airflow/example_dags/example_short_circuit_operator.py for tasks to queue
[2024-04-04T21:48:35.517+0000] {logging_mixin.py:188} INFO - [2024-04-04T21:48:35.517+0000] {dagbag.py:540} INFO - Filling up the DagBag from /home/airflow/.local/lib/python3.8/site-packages/airflow/example_dags/example_short_circuit_operator.py
[2024-04-04T21:48:35.525+0000] {processor.py:840} INFO - DAG(s) 'example_short_circuit_operator' retrieved from /home/airflow/.local/lib/python3.8/site-packages/airflow/example_dags/example_short_circuit_operator.py
[2024-04-04T21:48:35.547+0000] {logging_mixin.py:188} INFO - [2024-04-04T21:48:35.546+0000] {dag.py:3047} INFO - Sync 1 DAGs
[2024-04-04T21:48:35.563+0000] {logging_mixin.py:188} INFO - [2024-04-04T21:48:35.563+0000] {dag.py:3834} INFO - Setting next_dagrun for example_short_circuit_operator to 2024-04-03 00:00:00+00:00, run_after=2024-04-04 00:00:00+00:00
[2024-04-04T21:48:35.580+0000] {processor.py:183} INFO - Processing /home/airflow/.local/lib/python3.8/site-packages/airflow/example_dags/example_short_circuit_operator.py took 0.069 seconds
[2024-04-04T21:49:05.912+0000] {processor.py:161} INFO - Started process (PID=1362) to work on /home/airflow/.local/lib/python3.8/site-packages/airflow/example_dags/example_short_circuit_operator.py
[2024-04-04T21:49:05.913+0000] {processor.py:830} INFO - Processing file /home/airflow/.local/lib/python3.8/site-packages/airflow/example_dags/example_short_circuit_operator.py for tasks to queue
[2024-04-04T21:49:05.914+0000] {logging_mixin.py:188} INFO - [2024-04-04T21:49:05.914+0000] {dagbag.py:540} INFO - Filling up the DagBag from /home/airflow/.local/lib/python3.8/site-packages/airflow/example_dags/example_short_circuit_operator.py
[2024-04-04T21:49:05.922+0000] {processor.py:840} INFO - DAG(s) 'example_short_circuit_operator' retrieved from /home/airflow/.local/lib/python3.8/site-packages/airflow/example_dags/example_short_circuit_operator.py
[2024-04-04T21:49:05.940+0000] {logging_mixin.py:188} INFO - [2024-04-04T21:49:05.939+0000] {dag.py:3047} INFO - Sync 1 DAGs
[2024-04-04T21:49:05.959+0000] {logging_mixin.py:188} INFO - [2024-04-04T21:49:05.958+0000] {dag.py:3834} INFO - Setting next_dagrun for example_short_circuit_operator to 2024-04-03 00:00:00+00:00, run_after=2024-04-04 00:00:00+00:00
[2024-04-04T21:49:05.977+0000] {processor.py:183} INFO - Processing /home/airflow/.local/lib/python3.8/site-packages/airflow/example_dags/example_short_circuit_operator.py took 0.067 seconds
[2024-04-04T21:49:36.399+0000] {processor.py:161} INFO - Started process (PID=1417) to work on /home/airflow/.local/lib/python3.8/site-packages/airflow/example_dags/example_short_circuit_operator.py
[2024-04-04T21:49:36.400+0000] {processor.py:830} INFO - Processing file /home/airflow/.local/lib/python3.8/site-packages/airflow/example_dags/example_short_circuit_operator.py for tasks to queue
[2024-04-04T21:49:36.402+0000] {logging_mixin.py:188} INFO - [2024-04-04T21:49:36.402+0000] {dagbag.py:540} INFO - Filling up the DagBag from /home/airflow/.local/lib/python3.8/site-packages/airflow/example_dags/example_short_circuit_operator.py
[2024-04-04T21:49:36.409+0000] {processor.py:840} INFO - DAG(s) 'example_short_circuit_operator' retrieved from /home/airflow/.local/lib/python3.8/site-packages/airflow/example_dags/example_short_circuit_operator.py
[2024-04-04T21:49:36.431+0000] {logging_mixin.py:188} INFO - [2024-04-04T21:49:36.431+0000] {dag.py:3047} INFO - Sync 1 DAGs
[2024-04-04T21:49:36.452+0000] {logging_mixin.py:188} INFO - [2024-04-04T21:49:36.452+0000] {dag.py:3834} INFO - Setting next_dagrun for example_short_circuit_operator to 2024-04-03 00:00:00+00:00, run_after=2024-04-04 00:00:00+00:00
[2024-04-04T21:49:36.474+0000] {processor.py:183} INFO - Processing /home/airflow/.local/lib/python3.8/site-packages/airflow/example_dags/example_short_circuit_operator.py took 0.078 seconds
[2024-04-04T21:50:06.868+0000] {processor.py:161} INFO - Started process (PID=1472) to work on /home/airflow/.local/lib/python3.8/site-packages/airflow/example_dags/example_short_circuit_operator.py
[2024-04-04T21:50:06.869+0000] {processor.py:830} INFO - Processing file /home/airflow/.local/lib/python3.8/site-packages/airflow/example_dags/example_short_circuit_operator.py for tasks to queue
[2024-04-04T21:50:06.871+0000] {logging_mixin.py:188} INFO - [2024-04-04T21:50:06.870+0000] {dagbag.py:540} INFO - Filling up the DagBag from /home/airflow/.local/lib/python3.8/site-packages/airflow/example_dags/example_short_circuit_operator.py
[2024-04-04T21:50:06.877+0000] {processor.py:840} INFO - DAG(s) 'example_short_circuit_operator' retrieved from /home/airflow/.local/lib/python3.8/site-packages/airflow/example_dags/example_short_circuit_operator.py
[2024-04-04T21:50:06.900+0000] {logging_mixin.py:188} INFO - [2024-04-04T21:50:06.900+0000] {dag.py:3047} INFO - Sync 1 DAGs
[2024-04-04T21:50:06.923+0000] {logging_mixin.py:188} INFO - [2024-04-04T21:50:06.923+0000] {dag.py:3834} INFO - Setting next_dagrun for example_short_circuit_operator to 2024-04-03 00:00:00+00:00, run_after=2024-04-04 00:00:00+00:00
[2024-04-04T21:50:06.944+0000] {processor.py:183} INFO - Processing /home/airflow/.local/lib/python3.8/site-packages/airflow/example_dags/example_short_circuit_operator.py took 0.078 seconds
[2024-04-04T21:50:37.179+0000] {processor.py:161} INFO - Started process (PID=1527) to work on /home/airflow/.local/lib/python3.8/site-packages/airflow/example_dags/example_short_circuit_operator.py
[2024-04-04T21:50:37.179+0000] {processor.py:830} INFO - Processing file /home/airflow/.local/lib/python3.8/site-packages/airflow/example_dags/example_short_circuit_operator.py for tasks to queue
[2024-04-04T21:50:37.181+0000] {logging_mixin.py:188} INFO - [2024-04-04T21:50:37.181+0000] {dagbag.py:540} INFO - Filling up the DagBag from /home/airflow/.local/lib/python3.8/site-packages/airflow/example_dags/example_short_circuit_operator.py
[2024-04-04T21:50:37.187+0000] {processor.py:840} INFO - DAG(s) 'example_short_circuit_operator' retrieved from /home/airflow/.local/lib/python3.8/site-packages/airflow/example_dags/example_short_circuit_operator.py
[2024-04-04T21:50:37.207+0000] {logging_mixin.py:188} INFO - [2024-04-04T21:50:37.207+0000] {dag.py:3047} INFO - Sync 1 DAGs
[2024-04-04T21:50:37.228+0000] {logging_mixin.py:188} INFO - [2024-04-04T21:50:37.228+0000] {dag.py:3834} INFO - Setting next_dagrun for example_short_circuit_operator to 2024-04-03 00:00:00+00:00, run_after=2024-04-04 00:00:00+00:00
[2024-04-04T21:50:37.247+0000] {processor.py:183} INFO - Processing /home/airflow/.local/lib/python3.8/site-packages/airflow/example_dags/example_short_circuit_operator.py took 0.071 seconds
[2024-04-04T21:51:07.805+0000] {processor.py:161} INFO - Started process (PID=1582) to work on /home/airflow/.local/lib/python3.8/site-packages/airflow/example_dags/example_short_circuit_operator.py
[2024-04-04T21:51:07.806+0000] {processor.py:830} INFO - Processing file /home/airflow/.local/lib/python3.8/site-packages/airflow/example_dags/example_short_circuit_operator.py for tasks to queue
[2024-04-04T21:51:07.807+0000] {logging_mixin.py:188} INFO - [2024-04-04T21:51:07.807+0000] {dagbag.py:540} INFO - Filling up the DagBag from /home/airflow/.local/lib/python3.8/site-packages/airflow/example_dags/example_short_circuit_operator.py
[2024-04-04T21:51:07.813+0000] {processor.py:840} INFO - DAG(s) 'example_short_circuit_operator' retrieved from /home/airflow/.local/lib/python3.8/site-packages/airflow/example_dags/example_short_circuit_operator.py
[2024-04-04T21:51:07.830+0000] {logging_mixin.py:188} INFO - [2024-04-04T21:51:07.830+0000] {dag.py:3047} INFO - Sync 1 DAGs
[2024-04-04T21:51:07.848+0000] {logging_mixin.py:188} INFO - [2024-04-04T21:51:07.848+0000] {dag.py:3834} INFO - Setting next_dagrun for example_short_circuit_operator to 2024-04-03 00:00:00+00:00, run_after=2024-04-04 00:00:00+00:00
[2024-04-04T21:51:07.864+0000] {processor.py:183} INFO - Processing /home/airflow/.local/lib/python3.8/site-packages/airflow/example_dags/example_short_circuit_operator.py took 0.061 seconds
[2024-04-04T21:51:38.112+0000] {processor.py:161} INFO - Started process (PID=1637) to work on /home/airflow/.local/lib/python3.8/site-packages/airflow/example_dags/example_short_circuit_operator.py
[2024-04-04T21:51:38.113+0000] {processor.py:830} INFO - Processing file /home/airflow/.local/lib/python3.8/site-packages/airflow/example_dags/example_short_circuit_operator.py for tasks to queue
[2024-04-04T21:51:38.114+0000] {logging_mixin.py:188} INFO - [2024-04-04T21:51:38.114+0000] {dagbag.py:540} INFO - Filling up the DagBag from /home/airflow/.local/lib/python3.8/site-packages/airflow/example_dags/example_short_circuit_operator.py
[2024-04-04T21:51:38.122+0000] {processor.py:840} INFO - DAG(s) 'example_short_circuit_operator' retrieved from /home/airflow/.local/lib/python3.8/site-packages/airflow/example_dags/example_short_circuit_operator.py
[2024-04-04T21:51:38.140+0000] {logging_mixin.py:188} INFO - [2024-04-04T21:51:38.139+0000] {dag.py:3047} INFO - Sync 1 DAGs
[2024-04-04T21:51:38.156+0000] {logging_mixin.py:188} INFO - [2024-04-04T21:51:38.156+0000] {dag.py:3834} INFO - Setting next_dagrun for example_short_circuit_operator to 2024-04-03 00:00:00+00:00, run_after=2024-04-04 00:00:00+00:00
[2024-04-04T21:51:38.172+0000] {processor.py:183} INFO - Processing /home/airflow/.local/lib/python3.8/site-packages/airflow/example_dags/example_short_circuit_operator.py took 0.063 seconds
[2024-04-04T21:52:08.449+0000] {processor.py:161} INFO - Started process (PID=1692) to work on /home/airflow/.local/lib/python3.8/site-packages/airflow/example_dags/example_short_circuit_operator.py
[2024-04-04T21:52:08.450+0000] {processor.py:830} INFO - Processing file /home/airflow/.local/lib/python3.8/site-packages/airflow/example_dags/example_short_circuit_operator.py for tasks to queue
[2024-04-04T21:52:08.451+0000] {logging_mixin.py:188} INFO - [2024-04-04T21:52:08.451+0000] {dagbag.py:540} INFO - Filling up the DagBag from /home/airflow/.local/lib/python3.8/site-packages/airflow/example_dags/example_short_circuit_operator.py
[2024-04-04T21:52:08.456+0000] {processor.py:840} INFO - DAG(s) 'example_short_circuit_operator' retrieved from /home/airflow/.local/lib/python3.8/site-packages/airflow/example_dags/example_short_circuit_operator.py
[2024-04-04T21:52:08.476+0000] {logging_mixin.py:188} INFO - [2024-04-04T21:52:08.475+0000] {dag.py:3047} INFO - Sync 1 DAGs
[2024-04-04T21:52:08.493+0000] {logging_mixin.py:188} INFO - [2024-04-04T21:52:08.493+0000] {dag.py:3834} INFO - Setting next_dagrun for example_short_circuit_operator to 2024-04-03 00:00:00+00:00, run_after=2024-04-04 00:00:00+00:00
[2024-04-04T21:52:08.511+0000] {processor.py:183} INFO - Processing /home/airflow/.local/lib/python3.8/site-packages/airflow/example_dags/example_short_circuit_operator.py took 0.064 seconds
[2024-04-04T21:52:38.699+0000] {processor.py:161} INFO - Started process (PID=1747) to work on /home/airflow/.local/lib/python3.8/site-packages/airflow/example_dags/example_short_circuit_operator.py
[2024-04-04T21:52:38.700+0000] {processor.py:830} INFO - Processing file /home/airflow/.local/lib/python3.8/site-packages/airflow/example_dags/example_short_circuit_operator.py for tasks to queue
[2024-04-04T21:52:38.702+0000] {logging_mixin.py:188} INFO - [2024-04-04T21:52:38.701+0000] {dagbag.py:540} INFO - Filling up the DagBag from /home/airflow/.local/lib/python3.8/site-packages/airflow/example_dags/example_short_circuit_operator.py
[2024-04-04T21:52:38.708+0000] {processor.py:840} INFO - DAG(s) 'example_short_circuit_operator' retrieved from /home/airflow/.local/lib/python3.8/site-packages/airflow/example_dags/example_short_circuit_operator.py
[2024-04-04T21:52:38.729+0000] {logging_mixin.py:188} INFO - [2024-04-04T21:52:38.728+0000] {dag.py:3047} INFO - Sync 1 DAGs
[2024-04-04T21:52:38.747+0000] {logging_mixin.py:188} INFO - [2024-04-04T21:52:38.747+0000] {dag.py:3834} INFO - Setting next_dagrun for example_short_circuit_operator to 2024-04-03 00:00:00+00:00, run_after=2024-04-04 00:00:00+00:00
[2024-04-04T21:52:38.763+0000] {processor.py:183} INFO - Processing /home/airflow/.local/lib/python3.8/site-packages/airflow/example_dags/example_short_circuit_operator.py took 0.066 seconds
[2024-04-04T21:53:09.062+0000] {processor.py:161} INFO - Started process (PID=1802) to work on /home/airflow/.local/lib/python3.8/site-packages/airflow/example_dags/example_short_circuit_operator.py
[2024-04-04T21:53:09.063+0000] {processor.py:830} INFO - Processing file /home/airflow/.local/lib/python3.8/site-packages/airflow/example_dags/example_short_circuit_operator.py for tasks to queue
[2024-04-04T21:53:09.065+0000] {logging_mixin.py:188} INFO - [2024-04-04T21:53:09.065+0000] {dagbag.py:540} INFO - Filling up the DagBag from /home/airflow/.local/lib/python3.8/site-packages/airflow/example_dags/example_short_circuit_operator.py
[2024-04-04T21:53:09.070+0000] {processor.py:840} INFO - DAG(s) 'example_short_circuit_operator' retrieved from /home/airflow/.local/lib/python3.8/site-packages/airflow/example_dags/example_short_circuit_operator.py
[2024-04-04T21:53:09.087+0000] {logging_mixin.py:188} INFO - [2024-04-04T21:53:09.087+0000] {dag.py:3047} INFO - Sync 1 DAGs
[2024-04-04T21:53:09.103+0000] {logging_mixin.py:188} INFO - [2024-04-04T21:53:09.103+0000] {dag.py:3834} INFO - Setting next_dagrun for example_short_circuit_operator to 2024-04-03 00:00:00+00:00, run_after=2024-04-04 00:00:00+00:00
[2024-04-04T21:53:09.117+0000] {processor.py:183} INFO - Processing /home/airflow/.local/lib/python3.8/site-packages/airflow/example_dags/example_short_circuit_operator.py took 0.057 seconds
[2024-04-04T21:53:39.304+0000] {processor.py:161} INFO - Started process (PID=1857) to work on /home/airflow/.local/lib/python3.8/site-packages/airflow/example_dags/example_short_circuit_operator.py
[2024-04-04T21:53:39.305+0000] {processor.py:830} INFO - Processing file /home/airflow/.local/lib/python3.8/site-packages/airflow/example_dags/example_short_circuit_operator.py for tasks to queue
[2024-04-04T21:53:39.306+0000] {logging_mixin.py:188} INFO - [2024-04-04T21:53:39.306+0000] {dagbag.py:540} INFO - Filling up the DagBag from /home/airflow/.local/lib/python3.8/site-packages/airflow/example_dags/example_short_circuit_operator.py
[2024-04-04T21:53:39.313+0000] {processor.py:840} INFO - DAG(s) 'example_short_circuit_operator' retrieved from /home/airflow/.local/lib/python3.8/site-packages/airflow/example_dags/example_short_circuit_operator.py
[2024-04-04T21:53:39.332+0000] {logging_mixin.py:188} INFO - [2024-04-04T21:53:39.331+0000] {dag.py:3047} INFO - Sync 1 DAGs
[2024-04-04T21:53:39.349+0000] {logging_mixin.py:188} INFO - [2024-04-04T21:53:39.349+0000] {dag.py:3834} INFO - Setting next_dagrun for example_short_circuit_operator to 2024-04-03 00:00:00+00:00, run_after=2024-04-04 00:00:00+00:00
[2024-04-04T21:53:39.363+0000] {processor.py:183} INFO - Processing /home/airflow/.local/lib/python3.8/site-packages/airflow/example_dags/example_short_circuit_operator.py took 0.061 seconds
[2024-04-04T21:54:09.444+0000] {processor.py:161} INFO - Started process (PID=1912) to work on /home/airflow/.local/lib/python3.8/site-packages/airflow/example_dags/example_short_circuit_operator.py
[2024-04-04T21:54:09.445+0000] {processor.py:830} INFO - Processing file /home/airflow/.local/lib/python3.8/site-packages/airflow/example_dags/example_short_circuit_operator.py for tasks to queue
[2024-04-04T21:54:09.447+0000] {logging_mixin.py:188} INFO - [2024-04-04T21:54:09.446+0000] {dagbag.py:540} INFO - Filling up the DagBag from /home/airflow/.local/lib/python3.8/site-packages/airflow/example_dags/example_short_circuit_operator.py
[2024-04-04T21:54:09.452+0000] {processor.py:840} INFO - DAG(s) 'example_short_circuit_operator' retrieved from /home/airflow/.local/lib/python3.8/site-packages/airflow/example_dags/example_short_circuit_operator.py
[2024-04-04T21:54:09.470+0000] {logging_mixin.py:188} INFO - [2024-04-04T21:54:09.470+0000] {dag.py:3047} INFO - Sync 1 DAGs
[2024-04-04T21:54:09.486+0000] {logging_mixin.py:188} INFO - [2024-04-04T21:54:09.486+0000] {dag.py:3834} INFO - Setting next_dagrun for example_short_circuit_operator to 2024-04-03 00:00:00+00:00, run_after=2024-04-04 00:00:00+00:00
[2024-04-04T21:54:09.502+0000] {processor.py:183} INFO - Processing /home/airflow/.local/lib/python3.8/site-packages/airflow/example_dags/example_short_circuit_operator.py took 0.059 seconds
[2024-04-04T21:54:39.579+0000] {processor.py:161} INFO - Started process (PID=1967) to work on /home/airflow/.local/lib/python3.8/site-packages/airflow/example_dags/example_short_circuit_operator.py
[2024-04-04T21:54:39.580+0000] {processor.py:830} INFO - Processing file /home/airflow/.local/lib/python3.8/site-packages/airflow/example_dags/example_short_circuit_operator.py for tasks to queue
[2024-04-04T21:54:39.581+0000] {logging_mixin.py:188} INFO - [2024-04-04T21:54:39.581+0000] {dagbag.py:540} INFO - Filling up the DagBag from /home/airflow/.local/lib/python3.8/site-packages/airflow/example_dags/example_short_circuit_operator.py
[2024-04-04T21:54:39.586+0000] {processor.py:840} INFO - DAG(s) 'example_short_circuit_operator' retrieved from /home/airflow/.local/lib/python3.8/site-packages/airflow/example_dags/example_short_circuit_operator.py
[2024-04-04T21:54:39.604+0000] {logging_mixin.py:188} INFO - [2024-04-04T21:54:39.604+0000] {dag.py:3047} INFO - Sync 1 DAGs
[2024-04-04T21:54:39.620+0000] {logging_mixin.py:188} INFO - [2024-04-04T21:54:39.620+0000] {dag.py:3834} INFO - Setting next_dagrun for example_short_circuit_operator to 2024-04-03 00:00:00+00:00, run_after=2024-04-04 00:00:00+00:00
[2024-04-04T21:54:39.635+0000] {processor.py:183} INFO - Processing /home/airflow/.local/lib/python3.8/site-packages/airflow/example_dags/example_short_circuit_operator.py took 0.058 seconds
[2024-04-04T21:55:10.010+0000] {processor.py:161} INFO - Started process (PID=2022) to work on /home/airflow/.local/lib/python3.8/site-packages/airflow/example_dags/example_short_circuit_operator.py
[2024-04-04T21:55:10.011+0000] {processor.py:830} INFO - Processing file /home/airflow/.local/lib/python3.8/site-packages/airflow/example_dags/example_short_circuit_operator.py for tasks to queue
[2024-04-04T21:55:10.012+0000] {logging_mixin.py:188} INFO - [2024-04-04T21:55:10.012+0000] {dagbag.py:540} INFO - Filling up the DagBag from /home/airflow/.local/lib/python3.8/site-packages/airflow/example_dags/example_short_circuit_operator.py
[2024-04-04T21:55:10.017+0000] {processor.py:840} INFO - DAG(s) 'example_short_circuit_operator' retrieved from /home/airflow/.local/lib/python3.8/site-packages/airflow/example_dags/example_short_circuit_operator.py
[2024-04-04T21:55:10.035+0000] {logging_mixin.py:188} INFO - [2024-04-04T21:55:10.034+0000] {dag.py:3047} INFO - Sync 1 DAGs
[2024-04-04T21:55:10.051+0000] {logging_mixin.py:188} INFO - [2024-04-04T21:55:10.051+0000] {dag.py:3834} INFO - Setting next_dagrun for example_short_circuit_operator to 2024-04-03 00:00:00+00:00, run_after=2024-04-04 00:00:00+00:00
[2024-04-04T21:55:10.065+0000] {processor.py:183} INFO - Processing /home/airflow/.local/lib/python3.8/site-packages/airflow/example_dags/example_short_circuit_operator.py took 0.056 seconds
[2024-04-04T21:55:40.122+0000] {processor.py:161} INFO - Started process (PID=2077) to work on /home/airflow/.local/lib/python3.8/site-packages/airflow/example_dags/example_short_circuit_operator.py
[2024-04-04T21:55:40.123+0000] {processor.py:830} INFO - Processing file /home/airflow/.local/lib/python3.8/site-packages/airflow/example_dags/example_short_circuit_operator.py for tasks to queue
[2024-04-04T21:55:40.124+0000] {logging_mixin.py:188} INFO - [2024-04-04T21:55:40.124+0000] {dagbag.py:540} INFO - Filling up the DagBag from /home/airflow/.local/lib/python3.8/site-packages/airflow/example_dags/example_short_circuit_operator.py
[2024-04-04T21:55:40.129+0000] {processor.py:840} INFO - DAG(s) 'example_short_circuit_operator' retrieved from /home/airflow/.local/lib/python3.8/site-packages/airflow/example_dags/example_short_circuit_operator.py
[2024-04-04T21:55:40.147+0000] {logging_mixin.py:188} INFO - [2024-04-04T21:55:40.147+0000] {dag.py:3047} INFO - Sync 1 DAGs
[2024-04-04T21:55:40.163+0000] {logging_mixin.py:188} INFO - [2024-04-04T21:55:40.163+0000] {dag.py:3834} INFO - Setting next_dagrun for example_short_circuit_operator to 2024-04-03 00:00:00+00:00, run_after=2024-04-04 00:00:00+00:00
[2024-04-04T21:55:40.177+0000] {processor.py:183} INFO - Processing /home/airflow/.local/lib/python3.8/site-packages/airflow/example_dags/example_short_circuit_operator.py took 0.057 seconds
[2024-04-04T21:56:10.373+0000] {processor.py:161} INFO - Started process (PID=2132) to work on /home/airflow/.local/lib/python3.8/site-packages/airflow/example_dags/example_short_circuit_operator.py
[2024-04-04T21:56:10.374+0000] {processor.py:830} INFO - Processing file /home/airflow/.local/lib/python3.8/site-packages/airflow/example_dags/example_short_circuit_operator.py for tasks to queue
[2024-04-04T21:56:10.375+0000] {logging_mixin.py:188} INFO - [2024-04-04T21:56:10.375+0000] {dagbag.py:540} INFO - Filling up the DagBag from /home/airflow/.local/lib/python3.8/site-packages/airflow/example_dags/example_short_circuit_operator.py
[2024-04-04T21:56:10.381+0000] {processor.py:840} INFO - DAG(s) 'example_short_circuit_operator' retrieved from /home/airflow/.local/lib/python3.8/site-packages/airflow/example_dags/example_short_circuit_operator.py
[2024-04-04T21:56:10.399+0000] {logging_mixin.py:188} INFO - [2024-04-04T21:56:10.399+0000] {dag.py:3047} INFO - Sync 1 DAGs
[2024-04-04T21:56:10.415+0000] {logging_mixin.py:188} INFO - [2024-04-04T21:56:10.415+0000] {dag.py:3834} INFO - Setting next_dagrun for example_short_circuit_operator to 2024-04-03 00:00:00+00:00, run_after=2024-04-04 00:00:00+00:00
[2024-04-04T21:56:10.430+0000] {processor.py:183} INFO - Processing /home/airflow/.local/lib/python3.8/site-packages/airflow/example_dags/example_short_circuit_operator.py took 0.058 seconds
[2024-04-04T21:56:40.680+0000] {processor.py:161} INFO - Started process (PID=2187) to work on /home/airflow/.local/lib/python3.8/site-packages/airflow/example_dags/example_short_circuit_operator.py
[2024-04-04T21:56:40.681+0000] {processor.py:830} INFO - Processing file /home/airflow/.local/lib/python3.8/site-packages/airflow/example_dags/example_short_circuit_operator.py for tasks to queue
[2024-04-04T21:56:40.682+0000] {logging_mixin.py:188} INFO - [2024-04-04T21:56:40.682+0000] {dagbag.py:540} INFO - Filling up the DagBag from /home/airflow/.local/lib/python3.8/site-packages/airflow/example_dags/example_short_circuit_operator.py
[2024-04-04T21:56:40.688+0000] {processor.py:840} INFO - DAG(s) 'example_short_circuit_operator' retrieved from /home/airflow/.local/lib/python3.8/site-packages/airflow/example_dags/example_short_circuit_operator.py
[2024-04-04T21:56:40.706+0000] {logging_mixin.py:188} INFO - [2024-04-04T21:56:40.706+0000] {dag.py:3047} INFO - Sync 1 DAGs
[2024-04-04T21:56:40.723+0000] {logging_mixin.py:188} INFO - [2024-04-04T21:56:40.722+0000] {dag.py:3834} INFO - Setting next_dagrun for example_short_circuit_operator to 2024-04-03 00:00:00+00:00, run_after=2024-04-04 00:00:00+00:00
[2024-04-04T21:56:40.738+0000] {processor.py:183} INFO - Processing /home/airflow/.local/lib/python3.8/site-packages/airflow/example_dags/example_short_circuit_operator.py took 0.060 seconds
[2024-04-04T21:57:10.819+0000] {processor.py:161} INFO - Started process (PID=2242) to work on /home/airflow/.local/lib/python3.8/site-packages/airflow/example_dags/example_short_circuit_operator.py
[2024-04-04T21:57:10.820+0000] {processor.py:830} INFO - Processing file /home/airflow/.local/lib/python3.8/site-packages/airflow/example_dags/example_short_circuit_operator.py for tasks to queue
[2024-04-04T21:57:10.821+0000] {logging_mixin.py:188} INFO - [2024-04-04T21:57:10.821+0000] {dagbag.py:540} INFO - Filling up the DagBag from /home/airflow/.local/lib/python3.8/site-packages/airflow/example_dags/example_short_circuit_operator.py
[2024-04-04T21:57:10.826+0000] {processor.py:840} INFO - DAG(s) 'example_short_circuit_operator' retrieved from /home/airflow/.local/lib/python3.8/site-packages/airflow/example_dags/example_short_circuit_operator.py
[2024-04-04T21:57:10.846+0000] {logging_mixin.py:188} INFO - [2024-04-04T21:57:10.846+0000] {dag.py:3047} INFO - Sync 1 DAGs
[2024-04-04T21:57:10.862+0000] {logging_mixin.py:188} INFO - [2024-04-04T21:57:10.862+0000] {dag.py:3834} INFO - Setting next_dagrun for example_short_circuit_operator to 2024-04-03 00:00:00+00:00, run_after=2024-04-04 00:00:00+00:00
[2024-04-04T21:57:10.877+0000] {processor.py:183} INFO - Processing /home/airflow/.local/lib/python3.8/site-packages/airflow/example_dags/example_short_circuit_operator.py took 0.060 seconds
[2024-04-04T21:57:41.112+0000] {processor.py:161} INFO - Started process (PID=2297) to work on /home/airflow/.local/lib/python3.8/site-packages/airflow/example_dags/example_short_circuit_operator.py
[2024-04-04T21:57:41.113+0000] {processor.py:830} INFO - Processing file /home/airflow/.local/lib/python3.8/site-packages/airflow/example_dags/example_short_circuit_operator.py for tasks to queue
[2024-04-04T21:57:41.115+0000] {logging_mixin.py:188} INFO - [2024-04-04T21:57:41.114+0000] {dagbag.py:540} INFO - Filling up the DagBag from /home/airflow/.local/lib/python3.8/site-packages/airflow/example_dags/example_short_circuit_operator.py
[2024-04-04T21:57:41.123+0000] {processor.py:840} INFO - DAG(s) 'example_short_circuit_operator' retrieved from /home/airflow/.local/lib/python3.8/site-packages/airflow/example_dags/example_short_circuit_operator.py
[2024-04-04T21:57:41.145+0000] {logging_mixin.py:188} INFO - [2024-04-04T21:57:41.145+0000] {dag.py:3047} INFO - Sync 1 DAGs
[2024-04-04T21:57:41.164+0000] {logging_mixin.py:188} INFO - [2024-04-04T21:57:41.164+0000] {dag.py:3834} INFO - Setting next_dagrun for example_short_circuit_operator to 2024-04-03 00:00:00+00:00, run_after=2024-04-04 00:00:00+00:00
[2024-04-04T21:57:41.184+0000] {processor.py:183} INFO - Processing /home/airflow/.local/lib/python3.8/site-packages/airflow/example_dags/example_short_circuit_operator.py took 0.074 seconds
[2024-04-04T21:58:11.316+0000] {processor.py:161} INFO - Started process (PID=2352) to work on /home/airflow/.local/lib/python3.8/site-packages/airflow/example_dags/example_short_circuit_operator.py
[2024-04-04T21:58:11.317+0000] {processor.py:830} INFO - Processing file /home/airflow/.local/lib/python3.8/site-packages/airflow/example_dags/example_short_circuit_operator.py for tasks to queue
[2024-04-04T21:58:11.318+0000] {logging_mixin.py:188} INFO - [2024-04-04T21:58:11.318+0000] {dagbag.py:540} INFO - Filling up the DagBag from /home/airflow/.local/lib/python3.8/site-packages/airflow/example_dags/example_short_circuit_operator.py
[2024-04-04T21:58:11.324+0000] {processor.py:840} INFO - DAG(s) 'example_short_circuit_operator' retrieved from /home/airflow/.local/lib/python3.8/site-packages/airflow/example_dags/example_short_circuit_operator.py
[2024-04-04T21:58:11.343+0000] {logging_mixin.py:188} INFO - [2024-04-04T21:58:11.343+0000] {dag.py:3047} INFO - Sync 1 DAGs
[2024-04-04T21:58:11.361+0000] {logging_mixin.py:188} INFO - [2024-04-04T21:58:11.361+0000] {dag.py:3834} INFO - Setting next_dagrun for example_short_circuit_operator to 2024-04-03 00:00:00+00:00, run_after=2024-04-04 00:00:00+00:00
[2024-04-04T21:58:11.377+0000] {processor.py:183} INFO - Processing /home/airflow/.local/lib/python3.8/site-packages/airflow/example_dags/example_short_circuit_operator.py took 0.063 seconds
[2024-04-04T21:58:41.725+0000] {processor.py:161} INFO - Started process (PID=2407) to work on /home/airflow/.local/lib/python3.8/site-packages/airflow/example_dags/example_short_circuit_operator.py
[2024-04-04T21:58:41.726+0000] {processor.py:830} INFO - Processing file /home/airflow/.local/lib/python3.8/site-packages/airflow/example_dags/example_short_circuit_operator.py for tasks to queue
[2024-04-04T21:58:41.728+0000] {logging_mixin.py:188} INFO - [2024-04-04T21:58:41.728+0000] {dagbag.py:540} INFO - Filling up the DagBag from /home/airflow/.local/lib/python3.8/site-packages/airflow/example_dags/example_short_circuit_operator.py
[2024-04-04T21:58:41.735+0000] {processor.py:840} INFO - DAG(s) 'example_short_circuit_operator' retrieved from /home/airflow/.local/lib/python3.8/site-packages/airflow/example_dags/example_short_circuit_operator.py
[2024-04-04T21:58:41.756+0000] {logging_mixin.py:188} INFO - [2024-04-04T21:58:41.756+0000] {dag.py:3047} INFO - Sync 1 DAGs
[2024-04-04T21:58:41.777+0000] {logging_mixin.py:188} INFO - [2024-04-04T21:58:41.777+0000] {dag.py:3834} INFO - Setting next_dagrun for example_short_circuit_operator to 2024-04-03 00:00:00+00:00, run_after=2024-04-04 00:00:00+00:00
[2024-04-04T21:58:41.799+0000] {processor.py:183} INFO - Processing /home/airflow/.local/lib/python3.8/site-packages/airflow/example_dags/example_short_circuit_operator.py took 0.077 seconds
[2024-04-04T21:59:12.647+0000] {processor.py:161} INFO - Started process (PID=2462) to work on /home/airflow/.local/lib/python3.8/site-packages/airflow/example_dags/example_short_circuit_operator.py
[2024-04-04T21:59:12.673+0000] {processor.py:830} INFO - Processing file /home/airflow/.local/lib/python3.8/site-packages/airflow/example_dags/example_short_circuit_operator.py for tasks to queue
[2024-04-04T21:59:12.676+0000] {logging_mixin.py:188} INFO - [2024-04-04T21:59:12.675+0000] {dagbag.py:540} INFO - Filling up the DagBag from /home/airflow/.local/lib/python3.8/site-packages/airflow/example_dags/example_short_circuit_operator.py
[2024-04-04T21:59:12.687+0000] {processor.py:840} INFO - DAG(s) 'example_short_circuit_operator' retrieved from /home/airflow/.local/lib/python3.8/site-packages/airflow/example_dags/example_short_circuit_operator.py
[2024-04-04T21:59:12.715+0000] {logging_mixin.py:188} INFO - [2024-04-04T21:59:12.715+0000] {dag.py:3047} INFO - Sync 1 DAGs
[2024-04-04T21:59:12.769+0000] {logging_mixin.py:188} INFO - [2024-04-04T21:59:12.768+0000] {dag.py:3834} INFO - Setting next_dagrun for example_short_circuit_operator to 2024-04-03 00:00:00+00:00, run_after=2024-04-04 00:00:00+00:00
[2024-04-04T21:59:12.888+0000] {processor.py:183} INFO - Processing /home/airflow/.local/lib/python3.8/site-packages/airflow/example_dags/example_short_circuit_operator.py took 0.246 seconds
[2024-04-04T21:59:43.209+0000] {processor.py:161} INFO - Started process (PID=2517) to work on /home/airflow/.local/lib/python3.8/site-packages/airflow/example_dags/example_short_circuit_operator.py
[2024-04-04T21:59:43.211+0000] {processor.py:830} INFO - Processing file /home/airflow/.local/lib/python3.8/site-packages/airflow/example_dags/example_short_circuit_operator.py for tasks to queue
[2024-04-04T21:59:43.212+0000] {logging_mixin.py:188} INFO - [2024-04-04T21:59:43.212+0000] {dagbag.py:540} INFO - Filling up the DagBag from /home/airflow/.local/lib/python3.8/site-packages/airflow/example_dags/example_short_circuit_operator.py
[2024-04-04T21:59:43.220+0000] {processor.py:840} INFO - DAG(s) 'example_short_circuit_operator' retrieved from /home/airflow/.local/lib/python3.8/site-packages/airflow/example_dags/example_short_circuit_operator.py
[2024-04-04T21:59:43.243+0000] {logging_mixin.py:188} INFO - [2024-04-04T21:59:43.243+0000] {dag.py:3047} INFO - Sync 1 DAGs
[2024-04-04T21:59:43.267+0000] {logging_mixin.py:188} INFO - [2024-04-04T21:59:43.266+0000] {dag.py:3834} INFO - Setting next_dagrun for example_short_circuit_operator to 2024-04-03 00:00:00+00:00, run_after=2024-04-04 00:00:00+00:00
[2024-04-04T21:59:43.295+0000] {processor.py:183} INFO - Processing /home/airflow/.local/lib/python3.8/site-packages/airflow/example_dags/example_short_circuit_operator.py took 0.090 seconds
[2024-04-04T22:00:13.536+0000] {processor.py:161} INFO - Started process (PID=2571) to work on /home/airflow/.local/lib/python3.8/site-packages/airflow/example_dags/example_short_circuit_operator.py
[2024-04-04T22:00:13.540+0000] {processor.py:830} INFO - Processing file /home/airflow/.local/lib/python3.8/site-packages/airflow/example_dags/example_short_circuit_operator.py for tasks to queue
[2024-04-04T22:00:13.542+0000] {logging_mixin.py:188} INFO - [2024-04-04T22:00:13.541+0000] {dagbag.py:540} INFO - Filling up the DagBag from /home/airflow/.local/lib/python3.8/site-packages/airflow/example_dags/example_short_circuit_operator.py
[2024-04-04T22:00:13.550+0000] {processor.py:840} INFO - DAG(s) 'example_short_circuit_operator' retrieved from /home/airflow/.local/lib/python3.8/site-packages/airflow/example_dags/example_short_circuit_operator.py
[2024-04-04T22:00:13.581+0000] {logging_mixin.py:188} INFO - [2024-04-04T22:00:13.580+0000] {dag.py:3047} INFO - Sync 1 DAGs
[2024-04-04T22:00:13.608+0000] {logging_mixin.py:188} INFO - [2024-04-04T22:00:13.608+0000] {dag.py:3834} INFO - Setting next_dagrun for example_short_circuit_operator to 2024-04-03 00:00:00+00:00, run_after=2024-04-04 00:00:00+00:00
[2024-04-04T22:00:13.634+0000] {processor.py:183} INFO - Processing /home/airflow/.local/lib/python3.8/site-packages/airflow/example_dags/example_short_circuit_operator.py took 0.101 seconds
[2024-04-04T22:00:44.597+0000] {processor.py:161} INFO - Started process (PID=2626) to work on /home/airflow/.local/lib/python3.8/site-packages/airflow/example_dags/example_short_circuit_operator.py
[2024-04-04T22:00:44.598+0000] {processor.py:830} INFO - Processing file /home/airflow/.local/lib/python3.8/site-packages/airflow/example_dags/example_short_circuit_operator.py for tasks to queue
[2024-04-04T22:00:44.601+0000] {logging_mixin.py:188} INFO - [2024-04-04T22:00:44.600+0000] {dagbag.py:540} INFO - Filling up the DagBag from /home/airflow/.local/lib/python3.8/site-packages/airflow/example_dags/example_short_circuit_operator.py
[2024-04-04T22:00:44.608+0000] {processor.py:840} INFO - DAG(s) 'example_short_circuit_operator' retrieved from /home/airflow/.local/lib/python3.8/site-packages/airflow/example_dags/example_short_circuit_operator.py
[2024-04-04T22:00:44.631+0000] {logging_mixin.py:188} INFO - [2024-04-04T22:00:44.630+0000] {dag.py:3047} INFO - Sync 1 DAGs
[2024-04-04T22:00:44.741+0000] {logging_mixin.py:188} INFO - [2024-04-04T22:00:44.740+0000] {dag.py:3834} INFO - Setting next_dagrun for example_short_circuit_operator to 2024-04-03 00:00:00+00:00, run_after=2024-04-04 00:00:00+00:00
[2024-04-04T22:00:44.839+0000] {processor.py:183} INFO - Processing /home/airflow/.local/lib/python3.8/site-packages/airflow/example_dags/example_short_circuit_operator.py took 0.245 seconds
