[2024-04-04T21:36:57.879+0000] {processor.py:161} INFO - Started process (PID=41) to work on /home/airflow/.local/lib/python3.8/site-packages/airflow/example_dags/example_xcom.py
[2024-04-04T21:36:57.880+0000] {processor.py:830} INFO - Processing file /home/airflow/.local/lib/python3.8/site-packages/airflow/example_dags/example_xcom.py for tasks to queue
[2024-04-04T21:36:57.881+0000] {logging_mixin.py:188} INFO - [2024-04-04T21:36:57.881+0000] {dagbag.py:540} INFO - Filling up the DagBag from /home/airflow/.local/lib/python3.8/site-packages/airflow/example_dags/example_xcom.py
[2024-04-04T21:36:57.890+0000] {processor.py:840} INFO - DAG(s) 'example_xcom' retrieved from /home/airflow/.local/lib/python3.8/site-packages/airflow/example_dags/example_xcom.py
[2024-04-04T21:36:57.921+0000] {logging_mixin.py:188} INFO - [2024-04-04T21:36:57.921+0000] {dag.py:3047} INFO - Sync 1 DAGs
[2024-04-04T21:36:57.941+0000] {logging_mixin.py:188} INFO - [2024-04-04T21:36:57.940+0000] {dag.py:3834} INFO - Setting next_dagrun for example_xcom to 2021-01-01 00:00:00+00:00, run_after=2021-01-01 00:00:00+00:00
[2024-04-04T21:36:57.960+0000] {processor.py:183} INFO - Processing /home/airflow/.local/lib/python3.8/site-packages/airflow/example_dags/example_xcom.py took 0.083 seconds
[2024-04-04T21:37:28.169+0000] {processor.py:161} INFO - Started process (PID=96) to work on /home/airflow/.local/lib/python3.8/site-packages/airflow/example_dags/example_xcom.py
[2024-04-04T21:37:28.170+0000] {processor.py:830} INFO - Processing file /home/airflow/.local/lib/python3.8/site-packages/airflow/example_dags/example_xcom.py for tasks to queue
[2024-04-04T21:37:28.171+0000] {logging_mixin.py:188} INFO - [2024-04-04T21:37:28.171+0000] {dagbag.py:540} INFO - Filling up the DagBag from /home/airflow/.local/lib/python3.8/site-packages/airflow/example_dags/example_xcom.py
[2024-04-04T21:37:28.176+0000] {processor.py:840} INFO - DAG(s) 'example_xcom' retrieved from /home/airflow/.local/lib/python3.8/site-packages/airflow/example_dags/example_xcom.py
[2024-04-04T21:37:28.190+0000] {logging_mixin.py:188} INFO - [2024-04-04T21:37:28.190+0000] {dag.py:3047} INFO - Sync 1 DAGs
[2024-04-04T21:37:28.207+0000] {logging_mixin.py:188} INFO - [2024-04-04T21:37:28.207+0000] {dag.py:3834} INFO - Setting next_dagrun for example_xcom to 2021-01-01 00:00:00+00:00, run_after=2021-01-01 00:00:00+00:00
[2024-04-04T21:37:28.221+0000] {processor.py:183} INFO - Processing /home/airflow/.local/lib/python3.8/site-packages/airflow/example_dags/example_xcom.py took 0.055 seconds
[2024-04-04T21:37:58.452+0000] {processor.py:161} INFO - Started process (PID=151) to work on /home/airflow/.local/lib/python3.8/site-packages/airflow/example_dags/example_xcom.py
[2024-04-04T21:37:58.453+0000] {processor.py:830} INFO - Processing file /home/airflow/.local/lib/python3.8/site-packages/airflow/example_dags/example_xcom.py for tasks to queue
[2024-04-04T21:37:58.454+0000] {logging_mixin.py:188} INFO - [2024-04-04T21:37:58.454+0000] {dagbag.py:540} INFO - Filling up the DagBag from /home/airflow/.local/lib/python3.8/site-packages/airflow/example_dags/example_xcom.py
[2024-04-04T21:37:58.459+0000] {processor.py:840} INFO - DAG(s) 'example_xcom' retrieved from /home/airflow/.local/lib/python3.8/site-packages/airflow/example_dags/example_xcom.py
[2024-04-04T21:37:58.475+0000] {logging_mixin.py:188} INFO - [2024-04-04T21:37:58.475+0000] {dag.py:3047} INFO - Sync 1 DAGs
[2024-04-04T21:37:58.492+0000] {logging_mixin.py:188} INFO - [2024-04-04T21:37:58.492+0000] {dag.py:3834} INFO - Setting next_dagrun for example_xcom to 2021-01-01 00:00:00+00:00, run_after=2021-01-01 00:00:00+00:00
[2024-04-04T21:37:58.506+0000] {processor.py:183} INFO - Processing /home/airflow/.local/lib/python3.8/site-packages/airflow/example_dags/example_xcom.py took 0.058 seconds
[2024-04-04T21:38:28.710+0000] {processor.py:161} INFO - Started process (PID=206) to work on /home/airflow/.local/lib/python3.8/site-packages/airflow/example_dags/example_xcom.py
[2024-04-04T21:38:28.711+0000] {processor.py:830} INFO - Processing file /home/airflow/.local/lib/python3.8/site-packages/airflow/example_dags/example_xcom.py for tasks to queue
[2024-04-04T21:38:28.712+0000] {logging_mixin.py:188} INFO - [2024-04-04T21:38:28.712+0000] {dagbag.py:540} INFO - Filling up the DagBag from /home/airflow/.local/lib/python3.8/site-packages/airflow/example_dags/example_xcom.py
[2024-04-04T21:38:28.717+0000] {processor.py:840} INFO - DAG(s) 'example_xcom' retrieved from /home/airflow/.local/lib/python3.8/site-packages/airflow/example_dags/example_xcom.py
[2024-04-04T21:38:28.731+0000] {logging_mixin.py:188} INFO - [2024-04-04T21:38:28.731+0000] {dag.py:3047} INFO - Sync 1 DAGs
[2024-04-04T21:38:28.746+0000] {logging_mixin.py:188} INFO - [2024-04-04T21:38:28.746+0000] {dag.py:3834} INFO - Setting next_dagrun for example_xcom to 2021-01-01 00:00:00+00:00, run_after=2021-01-01 00:00:00+00:00
[2024-04-04T21:38:28.761+0000] {processor.py:183} INFO - Processing /home/airflow/.local/lib/python3.8/site-packages/airflow/example_dags/example_xcom.py took 0.053 seconds
[2024-04-04T21:38:59.155+0000] {processor.py:161} INFO - Started process (PID=262) to work on /home/airflow/.local/lib/python3.8/site-packages/airflow/example_dags/example_xcom.py
[2024-04-04T21:38:59.156+0000] {processor.py:830} INFO - Processing file /home/airflow/.local/lib/python3.8/site-packages/airflow/example_dags/example_xcom.py for tasks to queue
[2024-04-04T21:38:59.158+0000] {logging_mixin.py:188} INFO - [2024-04-04T21:38:59.158+0000] {dagbag.py:540} INFO - Filling up the DagBag from /home/airflow/.local/lib/python3.8/site-packages/airflow/example_dags/example_xcom.py
[2024-04-04T21:38:59.163+0000] {processor.py:840} INFO - DAG(s) 'example_xcom' retrieved from /home/airflow/.local/lib/python3.8/site-packages/airflow/example_dags/example_xcom.py
[2024-04-04T21:38:59.180+0000] {logging_mixin.py:188} INFO - [2024-04-04T21:38:59.180+0000] {dag.py:3047} INFO - Sync 1 DAGs
[2024-04-04T21:38:59.196+0000] {logging_mixin.py:188} INFO - [2024-04-04T21:38:59.196+0000] {dag.py:3834} INFO - Setting next_dagrun for example_xcom to 2021-01-01 00:00:00+00:00, run_after=2021-01-01 00:00:00+00:00
[2024-04-04T21:38:59.212+0000] {processor.py:183} INFO - Processing /home/airflow/.local/lib/python3.8/site-packages/airflow/example_dags/example_xcom.py took 0.060 seconds
[2024-04-04T21:39:29.395+0000] {processor.py:161} INFO - Started process (PID=317) to work on /home/airflow/.local/lib/python3.8/site-packages/airflow/example_dags/example_xcom.py
[2024-04-04T21:39:29.396+0000] {processor.py:830} INFO - Processing file /home/airflow/.local/lib/python3.8/site-packages/airflow/example_dags/example_xcom.py for tasks to queue
[2024-04-04T21:39:29.398+0000] {logging_mixin.py:188} INFO - [2024-04-04T21:39:29.398+0000] {dagbag.py:540} INFO - Filling up the DagBag from /home/airflow/.local/lib/python3.8/site-packages/airflow/example_dags/example_xcom.py
[2024-04-04T21:39:29.404+0000] {processor.py:840} INFO - DAG(s) 'example_xcom' retrieved from /home/airflow/.local/lib/python3.8/site-packages/airflow/example_dags/example_xcom.py
[2024-04-04T21:39:29.424+0000] {logging_mixin.py:188} INFO - [2024-04-04T21:39:29.423+0000] {dag.py:3047} INFO - Sync 1 DAGs
[2024-04-04T21:39:29.442+0000] {logging_mixin.py:188} INFO - [2024-04-04T21:39:29.442+0000] {dag.py:3834} INFO - Setting next_dagrun for example_xcom to 2021-01-01 00:00:00+00:00, run_after=2021-01-01 00:00:00+00:00
[2024-04-04T21:39:29.457+0000] {processor.py:183} INFO - Processing /home/airflow/.local/lib/python3.8/site-packages/airflow/example_dags/example_xcom.py took 0.065 seconds
[2024-04-04T21:39:59.549+0000] {processor.py:161} INFO - Started process (PID=372) to work on /home/airflow/.local/lib/python3.8/site-packages/airflow/example_dags/example_xcom.py
[2024-04-04T21:39:59.550+0000] {processor.py:830} INFO - Processing file /home/airflow/.local/lib/python3.8/site-packages/airflow/example_dags/example_xcom.py for tasks to queue
[2024-04-04T21:39:59.551+0000] {logging_mixin.py:188} INFO - [2024-04-04T21:39:59.551+0000] {dagbag.py:540} INFO - Filling up the DagBag from /home/airflow/.local/lib/python3.8/site-packages/airflow/example_dags/example_xcom.py
[2024-04-04T21:39:59.556+0000] {processor.py:840} INFO - DAG(s) 'example_xcom' retrieved from /home/airflow/.local/lib/python3.8/site-packages/airflow/example_dags/example_xcom.py
[2024-04-04T21:39:59.572+0000] {logging_mixin.py:188} INFO - [2024-04-04T21:39:59.572+0000] {dag.py:3047} INFO - Sync 1 DAGs
[2024-04-04T21:39:59.590+0000] {logging_mixin.py:188} INFO - [2024-04-04T21:39:59.590+0000] {dag.py:3834} INFO - Setting next_dagrun for example_xcom to 2021-01-01 00:00:00+00:00, run_after=2021-01-01 00:00:00+00:00
[2024-04-04T21:39:59.605+0000] {processor.py:183} INFO - Processing /home/airflow/.local/lib/python3.8/site-packages/airflow/example_dags/example_xcom.py took 0.058 seconds
[2024-04-04T21:40:29.838+0000] {processor.py:161} INFO - Started process (PID=427) to work on /home/airflow/.local/lib/python3.8/site-packages/airflow/example_dags/example_xcom.py
[2024-04-04T21:40:29.839+0000] {processor.py:830} INFO - Processing file /home/airflow/.local/lib/python3.8/site-packages/airflow/example_dags/example_xcom.py for tasks to queue
[2024-04-04T21:40:29.840+0000] {logging_mixin.py:188} INFO - [2024-04-04T21:40:29.840+0000] {dagbag.py:540} INFO - Filling up the DagBag from /home/airflow/.local/lib/python3.8/site-packages/airflow/example_dags/example_xcom.py
[2024-04-04T21:40:29.845+0000] {processor.py:840} INFO - DAG(s) 'example_xcom' retrieved from /home/airflow/.local/lib/python3.8/site-packages/airflow/example_dags/example_xcom.py
[2024-04-04T21:40:29.860+0000] {logging_mixin.py:188} INFO - [2024-04-04T21:40:29.859+0000] {dag.py:3047} INFO - Sync 1 DAGs
[2024-04-04T21:40:29.875+0000] {logging_mixin.py:188} INFO - [2024-04-04T21:40:29.875+0000] {dag.py:3834} INFO - Setting next_dagrun for example_xcom to 2021-01-01 00:00:00+00:00, run_after=2021-01-01 00:00:00+00:00
[2024-04-04T21:40:29.889+0000] {processor.py:183} INFO - Processing /home/airflow/.local/lib/python3.8/site-packages/airflow/example_dags/example_xcom.py took 0.053 seconds
[2024-04-04T21:41:00.138+0000] {processor.py:161} INFO - Started process (PID=482) to work on /home/airflow/.local/lib/python3.8/site-packages/airflow/example_dags/example_xcom.py
[2024-04-04T21:41:00.139+0000] {processor.py:830} INFO - Processing file /home/airflow/.local/lib/python3.8/site-packages/airflow/example_dags/example_xcom.py for tasks to queue
[2024-04-04T21:41:00.140+0000] {logging_mixin.py:188} INFO - [2024-04-04T21:41:00.140+0000] {dagbag.py:540} INFO - Filling up the DagBag from /home/airflow/.local/lib/python3.8/site-packages/airflow/example_dags/example_xcom.py
[2024-04-04T21:41:00.145+0000] {processor.py:840} INFO - DAG(s) 'example_xcom' retrieved from /home/airflow/.local/lib/python3.8/site-packages/airflow/example_dags/example_xcom.py
[2024-04-04T21:41:00.162+0000] {logging_mixin.py:188} INFO - [2024-04-04T21:41:00.162+0000] {dag.py:3047} INFO - Sync 1 DAGs
[2024-04-04T21:41:00.182+0000] {logging_mixin.py:188} INFO - [2024-04-04T21:41:00.182+0000] {dag.py:3834} INFO - Setting next_dagrun for example_xcom to 2021-01-01 00:00:00+00:00, run_after=2021-01-01 00:00:00+00:00
[2024-04-04T21:41:00.200+0000] {processor.py:183} INFO - Processing /home/airflow/.local/lib/python3.8/site-packages/airflow/example_dags/example_xcom.py took 0.064 seconds
[2024-04-04T21:41:30.405+0000] {processor.py:161} INFO - Started process (PID=537) to work on /home/airflow/.local/lib/python3.8/site-packages/airflow/example_dags/example_xcom.py
[2024-04-04T21:41:30.406+0000] {processor.py:830} INFO - Processing file /home/airflow/.local/lib/python3.8/site-packages/airflow/example_dags/example_xcom.py for tasks to queue
[2024-04-04T21:41:30.408+0000] {logging_mixin.py:188} INFO - [2024-04-04T21:41:30.407+0000] {dagbag.py:540} INFO - Filling up the DagBag from /home/airflow/.local/lib/python3.8/site-packages/airflow/example_dags/example_xcom.py
[2024-04-04T21:41:30.413+0000] {processor.py:840} INFO - DAG(s) 'example_xcom' retrieved from /home/airflow/.local/lib/python3.8/site-packages/airflow/example_dags/example_xcom.py
[2024-04-04T21:41:30.429+0000] {logging_mixin.py:188} INFO - [2024-04-04T21:41:30.429+0000] {dag.py:3047} INFO - Sync 1 DAGs
[2024-04-04T21:41:30.445+0000] {logging_mixin.py:188} INFO - [2024-04-04T21:41:30.445+0000] {dag.py:3834} INFO - Setting next_dagrun for example_xcom to 2021-01-01 00:00:00+00:00, run_after=2021-01-01 00:00:00+00:00
[2024-04-04T21:41:30.460+0000] {processor.py:183} INFO - Processing /home/airflow/.local/lib/python3.8/site-packages/airflow/example_dags/example_xcom.py took 0.056 seconds
[2024-04-04T21:42:00.886+0000] {processor.py:161} INFO - Started process (PID=592) to work on /home/airflow/.local/lib/python3.8/site-packages/airflow/example_dags/example_xcom.py
[2024-04-04T21:42:00.887+0000] {processor.py:830} INFO - Processing file /home/airflow/.local/lib/python3.8/site-packages/airflow/example_dags/example_xcom.py for tasks to queue
[2024-04-04T21:42:00.888+0000] {logging_mixin.py:188} INFO - [2024-04-04T21:42:00.888+0000] {dagbag.py:540} INFO - Filling up the DagBag from /home/airflow/.local/lib/python3.8/site-packages/airflow/example_dags/example_xcom.py
[2024-04-04T21:42:00.893+0000] {processor.py:840} INFO - DAG(s) 'example_xcom' retrieved from /home/airflow/.local/lib/python3.8/site-packages/airflow/example_dags/example_xcom.py
[2024-04-04T21:42:00.908+0000] {logging_mixin.py:188} INFO - [2024-04-04T21:42:00.908+0000] {dag.py:3047} INFO - Sync 1 DAGs
[2024-04-04T21:42:00.924+0000] {logging_mixin.py:188} INFO - [2024-04-04T21:42:00.924+0000] {dag.py:3834} INFO - Setting next_dagrun for example_xcom to 2021-01-01 00:00:00+00:00, run_after=2021-01-01 00:00:00+00:00
[2024-04-04T21:42:00.938+0000] {processor.py:183} INFO - Processing /home/airflow/.local/lib/python3.8/site-packages/airflow/example_dags/example_xcom.py took 0.054 seconds
[2024-04-04T21:42:31.633+0000] {processor.py:161} INFO - Started process (PID=648) to work on /home/airflow/.local/lib/python3.8/site-packages/airflow/example_dags/example_xcom.py
[2024-04-04T21:42:31.634+0000] {processor.py:830} INFO - Processing file /home/airflow/.local/lib/python3.8/site-packages/airflow/example_dags/example_xcom.py for tasks to queue
[2024-04-04T21:42:31.635+0000] {logging_mixin.py:188} INFO - [2024-04-04T21:42:31.635+0000] {dagbag.py:540} INFO - Filling up the DagBag from /home/airflow/.local/lib/python3.8/site-packages/airflow/example_dags/example_xcom.py
[2024-04-04T21:42:31.642+0000] {processor.py:840} INFO - DAG(s) 'example_xcom' retrieved from /home/airflow/.local/lib/python3.8/site-packages/airflow/example_dags/example_xcom.py
[2024-04-04T21:42:31.659+0000] {logging_mixin.py:188} INFO - [2024-04-04T21:42:31.659+0000] {dag.py:3047} INFO - Sync 1 DAGs
[2024-04-04T21:42:31.676+0000] {logging_mixin.py:188} INFO - [2024-04-04T21:42:31.676+0000] {dag.py:3834} INFO - Setting next_dagrun for example_xcom to 2021-01-01 00:00:00+00:00, run_after=2021-01-01 00:00:00+00:00
[2024-04-04T21:42:31.693+0000] {processor.py:183} INFO - Processing /home/airflow/.local/lib/python3.8/site-packages/airflow/example_dags/example_xcom.py took 0.062 seconds
[2024-04-04T21:43:02.143+0000] {processor.py:161} INFO - Started process (PID=703) to work on /home/airflow/.local/lib/python3.8/site-packages/airflow/example_dags/example_xcom.py
[2024-04-04T21:43:02.144+0000] {processor.py:830} INFO - Processing file /home/airflow/.local/lib/python3.8/site-packages/airflow/example_dags/example_xcom.py for tasks to queue
[2024-04-04T21:43:02.145+0000] {logging_mixin.py:188} INFO - [2024-04-04T21:43:02.145+0000] {dagbag.py:540} INFO - Filling up the DagBag from /home/airflow/.local/lib/python3.8/site-packages/airflow/example_dags/example_xcom.py
[2024-04-04T21:43:02.151+0000] {processor.py:840} INFO - DAG(s) 'example_xcom' retrieved from /home/airflow/.local/lib/python3.8/site-packages/airflow/example_dags/example_xcom.py
[2024-04-04T21:43:02.168+0000] {logging_mixin.py:188} INFO - [2024-04-04T21:43:02.167+0000] {dag.py:3047} INFO - Sync 1 DAGs
[2024-04-04T21:43:02.184+0000] {logging_mixin.py:188} INFO - [2024-04-04T21:43:02.183+0000] {dag.py:3834} INFO - Setting next_dagrun for example_xcom to 2021-01-01 00:00:00+00:00, run_after=2021-01-01 00:00:00+00:00
[2024-04-04T21:43:02.198+0000] {processor.py:183} INFO - Processing /home/airflow/.local/lib/python3.8/site-packages/airflow/example_dags/example_xcom.py took 0.057 seconds
[2024-04-04T21:43:32.546+0000] {processor.py:161} INFO - Started process (PID=758) to work on /home/airflow/.local/lib/python3.8/site-packages/airflow/example_dags/example_xcom.py
[2024-04-04T21:43:32.547+0000] {processor.py:830} INFO - Processing file /home/airflow/.local/lib/python3.8/site-packages/airflow/example_dags/example_xcom.py for tasks to queue
[2024-04-04T21:43:32.548+0000] {logging_mixin.py:188} INFO - [2024-04-04T21:43:32.548+0000] {dagbag.py:540} INFO - Filling up the DagBag from /home/airflow/.local/lib/python3.8/site-packages/airflow/example_dags/example_xcom.py
[2024-04-04T21:43:32.555+0000] {processor.py:840} INFO - DAG(s) 'example_xcom' retrieved from /home/airflow/.local/lib/python3.8/site-packages/airflow/example_dags/example_xcom.py
[2024-04-04T21:43:32.571+0000] {logging_mixin.py:188} INFO - [2024-04-04T21:43:32.571+0000] {dag.py:3047} INFO - Sync 1 DAGs
[2024-04-04T21:43:32.588+0000] {logging_mixin.py:188} INFO - [2024-04-04T21:43:32.588+0000] {dag.py:3834} INFO - Setting next_dagrun for example_xcom to 2021-01-01 00:00:00+00:00, run_after=2021-01-01 00:00:00+00:00
[2024-04-04T21:43:32.606+0000] {processor.py:183} INFO - Processing /home/airflow/.local/lib/python3.8/site-packages/airflow/example_dags/example_xcom.py took 0.062 seconds
[2024-04-04T21:44:02.835+0000] {processor.py:161} INFO - Started process (PID=813) to work on /home/airflow/.local/lib/python3.8/site-packages/airflow/example_dags/example_xcom.py
[2024-04-04T21:44:02.836+0000] {processor.py:830} INFO - Processing file /home/airflow/.local/lib/python3.8/site-packages/airflow/example_dags/example_xcom.py for tasks to queue
[2024-04-04T21:44:02.837+0000] {logging_mixin.py:188} INFO - [2024-04-04T21:44:02.837+0000] {dagbag.py:540} INFO - Filling up the DagBag from /home/airflow/.local/lib/python3.8/site-packages/airflow/example_dags/example_xcom.py
[2024-04-04T21:44:02.842+0000] {processor.py:840} INFO - DAG(s) 'example_xcom' retrieved from /home/airflow/.local/lib/python3.8/site-packages/airflow/example_dags/example_xcom.py
[2024-04-04T21:44:02.862+0000] {logging_mixin.py:188} INFO - [2024-04-04T21:44:02.862+0000] {dag.py:3047} INFO - Sync 1 DAGs
[2024-04-04T21:44:02.883+0000] {logging_mixin.py:188} INFO - [2024-04-04T21:44:02.882+0000] {dag.py:3834} INFO - Setting next_dagrun for example_xcom to 2021-01-01 00:00:00+00:00, run_after=2021-01-01 00:00:00+00:00
[2024-04-04T21:44:02.901+0000] {processor.py:183} INFO - Processing /home/airflow/.local/lib/python3.8/site-packages/airflow/example_dags/example_xcom.py took 0.068 seconds
[2024-04-04T21:44:33.329+0000] {processor.py:161} INFO - Started process (PID=868) to work on /home/airflow/.local/lib/python3.8/site-packages/airflow/example_dags/example_xcom.py
[2024-04-04T21:44:33.330+0000] {processor.py:830} INFO - Processing file /home/airflow/.local/lib/python3.8/site-packages/airflow/example_dags/example_xcom.py for tasks to queue
[2024-04-04T21:44:33.332+0000] {logging_mixin.py:188} INFO - [2024-04-04T21:44:33.332+0000] {dagbag.py:540} INFO - Filling up the DagBag from /home/airflow/.local/lib/python3.8/site-packages/airflow/example_dags/example_xcom.py
[2024-04-04T21:44:33.338+0000] {processor.py:840} INFO - DAG(s) 'example_xcom' retrieved from /home/airflow/.local/lib/python3.8/site-packages/airflow/example_dags/example_xcom.py
[2024-04-04T21:44:33.360+0000] {logging_mixin.py:188} INFO - [2024-04-04T21:44:33.360+0000] {dag.py:3047} INFO - Sync 1 DAGs
[2024-04-04T21:44:33.385+0000] {logging_mixin.py:188} INFO - [2024-04-04T21:44:33.385+0000] {dag.py:3834} INFO - Setting next_dagrun for example_xcom to 2021-01-01 00:00:00+00:00, run_after=2021-01-01 00:00:00+00:00
[2024-04-04T21:44:33.405+0000] {processor.py:183} INFO - Processing /home/airflow/.local/lib/python3.8/site-packages/airflow/example_dags/example_xcom.py took 0.079 seconds
[2024-04-04T21:45:03.704+0000] {processor.py:161} INFO - Started process (PID=923) to work on /home/airflow/.local/lib/python3.8/site-packages/airflow/example_dags/example_xcom.py
[2024-04-04T21:45:03.705+0000] {processor.py:830} INFO - Processing file /home/airflow/.local/lib/python3.8/site-packages/airflow/example_dags/example_xcom.py for tasks to queue
[2024-04-04T21:45:03.706+0000] {logging_mixin.py:188} INFO - [2024-04-04T21:45:03.706+0000] {dagbag.py:540} INFO - Filling up the DagBag from /home/airflow/.local/lib/python3.8/site-packages/airflow/example_dags/example_xcom.py
[2024-04-04T21:45:03.711+0000] {processor.py:840} INFO - DAG(s) 'example_xcom' retrieved from /home/airflow/.local/lib/python3.8/site-packages/airflow/example_dags/example_xcom.py
[2024-04-04T21:45:03.726+0000] {logging_mixin.py:188} INFO - [2024-04-04T21:45:03.726+0000] {dag.py:3047} INFO - Sync 1 DAGs
[2024-04-04T21:45:03.741+0000] {logging_mixin.py:188} INFO - [2024-04-04T21:45:03.740+0000] {dag.py:3834} INFO - Setting next_dagrun for example_xcom to 2021-01-01 00:00:00+00:00, run_after=2021-01-01 00:00:00+00:00
[2024-04-04T21:45:03.755+0000] {processor.py:183} INFO - Processing /home/airflow/.local/lib/python3.8/site-packages/airflow/example_dags/example_xcom.py took 0.053 seconds
[2024-04-04T21:45:33.835+0000] {processor.py:161} INFO - Started process (PID=978) to work on /home/airflow/.local/lib/python3.8/site-packages/airflow/example_dags/example_xcom.py
[2024-04-04T21:45:33.836+0000] {processor.py:830} INFO - Processing file /home/airflow/.local/lib/python3.8/site-packages/airflow/example_dags/example_xcom.py for tasks to queue
[2024-04-04T21:45:33.837+0000] {logging_mixin.py:188} INFO - [2024-04-04T21:45:33.837+0000] {dagbag.py:540} INFO - Filling up the DagBag from /home/airflow/.local/lib/python3.8/site-packages/airflow/example_dags/example_xcom.py
[2024-04-04T21:45:33.842+0000] {processor.py:840} INFO - DAG(s) 'example_xcom' retrieved from /home/airflow/.local/lib/python3.8/site-packages/airflow/example_dags/example_xcom.py
[2024-04-04T21:45:33.857+0000] {logging_mixin.py:188} INFO - [2024-04-04T21:45:33.857+0000] {dag.py:3047} INFO - Sync 1 DAGs
[2024-04-04T21:45:33.874+0000] {logging_mixin.py:188} INFO - [2024-04-04T21:45:33.874+0000] {dag.py:3834} INFO - Setting next_dagrun for example_xcom to 2021-01-01 00:00:00+00:00, run_after=2021-01-01 00:00:00+00:00
[2024-04-04T21:45:33.888+0000] {processor.py:183} INFO - Processing /home/airflow/.local/lib/python3.8/site-packages/airflow/example_dags/example_xcom.py took 0.055 seconds
[2024-04-04T21:46:04.063+0000] {processor.py:161} INFO - Started process (PID=1033) to work on /home/airflow/.local/lib/python3.8/site-packages/airflow/example_dags/example_xcom.py
[2024-04-04T21:46:04.064+0000] {processor.py:830} INFO - Processing file /home/airflow/.local/lib/python3.8/site-packages/airflow/example_dags/example_xcom.py for tasks to queue
[2024-04-04T21:46:04.066+0000] {logging_mixin.py:188} INFO - [2024-04-04T21:46:04.065+0000] {dagbag.py:540} INFO - Filling up the DagBag from /home/airflow/.local/lib/python3.8/site-packages/airflow/example_dags/example_xcom.py
[2024-04-04T21:46:04.075+0000] {processor.py:840} INFO - DAG(s) 'example_xcom' retrieved from /home/airflow/.local/lib/python3.8/site-packages/airflow/example_dags/example_xcom.py
[2024-04-04T21:46:04.093+0000] {logging_mixin.py:188} INFO - [2024-04-04T21:46:04.093+0000] {dag.py:3047} INFO - Sync 1 DAGs
[2024-04-04T21:46:04.113+0000] {logging_mixin.py:188} INFO - [2024-04-04T21:46:04.113+0000] {dag.py:3834} INFO - Setting next_dagrun for example_xcom to 2021-01-01 00:00:00+00:00, run_after=2021-01-01 00:00:00+00:00
[2024-04-04T21:46:04.130+0000] {processor.py:183} INFO - Processing /home/airflow/.local/lib/python3.8/site-packages/airflow/example_dags/example_xcom.py took 0.070 seconds
[2024-04-04T21:46:34.423+0000] {processor.py:161} INFO - Started process (PID=1088) to work on /home/airflow/.local/lib/python3.8/site-packages/airflow/example_dags/example_xcom.py
[2024-04-04T21:46:34.423+0000] {processor.py:830} INFO - Processing file /home/airflow/.local/lib/python3.8/site-packages/airflow/example_dags/example_xcom.py for tasks to queue
[2024-04-04T21:46:34.425+0000] {logging_mixin.py:188} INFO - [2024-04-04T21:46:34.424+0000] {dagbag.py:540} INFO - Filling up the DagBag from /home/airflow/.local/lib/python3.8/site-packages/airflow/example_dags/example_xcom.py
[2024-04-04T21:46:34.430+0000] {processor.py:840} INFO - DAG(s) 'example_xcom' retrieved from /home/airflow/.local/lib/python3.8/site-packages/airflow/example_dags/example_xcom.py
[2024-04-04T21:46:34.445+0000] {logging_mixin.py:188} INFO - [2024-04-04T21:46:34.445+0000] {dag.py:3047} INFO - Sync 1 DAGs
[2024-04-04T21:46:34.461+0000] {logging_mixin.py:188} INFO - [2024-04-04T21:46:34.461+0000] {dag.py:3834} INFO - Setting next_dagrun for example_xcom to 2021-01-01 00:00:00+00:00, run_after=2021-01-01 00:00:00+00:00
[2024-04-04T21:46:34.475+0000] {processor.py:183} INFO - Processing /home/airflow/.local/lib/python3.8/site-packages/airflow/example_dags/example_xcom.py took 0.054 seconds
[2024-04-04T21:47:04.664+0000] {processor.py:161} INFO - Started process (PID=1143) to work on /home/airflow/.local/lib/python3.8/site-packages/airflow/example_dags/example_xcom.py
[2024-04-04T21:47:04.665+0000] {processor.py:830} INFO - Processing file /home/airflow/.local/lib/python3.8/site-packages/airflow/example_dags/example_xcom.py for tasks to queue
[2024-04-04T21:47:04.666+0000] {logging_mixin.py:188} INFO - [2024-04-04T21:47:04.666+0000] {dagbag.py:540} INFO - Filling up the DagBag from /home/airflow/.local/lib/python3.8/site-packages/airflow/example_dags/example_xcom.py
[2024-04-04T21:47:04.672+0000] {processor.py:840} INFO - DAG(s) 'example_xcom' retrieved from /home/airflow/.local/lib/python3.8/site-packages/airflow/example_dags/example_xcom.py
[2024-04-04T21:47:04.690+0000] {logging_mixin.py:188} INFO - [2024-04-04T21:47:04.689+0000] {dag.py:3047} INFO - Sync 1 DAGs
[2024-04-04T21:47:04.706+0000] {logging_mixin.py:188} INFO - [2024-04-04T21:47:04.706+0000] {dag.py:3834} INFO - Setting next_dagrun for example_xcom to 2021-01-01 00:00:00+00:00, run_after=2021-01-01 00:00:00+00:00
[2024-04-04T21:47:04.723+0000] {processor.py:183} INFO - Processing /home/airflow/.local/lib/python3.8/site-packages/airflow/example_dags/example_xcom.py took 0.062 seconds
[2024-04-04T21:47:35.009+0000] {processor.py:161} INFO - Started process (PID=1198) to work on /home/airflow/.local/lib/python3.8/site-packages/airflow/example_dags/example_xcom.py
[2024-04-04T21:47:35.010+0000] {processor.py:830} INFO - Processing file /home/airflow/.local/lib/python3.8/site-packages/airflow/example_dags/example_xcom.py for tasks to queue
[2024-04-04T21:47:35.012+0000] {logging_mixin.py:188} INFO - [2024-04-04T21:47:35.012+0000] {dagbag.py:540} INFO - Filling up the DagBag from /home/airflow/.local/lib/python3.8/site-packages/airflow/example_dags/example_xcom.py
[2024-04-04T21:47:35.017+0000] {processor.py:840} INFO - DAG(s) 'example_xcom' retrieved from /home/airflow/.local/lib/python3.8/site-packages/airflow/example_dags/example_xcom.py
[2024-04-04T21:47:35.035+0000] {logging_mixin.py:188} INFO - [2024-04-04T21:47:35.035+0000] {dag.py:3047} INFO - Sync 1 DAGs
[2024-04-04T21:47:35.053+0000] {logging_mixin.py:188} INFO - [2024-04-04T21:47:35.053+0000] {dag.py:3834} INFO - Setting next_dagrun for example_xcom to 2021-01-01 00:00:00+00:00, run_after=2021-01-01 00:00:00+00:00
[2024-04-04T21:47:35.073+0000] {processor.py:183} INFO - Processing /home/airflow/.local/lib/python3.8/site-packages/airflow/example_dags/example_xcom.py took 0.066 seconds
[2024-04-04T21:48:05.317+0000] {processor.py:161} INFO - Started process (PID=1253) to work on /home/airflow/.local/lib/python3.8/site-packages/airflow/example_dags/example_xcom.py
[2024-04-04T21:48:05.322+0000] {processor.py:830} INFO - Processing file /home/airflow/.local/lib/python3.8/site-packages/airflow/example_dags/example_xcom.py for tasks to queue
[2024-04-04T21:48:05.323+0000] {logging_mixin.py:188} INFO - [2024-04-04T21:48:05.323+0000] {dagbag.py:540} INFO - Filling up the DagBag from /home/airflow/.local/lib/python3.8/site-packages/airflow/example_dags/example_xcom.py
[2024-04-04T21:48:05.328+0000] {processor.py:840} INFO - DAG(s) 'example_xcom' retrieved from /home/airflow/.local/lib/python3.8/site-packages/airflow/example_dags/example_xcom.py
[2024-04-04T21:48:05.343+0000] {logging_mixin.py:188} INFO - [2024-04-04T21:48:05.343+0000] {dag.py:3047} INFO - Sync 1 DAGs
[2024-04-04T21:48:05.358+0000] {logging_mixin.py:188} INFO - [2024-04-04T21:48:05.358+0000] {dag.py:3834} INFO - Setting next_dagrun for example_xcom to 2021-01-01 00:00:00+00:00, run_after=2021-01-01 00:00:00+00:00
[2024-04-04T21:48:05.373+0000] {processor.py:183} INFO - Processing /home/airflow/.local/lib/python3.8/site-packages/airflow/example_dags/example_xcom.py took 0.058 seconds
[2024-04-04T21:48:35.546+0000] {processor.py:161} INFO - Started process (PID=1308) to work on /home/airflow/.local/lib/python3.8/site-packages/airflow/example_dags/example_xcom.py
[2024-04-04T21:48:35.547+0000] {processor.py:830} INFO - Processing file /home/airflow/.local/lib/python3.8/site-packages/airflow/example_dags/example_xcom.py for tasks to queue
[2024-04-04T21:48:35.548+0000] {logging_mixin.py:188} INFO - [2024-04-04T21:48:35.548+0000] {dagbag.py:540} INFO - Filling up the DagBag from /home/airflow/.local/lib/python3.8/site-packages/airflow/example_dags/example_xcom.py
[2024-04-04T21:48:35.554+0000] {processor.py:840} INFO - DAG(s) 'example_xcom' retrieved from /home/airflow/.local/lib/python3.8/site-packages/airflow/example_dags/example_xcom.py
[2024-04-04T21:48:35.569+0000] {logging_mixin.py:188} INFO - [2024-04-04T21:48:35.569+0000] {dag.py:3047} INFO - Sync 1 DAGs
[2024-04-04T21:48:35.587+0000] {logging_mixin.py:188} INFO - [2024-04-04T21:48:35.587+0000] {dag.py:3834} INFO - Setting next_dagrun for example_xcom to 2021-01-01 00:00:00+00:00, run_after=2021-01-01 00:00:00+00:00
[2024-04-04T21:48:35.607+0000] {processor.py:183} INFO - Processing /home/airflow/.local/lib/python3.8/site-packages/airflow/example_dags/example_xcom.py took 0.063 seconds
[2024-04-04T21:49:05.944+0000] {processor.py:161} INFO - Started process (PID=1363) to work on /home/airflow/.local/lib/python3.8/site-packages/airflow/example_dags/example_xcom.py
[2024-04-04T21:49:05.945+0000] {processor.py:830} INFO - Processing file /home/airflow/.local/lib/python3.8/site-packages/airflow/example_dags/example_xcom.py for tasks to queue
[2024-04-04T21:49:05.946+0000] {logging_mixin.py:188} INFO - [2024-04-04T21:49:05.946+0000] {dagbag.py:540} INFO - Filling up the DagBag from /home/airflow/.local/lib/python3.8/site-packages/airflow/example_dags/example_xcom.py
[2024-04-04T21:49:05.954+0000] {processor.py:840} INFO - DAG(s) 'example_xcom' retrieved from /home/airflow/.local/lib/python3.8/site-packages/airflow/example_dags/example_xcom.py
[2024-04-04T21:49:05.969+0000] {logging_mixin.py:188} INFO - [2024-04-04T21:49:05.968+0000] {dag.py:3047} INFO - Sync 1 DAGs
[2024-04-04T21:49:05.989+0000] {logging_mixin.py:188} INFO - [2024-04-04T21:49:05.989+0000] {dag.py:3834} INFO - Setting next_dagrun for example_xcom to 2021-01-01 00:00:00+00:00, run_after=2021-01-01 00:00:00+00:00
[2024-04-04T21:49:06.008+0000] {processor.py:183} INFO - Processing /home/airflow/.local/lib/python3.8/site-packages/airflow/example_dags/example_xcom.py took 0.066 seconds
[2024-04-04T21:49:36.427+0000] {processor.py:161} INFO - Started process (PID=1418) to work on /home/airflow/.local/lib/python3.8/site-packages/airflow/example_dags/example_xcom.py
[2024-04-04T21:49:36.429+0000] {processor.py:830} INFO - Processing file /home/airflow/.local/lib/python3.8/site-packages/airflow/example_dags/example_xcom.py for tasks to queue
[2024-04-04T21:49:36.430+0000] {logging_mixin.py:188} INFO - [2024-04-04T21:49:36.430+0000] {dagbag.py:540} INFO - Filling up the DagBag from /home/airflow/.local/lib/python3.8/site-packages/airflow/example_dags/example_xcom.py
[2024-04-04T21:49:36.436+0000] {processor.py:840} INFO - DAG(s) 'example_xcom' retrieved from /home/airflow/.local/lib/python3.8/site-packages/airflow/example_dags/example_xcom.py
[2024-04-04T21:49:36.455+0000] {logging_mixin.py:188} INFO - [2024-04-04T21:49:36.454+0000] {dag.py:3047} INFO - Sync 1 DAGs
[2024-04-04T21:49:36.474+0000] {logging_mixin.py:188} INFO - [2024-04-04T21:49:36.474+0000] {dag.py:3834} INFO - Setting next_dagrun for example_xcom to 2021-01-01 00:00:00+00:00, run_after=2021-01-01 00:00:00+00:00
[2024-04-04T21:49:36.494+0000] {processor.py:183} INFO - Processing /home/airflow/.local/lib/python3.8/site-packages/airflow/example_dags/example_xcom.py took 0.070 seconds
[2024-04-04T21:50:06.897+0000] {processor.py:161} INFO - Started process (PID=1473) to work on /home/airflow/.local/lib/python3.8/site-packages/airflow/example_dags/example_xcom.py
[2024-04-04T21:50:06.898+0000] {processor.py:830} INFO - Processing file /home/airflow/.local/lib/python3.8/site-packages/airflow/example_dags/example_xcom.py for tasks to queue
[2024-04-04T21:50:06.900+0000] {logging_mixin.py:188} INFO - [2024-04-04T21:50:06.900+0000] {dagbag.py:540} INFO - Filling up the DagBag from /home/airflow/.local/lib/python3.8/site-packages/airflow/example_dags/example_xcom.py
[2024-04-04T21:50:06.907+0000] {processor.py:840} INFO - DAG(s) 'example_xcom' retrieved from /home/airflow/.local/lib/python3.8/site-packages/airflow/example_dags/example_xcom.py
[2024-04-04T21:50:06.926+0000] {logging_mixin.py:188} INFO - [2024-04-04T21:50:06.926+0000] {dag.py:3047} INFO - Sync 1 DAGs
[2024-04-04T21:50:06.945+0000] {logging_mixin.py:188} INFO - [2024-04-04T21:50:06.945+0000] {dag.py:3834} INFO - Setting next_dagrun for example_xcom to 2021-01-01 00:00:00+00:00, run_after=2021-01-01 00:00:00+00:00
[2024-04-04T21:50:06.965+0000] {processor.py:183} INFO - Processing /home/airflow/.local/lib/python3.8/site-packages/airflow/example_dags/example_xcom.py took 0.070 seconds
[2024-04-04T21:50:37.217+0000] {processor.py:161} INFO - Started process (PID=1528) to work on /home/airflow/.local/lib/python3.8/site-packages/airflow/example_dags/example_xcom.py
[2024-04-04T21:50:37.218+0000] {processor.py:830} INFO - Processing file /home/airflow/.local/lib/python3.8/site-packages/airflow/example_dags/example_xcom.py for tasks to queue
[2024-04-04T21:50:37.220+0000] {logging_mixin.py:188} INFO - [2024-04-04T21:50:37.219+0000] {dagbag.py:540} INFO - Filling up the DagBag from /home/airflow/.local/lib/python3.8/site-packages/airflow/example_dags/example_xcom.py
[2024-04-04T21:50:37.225+0000] {processor.py:840} INFO - DAG(s) 'example_xcom' retrieved from /home/airflow/.local/lib/python3.8/site-packages/airflow/example_dags/example_xcom.py
[2024-04-04T21:50:37.243+0000] {logging_mixin.py:188} INFO - [2024-04-04T21:50:37.243+0000] {dag.py:3047} INFO - Sync 1 DAGs
[2024-04-04T21:50:37.264+0000] {logging_mixin.py:188} INFO - [2024-04-04T21:50:37.264+0000] {dag.py:3834} INFO - Setting next_dagrun for example_xcom to 2021-01-01 00:00:00+00:00, run_after=2021-01-01 00:00:00+00:00
[2024-04-04T21:50:37.284+0000] {processor.py:183} INFO - Processing /home/airflow/.local/lib/python3.8/site-packages/airflow/example_dags/example_xcom.py took 0.070 seconds
[2024-04-04T21:51:07.831+0000] {processor.py:161} INFO - Started process (PID=1583) to work on /home/airflow/.local/lib/python3.8/site-packages/airflow/example_dags/example_xcom.py
[2024-04-04T21:51:07.832+0000] {processor.py:830} INFO - Processing file /home/airflow/.local/lib/python3.8/site-packages/airflow/example_dags/example_xcom.py for tasks to queue
[2024-04-04T21:51:07.833+0000] {logging_mixin.py:188} INFO - [2024-04-04T21:51:07.833+0000] {dagbag.py:540} INFO - Filling up the DagBag from /home/airflow/.local/lib/python3.8/site-packages/airflow/example_dags/example_xcom.py
[2024-04-04T21:51:07.839+0000] {processor.py:840} INFO - DAG(s) 'example_xcom' retrieved from /home/airflow/.local/lib/python3.8/site-packages/airflow/example_dags/example_xcom.py
[2024-04-04T21:51:07.854+0000] {logging_mixin.py:188} INFO - [2024-04-04T21:51:07.854+0000] {dag.py:3047} INFO - Sync 1 DAGs
[2024-04-04T21:51:07.871+0000] {logging_mixin.py:188} INFO - [2024-04-04T21:51:07.870+0000] {dag.py:3834} INFO - Setting next_dagrun for example_xcom to 2021-01-01 00:00:00+00:00, run_after=2021-01-01 00:00:00+00:00
[2024-04-04T21:51:07.889+0000] {processor.py:183} INFO - Processing /home/airflow/.local/lib/python3.8/site-packages/airflow/example_dags/example_xcom.py took 0.060 seconds
[2024-04-04T21:51:38.140+0000] {processor.py:161} INFO - Started process (PID=1638) to work on /home/airflow/.local/lib/python3.8/site-packages/airflow/example_dags/example_xcom.py
[2024-04-04T21:51:38.141+0000] {processor.py:830} INFO - Processing file /home/airflow/.local/lib/python3.8/site-packages/airflow/example_dags/example_xcom.py for tasks to queue
[2024-04-04T21:51:38.142+0000] {logging_mixin.py:188} INFO - [2024-04-04T21:51:38.142+0000] {dagbag.py:540} INFO - Filling up the DagBag from /home/airflow/.local/lib/python3.8/site-packages/airflow/example_dags/example_xcom.py
[2024-04-04T21:51:38.147+0000] {processor.py:840} INFO - DAG(s) 'example_xcom' retrieved from /home/airflow/.local/lib/python3.8/site-packages/airflow/example_dags/example_xcom.py
[2024-04-04T21:51:38.163+0000] {logging_mixin.py:188} INFO - [2024-04-04T21:51:38.163+0000] {dag.py:3047} INFO - Sync 1 DAGs
[2024-04-04T21:51:38.179+0000] {logging_mixin.py:188} INFO - [2024-04-04T21:51:38.178+0000] {dag.py:3834} INFO - Setting next_dagrun for example_xcom to 2021-01-01 00:00:00+00:00, run_after=2021-01-01 00:00:00+00:00
[2024-04-04T21:51:38.196+0000] {processor.py:183} INFO - Processing /home/airflow/.local/lib/python3.8/site-packages/airflow/example_dags/example_xcom.py took 0.057 seconds
[2024-04-04T21:52:08.477+0000] {processor.py:161} INFO - Started process (PID=1693) to work on /home/airflow/.local/lib/python3.8/site-packages/airflow/example_dags/example_xcom.py
[2024-04-04T21:52:08.478+0000] {processor.py:830} INFO - Processing file /home/airflow/.local/lib/python3.8/site-packages/airflow/example_dags/example_xcom.py for tasks to queue
[2024-04-04T21:52:08.479+0000] {logging_mixin.py:188} INFO - [2024-04-04T21:52:08.479+0000] {dagbag.py:540} INFO - Filling up the DagBag from /home/airflow/.local/lib/python3.8/site-packages/airflow/example_dags/example_xcom.py
[2024-04-04T21:52:08.484+0000] {processor.py:840} INFO - DAG(s) 'example_xcom' retrieved from /home/airflow/.local/lib/python3.8/site-packages/airflow/example_dags/example_xcom.py
[2024-04-04T21:52:08.501+0000] {logging_mixin.py:188} INFO - [2024-04-04T21:52:08.500+0000] {dag.py:3047} INFO - Sync 1 DAGs
[2024-04-04T21:52:08.520+0000] {logging_mixin.py:188} INFO - [2024-04-04T21:52:08.520+0000] {dag.py:3834} INFO - Setting next_dagrun for example_xcom to 2021-01-01 00:00:00+00:00, run_after=2021-01-01 00:00:00+00:00
[2024-04-04T21:52:08.540+0000] {processor.py:183} INFO - Processing /home/airflow/.local/lib/python3.8/site-packages/airflow/example_dags/example_xcom.py took 0.066 seconds
[2024-04-04T21:52:38.727+0000] {processor.py:161} INFO - Started process (PID=1748) to work on /home/airflow/.local/lib/python3.8/site-packages/airflow/example_dags/example_xcom.py
[2024-04-04T21:52:38.728+0000] {processor.py:830} INFO - Processing file /home/airflow/.local/lib/python3.8/site-packages/airflow/example_dags/example_xcom.py for tasks to queue
[2024-04-04T21:52:38.729+0000] {logging_mixin.py:188} INFO - [2024-04-04T21:52:38.729+0000] {dagbag.py:540} INFO - Filling up the DagBag from /home/airflow/.local/lib/python3.8/site-packages/airflow/example_dags/example_xcom.py
[2024-04-04T21:52:38.736+0000] {processor.py:840} INFO - DAG(s) 'example_xcom' retrieved from /home/airflow/.local/lib/python3.8/site-packages/airflow/example_dags/example_xcom.py
[2024-04-04T21:52:38.752+0000] {logging_mixin.py:188} INFO - [2024-04-04T21:52:38.752+0000] {dag.py:3047} INFO - Sync 1 DAGs
[2024-04-04T21:52:38.770+0000] {logging_mixin.py:188} INFO - [2024-04-04T21:52:38.770+0000] {dag.py:3834} INFO - Setting next_dagrun for example_xcom to 2021-01-01 00:00:00+00:00, run_after=2021-01-01 00:00:00+00:00
[2024-04-04T21:52:38.787+0000] {processor.py:183} INFO - Processing /home/airflow/.local/lib/python3.8/site-packages/airflow/example_dags/example_xcom.py took 0.063 seconds
[2024-04-04T21:53:09.088+0000] {processor.py:161} INFO - Started process (PID=1803) to work on /home/airflow/.local/lib/python3.8/site-packages/airflow/example_dags/example_xcom.py
[2024-04-04T21:53:09.089+0000] {processor.py:830} INFO - Processing file /home/airflow/.local/lib/python3.8/site-packages/airflow/example_dags/example_xcom.py for tasks to queue
[2024-04-04T21:53:09.090+0000] {logging_mixin.py:188} INFO - [2024-04-04T21:53:09.090+0000] {dagbag.py:540} INFO - Filling up the DagBag from /home/airflow/.local/lib/python3.8/site-packages/airflow/example_dags/example_xcom.py
[2024-04-04T21:53:09.095+0000] {processor.py:840} INFO - DAG(s) 'example_xcom' retrieved from /home/airflow/.local/lib/python3.8/site-packages/airflow/example_dags/example_xcom.py
[2024-04-04T21:53:09.110+0000] {logging_mixin.py:188} INFO - [2024-04-04T21:53:09.110+0000] {dag.py:3047} INFO - Sync 1 DAGs
[2024-04-04T21:53:09.125+0000] {logging_mixin.py:188} INFO - [2024-04-04T21:53:09.125+0000] {dag.py:3834} INFO - Setting next_dagrun for example_xcom to 2021-01-01 00:00:00+00:00, run_after=2021-01-01 00:00:00+00:00
[2024-04-04T21:53:09.140+0000] {processor.py:183} INFO - Processing /home/airflow/.local/lib/python3.8/site-packages/airflow/example_dags/example_xcom.py took 0.054 seconds
[2024-04-04T21:53:39.333+0000] {processor.py:161} INFO - Started process (PID=1858) to work on /home/airflow/.local/lib/python3.8/site-packages/airflow/example_dags/example_xcom.py
[2024-04-04T21:53:39.334+0000] {processor.py:830} INFO - Processing file /home/airflow/.local/lib/python3.8/site-packages/airflow/example_dags/example_xcom.py for tasks to queue
[2024-04-04T21:53:39.336+0000] {logging_mixin.py:188} INFO - [2024-04-04T21:53:39.336+0000] {dagbag.py:540} INFO - Filling up the DagBag from /home/airflow/.local/lib/python3.8/site-packages/airflow/example_dags/example_xcom.py
[2024-04-04T21:53:39.341+0000] {processor.py:840} INFO - DAG(s) 'example_xcom' retrieved from /home/airflow/.local/lib/python3.8/site-packages/airflow/example_dags/example_xcom.py
[2024-04-04T21:53:39.356+0000] {logging_mixin.py:188} INFO - [2024-04-04T21:53:39.356+0000] {dag.py:3047} INFO - Sync 1 DAGs
[2024-04-04T21:53:39.372+0000] {logging_mixin.py:188} INFO - [2024-04-04T21:53:39.372+0000] {dag.py:3834} INFO - Setting next_dagrun for example_xcom to 2021-01-01 00:00:00+00:00, run_after=2021-01-01 00:00:00+00:00
[2024-04-04T21:53:39.388+0000] {processor.py:183} INFO - Processing /home/airflow/.local/lib/python3.8/site-packages/airflow/example_dags/example_xcom.py took 0.056 seconds
[2024-04-04T21:54:09.471+0000] {processor.py:161} INFO - Started process (PID=1913) to work on /home/airflow/.local/lib/python3.8/site-packages/airflow/example_dags/example_xcom.py
[2024-04-04T21:54:09.472+0000] {processor.py:830} INFO - Processing file /home/airflow/.local/lib/python3.8/site-packages/airflow/example_dags/example_xcom.py for tasks to queue
[2024-04-04T21:54:09.473+0000] {logging_mixin.py:188} INFO - [2024-04-04T21:54:09.473+0000] {dagbag.py:540} INFO - Filling up the DagBag from /home/airflow/.local/lib/python3.8/site-packages/airflow/example_dags/example_xcom.py
[2024-04-04T21:54:09.479+0000] {processor.py:840} INFO - DAG(s) 'example_xcom' retrieved from /home/airflow/.local/lib/python3.8/site-packages/airflow/example_dags/example_xcom.py
[2024-04-04T21:54:09.494+0000] {logging_mixin.py:188} INFO - [2024-04-04T21:54:09.494+0000] {dag.py:3047} INFO - Sync 1 DAGs
[2024-04-04T21:54:09.511+0000] {logging_mixin.py:188} INFO - [2024-04-04T21:54:09.511+0000] {dag.py:3834} INFO - Setting next_dagrun for example_xcom to 2021-01-01 00:00:00+00:00, run_after=2021-01-01 00:00:00+00:00
[2024-04-04T21:54:09.526+0000] {processor.py:183} INFO - Processing /home/airflow/.local/lib/python3.8/site-packages/airflow/example_dags/example_xcom.py took 0.057 seconds
[2024-04-04T21:54:39.604+0000] {processor.py:161} INFO - Started process (PID=1968) to work on /home/airflow/.local/lib/python3.8/site-packages/airflow/example_dags/example_xcom.py
[2024-04-04T21:54:39.605+0000] {processor.py:830} INFO - Processing file /home/airflow/.local/lib/python3.8/site-packages/airflow/example_dags/example_xcom.py for tasks to queue
[2024-04-04T21:54:39.606+0000] {logging_mixin.py:188} INFO - [2024-04-04T21:54:39.606+0000] {dagbag.py:540} INFO - Filling up the DagBag from /home/airflow/.local/lib/python3.8/site-packages/airflow/example_dags/example_xcom.py
[2024-04-04T21:54:39.611+0000] {processor.py:840} INFO - DAG(s) 'example_xcom' retrieved from /home/airflow/.local/lib/python3.8/site-packages/airflow/example_dags/example_xcom.py
[2024-04-04T21:54:39.626+0000] {logging_mixin.py:188} INFO - [2024-04-04T21:54:39.625+0000] {dag.py:3047} INFO - Sync 1 DAGs
[2024-04-04T21:54:39.641+0000] {logging_mixin.py:188} INFO - [2024-04-04T21:54:39.641+0000] {dag.py:3834} INFO - Setting next_dagrun for example_xcom to 2021-01-01 00:00:00+00:00, run_after=2021-01-01 00:00:00+00:00
[2024-04-04T21:54:39.657+0000] {processor.py:183} INFO - Processing /home/airflow/.local/lib/python3.8/site-packages/airflow/example_dags/example_xcom.py took 0.055 seconds
[2024-04-04T21:55:10.037+0000] {processor.py:161} INFO - Started process (PID=2023) to work on /home/airflow/.local/lib/python3.8/site-packages/airflow/example_dags/example_xcom.py
[2024-04-04T21:55:10.038+0000] {processor.py:830} INFO - Processing file /home/airflow/.local/lib/python3.8/site-packages/airflow/example_dags/example_xcom.py for tasks to queue
[2024-04-04T21:55:10.039+0000] {logging_mixin.py:188} INFO - [2024-04-04T21:55:10.039+0000] {dagbag.py:540} INFO - Filling up the DagBag from /home/airflow/.local/lib/python3.8/site-packages/airflow/example_dags/example_xcom.py
[2024-04-04T21:55:10.044+0000] {processor.py:840} INFO - DAG(s) 'example_xcom' retrieved from /home/airflow/.local/lib/python3.8/site-packages/airflow/example_dags/example_xcom.py
[2024-04-04T21:55:10.059+0000] {logging_mixin.py:188} INFO - [2024-04-04T21:55:10.059+0000] {dag.py:3047} INFO - Sync 1 DAGs
[2024-04-04T21:55:10.075+0000] {logging_mixin.py:188} INFO - [2024-04-04T21:55:10.075+0000] {dag.py:3834} INFO - Setting next_dagrun for example_xcom to 2021-01-01 00:00:00+00:00, run_after=2021-01-01 00:00:00+00:00
[2024-04-04T21:55:10.089+0000] {processor.py:183} INFO - Processing /home/airflow/.local/lib/python3.8/site-packages/airflow/example_dags/example_xcom.py took 0.053 seconds
[2024-04-04T21:55:40.199+0000] {processor.py:161} INFO - Started process (PID=2078) to work on /home/airflow/.local/lib/python3.8/site-packages/airflow/example_dags/example_xcom.py
[2024-04-04T21:55:40.201+0000] {processor.py:830} INFO - Processing file /home/airflow/.local/lib/python3.8/site-packages/airflow/example_dags/example_xcom.py for tasks to queue
[2024-04-04T21:55:40.203+0000] {logging_mixin.py:188} INFO - [2024-04-04T21:55:40.202+0000] {dagbag.py:540} INFO - Filling up the DagBag from /home/airflow/.local/lib/python3.8/site-packages/airflow/example_dags/example_xcom.py
[2024-04-04T21:55:40.214+0000] {processor.py:840} INFO - DAG(s) 'example_xcom' retrieved from /home/airflow/.local/lib/python3.8/site-packages/airflow/example_dags/example_xcom.py
[2024-04-04T21:55:40.236+0000] {logging_mixin.py:188} INFO - [2024-04-04T21:55:40.236+0000] {dag.py:3047} INFO - Sync 1 DAGs
[2024-04-04T21:55:40.253+0000] {logging_mixin.py:188} INFO - [2024-04-04T21:55:40.252+0000] {dag.py:3834} INFO - Setting next_dagrun for example_xcom to 2021-01-01 00:00:00+00:00, run_after=2021-01-01 00:00:00+00:00
[2024-04-04T21:55:40.268+0000] {processor.py:183} INFO - Processing /home/airflow/.local/lib/python3.8/site-packages/airflow/example_dags/example_xcom.py took 0.071 seconds
[2024-04-04T21:56:10.398+0000] {processor.py:161} INFO - Started process (PID=2133) to work on /home/airflow/.local/lib/python3.8/site-packages/airflow/example_dags/example_xcom.py
[2024-04-04T21:56:10.399+0000] {processor.py:830} INFO - Processing file /home/airflow/.local/lib/python3.8/site-packages/airflow/example_dags/example_xcom.py for tasks to queue
[2024-04-04T21:56:10.400+0000] {logging_mixin.py:188} INFO - [2024-04-04T21:56:10.400+0000] {dagbag.py:540} INFO - Filling up the DagBag from /home/airflow/.local/lib/python3.8/site-packages/airflow/example_dags/example_xcom.py
[2024-04-04T21:56:10.405+0000] {processor.py:840} INFO - DAG(s) 'example_xcom' retrieved from /home/airflow/.local/lib/python3.8/site-packages/airflow/example_dags/example_xcom.py
[2024-04-04T21:56:10.421+0000] {logging_mixin.py:188} INFO - [2024-04-04T21:56:10.420+0000] {dag.py:3047} INFO - Sync 1 DAGs
[2024-04-04T21:56:10.436+0000] {logging_mixin.py:188} INFO - [2024-04-04T21:56:10.436+0000] {dag.py:3834} INFO - Setting next_dagrun for example_xcom to 2021-01-01 00:00:00+00:00, run_after=2021-01-01 00:00:00+00:00
[2024-04-04T21:56:10.451+0000] {processor.py:183} INFO - Processing /home/airflow/.local/lib/python3.8/site-packages/airflow/example_dags/example_xcom.py took 0.055 seconds
[2024-04-04T21:56:40.703+0000] {processor.py:161} INFO - Started process (PID=2188) to work on /home/airflow/.local/lib/python3.8/site-packages/airflow/example_dags/example_xcom.py
[2024-04-04T21:56:40.704+0000] {processor.py:830} INFO - Processing file /home/airflow/.local/lib/python3.8/site-packages/airflow/example_dags/example_xcom.py for tasks to queue
[2024-04-04T21:56:40.706+0000] {logging_mixin.py:188} INFO - [2024-04-04T21:56:40.706+0000] {dagbag.py:540} INFO - Filling up the DagBag from /home/airflow/.local/lib/python3.8/site-packages/airflow/example_dags/example_xcom.py
[2024-04-04T21:56:40.713+0000] {processor.py:840} INFO - DAG(s) 'example_xcom' retrieved from /home/airflow/.local/lib/python3.8/site-packages/airflow/example_dags/example_xcom.py
[2024-04-04T21:56:40.729+0000] {logging_mixin.py:188} INFO - [2024-04-04T21:56:40.729+0000] {dag.py:3047} INFO - Sync 1 DAGs
[2024-04-04T21:56:40.750+0000] {logging_mixin.py:188} INFO - [2024-04-04T21:56:40.750+0000] {dag.py:3834} INFO - Setting next_dagrun for example_xcom to 2021-01-01 00:00:00+00:00, run_after=2021-01-01 00:00:00+00:00
[2024-04-04T21:56:40.773+0000] {processor.py:183} INFO - Processing /home/airflow/.local/lib/python3.8/site-packages/airflow/example_dags/example_xcom.py took 0.072 seconds
[2024-04-04T21:57:10.844+0000] {processor.py:161} INFO - Started process (PID=2243) to work on /home/airflow/.local/lib/python3.8/site-packages/airflow/example_dags/example_xcom.py
[2024-04-04T21:57:10.845+0000] {processor.py:830} INFO - Processing file /home/airflow/.local/lib/python3.8/site-packages/airflow/example_dags/example_xcom.py for tasks to queue
[2024-04-04T21:57:10.846+0000] {logging_mixin.py:188} INFO - [2024-04-04T21:57:10.846+0000] {dagbag.py:540} INFO - Filling up the DagBag from /home/airflow/.local/lib/python3.8/site-packages/airflow/example_dags/example_xcom.py
[2024-04-04T21:57:10.852+0000] {processor.py:840} INFO - DAG(s) 'example_xcom' retrieved from /home/airflow/.local/lib/python3.8/site-packages/airflow/example_dags/example_xcom.py
[2024-04-04T21:57:10.867+0000] {logging_mixin.py:188} INFO - [2024-04-04T21:57:10.867+0000] {dag.py:3047} INFO - Sync 1 DAGs
[2024-04-04T21:57:10.883+0000] {logging_mixin.py:188} INFO - [2024-04-04T21:57:10.883+0000] {dag.py:3834} INFO - Setting next_dagrun for example_xcom to 2021-01-01 00:00:00+00:00, run_after=2021-01-01 00:00:00+00:00
[2024-04-04T21:57:10.900+0000] {processor.py:183} INFO - Processing /home/airflow/.local/lib/python3.8/site-packages/airflow/example_dags/example_xcom.py took 0.058 seconds
[2024-04-04T21:57:41.151+0000] {processor.py:161} INFO - Started process (PID=2298) to work on /home/airflow/.local/lib/python3.8/site-packages/airflow/example_dags/example_xcom.py
[2024-04-04T21:57:41.152+0000] {processor.py:830} INFO - Processing file /home/airflow/.local/lib/python3.8/site-packages/airflow/example_dags/example_xcom.py for tasks to queue
[2024-04-04T21:57:41.153+0000] {logging_mixin.py:188} INFO - [2024-04-04T21:57:41.153+0000] {dagbag.py:540} INFO - Filling up the DagBag from /home/airflow/.local/lib/python3.8/site-packages/airflow/example_dags/example_xcom.py
[2024-04-04T21:57:41.159+0000] {processor.py:840} INFO - DAG(s) 'example_xcom' retrieved from /home/airflow/.local/lib/python3.8/site-packages/airflow/example_dags/example_xcom.py
[2024-04-04T21:57:41.178+0000] {logging_mixin.py:188} INFO - [2024-04-04T21:57:41.178+0000] {dag.py:3047} INFO - Sync 1 DAGs
[2024-04-04T21:57:41.198+0000] {logging_mixin.py:188} INFO - [2024-04-04T21:57:41.198+0000] {dag.py:3834} INFO - Setting next_dagrun for example_xcom to 2021-01-01 00:00:00+00:00, run_after=2021-01-01 00:00:00+00:00
[2024-04-04T21:57:41.217+0000] {processor.py:183} INFO - Processing /home/airflow/.local/lib/python3.8/site-packages/airflow/example_dags/example_xcom.py took 0.069 seconds
[2024-04-04T21:58:11.358+0000] {processor.py:161} INFO - Started process (PID=2353) to work on /home/airflow/.local/lib/python3.8/site-packages/airflow/example_dags/example_xcom.py
[2024-04-04T21:58:11.359+0000] {processor.py:830} INFO - Processing file /home/airflow/.local/lib/python3.8/site-packages/airflow/example_dags/example_xcom.py for tasks to queue
[2024-04-04T21:58:11.360+0000] {logging_mixin.py:188} INFO - [2024-04-04T21:58:11.360+0000] {dagbag.py:540} INFO - Filling up the DagBag from /home/airflow/.local/lib/python3.8/site-packages/airflow/example_dags/example_xcom.py
[2024-04-04T21:58:11.366+0000] {processor.py:840} INFO - DAG(s) 'example_xcom' retrieved from /home/airflow/.local/lib/python3.8/site-packages/airflow/example_dags/example_xcom.py
[2024-04-04T21:58:11.382+0000] {logging_mixin.py:188} INFO - [2024-04-04T21:58:11.382+0000] {dag.py:3047} INFO - Sync 1 DAGs
[2024-04-04T21:58:11.400+0000] {logging_mixin.py:188} INFO - [2024-04-04T21:58:11.400+0000] {dag.py:3834} INFO - Setting next_dagrun for example_xcom to 2021-01-01 00:00:00+00:00, run_after=2021-01-01 00:00:00+00:00
[2024-04-04T21:58:11.417+0000] {processor.py:183} INFO - Processing /home/airflow/.local/lib/python3.8/site-packages/airflow/example_dags/example_xcom.py took 0.061 seconds
[2024-04-04T21:58:41.758+0000] {processor.py:161} INFO - Started process (PID=2408) to work on /home/airflow/.local/lib/python3.8/site-packages/airflow/example_dags/example_xcom.py
[2024-04-04T21:58:41.760+0000] {processor.py:830} INFO - Processing file /home/airflow/.local/lib/python3.8/site-packages/airflow/example_dags/example_xcom.py for tasks to queue
[2024-04-04T21:58:41.761+0000] {logging_mixin.py:188} INFO - [2024-04-04T21:58:41.761+0000] {dagbag.py:540} INFO - Filling up the DagBag from /home/airflow/.local/lib/python3.8/site-packages/airflow/example_dags/example_xcom.py
[2024-04-04T21:58:41.770+0000] {processor.py:840} INFO - DAG(s) 'example_xcom' retrieved from /home/airflow/.local/lib/python3.8/site-packages/airflow/example_dags/example_xcom.py
[2024-04-04T21:58:41.792+0000] {logging_mixin.py:188} INFO - [2024-04-04T21:58:41.792+0000] {dag.py:3047} INFO - Sync 1 DAGs
[2024-04-04T21:58:41.815+0000] {logging_mixin.py:188} INFO - [2024-04-04T21:58:41.815+0000] {dag.py:3834} INFO - Setting next_dagrun for example_xcom to 2021-01-01 00:00:00+00:00, run_after=2021-01-01 00:00:00+00:00
[2024-04-04T21:58:41.834+0000] {processor.py:183} INFO - Processing /home/airflow/.local/lib/python3.8/site-packages/airflow/example_dags/example_xcom.py took 0.078 seconds
[2024-04-04T21:59:13.082+0000] {processor.py:161} INFO - Started process (PID=2463) to work on /home/airflow/.local/lib/python3.8/site-packages/airflow/example_dags/example_xcom.py
[2024-04-04T21:59:13.133+0000] {processor.py:830} INFO - Processing file /home/airflow/.local/lib/python3.8/site-packages/airflow/example_dags/example_xcom.py for tasks to queue
[2024-04-04T21:59:13.136+0000] {logging_mixin.py:188} INFO - [2024-04-04T21:59:13.135+0000] {dagbag.py:540} INFO - Filling up the DagBag from /home/airflow/.local/lib/python3.8/site-packages/airflow/example_dags/example_xcom.py
[2024-04-04T21:59:13.150+0000] {processor.py:840} INFO - DAG(s) 'example_xcom' retrieved from /home/airflow/.local/lib/python3.8/site-packages/airflow/example_dags/example_xcom.py
[2024-04-04T21:59:13.174+0000] {logging_mixin.py:188} INFO - [2024-04-04T21:59:13.173+0000] {dag.py:3047} INFO - Sync 1 DAGs
[2024-04-04T21:59:13.244+0000] {logging_mixin.py:188} INFO - [2024-04-04T21:59:13.244+0000] {dag.py:3834} INFO - Setting next_dagrun for example_xcom to 2021-01-01 00:00:00+00:00, run_after=2021-01-01 00:00:00+00:00
[2024-04-04T21:59:13.376+0000] {processor.py:183} INFO - Processing /home/airflow/.local/lib/python3.8/site-packages/airflow/example_dags/example_xcom.py took 0.298 seconds
[2024-04-04T21:59:44.221+0000] {processor.py:161} INFO - Started process (PID=2518) to work on /home/airflow/.local/lib/python3.8/site-packages/airflow/example_dags/example_xcom.py
[2024-04-04T21:59:44.223+0000] {processor.py:830} INFO - Processing file /home/airflow/.local/lib/python3.8/site-packages/airflow/example_dags/example_xcom.py for tasks to queue
[2024-04-04T21:59:44.225+0000] {logging_mixin.py:188} INFO - [2024-04-04T21:59:44.225+0000] {dagbag.py:540} INFO - Filling up the DagBag from /home/airflow/.local/lib/python3.8/site-packages/airflow/example_dags/example_xcom.py
[2024-04-04T21:59:44.234+0000] {processor.py:840} INFO - DAG(s) 'example_xcom' retrieved from /home/airflow/.local/lib/python3.8/site-packages/airflow/example_dags/example_xcom.py
[2024-04-04T21:59:44.257+0000] {logging_mixin.py:188} INFO - [2024-04-04T21:59:44.257+0000] {dag.py:3047} INFO - Sync 1 DAGs
[2024-04-04T21:59:44.277+0000] {logging_mixin.py:188} INFO - [2024-04-04T21:59:44.277+0000] {dag.py:3834} INFO - Setting next_dagrun for example_xcom to 2021-01-01 00:00:00+00:00, run_after=2021-01-01 00:00:00+00:00
[2024-04-04T21:59:44.298+0000] {processor.py:183} INFO - Processing /home/airflow/.local/lib/python3.8/site-packages/airflow/example_dags/example_xcom.py took 0.082 seconds
[2024-04-04T22:00:14.613+0000] {processor.py:161} INFO - Started process (PID=2572) to work on /home/airflow/.local/lib/python3.8/site-packages/airflow/example_dags/example_xcom.py
[2024-04-04T22:00:14.618+0000] {processor.py:830} INFO - Processing file /home/airflow/.local/lib/python3.8/site-packages/airflow/example_dags/example_xcom.py for tasks to queue
[2024-04-04T22:00:14.621+0000] {logging_mixin.py:188} INFO - [2024-04-04T22:00:14.620+0000] {dagbag.py:540} INFO - Filling up the DagBag from /home/airflow/.local/lib/python3.8/site-packages/airflow/example_dags/example_xcom.py
[2024-04-04T22:00:14.635+0000] {processor.py:840} INFO - DAG(s) 'example_xcom' retrieved from /home/airflow/.local/lib/python3.8/site-packages/airflow/example_dags/example_xcom.py
[2024-04-04T22:00:14.662+0000] {logging_mixin.py:188} INFO - [2024-04-04T22:00:14.662+0000] {dag.py:3047} INFO - Sync 1 DAGs
[2024-04-04T22:00:14.707+0000] {logging_mixin.py:188} INFO - [2024-04-04T22:00:14.707+0000] {dag.py:3834} INFO - Setting next_dagrun for example_xcom to 2021-01-01 00:00:00+00:00, run_after=2021-01-01 00:00:00+00:00
[2024-04-04T22:00:14.750+0000] {processor.py:183} INFO - Processing /home/airflow/.local/lib/python3.8/site-packages/airflow/example_dags/example_xcom.py took 0.143 seconds
[2024-04-04T22:00:44.895+0000] {processor.py:161} INFO - Started process (PID=2627) to work on /home/airflow/.local/lib/python3.8/site-packages/airflow/example_dags/example_xcom.py
[2024-04-04T22:00:44.927+0000] {processor.py:830} INFO - Processing file /home/airflow/.local/lib/python3.8/site-packages/airflow/example_dags/example_xcom.py for tasks to queue
[2024-04-04T22:00:44.939+0000] {logging_mixin.py:188} INFO - [2024-04-04T22:00:44.939+0000] {dagbag.py:540} INFO - Filling up the DagBag from /home/airflow/.local/lib/python3.8/site-packages/airflow/example_dags/example_xcom.py
