[2024-04-04T21:36:59.436+0000] {processor.py:161} INFO - Started process (PID=59) to work on /home/airflow/.local/lib/python3.8/site-packages/airflow/example_dags/example_setup_teardown.py
[2024-04-04T21:36:59.437+0000] {processor.py:830} INFO - Processing file /home/airflow/.local/lib/python3.8/site-packages/airflow/example_dags/example_setup_teardown.py for tasks to queue
[2024-04-04T21:36:59.439+0000] {logging_mixin.py:188} INFO - [2024-04-04T21:36:59.439+0000] {dagbag.py:540} INFO - Filling up the DagBag from /home/airflow/.local/lib/python3.8/site-packages/airflow/example_dags/example_setup_teardown.py
[2024-04-04T21:36:59.453+0000] {processor.py:840} INFO - DAG(s) 'example_setup_teardown' retrieved from /home/airflow/.local/lib/python3.8/site-packages/airflow/example_dags/example_setup_teardown.py
[2024-04-04T21:36:59.480+0000] {logging_mixin.py:188} INFO - [2024-04-04T21:36:59.480+0000] {dag.py:3047} INFO - Sync 1 DAGs
[2024-04-04T21:36:59.504+0000] {logging_mixin.py:188} INFO - [2024-04-04T21:36:59.503+0000] {dag.py:3834} INFO - Setting next_dagrun for example_setup_teardown to 2024-04-03 00:00:00+00:00, run_after=2024-04-04 00:00:00+00:00
[2024-04-04T21:36:59.523+0000] {processor.py:183} INFO - Processing /home/airflow/.local/lib/python3.8/site-packages/airflow/example_dags/example_setup_teardown.py took 0.089 seconds
[2024-04-04T21:37:30.139+0000] {processor.py:161} INFO - Started process (PID=114) to work on /home/airflow/.local/lib/python3.8/site-packages/airflow/example_dags/example_setup_teardown.py
[2024-04-04T21:37:30.140+0000] {processor.py:830} INFO - Processing file /home/airflow/.local/lib/python3.8/site-packages/airflow/example_dags/example_setup_teardown.py for tasks to queue
[2024-04-04T21:37:30.141+0000] {logging_mixin.py:188} INFO - [2024-04-04T21:37:30.141+0000] {dagbag.py:540} INFO - Filling up the DagBag from /home/airflow/.local/lib/python3.8/site-packages/airflow/example_dags/example_setup_teardown.py
[2024-04-04T21:37:30.146+0000] {processor.py:840} INFO - DAG(s) 'example_setup_teardown' retrieved from /home/airflow/.local/lib/python3.8/site-packages/airflow/example_dags/example_setup_teardown.py
[2024-04-04T21:37:30.161+0000] {logging_mixin.py:188} INFO - [2024-04-04T21:37:30.160+0000] {dag.py:3047} INFO - Sync 1 DAGs
[2024-04-04T21:37:30.176+0000] {logging_mixin.py:188} INFO - [2024-04-04T21:37:30.176+0000] {dag.py:3834} INFO - Setting next_dagrun for example_setup_teardown to 2024-04-03 00:00:00+00:00, run_after=2024-04-04 00:00:00+00:00
[2024-04-04T21:37:30.190+0000] {processor.py:183} INFO - Processing /home/airflow/.local/lib/python3.8/site-packages/airflow/example_dags/example_setup_teardown.py took 0.052 seconds
[2024-04-04T21:38:00.332+0000] {processor.py:161} INFO - Started process (PID=169) to work on /home/airflow/.local/lib/python3.8/site-packages/airflow/example_dags/example_setup_teardown.py
[2024-04-04T21:38:00.333+0000] {processor.py:830} INFO - Processing file /home/airflow/.local/lib/python3.8/site-packages/airflow/example_dags/example_setup_teardown.py for tasks to queue
[2024-04-04T21:38:00.334+0000] {logging_mixin.py:188} INFO - [2024-04-04T21:38:00.334+0000] {dagbag.py:540} INFO - Filling up the DagBag from /home/airflow/.local/lib/python3.8/site-packages/airflow/example_dags/example_setup_teardown.py
[2024-04-04T21:38:00.338+0000] {processor.py:840} INFO - DAG(s) 'example_setup_teardown' retrieved from /home/airflow/.local/lib/python3.8/site-packages/airflow/example_dags/example_setup_teardown.py
[2024-04-04T21:38:00.352+0000] {logging_mixin.py:188} INFO - [2024-04-04T21:38:00.352+0000] {dag.py:3047} INFO - Sync 1 DAGs
[2024-04-04T21:38:00.368+0000] {logging_mixin.py:188} INFO - [2024-04-04T21:38:00.367+0000] {dag.py:3834} INFO - Setting next_dagrun for example_setup_teardown to 2024-04-03 00:00:00+00:00, run_after=2024-04-04 00:00:00+00:00
[2024-04-04T21:38:00.380+0000] {processor.py:183} INFO - Processing /home/airflow/.local/lib/python3.8/site-packages/airflow/example_dags/example_setup_teardown.py took 0.050 seconds
[2024-04-04T21:38:30.677+0000] {processor.py:161} INFO - Started process (PID=224) to work on /home/airflow/.local/lib/python3.8/site-packages/airflow/example_dags/example_setup_teardown.py
[2024-04-04T21:38:30.678+0000] {processor.py:830} INFO - Processing file /home/airflow/.local/lib/python3.8/site-packages/airflow/example_dags/example_setup_teardown.py for tasks to queue
[2024-04-04T21:38:30.679+0000] {logging_mixin.py:188} INFO - [2024-04-04T21:38:30.679+0000] {dagbag.py:540} INFO - Filling up the DagBag from /home/airflow/.local/lib/python3.8/site-packages/airflow/example_dags/example_setup_teardown.py
[2024-04-04T21:38:30.683+0000] {processor.py:840} INFO - DAG(s) 'example_setup_teardown' retrieved from /home/airflow/.local/lib/python3.8/site-packages/airflow/example_dags/example_setup_teardown.py
[2024-04-04T21:38:30.698+0000] {logging_mixin.py:188} INFO - [2024-04-04T21:38:30.698+0000] {dag.py:3047} INFO - Sync 1 DAGs
[2024-04-04T21:38:30.714+0000] {logging_mixin.py:188} INFO - [2024-04-04T21:38:30.713+0000] {dag.py:3834} INFO - Setting next_dagrun for example_setup_teardown to 2024-04-03 00:00:00+00:00, run_after=2024-04-04 00:00:00+00:00
[2024-04-04T21:38:30.728+0000] {processor.py:183} INFO - Processing /home/airflow/.local/lib/python3.8/site-packages/airflow/example_dags/example_setup_teardown.py took 0.053 seconds
[2024-04-04T21:39:01.065+0000] {processor.py:161} INFO - Started process (PID=280) to work on /home/airflow/.local/lib/python3.8/site-packages/airflow/example_dags/example_setup_teardown.py
[2024-04-04T21:39:01.065+0000] {processor.py:830} INFO - Processing file /home/airflow/.local/lib/python3.8/site-packages/airflow/example_dags/example_setup_teardown.py for tasks to queue
[2024-04-04T21:39:01.066+0000] {logging_mixin.py:188} INFO - [2024-04-04T21:39:01.066+0000] {dagbag.py:540} INFO - Filling up the DagBag from /home/airflow/.local/lib/python3.8/site-packages/airflow/example_dags/example_setup_teardown.py
[2024-04-04T21:39:01.071+0000] {processor.py:840} INFO - DAG(s) 'example_setup_teardown' retrieved from /home/airflow/.local/lib/python3.8/site-packages/airflow/example_dags/example_setup_teardown.py
[2024-04-04T21:39:01.085+0000] {logging_mixin.py:188} INFO - [2024-04-04T21:39:01.085+0000] {dag.py:3047} INFO - Sync 1 DAGs
[2024-04-04T21:39:01.101+0000] {logging_mixin.py:188} INFO - [2024-04-04T21:39:01.101+0000] {dag.py:3834} INFO - Setting next_dagrun for example_setup_teardown to 2024-04-03 00:00:00+00:00, run_after=2024-04-04 00:00:00+00:00
[2024-04-04T21:39:01.114+0000] {processor.py:183} INFO - Processing /home/airflow/.local/lib/python3.8/site-packages/airflow/example_dags/example_setup_teardown.py took 0.051 seconds
[2024-04-04T21:39:31.206+0000] {processor.py:161} INFO - Started process (PID=335) to work on /home/airflow/.local/lib/python3.8/site-packages/airflow/example_dags/example_setup_teardown.py
[2024-04-04T21:39:31.207+0000] {processor.py:830} INFO - Processing file /home/airflow/.local/lib/python3.8/site-packages/airflow/example_dags/example_setup_teardown.py for tasks to queue
[2024-04-04T21:39:31.208+0000] {logging_mixin.py:188} INFO - [2024-04-04T21:39:31.208+0000] {dagbag.py:540} INFO - Filling up the DagBag from /home/airflow/.local/lib/python3.8/site-packages/airflow/example_dags/example_setup_teardown.py
[2024-04-04T21:39:31.213+0000] {processor.py:840} INFO - DAG(s) 'example_setup_teardown' retrieved from /home/airflow/.local/lib/python3.8/site-packages/airflow/example_dags/example_setup_teardown.py
[2024-04-04T21:39:31.227+0000] {logging_mixin.py:188} INFO - [2024-04-04T21:39:31.227+0000] {dag.py:3047} INFO - Sync 1 DAGs
[2024-04-04T21:39:31.245+0000] {logging_mixin.py:188} INFO - [2024-04-04T21:39:31.245+0000] {dag.py:3834} INFO - Setting next_dagrun for example_setup_teardown to 2024-04-03 00:00:00+00:00, run_after=2024-04-04 00:00:00+00:00
[2024-04-04T21:39:31.259+0000] {processor.py:183} INFO - Processing /home/airflow/.local/lib/python3.8/site-packages/airflow/example_dags/example_setup_teardown.py took 0.055 seconds
[2024-04-04T21:40:01.478+0000] {processor.py:161} INFO - Started process (PID=390) to work on /home/airflow/.local/lib/python3.8/site-packages/airflow/example_dags/example_setup_teardown.py
[2024-04-04T21:40:01.479+0000] {processor.py:830} INFO - Processing file /home/airflow/.local/lib/python3.8/site-packages/airflow/example_dags/example_setup_teardown.py for tasks to queue
[2024-04-04T21:40:01.480+0000] {logging_mixin.py:188} INFO - [2024-04-04T21:40:01.480+0000] {dagbag.py:540} INFO - Filling up the DagBag from /home/airflow/.local/lib/python3.8/site-packages/airflow/example_dags/example_setup_teardown.py
[2024-04-04T21:40:01.485+0000] {processor.py:840} INFO - DAG(s) 'example_setup_teardown' retrieved from /home/airflow/.local/lib/python3.8/site-packages/airflow/example_dags/example_setup_teardown.py
[2024-04-04T21:40:01.499+0000] {logging_mixin.py:188} INFO - [2024-04-04T21:40:01.499+0000] {dag.py:3047} INFO - Sync 1 DAGs
[2024-04-04T21:40:01.519+0000] {logging_mixin.py:188} INFO - [2024-04-04T21:40:01.519+0000] {dag.py:3834} INFO - Setting next_dagrun for example_setup_teardown to 2024-04-03 00:00:00+00:00, run_after=2024-04-04 00:00:00+00:00
[2024-04-04T21:40:01.533+0000] {processor.py:183} INFO - Processing /home/airflow/.local/lib/python3.8/site-packages/airflow/example_dags/example_setup_teardown.py took 0.057 seconds
[2024-04-04T21:40:31.658+0000] {processor.py:161} INFO - Started process (PID=445) to work on /home/airflow/.local/lib/python3.8/site-packages/airflow/example_dags/example_setup_teardown.py
[2024-04-04T21:40:31.659+0000] {processor.py:830} INFO - Processing file /home/airflow/.local/lib/python3.8/site-packages/airflow/example_dags/example_setup_teardown.py for tasks to queue
[2024-04-04T21:40:31.660+0000] {logging_mixin.py:188} INFO - [2024-04-04T21:40:31.660+0000] {dagbag.py:540} INFO - Filling up the DagBag from /home/airflow/.local/lib/python3.8/site-packages/airflow/example_dags/example_setup_teardown.py
[2024-04-04T21:40:31.664+0000] {processor.py:840} INFO - DAG(s) 'example_setup_teardown' retrieved from /home/airflow/.local/lib/python3.8/site-packages/airflow/example_dags/example_setup_teardown.py
[2024-04-04T21:40:31.680+0000] {logging_mixin.py:188} INFO - [2024-04-04T21:40:31.680+0000] {dag.py:3047} INFO - Sync 1 DAGs
[2024-04-04T21:40:31.696+0000] {logging_mixin.py:188} INFO - [2024-04-04T21:40:31.696+0000] {dag.py:3834} INFO - Setting next_dagrun for example_setup_teardown to 2024-04-03 00:00:00+00:00, run_after=2024-04-04 00:00:00+00:00
[2024-04-04T21:40:31.712+0000] {processor.py:183} INFO - Processing /home/airflow/.local/lib/python3.8/site-packages/airflow/example_dags/example_setup_teardown.py took 0.057 seconds
[2024-04-04T21:41:01.966+0000] {processor.py:161} INFO - Started process (PID=500) to work on /home/airflow/.local/lib/python3.8/site-packages/airflow/example_dags/example_setup_teardown.py
[2024-04-04T21:41:01.967+0000] {processor.py:830} INFO - Processing file /home/airflow/.local/lib/python3.8/site-packages/airflow/example_dags/example_setup_teardown.py for tasks to queue
[2024-04-04T21:41:01.968+0000] {logging_mixin.py:188} INFO - [2024-04-04T21:41:01.968+0000] {dagbag.py:540} INFO - Filling up the DagBag from /home/airflow/.local/lib/python3.8/site-packages/airflow/example_dags/example_setup_teardown.py
[2024-04-04T21:41:01.973+0000] {processor.py:840} INFO - DAG(s) 'example_setup_teardown' retrieved from /home/airflow/.local/lib/python3.8/site-packages/airflow/example_dags/example_setup_teardown.py
[2024-04-04T21:41:01.988+0000] {logging_mixin.py:188} INFO - [2024-04-04T21:41:01.987+0000] {dag.py:3047} INFO - Sync 1 DAGs
[2024-04-04T21:41:02.004+0000] {logging_mixin.py:188} INFO - [2024-04-04T21:41:02.003+0000] {dag.py:3834} INFO - Setting next_dagrun for example_setup_teardown to 2024-04-03 00:00:00+00:00, run_after=2024-04-04 00:00:00+00:00
[2024-04-04T21:41:02.018+0000] {processor.py:183} INFO - Processing /home/airflow/.local/lib/python3.8/site-packages/airflow/example_dags/example_setup_teardown.py took 0.054 seconds
[2024-04-04T21:41:32.386+0000] {processor.py:161} INFO - Started process (PID=555) to work on /home/airflow/.local/lib/python3.8/site-packages/airflow/example_dags/example_setup_teardown.py
[2024-04-04T21:41:32.387+0000] {processor.py:830} INFO - Processing file /home/airflow/.local/lib/python3.8/site-packages/airflow/example_dags/example_setup_teardown.py for tasks to queue
[2024-04-04T21:41:32.388+0000] {logging_mixin.py:188} INFO - [2024-04-04T21:41:32.388+0000] {dagbag.py:540} INFO - Filling up the DagBag from /home/airflow/.local/lib/python3.8/site-packages/airflow/example_dags/example_setup_teardown.py
[2024-04-04T21:41:32.393+0000] {processor.py:840} INFO - DAG(s) 'example_setup_teardown' retrieved from /home/airflow/.local/lib/python3.8/site-packages/airflow/example_dags/example_setup_teardown.py
[2024-04-04T21:41:32.409+0000] {logging_mixin.py:188} INFO - [2024-04-04T21:41:32.408+0000] {dag.py:3047} INFO - Sync 1 DAGs
[2024-04-04T21:41:32.425+0000] {logging_mixin.py:188} INFO - [2024-04-04T21:41:32.425+0000] {dag.py:3834} INFO - Setting next_dagrun for example_setup_teardown to 2024-04-03 00:00:00+00:00, run_after=2024-04-04 00:00:00+00:00
[2024-04-04T21:41:32.441+0000] {processor.py:183} INFO - Processing /home/airflow/.local/lib/python3.8/site-packages/airflow/example_dags/example_setup_teardown.py took 0.058 seconds
[2024-04-04T21:42:02.779+0000] {processor.py:161} INFO - Started process (PID=610) to work on /home/airflow/.local/lib/python3.8/site-packages/airflow/example_dags/example_setup_teardown.py
[2024-04-04T21:42:02.780+0000] {processor.py:830} INFO - Processing file /home/airflow/.local/lib/python3.8/site-packages/airflow/example_dags/example_setup_teardown.py for tasks to queue
[2024-04-04T21:42:02.781+0000] {logging_mixin.py:188} INFO - [2024-04-04T21:42:02.781+0000] {dagbag.py:540} INFO - Filling up the DagBag from /home/airflow/.local/lib/python3.8/site-packages/airflow/example_dags/example_setup_teardown.py
[2024-04-04T21:42:02.786+0000] {processor.py:840} INFO - DAG(s) 'example_setup_teardown' retrieved from /home/airflow/.local/lib/python3.8/site-packages/airflow/example_dags/example_setup_teardown.py
[2024-04-04T21:42:02.800+0000] {logging_mixin.py:188} INFO - [2024-04-04T21:42:02.800+0000] {dag.py:3047} INFO - Sync 1 DAGs
[2024-04-04T21:42:02.816+0000] {logging_mixin.py:188} INFO - [2024-04-04T21:42:02.816+0000] {dag.py:3834} INFO - Setting next_dagrun for example_setup_teardown to 2024-04-03 00:00:00+00:00, run_after=2024-04-04 00:00:00+00:00
[2024-04-04T21:42:02.830+0000] {processor.py:183} INFO - Processing /home/airflow/.local/lib/python3.8/site-packages/airflow/example_dags/example_setup_teardown.py took 0.053 seconds
[2024-04-04T21:42:33.453+0000] {processor.py:161} INFO - Started process (PID=666) to work on /home/airflow/.local/lib/python3.8/site-packages/airflow/example_dags/example_setup_teardown.py
[2024-04-04T21:42:33.454+0000] {processor.py:830} INFO - Processing file /home/airflow/.local/lib/python3.8/site-packages/airflow/example_dags/example_setup_teardown.py for tasks to queue
[2024-04-04T21:42:33.455+0000] {logging_mixin.py:188} INFO - [2024-04-04T21:42:33.455+0000] {dagbag.py:540} INFO - Filling up the DagBag from /home/airflow/.local/lib/python3.8/site-packages/airflow/example_dags/example_setup_teardown.py
[2024-04-04T21:42:33.460+0000] {processor.py:840} INFO - DAG(s) 'example_setup_teardown' retrieved from /home/airflow/.local/lib/python3.8/site-packages/airflow/example_dags/example_setup_teardown.py
[2024-04-04T21:42:33.477+0000] {logging_mixin.py:188} INFO - [2024-04-04T21:42:33.476+0000] {dag.py:3047} INFO - Sync 1 DAGs
[2024-04-04T21:42:33.493+0000] {logging_mixin.py:188} INFO - [2024-04-04T21:42:33.493+0000] {dag.py:3834} INFO - Setting next_dagrun for example_setup_teardown to 2024-04-03 00:00:00+00:00, run_after=2024-04-04 00:00:00+00:00
[2024-04-04T21:42:33.509+0000] {processor.py:183} INFO - Processing /home/airflow/.local/lib/python3.8/site-packages/airflow/example_dags/example_setup_teardown.py took 0.059 seconds
[2024-04-04T21:43:04.149+0000] {processor.py:161} INFO - Started process (PID=721) to work on /home/airflow/.local/lib/python3.8/site-packages/airflow/example_dags/example_setup_teardown.py
[2024-04-04T21:43:04.150+0000] {processor.py:830} INFO - Processing file /home/airflow/.local/lib/python3.8/site-packages/airflow/example_dags/example_setup_teardown.py for tasks to queue
[2024-04-04T21:43:04.151+0000] {logging_mixin.py:188} INFO - [2024-04-04T21:43:04.151+0000] {dagbag.py:540} INFO - Filling up the DagBag from /home/airflow/.local/lib/python3.8/site-packages/airflow/example_dags/example_setup_teardown.py
[2024-04-04T21:43:04.156+0000] {processor.py:840} INFO - DAG(s) 'example_setup_teardown' retrieved from /home/airflow/.local/lib/python3.8/site-packages/airflow/example_dags/example_setup_teardown.py
[2024-04-04T21:43:04.173+0000] {logging_mixin.py:188} INFO - [2024-04-04T21:43:04.173+0000] {dag.py:3047} INFO - Sync 1 DAGs
[2024-04-04T21:43:04.192+0000] {logging_mixin.py:188} INFO - [2024-04-04T21:43:04.191+0000] {dag.py:3834} INFO - Setting next_dagrun for example_setup_teardown to 2024-04-03 00:00:00+00:00, run_after=2024-04-04 00:00:00+00:00
[2024-04-04T21:43:04.208+0000] {processor.py:183} INFO - Processing /home/airflow/.local/lib/python3.8/site-packages/airflow/example_dags/example_setup_teardown.py took 0.061 seconds
[2024-04-04T21:43:34.367+0000] {processor.py:161} INFO - Started process (PID=776) to work on /home/airflow/.local/lib/python3.8/site-packages/airflow/example_dags/example_setup_teardown.py
[2024-04-04T21:43:34.368+0000] {processor.py:830} INFO - Processing file /home/airflow/.local/lib/python3.8/site-packages/airflow/example_dags/example_setup_teardown.py for tasks to queue
[2024-04-04T21:43:34.369+0000] {logging_mixin.py:188} INFO - [2024-04-04T21:43:34.369+0000] {dagbag.py:540} INFO - Filling up the DagBag from /home/airflow/.local/lib/python3.8/site-packages/airflow/example_dags/example_setup_teardown.py
[2024-04-04T21:43:34.374+0000] {processor.py:840} INFO - DAG(s) 'example_setup_teardown' retrieved from /home/airflow/.local/lib/python3.8/site-packages/airflow/example_dags/example_setup_teardown.py
[2024-04-04T21:43:34.390+0000] {logging_mixin.py:188} INFO - [2024-04-04T21:43:34.389+0000] {dag.py:3047} INFO - Sync 1 DAGs
[2024-04-04T21:43:34.405+0000] {logging_mixin.py:188} INFO - [2024-04-04T21:43:34.405+0000] {dag.py:3834} INFO - Setting next_dagrun for example_setup_teardown to 2024-04-03 00:00:00+00:00, run_after=2024-04-04 00:00:00+00:00
[2024-04-04T21:43:34.420+0000] {processor.py:183} INFO - Processing /home/airflow/.local/lib/python3.8/site-packages/airflow/example_dags/example_setup_teardown.py took 0.055 seconds
[2024-04-04T21:44:04.856+0000] {processor.py:161} INFO - Started process (PID=831) to work on /home/airflow/.local/lib/python3.8/site-packages/airflow/example_dags/example_setup_teardown.py
[2024-04-04T21:44:04.857+0000] {processor.py:830} INFO - Processing file /home/airflow/.local/lib/python3.8/site-packages/airflow/example_dags/example_setup_teardown.py for tasks to queue
[2024-04-04T21:44:04.859+0000] {logging_mixin.py:188} INFO - [2024-04-04T21:44:04.858+0000] {dagbag.py:540} INFO - Filling up the DagBag from /home/airflow/.local/lib/python3.8/site-packages/airflow/example_dags/example_setup_teardown.py
[2024-04-04T21:44:04.863+0000] {processor.py:840} INFO - DAG(s) 'example_setup_teardown' retrieved from /home/airflow/.local/lib/python3.8/site-packages/airflow/example_dags/example_setup_teardown.py
[2024-04-04T21:44:04.878+0000] {logging_mixin.py:188} INFO - [2024-04-04T21:44:04.877+0000] {dag.py:3047} INFO - Sync 1 DAGs
[2024-04-04T21:44:04.894+0000] {logging_mixin.py:188} INFO - [2024-04-04T21:44:04.893+0000] {dag.py:3834} INFO - Setting next_dagrun for example_setup_teardown to 2024-04-03 00:00:00+00:00, run_after=2024-04-04 00:00:00+00:00
[2024-04-04T21:44:04.909+0000] {processor.py:183} INFO - Processing /home/airflow/.local/lib/python3.8/site-packages/airflow/example_dags/example_setup_teardown.py took 0.055 seconds
[2024-04-04T21:44:35.374+0000] {processor.py:161} INFO - Started process (PID=886) to work on /home/airflow/.local/lib/python3.8/site-packages/airflow/example_dags/example_setup_teardown.py
[2024-04-04T21:44:35.374+0000] {processor.py:830} INFO - Processing file /home/airflow/.local/lib/python3.8/site-packages/airflow/example_dags/example_setup_teardown.py for tasks to queue
[2024-04-04T21:44:35.376+0000] {logging_mixin.py:188} INFO - [2024-04-04T21:44:35.375+0000] {dagbag.py:540} INFO - Filling up the DagBag from /home/airflow/.local/lib/python3.8/site-packages/airflow/example_dags/example_setup_teardown.py
[2024-04-04T21:44:35.380+0000] {processor.py:840} INFO - DAG(s) 'example_setup_teardown' retrieved from /home/airflow/.local/lib/python3.8/site-packages/airflow/example_dags/example_setup_teardown.py
[2024-04-04T21:44:35.396+0000] {logging_mixin.py:188} INFO - [2024-04-04T21:44:35.395+0000] {dag.py:3047} INFO - Sync 1 DAGs
[2024-04-04T21:44:35.414+0000] {logging_mixin.py:188} INFO - [2024-04-04T21:44:35.413+0000] {dag.py:3834} INFO - Setting next_dagrun for example_setup_teardown to 2024-04-03 00:00:00+00:00, run_after=2024-04-04 00:00:00+00:00
[2024-04-04T21:44:35.430+0000] {processor.py:183} INFO - Processing /home/airflow/.local/lib/python3.8/site-packages/airflow/example_dags/example_setup_teardown.py took 0.059 seconds
[2024-04-04T21:45:05.504+0000] {processor.py:161} INFO - Started process (PID=941) to work on /home/airflow/.local/lib/python3.8/site-packages/airflow/example_dags/example_setup_teardown.py
[2024-04-04T21:45:05.505+0000] {processor.py:830} INFO - Processing file /home/airflow/.local/lib/python3.8/site-packages/airflow/example_dags/example_setup_teardown.py for tasks to queue
[2024-04-04T21:45:05.506+0000] {logging_mixin.py:188} INFO - [2024-04-04T21:45:05.506+0000] {dagbag.py:540} INFO - Filling up the DagBag from /home/airflow/.local/lib/python3.8/site-packages/airflow/example_dags/example_setup_teardown.py
[2024-04-04T21:45:05.511+0000] {processor.py:840} INFO - DAG(s) 'example_setup_teardown' retrieved from /home/airflow/.local/lib/python3.8/site-packages/airflow/example_dags/example_setup_teardown.py
[2024-04-04T21:45:05.526+0000] {logging_mixin.py:188} INFO - [2024-04-04T21:45:05.526+0000] {dag.py:3047} INFO - Sync 1 DAGs
[2024-04-04T21:45:05.542+0000] {logging_mixin.py:188} INFO - [2024-04-04T21:45:05.541+0000] {dag.py:3834} INFO - Setting next_dagrun for example_setup_teardown to 2024-04-03 00:00:00+00:00, run_after=2024-04-04 00:00:00+00:00
[2024-04-04T21:45:05.555+0000] {processor.py:183} INFO - Processing /home/airflow/.local/lib/python3.8/site-packages/airflow/example_dags/example_setup_teardown.py took 0.053 seconds
[2024-04-04T21:45:35.687+0000] {processor.py:161} INFO - Started process (PID=996) to work on /home/airflow/.local/lib/python3.8/site-packages/airflow/example_dags/example_setup_teardown.py
[2024-04-04T21:45:35.687+0000] {processor.py:830} INFO - Processing file /home/airflow/.local/lib/python3.8/site-packages/airflow/example_dags/example_setup_teardown.py for tasks to queue
[2024-04-04T21:45:35.689+0000] {logging_mixin.py:188} INFO - [2024-04-04T21:45:35.688+0000] {dagbag.py:540} INFO - Filling up the DagBag from /home/airflow/.local/lib/python3.8/site-packages/airflow/example_dags/example_setup_teardown.py
[2024-04-04T21:45:35.693+0000] {processor.py:840} INFO - DAG(s) 'example_setup_teardown' retrieved from /home/airflow/.local/lib/python3.8/site-packages/airflow/example_dags/example_setup_teardown.py
[2024-04-04T21:45:35.707+0000] {logging_mixin.py:188} INFO - [2024-04-04T21:45:35.707+0000] {dag.py:3047} INFO - Sync 1 DAGs
[2024-04-04T21:45:35.724+0000] {logging_mixin.py:188} INFO - [2024-04-04T21:45:35.724+0000] {dag.py:3834} INFO - Setting next_dagrun for example_setup_teardown to 2024-04-03 00:00:00+00:00, run_after=2024-04-04 00:00:00+00:00
[2024-04-04T21:45:35.738+0000] {processor.py:183} INFO - Processing /home/airflow/.local/lib/python3.8/site-packages/airflow/example_dags/example_setup_teardown.py took 0.053 seconds
[2024-04-04T21:46:05.909+0000] {processor.py:161} INFO - Started process (PID=1051) to work on /home/airflow/.local/lib/python3.8/site-packages/airflow/example_dags/example_setup_teardown.py
[2024-04-04T21:46:05.909+0000] {processor.py:830} INFO - Processing file /home/airflow/.local/lib/python3.8/site-packages/airflow/example_dags/example_setup_teardown.py for tasks to queue
[2024-04-04T21:46:05.911+0000] {logging_mixin.py:188} INFO - [2024-04-04T21:46:05.910+0000] {dagbag.py:540} INFO - Filling up the DagBag from /home/airflow/.local/lib/python3.8/site-packages/airflow/example_dags/example_setup_teardown.py
[2024-04-04T21:46:05.915+0000] {processor.py:840} INFO - DAG(s) 'example_setup_teardown' retrieved from /home/airflow/.local/lib/python3.8/site-packages/airflow/example_dags/example_setup_teardown.py
[2024-04-04T21:46:05.929+0000] {logging_mixin.py:188} INFO - [2024-04-04T21:46:05.929+0000] {dag.py:3047} INFO - Sync 1 DAGs
[2024-04-04T21:46:05.945+0000] {logging_mixin.py:188} INFO - [2024-04-04T21:46:05.945+0000] {dag.py:3834} INFO - Setting next_dagrun for example_setup_teardown to 2024-04-03 00:00:00+00:00, run_after=2024-04-04 00:00:00+00:00
[2024-04-04T21:46:05.958+0000] {processor.py:183} INFO - Processing /home/airflow/.local/lib/python3.8/site-packages/airflow/example_dags/example_setup_teardown.py took 0.051 seconds
[2024-04-04T21:46:36.238+0000] {processor.py:161} INFO - Started process (PID=1106) to work on /home/airflow/.local/lib/python3.8/site-packages/airflow/example_dags/example_setup_teardown.py
[2024-04-04T21:46:36.239+0000] {processor.py:830} INFO - Processing file /home/airflow/.local/lib/python3.8/site-packages/airflow/example_dags/example_setup_teardown.py for tasks to queue
[2024-04-04T21:46:36.240+0000] {logging_mixin.py:188} INFO - [2024-04-04T21:46:36.240+0000] {dagbag.py:540} INFO - Filling up the DagBag from /home/airflow/.local/lib/python3.8/site-packages/airflow/example_dags/example_setup_teardown.py
[2024-04-04T21:46:36.244+0000] {processor.py:840} INFO - DAG(s) 'example_setup_teardown' retrieved from /home/airflow/.local/lib/python3.8/site-packages/airflow/example_dags/example_setup_teardown.py
[2024-04-04T21:46:36.260+0000] {logging_mixin.py:188} INFO - [2024-04-04T21:46:36.260+0000] {dag.py:3047} INFO - Sync 1 DAGs
[2024-04-04T21:46:36.277+0000] {logging_mixin.py:188} INFO - [2024-04-04T21:46:36.277+0000] {dag.py:3834} INFO - Setting next_dagrun for example_setup_teardown to 2024-04-03 00:00:00+00:00, run_after=2024-04-04 00:00:00+00:00
[2024-04-04T21:46:36.292+0000] {processor.py:183} INFO - Processing /home/airflow/.local/lib/python3.8/site-packages/airflow/example_dags/example_setup_teardown.py took 0.056 seconds
[2024-04-04T21:47:06.551+0000] {processor.py:161} INFO - Started process (PID=1161) to work on /home/airflow/.local/lib/python3.8/site-packages/airflow/example_dags/example_setup_teardown.py
[2024-04-04T21:47:06.552+0000] {processor.py:830} INFO - Processing file /home/airflow/.local/lib/python3.8/site-packages/airflow/example_dags/example_setup_teardown.py for tasks to queue
[2024-04-04T21:47:06.553+0000] {logging_mixin.py:188} INFO - [2024-04-04T21:47:06.553+0000] {dagbag.py:540} INFO - Filling up the DagBag from /home/airflow/.local/lib/python3.8/site-packages/airflow/example_dags/example_setup_teardown.py
[2024-04-04T21:47:06.558+0000] {processor.py:840} INFO - DAG(s) 'example_setup_teardown' retrieved from /home/airflow/.local/lib/python3.8/site-packages/airflow/example_dags/example_setup_teardown.py
[2024-04-04T21:47:06.574+0000] {logging_mixin.py:188} INFO - [2024-04-04T21:47:06.574+0000] {dag.py:3047} INFO - Sync 1 DAGs
[2024-04-04T21:47:06.592+0000] {logging_mixin.py:188} INFO - [2024-04-04T21:47:06.592+0000] {dag.py:3834} INFO - Setting next_dagrun for example_setup_teardown to 2024-04-03 00:00:00+00:00, run_after=2024-04-04 00:00:00+00:00
[2024-04-04T21:47:06.607+0000] {processor.py:183} INFO - Processing /home/airflow/.local/lib/python3.8/site-packages/airflow/example_dags/example_setup_teardown.py took 0.058 seconds
[2024-04-04T21:47:36.891+0000] {processor.py:161} INFO - Started process (PID=1216) to work on /home/airflow/.local/lib/python3.8/site-packages/airflow/example_dags/example_setup_teardown.py
[2024-04-04T21:47:36.893+0000] {processor.py:830} INFO - Processing file /home/airflow/.local/lib/python3.8/site-packages/airflow/example_dags/example_setup_teardown.py for tasks to queue
[2024-04-04T21:47:36.894+0000] {logging_mixin.py:188} INFO - [2024-04-04T21:47:36.894+0000] {dagbag.py:540} INFO - Filling up the DagBag from /home/airflow/.local/lib/python3.8/site-packages/airflow/example_dags/example_setup_teardown.py
[2024-04-04T21:47:36.902+0000] {processor.py:840} INFO - DAG(s) 'example_setup_teardown' retrieved from /home/airflow/.local/lib/python3.8/site-packages/airflow/example_dags/example_setup_teardown.py
[2024-04-04T21:47:36.923+0000] {logging_mixin.py:188} INFO - [2024-04-04T21:47:36.923+0000] {dag.py:3047} INFO - Sync 1 DAGs
[2024-04-04T21:47:36.950+0000] {logging_mixin.py:188} INFO - [2024-04-04T21:47:36.950+0000] {dag.py:3834} INFO - Setting next_dagrun for example_setup_teardown to 2024-04-03 00:00:00+00:00, run_after=2024-04-04 00:00:00+00:00
[2024-04-04T21:47:36.973+0000] {processor.py:183} INFO - Processing /home/airflow/.local/lib/python3.8/site-packages/airflow/example_dags/example_setup_teardown.py took 0.084 seconds
[2024-04-04T21:48:07.363+0000] {processor.py:161} INFO - Started process (PID=1271) to work on /home/airflow/.local/lib/python3.8/site-packages/airflow/example_dags/example_setup_teardown.py
[2024-04-04T21:48:07.364+0000] {processor.py:830} INFO - Processing file /home/airflow/.local/lib/python3.8/site-packages/airflow/example_dags/example_setup_teardown.py for tasks to queue
[2024-04-04T21:48:07.365+0000] {logging_mixin.py:188} INFO - [2024-04-04T21:48:07.365+0000] {dagbag.py:540} INFO - Filling up the DagBag from /home/airflow/.local/lib/python3.8/site-packages/airflow/example_dags/example_setup_teardown.py
[2024-04-04T21:48:07.371+0000] {processor.py:840} INFO - DAG(s) 'example_setup_teardown' retrieved from /home/airflow/.local/lib/python3.8/site-packages/airflow/example_dags/example_setup_teardown.py
[2024-04-04T21:48:07.388+0000] {logging_mixin.py:188} INFO - [2024-04-04T21:48:07.388+0000] {dag.py:3047} INFO - Sync 1 DAGs
[2024-04-04T21:48:07.409+0000] {logging_mixin.py:188} INFO - [2024-04-04T21:48:07.409+0000] {dag.py:3834} INFO - Setting next_dagrun for example_setup_teardown to 2024-04-03 00:00:00+00:00, run_after=2024-04-04 00:00:00+00:00
[2024-04-04T21:48:07.435+0000] {processor.py:183} INFO - Processing /home/airflow/.local/lib/python3.8/site-packages/airflow/example_dags/example_setup_teardown.py took 0.075 seconds
[2024-04-04T21:48:37.603+0000] {processor.py:161} INFO - Started process (PID=1326) to work on /home/airflow/.local/lib/python3.8/site-packages/airflow/example_dags/example_setup_teardown.py
[2024-04-04T21:48:37.604+0000] {processor.py:830} INFO - Processing file /home/airflow/.local/lib/python3.8/site-packages/airflow/example_dags/example_setup_teardown.py for tasks to queue
[2024-04-04T21:48:37.606+0000] {logging_mixin.py:188} INFO - [2024-04-04T21:48:37.605+0000] {dagbag.py:540} INFO - Filling up the DagBag from /home/airflow/.local/lib/python3.8/site-packages/airflow/example_dags/example_setup_teardown.py
[2024-04-04T21:48:37.611+0000] {processor.py:840} INFO - DAG(s) 'example_setup_teardown' retrieved from /home/airflow/.local/lib/python3.8/site-packages/airflow/example_dags/example_setup_teardown.py
[2024-04-04T21:48:37.627+0000] {logging_mixin.py:188} INFO - [2024-04-04T21:48:37.626+0000] {dag.py:3047} INFO - Sync 1 DAGs
[2024-04-04T21:48:37.643+0000] {logging_mixin.py:188} INFO - [2024-04-04T21:48:37.643+0000] {dag.py:3834} INFO - Setting next_dagrun for example_setup_teardown to 2024-04-03 00:00:00+00:00, run_after=2024-04-04 00:00:00+00:00
[2024-04-04T21:48:37.662+0000] {processor.py:183} INFO - Processing /home/airflow/.local/lib/python3.8/site-packages/airflow/example_dags/example_setup_teardown.py took 0.062 seconds
[2024-04-04T21:49:07.872+0000] {processor.py:161} INFO - Started process (PID=1381) to work on /home/airflow/.local/lib/python3.8/site-packages/airflow/example_dags/example_setup_teardown.py
[2024-04-04T21:49:07.873+0000] {processor.py:830} INFO - Processing file /home/airflow/.local/lib/python3.8/site-packages/airflow/example_dags/example_setup_teardown.py for tasks to queue
[2024-04-04T21:49:07.875+0000] {logging_mixin.py:188} INFO - [2024-04-04T21:49:07.875+0000] {dagbag.py:540} INFO - Filling up the DagBag from /home/airflow/.local/lib/python3.8/site-packages/airflow/example_dags/example_setup_teardown.py
[2024-04-04T21:49:07.882+0000] {processor.py:840} INFO - DAG(s) 'example_setup_teardown' retrieved from /home/airflow/.local/lib/python3.8/site-packages/airflow/example_dags/example_setup_teardown.py
[2024-04-04T21:49:07.902+0000] {logging_mixin.py:188} INFO - [2024-04-04T21:49:07.902+0000] {dag.py:3047} INFO - Sync 1 DAGs
[2024-04-04T21:49:07.926+0000] {logging_mixin.py:188} INFO - [2024-04-04T21:49:07.926+0000] {dag.py:3834} INFO - Setting next_dagrun for example_setup_teardown to 2024-04-03 00:00:00+00:00, run_after=2024-04-04 00:00:00+00:00
[2024-04-04T21:49:07.947+0000] {processor.py:183} INFO - Processing /home/airflow/.local/lib/python3.8/site-packages/airflow/example_dags/example_setup_teardown.py took 0.077 seconds
[2024-04-04T21:49:38.436+0000] {processor.py:161} INFO - Started process (PID=1436) to work on /home/airflow/.local/lib/python3.8/site-packages/airflow/example_dags/example_setup_teardown.py
[2024-04-04T21:49:38.437+0000] {processor.py:830} INFO - Processing file /home/airflow/.local/lib/python3.8/site-packages/airflow/example_dags/example_setup_teardown.py for tasks to queue
[2024-04-04T21:49:38.438+0000] {logging_mixin.py:188} INFO - [2024-04-04T21:49:38.438+0000] {dagbag.py:540} INFO - Filling up the DagBag from /home/airflow/.local/lib/python3.8/site-packages/airflow/example_dags/example_setup_teardown.py
[2024-04-04T21:49:38.443+0000] {processor.py:840} INFO - DAG(s) 'example_setup_teardown' retrieved from /home/airflow/.local/lib/python3.8/site-packages/airflow/example_dags/example_setup_teardown.py
[2024-04-04T21:49:38.458+0000] {logging_mixin.py:188} INFO - [2024-04-04T21:49:38.457+0000] {dag.py:3047} INFO - Sync 1 DAGs
[2024-04-04T21:49:38.473+0000] {logging_mixin.py:188} INFO - [2024-04-04T21:49:38.473+0000] {dag.py:3834} INFO - Setting next_dagrun for example_setup_teardown to 2024-04-03 00:00:00+00:00, run_after=2024-04-04 00:00:00+00:00
[2024-04-04T21:49:38.488+0000] {processor.py:183} INFO - Processing /home/airflow/.local/lib/python3.8/site-packages/airflow/example_dags/example_setup_teardown.py took 0.054 seconds
[2024-04-04T21:50:08.853+0000] {processor.py:161} INFO - Started process (PID=1491) to work on /home/airflow/.local/lib/python3.8/site-packages/airflow/example_dags/example_setup_teardown.py
[2024-04-04T21:50:08.854+0000] {processor.py:830} INFO - Processing file /home/airflow/.local/lib/python3.8/site-packages/airflow/example_dags/example_setup_teardown.py for tasks to queue
[2024-04-04T21:50:08.855+0000] {logging_mixin.py:188} INFO - [2024-04-04T21:50:08.855+0000] {dagbag.py:540} INFO - Filling up the DagBag from /home/airflow/.local/lib/python3.8/site-packages/airflow/example_dags/example_setup_teardown.py
[2024-04-04T21:50:08.861+0000] {processor.py:840} INFO - DAG(s) 'example_setup_teardown' retrieved from /home/airflow/.local/lib/python3.8/site-packages/airflow/example_dags/example_setup_teardown.py
[2024-04-04T21:50:08.875+0000] {logging_mixin.py:188} INFO - [2024-04-04T21:50:08.875+0000] {dag.py:3047} INFO - Sync 1 DAGs
[2024-04-04T21:50:08.894+0000] {logging_mixin.py:188} INFO - [2024-04-04T21:50:08.894+0000] {dag.py:3834} INFO - Setting next_dagrun for example_setup_teardown to 2024-04-03 00:00:00+00:00, run_after=2024-04-04 00:00:00+00:00
[2024-04-04T21:50:08.910+0000] {processor.py:183} INFO - Processing /home/airflow/.local/lib/python3.8/site-packages/airflow/example_dags/example_setup_teardown.py took 0.059 seconds
[2024-04-04T21:50:39.243+0000] {processor.py:161} INFO - Started process (PID=1546) to work on /home/airflow/.local/lib/python3.8/site-packages/airflow/example_dags/example_setup_teardown.py
[2024-04-04T21:50:39.244+0000] {processor.py:830} INFO - Processing file /home/airflow/.local/lib/python3.8/site-packages/airflow/example_dags/example_setup_teardown.py for tasks to queue
[2024-04-04T21:50:39.246+0000] {logging_mixin.py:188} INFO - [2024-04-04T21:50:39.246+0000] {dagbag.py:540} INFO - Filling up the DagBag from /home/airflow/.local/lib/python3.8/site-packages/airflow/example_dags/example_setup_teardown.py
[2024-04-04T21:50:39.252+0000] {processor.py:840} INFO - DAG(s) 'example_setup_teardown' retrieved from /home/airflow/.local/lib/python3.8/site-packages/airflow/example_dags/example_setup_teardown.py
[2024-04-04T21:50:39.270+0000] {logging_mixin.py:188} INFO - [2024-04-04T21:50:39.270+0000] {dag.py:3047} INFO - Sync 1 DAGs
[2024-04-04T21:50:39.291+0000] {logging_mixin.py:188} INFO - [2024-04-04T21:50:39.290+0000] {dag.py:3834} INFO - Setting next_dagrun for example_setup_teardown to 2024-04-03 00:00:00+00:00, run_after=2024-04-04 00:00:00+00:00
[2024-04-04T21:50:39.312+0000] {processor.py:183} INFO - Processing /home/airflow/.local/lib/python3.8/site-packages/airflow/example_dags/example_setup_teardown.py took 0.073 seconds
[2024-04-04T21:51:09.825+0000] {processor.py:161} INFO - Started process (PID=1601) to work on /home/airflow/.local/lib/python3.8/site-packages/airflow/example_dags/example_setup_teardown.py
[2024-04-04T21:51:09.827+0000] {processor.py:830} INFO - Processing file /home/airflow/.local/lib/python3.8/site-packages/airflow/example_dags/example_setup_teardown.py for tasks to queue
[2024-04-04T21:51:09.828+0000] {logging_mixin.py:188} INFO - [2024-04-04T21:51:09.828+0000] {dagbag.py:540} INFO - Filling up the DagBag from /home/airflow/.local/lib/python3.8/site-packages/airflow/example_dags/example_setup_teardown.py
[2024-04-04T21:51:09.834+0000] {processor.py:840} INFO - DAG(s) 'example_setup_teardown' retrieved from /home/airflow/.local/lib/python3.8/site-packages/airflow/example_dags/example_setup_teardown.py
[2024-04-04T21:51:09.851+0000] {logging_mixin.py:188} INFO - [2024-04-04T21:51:09.850+0000] {dag.py:3047} INFO - Sync 1 DAGs
[2024-04-04T21:51:09.870+0000] {logging_mixin.py:188} INFO - [2024-04-04T21:51:09.869+0000] {dag.py:3834} INFO - Setting next_dagrun for example_setup_teardown to 2024-04-03 00:00:00+00:00, run_after=2024-04-04 00:00:00+00:00
[2024-04-04T21:51:09.889+0000] {processor.py:183} INFO - Processing /home/airflow/.local/lib/python3.8/site-packages/airflow/example_dags/example_setup_teardown.py took 0.067 seconds
[2024-04-04T21:51:40.047+0000] {processor.py:161} INFO - Started process (PID=1656) to work on /home/airflow/.local/lib/python3.8/site-packages/airflow/example_dags/example_setup_teardown.py
[2024-04-04T21:51:40.048+0000] {processor.py:830} INFO - Processing file /home/airflow/.local/lib/python3.8/site-packages/airflow/example_dags/example_setup_teardown.py for tasks to queue
[2024-04-04T21:51:40.049+0000] {logging_mixin.py:188} INFO - [2024-04-04T21:51:40.049+0000] {dagbag.py:540} INFO - Filling up the DagBag from /home/airflow/.local/lib/python3.8/site-packages/airflow/example_dags/example_setup_teardown.py
[2024-04-04T21:51:40.054+0000] {processor.py:840} INFO - DAG(s) 'example_setup_teardown' retrieved from /home/airflow/.local/lib/python3.8/site-packages/airflow/example_dags/example_setup_teardown.py
[2024-04-04T21:51:40.067+0000] {logging_mixin.py:188} INFO - [2024-04-04T21:51:40.067+0000] {dag.py:3047} INFO - Sync 1 DAGs
[2024-04-04T21:51:40.083+0000] {logging_mixin.py:188} INFO - [2024-04-04T21:51:40.083+0000] {dag.py:3834} INFO - Setting next_dagrun for example_setup_teardown to 2024-04-03 00:00:00+00:00, run_after=2024-04-04 00:00:00+00:00
[2024-04-04T21:51:40.098+0000] {processor.py:183} INFO - Processing /home/airflow/.local/lib/python3.8/site-packages/airflow/example_dags/example_setup_teardown.py took 0.053 seconds
[2024-04-04T21:52:10.324+0000] {processor.py:161} INFO - Started process (PID=1711) to work on /home/airflow/.local/lib/python3.8/site-packages/airflow/example_dags/example_setup_teardown.py
[2024-04-04T21:52:10.325+0000] {processor.py:830} INFO - Processing file /home/airflow/.local/lib/python3.8/site-packages/airflow/example_dags/example_setup_teardown.py for tasks to queue
[2024-04-04T21:52:10.326+0000] {logging_mixin.py:188} INFO - [2024-04-04T21:52:10.326+0000] {dagbag.py:540} INFO - Filling up the DagBag from /home/airflow/.local/lib/python3.8/site-packages/airflow/example_dags/example_setup_teardown.py
[2024-04-04T21:52:10.331+0000] {processor.py:840} INFO - DAG(s) 'example_setup_teardown' retrieved from /home/airflow/.local/lib/python3.8/site-packages/airflow/example_dags/example_setup_teardown.py
[2024-04-04T21:52:10.346+0000] {logging_mixin.py:188} INFO - [2024-04-04T21:52:10.346+0000] {dag.py:3047} INFO - Sync 1 DAGs
[2024-04-04T21:52:10.362+0000] {logging_mixin.py:188} INFO - [2024-04-04T21:52:10.362+0000] {dag.py:3834} INFO - Setting next_dagrun for example_setup_teardown to 2024-04-03 00:00:00+00:00, run_after=2024-04-04 00:00:00+00:00
[2024-04-04T21:52:10.378+0000] {processor.py:183} INFO - Processing /home/airflow/.local/lib/python3.8/site-packages/airflow/example_dags/example_setup_teardown.py took 0.056 seconds
[2024-04-04T21:52:40.661+0000] {processor.py:161} INFO - Started process (PID=1766) to work on /home/airflow/.local/lib/python3.8/site-packages/airflow/example_dags/example_setup_teardown.py
[2024-04-04T21:52:40.662+0000] {processor.py:830} INFO - Processing file /home/airflow/.local/lib/python3.8/site-packages/airflow/example_dags/example_setup_teardown.py for tasks to queue
[2024-04-04T21:52:40.663+0000] {logging_mixin.py:188} INFO - [2024-04-04T21:52:40.663+0000] {dagbag.py:540} INFO - Filling up the DagBag from /home/airflow/.local/lib/python3.8/site-packages/airflow/example_dags/example_setup_teardown.py
[2024-04-04T21:52:40.667+0000] {processor.py:840} INFO - DAG(s) 'example_setup_teardown' retrieved from /home/airflow/.local/lib/python3.8/site-packages/airflow/example_dags/example_setup_teardown.py
[2024-04-04T21:52:40.683+0000] {logging_mixin.py:188} INFO - [2024-04-04T21:52:40.682+0000] {dag.py:3047} INFO - Sync 1 DAGs
[2024-04-04T21:52:40.699+0000] {logging_mixin.py:188} INFO - [2024-04-04T21:52:40.699+0000] {dag.py:3834} INFO - Setting next_dagrun for example_setup_teardown to 2024-04-03 00:00:00+00:00, run_after=2024-04-04 00:00:00+00:00
[2024-04-04T21:52:40.713+0000] {processor.py:183} INFO - Processing /home/airflow/.local/lib/python3.8/site-packages/airflow/example_dags/example_setup_teardown.py took 0.055 seconds
[2024-04-04T21:53:10.887+0000] {processor.py:161} INFO - Started process (PID=1821) to work on /home/airflow/.local/lib/python3.8/site-packages/airflow/example_dags/example_setup_teardown.py
[2024-04-04T21:53:10.889+0000] {processor.py:830} INFO - Processing file /home/airflow/.local/lib/python3.8/site-packages/airflow/example_dags/example_setup_teardown.py for tasks to queue
[2024-04-04T21:53:10.890+0000] {logging_mixin.py:188} INFO - [2024-04-04T21:53:10.890+0000] {dagbag.py:540} INFO - Filling up the DagBag from /home/airflow/.local/lib/python3.8/site-packages/airflow/example_dags/example_setup_teardown.py
[2024-04-04T21:53:10.896+0000] {processor.py:840} INFO - DAG(s) 'example_setup_teardown' retrieved from /home/airflow/.local/lib/python3.8/site-packages/airflow/example_dags/example_setup_teardown.py
[2024-04-04T21:53:10.915+0000] {logging_mixin.py:188} INFO - [2024-04-04T21:53:10.914+0000] {dag.py:3047} INFO - Sync 1 DAGs
[2024-04-04T21:53:10.934+0000] {logging_mixin.py:188} INFO - [2024-04-04T21:53:10.934+0000] {dag.py:3834} INFO - Setting next_dagrun for example_setup_teardown to 2024-04-03 00:00:00+00:00, run_after=2024-04-04 00:00:00+00:00
[2024-04-04T21:53:10.951+0000] {processor.py:183} INFO - Processing /home/airflow/.local/lib/python3.8/site-packages/airflow/example_dags/example_setup_teardown.py took 0.066 seconds
[2024-04-04T21:53:41.213+0000] {processor.py:161} INFO - Started process (PID=1876) to work on /home/airflow/.local/lib/python3.8/site-packages/airflow/example_dags/example_setup_teardown.py
[2024-04-04T21:53:41.214+0000] {processor.py:830} INFO - Processing file /home/airflow/.local/lib/python3.8/site-packages/airflow/example_dags/example_setup_teardown.py for tasks to queue
[2024-04-04T21:53:41.215+0000] {logging_mixin.py:188} INFO - [2024-04-04T21:53:41.215+0000] {dagbag.py:540} INFO - Filling up the DagBag from /home/airflow/.local/lib/python3.8/site-packages/airflow/example_dags/example_setup_teardown.py
[2024-04-04T21:53:41.219+0000] {processor.py:840} INFO - DAG(s) 'example_setup_teardown' retrieved from /home/airflow/.local/lib/python3.8/site-packages/airflow/example_dags/example_setup_teardown.py
[2024-04-04T21:53:41.234+0000] {logging_mixin.py:188} INFO - [2024-04-04T21:53:41.234+0000] {dag.py:3047} INFO - Sync 1 DAGs
[2024-04-04T21:53:41.250+0000] {logging_mixin.py:188} INFO - [2024-04-04T21:53:41.249+0000] {dag.py:3834} INFO - Setting next_dagrun for example_setup_teardown to 2024-04-03 00:00:00+00:00, run_after=2024-04-04 00:00:00+00:00
[2024-04-04T21:53:41.264+0000] {processor.py:183} INFO - Processing /home/airflow/.local/lib/python3.8/site-packages/airflow/example_dags/example_setup_teardown.py took 0.053 seconds
[2024-04-04T21:54:12.285+0000] {processor.py:161} INFO - Started process (PID=1931) to work on /home/airflow/.local/lib/python3.8/site-packages/airflow/example_dags/example_setup_teardown.py
[2024-04-04T21:54:12.286+0000] {processor.py:830} INFO - Processing file /home/airflow/.local/lib/python3.8/site-packages/airflow/example_dags/example_setup_teardown.py for tasks to queue
[2024-04-04T21:54:12.287+0000] {logging_mixin.py:188} INFO - [2024-04-04T21:54:12.287+0000] {dagbag.py:540} INFO - Filling up the DagBag from /home/airflow/.local/lib/python3.8/site-packages/airflow/example_dags/example_setup_teardown.py
[2024-04-04T21:54:12.291+0000] {processor.py:840} INFO - DAG(s) 'example_setup_teardown' retrieved from /home/airflow/.local/lib/python3.8/site-packages/airflow/example_dags/example_setup_teardown.py
[2024-04-04T21:54:12.306+0000] {logging_mixin.py:188} INFO - [2024-04-04T21:54:12.306+0000] {dag.py:3047} INFO - Sync 1 DAGs
[2024-04-04T21:54:12.322+0000] {logging_mixin.py:188} INFO - [2024-04-04T21:54:12.322+0000] {dag.py:3834} INFO - Setting next_dagrun for example_setup_teardown to 2024-04-03 00:00:00+00:00, run_after=2024-04-04 00:00:00+00:00
[2024-04-04T21:54:12.336+0000] {processor.py:183} INFO - Processing /home/airflow/.local/lib/python3.8/site-packages/airflow/example_dags/example_setup_teardown.py took 0.053 seconds
[2024-04-04T21:54:42.646+0000] {processor.py:161} INFO - Started process (PID=1986) to work on /home/airflow/.local/lib/python3.8/site-packages/airflow/example_dags/example_setup_teardown.py
[2024-04-04T21:54:42.647+0000] {processor.py:830} INFO - Processing file /home/airflow/.local/lib/python3.8/site-packages/airflow/example_dags/example_setup_teardown.py for tasks to queue
[2024-04-04T21:54:42.648+0000] {logging_mixin.py:188} INFO - [2024-04-04T21:54:42.648+0000] {dagbag.py:540} INFO - Filling up the DagBag from /home/airflow/.local/lib/python3.8/site-packages/airflow/example_dags/example_setup_teardown.py
[2024-04-04T21:54:42.653+0000] {processor.py:840} INFO - DAG(s) 'example_setup_teardown' retrieved from /home/airflow/.local/lib/python3.8/site-packages/airflow/example_dags/example_setup_teardown.py
[2024-04-04T21:54:42.669+0000] {logging_mixin.py:188} INFO - [2024-04-04T21:54:42.669+0000] {dag.py:3047} INFO - Sync 1 DAGs
[2024-04-04T21:54:42.687+0000] {logging_mixin.py:188} INFO - [2024-04-04T21:54:42.687+0000] {dag.py:3834} INFO - Setting next_dagrun for example_setup_teardown to 2024-04-03 00:00:00+00:00, run_after=2024-04-04 00:00:00+00:00
[2024-04-04T21:54:42.702+0000] {processor.py:183} INFO - Processing /home/airflow/.local/lib/python3.8/site-packages/airflow/example_dags/example_setup_teardown.py took 0.058 seconds
[2024-04-04T21:55:12.856+0000] {processor.py:161} INFO - Started process (PID=2041) to work on /home/airflow/.local/lib/python3.8/site-packages/airflow/example_dags/example_setup_teardown.py
[2024-04-04T21:55:12.856+0000] {processor.py:830} INFO - Processing file /home/airflow/.local/lib/python3.8/site-packages/airflow/example_dags/example_setup_teardown.py for tasks to queue
[2024-04-04T21:55:12.857+0000] {logging_mixin.py:188} INFO - [2024-04-04T21:55:12.857+0000] {dagbag.py:540} INFO - Filling up the DagBag from /home/airflow/.local/lib/python3.8/site-packages/airflow/example_dags/example_setup_teardown.py
[2024-04-04T21:55:12.862+0000] {processor.py:840} INFO - DAG(s) 'example_setup_teardown' retrieved from /home/airflow/.local/lib/python3.8/site-packages/airflow/example_dags/example_setup_teardown.py
[2024-04-04T21:55:12.876+0000] {logging_mixin.py:188} INFO - [2024-04-04T21:55:12.876+0000] {dag.py:3047} INFO - Sync 1 DAGs
[2024-04-04T21:55:12.893+0000] {logging_mixin.py:188} INFO - [2024-04-04T21:55:12.893+0000] {dag.py:3834} INFO - Setting next_dagrun for example_setup_teardown to 2024-04-03 00:00:00+00:00, run_after=2024-04-04 00:00:00+00:00
[2024-04-04T21:55:12.906+0000] {processor.py:183} INFO - Processing /home/airflow/.local/lib/python3.8/site-packages/airflow/example_dags/example_setup_teardown.py took 0.052 seconds
[2024-04-04T21:55:43.123+0000] {processor.py:161} INFO - Started process (PID=2096) to work on /home/airflow/.local/lib/python3.8/site-packages/airflow/example_dags/example_setup_teardown.py
[2024-04-04T21:55:43.124+0000] {processor.py:830} INFO - Processing file /home/airflow/.local/lib/python3.8/site-packages/airflow/example_dags/example_setup_teardown.py for tasks to queue
[2024-04-04T21:55:43.125+0000] {logging_mixin.py:188} INFO - [2024-04-04T21:55:43.125+0000] {dagbag.py:540} INFO - Filling up the DagBag from /home/airflow/.local/lib/python3.8/site-packages/airflow/example_dags/example_setup_teardown.py
[2024-04-04T21:55:43.130+0000] {processor.py:840} INFO - DAG(s) 'example_setup_teardown' retrieved from /home/airflow/.local/lib/python3.8/site-packages/airflow/example_dags/example_setup_teardown.py
[2024-04-04T21:55:43.144+0000] {logging_mixin.py:188} INFO - [2024-04-04T21:55:43.144+0000] {dag.py:3047} INFO - Sync 1 DAGs
[2024-04-04T21:55:43.160+0000] {logging_mixin.py:188} INFO - [2024-04-04T21:55:43.160+0000] {dag.py:3834} INFO - Setting next_dagrun for example_setup_teardown to 2024-04-03 00:00:00+00:00, run_after=2024-04-04 00:00:00+00:00
[2024-04-04T21:55:43.174+0000] {processor.py:183} INFO - Processing /home/airflow/.local/lib/python3.8/site-packages/airflow/example_dags/example_setup_teardown.py took 0.053 seconds
[2024-04-04T21:56:13.235+0000] {processor.py:161} INFO - Started process (PID=2151) to work on /home/airflow/.local/lib/python3.8/site-packages/airflow/example_dags/example_setup_teardown.py
[2024-04-04T21:56:13.236+0000] {processor.py:830} INFO - Processing file /home/airflow/.local/lib/python3.8/site-packages/airflow/example_dags/example_setup_teardown.py for tasks to queue
[2024-04-04T21:56:13.237+0000] {logging_mixin.py:188} INFO - [2024-04-04T21:56:13.237+0000] {dagbag.py:540} INFO - Filling up the DagBag from /home/airflow/.local/lib/python3.8/site-packages/airflow/example_dags/example_setup_teardown.py
[2024-04-04T21:56:13.241+0000] {processor.py:840} INFO - DAG(s) 'example_setup_teardown' retrieved from /home/airflow/.local/lib/python3.8/site-packages/airflow/example_dags/example_setup_teardown.py
[2024-04-04T21:56:13.257+0000] {logging_mixin.py:188} INFO - [2024-04-04T21:56:13.256+0000] {dag.py:3047} INFO - Sync 1 DAGs
[2024-04-04T21:56:13.272+0000] {logging_mixin.py:188} INFO - [2024-04-04T21:56:13.272+0000] {dag.py:3834} INFO - Setting next_dagrun for example_setup_teardown to 2024-04-03 00:00:00+00:00, run_after=2024-04-04 00:00:00+00:00
[2024-04-04T21:56:13.286+0000] {processor.py:183} INFO - Processing /home/airflow/.local/lib/python3.8/site-packages/airflow/example_dags/example_setup_teardown.py took 0.053 seconds
[2024-04-04T21:56:43.416+0000] {processor.py:161} INFO - Started process (PID=2205) to work on /home/airflow/.local/lib/python3.8/site-packages/airflow/example_dags/example_setup_teardown.py
[2024-04-04T21:56:43.417+0000] {processor.py:830} INFO - Processing file /home/airflow/.local/lib/python3.8/site-packages/airflow/example_dags/example_setup_teardown.py for tasks to queue
[2024-04-04T21:56:43.418+0000] {logging_mixin.py:188} INFO - [2024-04-04T21:56:43.418+0000] {dagbag.py:540} INFO - Filling up the DagBag from /home/airflow/.local/lib/python3.8/site-packages/airflow/example_dags/example_setup_teardown.py
[2024-04-04T21:56:43.422+0000] {processor.py:840} INFO - DAG(s) 'example_setup_teardown' retrieved from /home/airflow/.local/lib/python3.8/site-packages/airflow/example_dags/example_setup_teardown.py
[2024-04-04T21:56:43.437+0000] {logging_mixin.py:188} INFO - [2024-04-04T21:56:43.437+0000] {dag.py:3047} INFO - Sync 1 DAGs
[2024-04-04T21:56:43.454+0000] {logging_mixin.py:188} INFO - [2024-04-04T21:56:43.454+0000] {dag.py:3834} INFO - Setting next_dagrun for example_setup_teardown to 2024-04-03 00:00:00+00:00, run_after=2024-04-04 00:00:00+00:00
[2024-04-04T21:56:43.468+0000] {processor.py:183} INFO - Processing /home/airflow/.local/lib/python3.8/site-packages/airflow/example_dags/example_setup_teardown.py took 0.055 seconds
[2024-04-04T21:57:13.614+0000] {processor.py:161} INFO - Started process (PID=2260) to work on /home/airflow/.local/lib/python3.8/site-packages/airflow/example_dags/example_setup_teardown.py
[2024-04-04T21:57:13.615+0000] {processor.py:830} INFO - Processing file /home/airflow/.local/lib/python3.8/site-packages/airflow/example_dags/example_setup_teardown.py for tasks to queue
[2024-04-04T21:57:13.616+0000] {logging_mixin.py:188} INFO - [2024-04-04T21:57:13.616+0000] {dagbag.py:540} INFO - Filling up the DagBag from /home/airflow/.local/lib/python3.8/site-packages/airflow/example_dags/example_setup_teardown.py
[2024-04-04T21:57:13.621+0000] {processor.py:840} INFO - DAG(s) 'example_setup_teardown' retrieved from /home/airflow/.local/lib/python3.8/site-packages/airflow/example_dags/example_setup_teardown.py
[2024-04-04T21:57:13.636+0000] {logging_mixin.py:188} INFO - [2024-04-04T21:57:13.636+0000] {dag.py:3047} INFO - Sync 1 DAGs
[2024-04-04T21:57:13.651+0000] {logging_mixin.py:188} INFO - [2024-04-04T21:57:13.651+0000] {dag.py:3834} INFO - Setting next_dagrun for example_setup_teardown to 2024-04-03 00:00:00+00:00, run_after=2024-04-04 00:00:00+00:00
[2024-04-04T21:57:13.664+0000] {processor.py:183} INFO - Processing /home/airflow/.local/lib/python3.8/site-packages/airflow/example_dags/example_setup_teardown.py took 0.052 seconds
[2024-04-04T21:57:43.887+0000] {processor.py:161} INFO - Started process (PID=2315) to work on /home/airflow/.local/lib/python3.8/site-packages/airflow/example_dags/example_setup_teardown.py
[2024-04-04T21:57:43.888+0000] {processor.py:830} INFO - Processing file /home/airflow/.local/lib/python3.8/site-packages/airflow/example_dags/example_setup_teardown.py for tasks to queue
[2024-04-04T21:57:43.890+0000] {logging_mixin.py:188} INFO - [2024-04-04T21:57:43.890+0000] {dagbag.py:540} INFO - Filling up the DagBag from /home/airflow/.local/lib/python3.8/site-packages/airflow/example_dags/example_setup_teardown.py
[2024-04-04T21:57:43.894+0000] {processor.py:840} INFO - DAG(s) 'example_setup_teardown' retrieved from /home/airflow/.local/lib/python3.8/site-packages/airflow/example_dags/example_setup_teardown.py
[2024-04-04T21:57:43.914+0000] {logging_mixin.py:188} INFO - [2024-04-04T21:57:43.914+0000] {dag.py:3047} INFO - Sync 1 DAGs
[2024-04-04T21:57:43.934+0000] {logging_mixin.py:188} INFO - [2024-04-04T21:57:43.933+0000] {dag.py:3834} INFO - Setting next_dagrun for example_setup_teardown to 2024-04-03 00:00:00+00:00, run_after=2024-04-04 00:00:00+00:00
[2024-04-04T21:57:43.951+0000] {processor.py:183} INFO - Processing /home/airflow/.local/lib/python3.8/site-packages/airflow/example_dags/example_setup_teardown.py took 0.066 seconds
[2024-04-04T21:58:14.079+0000] {processor.py:161} INFO - Started process (PID=2370) to work on /home/airflow/.local/lib/python3.8/site-packages/airflow/example_dags/example_setup_teardown.py
[2024-04-04T21:58:14.080+0000] {processor.py:830} INFO - Processing file /home/airflow/.local/lib/python3.8/site-packages/airflow/example_dags/example_setup_teardown.py for tasks to queue
[2024-04-04T21:58:14.081+0000] {logging_mixin.py:188} INFO - [2024-04-04T21:58:14.081+0000] {dagbag.py:540} INFO - Filling up the DagBag from /home/airflow/.local/lib/python3.8/site-packages/airflow/example_dags/example_setup_teardown.py
[2024-04-04T21:58:14.085+0000] {processor.py:840} INFO - DAG(s) 'example_setup_teardown' retrieved from /home/airflow/.local/lib/python3.8/site-packages/airflow/example_dags/example_setup_teardown.py
[2024-04-04T21:58:14.101+0000] {logging_mixin.py:188} INFO - [2024-04-04T21:58:14.101+0000] {dag.py:3047} INFO - Sync 1 DAGs
[2024-04-04T21:58:14.118+0000] {logging_mixin.py:188} INFO - [2024-04-04T21:58:14.118+0000] {dag.py:3834} INFO - Setting next_dagrun for example_setup_teardown to 2024-04-03 00:00:00+00:00, run_after=2024-04-04 00:00:00+00:00
[2024-04-04T21:58:14.133+0000] {processor.py:183} INFO - Processing /home/airflow/.local/lib/python3.8/site-packages/airflow/example_dags/example_setup_teardown.py took 0.057 seconds
[2024-04-04T21:58:44.678+0000] {processor.py:161} INFO - Started process (PID=2425) to work on /home/airflow/.local/lib/python3.8/site-packages/airflow/example_dags/example_setup_teardown.py
[2024-04-04T21:58:44.680+0000] {processor.py:830} INFO - Processing file /home/airflow/.local/lib/python3.8/site-packages/airflow/example_dags/example_setup_teardown.py for tasks to queue
[2024-04-04T21:58:44.681+0000] {logging_mixin.py:188} INFO - [2024-04-04T21:58:44.681+0000] {dagbag.py:540} INFO - Filling up the DagBag from /home/airflow/.local/lib/python3.8/site-packages/airflow/example_dags/example_setup_teardown.py
[2024-04-04T21:58:44.687+0000] {processor.py:840} INFO - DAG(s) 'example_setup_teardown' retrieved from /home/airflow/.local/lib/python3.8/site-packages/airflow/example_dags/example_setup_teardown.py
[2024-04-04T21:58:44.707+0000] {logging_mixin.py:188} INFO - [2024-04-04T21:58:44.707+0000] {dag.py:3047} INFO - Sync 1 DAGs
[2024-04-04T21:58:44.731+0000] {logging_mixin.py:188} INFO - [2024-04-04T21:58:44.731+0000] {dag.py:3834} INFO - Setting next_dagrun for example_setup_teardown to 2024-04-03 00:00:00+00:00, run_after=2024-04-04 00:00:00+00:00
[2024-04-04T21:58:44.751+0000] {processor.py:183} INFO - Processing /home/airflow/.local/lib/python3.8/site-packages/airflow/example_dags/example_setup_teardown.py took 0.076 seconds
[2024-04-04T21:59:15.789+0000] {processor.py:161} INFO - Started process (PID=2480) to work on /home/airflow/.local/lib/python3.8/site-packages/airflow/example_dags/example_setup_teardown.py
[2024-04-04T21:59:15.790+0000] {processor.py:830} INFO - Processing file /home/airflow/.local/lib/python3.8/site-packages/airflow/example_dags/example_setup_teardown.py for tasks to queue
[2024-04-04T21:59:15.794+0000] {logging_mixin.py:188} INFO - [2024-04-04T21:59:15.793+0000] {dagbag.py:540} INFO - Filling up the DagBag from /home/airflow/.local/lib/python3.8/site-packages/airflow/example_dags/example_setup_teardown.py
[2024-04-04T21:59:15.806+0000] {processor.py:840} INFO - DAG(s) 'example_setup_teardown' retrieved from /home/airflow/.local/lib/python3.8/site-packages/airflow/example_dags/example_setup_teardown.py
[2024-04-04T21:59:15.835+0000] {logging_mixin.py:188} INFO - [2024-04-04T21:59:15.834+0000] {dag.py:3047} INFO - Sync 1 DAGs
[2024-04-04T21:59:15.883+0000] {logging_mixin.py:188} INFO - [2024-04-04T21:59:15.883+0000] {dag.py:3834} INFO - Setting next_dagrun for example_setup_teardown to 2024-04-03 00:00:00+00:00, run_after=2024-04-04 00:00:00+00:00
[2024-04-04T21:59:15.921+0000] {processor.py:183} INFO - Processing /home/airflow/.local/lib/python3.8/site-packages/airflow/example_dags/example_setup_teardown.py took 0.135 seconds
[2024-04-04T21:59:46.318+0000] {processor.py:161} INFO - Started process (PID=2535) to work on /home/airflow/.local/lib/python3.8/site-packages/airflow/example_dags/example_setup_teardown.py
[2024-04-04T21:59:46.326+0000] {processor.py:830} INFO - Processing file /home/airflow/.local/lib/python3.8/site-packages/airflow/example_dags/example_setup_teardown.py for tasks to queue
[2024-04-04T21:59:46.329+0000] {logging_mixin.py:188} INFO - [2024-04-04T21:59:46.329+0000] {dagbag.py:540} INFO - Filling up the DagBag from /home/airflow/.local/lib/python3.8/site-packages/airflow/example_dags/example_setup_teardown.py
[2024-04-04T21:59:46.336+0000] {processor.py:840} INFO - DAG(s) 'example_setup_teardown' retrieved from /home/airflow/.local/lib/python3.8/site-packages/airflow/example_dags/example_setup_teardown.py
[2024-04-04T21:59:46.355+0000] {logging_mixin.py:188} INFO - [2024-04-04T21:59:46.355+0000] {dag.py:3047} INFO - Sync 1 DAGs
[2024-04-04T21:59:46.372+0000] {logging_mixin.py:188} INFO - [2024-04-04T21:59:46.372+0000] {dag.py:3834} INFO - Setting next_dagrun for example_setup_teardown to 2024-04-03 00:00:00+00:00, run_after=2024-04-04 00:00:00+00:00
[2024-04-04T21:59:46.414+0000] {processor.py:183} INFO - Processing /home/airflow/.local/lib/python3.8/site-packages/airflow/example_dags/example_setup_teardown.py took 0.098 seconds
[2024-04-04T22:00:16.806+0000] {processor.py:161} INFO - Started process (PID=2589) to work on /home/airflow/.local/lib/python3.8/site-packages/airflow/example_dags/example_setup_teardown.py
[2024-04-04T22:00:16.835+0000] {processor.py:830} INFO - Processing file /home/airflow/.local/lib/python3.8/site-packages/airflow/example_dags/example_setup_teardown.py for tasks to queue
[2024-04-04T22:00:16.837+0000] {logging_mixin.py:188} INFO - [2024-04-04T22:00:16.836+0000] {dagbag.py:540} INFO - Filling up the DagBag from /home/airflow/.local/lib/python3.8/site-packages/airflow/example_dags/example_setup_teardown.py
[2024-04-04T22:00:16.845+0000] {processor.py:840} INFO - DAG(s) 'example_setup_teardown' retrieved from /home/airflow/.local/lib/python3.8/site-packages/airflow/example_dags/example_setup_teardown.py
[2024-04-04T22:00:16.869+0000] {logging_mixin.py:188} INFO - [2024-04-04T22:00:16.869+0000] {dag.py:3047} INFO - Sync 1 DAGs
[2024-04-04T22:00:16.897+0000] {logging_mixin.py:188} INFO - [2024-04-04T22:00:16.896+0000] {dag.py:3834} INFO - Setting next_dagrun for example_setup_teardown to 2024-04-03 00:00:00+00:00, run_after=2024-04-04 00:00:00+00:00
[2024-04-04T22:00:16.970+0000] {processor.py:183} INFO - Processing /home/airflow/.local/lib/python3.8/site-packages/airflow/example_dags/example_setup_teardown.py took 0.167 seconds
