[2024-04-04T21:36:59.910+0000] {processor.py:161} INFO - Started process (PID=66) to work on /home/airflow/.local/lib/python3.8/site-packages/airflow/example_dags/example_branch_operator.py
[2024-04-04T21:36:59.911+0000] {processor.py:830} INFO - Processing file /home/airflow/.local/lib/python3.8/site-packages/airflow/example_dags/example_branch_operator.py for tasks to queue
[2024-04-04T21:36:59.913+0000] {logging_mixin.py:188} INFO - [2024-04-04T21:36:59.913+0000] {dagbag.py:540} INFO - Filling up the DagBag from /home/airflow/.local/lib/python3.8/site-packages/airflow/example_dags/example_branch_operator.py
[2024-04-04T21:36:59.934+0000] {processor.py:840} INFO - DAG(s) 'example_branch_operator' retrieved from /home/airflow/.local/lib/python3.8/site-packages/airflow/example_dags/example_branch_operator.py
[2024-04-04T21:37:00.066+0000] {logging_mixin.py:188} INFO - [2024-04-04T21:37:00.065+0000] {dag.py:3047} INFO - Sync 1 DAGs
[2024-04-04T21:37:00.093+0000] {logging_mixin.py:188} INFO - [2024-04-04T21:37:00.093+0000] {dag.py:3834} INFO - Setting next_dagrun for example_branch_operator to 2024-04-03 00:00:00+00:00, run_after=2024-04-04 00:00:00+00:00
[2024-04-04T21:37:00.117+0000] {processor.py:183} INFO - Processing /home/airflow/.local/lib/python3.8/site-packages/airflow/example_dags/example_branch_operator.py took 0.210 seconds
[2024-04-04T21:37:30.503+0000] {processor.py:161} INFO - Started process (PID=121) to work on /home/airflow/.local/lib/python3.8/site-packages/airflow/example_dags/example_branch_operator.py
[2024-04-04T21:37:30.504+0000] {processor.py:830} INFO - Processing file /home/airflow/.local/lib/python3.8/site-packages/airflow/example_dags/example_branch_operator.py for tasks to queue
[2024-04-04T21:37:30.505+0000] {logging_mixin.py:188} INFO - [2024-04-04T21:37:30.505+0000] {dagbag.py:540} INFO - Filling up the DagBag from /home/airflow/.local/lib/python3.8/site-packages/airflow/example_dags/example_branch_operator.py
[2024-04-04T21:37:30.517+0000] {processor.py:840} INFO - DAG(s) 'example_branch_operator' retrieved from /home/airflow/.local/lib/python3.8/site-packages/airflow/example_dags/example_branch_operator.py
[2024-04-04T21:37:30.537+0000] {logging_mixin.py:188} INFO - [2024-04-04T21:37:30.537+0000] {dag.py:3047} INFO - Sync 1 DAGs
[2024-04-04T21:37:30.554+0000] {logging_mixin.py:188} INFO - [2024-04-04T21:37:30.553+0000] {dag.py:3834} INFO - Setting next_dagrun for example_branch_operator to 2024-04-03 00:00:00+00:00, run_after=2024-04-04 00:00:00+00:00
[2024-04-04T21:37:30.568+0000] {processor.py:183} INFO - Processing /home/airflow/.local/lib/python3.8/site-packages/airflow/example_dags/example_branch_operator.py took 0.067 seconds
[2024-04-04T21:38:00.612+0000] {processor.py:161} INFO - Started process (PID=176) to work on /home/airflow/.local/lib/python3.8/site-packages/airflow/example_dags/example_branch_operator.py
[2024-04-04T21:38:00.613+0000] {processor.py:830} INFO - Processing file /home/airflow/.local/lib/python3.8/site-packages/airflow/example_dags/example_branch_operator.py for tasks to queue
[2024-04-04T21:38:00.614+0000] {logging_mixin.py:188} INFO - [2024-04-04T21:38:00.614+0000] {dagbag.py:540} INFO - Filling up the DagBag from /home/airflow/.local/lib/python3.8/site-packages/airflow/example_dags/example_branch_operator.py
[2024-04-04T21:38:00.630+0000] {processor.py:840} INFO - DAG(s) 'example_branch_operator' retrieved from /home/airflow/.local/lib/python3.8/site-packages/airflow/example_dags/example_branch_operator.py
[2024-04-04T21:38:00.651+0000] {logging_mixin.py:188} INFO - [2024-04-04T21:38:00.651+0000] {dag.py:3047} INFO - Sync 1 DAGs
[2024-04-04T21:38:00.669+0000] {logging_mixin.py:188} INFO - [2024-04-04T21:38:00.669+0000] {dag.py:3834} INFO - Setting next_dagrun for example_branch_operator to 2024-04-03 00:00:00+00:00, run_after=2024-04-04 00:00:00+00:00
[2024-04-04T21:38:00.685+0000] {processor.py:183} INFO - Processing /home/airflow/.local/lib/python3.8/site-packages/airflow/example_dags/example_branch_operator.py took 0.076 seconds
[2024-04-04T21:38:31.001+0000] {processor.py:161} INFO - Started process (PID=231) to work on /home/airflow/.local/lib/python3.8/site-packages/airflow/example_dags/example_branch_operator.py
[2024-04-04T21:38:31.002+0000] {processor.py:830} INFO - Processing file /home/airflow/.local/lib/python3.8/site-packages/airflow/example_dags/example_branch_operator.py for tasks to queue
[2024-04-04T21:38:31.003+0000] {logging_mixin.py:188} INFO - [2024-04-04T21:38:31.003+0000] {dagbag.py:540} INFO - Filling up the DagBag from /home/airflow/.local/lib/python3.8/site-packages/airflow/example_dags/example_branch_operator.py
[2024-04-04T21:38:31.016+0000] {processor.py:840} INFO - DAG(s) 'example_branch_operator' retrieved from /home/airflow/.local/lib/python3.8/site-packages/airflow/example_dags/example_branch_operator.py
[2024-04-04T21:38:31.037+0000] {logging_mixin.py:188} INFO - [2024-04-04T21:38:31.036+0000] {dag.py:3047} INFO - Sync 1 DAGs
[2024-04-04T21:38:31.055+0000] {logging_mixin.py:188} INFO - [2024-04-04T21:38:31.054+0000] {dag.py:3834} INFO - Setting next_dagrun for example_branch_operator to 2024-04-03 00:00:00+00:00, run_after=2024-04-04 00:00:00+00:00
[2024-04-04T21:38:31.070+0000] {processor.py:183} INFO - Processing /home/airflow/.local/lib/python3.8/site-packages/airflow/example_dags/example_branch_operator.py took 0.071 seconds
[2024-04-04T21:39:01.430+0000] {processor.py:161} INFO - Started process (PID=287) to work on /home/airflow/.local/lib/python3.8/site-packages/airflow/example_dags/example_branch_operator.py
[2024-04-04T21:39:01.431+0000] {processor.py:830} INFO - Processing file /home/airflow/.local/lib/python3.8/site-packages/airflow/example_dags/example_branch_operator.py for tasks to queue
[2024-04-04T21:39:01.432+0000] {logging_mixin.py:188} INFO - [2024-04-04T21:39:01.432+0000] {dagbag.py:540} INFO - Filling up the DagBag from /home/airflow/.local/lib/python3.8/site-packages/airflow/example_dags/example_branch_operator.py
[2024-04-04T21:39:01.446+0000] {processor.py:840} INFO - DAG(s) 'example_branch_operator' retrieved from /home/airflow/.local/lib/python3.8/site-packages/airflow/example_dags/example_branch_operator.py
[2024-04-04T21:39:01.466+0000] {logging_mixin.py:188} INFO - [2024-04-04T21:39:01.466+0000] {dag.py:3047} INFO - Sync 1 DAGs
[2024-04-04T21:39:01.485+0000] {logging_mixin.py:188} INFO - [2024-04-04T21:39:01.484+0000] {dag.py:3834} INFO - Setting next_dagrun for example_branch_operator to 2024-04-03 00:00:00+00:00, run_after=2024-04-04 00:00:00+00:00
[2024-04-04T21:39:01.503+0000] {processor.py:183} INFO - Processing /home/airflow/.local/lib/python3.8/site-packages/airflow/example_dags/example_branch_operator.py took 0.076 seconds
[2024-04-04T21:39:31.532+0000] {processor.py:161} INFO - Started process (PID=342) to work on /home/airflow/.local/lib/python3.8/site-packages/airflow/example_dags/example_branch_operator.py
[2024-04-04T21:39:31.533+0000] {processor.py:830} INFO - Processing file /home/airflow/.local/lib/python3.8/site-packages/airflow/example_dags/example_branch_operator.py for tasks to queue
[2024-04-04T21:39:31.535+0000] {logging_mixin.py:188} INFO - [2024-04-04T21:39:31.535+0000] {dagbag.py:540} INFO - Filling up the DagBag from /home/airflow/.local/lib/python3.8/site-packages/airflow/example_dags/example_branch_operator.py
[2024-04-04T21:39:31.550+0000] {processor.py:840} INFO - DAG(s) 'example_branch_operator' retrieved from /home/airflow/.local/lib/python3.8/site-packages/airflow/example_dags/example_branch_operator.py
[2024-04-04T21:39:31.572+0000] {logging_mixin.py:188} INFO - [2024-04-04T21:39:31.572+0000] {dag.py:3047} INFO - Sync 1 DAGs
[2024-04-04T21:39:31.589+0000] {logging_mixin.py:188} INFO - [2024-04-04T21:39:31.589+0000] {dag.py:3834} INFO - Setting next_dagrun for example_branch_operator to 2024-04-03 00:00:00+00:00, run_after=2024-04-04 00:00:00+00:00
[2024-04-04T21:39:31.605+0000] {processor.py:183} INFO - Processing /home/airflow/.local/lib/python3.8/site-packages/airflow/example_dags/example_branch_operator.py took 0.075 seconds
[2024-04-04T21:40:01.794+0000] {processor.py:161} INFO - Started process (PID=397) to work on /home/airflow/.local/lib/python3.8/site-packages/airflow/example_dags/example_branch_operator.py
[2024-04-04T21:40:01.795+0000] {processor.py:830} INFO - Processing file /home/airflow/.local/lib/python3.8/site-packages/airflow/example_dags/example_branch_operator.py for tasks to queue
[2024-04-04T21:40:01.796+0000] {logging_mixin.py:188} INFO - [2024-04-04T21:40:01.796+0000] {dagbag.py:540} INFO - Filling up the DagBag from /home/airflow/.local/lib/python3.8/site-packages/airflow/example_dags/example_branch_operator.py
[2024-04-04T21:40:01.808+0000] {processor.py:840} INFO - DAG(s) 'example_branch_operator' retrieved from /home/airflow/.local/lib/python3.8/site-packages/airflow/example_dags/example_branch_operator.py
[2024-04-04T21:40:01.829+0000] {logging_mixin.py:188} INFO - [2024-04-04T21:40:01.829+0000] {dag.py:3047} INFO - Sync 1 DAGs
[2024-04-04T21:40:01.849+0000] {logging_mixin.py:188} INFO - [2024-04-04T21:40:01.849+0000] {dag.py:3834} INFO - Setting next_dagrun for example_branch_operator to 2024-04-03 00:00:00+00:00, run_after=2024-04-04 00:00:00+00:00
[2024-04-04T21:40:01.867+0000] {processor.py:183} INFO - Processing /home/airflow/.local/lib/python3.8/site-packages/airflow/example_dags/example_branch_operator.py took 0.075 seconds
[2024-04-04T21:40:32.054+0000] {processor.py:161} INFO - Started process (PID=452) to work on /home/airflow/.local/lib/python3.8/site-packages/airflow/example_dags/example_branch_operator.py
[2024-04-04T21:40:32.055+0000] {processor.py:830} INFO - Processing file /home/airflow/.local/lib/python3.8/site-packages/airflow/example_dags/example_branch_operator.py for tasks to queue
[2024-04-04T21:40:32.056+0000] {logging_mixin.py:188} INFO - [2024-04-04T21:40:32.056+0000] {dagbag.py:540} INFO - Filling up the DagBag from /home/airflow/.local/lib/python3.8/site-packages/airflow/example_dags/example_branch_operator.py
[2024-04-04T21:40:32.070+0000] {processor.py:840} INFO - DAG(s) 'example_branch_operator' retrieved from /home/airflow/.local/lib/python3.8/site-packages/airflow/example_dags/example_branch_operator.py
[2024-04-04T21:40:32.090+0000] {logging_mixin.py:188} INFO - [2024-04-04T21:40:32.090+0000] {dag.py:3047} INFO - Sync 1 DAGs
[2024-04-04T21:40:32.106+0000] {logging_mixin.py:188} INFO - [2024-04-04T21:40:32.106+0000] {dag.py:3834} INFO - Setting next_dagrun for example_branch_operator to 2024-04-03 00:00:00+00:00, run_after=2024-04-04 00:00:00+00:00
[2024-04-04T21:40:32.119+0000] {processor.py:183} INFO - Processing /home/airflow/.local/lib/python3.8/site-packages/airflow/example_dags/example_branch_operator.py took 0.067 seconds
[2024-04-04T21:41:02.255+0000] {processor.py:161} INFO - Started process (PID=507) to work on /home/airflow/.local/lib/python3.8/site-packages/airflow/example_dags/example_branch_operator.py
[2024-04-04T21:41:02.255+0000] {processor.py:830} INFO - Processing file /home/airflow/.local/lib/python3.8/site-packages/airflow/example_dags/example_branch_operator.py for tasks to queue
[2024-04-04T21:41:02.257+0000] {logging_mixin.py:188} INFO - [2024-04-04T21:41:02.256+0000] {dagbag.py:540} INFO - Filling up the DagBag from /home/airflow/.local/lib/python3.8/site-packages/airflow/example_dags/example_branch_operator.py
[2024-04-04T21:41:02.270+0000] {processor.py:840} INFO - DAG(s) 'example_branch_operator' retrieved from /home/airflow/.local/lib/python3.8/site-packages/airflow/example_dags/example_branch_operator.py
[2024-04-04T21:41:02.291+0000] {logging_mixin.py:188} INFO - [2024-04-04T21:41:02.290+0000] {dag.py:3047} INFO - Sync 1 DAGs
[2024-04-04T21:41:02.308+0000] {logging_mixin.py:188} INFO - [2024-04-04T21:41:02.308+0000] {dag.py:3834} INFO - Setting next_dagrun for example_branch_operator to 2024-04-03 00:00:00+00:00, run_after=2024-04-04 00:00:00+00:00
[2024-04-04T21:41:02.322+0000] {processor.py:183} INFO - Processing /home/airflow/.local/lib/python3.8/site-packages/airflow/example_dags/example_branch_operator.py took 0.070 seconds
[2024-04-04T21:41:32.724+0000] {processor.py:161} INFO - Started process (PID=562) to work on /home/airflow/.local/lib/python3.8/site-packages/airflow/example_dags/example_branch_operator.py
[2024-04-04T21:41:32.724+0000] {processor.py:830} INFO - Processing file /home/airflow/.local/lib/python3.8/site-packages/airflow/example_dags/example_branch_operator.py for tasks to queue
[2024-04-04T21:41:32.726+0000] {logging_mixin.py:188} INFO - [2024-04-04T21:41:32.725+0000] {dagbag.py:540} INFO - Filling up the DagBag from /home/airflow/.local/lib/python3.8/site-packages/airflow/example_dags/example_branch_operator.py
[2024-04-04T21:41:32.739+0000] {processor.py:840} INFO - DAG(s) 'example_branch_operator' retrieved from /home/airflow/.local/lib/python3.8/site-packages/airflow/example_dags/example_branch_operator.py
[2024-04-04T21:41:32.760+0000] {logging_mixin.py:188} INFO - [2024-04-04T21:41:32.760+0000] {dag.py:3047} INFO - Sync 1 DAGs
[2024-04-04T21:41:32.778+0000] {logging_mixin.py:188} INFO - [2024-04-04T21:41:32.778+0000] {dag.py:3834} INFO - Setting next_dagrun for example_branch_operator to 2024-04-03 00:00:00+00:00, run_after=2024-04-04 00:00:00+00:00
[2024-04-04T21:41:32.794+0000] {processor.py:183} INFO - Processing /home/airflow/.local/lib/python3.8/site-packages/airflow/example_dags/example_branch_operator.py took 0.072 seconds
[2024-04-04T21:42:03.239+0000] {processor.py:161} INFO - Started process (PID=617) to work on /home/airflow/.local/lib/python3.8/site-packages/airflow/example_dags/example_branch_operator.py
[2024-04-04T21:42:03.240+0000] {processor.py:830} INFO - Processing file /home/airflow/.local/lib/python3.8/site-packages/airflow/example_dags/example_branch_operator.py for tasks to queue
[2024-04-04T21:42:03.242+0000] {logging_mixin.py:188} INFO - [2024-04-04T21:42:03.242+0000] {dagbag.py:540} INFO - Filling up the DagBag from /home/airflow/.local/lib/python3.8/site-packages/airflow/example_dags/example_branch_operator.py
[2024-04-04T21:42:03.258+0000] {processor.py:840} INFO - DAG(s) 'example_branch_operator' retrieved from /home/airflow/.local/lib/python3.8/site-packages/airflow/example_dags/example_branch_operator.py
[2024-04-04T21:42:03.292+0000] {logging_mixin.py:188} INFO - [2024-04-04T21:42:03.292+0000] {dag.py:3047} INFO - Sync 1 DAGs
[2024-04-04T21:42:03.321+0000] {logging_mixin.py:188} INFO - [2024-04-04T21:42:03.321+0000] {dag.py:3834} INFO - Setting next_dagrun for example_branch_operator to 2024-04-03 00:00:00+00:00, run_after=2024-04-04 00:00:00+00:00
[2024-04-04T21:42:03.344+0000] {processor.py:183} INFO - Processing /home/airflow/.local/lib/python3.8/site-packages/airflow/example_dags/example_branch_operator.py took 0.108 seconds
[2024-04-04T21:42:33.729+0000] {processor.py:161} INFO - Started process (PID=673) to work on /home/airflow/.local/lib/python3.8/site-packages/airflow/example_dags/example_branch_operator.py
[2024-04-04T21:42:33.730+0000] {processor.py:830} INFO - Processing file /home/airflow/.local/lib/python3.8/site-packages/airflow/example_dags/example_branch_operator.py for tasks to queue
[2024-04-04T21:42:33.731+0000] {logging_mixin.py:188} INFO - [2024-04-04T21:42:33.731+0000] {dagbag.py:540} INFO - Filling up the DagBag from /home/airflow/.local/lib/python3.8/site-packages/airflow/example_dags/example_branch_operator.py
[2024-04-04T21:42:33.745+0000] {processor.py:840} INFO - DAG(s) 'example_branch_operator' retrieved from /home/airflow/.local/lib/python3.8/site-packages/airflow/example_dags/example_branch_operator.py
[2024-04-04T21:42:33.767+0000] {logging_mixin.py:188} INFO - [2024-04-04T21:42:33.767+0000] {dag.py:3047} INFO - Sync 1 DAGs
[2024-04-04T21:42:33.786+0000] {logging_mixin.py:188} INFO - [2024-04-04T21:42:33.786+0000] {dag.py:3834} INFO - Setting next_dagrun for example_branch_operator to 2024-04-03 00:00:00+00:00, run_after=2024-04-04 00:00:00+00:00
[2024-04-04T21:42:33.804+0000] {processor.py:183} INFO - Processing /home/airflow/.local/lib/python3.8/site-packages/airflow/example_dags/example_branch_operator.py took 0.077 seconds
[2024-04-04T21:43:04.465+0000] {processor.py:161} INFO - Started process (PID=728) to work on /home/airflow/.local/lib/python3.8/site-packages/airflow/example_dags/example_branch_operator.py
[2024-04-04T21:43:04.466+0000] {processor.py:830} INFO - Processing file /home/airflow/.local/lib/python3.8/site-packages/airflow/example_dags/example_branch_operator.py for tasks to queue
[2024-04-04T21:43:04.468+0000] {logging_mixin.py:188} INFO - [2024-04-04T21:43:04.468+0000] {dagbag.py:540} INFO - Filling up the DagBag from /home/airflow/.local/lib/python3.8/site-packages/airflow/example_dags/example_branch_operator.py
[2024-04-04T21:43:04.484+0000] {processor.py:840} INFO - DAG(s) 'example_branch_operator' retrieved from /home/airflow/.local/lib/python3.8/site-packages/airflow/example_dags/example_branch_operator.py
[2024-04-04T21:43:04.508+0000] {logging_mixin.py:188} INFO - [2024-04-04T21:43:04.508+0000] {dag.py:3047} INFO - Sync 1 DAGs
[2024-04-04T21:43:04.527+0000] {logging_mixin.py:188} INFO - [2024-04-04T21:43:04.527+0000] {dag.py:3834} INFO - Setting next_dagrun for example_branch_operator to 2024-04-03 00:00:00+00:00, run_after=2024-04-04 00:00:00+00:00
[2024-04-04T21:43:04.543+0000] {processor.py:183} INFO - Processing /home/airflow/.local/lib/python3.8/site-packages/airflow/example_dags/example_branch_operator.py took 0.080 seconds
[2024-04-04T21:43:34.671+0000] {processor.py:161} INFO - Started process (PID=783) to work on /home/airflow/.local/lib/python3.8/site-packages/airflow/example_dags/example_branch_operator.py
[2024-04-04T21:43:34.672+0000] {processor.py:830} INFO - Processing file /home/airflow/.local/lib/python3.8/site-packages/airflow/example_dags/example_branch_operator.py for tasks to queue
[2024-04-04T21:43:34.673+0000] {logging_mixin.py:188} INFO - [2024-04-04T21:43:34.673+0000] {dagbag.py:540} INFO - Filling up the DagBag from /home/airflow/.local/lib/python3.8/site-packages/airflow/example_dags/example_branch_operator.py
[2024-04-04T21:43:34.686+0000] {processor.py:840} INFO - DAG(s) 'example_branch_operator' retrieved from /home/airflow/.local/lib/python3.8/site-packages/airflow/example_dags/example_branch_operator.py
[2024-04-04T21:43:34.709+0000] {logging_mixin.py:188} INFO - [2024-04-04T21:43:34.709+0000] {dag.py:3047} INFO - Sync 1 DAGs
[2024-04-04T21:43:34.727+0000] {logging_mixin.py:188} INFO - [2024-04-04T21:43:34.726+0000] {dag.py:3834} INFO - Setting next_dagrun for example_branch_operator to 2024-04-03 00:00:00+00:00, run_after=2024-04-04 00:00:00+00:00
[2024-04-04T21:43:34.742+0000] {processor.py:183} INFO - Processing /home/airflow/.local/lib/python3.8/site-packages/airflow/example_dags/example_branch_operator.py took 0.073 seconds
[2024-04-04T21:44:05.186+0000] {processor.py:161} INFO - Started process (PID=838) to work on /home/airflow/.local/lib/python3.8/site-packages/airflow/example_dags/example_branch_operator.py
[2024-04-04T21:44:05.187+0000] {processor.py:830} INFO - Processing file /home/airflow/.local/lib/python3.8/site-packages/airflow/example_dags/example_branch_operator.py for tasks to queue
[2024-04-04T21:44:05.189+0000] {logging_mixin.py:188} INFO - [2024-04-04T21:44:05.189+0000] {dagbag.py:540} INFO - Filling up the DagBag from /home/airflow/.local/lib/python3.8/site-packages/airflow/example_dags/example_branch_operator.py
[2024-04-04T21:44:05.207+0000] {processor.py:840} INFO - DAG(s) 'example_branch_operator' retrieved from /home/airflow/.local/lib/python3.8/site-packages/airflow/example_dags/example_branch_operator.py
[2024-04-04T21:44:05.235+0000] {logging_mixin.py:188} INFO - [2024-04-04T21:44:05.235+0000] {dag.py:3047} INFO - Sync 1 DAGs
[2024-04-04T21:44:05.257+0000] {logging_mixin.py:188} INFO - [2024-04-04T21:44:05.257+0000] {dag.py:3834} INFO - Setting next_dagrun for example_branch_operator to 2024-04-03 00:00:00+00:00, run_after=2024-04-04 00:00:00+00:00
[2024-04-04T21:44:05.277+0000] {processor.py:183} INFO - Processing /home/airflow/.local/lib/python3.8/site-packages/airflow/example_dags/example_branch_operator.py took 0.093 seconds
[2024-04-04T21:44:35.779+0000] {processor.py:161} INFO - Started process (PID=893) to work on /home/airflow/.local/lib/python3.8/site-packages/airflow/example_dags/example_branch_operator.py
[2024-04-04T21:44:35.780+0000] {processor.py:830} INFO - Processing file /home/airflow/.local/lib/python3.8/site-packages/airflow/example_dags/example_branch_operator.py for tasks to queue
[2024-04-04T21:44:35.781+0000] {logging_mixin.py:188} INFO - [2024-04-04T21:44:35.781+0000] {dagbag.py:540} INFO - Filling up the DagBag from /home/airflow/.local/lib/python3.8/site-packages/airflow/example_dags/example_branch_operator.py
[2024-04-04T21:44:35.793+0000] {processor.py:840} INFO - DAG(s) 'example_branch_operator' retrieved from /home/airflow/.local/lib/python3.8/site-packages/airflow/example_dags/example_branch_operator.py
[2024-04-04T21:44:35.815+0000] {logging_mixin.py:188} INFO - [2024-04-04T21:44:35.815+0000] {dag.py:3047} INFO - Sync 1 DAGs
[2024-04-04T21:44:35.832+0000] {logging_mixin.py:188} INFO - [2024-04-04T21:44:35.832+0000] {dag.py:3834} INFO - Setting next_dagrun for example_branch_operator to 2024-04-03 00:00:00+00:00, run_after=2024-04-04 00:00:00+00:00
[2024-04-04T21:44:35.847+0000] {processor.py:183} INFO - Processing /home/airflow/.local/lib/python3.8/site-packages/airflow/example_dags/example_branch_operator.py took 0.070 seconds
[2024-04-04T21:45:05.879+0000] {processor.py:161} INFO - Started process (PID=948) to work on /home/airflow/.local/lib/python3.8/site-packages/airflow/example_dags/example_branch_operator.py
[2024-04-04T21:45:05.880+0000] {processor.py:830} INFO - Processing file /home/airflow/.local/lib/python3.8/site-packages/airflow/example_dags/example_branch_operator.py for tasks to queue
[2024-04-04T21:45:05.881+0000] {logging_mixin.py:188} INFO - [2024-04-04T21:45:05.881+0000] {dagbag.py:540} INFO - Filling up the DagBag from /home/airflow/.local/lib/python3.8/site-packages/airflow/example_dags/example_branch_operator.py
[2024-04-04T21:45:05.894+0000] {processor.py:840} INFO - DAG(s) 'example_branch_operator' retrieved from /home/airflow/.local/lib/python3.8/site-packages/airflow/example_dags/example_branch_operator.py
[2024-04-04T21:45:05.915+0000] {logging_mixin.py:188} INFO - [2024-04-04T21:45:05.915+0000] {dag.py:3047} INFO - Sync 1 DAGs
[2024-04-04T21:45:05.932+0000] {logging_mixin.py:188} INFO - [2024-04-04T21:45:05.931+0000] {dag.py:3834} INFO - Setting next_dagrun for example_branch_operator to 2024-04-03 00:00:00+00:00, run_after=2024-04-04 00:00:00+00:00
[2024-04-04T21:45:05.946+0000] {processor.py:183} INFO - Processing /home/airflow/.local/lib/python3.8/site-packages/airflow/example_dags/example_branch_operator.py took 0.069 seconds
[2024-04-04T21:45:35.985+0000] {processor.py:161} INFO - Started process (PID=1003) to work on /home/airflow/.local/lib/python3.8/site-packages/airflow/example_dags/example_branch_operator.py
[2024-04-04T21:45:35.986+0000] {processor.py:830} INFO - Processing file /home/airflow/.local/lib/python3.8/site-packages/airflow/example_dags/example_branch_operator.py for tasks to queue
[2024-04-04T21:45:35.987+0000] {logging_mixin.py:188} INFO - [2024-04-04T21:45:35.987+0000] {dagbag.py:540} INFO - Filling up the DagBag from /home/airflow/.local/lib/python3.8/site-packages/airflow/example_dags/example_branch_operator.py
[2024-04-04T21:45:36.001+0000] {processor.py:840} INFO - DAG(s) 'example_branch_operator' retrieved from /home/airflow/.local/lib/python3.8/site-packages/airflow/example_dags/example_branch_operator.py
[2024-04-04T21:45:36.022+0000] {logging_mixin.py:188} INFO - [2024-04-04T21:45:36.021+0000] {dag.py:3047} INFO - Sync 1 DAGs
[2024-04-04T21:45:36.042+0000] {logging_mixin.py:188} INFO - [2024-04-04T21:45:36.042+0000] {dag.py:3834} INFO - Setting next_dagrun for example_branch_operator to 2024-04-03 00:00:00+00:00, run_after=2024-04-04 00:00:00+00:00
[2024-04-04T21:45:36.060+0000] {processor.py:183} INFO - Processing /home/airflow/.local/lib/python3.8/site-packages/airflow/example_dags/example_branch_operator.py took 0.078 seconds
[2024-04-04T21:46:06.325+0000] {processor.py:161} INFO - Started process (PID=1058) to work on /home/airflow/.local/lib/python3.8/site-packages/airflow/example_dags/example_branch_operator.py
[2024-04-04T21:46:06.326+0000] {processor.py:830} INFO - Processing file /home/airflow/.local/lib/python3.8/site-packages/airflow/example_dags/example_branch_operator.py for tasks to queue
[2024-04-04T21:46:06.327+0000] {logging_mixin.py:188} INFO - [2024-04-04T21:46:06.327+0000] {dagbag.py:540} INFO - Filling up the DagBag from /home/airflow/.local/lib/python3.8/site-packages/airflow/example_dags/example_branch_operator.py
[2024-04-04T21:46:06.340+0000] {processor.py:840} INFO - DAG(s) 'example_branch_operator' retrieved from /home/airflow/.local/lib/python3.8/site-packages/airflow/example_dags/example_branch_operator.py
[2024-04-04T21:46:06.361+0000] {logging_mixin.py:188} INFO - [2024-04-04T21:46:06.361+0000] {dag.py:3047} INFO - Sync 1 DAGs
[2024-04-04T21:46:06.382+0000] {logging_mixin.py:188} INFO - [2024-04-04T21:46:06.382+0000] {dag.py:3834} INFO - Setting next_dagrun for example_branch_operator to 2024-04-03 00:00:00+00:00, run_after=2024-04-04 00:00:00+00:00
[2024-04-04T21:46:06.399+0000] {processor.py:183} INFO - Processing /home/airflow/.local/lib/python3.8/site-packages/airflow/example_dags/example_branch_operator.py took 0.076 seconds
[2024-04-04T21:46:36.549+0000] {processor.py:161} INFO - Started process (PID=1113) to work on /home/airflow/.local/lib/python3.8/site-packages/airflow/example_dags/example_branch_operator.py
[2024-04-04T21:46:36.550+0000] {processor.py:830} INFO - Processing file /home/airflow/.local/lib/python3.8/site-packages/airflow/example_dags/example_branch_operator.py for tasks to queue
[2024-04-04T21:46:36.552+0000] {logging_mixin.py:188} INFO - [2024-04-04T21:46:36.551+0000] {dagbag.py:540} INFO - Filling up the DagBag from /home/airflow/.local/lib/python3.8/site-packages/airflow/example_dags/example_branch_operator.py
[2024-04-04T21:46:36.565+0000] {processor.py:840} INFO - DAG(s) 'example_branch_operator' retrieved from /home/airflow/.local/lib/python3.8/site-packages/airflow/example_dags/example_branch_operator.py
[2024-04-04T21:46:36.587+0000] {logging_mixin.py:188} INFO - [2024-04-04T21:46:36.587+0000] {dag.py:3047} INFO - Sync 1 DAGs
[2024-04-04T21:46:36.607+0000] {logging_mixin.py:188} INFO - [2024-04-04T21:46:36.607+0000] {dag.py:3834} INFO - Setting next_dagrun for example_branch_operator to 2024-04-03 00:00:00+00:00, run_after=2024-04-04 00:00:00+00:00
[2024-04-04T21:46:36.623+0000] {processor.py:183} INFO - Processing /home/airflow/.local/lib/python3.8/site-packages/airflow/example_dags/example_branch_operator.py took 0.076 seconds
[2024-04-04T21:47:06.894+0000] {processor.py:161} INFO - Started process (PID=1168) to work on /home/airflow/.local/lib/python3.8/site-packages/airflow/example_dags/example_branch_operator.py
[2024-04-04T21:47:06.895+0000] {processor.py:830} INFO - Processing file /home/airflow/.local/lib/python3.8/site-packages/airflow/example_dags/example_branch_operator.py for tasks to queue
[2024-04-04T21:47:06.897+0000] {logging_mixin.py:188} INFO - [2024-04-04T21:47:06.897+0000] {dagbag.py:540} INFO - Filling up the DagBag from /home/airflow/.local/lib/python3.8/site-packages/airflow/example_dags/example_branch_operator.py
[2024-04-04T21:47:06.917+0000] {processor.py:840} INFO - DAG(s) 'example_branch_operator' retrieved from /home/airflow/.local/lib/python3.8/site-packages/airflow/example_dags/example_branch_operator.py
[2024-04-04T21:47:06.941+0000] {logging_mixin.py:188} INFO - [2024-04-04T21:47:06.941+0000] {dag.py:3047} INFO - Sync 1 DAGs
[2024-04-04T21:47:06.964+0000] {logging_mixin.py:188} INFO - [2024-04-04T21:47:06.964+0000] {dag.py:3834} INFO - Setting next_dagrun for example_branch_operator to 2024-04-03 00:00:00+00:00, run_after=2024-04-04 00:00:00+00:00
[2024-04-04T21:47:06.981+0000] {processor.py:183} INFO - Processing /home/airflow/.local/lib/python3.8/site-packages/airflow/example_dags/example_branch_operator.py took 0.090 seconds
[2024-04-04T21:47:37.236+0000] {processor.py:161} INFO - Started process (PID=1223) to work on /home/airflow/.local/lib/python3.8/site-packages/airflow/example_dags/example_branch_operator.py
[2024-04-04T21:47:37.237+0000] {processor.py:830} INFO - Processing file /home/airflow/.local/lib/python3.8/site-packages/airflow/example_dags/example_branch_operator.py for tasks to queue
[2024-04-04T21:47:37.239+0000] {logging_mixin.py:188} INFO - [2024-04-04T21:47:37.238+0000] {dagbag.py:540} INFO - Filling up the DagBag from /home/airflow/.local/lib/python3.8/site-packages/airflow/example_dags/example_branch_operator.py
[2024-04-04T21:47:37.253+0000] {processor.py:840} INFO - DAG(s) 'example_branch_operator' retrieved from /home/airflow/.local/lib/python3.8/site-packages/airflow/example_dags/example_branch_operator.py
[2024-04-04T21:47:37.278+0000] {logging_mixin.py:188} INFO - [2024-04-04T21:47:37.277+0000] {dag.py:3047} INFO - Sync 1 DAGs
[2024-04-04T21:47:37.298+0000] {logging_mixin.py:188} INFO - [2024-04-04T21:47:37.297+0000] {dag.py:3834} INFO - Setting next_dagrun for example_branch_operator to 2024-04-03 00:00:00+00:00, run_after=2024-04-04 00:00:00+00:00
[2024-04-04T21:47:37.318+0000] {processor.py:183} INFO - Processing /home/airflow/.local/lib/python3.8/site-packages/airflow/example_dags/example_branch_operator.py took 0.084 seconds
[2024-04-04T21:48:07.771+0000] {processor.py:161} INFO - Started process (PID=1278) to work on /home/airflow/.local/lib/python3.8/site-packages/airflow/example_dags/example_branch_operator.py
[2024-04-04T21:48:07.772+0000] {processor.py:830} INFO - Processing file /home/airflow/.local/lib/python3.8/site-packages/airflow/example_dags/example_branch_operator.py for tasks to queue
[2024-04-04T21:48:07.773+0000] {logging_mixin.py:188} INFO - [2024-04-04T21:48:07.773+0000] {dagbag.py:540} INFO - Filling up the DagBag from /home/airflow/.local/lib/python3.8/site-packages/airflow/example_dags/example_branch_operator.py
[2024-04-04T21:48:07.786+0000] {processor.py:840} INFO - DAG(s) 'example_branch_operator' retrieved from /home/airflow/.local/lib/python3.8/site-packages/airflow/example_dags/example_branch_operator.py
[2024-04-04T21:48:07.813+0000] {logging_mixin.py:188} INFO - [2024-04-04T21:48:07.813+0000] {dag.py:3047} INFO - Sync 1 DAGs
[2024-04-04T21:48:07.833+0000] {logging_mixin.py:188} INFO - [2024-04-04T21:48:07.832+0000] {dag.py:3834} INFO - Setting next_dagrun for example_branch_operator to 2024-04-03 00:00:00+00:00, run_after=2024-04-04 00:00:00+00:00
[2024-04-04T21:48:07.852+0000] {processor.py:183} INFO - Processing /home/airflow/.local/lib/python3.8/site-packages/airflow/example_dags/example_branch_operator.py took 0.083 seconds
[2024-04-04T21:48:37.875+0000] {processor.py:161} INFO - Started process (PID=1333) to work on /home/airflow/.local/lib/python3.8/site-packages/airflow/example_dags/example_branch_operator.py
[2024-04-04T21:48:37.876+0000] {processor.py:830} INFO - Processing file /home/airflow/.local/lib/python3.8/site-packages/airflow/example_dags/example_branch_operator.py for tasks to queue
[2024-04-04T21:48:37.877+0000] {logging_mixin.py:188} INFO - [2024-04-04T21:48:37.877+0000] {dagbag.py:540} INFO - Filling up the DagBag from /home/airflow/.local/lib/python3.8/site-packages/airflow/example_dags/example_branch_operator.py
[2024-04-04T21:48:37.890+0000] {processor.py:840} INFO - DAG(s) 'example_branch_operator' retrieved from /home/airflow/.local/lib/python3.8/site-packages/airflow/example_dags/example_branch_operator.py
[2024-04-04T21:48:37.911+0000] {logging_mixin.py:188} INFO - [2024-04-04T21:48:37.910+0000] {dag.py:3047} INFO - Sync 1 DAGs
[2024-04-04T21:48:37.928+0000] {logging_mixin.py:188} INFO - [2024-04-04T21:48:37.928+0000] {dag.py:3834} INFO - Setting next_dagrun for example_branch_operator to 2024-04-03 00:00:00+00:00, run_after=2024-04-04 00:00:00+00:00
[2024-04-04T21:48:37.943+0000] {processor.py:183} INFO - Processing /home/airflow/.local/lib/python3.8/site-packages/airflow/example_dags/example_branch_operator.py took 0.071 seconds
[2024-04-04T21:49:08.251+0000] {processor.py:161} INFO - Started process (PID=1388) to work on /home/airflow/.local/lib/python3.8/site-packages/airflow/example_dags/example_branch_operator.py
[2024-04-04T21:49:08.252+0000] {processor.py:830} INFO - Processing file /home/airflow/.local/lib/python3.8/site-packages/airflow/example_dags/example_branch_operator.py for tasks to queue
[2024-04-04T21:49:08.253+0000] {logging_mixin.py:188} INFO - [2024-04-04T21:49:08.253+0000] {dagbag.py:540} INFO - Filling up the DagBag from /home/airflow/.local/lib/python3.8/site-packages/airflow/example_dags/example_branch_operator.py
[2024-04-04T21:49:08.270+0000] {processor.py:840} INFO - DAG(s) 'example_branch_operator' retrieved from /home/airflow/.local/lib/python3.8/site-packages/airflow/example_dags/example_branch_operator.py
[2024-04-04T21:49:08.292+0000] {logging_mixin.py:188} INFO - [2024-04-04T21:49:08.292+0000] {dag.py:3047} INFO - Sync 1 DAGs
[2024-04-04T21:49:08.311+0000] {logging_mixin.py:188} INFO - [2024-04-04T21:49:08.310+0000] {dag.py:3834} INFO - Setting next_dagrun for example_branch_operator to 2024-04-03 00:00:00+00:00, run_after=2024-04-04 00:00:00+00:00
[2024-04-04T21:49:08.329+0000] {processor.py:183} INFO - Processing /home/airflow/.local/lib/python3.8/site-packages/airflow/example_dags/example_branch_operator.py took 0.081 seconds
[2024-04-04T21:49:38.816+0000] {processor.py:161} INFO - Started process (PID=1443) to work on /home/airflow/.local/lib/python3.8/site-packages/airflow/example_dags/example_branch_operator.py
[2024-04-04T21:49:38.816+0000] {processor.py:830} INFO - Processing file /home/airflow/.local/lib/python3.8/site-packages/airflow/example_dags/example_branch_operator.py for tasks to queue
[2024-04-04T21:49:38.818+0000] {logging_mixin.py:188} INFO - [2024-04-04T21:49:38.817+0000] {dagbag.py:540} INFO - Filling up the DagBag from /home/airflow/.local/lib/python3.8/site-packages/airflow/example_dags/example_branch_operator.py
[2024-04-04T21:49:38.830+0000] {processor.py:840} INFO - DAG(s) 'example_branch_operator' retrieved from /home/airflow/.local/lib/python3.8/site-packages/airflow/example_dags/example_branch_operator.py
[2024-04-04T21:49:38.850+0000] {logging_mixin.py:188} INFO - [2024-04-04T21:49:38.850+0000] {dag.py:3047} INFO - Sync 1 DAGs
[2024-04-04T21:49:38.868+0000] {logging_mixin.py:188} INFO - [2024-04-04T21:49:38.867+0000] {dag.py:3834} INFO - Setting next_dagrun for example_branch_operator to 2024-04-03 00:00:00+00:00, run_after=2024-04-04 00:00:00+00:00
[2024-04-04T21:49:38.884+0000] {processor.py:183} INFO - Processing /home/airflow/.local/lib/python3.8/site-packages/airflow/example_dags/example_branch_operator.py took 0.071 seconds
[2024-04-04T21:50:09.137+0000] {processor.py:161} INFO - Started process (PID=1498) to work on /home/airflow/.local/lib/python3.8/site-packages/airflow/example_dags/example_branch_operator.py
[2024-04-04T21:50:09.138+0000] {processor.py:830} INFO - Processing file /home/airflow/.local/lib/python3.8/site-packages/airflow/example_dags/example_branch_operator.py for tasks to queue
[2024-04-04T21:50:09.139+0000] {logging_mixin.py:188} INFO - [2024-04-04T21:50:09.139+0000] {dagbag.py:540} INFO - Filling up the DagBag from /home/airflow/.local/lib/python3.8/site-packages/airflow/example_dags/example_branch_operator.py
[2024-04-04T21:50:09.152+0000] {processor.py:840} INFO - DAG(s) 'example_branch_operator' retrieved from /home/airflow/.local/lib/python3.8/site-packages/airflow/example_dags/example_branch_operator.py
[2024-04-04T21:50:09.174+0000] {logging_mixin.py:188} INFO - [2024-04-04T21:50:09.173+0000] {dag.py:3047} INFO - Sync 1 DAGs
[2024-04-04T21:50:09.190+0000] {logging_mixin.py:188} INFO - [2024-04-04T21:50:09.189+0000] {dag.py:3834} INFO - Setting next_dagrun for example_branch_operator to 2024-04-03 00:00:00+00:00, run_after=2024-04-04 00:00:00+00:00
[2024-04-04T21:50:09.206+0000] {processor.py:183} INFO - Processing /home/airflow/.local/lib/python3.8/site-packages/airflow/example_dags/example_branch_operator.py took 0.071 seconds
[2024-04-04T21:50:39.572+0000] {processor.py:161} INFO - Started process (PID=1553) to work on /home/airflow/.local/lib/python3.8/site-packages/airflow/example_dags/example_branch_operator.py
[2024-04-04T21:50:39.573+0000] {processor.py:830} INFO - Processing file /home/airflow/.local/lib/python3.8/site-packages/airflow/example_dags/example_branch_operator.py for tasks to queue
[2024-04-04T21:50:39.575+0000] {logging_mixin.py:188} INFO - [2024-04-04T21:50:39.575+0000] {dagbag.py:540} INFO - Filling up the DagBag from /home/airflow/.local/lib/python3.8/site-packages/airflow/example_dags/example_branch_operator.py
[2024-04-04T21:50:39.593+0000] {processor.py:840} INFO - DAG(s) 'example_branch_operator' retrieved from /home/airflow/.local/lib/python3.8/site-packages/airflow/example_dags/example_branch_operator.py
[2024-04-04T21:50:39.616+0000] {logging_mixin.py:188} INFO - [2024-04-04T21:50:39.616+0000] {dag.py:3047} INFO - Sync 1 DAGs
[2024-04-04T21:50:39.636+0000] {logging_mixin.py:188} INFO - [2024-04-04T21:50:39.636+0000] {dag.py:3834} INFO - Setting next_dagrun for example_branch_operator to 2024-04-03 00:00:00+00:00, run_after=2024-04-04 00:00:00+00:00
[2024-04-04T21:50:39.654+0000] {processor.py:183} INFO - Processing /home/airflow/.local/lib/python3.8/site-packages/airflow/example_dags/example_branch_operator.py took 0.085 seconds
[2024-04-04T21:51:10.149+0000] {processor.py:161} INFO - Started process (PID=1608) to work on /home/airflow/.local/lib/python3.8/site-packages/airflow/example_dags/example_branch_operator.py
[2024-04-04T21:51:10.150+0000] {processor.py:830} INFO - Processing file /home/airflow/.local/lib/python3.8/site-packages/airflow/example_dags/example_branch_operator.py for tasks to queue
[2024-04-04T21:51:10.151+0000] {logging_mixin.py:188} INFO - [2024-04-04T21:51:10.151+0000] {dagbag.py:540} INFO - Filling up the DagBag from /home/airflow/.local/lib/python3.8/site-packages/airflow/example_dags/example_branch_operator.py
[2024-04-04T21:51:10.163+0000] {processor.py:840} INFO - DAG(s) 'example_branch_operator' retrieved from /home/airflow/.local/lib/python3.8/site-packages/airflow/example_dags/example_branch_operator.py
[2024-04-04T21:51:10.185+0000] {logging_mixin.py:188} INFO - [2024-04-04T21:51:10.185+0000] {dag.py:3047} INFO - Sync 1 DAGs
[2024-04-04T21:51:10.204+0000] {logging_mixin.py:188} INFO - [2024-04-04T21:51:10.204+0000] {dag.py:3834} INFO - Setting next_dagrun for example_branch_operator to 2024-04-03 00:00:00+00:00, run_after=2024-04-04 00:00:00+00:00
[2024-04-04T21:51:10.222+0000] {processor.py:183} INFO - Processing /home/airflow/.local/lib/python3.8/site-packages/airflow/example_dags/example_branch_operator.py took 0.075 seconds
[2024-04-04T21:51:40.420+0000] {processor.py:161} INFO - Started process (PID=1663) to work on /home/airflow/.local/lib/python3.8/site-packages/airflow/example_dags/example_branch_operator.py
[2024-04-04T21:51:40.421+0000] {processor.py:830} INFO - Processing file /home/airflow/.local/lib/python3.8/site-packages/airflow/example_dags/example_branch_operator.py for tasks to queue
[2024-04-04T21:51:40.422+0000] {logging_mixin.py:188} INFO - [2024-04-04T21:51:40.422+0000] {dagbag.py:540} INFO - Filling up the DagBag from /home/airflow/.local/lib/python3.8/site-packages/airflow/example_dags/example_branch_operator.py
[2024-04-04T21:51:40.440+0000] {processor.py:840} INFO - DAG(s) 'example_branch_operator' retrieved from /home/airflow/.local/lib/python3.8/site-packages/airflow/example_dags/example_branch_operator.py
[2024-04-04T21:51:40.466+0000] {logging_mixin.py:188} INFO - [2024-04-04T21:51:40.466+0000] {dag.py:3047} INFO - Sync 1 DAGs
[2024-04-04T21:51:40.488+0000] {logging_mixin.py:188} INFO - [2024-04-04T21:51:40.488+0000] {dag.py:3834} INFO - Setting next_dagrun for example_branch_operator to 2024-04-03 00:00:00+00:00, run_after=2024-04-04 00:00:00+00:00
[2024-04-04T21:51:40.511+0000] {processor.py:183} INFO - Processing /home/airflow/.local/lib/python3.8/site-packages/airflow/example_dags/example_branch_operator.py took 0.093 seconds
[2024-04-04T21:52:10.573+0000] {processor.py:161} INFO - Started process (PID=1718) to work on /home/airflow/.local/lib/python3.8/site-packages/airflow/example_dags/example_branch_operator.py
[2024-04-04T21:52:10.574+0000] {processor.py:830} INFO - Processing file /home/airflow/.local/lib/python3.8/site-packages/airflow/example_dags/example_branch_operator.py for tasks to queue
[2024-04-04T21:52:10.576+0000] {logging_mixin.py:188} INFO - [2024-04-04T21:52:10.576+0000] {dagbag.py:540} INFO - Filling up the DagBag from /home/airflow/.local/lib/python3.8/site-packages/airflow/example_dags/example_branch_operator.py
[2024-04-04T21:52:10.590+0000] {processor.py:840} INFO - DAG(s) 'example_branch_operator' retrieved from /home/airflow/.local/lib/python3.8/site-packages/airflow/example_dags/example_branch_operator.py
[2024-04-04T21:52:10.617+0000] {logging_mixin.py:188} INFO - [2024-04-04T21:52:10.617+0000] {dag.py:3047} INFO - Sync 1 DAGs
[2024-04-04T21:52:10.637+0000] {logging_mixin.py:188} INFO - [2024-04-04T21:52:10.637+0000] {dag.py:3834} INFO - Setting next_dagrun for example_branch_operator to 2024-04-03 00:00:00+00:00, run_after=2024-04-04 00:00:00+00:00
[2024-04-04T21:52:10.654+0000] {processor.py:183} INFO - Processing /home/airflow/.local/lib/python3.8/site-packages/airflow/example_dags/example_branch_operator.py took 0.084 seconds
[2024-04-04T21:52:40.959+0000] {processor.py:161} INFO - Started process (PID=1773) to work on /home/airflow/.local/lib/python3.8/site-packages/airflow/example_dags/example_branch_operator.py
[2024-04-04T21:52:40.960+0000] {processor.py:830} INFO - Processing file /home/airflow/.local/lib/python3.8/site-packages/airflow/example_dags/example_branch_operator.py for tasks to queue
[2024-04-04T21:52:40.961+0000] {logging_mixin.py:188} INFO - [2024-04-04T21:52:40.961+0000] {dagbag.py:540} INFO - Filling up the DagBag from /home/airflow/.local/lib/python3.8/site-packages/airflow/example_dags/example_branch_operator.py
[2024-04-04T21:52:40.974+0000] {processor.py:840} INFO - DAG(s) 'example_branch_operator' retrieved from /home/airflow/.local/lib/python3.8/site-packages/airflow/example_dags/example_branch_operator.py
[2024-04-04T21:52:40.996+0000] {logging_mixin.py:188} INFO - [2024-04-04T21:52:40.996+0000] {dag.py:3047} INFO - Sync 1 DAGs
[2024-04-04T21:52:41.015+0000] {logging_mixin.py:188} INFO - [2024-04-04T21:52:41.015+0000] {dag.py:3834} INFO - Setting next_dagrun for example_branch_operator to 2024-04-03 00:00:00+00:00, run_after=2024-04-04 00:00:00+00:00
[2024-04-04T21:52:41.032+0000] {processor.py:183} INFO - Processing /home/airflow/.local/lib/python3.8/site-packages/airflow/example_dags/example_branch_operator.py took 0.075 seconds
[2024-04-04T21:53:11.211+0000] {processor.py:161} INFO - Started process (PID=1828) to work on /home/airflow/.local/lib/python3.8/site-packages/airflow/example_dags/example_branch_operator.py
[2024-04-04T21:53:11.212+0000] {processor.py:830} INFO - Processing file /home/airflow/.local/lib/python3.8/site-packages/airflow/example_dags/example_branch_operator.py for tasks to queue
[2024-04-04T21:53:11.214+0000] {logging_mixin.py:188} INFO - [2024-04-04T21:53:11.213+0000] {dagbag.py:540} INFO - Filling up the DagBag from /home/airflow/.local/lib/python3.8/site-packages/airflow/example_dags/example_branch_operator.py
[2024-04-04T21:53:11.227+0000] {processor.py:840} INFO - DAG(s) 'example_branch_operator' retrieved from /home/airflow/.local/lib/python3.8/site-packages/airflow/example_dags/example_branch_operator.py
[2024-04-04T21:53:11.247+0000] {logging_mixin.py:188} INFO - [2024-04-04T21:53:11.247+0000] {dag.py:3047} INFO - Sync 1 DAGs
[2024-04-04T21:53:11.264+0000] {logging_mixin.py:188} INFO - [2024-04-04T21:53:11.264+0000] {dag.py:3834} INFO - Setting next_dagrun for example_branch_operator to 2024-04-03 00:00:00+00:00, run_after=2024-04-04 00:00:00+00:00
[2024-04-04T21:53:11.276+0000] {processor.py:183} INFO - Processing /home/airflow/.local/lib/python3.8/site-packages/airflow/example_dags/example_branch_operator.py took 0.067 seconds
[2024-04-04T21:53:41.500+0000] {processor.py:161} INFO - Started process (PID=1883) to work on /home/airflow/.local/lib/python3.8/site-packages/airflow/example_dags/example_branch_operator.py
[2024-04-04T21:53:41.501+0000] {processor.py:830} INFO - Processing file /home/airflow/.local/lib/python3.8/site-packages/airflow/example_dags/example_branch_operator.py for tasks to queue
[2024-04-04T21:53:41.503+0000] {logging_mixin.py:188} INFO - [2024-04-04T21:53:41.503+0000] {dagbag.py:540} INFO - Filling up the DagBag from /home/airflow/.local/lib/python3.8/site-packages/airflow/example_dags/example_branch_operator.py
[2024-04-04T21:53:41.517+0000] {processor.py:840} INFO - DAG(s) 'example_branch_operator' retrieved from /home/airflow/.local/lib/python3.8/site-packages/airflow/example_dags/example_branch_operator.py
[2024-04-04T21:53:41.540+0000] {logging_mixin.py:188} INFO - [2024-04-04T21:53:41.540+0000] {dag.py:3047} INFO - Sync 1 DAGs
[2024-04-04T21:53:41.558+0000] {logging_mixin.py:188} INFO - [2024-04-04T21:53:41.558+0000] {dag.py:3834} INFO - Setting next_dagrun for example_branch_operator to 2024-04-03 00:00:00+00:00, run_after=2024-04-04 00:00:00+00:00
[2024-04-04T21:53:41.575+0000] {processor.py:183} INFO - Processing /home/airflow/.local/lib/python3.8/site-packages/airflow/example_dags/example_branch_operator.py took 0.076 seconds
[2024-04-04T21:54:12.546+0000] {processor.py:161} INFO - Started process (PID=1938) to work on /home/airflow/.local/lib/python3.8/site-packages/airflow/example_dags/example_branch_operator.py
[2024-04-04T21:54:12.547+0000] {processor.py:830} INFO - Processing file /home/airflow/.local/lib/python3.8/site-packages/airflow/example_dags/example_branch_operator.py for tasks to queue
[2024-04-04T21:54:12.549+0000] {logging_mixin.py:188} INFO - [2024-04-04T21:54:12.548+0000] {dagbag.py:540} INFO - Filling up the DagBag from /home/airflow/.local/lib/python3.8/site-packages/airflow/example_dags/example_branch_operator.py
[2024-04-04T21:54:12.561+0000] {processor.py:840} INFO - DAG(s) 'example_branch_operator' retrieved from /home/airflow/.local/lib/python3.8/site-packages/airflow/example_dags/example_branch_operator.py
[2024-04-04T21:54:12.582+0000] {logging_mixin.py:188} INFO - [2024-04-04T21:54:12.582+0000] {dag.py:3047} INFO - Sync 1 DAGs
[2024-04-04T21:54:12.599+0000] {logging_mixin.py:188} INFO - [2024-04-04T21:54:12.599+0000] {dag.py:3834} INFO - Setting next_dagrun for example_branch_operator to 2024-04-03 00:00:00+00:00, run_after=2024-04-04 00:00:00+00:00
[2024-04-04T21:54:12.613+0000] {processor.py:183} INFO - Processing /home/airflow/.local/lib/python3.8/site-packages/airflow/example_dags/example_branch_operator.py took 0.070 seconds
[2024-04-04T21:54:42.952+0000] {processor.py:161} INFO - Started process (PID=1993) to work on /home/airflow/.local/lib/python3.8/site-packages/airflow/example_dags/example_branch_operator.py
[2024-04-04T21:54:42.953+0000] {processor.py:830} INFO - Processing file /home/airflow/.local/lib/python3.8/site-packages/airflow/example_dags/example_branch_operator.py for tasks to queue
[2024-04-04T21:54:42.954+0000] {logging_mixin.py:188} INFO - [2024-04-04T21:54:42.954+0000] {dagbag.py:540} INFO - Filling up the DagBag from /home/airflow/.local/lib/python3.8/site-packages/airflow/example_dags/example_branch_operator.py
[2024-04-04T21:54:42.966+0000] {processor.py:840} INFO - DAG(s) 'example_branch_operator' retrieved from /home/airflow/.local/lib/python3.8/site-packages/airflow/example_dags/example_branch_operator.py
[2024-04-04T21:54:42.985+0000] {logging_mixin.py:188} INFO - [2024-04-04T21:54:42.985+0000] {dag.py:3047} INFO - Sync 1 DAGs
[2024-04-04T21:54:43.001+0000] {logging_mixin.py:188} INFO - [2024-04-04T21:54:43.001+0000] {dag.py:3834} INFO - Setting next_dagrun for example_branch_operator to 2024-04-03 00:00:00+00:00, run_after=2024-04-04 00:00:00+00:00
[2024-04-04T21:54:43.014+0000] {processor.py:183} INFO - Processing /home/airflow/.local/lib/python3.8/site-packages/airflow/example_dags/example_branch_operator.py took 0.064 seconds
[2024-04-04T21:55:13.104+0000] {processor.py:161} INFO - Started process (PID=2048) to work on /home/airflow/.local/lib/python3.8/site-packages/airflow/example_dags/example_branch_operator.py
[2024-04-04T21:55:13.104+0000] {processor.py:830} INFO - Processing file /home/airflow/.local/lib/python3.8/site-packages/airflow/example_dags/example_branch_operator.py for tasks to queue
[2024-04-04T21:55:13.106+0000] {logging_mixin.py:188} INFO - [2024-04-04T21:55:13.105+0000] {dagbag.py:540} INFO - Filling up the DagBag from /home/airflow/.local/lib/python3.8/site-packages/airflow/example_dags/example_branch_operator.py
[2024-04-04T21:55:13.118+0000] {processor.py:840} INFO - DAG(s) 'example_branch_operator' retrieved from /home/airflow/.local/lib/python3.8/site-packages/airflow/example_dags/example_branch_operator.py
[2024-04-04T21:55:13.139+0000] {logging_mixin.py:188} INFO - [2024-04-04T21:55:13.139+0000] {dag.py:3047} INFO - Sync 1 DAGs
[2024-04-04T21:55:13.156+0000] {logging_mixin.py:188} INFO - [2024-04-04T21:55:13.156+0000] {dag.py:3834} INFO - Setting next_dagrun for example_branch_operator to 2024-04-03 00:00:00+00:00, run_after=2024-04-04 00:00:00+00:00
[2024-04-04T21:55:13.171+0000] {processor.py:183} INFO - Processing /home/airflow/.local/lib/python3.8/site-packages/airflow/example_dags/example_branch_operator.py took 0.070 seconds
[2024-04-04T21:55:43.428+0000] {processor.py:161} INFO - Started process (PID=2103) to work on /home/airflow/.local/lib/python3.8/site-packages/airflow/example_dags/example_branch_operator.py
[2024-04-04T21:55:43.429+0000] {processor.py:830} INFO - Processing file /home/airflow/.local/lib/python3.8/site-packages/airflow/example_dags/example_branch_operator.py for tasks to queue
[2024-04-04T21:55:43.430+0000] {logging_mixin.py:188} INFO - [2024-04-04T21:55:43.430+0000] {dagbag.py:540} INFO - Filling up the DagBag from /home/airflow/.local/lib/python3.8/site-packages/airflow/example_dags/example_branch_operator.py
[2024-04-04T21:55:43.443+0000] {processor.py:840} INFO - DAG(s) 'example_branch_operator' retrieved from /home/airflow/.local/lib/python3.8/site-packages/airflow/example_dags/example_branch_operator.py
[2024-04-04T21:55:43.463+0000] {logging_mixin.py:188} INFO - [2024-04-04T21:55:43.463+0000] {dag.py:3047} INFO - Sync 1 DAGs
[2024-04-04T21:55:43.481+0000] {logging_mixin.py:188} INFO - [2024-04-04T21:55:43.480+0000] {dag.py:3834} INFO - Setting next_dagrun for example_branch_operator to 2024-04-03 00:00:00+00:00, run_after=2024-04-04 00:00:00+00:00
[2024-04-04T21:55:43.494+0000] {processor.py:183} INFO - Processing /home/airflow/.local/lib/python3.8/site-packages/airflow/example_dags/example_branch_operator.py took 0.068 seconds
[2024-04-04T21:56:13.703+0000] {processor.py:161} INFO - Started process (PID=2158) to work on /home/airflow/.local/lib/python3.8/site-packages/airflow/example_dags/example_branch_operator.py
[2024-04-04T21:56:13.703+0000] {processor.py:830} INFO - Processing file /home/airflow/.local/lib/python3.8/site-packages/airflow/example_dags/example_branch_operator.py for tasks to queue
[2024-04-04T21:56:13.705+0000] {logging_mixin.py:188} INFO - [2024-04-04T21:56:13.704+0000] {dagbag.py:540} INFO - Filling up the DagBag from /home/airflow/.local/lib/python3.8/site-packages/airflow/example_dags/example_branch_operator.py
[2024-04-04T21:56:13.717+0000] {processor.py:840} INFO - DAG(s) 'example_branch_operator' retrieved from /home/airflow/.local/lib/python3.8/site-packages/airflow/example_dags/example_branch_operator.py
[2024-04-04T21:56:13.738+0000] {logging_mixin.py:188} INFO - [2024-04-04T21:56:13.738+0000] {dag.py:3047} INFO - Sync 1 DAGs
[2024-04-04T21:56:13.757+0000] {logging_mixin.py:188} INFO - [2024-04-04T21:56:13.756+0000] {dag.py:3834} INFO - Setting next_dagrun for example_branch_operator to 2024-04-03 00:00:00+00:00, run_after=2024-04-04 00:00:00+00:00
[2024-04-04T21:56:13.773+0000] {processor.py:183} INFO - Processing /home/airflow/.local/lib/python3.8/site-packages/airflow/example_dags/example_branch_operator.py took 0.072 seconds
[2024-04-04T21:56:43.910+0000] {processor.py:161} INFO - Started process (PID=2213) to work on /home/airflow/.local/lib/python3.8/site-packages/airflow/example_dags/example_branch_operator.py
[2024-04-04T21:56:43.911+0000] {processor.py:830} INFO - Processing file /home/airflow/.local/lib/python3.8/site-packages/airflow/example_dags/example_branch_operator.py for tasks to queue
[2024-04-04T21:56:43.912+0000] {logging_mixin.py:188} INFO - [2024-04-04T21:56:43.912+0000] {dagbag.py:540} INFO - Filling up the DagBag from /home/airflow/.local/lib/python3.8/site-packages/airflow/example_dags/example_branch_operator.py
[2024-04-04T21:56:43.924+0000] {processor.py:840} INFO - DAG(s) 'example_branch_operator' retrieved from /home/airflow/.local/lib/python3.8/site-packages/airflow/example_dags/example_branch_operator.py
[2024-04-04T21:56:43.945+0000] {logging_mixin.py:188} INFO - [2024-04-04T21:56:43.945+0000] {dag.py:3047} INFO - Sync 1 DAGs
[2024-04-04T21:56:43.963+0000] {logging_mixin.py:188} INFO - [2024-04-04T21:56:43.963+0000] {dag.py:3834} INFO - Setting next_dagrun for example_branch_operator to 2024-04-03 00:00:00+00:00, run_after=2024-04-04 00:00:00+00:00
[2024-04-04T21:56:43.978+0000] {processor.py:183} INFO - Processing /home/airflow/.local/lib/python3.8/site-packages/airflow/example_dags/example_branch_operator.py took 0.070 seconds
[2024-04-04T21:57:14.100+0000] {processor.py:161} INFO - Started process (PID=2268) to work on /home/airflow/.local/lib/python3.8/site-packages/airflow/example_dags/example_branch_operator.py
[2024-04-04T21:57:14.101+0000] {processor.py:830} INFO - Processing file /home/airflow/.local/lib/python3.8/site-packages/airflow/example_dags/example_branch_operator.py for tasks to queue
[2024-04-04T21:57:14.102+0000] {logging_mixin.py:188} INFO - [2024-04-04T21:57:14.102+0000] {dagbag.py:540} INFO - Filling up the DagBag from /home/airflow/.local/lib/python3.8/site-packages/airflow/example_dags/example_branch_operator.py
[2024-04-04T21:57:14.116+0000] {processor.py:840} INFO - DAG(s) 'example_branch_operator' retrieved from /home/airflow/.local/lib/python3.8/site-packages/airflow/example_dags/example_branch_operator.py
[2024-04-04T21:57:14.138+0000] {logging_mixin.py:188} INFO - [2024-04-04T21:57:14.138+0000] {dag.py:3047} INFO - Sync 1 DAGs
[2024-04-04T21:57:14.158+0000] {logging_mixin.py:188} INFO - [2024-04-04T21:57:14.158+0000] {dag.py:3834} INFO - Setting next_dagrun for example_branch_operator to 2024-04-03 00:00:00+00:00, run_after=2024-04-04 00:00:00+00:00
[2024-04-04T21:57:14.176+0000] {processor.py:183} INFO - Processing /home/airflow/.local/lib/python3.8/site-packages/airflow/example_dags/example_branch_operator.py took 0.079 seconds
[2024-04-04T21:57:44.392+0000] {processor.py:161} INFO - Started process (PID=2323) to work on /home/airflow/.local/lib/python3.8/site-packages/airflow/example_dags/example_branch_operator.py
[2024-04-04T21:57:44.393+0000] {processor.py:830} INFO - Processing file /home/airflow/.local/lib/python3.8/site-packages/airflow/example_dags/example_branch_operator.py for tasks to queue
[2024-04-04T21:57:44.395+0000] {logging_mixin.py:188} INFO - [2024-04-04T21:57:44.395+0000] {dagbag.py:540} INFO - Filling up the DagBag from /home/airflow/.local/lib/python3.8/site-packages/airflow/example_dags/example_branch_operator.py
[2024-04-04T21:57:44.409+0000] {processor.py:840} INFO - DAG(s) 'example_branch_operator' retrieved from /home/airflow/.local/lib/python3.8/site-packages/airflow/example_dags/example_branch_operator.py
[2024-04-04T21:57:44.436+0000] {logging_mixin.py:188} INFO - [2024-04-04T21:57:44.436+0000] {dag.py:3047} INFO - Sync 1 DAGs
[2024-04-04T21:57:44.463+0000] {logging_mixin.py:188} INFO - [2024-04-04T21:57:44.463+0000] {dag.py:3834} INFO - Setting next_dagrun for example_branch_operator to 2024-04-03 00:00:00+00:00, run_after=2024-04-04 00:00:00+00:00
[2024-04-04T21:57:44.485+0000] {processor.py:183} INFO - Processing /home/airflow/.local/lib/python3.8/site-packages/airflow/example_dags/example_branch_operator.py took 0.096 seconds
[2024-04-04T21:58:15.445+0000] {processor.py:161} INFO - Started process (PID=2378) to work on /home/airflow/.local/lib/python3.8/site-packages/airflow/example_dags/example_branch_operator.py
[2024-04-04T21:58:15.446+0000] {processor.py:830} INFO - Processing file /home/airflow/.local/lib/python3.8/site-packages/airflow/example_dags/example_branch_operator.py for tasks to queue
[2024-04-04T21:58:15.447+0000] {logging_mixin.py:188} INFO - [2024-04-04T21:58:15.447+0000] {dagbag.py:540} INFO - Filling up the DagBag from /home/airflow/.local/lib/python3.8/site-packages/airflow/example_dags/example_branch_operator.py
[2024-04-04T21:58:15.463+0000] {processor.py:840} INFO - DAG(s) 'example_branch_operator' retrieved from /home/airflow/.local/lib/python3.8/site-packages/airflow/example_dags/example_branch_operator.py
[2024-04-04T21:58:15.486+0000] {logging_mixin.py:188} INFO - [2024-04-04T21:58:15.486+0000] {dag.py:3047} INFO - Sync 1 DAGs
[2024-04-04T21:58:15.507+0000] {logging_mixin.py:188} INFO - [2024-04-04T21:58:15.507+0000] {dag.py:3834} INFO - Setting next_dagrun for example_branch_operator to 2024-04-03 00:00:00+00:00, run_after=2024-04-04 00:00:00+00:00
[2024-04-04T21:58:15.526+0000] {processor.py:183} INFO - Processing /home/airflow/.local/lib/python3.8/site-packages/airflow/example_dags/example_branch_operator.py took 0.084 seconds
[2024-04-04T21:58:46.081+0000] {processor.py:161} INFO - Started process (PID=2433) to work on /home/airflow/.local/lib/python3.8/site-packages/airflow/example_dags/example_branch_operator.py
[2024-04-04T21:58:46.082+0000] {processor.py:830} INFO - Processing file /home/airflow/.local/lib/python3.8/site-packages/airflow/example_dags/example_branch_operator.py for tasks to queue
[2024-04-04T21:58:46.084+0000] {logging_mixin.py:188} INFO - [2024-04-04T21:58:46.084+0000] {dagbag.py:540} INFO - Filling up the DagBag from /home/airflow/.local/lib/python3.8/site-packages/airflow/example_dags/example_branch_operator.py
[2024-04-04T21:58:46.103+0000] {processor.py:840} INFO - DAG(s) 'example_branch_operator' retrieved from /home/airflow/.local/lib/python3.8/site-packages/airflow/example_dags/example_branch_operator.py
[2024-04-04T21:58:46.135+0000] {logging_mixin.py:188} INFO - [2024-04-04T21:58:46.135+0000] {dag.py:3047} INFO - Sync 1 DAGs
[2024-04-04T21:58:46.163+0000] {logging_mixin.py:188} INFO - [2024-04-04T21:58:46.163+0000] {dag.py:3834} INFO - Setting next_dagrun for example_branch_operator to 2024-04-03 00:00:00+00:00, run_after=2024-04-04 00:00:00+00:00
[2024-04-04T21:58:46.193+0000] {processor.py:183} INFO - Processing /home/airflow/.local/lib/python3.8/site-packages/airflow/example_dags/example_branch_operator.py took 0.114 seconds
[2024-04-04T21:59:16.379+0000] {processor.py:161} INFO - Started process (PID=2487) to work on /home/airflow/.local/lib/python3.8/site-packages/airflow/example_dags/example_branch_operator.py
[2024-04-04T21:59:16.381+0000] {processor.py:830} INFO - Processing file /home/airflow/.local/lib/python3.8/site-packages/airflow/example_dags/example_branch_operator.py for tasks to queue
[2024-04-04T21:59:16.384+0000] {logging_mixin.py:188} INFO - [2024-04-04T21:59:16.383+0000] {dagbag.py:540} INFO - Filling up the DagBag from /home/airflow/.local/lib/python3.8/site-packages/airflow/example_dags/example_branch_operator.py
[2024-04-04T21:59:16.418+0000] {processor.py:840} INFO - DAG(s) 'example_branch_operator' retrieved from /home/airflow/.local/lib/python3.8/site-packages/airflow/example_dags/example_branch_operator.py
[2024-04-04T21:59:16.466+0000] {logging_mixin.py:188} INFO - [2024-04-04T21:59:16.466+0000] {dag.py:3047} INFO - Sync 1 DAGs
[2024-04-04T21:59:16.504+0000] {logging_mixin.py:188} INFO - [2024-04-04T21:59:16.504+0000] {dag.py:3834} INFO - Setting next_dagrun for example_branch_operator to 2024-04-03 00:00:00+00:00, run_after=2024-04-04 00:00:00+00:00
[2024-04-04T21:59:16.533+0000] {processor.py:183} INFO - Processing /home/airflow/.local/lib/python3.8/site-packages/airflow/example_dags/example_branch_operator.py took 0.159 seconds
[2024-04-04T21:59:46.751+0000] {processor.py:161} INFO - Started process (PID=2542) to work on /home/airflow/.local/lib/python3.8/site-packages/airflow/example_dags/example_branch_operator.py
[2024-04-04T21:59:46.753+0000] {processor.py:830} INFO - Processing file /home/airflow/.local/lib/python3.8/site-packages/airflow/example_dags/example_branch_operator.py for tasks to queue
[2024-04-04T21:59:46.755+0000] {logging_mixin.py:188} INFO - [2024-04-04T21:59:46.755+0000] {dagbag.py:540} INFO - Filling up the DagBag from /home/airflow/.local/lib/python3.8/site-packages/airflow/example_dags/example_branch_operator.py
[2024-04-04T21:59:46.769+0000] {processor.py:840} INFO - DAG(s) 'example_branch_operator' retrieved from /home/airflow/.local/lib/python3.8/site-packages/airflow/example_dags/example_branch_operator.py
[2024-04-04T21:59:46.791+0000] {logging_mixin.py:188} INFO - [2024-04-04T21:59:46.791+0000] {dag.py:3047} INFO - Sync 1 DAGs
[2024-04-04T21:59:46.811+0000] {logging_mixin.py:188} INFO - [2024-04-04T21:59:46.811+0000] {dag.py:3834} INFO - Setting next_dagrun for example_branch_operator to 2024-04-03 00:00:00+00:00, run_after=2024-04-04 00:00:00+00:00
[2024-04-04T21:59:46.856+0000] {processor.py:183} INFO - Processing /home/airflow/.local/lib/python3.8/site-packages/airflow/example_dags/example_branch_operator.py took 0.108 seconds
[2024-04-04T22:00:17.911+0000] {processor.py:161} INFO - Started process (PID=2596) to work on /home/airflow/.local/lib/python3.8/site-packages/airflow/example_dags/example_branch_operator.py
[2024-04-04T22:00:17.913+0000] {processor.py:830} INFO - Processing file /home/airflow/.local/lib/python3.8/site-packages/airflow/example_dags/example_branch_operator.py for tasks to queue
[2024-04-04T22:00:17.916+0000] {logging_mixin.py:188} INFO - [2024-04-04T22:00:17.915+0000] {dagbag.py:540} INFO - Filling up the DagBag from /home/airflow/.local/lib/python3.8/site-packages/airflow/example_dags/example_branch_operator.py
[2024-04-04T22:00:17.945+0000] {processor.py:840} INFO - DAG(s) 'example_branch_operator' retrieved from /home/airflow/.local/lib/python3.8/site-packages/airflow/example_dags/example_branch_operator.py
[2024-04-04T22:00:17.984+0000] {logging_mixin.py:188} INFO - [2024-04-04T22:00:17.984+0000] {dag.py:3047} INFO - Sync 1 DAGs
[2024-04-04T22:00:18.013+0000] {logging_mixin.py:188} INFO - [2024-04-04T22:00:18.012+0000] {dag.py:3834} INFO - Setting next_dagrun for example_branch_operator to 2024-04-03 00:00:00+00:00, run_after=2024-04-04 00:00:00+00:00
[2024-04-04T22:00:18.070+0000] {processor.py:183} INFO - Processing /home/airflow/.local/lib/python3.8/site-packages/airflow/example_dags/example_branch_operator.py took 0.166 seconds
