[2024-04-04T21:37:00.777+0000] {processor.py:161} INFO - Started process (PID=81) to work on /home/airflow/.local/lib/python3.8/site-packages/airflow/example_dags/example_xcomargs.py
[2024-04-04T21:37:00.778+0000] {processor.py:830} INFO - Processing file /home/airflow/.local/lib/python3.8/site-packages/airflow/example_dags/example_xcomargs.py for tasks to queue
[2024-04-04T21:37:00.781+0000] {logging_mixin.py:188} INFO - [2024-04-04T21:37:00.780+0000] {dagbag.py:540} INFO - Filling up the DagBag from /home/airflow/.local/lib/python3.8/site-packages/airflow/example_dags/example_xcomargs.py
[2024-04-04T21:37:00.787+0000] {processor.py:840} INFO - DAG(s) 'example_xcom_args_with_operators', 'example_xcom_args' retrieved from /home/airflow/.local/lib/python3.8/site-packages/airflow/example_dags/example_xcomargs.py
[2024-04-04T21:37:00.808+0000] {logging_mixin.py:188} INFO - [2024-04-04T21:37:00.807+0000] {dag.py:3047} INFO - Sync 2 DAGs
[2024-04-04T21:37:00.819+0000] {logging_mixin.py:188} INFO - [2024-04-04T21:37:00.819+0000] {dag.py:3834} INFO - Setting next_dagrun for example_xcom_args to None, run_after=None
[2024-04-04T21:37:00.823+0000] {logging_mixin.py:188} INFO - [2024-04-04T21:37:00.822+0000] {dag.py:3834} INFO - Setting next_dagrun for example_xcom_args_with_operators to None, run_after=None
[2024-04-04T21:37:00.840+0000] {processor.py:183} INFO - Processing /home/airflow/.local/lib/python3.8/site-packages/airflow/example_dags/example_xcomargs.py took 0.065 seconds
[2024-04-04T21:37:31.083+0000] {processor.py:161} INFO - Started process (PID=136) to work on /home/airflow/.local/lib/python3.8/site-packages/airflow/example_dags/example_xcomargs.py
[2024-04-04T21:37:31.084+0000] {processor.py:830} INFO - Processing file /home/airflow/.local/lib/python3.8/site-packages/airflow/example_dags/example_xcomargs.py for tasks to queue
[2024-04-04T21:37:31.085+0000] {logging_mixin.py:188} INFO - [2024-04-04T21:37:31.085+0000] {dagbag.py:540} INFO - Filling up the DagBag from /home/airflow/.local/lib/python3.8/site-packages/airflow/example_dags/example_xcomargs.py
[2024-04-04T21:37:31.091+0000] {processor.py:840} INFO - DAG(s) 'example_xcom_args_with_operators', 'example_xcom_args' retrieved from /home/airflow/.local/lib/python3.8/site-packages/airflow/example_dags/example_xcomargs.py
[2024-04-04T21:37:31.110+0000] {logging_mixin.py:188} INFO - [2024-04-04T21:37:31.110+0000] {dag.py:3047} INFO - Sync 2 DAGs
[2024-04-04T21:37:31.120+0000] {logging_mixin.py:188} INFO - [2024-04-04T21:37:31.120+0000] {dag.py:3834} INFO - Setting next_dagrun for example_xcom_args to None, run_after=None
[2024-04-04T21:37:31.123+0000] {logging_mixin.py:188} INFO - [2024-04-04T21:37:31.123+0000] {dag.py:3834} INFO - Setting next_dagrun for example_xcom_args_with_operators to None, run_after=None
[2024-04-04T21:37:31.137+0000] {processor.py:183} INFO - Processing /home/airflow/.local/lib/python3.8/site-packages/airflow/example_dags/example_xcomargs.py took 0.056 seconds
[2024-04-04T21:38:01.387+0000] {processor.py:161} INFO - Started process (PID=191) to work on /home/airflow/.local/lib/python3.8/site-packages/airflow/example_dags/example_xcomargs.py
[2024-04-04T21:38:01.388+0000] {processor.py:830} INFO - Processing file /home/airflow/.local/lib/python3.8/site-packages/airflow/example_dags/example_xcomargs.py for tasks to queue
[2024-04-04T21:38:01.389+0000] {logging_mixin.py:188} INFO - [2024-04-04T21:38:01.389+0000] {dagbag.py:540} INFO - Filling up the DagBag from /home/airflow/.local/lib/python3.8/site-packages/airflow/example_dags/example_xcomargs.py
[2024-04-04T21:38:01.394+0000] {processor.py:840} INFO - DAG(s) 'example_xcom_args_with_operators', 'example_xcom_args' retrieved from /home/airflow/.local/lib/python3.8/site-packages/airflow/example_dags/example_xcomargs.py
[2024-04-04T21:38:01.412+0000] {logging_mixin.py:188} INFO - [2024-04-04T21:38:01.412+0000] {dag.py:3047} INFO - Sync 2 DAGs
[2024-04-04T21:38:01.421+0000] {logging_mixin.py:188} INFO - [2024-04-04T21:38:01.421+0000] {dag.py:3834} INFO - Setting next_dagrun for example_xcom_args to None, run_after=None
[2024-04-04T21:38:01.424+0000] {logging_mixin.py:188} INFO - [2024-04-04T21:38:01.424+0000] {dag.py:3834} INFO - Setting next_dagrun for example_xcom_args_with_operators to None, run_after=None
[2024-04-04T21:38:01.437+0000] {processor.py:183} INFO - Processing /home/airflow/.local/lib/python3.8/site-packages/airflow/example_dags/example_xcomargs.py took 0.052 seconds
[2024-04-04T21:38:31.839+0000] {processor.py:161} INFO - Started process (PID=247) to work on /home/airflow/.local/lib/python3.8/site-packages/airflow/example_dags/example_xcomargs.py
[2024-04-04T21:38:31.840+0000] {processor.py:830} INFO - Processing file /home/airflow/.local/lib/python3.8/site-packages/airflow/example_dags/example_xcomargs.py for tasks to queue
[2024-04-04T21:38:31.841+0000] {logging_mixin.py:188} INFO - [2024-04-04T21:38:31.841+0000] {dagbag.py:540} INFO - Filling up the DagBag from /home/airflow/.local/lib/python3.8/site-packages/airflow/example_dags/example_xcomargs.py
[2024-04-04T21:38:31.846+0000] {processor.py:840} INFO - DAG(s) 'example_xcom_args_with_operators', 'example_xcom_args' retrieved from /home/airflow/.local/lib/python3.8/site-packages/airflow/example_dags/example_xcomargs.py
[2024-04-04T21:38:31.864+0000] {logging_mixin.py:188} INFO - [2024-04-04T21:38:31.864+0000] {dag.py:3047} INFO - Sync 2 DAGs
[2024-04-04T21:38:31.874+0000] {logging_mixin.py:188} INFO - [2024-04-04T21:38:31.874+0000] {dag.py:3834} INFO - Setting next_dagrun for example_xcom_args to None, run_after=None
[2024-04-04T21:38:31.878+0000] {logging_mixin.py:188} INFO - [2024-04-04T21:38:31.877+0000] {dag.py:3834} INFO - Setting next_dagrun for example_xcom_args_with_operators to None, run_after=None
[2024-04-04T21:38:31.891+0000] {processor.py:183} INFO - Processing /home/airflow/.local/lib/python3.8/site-packages/airflow/example_dags/example_xcomargs.py took 0.053 seconds
[2024-04-04T21:39:02.064+0000] {processor.py:161} INFO - Started process (PID=304) to work on /home/airflow/.local/lib/python3.8/site-packages/airflow/example_dags/example_xcomargs.py
[2024-04-04T21:39:02.065+0000] {processor.py:830} INFO - Processing file /home/airflow/.local/lib/python3.8/site-packages/airflow/example_dags/example_xcomargs.py for tasks to queue
[2024-04-04T21:39:02.066+0000] {logging_mixin.py:188} INFO - [2024-04-04T21:39:02.066+0000] {dagbag.py:540} INFO - Filling up the DagBag from /home/airflow/.local/lib/python3.8/site-packages/airflow/example_dags/example_xcomargs.py
[2024-04-04T21:39:02.071+0000] {processor.py:840} INFO - DAG(s) 'example_xcom_args', 'example_xcom_args_with_operators' retrieved from /home/airflow/.local/lib/python3.8/site-packages/airflow/example_dags/example_xcomargs.py
[2024-04-04T21:39:02.088+0000] {logging_mixin.py:188} INFO - [2024-04-04T21:39:02.088+0000] {dag.py:3047} INFO - Sync 2 DAGs
[2024-04-04T21:39:02.097+0000] {logging_mixin.py:188} INFO - [2024-04-04T21:39:02.097+0000] {dag.py:3834} INFO - Setting next_dagrun for example_xcom_args to None, run_after=None
[2024-04-04T21:39:02.100+0000] {logging_mixin.py:188} INFO - [2024-04-04T21:39:02.100+0000] {dag.py:3834} INFO - Setting next_dagrun for example_xcom_args_with_operators to None, run_after=None
[2024-04-04T21:39:02.111+0000] {processor.py:183} INFO - Processing /home/airflow/.local/lib/python3.8/site-packages/airflow/example_dags/example_xcomargs.py took 0.049 seconds
[2024-04-04T21:39:32.196+0000] {processor.py:161} INFO - Started process (PID=358) to work on /home/airflow/.local/lib/python3.8/site-packages/airflow/example_dags/example_xcomargs.py
[2024-04-04T21:39:32.196+0000] {processor.py:830} INFO - Processing file /home/airflow/.local/lib/python3.8/site-packages/airflow/example_dags/example_xcomargs.py for tasks to queue
[2024-04-04T21:39:32.198+0000] {logging_mixin.py:188} INFO - [2024-04-04T21:39:32.197+0000] {dagbag.py:540} INFO - Filling up the DagBag from /home/airflow/.local/lib/python3.8/site-packages/airflow/example_dags/example_xcomargs.py
[2024-04-04T21:39:32.203+0000] {processor.py:840} INFO - DAG(s) 'example_xcom_args_with_operators', 'example_xcom_args' retrieved from /home/airflow/.local/lib/python3.8/site-packages/airflow/example_dags/example_xcomargs.py
[2024-04-04T21:39:32.220+0000] {logging_mixin.py:188} INFO - [2024-04-04T21:39:32.220+0000] {dag.py:3047} INFO - Sync 2 DAGs
[2024-04-04T21:39:32.229+0000] {logging_mixin.py:188} INFO - [2024-04-04T21:39:32.229+0000] {dag.py:3834} INFO - Setting next_dagrun for example_xcom_args to None, run_after=None
[2024-04-04T21:39:32.232+0000] {logging_mixin.py:188} INFO - [2024-04-04T21:39:32.232+0000] {dag.py:3834} INFO - Setting next_dagrun for example_xcom_args_with_operators to None, run_after=None
[2024-04-04T21:39:32.244+0000] {processor.py:183} INFO - Processing /home/airflow/.local/lib/python3.8/site-packages/airflow/example_dags/example_xcomargs.py took 0.050 seconds
[2024-04-04T21:40:02.515+0000] {processor.py:161} INFO - Started process (PID=412) to work on /home/airflow/.local/lib/python3.8/site-packages/airflow/example_dags/example_xcomargs.py
[2024-04-04T21:40:02.516+0000] {processor.py:830} INFO - Processing file /home/airflow/.local/lib/python3.8/site-packages/airflow/example_dags/example_xcomargs.py for tasks to queue
[2024-04-04T21:40:02.517+0000] {logging_mixin.py:188} INFO - [2024-04-04T21:40:02.517+0000] {dagbag.py:540} INFO - Filling up the DagBag from /home/airflow/.local/lib/python3.8/site-packages/airflow/example_dags/example_xcomargs.py
[2024-04-04T21:40:02.523+0000] {processor.py:840} INFO - DAG(s) 'example_xcom_args_with_operators', 'example_xcom_args' retrieved from /home/airflow/.local/lib/python3.8/site-packages/airflow/example_dags/example_xcomargs.py
[2024-04-04T21:40:02.541+0000] {logging_mixin.py:188} INFO - [2024-04-04T21:40:02.541+0000] {dag.py:3047} INFO - Sync 2 DAGs
[2024-04-04T21:40:02.550+0000] {logging_mixin.py:188} INFO - [2024-04-04T21:40:02.550+0000] {dag.py:3834} INFO - Setting next_dagrun for example_xcom_args to None, run_after=None
[2024-04-04T21:40:02.553+0000] {logging_mixin.py:188} INFO - [2024-04-04T21:40:02.553+0000] {dag.py:3834} INFO - Setting next_dagrun for example_xcom_args_with_operators to None, run_after=None
[2024-04-04T21:40:02.568+0000] {processor.py:183} INFO - Processing /home/airflow/.local/lib/python3.8/site-packages/airflow/example_dags/example_xcomargs.py took 0.055 seconds
[2024-04-04T21:40:32.744+0000] {processor.py:161} INFO - Started process (PID=467) to work on /home/airflow/.local/lib/python3.8/site-packages/airflow/example_dags/example_xcomargs.py
[2024-04-04T21:40:32.745+0000] {processor.py:830} INFO - Processing file /home/airflow/.local/lib/python3.8/site-packages/airflow/example_dags/example_xcomargs.py for tasks to queue
[2024-04-04T21:40:32.746+0000] {logging_mixin.py:188} INFO - [2024-04-04T21:40:32.746+0000] {dagbag.py:540} INFO - Filling up the DagBag from /home/airflow/.local/lib/python3.8/site-packages/airflow/example_dags/example_xcomargs.py
[2024-04-04T21:40:32.751+0000] {processor.py:840} INFO - DAG(s) 'example_xcom_args_with_operators', 'example_xcom_args' retrieved from /home/airflow/.local/lib/python3.8/site-packages/airflow/example_dags/example_xcomargs.py
[2024-04-04T21:40:32.772+0000] {logging_mixin.py:188} INFO - [2024-04-04T21:40:32.772+0000] {dag.py:3047} INFO - Sync 2 DAGs
[2024-04-04T21:40:32.783+0000] {logging_mixin.py:188} INFO - [2024-04-04T21:40:32.783+0000] {dag.py:3834} INFO - Setting next_dagrun for example_xcom_args to None, run_after=None
[2024-04-04T21:40:32.787+0000] {logging_mixin.py:188} INFO - [2024-04-04T21:40:32.787+0000] {dag.py:3834} INFO - Setting next_dagrun for example_xcom_args_with_operators to None, run_after=None
[2024-04-04T21:40:32.805+0000] {processor.py:183} INFO - Processing /home/airflow/.local/lib/python3.8/site-packages/airflow/example_dags/example_xcomargs.py took 0.064 seconds
[2024-04-04T21:41:02.849+0000] {processor.py:161} INFO - Started process (PID=522) to work on /home/airflow/.local/lib/python3.8/site-packages/airflow/example_dags/example_xcomargs.py
[2024-04-04T21:41:02.850+0000] {processor.py:830} INFO - Processing file /home/airflow/.local/lib/python3.8/site-packages/airflow/example_dags/example_xcomargs.py for tasks to queue
[2024-04-04T21:41:02.851+0000] {logging_mixin.py:188} INFO - [2024-04-04T21:41:02.850+0000] {dagbag.py:540} INFO - Filling up the DagBag from /home/airflow/.local/lib/python3.8/site-packages/airflow/example_dags/example_xcomargs.py
[2024-04-04T21:41:02.856+0000] {processor.py:840} INFO - DAG(s) 'example_xcom_args_with_operators', 'example_xcom_args' retrieved from /home/airflow/.local/lib/python3.8/site-packages/airflow/example_dags/example_xcomargs.py
[2024-04-04T21:41:02.875+0000] {logging_mixin.py:188} INFO - [2024-04-04T21:41:02.875+0000] {dag.py:3047} INFO - Sync 2 DAGs
[2024-04-04T21:41:02.884+0000] {logging_mixin.py:188} INFO - [2024-04-04T21:41:02.884+0000] {dag.py:3834} INFO - Setting next_dagrun for example_xcom_args to None, run_after=None
[2024-04-04T21:41:02.887+0000] {logging_mixin.py:188} INFO - [2024-04-04T21:41:02.887+0000] {dag.py:3834} INFO - Setting next_dagrun for example_xcom_args_with_operators to None, run_after=None
[2024-04-04T21:41:02.900+0000] {processor.py:183} INFO - Processing /home/airflow/.local/lib/python3.8/site-packages/airflow/example_dags/example_xcomargs.py took 0.054 seconds
[2024-04-04T21:41:33.520+0000] {processor.py:161} INFO - Started process (PID=577) to work on /home/airflow/.local/lib/python3.8/site-packages/airflow/example_dags/example_xcomargs.py
[2024-04-04T21:41:33.521+0000] {processor.py:830} INFO - Processing file /home/airflow/.local/lib/python3.8/site-packages/airflow/example_dags/example_xcomargs.py for tasks to queue
[2024-04-04T21:41:33.522+0000] {logging_mixin.py:188} INFO - [2024-04-04T21:41:33.522+0000] {dagbag.py:540} INFO - Filling up the DagBag from /home/airflow/.local/lib/python3.8/site-packages/airflow/example_dags/example_xcomargs.py
[2024-04-04T21:41:33.529+0000] {processor.py:840} INFO - DAG(s) 'example_xcom_args_with_operators', 'example_xcom_args' retrieved from /home/airflow/.local/lib/python3.8/site-packages/airflow/example_dags/example_xcomargs.py
[2024-04-04T21:41:33.551+0000] {logging_mixin.py:188} INFO - [2024-04-04T21:41:33.551+0000] {dag.py:3047} INFO - Sync 2 DAGs
[2024-04-04T21:41:33.564+0000] {logging_mixin.py:188} INFO - [2024-04-04T21:41:33.564+0000] {dag.py:3834} INFO - Setting next_dagrun for example_xcom_args to None, run_after=None
[2024-04-04T21:41:33.568+0000] {logging_mixin.py:188} INFO - [2024-04-04T21:41:33.568+0000] {dag.py:3834} INFO - Setting next_dagrun for example_xcom_args_with_operators to None, run_after=None
[2024-04-04T21:41:33.583+0000] {processor.py:183} INFO - Processing /home/airflow/.local/lib/python3.8/site-packages/airflow/example_dags/example_xcomargs.py took 0.065 seconds
[2024-04-04T21:42:04.230+0000] {processor.py:161} INFO - Started process (PID=632) to work on /home/airflow/.local/lib/python3.8/site-packages/airflow/example_dags/example_xcomargs.py
[2024-04-04T21:42:04.231+0000] {processor.py:830} INFO - Processing file /home/airflow/.local/lib/python3.8/site-packages/airflow/example_dags/example_xcomargs.py for tasks to queue
[2024-04-04T21:42:04.233+0000] {logging_mixin.py:188} INFO - [2024-04-04T21:42:04.232+0000] {dagbag.py:540} INFO - Filling up the DagBag from /home/airflow/.local/lib/python3.8/site-packages/airflow/example_dags/example_xcomargs.py
[2024-04-04T21:42:04.242+0000] {processor.py:840} INFO - DAG(s) 'example_xcom_args', 'example_xcom_args_with_operators' retrieved from /home/airflow/.local/lib/python3.8/site-packages/airflow/example_dags/example_xcomargs.py
[2024-04-04T21:42:04.270+0000] {logging_mixin.py:188} INFO - [2024-04-04T21:42:04.269+0000] {dag.py:3047} INFO - Sync 2 DAGs
[2024-04-04T21:42:04.284+0000] {logging_mixin.py:188} INFO - [2024-04-04T21:42:04.284+0000] {dag.py:3834} INFO - Setting next_dagrun for example_xcom_args to None, run_after=None
[2024-04-04T21:42:04.288+0000] {logging_mixin.py:188} INFO - [2024-04-04T21:42:04.288+0000] {dag.py:3834} INFO - Setting next_dagrun for example_xcom_args_with_operators to None, run_after=None
[2024-04-04T21:42:04.306+0000] {processor.py:183} INFO - Processing /home/airflow/.local/lib/python3.8/site-packages/airflow/example_dags/example_xcomargs.py took 0.079 seconds
[2024-04-04T21:42:34.353+0000] {processor.py:161} INFO - Started process (PID=688) to work on /home/airflow/.local/lib/python3.8/site-packages/airflow/example_dags/example_xcomargs.py
[2024-04-04T21:42:34.354+0000] {processor.py:830} INFO - Processing file /home/airflow/.local/lib/python3.8/site-packages/airflow/example_dags/example_xcomargs.py for tasks to queue
[2024-04-04T21:42:34.355+0000] {logging_mixin.py:188} INFO - [2024-04-04T21:42:34.355+0000] {dagbag.py:540} INFO - Filling up the DagBag from /home/airflow/.local/lib/python3.8/site-packages/airflow/example_dags/example_xcomargs.py
[2024-04-04T21:42:34.360+0000] {processor.py:840} INFO - DAG(s) 'example_xcom_args', 'example_xcom_args_with_operators' retrieved from /home/airflow/.local/lib/python3.8/site-packages/airflow/example_dags/example_xcomargs.py
[2024-04-04T21:42:34.376+0000] {logging_mixin.py:188} INFO - [2024-04-04T21:42:34.376+0000] {dag.py:3047} INFO - Sync 2 DAGs
[2024-04-04T21:42:34.386+0000] {logging_mixin.py:188} INFO - [2024-04-04T21:42:34.386+0000] {dag.py:3834} INFO - Setting next_dagrun for example_xcom_args to None, run_after=None
[2024-04-04T21:42:34.389+0000] {logging_mixin.py:188} INFO - [2024-04-04T21:42:34.388+0000] {dag.py:3834} INFO - Setting next_dagrun for example_xcom_args_with_operators to None, run_after=None
[2024-04-04T21:42:34.402+0000] {processor.py:183} INFO - Processing /home/airflow/.local/lib/python3.8/site-packages/airflow/example_dags/example_xcomargs.py took 0.051 seconds
[2024-04-04T21:43:05.185+0000] {processor.py:161} INFO - Started process (PID=743) to work on /home/airflow/.local/lib/python3.8/site-packages/airflow/example_dags/example_xcomargs.py
[2024-04-04T21:43:05.185+0000] {processor.py:830} INFO - Processing file /home/airflow/.local/lib/python3.8/site-packages/airflow/example_dags/example_xcomargs.py for tasks to queue
[2024-04-04T21:43:05.187+0000] {logging_mixin.py:188} INFO - [2024-04-04T21:43:05.186+0000] {dagbag.py:540} INFO - Filling up the DagBag from /home/airflow/.local/lib/python3.8/site-packages/airflow/example_dags/example_xcomargs.py
[2024-04-04T21:43:05.192+0000] {processor.py:840} INFO - DAG(s) 'example_xcom_args', 'example_xcom_args_with_operators' retrieved from /home/airflow/.local/lib/python3.8/site-packages/airflow/example_dags/example_xcomargs.py
[2024-04-04T21:43:05.211+0000] {logging_mixin.py:188} INFO - [2024-04-04T21:43:05.211+0000] {dag.py:3047} INFO - Sync 2 DAGs
[2024-04-04T21:43:05.221+0000] {logging_mixin.py:188} INFO - [2024-04-04T21:43:05.220+0000] {dag.py:3834} INFO - Setting next_dagrun for example_xcom_args to None, run_after=None
[2024-04-04T21:43:05.224+0000] {logging_mixin.py:188} INFO - [2024-04-04T21:43:05.224+0000] {dag.py:3834} INFO - Setting next_dagrun for example_xcom_args_with_operators to None, run_after=None
[2024-04-04T21:43:05.238+0000] {processor.py:183} INFO - Processing /home/airflow/.local/lib/python3.8/site-packages/airflow/example_dags/example_xcomargs.py took 0.055 seconds
[2024-04-04T21:43:35.459+0000] {processor.py:161} INFO - Started process (PID=798) to work on /home/airflow/.local/lib/python3.8/site-packages/airflow/example_dags/example_xcomargs.py
[2024-04-04T21:43:35.460+0000] {processor.py:830} INFO - Processing file /home/airflow/.local/lib/python3.8/site-packages/airflow/example_dags/example_xcomargs.py for tasks to queue
[2024-04-04T21:43:35.461+0000] {logging_mixin.py:188} INFO - [2024-04-04T21:43:35.461+0000] {dagbag.py:540} INFO - Filling up the DagBag from /home/airflow/.local/lib/python3.8/site-packages/airflow/example_dags/example_xcomargs.py
[2024-04-04T21:43:35.467+0000] {processor.py:840} INFO - DAG(s) 'example_xcom_args', 'example_xcom_args_with_operators' retrieved from /home/airflow/.local/lib/python3.8/site-packages/airflow/example_dags/example_xcomargs.py
[2024-04-04T21:43:35.486+0000] {logging_mixin.py:188} INFO - [2024-04-04T21:43:35.486+0000] {dag.py:3047} INFO - Sync 2 DAGs
[2024-04-04T21:43:35.498+0000] {logging_mixin.py:188} INFO - [2024-04-04T21:43:35.497+0000] {dag.py:3834} INFO - Setting next_dagrun for example_xcom_args to None, run_after=None
[2024-04-04T21:43:35.501+0000] {logging_mixin.py:188} INFO - [2024-04-04T21:43:35.501+0000] {dag.py:3834} INFO - Setting next_dagrun for example_xcom_args_with_operators to None, run_after=None
[2024-04-04T21:43:35.517+0000] {processor.py:183} INFO - Processing /home/airflow/.local/lib/python3.8/site-packages/airflow/example_dags/example_xcomargs.py took 0.061 seconds
[2024-04-04T21:44:05.932+0000] {processor.py:161} INFO - Started process (PID=853) to work on /home/airflow/.local/lib/python3.8/site-packages/airflow/example_dags/example_xcomargs.py
[2024-04-04T21:44:05.933+0000] {processor.py:830} INFO - Processing file /home/airflow/.local/lib/python3.8/site-packages/airflow/example_dags/example_xcomargs.py for tasks to queue
[2024-04-04T21:44:05.934+0000] {logging_mixin.py:188} INFO - [2024-04-04T21:44:05.934+0000] {dagbag.py:540} INFO - Filling up the DagBag from /home/airflow/.local/lib/python3.8/site-packages/airflow/example_dags/example_xcomargs.py
[2024-04-04T21:44:05.940+0000] {processor.py:840} INFO - DAG(s) 'example_xcom_args', 'example_xcom_args_with_operators' retrieved from /home/airflow/.local/lib/python3.8/site-packages/airflow/example_dags/example_xcomargs.py
[2024-04-04T21:44:05.958+0000] {logging_mixin.py:188} INFO - [2024-04-04T21:44:05.958+0000] {dag.py:3047} INFO - Sync 2 DAGs
[2024-04-04T21:44:05.968+0000] {logging_mixin.py:188} INFO - [2024-04-04T21:44:05.968+0000] {dag.py:3834} INFO - Setting next_dagrun for example_xcom_args to None, run_after=None
[2024-04-04T21:44:05.971+0000] {logging_mixin.py:188} INFO - [2024-04-04T21:44:05.971+0000] {dag.py:3834} INFO - Setting next_dagrun for example_xcom_args_with_operators to None, run_after=None
[2024-04-04T21:44:05.983+0000] {processor.py:183} INFO - Processing /home/airflow/.local/lib/python3.8/site-packages/airflow/example_dags/example_xcomargs.py took 0.053 seconds
[2024-04-04T21:44:36.357+0000] {processor.py:161} INFO - Started process (PID=908) to work on /home/airflow/.local/lib/python3.8/site-packages/airflow/example_dags/example_xcomargs.py
[2024-04-04T21:44:36.358+0000] {processor.py:830} INFO - Processing file /home/airflow/.local/lib/python3.8/site-packages/airflow/example_dags/example_xcomargs.py for tasks to queue
[2024-04-04T21:44:36.359+0000] {logging_mixin.py:188} INFO - [2024-04-04T21:44:36.359+0000] {dagbag.py:540} INFO - Filling up the DagBag from /home/airflow/.local/lib/python3.8/site-packages/airflow/example_dags/example_xcomargs.py
[2024-04-04T21:44:36.364+0000] {processor.py:840} INFO - DAG(s) 'example_xcom_args', 'example_xcom_args_with_operators' retrieved from /home/airflow/.local/lib/python3.8/site-packages/airflow/example_dags/example_xcomargs.py
[2024-04-04T21:44:36.382+0000] {logging_mixin.py:188} INFO - [2024-04-04T21:44:36.381+0000] {dag.py:3047} INFO - Sync 2 DAGs
[2024-04-04T21:44:36.391+0000] {logging_mixin.py:188} INFO - [2024-04-04T21:44:36.391+0000] {dag.py:3834} INFO - Setting next_dagrun for example_xcom_args to None, run_after=None
[2024-04-04T21:44:36.394+0000] {logging_mixin.py:188} INFO - [2024-04-04T21:44:36.394+0000] {dag.py:3834} INFO - Setting next_dagrun for example_xcom_args_with_operators to None, run_after=None
[2024-04-04T21:44:36.406+0000] {processor.py:183} INFO - Processing /home/airflow/.local/lib/python3.8/site-packages/airflow/example_dags/example_xcomargs.py took 0.051 seconds
[2024-04-04T21:45:06.498+0000] {processor.py:161} INFO - Started process (PID=964) to work on /home/airflow/.local/lib/python3.8/site-packages/airflow/example_dags/example_xcomargs.py
[2024-04-04T21:45:06.499+0000] {processor.py:830} INFO - Processing file /home/airflow/.local/lib/python3.8/site-packages/airflow/example_dags/example_xcomargs.py for tasks to queue
[2024-04-04T21:45:06.500+0000] {logging_mixin.py:188} INFO - [2024-04-04T21:45:06.500+0000] {dagbag.py:540} INFO - Filling up the DagBag from /home/airflow/.local/lib/python3.8/site-packages/airflow/example_dags/example_xcomargs.py
[2024-04-04T21:45:06.506+0000] {processor.py:840} INFO - DAG(s) 'example_xcom_args_with_operators', 'example_xcom_args' retrieved from /home/airflow/.local/lib/python3.8/site-packages/airflow/example_dags/example_xcomargs.py
[2024-04-04T21:45:06.522+0000] {logging_mixin.py:188} INFO - [2024-04-04T21:45:06.522+0000] {dag.py:3047} INFO - Sync 2 DAGs
[2024-04-04T21:45:06.532+0000] {logging_mixin.py:188} INFO - [2024-04-04T21:45:06.531+0000] {dag.py:3834} INFO - Setting next_dagrun for example_xcom_args to None, run_after=None
[2024-04-04T21:45:06.534+0000] {logging_mixin.py:188} INFO - [2024-04-04T21:45:06.534+0000] {dag.py:3834} INFO - Setting next_dagrun for example_xcom_args_with_operators to None, run_after=None
[2024-04-04T21:45:06.546+0000] {processor.py:183} INFO - Processing /home/airflow/.local/lib/python3.8/site-packages/airflow/example_dags/example_xcomargs.py took 0.050 seconds
[2024-04-04T21:45:36.630+0000] {processor.py:161} INFO - Started process (PID=1019) to work on /home/airflow/.local/lib/python3.8/site-packages/airflow/example_dags/example_xcomargs.py
[2024-04-04T21:45:36.631+0000] {processor.py:830} INFO - Processing file /home/airflow/.local/lib/python3.8/site-packages/airflow/example_dags/example_xcomargs.py for tasks to queue
[2024-04-04T21:45:36.632+0000] {logging_mixin.py:188} INFO - [2024-04-04T21:45:36.632+0000] {dagbag.py:540} INFO - Filling up the DagBag from /home/airflow/.local/lib/python3.8/site-packages/airflow/example_dags/example_xcomargs.py
[2024-04-04T21:45:36.637+0000] {processor.py:840} INFO - DAG(s) 'example_xcom_args', 'example_xcom_args_with_operators' retrieved from /home/airflow/.local/lib/python3.8/site-packages/airflow/example_dags/example_xcomargs.py
[2024-04-04T21:45:36.657+0000] {logging_mixin.py:188} INFO - [2024-04-04T21:45:36.657+0000] {dag.py:3047} INFO - Sync 2 DAGs
[2024-04-04T21:45:36.667+0000] {logging_mixin.py:188} INFO - [2024-04-04T21:45:36.667+0000] {dag.py:3834} INFO - Setting next_dagrun for example_xcom_args to None, run_after=None
[2024-04-04T21:45:36.671+0000] {logging_mixin.py:188} INFO - [2024-04-04T21:45:36.670+0000] {dag.py:3834} INFO - Setting next_dagrun for example_xcom_args_with_operators to None, run_after=None
[2024-04-04T21:45:36.685+0000] {processor.py:183} INFO - Processing /home/airflow/.local/lib/python3.8/site-packages/airflow/example_dags/example_xcomargs.py took 0.057 seconds
[2024-04-04T21:46:07.100+0000] {processor.py:161} INFO - Started process (PID=1073) to work on /home/airflow/.local/lib/python3.8/site-packages/airflow/example_dags/example_xcomargs.py
[2024-04-04T21:46:07.101+0000] {processor.py:830} INFO - Processing file /home/airflow/.local/lib/python3.8/site-packages/airflow/example_dags/example_xcomargs.py for tasks to queue
[2024-04-04T21:46:07.103+0000] {logging_mixin.py:188} INFO - [2024-04-04T21:46:07.102+0000] {dagbag.py:540} INFO - Filling up the DagBag from /home/airflow/.local/lib/python3.8/site-packages/airflow/example_dags/example_xcomargs.py
[2024-04-04T21:46:07.109+0000] {processor.py:840} INFO - DAG(s) 'example_xcom_args_with_operators', 'example_xcom_args' retrieved from /home/airflow/.local/lib/python3.8/site-packages/airflow/example_dags/example_xcomargs.py
[2024-04-04T21:46:07.131+0000] {logging_mixin.py:188} INFO - [2024-04-04T21:46:07.131+0000] {dag.py:3047} INFO - Sync 2 DAGs
[2024-04-04T21:46:07.142+0000] {logging_mixin.py:188} INFO - [2024-04-04T21:46:07.141+0000] {dag.py:3834} INFO - Setting next_dagrun for example_xcom_args to None, run_after=None
[2024-04-04T21:46:07.145+0000] {logging_mixin.py:188} INFO - [2024-04-04T21:46:07.145+0000] {dag.py:3834} INFO - Setting next_dagrun for example_xcom_args_with_operators to None, run_after=None
[2024-04-04T21:46:07.161+0000] {processor.py:183} INFO - Processing /home/airflow/.local/lib/python3.8/site-packages/airflow/example_dags/example_xcomargs.py took 0.063 seconds
[2024-04-04T21:46:37.315+0000] {processor.py:161} INFO - Started process (PID=1128) to work on /home/airflow/.local/lib/python3.8/site-packages/airflow/example_dags/example_xcomargs.py
[2024-04-04T21:46:37.316+0000] {processor.py:830} INFO - Processing file /home/airflow/.local/lib/python3.8/site-packages/airflow/example_dags/example_xcomargs.py for tasks to queue
[2024-04-04T21:46:37.318+0000] {logging_mixin.py:188} INFO - [2024-04-04T21:46:37.317+0000] {dagbag.py:540} INFO - Filling up the DagBag from /home/airflow/.local/lib/python3.8/site-packages/airflow/example_dags/example_xcomargs.py
[2024-04-04T21:46:37.324+0000] {processor.py:840} INFO - DAG(s) 'example_xcom_args_with_operators', 'example_xcom_args' retrieved from /home/airflow/.local/lib/python3.8/site-packages/airflow/example_dags/example_xcomargs.py
[2024-04-04T21:46:37.342+0000] {logging_mixin.py:188} INFO - [2024-04-04T21:46:37.342+0000] {dag.py:3047} INFO - Sync 2 DAGs
[2024-04-04T21:46:37.355+0000] {logging_mixin.py:188} INFO - [2024-04-04T21:46:37.354+0000] {dag.py:3834} INFO - Setting next_dagrun for example_xcom_args to None, run_after=None
[2024-04-04T21:46:37.358+0000] {logging_mixin.py:188} INFO - [2024-04-04T21:46:37.358+0000] {dag.py:3834} INFO - Setting next_dagrun for example_xcom_args_with_operators to None, run_after=None
[2024-04-04T21:46:37.376+0000] {processor.py:183} INFO - Processing /home/airflow/.local/lib/python3.8/site-packages/airflow/example_dags/example_xcomargs.py took 0.063 seconds
[2024-04-04T21:47:07.655+0000] {processor.py:161} INFO - Started process (PID=1183) to work on /home/airflow/.local/lib/python3.8/site-packages/airflow/example_dags/example_xcomargs.py
[2024-04-04T21:47:07.656+0000] {processor.py:830} INFO - Processing file /home/airflow/.local/lib/python3.8/site-packages/airflow/example_dags/example_xcomargs.py for tasks to queue
[2024-04-04T21:47:07.658+0000] {logging_mixin.py:188} INFO - [2024-04-04T21:47:07.657+0000] {dagbag.py:540} INFO - Filling up the DagBag from /home/airflow/.local/lib/python3.8/site-packages/airflow/example_dags/example_xcomargs.py
[2024-04-04T21:47:07.665+0000] {processor.py:840} INFO - DAG(s) 'example_xcom_args_with_operators', 'example_xcom_args' retrieved from /home/airflow/.local/lib/python3.8/site-packages/airflow/example_dags/example_xcomargs.py
[2024-04-04T21:47:07.687+0000] {logging_mixin.py:188} INFO - [2024-04-04T21:47:07.687+0000] {dag.py:3047} INFO - Sync 2 DAGs
[2024-04-04T21:47:07.698+0000] {logging_mixin.py:188} INFO - [2024-04-04T21:47:07.697+0000] {dag.py:3834} INFO - Setting next_dagrun for example_xcom_args to None, run_after=None
[2024-04-04T21:47:07.701+0000] {logging_mixin.py:188} INFO - [2024-04-04T21:47:07.701+0000] {dag.py:3834} INFO - Setting next_dagrun for example_xcom_args_with_operators to None, run_after=None
[2024-04-04T21:47:07.716+0000] {processor.py:183} INFO - Processing /home/airflow/.local/lib/python3.8/site-packages/airflow/example_dags/example_xcomargs.py took 0.064 seconds
[2024-04-04T21:47:37.920+0000] {processor.py:161} INFO - Started process (PID=1238) to work on /home/airflow/.local/lib/python3.8/site-packages/airflow/example_dags/example_xcomargs.py
[2024-04-04T21:47:37.922+0000] {processor.py:830} INFO - Processing file /home/airflow/.local/lib/python3.8/site-packages/airflow/example_dags/example_xcomargs.py for tasks to queue
[2024-04-04T21:47:37.923+0000] {logging_mixin.py:188} INFO - [2024-04-04T21:47:37.923+0000] {dagbag.py:540} INFO - Filling up the DagBag from /home/airflow/.local/lib/python3.8/site-packages/airflow/example_dags/example_xcomargs.py
[2024-04-04T21:47:37.932+0000] {processor.py:840} INFO - DAG(s) 'example_xcom_args_with_operators', 'example_xcom_args' retrieved from /home/airflow/.local/lib/python3.8/site-packages/airflow/example_dags/example_xcomargs.py
[2024-04-04T21:47:37.955+0000] {logging_mixin.py:188} INFO - [2024-04-04T21:47:37.955+0000] {dag.py:3047} INFO - Sync 2 DAGs
[2024-04-04T21:47:37.965+0000] {logging_mixin.py:188} INFO - [2024-04-04T21:47:37.965+0000] {dag.py:3834} INFO - Setting next_dagrun for example_xcom_args to None, run_after=None
[2024-04-04T21:47:37.970+0000] {logging_mixin.py:188} INFO - [2024-04-04T21:47:37.969+0000] {dag.py:3834} INFO - Setting next_dagrun for example_xcom_args_with_operators to None, run_after=None
[2024-04-04T21:47:37.988+0000] {processor.py:183} INFO - Processing /home/airflow/.local/lib/python3.8/site-packages/airflow/example_dags/example_xcomargs.py took 0.074 seconds
[2024-04-04T21:48:08.792+0000] {processor.py:161} INFO - Started process (PID=1293) to work on /home/airflow/.local/lib/python3.8/site-packages/airflow/example_dags/example_xcomargs.py
[2024-04-04T21:48:08.796+0000] {processor.py:830} INFO - Processing file /home/airflow/.local/lib/python3.8/site-packages/airflow/example_dags/example_xcomargs.py for tasks to queue
[2024-04-04T21:48:08.797+0000] {logging_mixin.py:188} INFO - [2024-04-04T21:48:08.797+0000] {dagbag.py:540} INFO - Filling up the DagBag from /home/airflow/.local/lib/python3.8/site-packages/airflow/example_dags/example_xcomargs.py
[2024-04-04T21:48:08.803+0000] {processor.py:840} INFO - DAG(s) 'example_xcom_args_with_operators', 'example_xcom_args' retrieved from /home/airflow/.local/lib/python3.8/site-packages/airflow/example_dags/example_xcomargs.py
[2024-04-04T21:48:08.822+0000] {logging_mixin.py:188} INFO - [2024-04-04T21:48:08.821+0000] {dag.py:3047} INFO - Sync 2 DAGs
[2024-04-04T21:48:08.831+0000] {logging_mixin.py:188} INFO - [2024-04-04T21:48:08.831+0000] {dag.py:3834} INFO - Setting next_dagrun for example_xcom_args to None, run_after=None
[2024-04-04T21:48:08.834+0000] {logging_mixin.py:188} INFO - [2024-04-04T21:48:08.834+0000] {dag.py:3834} INFO - Setting next_dagrun for example_xcom_args_with_operators to None, run_after=None
[2024-04-04T21:48:08.849+0000] {processor.py:183} INFO - Processing /home/airflow/.local/lib/python3.8/site-packages/airflow/example_dags/example_xcomargs.py took 0.060 seconds
[2024-04-04T21:48:39.520+0000] {processor.py:161} INFO - Started process (PID=1348) to work on /home/airflow/.local/lib/python3.8/site-packages/airflow/example_dags/example_xcomargs.py
[2024-04-04T21:48:39.521+0000] {processor.py:830} INFO - Processing file /home/airflow/.local/lib/python3.8/site-packages/airflow/example_dags/example_xcomargs.py for tasks to queue
[2024-04-04T21:48:39.522+0000] {logging_mixin.py:188} INFO - [2024-04-04T21:48:39.522+0000] {dagbag.py:540} INFO - Filling up the DagBag from /home/airflow/.local/lib/python3.8/site-packages/airflow/example_dags/example_xcomargs.py
[2024-04-04T21:48:39.528+0000] {processor.py:840} INFO - DAG(s) 'example_xcom_args', 'example_xcom_args_with_operators' retrieved from /home/airflow/.local/lib/python3.8/site-packages/airflow/example_dags/example_xcomargs.py
[2024-04-04T21:48:39.548+0000] {logging_mixin.py:188} INFO - [2024-04-04T21:48:39.547+0000] {dag.py:3047} INFO - Sync 2 DAGs
[2024-04-04T21:48:39.560+0000] {logging_mixin.py:188} INFO - [2024-04-04T21:48:39.560+0000] {dag.py:3834} INFO - Setting next_dagrun for example_xcom_args to None, run_after=None
[2024-04-04T21:48:39.564+0000] {logging_mixin.py:188} INFO - [2024-04-04T21:48:39.563+0000] {dag.py:3834} INFO - Setting next_dagrun for example_xcom_args_with_operators to None, run_after=None
[2024-04-04T21:48:39.584+0000] {processor.py:183} INFO - Processing /home/airflow/.local/lib/python3.8/site-packages/airflow/example_dags/example_xcomargs.py took 0.067 seconds
[2024-04-04T21:49:10.056+0000] {processor.py:161} INFO - Started process (PID=1403) to work on /home/airflow/.local/lib/python3.8/site-packages/airflow/example_dags/example_xcomargs.py
[2024-04-04T21:49:10.057+0000] {processor.py:830} INFO - Processing file /home/airflow/.local/lib/python3.8/site-packages/airflow/example_dags/example_xcomargs.py for tasks to queue
[2024-04-04T21:49:10.059+0000] {logging_mixin.py:188} INFO - [2024-04-04T21:49:10.058+0000] {dagbag.py:540} INFO - Filling up the DagBag from /home/airflow/.local/lib/python3.8/site-packages/airflow/example_dags/example_xcomargs.py
[2024-04-04T21:49:10.066+0000] {processor.py:840} INFO - DAG(s) 'example_xcom_args', 'example_xcom_args_with_operators' retrieved from /home/airflow/.local/lib/python3.8/site-packages/airflow/example_dags/example_xcomargs.py
[2024-04-04T21:49:10.092+0000] {logging_mixin.py:188} INFO - [2024-04-04T21:49:10.092+0000] {dag.py:3047} INFO - Sync 2 DAGs
[2024-04-04T21:49:10.106+0000] {logging_mixin.py:188} INFO - [2024-04-04T21:49:10.106+0000] {dag.py:3834} INFO - Setting next_dagrun for example_xcom_args to None, run_after=None
[2024-04-04T21:49:10.109+0000] {logging_mixin.py:188} INFO - [2024-04-04T21:49:10.109+0000] {dag.py:3834} INFO - Setting next_dagrun for example_xcom_args_with_operators to None, run_after=None
[2024-04-04T21:49:10.131+0000] {processor.py:183} INFO - Processing /home/airflow/.local/lib/python3.8/site-packages/airflow/example_dags/example_xcomargs.py took 0.078 seconds
[2024-04-04T21:49:40.511+0000] {processor.py:161} INFO - Started process (PID=1458) to work on /home/airflow/.local/lib/python3.8/site-packages/airflow/example_dags/example_xcomargs.py
[2024-04-04T21:49:40.513+0000] {processor.py:830} INFO - Processing file /home/airflow/.local/lib/python3.8/site-packages/airflow/example_dags/example_xcomargs.py for tasks to queue
[2024-04-04T21:49:40.514+0000] {logging_mixin.py:188} INFO - [2024-04-04T21:49:40.514+0000] {dagbag.py:540} INFO - Filling up the DagBag from /home/airflow/.local/lib/python3.8/site-packages/airflow/example_dags/example_xcomargs.py
[2024-04-04T21:49:40.521+0000] {processor.py:840} INFO - DAG(s) 'example_xcom_args_with_operators', 'example_xcom_args' retrieved from /home/airflow/.local/lib/python3.8/site-packages/airflow/example_dags/example_xcomargs.py
[2024-04-04T21:49:40.539+0000] {logging_mixin.py:188} INFO - [2024-04-04T21:49:40.539+0000] {dag.py:3047} INFO - Sync 2 DAGs
[2024-04-04T21:49:40.550+0000] {logging_mixin.py:188} INFO - [2024-04-04T21:49:40.549+0000] {dag.py:3834} INFO - Setting next_dagrun for example_xcom_args to None, run_after=None
[2024-04-04T21:49:40.554+0000] {logging_mixin.py:188} INFO - [2024-04-04T21:49:40.554+0000] {dag.py:3834} INFO - Setting next_dagrun for example_xcom_args_with_operators to None, run_after=None
[2024-04-04T21:49:40.575+0000] {processor.py:183} INFO - Processing /home/airflow/.local/lib/python3.8/site-packages/airflow/example_dags/example_xcomargs.py took 0.066 seconds
[2024-04-04T21:50:10.845+0000] {processor.py:161} INFO - Started process (PID=1513) to work on /home/airflow/.local/lib/python3.8/site-packages/airflow/example_dags/example_xcomargs.py
[2024-04-04T21:50:10.846+0000] {processor.py:830} INFO - Processing file /home/airflow/.local/lib/python3.8/site-packages/airflow/example_dags/example_xcomargs.py for tasks to queue
[2024-04-04T21:50:10.847+0000] {logging_mixin.py:188} INFO - [2024-04-04T21:50:10.847+0000] {dagbag.py:540} INFO - Filling up the DagBag from /home/airflow/.local/lib/python3.8/site-packages/airflow/example_dags/example_xcomargs.py
[2024-04-04T21:50:10.853+0000] {processor.py:840} INFO - DAG(s) 'example_xcom_args', 'example_xcom_args_with_operators' retrieved from /home/airflow/.local/lib/python3.8/site-packages/airflow/example_dags/example_xcomargs.py
[2024-04-04T21:50:10.872+0000] {logging_mixin.py:188} INFO - [2024-04-04T21:50:10.872+0000] {dag.py:3047} INFO - Sync 2 DAGs
[2024-04-04T21:50:10.883+0000] {logging_mixin.py:188} INFO - [2024-04-04T21:50:10.882+0000] {dag.py:3834} INFO - Setting next_dagrun for example_xcom_args to None, run_after=None
[2024-04-04T21:50:10.886+0000] {logging_mixin.py:188} INFO - [2024-04-04T21:50:10.886+0000] {dag.py:3834} INFO - Setting next_dagrun for example_xcom_args_with_operators to None, run_after=None
[2024-04-04T21:50:10.901+0000] {processor.py:183} INFO - Processing /home/airflow/.local/lib/python3.8/site-packages/airflow/example_dags/example_xcomargs.py took 0.058 seconds
[2024-04-04T21:50:41.498+0000] {processor.py:161} INFO - Started process (PID=1568) to work on /home/airflow/.local/lib/python3.8/site-packages/airflow/example_dags/example_xcomargs.py
[2024-04-04T21:50:41.499+0000] {processor.py:830} INFO - Processing file /home/airflow/.local/lib/python3.8/site-packages/airflow/example_dags/example_xcomargs.py for tasks to queue
[2024-04-04T21:50:41.501+0000] {logging_mixin.py:188} INFO - [2024-04-04T21:50:41.501+0000] {dagbag.py:540} INFO - Filling up the DagBag from /home/airflow/.local/lib/python3.8/site-packages/airflow/example_dags/example_xcomargs.py
[2024-04-04T21:50:41.508+0000] {processor.py:840} INFO - DAG(s) 'example_xcom_args_with_operators', 'example_xcom_args' retrieved from /home/airflow/.local/lib/python3.8/site-packages/airflow/example_dags/example_xcomargs.py
[2024-04-04T21:50:41.528+0000] {logging_mixin.py:188} INFO - [2024-04-04T21:50:41.528+0000] {dag.py:3047} INFO - Sync 2 DAGs
[2024-04-04T21:50:41.541+0000] {logging_mixin.py:188} INFO - [2024-04-04T21:50:41.540+0000] {dag.py:3834} INFO - Setting next_dagrun for example_xcom_args to None, run_after=None
[2024-04-04T21:50:41.544+0000] {logging_mixin.py:188} INFO - [2024-04-04T21:50:41.544+0000] {dag.py:3834} INFO - Setting next_dagrun for example_xcom_args_with_operators to None, run_after=None
[2024-04-04T21:50:41.563+0000] {processor.py:183} INFO - Processing /home/airflow/.local/lib/python3.8/site-packages/airflow/example_dags/example_xcomargs.py took 0.068 seconds
[2024-04-04T21:51:11.788+0000] {processor.py:161} INFO - Started process (PID=1623) to work on /home/airflow/.local/lib/python3.8/site-packages/airflow/example_dags/example_xcomargs.py
[2024-04-04T21:51:11.789+0000] {processor.py:830} INFO - Processing file /home/airflow/.local/lib/python3.8/site-packages/airflow/example_dags/example_xcomargs.py for tasks to queue
[2024-04-04T21:51:11.790+0000] {logging_mixin.py:188} INFO - [2024-04-04T21:51:11.790+0000] {dagbag.py:540} INFO - Filling up the DagBag from /home/airflow/.local/lib/python3.8/site-packages/airflow/example_dags/example_xcomargs.py
[2024-04-04T21:51:11.796+0000] {processor.py:840} INFO - DAG(s) 'example_xcom_args', 'example_xcom_args_with_operators' retrieved from /home/airflow/.local/lib/python3.8/site-packages/airflow/example_dags/example_xcomargs.py
[2024-04-04T21:51:11.818+0000] {logging_mixin.py:188} INFO - [2024-04-04T21:51:11.818+0000] {dag.py:3047} INFO - Sync 2 DAGs
[2024-04-04T21:51:11.831+0000] {logging_mixin.py:188} INFO - [2024-04-04T21:51:11.831+0000] {dag.py:3834} INFO - Setting next_dagrun for example_xcom_args to None, run_after=None
[2024-04-04T21:51:11.836+0000] {logging_mixin.py:188} INFO - [2024-04-04T21:51:11.835+0000] {dag.py:3834} INFO - Setting next_dagrun for example_xcom_args_with_operators to None, run_after=None
[2024-04-04T21:51:11.855+0000] {processor.py:183} INFO - Processing /home/airflow/.local/lib/python3.8/site-packages/airflow/example_dags/example_xcomargs.py took 0.068 seconds
[2024-04-04T21:51:42.126+0000] {processor.py:161} INFO - Started process (PID=1678) to work on /home/airflow/.local/lib/python3.8/site-packages/airflow/example_dags/example_xcomargs.py
[2024-04-04T21:51:42.127+0000] {processor.py:830} INFO - Processing file /home/airflow/.local/lib/python3.8/site-packages/airflow/example_dags/example_xcomargs.py for tasks to queue
[2024-04-04T21:51:42.128+0000] {logging_mixin.py:188} INFO - [2024-04-04T21:51:42.128+0000] {dagbag.py:540} INFO - Filling up the DagBag from /home/airflow/.local/lib/python3.8/site-packages/airflow/example_dags/example_xcomargs.py
[2024-04-04T21:51:42.135+0000] {processor.py:840} INFO - DAG(s) 'example_xcom_args_with_operators', 'example_xcom_args' retrieved from /home/airflow/.local/lib/python3.8/site-packages/airflow/example_dags/example_xcomargs.py
[2024-04-04T21:51:42.156+0000] {logging_mixin.py:188} INFO - [2024-04-04T21:51:42.156+0000] {dag.py:3047} INFO - Sync 2 DAGs
[2024-04-04T21:51:42.166+0000] {logging_mixin.py:188} INFO - [2024-04-04T21:51:42.166+0000] {dag.py:3834} INFO - Setting next_dagrun for example_xcom_args to None, run_after=None
[2024-04-04T21:51:42.169+0000] {logging_mixin.py:188} INFO - [2024-04-04T21:51:42.169+0000] {dag.py:3834} INFO - Setting next_dagrun for example_xcom_args_with_operators to None, run_after=None
[2024-04-04T21:51:42.186+0000] {processor.py:183} INFO - Processing /home/airflow/.local/lib/python3.8/site-packages/airflow/example_dags/example_xcomargs.py took 0.063 seconds
[2024-04-04T21:52:12.332+0000] {processor.py:161} INFO - Started process (PID=1733) to work on /home/airflow/.local/lib/python3.8/site-packages/airflow/example_dags/example_xcomargs.py
[2024-04-04T21:52:12.333+0000] {processor.py:830} INFO - Processing file /home/airflow/.local/lib/python3.8/site-packages/airflow/example_dags/example_xcomargs.py for tasks to queue
[2024-04-04T21:52:12.334+0000] {logging_mixin.py:188} INFO - [2024-04-04T21:52:12.334+0000] {dagbag.py:540} INFO - Filling up the DagBag from /home/airflow/.local/lib/python3.8/site-packages/airflow/example_dags/example_xcomargs.py
[2024-04-04T21:52:12.340+0000] {processor.py:840} INFO - DAG(s) 'example_xcom_args', 'example_xcom_args_with_operators' retrieved from /home/airflow/.local/lib/python3.8/site-packages/airflow/example_dags/example_xcomargs.py
[2024-04-04T21:52:12.362+0000] {logging_mixin.py:188} INFO - [2024-04-04T21:52:12.362+0000] {dag.py:3047} INFO - Sync 2 DAGs
[2024-04-04T21:52:12.374+0000] {logging_mixin.py:188} INFO - [2024-04-04T21:52:12.374+0000] {dag.py:3834} INFO - Setting next_dagrun for example_xcom_args to None, run_after=None
[2024-04-04T21:52:12.378+0000] {logging_mixin.py:188} INFO - [2024-04-04T21:52:12.378+0000] {dag.py:3834} INFO - Setting next_dagrun for example_xcom_args_with_operators to None, run_after=None
[2024-04-04T21:52:12.396+0000] {processor.py:183} INFO - Processing /home/airflow/.local/lib/python3.8/site-packages/airflow/example_dags/example_xcomargs.py took 0.066 seconds
[2024-04-04T21:52:42.749+0000] {processor.py:161} INFO - Started process (PID=1788) to work on /home/airflow/.local/lib/python3.8/site-packages/airflow/example_dags/example_xcomargs.py
[2024-04-04T21:52:42.750+0000] {processor.py:830} INFO - Processing file /home/airflow/.local/lib/python3.8/site-packages/airflow/example_dags/example_xcomargs.py for tasks to queue
[2024-04-04T21:52:42.752+0000] {logging_mixin.py:188} INFO - [2024-04-04T21:52:42.752+0000] {dagbag.py:540} INFO - Filling up the DagBag from /home/airflow/.local/lib/python3.8/site-packages/airflow/example_dags/example_xcomargs.py
[2024-04-04T21:52:42.758+0000] {processor.py:840} INFO - DAG(s) 'example_xcom_args_with_operators', 'example_xcom_args' retrieved from /home/airflow/.local/lib/python3.8/site-packages/airflow/example_dags/example_xcomargs.py
[2024-04-04T21:52:42.780+0000] {logging_mixin.py:188} INFO - [2024-04-04T21:52:42.780+0000] {dag.py:3047} INFO - Sync 2 DAGs
[2024-04-04T21:52:42.792+0000] {logging_mixin.py:188} INFO - [2024-04-04T21:52:42.792+0000] {dag.py:3834} INFO - Setting next_dagrun for example_xcom_args to None, run_after=None
[2024-04-04T21:52:42.796+0000] {logging_mixin.py:188} INFO - [2024-04-04T21:52:42.795+0000] {dag.py:3834} INFO - Setting next_dagrun for example_xcom_args_with_operators to None, run_after=None
[2024-04-04T21:52:42.812+0000] {processor.py:183} INFO - Processing /home/airflow/.local/lib/python3.8/site-packages/airflow/example_dags/example_xcomargs.py took 0.065 seconds
[2024-04-04T21:53:12.958+0000] {processor.py:161} INFO - Started process (PID=1843) to work on /home/airflow/.local/lib/python3.8/site-packages/airflow/example_dags/example_xcomargs.py
[2024-04-04T21:53:12.959+0000] {processor.py:830} INFO - Processing file /home/airflow/.local/lib/python3.8/site-packages/airflow/example_dags/example_xcomargs.py for tasks to queue
[2024-04-04T21:53:12.960+0000] {logging_mixin.py:188} INFO - [2024-04-04T21:53:12.960+0000] {dagbag.py:540} INFO - Filling up the DagBag from /home/airflow/.local/lib/python3.8/site-packages/airflow/example_dags/example_xcomargs.py
[2024-04-04T21:53:12.966+0000] {processor.py:840} INFO - DAG(s) 'example_xcom_args', 'example_xcom_args_with_operators' retrieved from /home/airflow/.local/lib/python3.8/site-packages/airflow/example_dags/example_xcomargs.py
[2024-04-04T21:53:12.982+0000] {logging_mixin.py:188} INFO - [2024-04-04T21:53:12.982+0000] {dag.py:3047} INFO - Sync 2 DAGs
[2024-04-04T21:53:12.992+0000] {logging_mixin.py:188} INFO - [2024-04-04T21:53:12.991+0000] {dag.py:3834} INFO - Setting next_dagrun for example_xcom_args to None, run_after=None
[2024-04-04T21:53:12.995+0000] {logging_mixin.py:188} INFO - [2024-04-04T21:53:12.994+0000] {dag.py:3834} INFO - Setting next_dagrun for example_xcom_args_with_operators to None, run_after=None
[2024-04-04T21:53:13.006+0000] {processor.py:183} INFO - Processing /home/airflow/.local/lib/python3.8/site-packages/airflow/example_dags/example_xcomargs.py took 0.050 seconds
[2024-04-04T21:53:43.152+0000] {processor.py:161} INFO - Started process (PID=1898) to work on /home/airflow/.local/lib/python3.8/site-packages/airflow/example_dags/example_xcomargs.py
[2024-04-04T21:53:43.153+0000] {processor.py:830} INFO - Processing file /home/airflow/.local/lib/python3.8/site-packages/airflow/example_dags/example_xcomargs.py for tasks to queue
[2024-04-04T21:53:43.155+0000] {logging_mixin.py:188} INFO - [2024-04-04T21:53:43.154+0000] {dagbag.py:540} INFO - Filling up the DagBag from /home/airflow/.local/lib/python3.8/site-packages/airflow/example_dags/example_xcomargs.py
[2024-04-04T21:53:43.160+0000] {processor.py:840} INFO - DAG(s) 'example_xcom_args', 'example_xcom_args_with_operators' retrieved from /home/airflow/.local/lib/python3.8/site-packages/airflow/example_dags/example_xcomargs.py
[2024-04-04T21:53:43.180+0000] {logging_mixin.py:188} INFO - [2024-04-04T21:53:43.179+0000] {dag.py:3047} INFO - Sync 2 DAGs
[2024-04-04T21:53:43.189+0000] {logging_mixin.py:188} INFO - [2024-04-04T21:53:43.189+0000] {dag.py:3834} INFO - Setting next_dagrun for example_xcom_args to None, run_after=None
[2024-04-04T21:53:43.192+0000] {logging_mixin.py:188} INFO - [2024-04-04T21:53:43.192+0000] {dag.py:3834} INFO - Setting next_dagrun for example_xcom_args_with_operators to None, run_after=None
[2024-04-04T21:53:43.206+0000] {processor.py:183} INFO - Processing /home/airflow/.local/lib/python3.8/site-packages/airflow/example_dags/example_xcomargs.py took 0.055 seconds
[2024-04-04T21:54:13.313+0000] {processor.py:161} INFO - Started process (PID=1954) to work on /home/airflow/.local/lib/python3.8/site-packages/airflow/example_dags/example_xcomargs.py
[2024-04-04T21:54:13.313+0000] {processor.py:830} INFO - Processing file /home/airflow/.local/lib/python3.8/site-packages/airflow/example_dags/example_xcomargs.py for tasks to queue
[2024-04-04T21:54:13.315+0000] {logging_mixin.py:188} INFO - [2024-04-04T21:54:13.314+0000] {dagbag.py:540} INFO - Filling up the DagBag from /home/airflow/.local/lib/python3.8/site-packages/airflow/example_dags/example_xcomargs.py
[2024-04-04T21:54:13.321+0000] {processor.py:840} INFO - DAG(s) 'example_xcom_args', 'example_xcom_args_with_operators' retrieved from /home/airflow/.local/lib/python3.8/site-packages/airflow/example_dags/example_xcomargs.py
[2024-04-04T21:54:13.342+0000] {logging_mixin.py:188} INFO - [2024-04-04T21:54:13.342+0000] {dag.py:3047} INFO - Sync 2 DAGs
[2024-04-04T21:54:13.352+0000] {logging_mixin.py:188} INFO - [2024-04-04T21:54:13.352+0000] {dag.py:3834} INFO - Setting next_dagrun for example_xcom_args to None, run_after=None
[2024-04-04T21:54:13.355+0000] {logging_mixin.py:188} INFO - [2024-04-04T21:54:13.355+0000] {dag.py:3834} INFO - Setting next_dagrun for example_xcom_args_with_operators to None, run_after=None
[2024-04-04T21:54:13.368+0000] {processor.py:183} INFO - Processing /home/airflow/.local/lib/python3.8/site-packages/airflow/example_dags/example_xcomargs.py took 0.057 seconds
[2024-04-04T21:54:43.680+0000] {processor.py:161} INFO - Started process (PID=2008) to work on /home/airflow/.local/lib/python3.8/site-packages/airflow/example_dags/example_xcomargs.py
[2024-04-04T21:54:43.681+0000] {processor.py:830} INFO - Processing file /home/airflow/.local/lib/python3.8/site-packages/airflow/example_dags/example_xcomargs.py for tasks to queue
[2024-04-04T21:54:43.683+0000] {logging_mixin.py:188} INFO - [2024-04-04T21:54:43.683+0000] {dagbag.py:540} INFO - Filling up the DagBag from /home/airflow/.local/lib/python3.8/site-packages/airflow/example_dags/example_xcomargs.py
[2024-04-04T21:54:43.691+0000] {processor.py:840} INFO - DAG(s) 'example_xcom_args_with_operators', 'example_xcom_args' retrieved from /home/airflow/.local/lib/python3.8/site-packages/airflow/example_dags/example_xcomargs.py
[2024-04-04T21:54:43.709+0000] {logging_mixin.py:188} INFO - [2024-04-04T21:54:43.709+0000] {dag.py:3047} INFO - Sync 2 DAGs
[2024-04-04T21:54:43.718+0000] {logging_mixin.py:188} INFO - [2024-04-04T21:54:43.718+0000] {dag.py:3834} INFO - Setting next_dagrun for example_xcom_args to None, run_after=None
[2024-04-04T21:54:43.722+0000] {logging_mixin.py:188} INFO - [2024-04-04T21:54:43.722+0000] {dag.py:3834} INFO - Setting next_dagrun for example_xcom_args_with_operators to None, run_after=None
[2024-04-04T21:54:43.738+0000] {processor.py:183} INFO - Processing /home/airflow/.local/lib/python3.8/site-packages/airflow/example_dags/example_xcomargs.py took 0.059 seconds
[2024-04-04T21:55:13.798+0000] {processor.py:161} INFO - Started process (PID=2063) to work on /home/airflow/.local/lib/python3.8/site-packages/airflow/example_dags/example_xcomargs.py
[2024-04-04T21:55:13.799+0000] {processor.py:830} INFO - Processing file /home/airflow/.local/lib/python3.8/site-packages/airflow/example_dags/example_xcomargs.py for tasks to queue
[2024-04-04T21:55:13.800+0000] {logging_mixin.py:188} INFO - [2024-04-04T21:55:13.799+0000] {dagbag.py:540} INFO - Filling up the DagBag from /home/airflow/.local/lib/python3.8/site-packages/airflow/example_dags/example_xcomargs.py
[2024-04-04T21:55:13.805+0000] {processor.py:840} INFO - DAG(s) 'example_xcom_args_with_operators', 'example_xcom_args' retrieved from /home/airflow/.local/lib/python3.8/site-packages/airflow/example_dags/example_xcomargs.py
[2024-04-04T21:55:13.821+0000] {logging_mixin.py:188} INFO - [2024-04-04T21:55:13.820+0000] {dag.py:3047} INFO - Sync 2 DAGs
[2024-04-04T21:55:13.829+0000] {logging_mixin.py:188} INFO - [2024-04-04T21:55:13.829+0000] {dag.py:3834} INFO - Setting next_dagrun for example_xcom_args to None, run_after=None
[2024-04-04T21:55:13.832+0000] {logging_mixin.py:188} INFO - [2024-04-04T21:55:13.832+0000] {dag.py:3834} INFO - Setting next_dagrun for example_xcom_args_with_operators to None, run_after=None
[2024-04-04T21:55:13.845+0000] {processor.py:183} INFO - Processing /home/airflow/.local/lib/python3.8/site-packages/airflow/example_dags/example_xcomargs.py took 0.049 seconds
[2024-04-04T21:55:44.042+0000] {processor.py:161} INFO - Started process (PID=2118) to work on /home/airflow/.local/lib/python3.8/site-packages/airflow/example_dags/example_xcomargs.py
[2024-04-04T21:55:44.043+0000] {processor.py:830} INFO - Processing file /home/airflow/.local/lib/python3.8/site-packages/airflow/example_dags/example_xcomargs.py for tasks to queue
[2024-04-04T21:55:44.044+0000] {logging_mixin.py:188} INFO - [2024-04-04T21:55:44.044+0000] {dagbag.py:540} INFO - Filling up the DagBag from /home/airflow/.local/lib/python3.8/site-packages/airflow/example_dags/example_xcomargs.py
[2024-04-04T21:55:44.050+0000] {processor.py:840} INFO - DAG(s) 'example_xcom_args', 'example_xcom_args_with_operators' retrieved from /home/airflow/.local/lib/python3.8/site-packages/airflow/example_dags/example_xcomargs.py
[2024-04-04T21:55:44.066+0000] {logging_mixin.py:188} INFO - [2024-04-04T21:55:44.066+0000] {dag.py:3047} INFO - Sync 2 DAGs
[2024-04-04T21:55:44.075+0000] {logging_mixin.py:188} INFO - [2024-04-04T21:55:44.075+0000] {dag.py:3834} INFO - Setting next_dagrun for example_xcom_args to None, run_after=None
[2024-04-04T21:55:44.078+0000] {logging_mixin.py:188} INFO - [2024-04-04T21:55:44.078+0000] {dag.py:3834} INFO - Setting next_dagrun for example_xcom_args_with_operators to None, run_after=None
[2024-04-04T21:55:44.089+0000] {processor.py:183} INFO - Processing /home/airflow/.local/lib/python3.8/site-packages/airflow/example_dags/example_xcomargs.py took 0.049 seconds
[2024-04-04T21:56:14.333+0000] {processor.py:161} INFO - Started process (PID=2173) to work on /home/airflow/.local/lib/python3.8/site-packages/airflow/example_dags/example_xcomargs.py
[2024-04-04T21:56:14.334+0000] {processor.py:830} INFO - Processing file /home/airflow/.local/lib/python3.8/site-packages/airflow/example_dags/example_xcomargs.py for tasks to queue
[2024-04-04T21:56:14.335+0000] {logging_mixin.py:188} INFO - [2024-04-04T21:56:14.335+0000] {dagbag.py:540} INFO - Filling up the DagBag from /home/airflow/.local/lib/python3.8/site-packages/airflow/example_dags/example_xcomargs.py
[2024-04-04T21:56:14.340+0000] {processor.py:840} INFO - DAG(s) 'example_xcom_args_with_operators', 'example_xcom_args' retrieved from /home/airflow/.local/lib/python3.8/site-packages/airflow/example_dags/example_xcomargs.py
[2024-04-04T21:56:14.356+0000] {logging_mixin.py:188} INFO - [2024-04-04T21:56:14.356+0000] {dag.py:3047} INFO - Sync 2 DAGs
[2024-04-04T21:56:14.366+0000] {logging_mixin.py:188} INFO - [2024-04-04T21:56:14.366+0000] {dag.py:3834} INFO - Setting next_dagrun for example_xcom_args to None, run_after=None
[2024-04-04T21:56:14.369+0000] {logging_mixin.py:188} INFO - [2024-04-04T21:56:14.369+0000] {dag.py:3834} INFO - Setting next_dagrun for example_xcom_args_with_operators to None, run_after=None
[2024-04-04T21:56:14.383+0000] {processor.py:183} INFO - Processing /home/airflow/.local/lib/python3.8/site-packages/airflow/example_dags/example_xcomargs.py took 0.052 seconds
[2024-04-04T21:56:44.466+0000] {processor.py:161} INFO - Started process (PID=2228) to work on /home/airflow/.local/lib/python3.8/site-packages/airflow/example_dags/example_xcomargs.py
[2024-04-04T21:56:44.467+0000] {processor.py:830} INFO - Processing file /home/airflow/.local/lib/python3.8/site-packages/airflow/example_dags/example_xcomargs.py for tasks to queue
[2024-04-04T21:56:44.468+0000] {logging_mixin.py:188} INFO - [2024-04-04T21:56:44.468+0000] {dagbag.py:540} INFO - Filling up the DagBag from /home/airflow/.local/lib/python3.8/site-packages/airflow/example_dags/example_xcomargs.py
[2024-04-04T21:56:44.474+0000] {processor.py:840} INFO - DAG(s) 'example_xcom_args_with_operators', 'example_xcom_args' retrieved from /home/airflow/.local/lib/python3.8/site-packages/airflow/example_dags/example_xcomargs.py
[2024-04-04T21:56:44.491+0000] {logging_mixin.py:188} INFO - [2024-04-04T21:56:44.491+0000] {dag.py:3047} INFO - Sync 2 DAGs
[2024-04-04T21:56:44.501+0000] {logging_mixin.py:188} INFO - [2024-04-04T21:56:44.500+0000] {dag.py:3834} INFO - Setting next_dagrun for example_xcom_args to None, run_after=None
[2024-04-04T21:56:44.504+0000] {logging_mixin.py:188} INFO - [2024-04-04T21:56:44.504+0000] {dag.py:3834} INFO - Setting next_dagrun for example_xcom_args_with_operators to None, run_after=None
[2024-04-04T21:56:44.517+0000] {processor.py:183} INFO - Processing /home/airflow/.local/lib/python3.8/site-packages/airflow/example_dags/example_xcomargs.py took 0.053 seconds
[2024-04-04T21:57:14.740+0000] {processor.py:161} INFO - Started process (PID=2283) to work on /home/airflow/.local/lib/python3.8/site-packages/airflow/example_dags/example_xcomargs.py
[2024-04-04T21:57:14.740+0000] {processor.py:830} INFO - Processing file /home/airflow/.local/lib/python3.8/site-packages/airflow/example_dags/example_xcomargs.py for tasks to queue
[2024-04-04T21:57:14.742+0000] {logging_mixin.py:188} INFO - [2024-04-04T21:57:14.741+0000] {dagbag.py:540} INFO - Filling up the DagBag from /home/airflow/.local/lib/python3.8/site-packages/airflow/example_dags/example_xcomargs.py
[2024-04-04T21:57:14.747+0000] {processor.py:840} INFO - DAG(s) 'example_xcom_args_with_operators', 'example_xcom_args' retrieved from /home/airflow/.local/lib/python3.8/site-packages/airflow/example_dags/example_xcomargs.py
[2024-04-04T21:57:14.767+0000] {logging_mixin.py:188} INFO - [2024-04-04T21:57:14.766+0000] {dag.py:3047} INFO - Sync 2 DAGs
[2024-04-04T21:57:14.777+0000] {logging_mixin.py:188} INFO - [2024-04-04T21:57:14.777+0000] {dag.py:3834} INFO - Setting next_dagrun for example_xcom_args to None, run_after=None
[2024-04-04T21:57:14.782+0000] {logging_mixin.py:188} INFO - [2024-04-04T21:57:14.781+0000] {dag.py:3834} INFO - Setting next_dagrun for example_xcom_args_with_operators to None, run_after=None
[2024-04-04T21:57:14.799+0000] {processor.py:183} INFO - Processing /home/airflow/.local/lib/python3.8/site-packages/airflow/example_dags/example_xcomargs.py took 0.061 seconds
[2024-04-04T21:57:45.316+0000] {processor.py:161} INFO - Started process (PID=2338) to work on /home/airflow/.local/lib/python3.8/site-packages/airflow/example_dags/example_xcomargs.py
[2024-04-04T21:57:45.318+0000] {processor.py:830} INFO - Processing file /home/airflow/.local/lib/python3.8/site-packages/airflow/example_dags/example_xcomargs.py for tasks to queue
[2024-04-04T21:57:45.322+0000] {logging_mixin.py:188} INFO - [2024-04-04T21:57:45.320+0000] {dagbag.py:540} INFO - Filling up the DagBag from /home/airflow/.local/lib/python3.8/site-packages/airflow/example_dags/example_xcomargs.py
[2024-04-04T21:57:45.344+0000] {processor.py:840} INFO - DAG(s) 'example_xcom_args', 'example_xcom_args_with_operators' retrieved from /home/airflow/.local/lib/python3.8/site-packages/airflow/example_dags/example_xcomargs.py
[2024-04-04T21:57:45.386+0000] {logging_mixin.py:188} INFO - [2024-04-04T21:57:45.385+0000] {dag.py:3047} INFO - Sync 2 DAGs
[2024-04-04T21:57:45.412+0000] {logging_mixin.py:188} INFO - [2024-04-04T21:57:45.411+0000] {dag.py:3834} INFO - Setting next_dagrun for example_xcom_args to None, run_after=None
[2024-04-04T21:57:45.417+0000] {logging_mixin.py:188} INFO - [2024-04-04T21:57:45.417+0000] {dag.py:3834} INFO - Setting next_dagrun for example_xcom_args_with_operators to None, run_after=None
[2024-04-04T21:57:45.448+0000] {processor.py:183} INFO - Processing /home/airflow/.local/lib/python3.8/site-packages/airflow/example_dags/example_xcomargs.py took 0.135 seconds
[2024-04-04T21:58:16.361+0000] {processor.py:161} INFO - Started process (PID=2393) to work on /home/airflow/.local/lib/python3.8/site-packages/airflow/example_dags/example_xcomargs.py
[2024-04-04T21:58:16.362+0000] {processor.py:830} INFO - Processing file /home/airflow/.local/lib/python3.8/site-packages/airflow/example_dags/example_xcomargs.py for tasks to queue
[2024-04-04T21:58:16.363+0000] {logging_mixin.py:188} INFO - [2024-04-04T21:58:16.363+0000] {dagbag.py:540} INFO - Filling up the DagBag from /home/airflow/.local/lib/python3.8/site-packages/airflow/example_dags/example_xcomargs.py
[2024-04-04T21:58:16.369+0000] {processor.py:840} INFO - DAG(s) 'example_xcom_args_with_operators', 'example_xcom_args' retrieved from /home/airflow/.local/lib/python3.8/site-packages/airflow/example_dags/example_xcomargs.py
[2024-04-04T21:58:16.387+0000] {logging_mixin.py:188} INFO - [2024-04-04T21:58:16.387+0000] {dag.py:3047} INFO - Sync 2 DAGs
[2024-04-04T21:58:16.397+0000] {logging_mixin.py:188} INFO - [2024-04-04T21:58:16.396+0000] {dag.py:3834} INFO - Setting next_dagrun for example_xcom_args to None, run_after=None
[2024-04-04T21:58:16.400+0000] {logging_mixin.py:188} INFO - [2024-04-04T21:58:16.400+0000] {dag.py:3834} INFO - Setting next_dagrun for example_xcom_args_with_operators to None, run_after=None
[2024-04-04T21:58:16.413+0000] {processor.py:183} INFO - Processing /home/airflow/.local/lib/python3.8/site-packages/airflow/example_dags/example_xcomargs.py took 0.054 seconds
[2024-04-04T21:58:47.225+0000] {processor.py:161} INFO - Started process (PID=2448) to work on /home/airflow/.local/lib/python3.8/site-packages/airflow/example_dags/example_xcomargs.py
[2024-04-04T21:58:47.226+0000] {processor.py:830} INFO - Processing file /home/airflow/.local/lib/python3.8/site-packages/airflow/example_dags/example_xcomargs.py for tasks to queue
[2024-04-04T21:58:47.227+0000] {logging_mixin.py:188} INFO - [2024-04-04T21:58:47.227+0000] {dagbag.py:540} INFO - Filling up the DagBag from /home/airflow/.local/lib/python3.8/site-packages/airflow/example_dags/example_xcomargs.py
[2024-04-04T21:58:47.241+0000] {processor.py:840} INFO - DAG(s) 'example_xcom_args_with_operators', 'example_xcom_args' retrieved from /home/airflow/.local/lib/python3.8/site-packages/airflow/example_dags/example_xcomargs.py
[2024-04-04T21:58:47.281+0000] {logging_mixin.py:188} INFO - [2024-04-04T21:58:47.281+0000] {dag.py:3047} INFO - Sync 2 DAGs
[2024-04-04T21:58:47.304+0000] {logging_mixin.py:188} INFO - [2024-04-04T21:58:47.303+0000] {dag.py:3834} INFO - Setting next_dagrun for example_xcom_args to None, run_after=None
[2024-04-04T21:58:47.310+0000] {logging_mixin.py:188} INFO - [2024-04-04T21:58:47.310+0000] {dag.py:3834} INFO - Setting next_dagrun for example_xcom_args_with_operators to None, run_after=None
[2024-04-04T21:58:47.348+0000] {processor.py:183} INFO - Processing /home/airflow/.local/lib/python3.8/site-packages/airflow/example_dags/example_xcomargs.py took 0.126 seconds
[2024-04-04T21:59:18.314+0000] {processor.py:161} INFO - Started process (PID=2503) to work on /home/airflow/.local/lib/python3.8/site-packages/airflow/example_dags/example_xcomargs.py
[2024-04-04T21:59:18.316+0000] {processor.py:830} INFO - Processing file /home/airflow/.local/lib/python3.8/site-packages/airflow/example_dags/example_xcomargs.py for tasks to queue
[2024-04-04T21:59:18.318+0000] {logging_mixin.py:188} INFO - [2024-04-04T21:59:18.318+0000] {dagbag.py:540} INFO - Filling up the DagBag from /home/airflow/.local/lib/python3.8/site-packages/airflow/example_dags/example_xcomargs.py
[2024-04-04T21:59:18.330+0000] {processor.py:840} INFO - DAG(s) 'example_xcom_args_with_operators', 'example_xcom_args' retrieved from /home/airflow/.local/lib/python3.8/site-packages/airflow/example_dags/example_xcomargs.py
[2024-04-04T21:59:18.366+0000] {logging_mixin.py:188} INFO - [2024-04-04T21:59:18.366+0000] {dag.py:3047} INFO - Sync 2 DAGs
[2024-04-04T21:59:18.390+0000] {logging_mixin.py:188} INFO - [2024-04-04T21:59:18.390+0000] {dag.py:3834} INFO - Setting next_dagrun for example_xcom_args to None, run_after=None
[2024-04-04T21:59:18.400+0000] {logging_mixin.py:188} INFO - [2024-04-04T21:59:18.399+0000] {dag.py:3834} INFO - Setting next_dagrun for example_xcom_args_with_operators to None, run_after=None
[2024-04-04T21:59:18.431+0000] {processor.py:183} INFO - Processing /home/airflow/.local/lib/python3.8/site-packages/airflow/example_dags/example_xcomargs.py took 0.120 seconds
[2024-04-04T21:59:50.374+0000] {processor.py:161} INFO - Started process (PID=2563) to work on /home/airflow/.local/lib/python3.8/site-packages/airflow/example_dags/example_xcomargs.py
[2024-04-04T21:59:50.376+0000] {processor.py:830} INFO - Processing file /home/airflow/.local/lib/python3.8/site-packages/airflow/example_dags/example_xcomargs.py for tasks to queue
[2024-04-04T21:59:50.387+0000] {logging_mixin.py:188} INFO - [2024-04-04T21:59:50.386+0000] {dagbag.py:540} INFO - Filling up the DagBag from /home/airflow/.local/lib/python3.8/site-packages/airflow/example_dags/example_xcomargs.py
[2024-04-04T21:59:50.414+0000] {processor.py:840} INFO - DAG(s) 'example_xcom_args_with_operators', 'example_xcom_args' retrieved from /home/airflow/.local/lib/python3.8/site-packages/airflow/example_dags/example_xcomargs.py
[2024-04-04T21:59:50.497+0000] {logging_mixin.py:188} INFO - [2024-04-04T21:59:50.496+0000] {dag.py:3047} INFO - Sync 2 DAGs
[2024-04-04T21:59:50.538+0000] {logging_mixin.py:188} INFO - [2024-04-04T21:59:50.538+0000] {dag.py:3834} INFO - Setting next_dagrun for example_xcom_args to None, run_after=None
[2024-04-04T21:59:50.554+0000] {logging_mixin.py:188} INFO - [2024-04-04T21:59:50.554+0000] {dag.py:3834} INFO - Setting next_dagrun for example_xcom_args_with_operators to None, run_after=None
[2024-04-04T21:59:50.585+0000] {processor.py:183} INFO - Processing /home/airflow/.local/lib/python3.8/site-packages/airflow/example_dags/example_xcomargs.py took 0.216 seconds
[2024-04-04T22:00:20.890+0000] {processor.py:161} INFO - Started process (PID=2618) to work on /home/airflow/.local/lib/python3.8/site-packages/airflow/example_dags/example_xcomargs.py
[2024-04-04T22:00:20.902+0000] {processor.py:830} INFO - Processing file /home/airflow/.local/lib/python3.8/site-packages/airflow/example_dags/example_xcomargs.py for tasks to queue
[2024-04-04T22:00:20.903+0000] {logging_mixin.py:188} INFO - [2024-04-04T22:00:20.903+0000] {dagbag.py:540} INFO - Filling up the DagBag from /home/airflow/.local/lib/python3.8/site-packages/airflow/example_dags/example_xcomargs.py
[2024-04-04T22:00:20.912+0000] {processor.py:840} INFO - DAG(s) 'example_xcom_args_with_operators', 'example_xcom_args' retrieved from /home/airflow/.local/lib/python3.8/site-packages/airflow/example_dags/example_xcomargs.py
[2024-04-04T22:00:20.933+0000] {logging_mixin.py:188} INFO - [2024-04-04T22:00:20.933+0000] {dag.py:3047} INFO - Sync 2 DAGs
[2024-04-04T22:00:20.945+0000] {logging_mixin.py:188} INFO - [2024-04-04T22:00:20.945+0000] {dag.py:3834} INFO - Setting next_dagrun for example_xcom_args to None, run_after=None
[2024-04-04T22:00:20.948+0000] {logging_mixin.py:188} INFO - [2024-04-04T22:00:20.948+0000] {dag.py:3834} INFO - Setting next_dagrun for example_xcom_args_with_operators to None, run_after=None
[2024-04-04T22:00:21.085+0000] {processor.py:183} INFO - Processing /home/airflow/.local/lib/python3.8/site-packages/airflow/example_dags/example_xcomargs.py took 0.198 seconds
