[2024-04-04T21:36:58.971+0000] {processor.py:161} INFO - Started process (PID=52) to work on /home/airflow/.local/lib/python3.8/site-packages/airflow/example_dags/example_skip_dag.py
[2024-04-04T21:36:58.972+0000] {processor.py:830} INFO - Processing file /home/airflow/.local/lib/python3.8/site-packages/airflow/example_dags/example_skip_dag.py for tasks to queue
[2024-04-04T21:36:58.975+0000] {logging_mixin.py:188} INFO - [2024-04-04T21:36:58.974+0000] {dagbag.py:540} INFO - Filling up the DagBag from /home/airflow/.local/lib/python3.8/site-packages/airflow/example_dags/example_skip_dag.py
[2024-04-04T21:36:58.984+0000] {processor.py:840} INFO - DAG(s) 'example_skip_dag' retrieved from /home/airflow/.local/lib/python3.8/site-packages/airflow/example_dags/example_skip_dag.py
[2024-04-04T21:36:59.018+0000] {logging_mixin.py:188} INFO - [2024-04-04T21:36:59.018+0000] {dag.py:3047} INFO - Sync 1 DAGs
[2024-04-04T21:36:59.049+0000] {logging_mixin.py:188} INFO - [2024-04-04T21:36:59.049+0000] {dag.py:3834} INFO - Setting next_dagrun for example_skip_dag to 2024-04-03 00:00:00+00:00, run_after=2024-04-04 00:00:00+00:00
[2024-04-04T21:36:59.079+0000] {processor.py:183} INFO - Processing /home/airflow/.local/lib/python3.8/site-packages/airflow/example_dags/example_skip_dag.py took 0.111 seconds
[2024-04-04T21:37:29.756+0000] {processor.py:161} INFO - Started process (PID=107) to work on /home/airflow/.local/lib/python3.8/site-packages/airflow/example_dags/example_skip_dag.py
[2024-04-04T21:37:29.757+0000] {processor.py:830} INFO - Processing file /home/airflow/.local/lib/python3.8/site-packages/airflow/example_dags/example_skip_dag.py for tasks to queue
[2024-04-04T21:37:29.758+0000] {logging_mixin.py:188} INFO - [2024-04-04T21:37:29.758+0000] {dagbag.py:540} INFO - Filling up the DagBag from /home/airflow/.local/lib/python3.8/site-packages/airflow/example_dags/example_skip_dag.py
[2024-04-04T21:37:29.762+0000] {processor.py:840} INFO - DAG(s) 'example_skip_dag' retrieved from /home/airflow/.local/lib/python3.8/site-packages/airflow/example_dags/example_skip_dag.py
[2024-04-04T21:37:29.779+0000] {logging_mixin.py:188} INFO - [2024-04-04T21:37:29.779+0000] {dag.py:3047} INFO - Sync 1 DAGs
[2024-04-04T21:37:29.795+0000] {logging_mixin.py:188} INFO - [2024-04-04T21:37:29.795+0000] {dag.py:3834} INFO - Setting next_dagrun for example_skip_dag to 2024-04-03 00:00:00+00:00, run_after=2024-04-04 00:00:00+00:00
[2024-04-04T21:37:29.810+0000] {processor.py:183} INFO - Processing /home/airflow/.local/lib/python3.8/site-packages/airflow/example_dags/example_skip_dag.py took 0.056 seconds
[2024-04-04T21:38:00.027+0000] {processor.py:161} INFO - Started process (PID=162) to work on /home/airflow/.local/lib/python3.8/site-packages/airflow/example_dags/example_skip_dag.py
[2024-04-04T21:38:00.028+0000] {processor.py:830} INFO - Processing file /home/airflow/.local/lib/python3.8/site-packages/airflow/example_dags/example_skip_dag.py for tasks to queue
[2024-04-04T21:38:00.029+0000] {logging_mixin.py:188} INFO - [2024-04-04T21:38:00.029+0000] {dagbag.py:540} INFO - Filling up the DagBag from /home/airflow/.local/lib/python3.8/site-packages/airflow/example_dags/example_skip_dag.py
[2024-04-04T21:38:00.033+0000] {processor.py:840} INFO - DAG(s) 'example_skip_dag' retrieved from /home/airflow/.local/lib/python3.8/site-packages/airflow/example_dags/example_skip_dag.py
[2024-04-04T21:38:00.048+0000] {logging_mixin.py:188} INFO - [2024-04-04T21:38:00.048+0000] {dag.py:3047} INFO - Sync 1 DAGs
[2024-04-04T21:38:00.064+0000] {logging_mixin.py:188} INFO - [2024-04-04T21:38:00.063+0000] {dag.py:3834} INFO - Setting next_dagrun for example_skip_dag to 2024-04-03 00:00:00+00:00, run_after=2024-04-04 00:00:00+00:00
[2024-04-04T21:38:00.077+0000] {processor.py:183} INFO - Processing /home/airflow/.local/lib/python3.8/site-packages/airflow/example_dags/example_skip_dag.py took 0.052 seconds
[2024-04-04T21:38:30.352+0000] {processor.py:161} INFO - Started process (PID=217) to work on /home/airflow/.local/lib/python3.8/site-packages/airflow/example_dags/example_skip_dag.py
[2024-04-04T21:38:30.353+0000] {processor.py:830} INFO - Processing file /home/airflow/.local/lib/python3.8/site-packages/airflow/example_dags/example_skip_dag.py for tasks to queue
[2024-04-04T21:38:30.354+0000] {logging_mixin.py:188} INFO - [2024-04-04T21:38:30.354+0000] {dagbag.py:540} INFO - Filling up the DagBag from /home/airflow/.local/lib/python3.8/site-packages/airflow/example_dags/example_skip_dag.py
[2024-04-04T21:38:30.359+0000] {processor.py:840} INFO - DAG(s) 'example_skip_dag' retrieved from /home/airflow/.local/lib/python3.8/site-packages/airflow/example_dags/example_skip_dag.py
[2024-04-04T21:38:30.375+0000] {logging_mixin.py:188} INFO - [2024-04-04T21:38:30.374+0000] {dag.py:3047} INFO - Sync 1 DAGs
[2024-04-04T21:38:30.392+0000] {logging_mixin.py:188} INFO - [2024-04-04T21:38:30.392+0000] {dag.py:3834} INFO - Setting next_dagrun for example_skip_dag to 2024-04-03 00:00:00+00:00, run_after=2024-04-04 00:00:00+00:00
[2024-04-04T21:38:30.407+0000] {processor.py:183} INFO - Processing /home/airflow/.local/lib/python3.8/site-packages/airflow/example_dags/example_skip_dag.py took 0.057 seconds
[2024-04-04T21:39:00.747+0000] {processor.py:161} INFO - Started process (PID=273) to work on /home/airflow/.local/lib/python3.8/site-packages/airflow/example_dags/example_skip_dag.py
[2024-04-04T21:39:00.748+0000] {processor.py:830} INFO - Processing file /home/airflow/.local/lib/python3.8/site-packages/airflow/example_dags/example_skip_dag.py for tasks to queue
[2024-04-04T21:39:00.749+0000] {logging_mixin.py:188} INFO - [2024-04-04T21:39:00.749+0000] {dagbag.py:540} INFO - Filling up the DagBag from /home/airflow/.local/lib/python3.8/site-packages/airflow/example_dags/example_skip_dag.py
[2024-04-04T21:39:00.754+0000] {processor.py:840} INFO - DAG(s) 'example_skip_dag' retrieved from /home/airflow/.local/lib/python3.8/site-packages/airflow/example_dags/example_skip_dag.py
[2024-04-04T21:39:00.771+0000] {logging_mixin.py:188} INFO - [2024-04-04T21:39:00.771+0000] {dag.py:3047} INFO - Sync 1 DAGs
[2024-04-04T21:39:00.789+0000] {logging_mixin.py:188} INFO - [2024-04-04T21:39:00.789+0000] {dag.py:3834} INFO - Setting next_dagrun for example_skip_dag to 2024-04-03 00:00:00+00:00, run_after=2024-04-04 00:00:00+00:00
[2024-04-04T21:39:00.805+0000] {processor.py:183} INFO - Processing /home/airflow/.local/lib/python3.8/site-packages/airflow/example_dags/example_skip_dag.py took 0.060 seconds
[2024-04-04T21:39:30.936+0000] {processor.py:161} INFO - Started process (PID=328) to work on /home/airflow/.local/lib/python3.8/site-packages/airflow/example_dags/example_skip_dag.py
[2024-04-04T21:39:30.937+0000] {processor.py:830} INFO - Processing file /home/airflow/.local/lib/python3.8/site-packages/airflow/example_dags/example_skip_dag.py for tasks to queue
[2024-04-04T21:39:30.938+0000] {logging_mixin.py:188} INFO - [2024-04-04T21:39:30.938+0000] {dagbag.py:540} INFO - Filling up the DagBag from /home/airflow/.local/lib/python3.8/site-packages/airflow/example_dags/example_skip_dag.py
[2024-04-04T21:39:30.942+0000] {processor.py:840} INFO - DAG(s) 'example_skip_dag' retrieved from /home/airflow/.local/lib/python3.8/site-packages/airflow/example_dags/example_skip_dag.py
[2024-04-04T21:39:30.959+0000] {logging_mixin.py:188} INFO - [2024-04-04T21:39:30.958+0000] {dag.py:3047} INFO - Sync 1 DAGs
[2024-04-04T21:39:30.976+0000] {logging_mixin.py:188} INFO - [2024-04-04T21:39:30.975+0000] {dag.py:3834} INFO - Setting next_dagrun for example_skip_dag to 2024-04-03 00:00:00+00:00, run_after=2024-04-04 00:00:00+00:00
[2024-04-04T21:39:30.990+0000] {processor.py:183} INFO - Processing /home/airflow/.local/lib/python3.8/site-packages/airflow/example_dags/example_skip_dag.py took 0.056 seconds
[2024-04-04T21:40:01.123+0000] {processor.py:161} INFO - Started process (PID=383) to work on /home/airflow/.local/lib/python3.8/site-packages/airflow/example_dags/example_skip_dag.py
[2024-04-04T21:40:01.124+0000] {processor.py:830} INFO - Processing file /home/airflow/.local/lib/python3.8/site-packages/airflow/example_dags/example_skip_dag.py for tasks to queue
[2024-04-04T21:40:01.125+0000] {logging_mixin.py:188} INFO - [2024-04-04T21:40:01.125+0000] {dagbag.py:540} INFO - Filling up the DagBag from /home/airflow/.local/lib/python3.8/site-packages/airflow/example_dags/example_skip_dag.py
[2024-04-04T21:40:01.130+0000] {processor.py:840} INFO - DAG(s) 'example_skip_dag' retrieved from /home/airflow/.local/lib/python3.8/site-packages/airflow/example_dags/example_skip_dag.py
[2024-04-04T21:40:01.146+0000] {logging_mixin.py:188} INFO - [2024-04-04T21:40:01.146+0000] {dag.py:3047} INFO - Sync 1 DAGs
[2024-04-04T21:40:01.162+0000] {logging_mixin.py:188} INFO - [2024-04-04T21:40:01.162+0000] {dag.py:3834} INFO - Setting next_dagrun for example_skip_dag to 2024-04-03 00:00:00+00:00, run_after=2024-04-04 00:00:00+00:00
[2024-04-04T21:40:01.176+0000] {processor.py:183} INFO - Processing /home/airflow/.local/lib/python3.8/site-packages/airflow/example_dags/example_skip_dag.py took 0.055 seconds
[2024-04-04T21:40:31.266+0000] {processor.py:161} INFO - Started process (PID=437) to work on /home/airflow/.local/lib/python3.8/site-packages/airflow/example_dags/example_skip_dag.py
[2024-04-04T21:40:31.267+0000] {processor.py:830} INFO - Processing file /home/airflow/.local/lib/python3.8/site-packages/airflow/example_dags/example_skip_dag.py for tasks to queue
[2024-04-04T21:40:31.268+0000] {logging_mixin.py:188} INFO - [2024-04-04T21:40:31.268+0000] {dagbag.py:540} INFO - Filling up the DagBag from /home/airflow/.local/lib/python3.8/site-packages/airflow/example_dags/example_skip_dag.py
[2024-04-04T21:40:31.273+0000] {processor.py:840} INFO - DAG(s) 'example_skip_dag' retrieved from /home/airflow/.local/lib/python3.8/site-packages/airflow/example_dags/example_skip_dag.py
[2024-04-04T21:40:31.288+0000] {logging_mixin.py:188} INFO - [2024-04-04T21:40:31.288+0000] {dag.py:3047} INFO - Sync 1 DAGs
[2024-04-04T21:40:31.305+0000] {logging_mixin.py:188} INFO - [2024-04-04T21:40:31.304+0000] {dag.py:3834} INFO - Setting next_dagrun for example_skip_dag to 2024-04-03 00:00:00+00:00, run_after=2024-04-04 00:00:00+00:00
[2024-04-04T21:40:31.318+0000] {processor.py:183} INFO - Processing /home/airflow/.local/lib/python3.8/site-packages/airflow/example_dags/example_skip_dag.py took 0.054 seconds
[2024-04-04T21:41:01.612+0000] {processor.py:161} INFO - Started process (PID=493) to work on /home/airflow/.local/lib/python3.8/site-packages/airflow/example_dags/example_skip_dag.py
[2024-04-04T21:41:01.612+0000] {processor.py:830} INFO - Processing file /home/airflow/.local/lib/python3.8/site-packages/airflow/example_dags/example_skip_dag.py for tasks to queue
[2024-04-04T21:41:01.613+0000] {logging_mixin.py:188} INFO - [2024-04-04T21:41:01.613+0000] {dagbag.py:540} INFO - Filling up the DagBag from /home/airflow/.local/lib/python3.8/site-packages/airflow/example_dags/example_skip_dag.py
[2024-04-04T21:41:01.618+0000] {processor.py:840} INFO - DAG(s) 'example_skip_dag' retrieved from /home/airflow/.local/lib/python3.8/site-packages/airflow/example_dags/example_skip_dag.py
[2024-04-04T21:41:01.634+0000] {logging_mixin.py:188} INFO - [2024-04-04T21:41:01.634+0000] {dag.py:3047} INFO - Sync 1 DAGs
[2024-04-04T21:41:01.652+0000] {logging_mixin.py:188} INFO - [2024-04-04T21:41:01.652+0000] {dag.py:3834} INFO - Setting next_dagrun for example_skip_dag to 2024-04-03 00:00:00+00:00, run_after=2024-04-04 00:00:00+00:00
[2024-04-04T21:41:01.669+0000] {processor.py:183} INFO - Processing /home/airflow/.local/lib/python3.8/site-packages/airflow/example_dags/example_skip_dag.py took 0.059 seconds
[2024-04-04T21:41:31.884+0000] {processor.py:161} INFO - Started process (PID=548) to work on /home/airflow/.local/lib/python3.8/site-packages/airflow/example_dags/example_skip_dag.py
[2024-04-04T21:41:31.884+0000] {processor.py:830} INFO - Processing file /home/airflow/.local/lib/python3.8/site-packages/airflow/example_dags/example_skip_dag.py for tasks to queue
[2024-04-04T21:41:31.886+0000] {logging_mixin.py:188} INFO - [2024-04-04T21:41:31.885+0000] {dagbag.py:540} INFO - Filling up the DagBag from /home/airflow/.local/lib/python3.8/site-packages/airflow/example_dags/example_skip_dag.py
[2024-04-04T21:41:31.890+0000] {processor.py:840} INFO - DAG(s) 'example_skip_dag' retrieved from /home/airflow/.local/lib/python3.8/site-packages/airflow/example_dags/example_skip_dag.py
[2024-04-04T21:41:31.910+0000] {logging_mixin.py:188} INFO - [2024-04-04T21:41:31.910+0000] {dag.py:3047} INFO - Sync 1 DAGs
[2024-04-04T21:41:31.928+0000] {logging_mixin.py:188} INFO - [2024-04-04T21:41:31.928+0000] {dag.py:3834} INFO - Setting next_dagrun for example_skip_dag to 2024-04-03 00:00:00+00:00, run_after=2024-04-04 00:00:00+00:00
[2024-04-04T21:41:31.944+0000] {processor.py:183} INFO - Processing /home/airflow/.local/lib/python3.8/site-packages/airflow/example_dags/example_skip_dag.py took 0.062 seconds
[2024-04-04T21:42:02.332+0000] {processor.py:161} INFO - Started process (PID=602) to work on /home/airflow/.local/lib/python3.8/site-packages/airflow/example_dags/example_skip_dag.py
[2024-04-04T21:42:02.334+0000] {processor.py:830} INFO - Processing file /home/airflow/.local/lib/python3.8/site-packages/airflow/example_dags/example_skip_dag.py for tasks to queue
[2024-04-04T21:42:02.336+0000] {logging_mixin.py:188} INFO - [2024-04-04T21:42:02.336+0000] {dagbag.py:540} INFO - Filling up the DagBag from /home/airflow/.local/lib/python3.8/site-packages/airflow/example_dags/example_skip_dag.py
[2024-04-04T21:42:02.342+0000] {processor.py:840} INFO - DAG(s) 'example_skip_dag' retrieved from /home/airflow/.local/lib/python3.8/site-packages/airflow/example_dags/example_skip_dag.py
[2024-04-04T21:42:02.361+0000] {logging_mixin.py:188} INFO - [2024-04-04T21:42:02.361+0000] {dag.py:3047} INFO - Sync 1 DAGs
[2024-04-04T21:42:02.380+0000] {logging_mixin.py:188} INFO - [2024-04-04T21:42:02.380+0000] {dag.py:3834} INFO - Setting next_dagrun for example_skip_dag to 2024-04-03 00:00:00+00:00, run_after=2024-04-04 00:00:00+00:00
[2024-04-04T21:42:02.398+0000] {processor.py:183} INFO - Processing /home/airflow/.local/lib/python3.8/site-packages/airflow/example_dags/example_skip_dag.py took 0.070 seconds
[2024-04-04T21:42:33.104+0000] {processor.py:161} INFO - Started process (PID=659) to work on /home/airflow/.local/lib/python3.8/site-packages/airflow/example_dags/example_skip_dag.py
[2024-04-04T21:42:33.105+0000] {processor.py:830} INFO - Processing file /home/airflow/.local/lib/python3.8/site-packages/airflow/example_dags/example_skip_dag.py for tasks to queue
[2024-04-04T21:42:33.106+0000] {logging_mixin.py:188} INFO - [2024-04-04T21:42:33.106+0000] {dagbag.py:540} INFO - Filling up the DagBag from /home/airflow/.local/lib/python3.8/site-packages/airflow/example_dags/example_skip_dag.py
[2024-04-04T21:42:33.111+0000] {processor.py:840} INFO - DAG(s) 'example_skip_dag' retrieved from /home/airflow/.local/lib/python3.8/site-packages/airflow/example_dags/example_skip_dag.py
[2024-04-04T21:42:33.127+0000] {logging_mixin.py:188} INFO - [2024-04-04T21:42:33.127+0000] {dag.py:3047} INFO - Sync 1 DAGs
[2024-04-04T21:42:33.144+0000] {logging_mixin.py:188} INFO - [2024-04-04T21:42:33.144+0000] {dag.py:3834} INFO - Setting next_dagrun for example_skip_dag to 2024-04-03 00:00:00+00:00, run_after=2024-04-04 00:00:00+00:00
[2024-04-04T21:42:33.158+0000] {processor.py:183} INFO - Processing /home/airflow/.local/lib/python3.8/site-packages/airflow/example_dags/example_skip_dag.py took 0.056 seconds
[2024-04-04T21:43:03.730+0000] {processor.py:161} INFO - Started process (PID=714) to work on /home/airflow/.local/lib/python3.8/site-packages/airflow/example_dags/example_skip_dag.py
[2024-04-04T21:43:03.731+0000] {processor.py:830} INFO - Processing file /home/airflow/.local/lib/python3.8/site-packages/airflow/example_dags/example_skip_dag.py for tasks to queue
[2024-04-04T21:43:03.732+0000] {logging_mixin.py:188} INFO - [2024-04-04T21:43:03.732+0000] {dagbag.py:540} INFO - Filling up the DagBag from /home/airflow/.local/lib/python3.8/site-packages/airflow/example_dags/example_skip_dag.py
[2024-04-04T21:43:03.736+0000] {processor.py:840} INFO - DAG(s) 'example_skip_dag' retrieved from /home/airflow/.local/lib/python3.8/site-packages/airflow/example_dags/example_skip_dag.py
[2024-04-04T21:43:03.752+0000] {logging_mixin.py:188} INFO - [2024-04-04T21:43:03.752+0000] {dag.py:3047} INFO - Sync 1 DAGs
[2024-04-04T21:43:03.770+0000] {logging_mixin.py:188} INFO - [2024-04-04T21:43:03.770+0000] {dag.py:3834} INFO - Setting next_dagrun for example_skip_dag to 2024-04-03 00:00:00+00:00, run_after=2024-04-04 00:00:00+00:00
[2024-04-04T21:43:03.784+0000] {processor.py:183} INFO - Processing /home/airflow/.local/lib/python3.8/site-packages/airflow/example_dags/example_skip_dag.py took 0.057 seconds
[2024-04-04T21:43:34.018+0000] {processor.py:161} INFO - Started process (PID=769) to work on /home/airflow/.local/lib/python3.8/site-packages/airflow/example_dags/example_skip_dag.py
[2024-04-04T21:43:34.020+0000] {processor.py:830} INFO - Processing file /home/airflow/.local/lib/python3.8/site-packages/airflow/example_dags/example_skip_dag.py for tasks to queue
[2024-04-04T21:43:34.021+0000] {logging_mixin.py:188} INFO - [2024-04-04T21:43:34.021+0000] {dagbag.py:540} INFO - Filling up the DagBag from /home/airflow/.local/lib/python3.8/site-packages/airflow/example_dags/example_skip_dag.py
[2024-04-04T21:43:34.026+0000] {processor.py:840} INFO - DAG(s) 'example_skip_dag' retrieved from /home/airflow/.local/lib/python3.8/site-packages/airflow/example_dags/example_skip_dag.py
[2024-04-04T21:43:34.046+0000] {logging_mixin.py:188} INFO - [2024-04-04T21:43:34.045+0000] {dag.py:3047} INFO - Sync 1 DAGs
[2024-04-04T21:43:34.070+0000] {logging_mixin.py:188} INFO - [2024-04-04T21:43:34.069+0000] {dag.py:3834} INFO - Setting next_dagrun for example_skip_dag to 2024-04-03 00:00:00+00:00, run_after=2024-04-04 00:00:00+00:00
[2024-04-04T21:43:34.087+0000] {processor.py:183} INFO - Processing /home/airflow/.local/lib/python3.8/site-packages/airflow/example_dags/example_skip_dag.py took 0.072 seconds
[2024-04-04T21:44:04.534+0000] {processor.py:161} INFO - Started process (PID=824) to work on /home/airflow/.local/lib/python3.8/site-packages/airflow/example_dags/example_skip_dag.py
[2024-04-04T21:44:04.534+0000] {processor.py:830} INFO - Processing file /home/airflow/.local/lib/python3.8/site-packages/airflow/example_dags/example_skip_dag.py for tasks to queue
[2024-04-04T21:44:04.536+0000] {logging_mixin.py:188} INFO - [2024-04-04T21:44:04.535+0000] {dagbag.py:540} INFO - Filling up the DagBag from /home/airflow/.local/lib/python3.8/site-packages/airflow/example_dags/example_skip_dag.py
[2024-04-04T21:44:04.540+0000] {processor.py:840} INFO - DAG(s) 'example_skip_dag' retrieved from /home/airflow/.local/lib/python3.8/site-packages/airflow/example_dags/example_skip_dag.py
[2024-04-04T21:44:04.556+0000] {logging_mixin.py:188} INFO - [2024-04-04T21:44:04.556+0000] {dag.py:3047} INFO - Sync 1 DAGs
[2024-04-04T21:44:04.573+0000] {logging_mixin.py:188} INFO - [2024-04-04T21:44:04.572+0000] {dag.py:3834} INFO - Setting next_dagrun for example_skip_dag to 2024-04-03 00:00:00+00:00, run_after=2024-04-04 00:00:00+00:00
[2024-04-04T21:44:04.587+0000] {processor.py:183} INFO - Processing /home/airflow/.local/lib/python3.8/site-packages/airflow/example_dags/example_skip_dag.py took 0.056 seconds
[2024-04-04T21:44:35.007+0000] {processor.py:161} INFO - Started process (PID=879) to work on /home/airflow/.local/lib/python3.8/site-packages/airflow/example_dags/example_skip_dag.py
[2024-04-04T21:44:35.007+0000] {processor.py:830} INFO - Processing file /home/airflow/.local/lib/python3.8/site-packages/airflow/example_dags/example_skip_dag.py for tasks to queue
[2024-04-04T21:44:35.009+0000] {logging_mixin.py:188} INFO - [2024-04-04T21:44:35.008+0000] {dagbag.py:540} INFO - Filling up the DagBag from /home/airflow/.local/lib/python3.8/site-packages/airflow/example_dags/example_skip_dag.py
[2024-04-04T21:44:35.013+0000] {processor.py:840} INFO - DAG(s) 'example_skip_dag' retrieved from /home/airflow/.local/lib/python3.8/site-packages/airflow/example_dags/example_skip_dag.py
[2024-04-04T21:44:35.031+0000] {logging_mixin.py:188} INFO - [2024-04-04T21:44:35.031+0000] {dag.py:3047} INFO - Sync 1 DAGs
[2024-04-04T21:44:35.048+0000] {logging_mixin.py:188} INFO - [2024-04-04T21:44:35.048+0000] {dag.py:3834} INFO - Setting next_dagrun for example_skip_dag to 2024-04-03 00:00:00+00:00, run_after=2024-04-04 00:00:00+00:00
[2024-04-04T21:44:35.064+0000] {processor.py:183} INFO - Processing /home/airflow/.local/lib/python3.8/site-packages/airflow/example_dags/example_skip_dag.py took 0.060 seconds
[2024-04-04T21:45:05.217+0000] {processor.py:161} INFO - Started process (PID=934) to work on /home/airflow/.local/lib/python3.8/site-packages/airflow/example_dags/example_skip_dag.py
[2024-04-04T21:45:05.217+0000] {processor.py:830} INFO - Processing file /home/airflow/.local/lib/python3.8/site-packages/airflow/example_dags/example_skip_dag.py for tasks to queue
[2024-04-04T21:45:05.219+0000] {logging_mixin.py:188} INFO - [2024-04-04T21:45:05.218+0000] {dagbag.py:540} INFO - Filling up the DagBag from /home/airflow/.local/lib/python3.8/site-packages/airflow/example_dags/example_skip_dag.py
[2024-04-04T21:45:05.223+0000] {processor.py:840} INFO - DAG(s) 'example_skip_dag' retrieved from /home/airflow/.local/lib/python3.8/site-packages/airflow/example_dags/example_skip_dag.py
[2024-04-04T21:45:05.239+0000] {logging_mixin.py:188} INFO - [2024-04-04T21:45:05.239+0000] {dag.py:3047} INFO - Sync 1 DAGs
[2024-04-04T21:45:05.255+0000] {logging_mixin.py:188} INFO - [2024-04-04T21:45:05.255+0000] {dag.py:3834} INFO - Setting next_dagrun for example_skip_dag to 2024-04-03 00:00:00+00:00, run_after=2024-04-04 00:00:00+00:00
[2024-04-04T21:45:05.271+0000] {processor.py:183} INFO - Processing /home/airflow/.local/lib/python3.8/site-packages/airflow/example_dags/example_skip_dag.py took 0.056 seconds
[2024-04-04T21:45:35.324+0000] {processor.py:161} INFO - Started process (PID=989) to work on /home/airflow/.local/lib/python3.8/site-packages/airflow/example_dags/example_skip_dag.py
[2024-04-04T21:45:35.325+0000] {processor.py:830} INFO - Processing file /home/airflow/.local/lib/python3.8/site-packages/airflow/example_dags/example_skip_dag.py for tasks to queue
[2024-04-04T21:45:35.326+0000] {logging_mixin.py:188} INFO - [2024-04-04T21:45:35.326+0000] {dagbag.py:540} INFO - Filling up the DagBag from /home/airflow/.local/lib/python3.8/site-packages/airflow/example_dags/example_skip_dag.py
[2024-04-04T21:45:35.332+0000] {processor.py:840} INFO - DAG(s) 'example_skip_dag' retrieved from /home/airflow/.local/lib/python3.8/site-packages/airflow/example_dags/example_skip_dag.py
[2024-04-04T21:45:35.353+0000] {logging_mixin.py:188} INFO - [2024-04-04T21:45:35.352+0000] {dag.py:3047} INFO - Sync 1 DAGs
[2024-04-04T21:45:35.375+0000] {logging_mixin.py:188} INFO - [2024-04-04T21:45:35.375+0000] {dag.py:3834} INFO - Setting next_dagrun for example_skip_dag to 2024-04-03 00:00:00+00:00, run_after=2024-04-04 00:00:00+00:00
[2024-04-04T21:45:35.391+0000] {processor.py:183} INFO - Processing /home/airflow/.local/lib/python3.8/site-packages/airflow/example_dags/example_skip_dag.py took 0.069 seconds
[2024-04-04T21:46:05.525+0000] {processor.py:161} INFO - Started process (PID=1043) to work on /home/airflow/.local/lib/python3.8/site-packages/airflow/example_dags/example_skip_dag.py
[2024-04-04T21:46:05.526+0000] {processor.py:830} INFO - Processing file /home/airflow/.local/lib/python3.8/site-packages/airflow/example_dags/example_skip_dag.py for tasks to queue
[2024-04-04T21:46:05.527+0000] {logging_mixin.py:188} INFO - [2024-04-04T21:46:05.527+0000] {dagbag.py:540} INFO - Filling up the DagBag from /home/airflow/.local/lib/python3.8/site-packages/airflow/example_dags/example_skip_dag.py
[2024-04-04T21:46:05.532+0000] {processor.py:840} INFO - DAG(s) 'example_skip_dag' retrieved from /home/airflow/.local/lib/python3.8/site-packages/airflow/example_dags/example_skip_dag.py
[2024-04-04T21:46:05.549+0000] {logging_mixin.py:188} INFO - [2024-04-04T21:46:05.548+0000] {dag.py:3047} INFO - Sync 1 DAGs
[2024-04-04T21:46:05.566+0000] {logging_mixin.py:188} INFO - [2024-04-04T21:46:05.566+0000] {dag.py:3834} INFO - Setting next_dagrun for example_skip_dag to 2024-04-03 00:00:00+00:00, run_after=2024-04-04 00:00:00+00:00
[2024-04-04T21:46:05.581+0000] {processor.py:183} INFO - Processing /home/airflow/.local/lib/python3.8/site-packages/airflow/example_dags/example_skip_dag.py took 0.058 seconds
[2024-04-04T21:46:35.860+0000] {processor.py:161} INFO - Started process (PID=1098) to work on /home/airflow/.local/lib/python3.8/site-packages/airflow/example_dags/example_skip_dag.py
[2024-04-04T21:46:35.861+0000] {processor.py:830} INFO - Processing file /home/airflow/.local/lib/python3.8/site-packages/airflow/example_dags/example_skip_dag.py for tasks to queue
[2024-04-04T21:46:35.862+0000] {logging_mixin.py:188} INFO - [2024-04-04T21:46:35.862+0000] {dagbag.py:540} INFO - Filling up the DagBag from /home/airflow/.local/lib/python3.8/site-packages/airflow/example_dags/example_skip_dag.py
[2024-04-04T21:46:35.866+0000] {processor.py:840} INFO - DAG(s) 'example_skip_dag' retrieved from /home/airflow/.local/lib/python3.8/site-packages/airflow/example_dags/example_skip_dag.py
[2024-04-04T21:46:35.883+0000] {logging_mixin.py:188} INFO - [2024-04-04T21:46:35.883+0000] {dag.py:3047} INFO - Sync 1 DAGs
[2024-04-04T21:46:35.899+0000] {logging_mixin.py:188} INFO - [2024-04-04T21:46:35.899+0000] {dag.py:3834} INFO - Setting next_dagrun for example_skip_dag to 2024-04-03 00:00:00+00:00, run_after=2024-04-04 00:00:00+00:00
[2024-04-04T21:46:35.914+0000] {processor.py:183} INFO - Processing /home/airflow/.local/lib/python3.8/site-packages/airflow/example_dags/example_skip_dag.py took 0.056 seconds
[2024-04-04T21:47:06.161+0000] {processor.py:161} INFO - Started process (PID=1154) to work on /home/airflow/.local/lib/python3.8/site-packages/airflow/example_dags/example_skip_dag.py
[2024-04-04T21:47:06.162+0000] {processor.py:830} INFO - Processing file /home/airflow/.local/lib/python3.8/site-packages/airflow/example_dags/example_skip_dag.py for tasks to queue
[2024-04-04T21:47:06.163+0000] {logging_mixin.py:188} INFO - [2024-04-04T21:47:06.163+0000] {dagbag.py:540} INFO - Filling up the DagBag from /home/airflow/.local/lib/python3.8/site-packages/airflow/example_dags/example_skip_dag.py
[2024-04-04T21:47:06.168+0000] {processor.py:840} INFO - DAG(s) 'example_skip_dag' retrieved from /home/airflow/.local/lib/python3.8/site-packages/airflow/example_dags/example_skip_dag.py
[2024-04-04T21:47:06.184+0000] {logging_mixin.py:188} INFO - [2024-04-04T21:47:06.184+0000] {dag.py:3047} INFO - Sync 1 DAGs
[2024-04-04T21:47:06.200+0000] {logging_mixin.py:188} INFO - [2024-04-04T21:47:06.200+0000] {dag.py:3834} INFO - Setting next_dagrun for example_skip_dag to 2024-04-03 00:00:00+00:00, run_after=2024-04-04 00:00:00+00:00
[2024-04-04T21:47:06.213+0000] {processor.py:183} INFO - Processing /home/airflow/.local/lib/python3.8/site-packages/airflow/example_dags/example_skip_dag.py took 0.054 seconds
[2024-04-04T21:47:36.509+0000] {processor.py:161} INFO - Started process (PID=1209) to work on /home/airflow/.local/lib/python3.8/site-packages/airflow/example_dags/example_skip_dag.py
[2024-04-04T21:47:36.511+0000] {processor.py:830} INFO - Processing file /home/airflow/.local/lib/python3.8/site-packages/airflow/example_dags/example_skip_dag.py for tasks to queue
[2024-04-04T21:47:36.513+0000] {logging_mixin.py:188} INFO - [2024-04-04T21:47:36.513+0000] {dagbag.py:540} INFO - Filling up the DagBag from /home/airflow/.local/lib/python3.8/site-packages/airflow/example_dags/example_skip_dag.py
[2024-04-04T21:47:36.520+0000] {processor.py:840} INFO - DAG(s) 'example_skip_dag' retrieved from /home/airflow/.local/lib/python3.8/site-packages/airflow/example_dags/example_skip_dag.py
[2024-04-04T21:47:36.538+0000] {logging_mixin.py:188} INFO - [2024-04-04T21:47:36.537+0000] {dag.py:3047} INFO - Sync 1 DAGs
[2024-04-04T21:47:36.557+0000] {logging_mixin.py:188} INFO - [2024-04-04T21:47:36.556+0000] {dag.py:3834} INFO - Setting next_dagrun for example_skip_dag to 2024-04-03 00:00:00+00:00, run_after=2024-04-04 00:00:00+00:00
[2024-04-04T21:47:36.572+0000] {processor.py:183} INFO - Processing /home/airflow/.local/lib/python3.8/site-packages/airflow/example_dags/example_skip_dag.py took 0.067 seconds
[2024-04-04T21:48:06.873+0000] {processor.py:161} INFO - Started process (PID=1263) to work on /home/airflow/.local/lib/python3.8/site-packages/airflow/example_dags/example_skip_dag.py
[2024-04-04T21:48:06.874+0000] {processor.py:830} INFO - Processing file /home/airflow/.local/lib/python3.8/site-packages/airflow/example_dags/example_skip_dag.py for tasks to queue
[2024-04-04T21:48:06.876+0000] {logging_mixin.py:188} INFO - [2024-04-04T21:48:06.876+0000] {dagbag.py:540} INFO - Filling up the DagBag from /home/airflow/.local/lib/python3.8/site-packages/airflow/example_dags/example_skip_dag.py
[2024-04-04T21:48:06.882+0000] {processor.py:840} INFO - DAG(s) 'example_skip_dag' retrieved from /home/airflow/.local/lib/python3.8/site-packages/airflow/example_dags/example_skip_dag.py
[2024-04-04T21:48:06.906+0000] {logging_mixin.py:188} INFO - [2024-04-04T21:48:06.906+0000] {dag.py:3047} INFO - Sync 1 DAGs
[2024-04-04T21:48:06.934+0000] {logging_mixin.py:188} INFO - [2024-04-04T21:48:06.934+0000] {dag.py:3834} INFO - Setting next_dagrun for example_skip_dag to 2024-04-03 00:00:00+00:00, run_after=2024-04-04 00:00:00+00:00
[2024-04-04T21:48:06.953+0000] {processor.py:183} INFO - Processing /home/airflow/.local/lib/python3.8/site-packages/airflow/example_dags/example_skip_dag.py took 0.084 seconds
[2024-04-04T21:48:37.018+0000] {processor.py:161} INFO - Started process (PID=1318) to work on /home/airflow/.local/lib/python3.8/site-packages/airflow/example_dags/example_skip_dag.py
[2024-04-04T21:48:37.019+0000] {processor.py:830} INFO - Processing file /home/airflow/.local/lib/python3.8/site-packages/airflow/example_dags/example_skip_dag.py for tasks to queue
[2024-04-04T21:48:37.021+0000] {logging_mixin.py:188} INFO - [2024-04-04T21:48:37.020+0000] {dagbag.py:540} INFO - Filling up the DagBag from /home/airflow/.local/lib/python3.8/site-packages/airflow/example_dags/example_skip_dag.py
[2024-04-04T21:48:37.027+0000] {processor.py:840} INFO - DAG(s) 'example_skip_dag' retrieved from /home/airflow/.local/lib/python3.8/site-packages/airflow/example_dags/example_skip_dag.py
[2024-04-04T21:48:37.045+0000] {logging_mixin.py:188} INFO - [2024-04-04T21:48:37.045+0000] {dag.py:3047} INFO - Sync 1 DAGs
[2024-04-04T21:48:37.063+0000] {logging_mixin.py:188} INFO - [2024-04-04T21:48:37.063+0000] {dag.py:3834} INFO - Setting next_dagrun for example_skip_dag to 2024-04-03 00:00:00+00:00, run_after=2024-04-04 00:00:00+00:00
[2024-04-04T21:48:37.081+0000] {processor.py:183} INFO - Processing /home/airflow/.local/lib/python3.8/site-packages/airflow/example_dags/example_skip_dag.py took 0.066 seconds
[2024-04-04T21:49:07.371+0000] {processor.py:161} INFO - Started process (PID=1373) to work on /home/airflow/.local/lib/python3.8/site-packages/airflow/example_dags/example_skip_dag.py
[2024-04-04T21:49:07.372+0000] {processor.py:830} INFO - Processing file /home/airflow/.local/lib/python3.8/site-packages/airflow/example_dags/example_skip_dag.py for tasks to queue
[2024-04-04T21:49:07.373+0000] {logging_mixin.py:188} INFO - [2024-04-04T21:49:07.373+0000] {dagbag.py:540} INFO - Filling up the DagBag from /home/airflow/.local/lib/python3.8/site-packages/airflow/example_dags/example_skip_dag.py
[2024-04-04T21:49:07.379+0000] {processor.py:840} INFO - DAG(s) 'example_skip_dag' retrieved from /home/airflow/.local/lib/python3.8/site-packages/airflow/example_dags/example_skip_dag.py
[2024-04-04T21:49:07.397+0000] {logging_mixin.py:188} INFO - [2024-04-04T21:49:07.396+0000] {dag.py:3047} INFO - Sync 1 DAGs
[2024-04-04T21:49:07.416+0000] {logging_mixin.py:188} INFO - [2024-04-04T21:49:07.415+0000] {dag.py:3834} INFO - Setting next_dagrun for example_skip_dag to 2024-04-03 00:00:00+00:00, run_after=2024-04-04 00:00:00+00:00
[2024-04-04T21:49:07.436+0000] {processor.py:183} INFO - Processing /home/airflow/.local/lib/python3.8/site-packages/airflow/example_dags/example_skip_dag.py took 0.067 seconds
[2024-04-04T21:49:38.089+0000] {processor.py:161} INFO - Started process (PID=1429) to work on /home/airflow/.local/lib/python3.8/site-packages/airflow/example_dags/example_skip_dag.py
[2024-04-04T21:49:38.089+0000] {processor.py:830} INFO - Processing file /home/airflow/.local/lib/python3.8/site-packages/airflow/example_dags/example_skip_dag.py for tasks to queue
[2024-04-04T21:49:38.091+0000] {logging_mixin.py:188} INFO - [2024-04-04T21:49:38.091+0000] {dagbag.py:540} INFO - Filling up the DagBag from /home/airflow/.local/lib/python3.8/site-packages/airflow/example_dags/example_skip_dag.py
[2024-04-04T21:49:38.096+0000] {processor.py:840} INFO - DAG(s) 'example_skip_dag' retrieved from /home/airflow/.local/lib/python3.8/site-packages/airflow/example_dags/example_skip_dag.py
[2024-04-04T21:49:38.112+0000] {logging_mixin.py:188} INFO - [2024-04-04T21:49:38.112+0000] {dag.py:3047} INFO - Sync 1 DAGs
[2024-04-04T21:49:38.129+0000] {logging_mixin.py:188} INFO - [2024-04-04T21:49:38.128+0000] {dag.py:3834} INFO - Setting next_dagrun for example_skip_dag to 2024-04-03 00:00:00+00:00, run_after=2024-04-04 00:00:00+00:00
[2024-04-04T21:49:38.145+0000] {processor.py:183} INFO - Processing /home/airflow/.local/lib/python3.8/site-packages/airflow/example_dags/example_skip_dag.py took 0.059 seconds
[2024-04-04T21:50:08.540+0000] {processor.py:161} INFO - Started process (PID=1484) to work on /home/airflow/.local/lib/python3.8/site-packages/airflow/example_dags/example_skip_dag.py
[2024-04-04T21:50:08.540+0000] {processor.py:830} INFO - Processing file /home/airflow/.local/lib/python3.8/site-packages/airflow/example_dags/example_skip_dag.py for tasks to queue
[2024-04-04T21:50:08.542+0000] {logging_mixin.py:188} INFO - [2024-04-04T21:50:08.542+0000] {dagbag.py:540} INFO - Filling up the DagBag from /home/airflow/.local/lib/python3.8/site-packages/airflow/example_dags/example_skip_dag.py
[2024-04-04T21:50:08.546+0000] {processor.py:840} INFO - DAG(s) 'example_skip_dag' retrieved from /home/airflow/.local/lib/python3.8/site-packages/airflow/example_dags/example_skip_dag.py
[2024-04-04T21:50:08.563+0000] {logging_mixin.py:188} INFO - [2024-04-04T21:50:08.563+0000] {dag.py:3047} INFO - Sync 1 DAGs
[2024-04-04T21:50:08.579+0000] {logging_mixin.py:188} INFO - [2024-04-04T21:50:08.579+0000] {dag.py:3834} INFO - Setting next_dagrun for example_skip_dag to 2024-04-03 00:00:00+00:00, run_after=2024-04-04 00:00:00+00:00
[2024-04-04T21:50:08.596+0000] {processor.py:183} INFO - Processing /home/airflow/.local/lib/python3.8/site-packages/airflow/example_dags/example_skip_dag.py took 0.059 seconds
[2024-04-04T21:50:38.876+0000] {processor.py:161} INFO - Started process (PID=1539) to work on /home/airflow/.local/lib/python3.8/site-packages/airflow/example_dags/example_skip_dag.py
[2024-04-04T21:50:38.877+0000] {processor.py:830} INFO - Processing file /home/airflow/.local/lib/python3.8/site-packages/airflow/example_dags/example_skip_dag.py for tasks to queue
[2024-04-04T21:50:38.878+0000] {logging_mixin.py:188} INFO - [2024-04-04T21:50:38.878+0000] {dagbag.py:540} INFO - Filling up the DagBag from /home/airflow/.local/lib/python3.8/site-packages/airflow/example_dags/example_skip_dag.py
[2024-04-04T21:50:38.883+0000] {processor.py:840} INFO - DAG(s) 'example_skip_dag' retrieved from /home/airflow/.local/lib/python3.8/site-packages/airflow/example_dags/example_skip_dag.py
[2024-04-04T21:50:38.902+0000] {logging_mixin.py:188} INFO - [2024-04-04T21:50:38.901+0000] {dag.py:3047} INFO - Sync 1 DAGs
[2024-04-04T21:50:38.922+0000] {logging_mixin.py:188} INFO - [2024-04-04T21:50:38.922+0000] {dag.py:3834} INFO - Setting next_dagrun for example_skip_dag to 2024-04-03 00:00:00+00:00, run_after=2024-04-04 00:00:00+00:00
[2024-04-04T21:50:38.943+0000] {processor.py:183} INFO - Processing /home/airflow/.local/lib/python3.8/site-packages/airflow/example_dags/example_skip_dag.py took 0.069 seconds
[2024-04-04T21:51:09.428+0000] {processor.py:161} INFO - Started process (PID=1594) to work on /home/airflow/.local/lib/python3.8/site-packages/airflow/example_dags/example_skip_dag.py
[2024-04-04T21:51:09.429+0000] {processor.py:830} INFO - Processing file /home/airflow/.local/lib/python3.8/site-packages/airflow/example_dags/example_skip_dag.py for tasks to queue
[2024-04-04T21:51:09.430+0000] {logging_mixin.py:188} INFO - [2024-04-04T21:51:09.430+0000] {dagbag.py:540} INFO - Filling up the DagBag from /home/airflow/.local/lib/python3.8/site-packages/airflow/example_dags/example_skip_dag.py
[2024-04-04T21:51:09.434+0000] {processor.py:840} INFO - DAG(s) 'example_skip_dag' retrieved from /home/airflow/.local/lib/python3.8/site-packages/airflow/example_dags/example_skip_dag.py
[2024-04-04T21:51:09.449+0000] {logging_mixin.py:188} INFO - [2024-04-04T21:51:09.449+0000] {dag.py:3047} INFO - Sync 1 DAGs
[2024-04-04T21:51:09.465+0000] {logging_mixin.py:188} INFO - [2024-04-04T21:51:09.465+0000] {dag.py:3834} INFO - Setting next_dagrun for example_skip_dag to 2024-04-03 00:00:00+00:00, run_after=2024-04-04 00:00:00+00:00
[2024-04-04T21:51:09.481+0000] {processor.py:183} INFO - Processing /home/airflow/.local/lib/python3.8/site-packages/airflow/example_dags/example_skip_dag.py took 0.055 seconds
[2024-04-04T21:51:39.691+0000] {processor.py:161} INFO - Started process (PID=1649) to work on /home/airflow/.local/lib/python3.8/site-packages/airflow/example_dags/example_skip_dag.py
[2024-04-04T21:51:39.692+0000] {processor.py:830} INFO - Processing file /home/airflow/.local/lib/python3.8/site-packages/airflow/example_dags/example_skip_dag.py for tasks to queue
[2024-04-04T21:51:39.693+0000] {logging_mixin.py:188} INFO - [2024-04-04T21:51:39.693+0000] {dagbag.py:540} INFO - Filling up the DagBag from /home/airflow/.local/lib/python3.8/site-packages/airflow/example_dags/example_skip_dag.py
[2024-04-04T21:51:39.698+0000] {processor.py:840} INFO - DAG(s) 'example_skip_dag' retrieved from /home/airflow/.local/lib/python3.8/site-packages/airflow/example_dags/example_skip_dag.py
[2024-04-04T21:51:39.716+0000] {logging_mixin.py:188} INFO - [2024-04-04T21:51:39.716+0000] {dag.py:3047} INFO - Sync 1 DAGs
[2024-04-04T21:51:39.735+0000] {logging_mixin.py:188} INFO - [2024-04-04T21:51:39.735+0000] {dag.py:3834} INFO - Setting next_dagrun for example_skip_dag to 2024-04-03 00:00:00+00:00, run_after=2024-04-04 00:00:00+00:00
[2024-04-04T21:51:39.754+0000] {processor.py:183} INFO - Processing /home/airflow/.local/lib/python3.8/site-packages/airflow/example_dags/example_skip_dag.py took 0.067 seconds
[2024-04-04T21:52:09.962+0000] {processor.py:161} INFO - Started process (PID=1704) to work on /home/airflow/.local/lib/python3.8/site-packages/airflow/example_dags/example_skip_dag.py
[2024-04-04T21:52:09.963+0000] {processor.py:830} INFO - Processing file /home/airflow/.local/lib/python3.8/site-packages/airflow/example_dags/example_skip_dag.py for tasks to queue
[2024-04-04T21:52:09.964+0000] {logging_mixin.py:188} INFO - [2024-04-04T21:52:09.964+0000] {dagbag.py:540} INFO - Filling up the DagBag from /home/airflow/.local/lib/python3.8/site-packages/airflow/example_dags/example_skip_dag.py
[2024-04-04T21:52:09.970+0000] {processor.py:840} INFO - DAG(s) 'example_skip_dag' retrieved from /home/airflow/.local/lib/python3.8/site-packages/airflow/example_dags/example_skip_dag.py
[2024-04-04T21:52:09.989+0000] {logging_mixin.py:188} INFO - [2024-04-04T21:52:09.989+0000] {dag.py:3047} INFO - Sync 1 DAGs
[2024-04-04T21:52:10.007+0000] {logging_mixin.py:188} INFO - [2024-04-04T21:52:10.007+0000] {dag.py:3834} INFO - Setting next_dagrun for example_skip_dag to 2024-04-03 00:00:00+00:00, run_after=2024-04-04 00:00:00+00:00
[2024-04-04T21:52:10.025+0000] {processor.py:183} INFO - Processing /home/airflow/.local/lib/python3.8/site-packages/airflow/example_dags/example_skip_dag.py took 0.066 seconds
[2024-04-04T21:52:40.338+0000] {processor.py:161} INFO - Started process (PID=1759) to work on /home/airflow/.local/lib/python3.8/site-packages/airflow/example_dags/example_skip_dag.py
[2024-04-04T21:52:40.339+0000] {processor.py:830} INFO - Processing file /home/airflow/.local/lib/python3.8/site-packages/airflow/example_dags/example_skip_dag.py for tasks to queue
[2024-04-04T21:52:40.340+0000] {logging_mixin.py:188} INFO - [2024-04-04T21:52:40.340+0000] {dagbag.py:540} INFO - Filling up the DagBag from /home/airflow/.local/lib/python3.8/site-packages/airflow/example_dags/example_skip_dag.py
[2024-04-04T21:52:40.344+0000] {processor.py:840} INFO - DAG(s) 'example_skip_dag' retrieved from /home/airflow/.local/lib/python3.8/site-packages/airflow/example_dags/example_skip_dag.py
[2024-04-04T21:52:40.360+0000] {logging_mixin.py:188} INFO - [2024-04-04T21:52:40.360+0000] {dag.py:3047} INFO - Sync 1 DAGs
[2024-04-04T21:52:40.375+0000] {logging_mixin.py:188} INFO - [2024-04-04T21:52:40.375+0000] {dag.py:3834} INFO - Setting next_dagrun for example_skip_dag to 2024-04-03 00:00:00+00:00, run_after=2024-04-04 00:00:00+00:00
[2024-04-04T21:52:40.389+0000] {processor.py:183} INFO - Processing /home/airflow/.local/lib/python3.8/site-packages/airflow/example_dags/example_skip_dag.py took 0.053 seconds
[2024-04-04T21:53:10.555+0000] {processor.py:161} INFO - Started process (PID=1814) to work on /home/airflow/.local/lib/python3.8/site-packages/airflow/example_dags/example_skip_dag.py
[2024-04-04T21:53:10.556+0000] {processor.py:830} INFO - Processing file /home/airflow/.local/lib/python3.8/site-packages/airflow/example_dags/example_skip_dag.py for tasks to queue
[2024-04-04T21:53:10.557+0000] {logging_mixin.py:188} INFO - [2024-04-04T21:53:10.557+0000] {dagbag.py:540} INFO - Filling up the DagBag from /home/airflow/.local/lib/python3.8/site-packages/airflow/example_dags/example_skip_dag.py
[2024-04-04T21:53:10.562+0000] {processor.py:840} INFO - DAG(s) 'example_skip_dag' retrieved from /home/airflow/.local/lib/python3.8/site-packages/airflow/example_dags/example_skip_dag.py
[2024-04-04T21:53:10.580+0000] {logging_mixin.py:188} INFO - [2024-04-04T21:53:10.579+0000] {dag.py:3047} INFO - Sync 1 DAGs
[2024-04-04T21:53:10.600+0000] {logging_mixin.py:188} INFO - [2024-04-04T21:53:10.599+0000] {dag.py:3834} INFO - Setting next_dagrun for example_skip_dag to 2024-04-03 00:00:00+00:00, run_after=2024-04-04 00:00:00+00:00
[2024-04-04T21:53:10.617+0000] {processor.py:183} INFO - Processing /home/airflow/.local/lib/python3.8/site-packages/airflow/example_dags/example_skip_dag.py took 0.064 seconds
[2024-04-04T21:53:40.877+0000] {processor.py:161} INFO - Started process (PID=1869) to work on /home/airflow/.local/lib/python3.8/site-packages/airflow/example_dags/example_skip_dag.py
[2024-04-04T21:53:40.878+0000] {processor.py:830} INFO - Processing file /home/airflow/.local/lib/python3.8/site-packages/airflow/example_dags/example_skip_dag.py for tasks to queue
[2024-04-04T21:53:40.879+0000] {logging_mixin.py:188} INFO - [2024-04-04T21:53:40.879+0000] {dagbag.py:540} INFO - Filling up the DagBag from /home/airflow/.local/lib/python3.8/site-packages/airflow/example_dags/example_skip_dag.py
[2024-04-04T21:53:40.883+0000] {processor.py:840} INFO - DAG(s) 'example_skip_dag' retrieved from /home/airflow/.local/lib/python3.8/site-packages/airflow/example_dags/example_skip_dag.py
[2024-04-04T21:53:40.899+0000] {logging_mixin.py:188} INFO - [2024-04-04T21:53:40.898+0000] {dag.py:3047} INFO - Sync 1 DAGs
[2024-04-04T21:53:40.916+0000] {logging_mixin.py:188} INFO - [2024-04-04T21:53:40.916+0000] {dag.py:3834} INFO - Setting next_dagrun for example_skip_dag to 2024-04-03 00:00:00+00:00, run_after=2024-04-04 00:00:00+00:00
[2024-04-04T21:53:40.931+0000] {processor.py:183} INFO - Processing /home/airflow/.local/lib/python3.8/site-packages/airflow/example_dags/example_skip_dag.py took 0.056 seconds
[2024-04-04T21:54:11.982+0000] {processor.py:161} INFO - Started process (PID=1924) to work on /home/airflow/.local/lib/python3.8/site-packages/airflow/example_dags/example_skip_dag.py
[2024-04-04T21:54:11.983+0000] {processor.py:830} INFO - Processing file /home/airflow/.local/lib/python3.8/site-packages/airflow/example_dags/example_skip_dag.py for tasks to queue
[2024-04-04T21:54:11.984+0000] {logging_mixin.py:188} INFO - [2024-04-04T21:54:11.984+0000] {dagbag.py:540} INFO - Filling up the DagBag from /home/airflow/.local/lib/python3.8/site-packages/airflow/example_dags/example_skip_dag.py
[2024-04-04T21:54:11.989+0000] {processor.py:840} INFO - DAG(s) 'example_skip_dag' retrieved from /home/airflow/.local/lib/python3.8/site-packages/airflow/example_dags/example_skip_dag.py
[2024-04-04T21:54:12.007+0000] {logging_mixin.py:188} INFO - [2024-04-04T21:54:12.006+0000] {dag.py:3047} INFO - Sync 1 DAGs
[2024-04-04T21:54:12.024+0000] {logging_mixin.py:188} INFO - [2024-04-04T21:54:12.024+0000] {dag.py:3834} INFO - Setting next_dagrun for example_skip_dag to 2024-04-03 00:00:00+00:00, run_after=2024-04-04 00:00:00+00:00
[2024-04-04T21:54:12.040+0000] {processor.py:183} INFO - Processing /home/airflow/.local/lib/python3.8/site-packages/airflow/example_dags/example_skip_dag.py took 0.059 seconds
[2024-04-04T21:54:42.057+0000] {processor.py:161} INFO - Started process (PID=1978) to work on /home/airflow/.local/lib/python3.8/site-packages/airflow/example_dags/example_skip_dag.py
[2024-04-04T21:54:42.058+0000] {processor.py:830} INFO - Processing file /home/airflow/.local/lib/python3.8/site-packages/airflow/example_dags/example_skip_dag.py for tasks to queue
[2024-04-04T21:54:42.059+0000] {logging_mixin.py:188} INFO - [2024-04-04T21:54:42.059+0000] {dagbag.py:540} INFO - Filling up the DagBag from /home/airflow/.local/lib/python3.8/site-packages/airflow/example_dags/example_skip_dag.py
[2024-04-04T21:54:42.064+0000] {processor.py:840} INFO - DAG(s) 'example_skip_dag' retrieved from /home/airflow/.local/lib/python3.8/site-packages/airflow/example_dags/example_skip_dag.py
[2024-04-04T21:54:42.079+0000] {logging_mixin.py:188} INFO - [2024-04-04T21:54:42.079+0000] {dag.py:3047} INFO - Sync 1 DAGs
[2024-04-04T21:54:42.095+0000] {logging_mixin.py:188} INFO - [2024-04-04T21:54:42.095+0000] {dag.py:3834} INFO - Setting next_dagrun for example_skip_dag to 2024-04-03 00:00:00+00:00, run_after=2024-04-04 00:00:00+00:00
[2024-04-04T21:54:42.108+0000] {processor.py:183} INFO - Processing /home/airflow/.local/lib/python3.8/site-packages/airflow/example_dags/example_skip_dag.py took 0.052 seconds
[2024-04-04T21:55:12.451+0000] {processor.py:161} INFO - Started process (PID=2033) to work on /home/airflow/.local/lib/python3.8/site-packages/airflow/example_dags/example_skip_dag.py
[2024-04-04T21:55:12.452+0000] {processor.py:830} INFO - Processing file /home/airflow/.local/lib/python3.8/site-packages/airflow/example_dags/example_skip_dag.py for tasks to queue
[2024-04-04T21:55:12.454+0000] {logging_mixin.py:188} INFO - [2024-04-04T21:55:12.453+0000] {dagbag.py:540} INFO - Filling up the DagBag from /home/airflow/.local/lib/python3.8/site-packages/airflow/example_dags/example_skip_dag.py
[2024-04-04T21:55:12.458+0000] {processor.py:840} INFO - DAG(s) 'example_skip_dag' retrieved from /home/airflow/.local/lib/python3.8/site-packages/airflow/example_dags/example_skip_dag.py
[2024-04-04T21:55:12.474+0000] {logging_mixin.py:188} INFO - [2024-04-04T21:55:12.474+0000] {dag.py:3047} INFO - Sync 1 DAGs
[2024-04-04T21:55:12.490+0000] {logging_mixin.py:188} INFO - [2024-04-04T21:55:12.490+0000] {dag.py:3834} INFO - Setting next_dagrun for example_skip_dag to 2024-04-03 00:00:00+00:00, run_after=2024-04-04 00:00:00+00:00
[2024-04-04T21:55:12.505+0000] {processor.py:183} INFO - Processing /home/airflow/.local/lib/python3.8/site-packages/airflow/example_dags/example_skip_dag.py took 0.055 seconds
[2024-04-04T21:55:42.627+0000] {processor.py:161} INFO - Started process (PID=2088) to work on /home/airflow/.local/lib/python3.8/site-packages/airflow/example_dags/example_skip_dag.py
[2024-04-04T21:55:42.627+0000] {processor.py:830} INFO - Processing file /home/airflow/.local/lib/python3.8/site-packages/airflow/example_dags/example_skip_dag.py for tasks to queue
[2024-04-04T21:55:42.629+0000] {logging_mixin.py:188} INFO - [2024-04-04T21:55:42.629+0000] {dagbag.py:540} INFO - Filling up the DagBag from /home/airflow/.local/lib/python3.8/site-packages/airflow/example_dags/example_skip_dag.py
[2024-04-04T21:55:42.633+0000] {processor.py:840} INFO - DAG(s) 'example_skip_dag' retrieved from /home/airflow/.local/lib/python3.8/site-packages/airflow/example_dags/example_skip_dag.py
[2024-04-04T21:55:42.650+0000] {logging_mixin.py:188} INFO - [2024-04-04T21:55:42.650+0000] {dag.py:3047} INFO - Sync 1 DAGs
[2024-04-04T21:55:42.668+0000] {logging_mixin.py:188} INFO - [2024-04-04T21:55:42.668+0000] {dag.py:3834} INFO - Setting next_dagrun for example_skip_dag to 2024-04-03 00:00:00+00:00, run_after=2024-04-04 00:00:00+00:00
[2024-04-04T21:55:42.683+0000] {processor.py:183} INFO - Processing /home/airflow/.local/lib/python3.8/site-packages/airflow/example_dags/example_skip_dag.py took 0.059 seconds
[2024-04-04T21:56:12.836+0000] {processor.py:161} INFO - Started process (PID=2143) to work on /home/airflow/.local/lib/python3.8/site-packages/airflow/example_dags/example_skip_dag.py
[2024-04-04T21:56:12.836+0000] {processor.py:830} INFO - Processing file /home/airflow/.local/lib/python3.8/site-packages/airflow/example_dags/example_skip_dag.py for tasks to queue
[2024-04-04T21:56:12.837+0000] {logging_mixin.py:188} INFO - [2024-04-04T21:56:12.837+0000] {dagbag.py:540} INFO - Filling up the DagBag from /home/airflow/.local/lib/python3.8/site-packages/airflow/example_dags/example_skip_dag.py
[2024-04-04T21:56:12.842+0000] {processor.py:840} INFO - DAG(s) 'example_skip_dag' retrieved from /home/airflow/.local/lib/python3.8/site-packages/airflow/example_dags/example_skip_dag.py
[2024-04-04T21:56:12.859+0000] {logging_mixin.py:188} INFO - [2024-04-04T21:56:12.859+0000] {dag.py:3047} INFO - Sync 1 DAGs
[2024-04-04T21:56:12.877+0000] {logging_mixin.py:188} INFO - [2024-04-04T21:56:12.877+0000] {dag.py:3834} INFO - Setting next_dagrun for example_skip_dag to 2024-04-03 00:00:00+00:00, run_after=2024-04-04 00:00:00+00:00
[2024-04-04T21:56:12.891+0000] {processor.py:183} INFO - Processing /home/airflow/.local/lib/python3.8/site-packages/airflow/example_dags/example_skip_dag.py took 0.058 seconds
[2024-04-04T21:56:43.097+0000] {processor.py:161} INFO - Started process (PID=2198) to work on /home/airflow/.local/lib/python3.8/site-packages/airflow/example_dags/example_skip_dag.py
[2024-04-04T21:56:43.098+0000] {processor.py:830} INFO - Processing file /home/airflow/.local/lib/python3.8/site-packages/airflow/example_dags/example_skip_dag.py for tasks to queue
[2024-04-04T21:56:43.099+0000] {logging_mixin.py:188} INFO - [2024-04-04T21:56:43.099+0000] {dagbag.py:540} INFO - Filling up the DagBag from /home/airflow/.local/lib/python3.8/site-packages/airflow/example_dags/example_skip_dag.py
[2024-04-04T21:56:43.103+0000] {processor.py:840} INFO - DAG(s) 'example_skip_dag' retrieved from /home/airflow/.local/lib/python3.8/site-packages/airflow/example_dags/example_skip_dag.py
[2024-04-04T21:56:43.121+0000] {logging_mixin.py:188} INFO - [2024-04-04T21:56:43.120+0000] {dag.py:3047} INFO - Sync 1 DAGs
[2024-04-04T21:56:43.137+0000] {logging_mixin.py:188} INFO - [2024-04-04T21:56:43.137+0000] {dag.py:3834} INFO - Setting next_dagrun for example_skip_dag to 2024-04-03 00:00:00+00:00, run_after=2024-04-04 00:00:00+00:00
[2024-04-04T21:56:43.152+0000] {processor.py:183} INFO - Processing /home/airflow/.local/lib/python3.8/site-packages/airflow/example_dags/example_skip_dag.py took 0.056 seconds
[2024-04-04T21:57:13.286+0000] {processor.py:161} INFO - Started process (PID=2253) to work on /home/airflow/.local/lib/python3.8/site-packages/airflow/example_dags/example_skip_dag.py
[2024-04-04T21:57:13.287+0000] {processor.py:830} INFO - Processing file /home/airflow/.local/lib/python3.8/site-packages/airflow/example_dags/example_skip_dag.py for tasks to queue
[2024-04-04T21:57:13.289+0000] {logging_mixin.py:188} INFO - [2024-04-04T21:57:13.289+0000] {dagbag.py:540} INFO - Filling up the DagBag from /home/airflow/.local/lib/python3.8/site-packages/airflow/example_dags/example_skip_dag.py
[2024-04-04T21:57:13.293+0000] {processor.py:840} INFO - DAG(s) 'example_skip_dag' retrieved from /home/airflow/.local/lib/python3.8/site-packages/airflow/example_dags/example_skip_dag.py
[2024-04-04T21:57:13.309+0000] {logging_mixin.py:188} INFO - [2024-04-04T21:57:13.309+0000] {dag.py:3047} INFO - Sync 1 DAGs
[2024-04-04T21:57:13.330+0000] {logging_mixin.py:188} INFO - [2024-04-04T21:57:13.330+0000] {dag.py:3834} INFO - Setting next_dagrun for example_skip_dag to 2024-04-03 00:00:00+00:00, run_after=2024-04-04 00:00:00+00:00
[2024-04-04T21:57:13.345+0000] {processor.py:183} INFO - Processing /home/airflow/.local/lib/python3.8/site-packages/airflow/example_dags/example_skip_dag.py took 0.061 seconds
[2024-04-04T21:57:43.553+0000] {processor.py:161} INFO - Started process (PID=2308) to work on /home/airflow/.local/lib/python3.8/site-packages/airflow/example_dags/example_skip_dag.py
[2024-04-04T21:57:43.554+0000] {processor.py:830} INFO - Processing file /home/airflow/.local/lib/python3.8/site-packages/airflow/example_dags/example_skip_dag.py for tasks to queue
[2024-04-04T21:57:43.556+0000] {logging_mixin.py:188} INFO - [2024-04-04T21:57:43.555+0000] {dagbag.py:540} INFO - Filling up the DagBag from /home/airflow/.local/lib/python3.8/site-packages/airflow/example_dags/example_skip_dag.py
[2024-04-04T21:57:43.561+0000] {processor.py:840} INFO - DAG(s) 'example_skip_dag' retrieved from /home/airflow/.local/lib/python3.8/site-packages/airflow/example_dags/example_skip_dag.py
[2024-04-04T21:57:43.579+0000] {logging_mixin.py:188} INFO - [2024-04-04T21:57:43.579+0000] {dag.py:3047} INFO - Sync 1 DAGs
[2024-04-04T21:57:43.601+0000] {logging_mixin.py:188} INFO - [2024-04-04T21:57:43.601+0000] {dag.py:3834} INFO - Setting next_dagrun for example_skip_dag to 2024-04-03 00:00:00+00:00, run_after=2024-04-04 00:00:00+00:00
[2024-04-04T21:57:43.620+0000] {processor.py:183} INFO - Processing /home/airflow/.local/lib/python3.8/site-packages/airflow/example_dags/example_skip_dag.py took 0.070 seconds
[2024-04-04T21:58:13.788+0000] {processor.py:161} INFO - Started process (PID=2363) to work on /home/airflow/.local/lib/python3.8/site-packages/airflow/example_dags/example_skip_dag.py
[2024-04-04T21:58:13.789+0000] {processor.py:830} INFO - Processing file /home/airflow/.local/lib/python3.8/site-packages/airflow/example_dags/example_skip_dag.py for tasks to queue
[2024-04-04T21:58:13.791+0000] {logging_mixin.py:188} INFO - [2024-04-04T21:58:13.790+0000] {dagbag.py:540} INFO - Filling up the DagBag from /home/airflow/.local/lib/python3.8/site-packages/airflow/example_dags/example_skip_dag.py
[2024-04-04T21:58:13.797+0000] {processor.py:840} INFO - DAG(s) 'example_skip_dag' retrieved from /home/airflow/.local/lib/python3.8/site-packages/airflow/example_dags/example_skip_dag.py
[2024-04-04T21:58:13.816+0000] {logging_mixin.py:188} INFO - [2024-04-04T21:58:13.815+0000] {dag.py:3047} INFO - Sync 1 DAGs
[2024-04-04T21:58:13.840+0000] {logging_mixin.py:188} INFO - [2024-04-04T21:58:13.840+0000] {dag.py:3834} INFO - Setting next_dagrun for example_skip_dag to 2024-04-03 00:00:00+00:00, run_after=2024-04-04 00:00:00+00:00
[2024-04-04T21:58:13.859+0000] {processor.py:183} INFO - Processing /home/airflow/.local/lib/python3.8/site-packages/airflow/example_dags/example_skip_dag.py took 0.074 seconds
[2024-04-04T21:58:44.230+0000] {processor.py:161} INFO - Started process (PID=2418) to work on /home/airflow/.local/lib/python3.8/site-packages/airflow/example_dags/example_skip_dag.py
[2024-04-04T21:58:44.231+0000] {processor.py:830} INFO - Processing file /home/airflow/.local/lib/python3.8/site-packages/airflow/example_dags/example_skip_dag.py for tasks to queue
[2024-04-04T21:58:44.232+0000] {logging_mixin.py:188} INFO - [2024-04-04T21:58:44.232+0000] {dagbag.py:540} INFO - Filling up the DagBag from /home/airflow/.local/lib/python3.8/site-packages/airflow/example_dags/example_skip_dag.py
[2024-04-04T21:58:44.237+0000] {processor.py:840} INFO - DAG(s) 'example_skip_dag' retrieved from /home/airflow/.local/lib/python3.8/site-packages/airflow/example_dags/example_skip_dag.py
[2024-04-04T21:58:44.255+0000] {logging_mixin.py:188} INFO - [2024-04-04T21:58:44.255+0000] {dag.py:3047} INFO - Sync 1 DAGs
[2024-04-04T21:58:44.272+0000] {logging_mixin.py:188} INFO - [2024-04-04T21:58:44.272+0000] {dag.py:3834} INFO - Setting next_dagrun for example_skip_dag to 2024-04-03 00:00:00+00:00, run_after=2024-04-04 00:00:00+00:00
[2024-04-04T21:58:44.330+0000] {processor.py:183} INFO - Processing /home/airflow/.local/lib/python3.8/site-packages/airflow/example_dags/example_skip_dag.py took 0.103 seconds
[2024-04-04T21:59:15.144+0000] {processor.py:161} INFO - Started process (PID=2473) to work on /home/airflow/.local/lib/python3.8/site-packages/airflow/example_dags/example_skip_dag.py
[2024-04-04T21:59:15.145+0000] {processor.py:830} INFO - Processing file /home/airflow/.local/lib/python3.8/site-packages/airflow/example_dags/example_skip_dag.py for tasks to queue
[2024-04-04T21:59:15.148+0000] {logging_mixin.py:188} INFO - [2024-04-04T21:59:15.148+0000] {dagbag.py:540} INFO - Filling up the DagBag from /home/airflow/.local/lib/python3.8/site-packages/airflow/example_dags/example_skip_dag.py
[2024-04-04T21:59:15.166+0000] {processor.py:840} INFO - DAG(s) 'example_skip_dag' retrieved from /home/airflow/.local/lib/python3.8/site-packages/airflow/example_dags/example_skip_dag.py
[2024-04-04T21:59:15.198+0000] {logging_mixin.py:188} INFO - [2024-04-04T21:59:15.198+0000] {dag.py:3047} INFO - Sync 1 DAGs
[2024-04-04T21:59:15.242+0000] {logging_mixin.py:188} INFO - [2024-04-04T21:59:15.241+0000] {dag.py:3834} INFO - Setting next_dagrun for example_skip_dag to 2024-04-03 00:00:00+00:00, run_after=2024-04-04 00:00:00+00:00
[2024-04-04T21:59:15.286+0000] {processor.py:183} INFO - Processing /home/airflow/.local/lib/python3.8/site-packages/airflow/example_dags/example_skip_dag.py took 0.149 seconds
[2024-04-04T21:59:45.418+0000] {processor.py:161} INFO - Started process (PID=2528) to work on /home/airflow/.local/lib/python3.8/site-packages/airflow/example_dags/example_skip_dag.py
[2024-04-04T21:59:45.422+0000] {processor.py:830} INFO - Processing file /home/airflow/.local/lib/python3.8/site-packages/airflow/example_dags/example_skip_dag.py for tasks to queue
[2024-04-04T21:59:45.424+0000] {logging_mixin.py:188} INFO - [2024-04-04T21:59:45.424+0000] {dagbag.py:540} INFO - Filling up the DagBag from /home/airflow/.local/lib/python3.8/site-packages/airflow/example_dags/example_skip_dag.py
[2024-04-04T21:59:45.432+0000] {processor.py:840} INFO - DAG(s) 'example_skip_dag' retrieved from /home/airflow/.local/lib/python3.8/site-packages/airflow/example_dags/example_skip_dag.py
[2024-04-04T21:59:45.461+0000] {logging_mixin.py:188} INFO - [2024-04-04T21:59:45.460+0000] {dag.py:3047} INFO - Sync 1 DAGs
[2024-04-04T21:59:45.487+0000] {logging_mixin.py:188} INFO - [2024-04-04T21:59:45.486+0000] {dag.py:3834} INFO - Setting next_dagrun for example_skip_dag to 2024-04-03 00:00:00+00:00, run_after=2024-04-04 00:00:00+00:00
[2024-04-04T21:59:45.519+0000] {processor.py:183} INFO - Processing /home/airflow/.local/lib/python3.8/site-packages/airflow/example_dags/example_skip_dag.py took 0.104 seconds
[2024-04-04T22:00:15.739+0000] {processor.py:161} INFO - Started process (PID=2582) to work on /home/airflow/.local/lib/python3.8/site-packages/airflow/example_dags/example_skip_dag.py
[2024-04-04T22:00:15.745+0000] {processor.py:830} INFO - Processing file /home/airflow/.local/lib/python3.8/site-packages/airflow/example_dags/example_skip_dag.py for tasks to queue
[2024-04-04T22:00:15.750+0000] {logging_mixin.py:188} INFO - [2024-04-04T22:00:15.749+0000] {dagbag.py:540} INFO - Filling up the DagBag from /home/airflow/.local/lib/python3.8/site-packages/airflow/example_dags/example_skip_dag.py
[2024-04-04T22:00:15.764+0000] {processor.py:840} INFO - DAG(s) 'example_skip_dag' retrieved from /home/airflow/.local/lib/python3.8/site-packages/airflow/example_dags/example_skip_dag.py
[2024-04-04T22:00:15.821+0000] {logging_mixin.py:188} INFO - [2024-04-04T22:00:15.820+0000] {dag.py:3047} INFO - Sync 1 DAGs
[2024-04-04T22:00:15.870+0000] {logging_mixin.py:188} INFO - [2024-04-04T22:00:15.870+0000] {dag.py:3834} INFO - Setting next_dagrun for example_skip_dag to 2024-04-03 00:00:00+00:00, run_after=2024-04-04 00:00:00+00:00
[2024-04-04T22:00:15.919+0000] {processor.py:183} INFO - Processing /home/airflow/.local/lib/python3.8/site-packages/airflow/example_dags/example_skip_dag.py took 0.183 seconds
