[2024-04-04T21:37:00.490+0000] {processor.py:161} INFO - Started process (PID=76) to work on /home/airflow/.local/lib/python3.8/site-packages/airflow/example_dags/example_latest_only_with_trigger.py
[2024-04-04T21:37:00.491+0000] {processor.py:830} INFO - Processing file /home/airflow/.local/lib/python3.8/site-packages/airflow/example_dags/example_latest_only_with_trigger.py for tasks to queue
[2024-04-04T21:37:00.492+0000] {logging_mixin.py:188} INFO - [2024-04-04T21:37:00.492+0000] {dagbag.py:540} INFO - Filling up the DagBag from /home/airflow/.local/lib/python3.8/site-packages/airflow/example_dags/example_latest_only_with_trigger.py
[2024-04-04T21:37:00.499+0000] {processor.py:840} INFO - DAG(s) 'latest_only_with_trigger' retrieved from /home/airflow/.local/lib/python3.8/site-packages/airflow/example_dags/example_latest_only_with_trigger.py
[2024-04-04T21:37:00.521+0000] {logging_mixin.py:188} INFO - [2024-04-04T21:37:00.520+0000] {dag.py:3047} INFO - Sync 1 DAGs
[2024-04-04T21:37:00.542+0000] {logging_mixin.py:188} INFO - [2024-04-04T21:37:00.541+0000] {dag.py:3834} INFO - Setting next_dagrun for latest_only_with_trigger to 2024-04-04 16:00:00+00:00, run_after=2024-04-04 20:00:00+00:00
[2024-04-04T21:37:00.561+0000] {processor.py:183} INFO - Processing /home/airflow/.local/lib/python3.8/site-packages/airflow/example_dags/example_latest_only_with_trigger.py took 0.074 seconds
[2024-04-04T21:37:30.897+0000] {processor.py:161} INFO - Started process (PID=131) to work on /home/airflow/.local/lib/python3.8/site-packages/airflow/example_dags/example_latest_only_with_trigger.py
[2024-04-04T21:37:30.898+0000] {processor.py:830} INFO - Processing file /home/airflow/.local/lib/python3.8/site-packages/airflow/example_dags/example_latest_only_with_trigger.py for tasks to queue
[2024-04-04T21:37:30.899+0000] {logging_mixin.py:188} INFO - [2024-04-04T21:37:30.899+0000] {dagbag.py:540} INFO - Filling up the DagBag from /home/airflow/.local/lib/python3.8/site-packages/airflow/example_dags/example_latest_only_with_trigger.py
[2024-04-04T21:37:30.903+0000] {processor.py:840} INFO - DAG(s) 'latest_only_with_trigger' retrieved from /home/airflow/.local/lib/python3.8/site-packages/airflow/example_dags/example_latest_only_with_trigger.py
[2024-04-04T21:37:30.921+0000] {logging_mixin.py:188} INFO - [2024-04-04T21:37:30.920+0000] {dag.py:3047} INFO - Sync 1 DAGs
[2024-04-04T21:37:30.937+0000] {logging_mixin.py:188} INFO - [2024-04-04T21:37:30.936+0000] {dag.py:3834} INFO - Setting next_dagrun for latest_only_with_trigger to 2024-04-04 16:00:00+00:00, run_after=2024-04-04 20:00:00+00:00
[2024-04-04T21:37:30.951+0000] {processor.py:183} INFO - Processing /home/airflow/.local/lib/python3.8/site-packages/airflow/example_dags/example_latest_only_with_trigger.py took 0.056 seconds
[2024-04-04T21:38:01.167+0000] {processor.py:161} INFO - Started process (PID=186) to work on /home/airflow/.local/lib/python3.8/site-packages/airflow/example_dags/example_latest_only_with_trigger.py
[2024-04-04T21:38:01.167+0000] {processor.py:830} INFO - Processing file /home/airflow/.local/lib/python3.8/site-packages/airflow/example_dags/example_latest_only_with_trigger.py for tasks to queue
[2024-04-04T21:38:01.169+0000] {logging_mixin.py:188} INFO - [2024-04-04T21:38:01.169+0000] {dagbag.py:540} INFO - Filling up the DagBag from /home/airflow/.local/lib/python3.8/site-packages/airflow/example_dags/example_latest_only_with_trigger.py
[2024-04-04T21:38:01.172+0000] {processor.py:840} INFO - DAG(s) 'latest_only_with_trigger' retrieved from /home/airflow/.local/lib/python3.8/site-packages/airflow/example_dags/example_latest_only_with_trigger.py
[2024-04-04T21:38:01.187+0000] {logging_mixin.py:188} INFO - [2024-04-04T21:38:01.186+0000] {dag.py:3047} INFO - Sync 1 DAGs
[2024-04-04T21:38:01.201+0000] {logging_mixin.py:188} INFO - [2024-04-04T21:38:01.201+0000] {dag.py:3834} INFO - Setting next_dagrun for latest_only_with_trigger to 2024-04-04 16:00:00+00:00, run_after=2024-04-04 20:00:00+00:00
[2024-04-04T21:38:01.214+0000] {processor.py:183} INFO - Processing /home/airflow/.local/lib/python3.8/site-packages/airflow/example_dags/example_latest_only_with_trigger.py took 0.050 seconds
[2024-04-04T21:38:31.599+0000] {processor.py:161} INFO - Started process (PID=241) to work on /home/airflow/.local/lib/python3.8/site-packages/airflow/example_dags/example_latest_only_with_trigger.py
[2024-04-04T21:38:31.600+0000] {processor.py:830} INFO - Processing file /home/airflow/.local/lib/python3.8/site-packages/airflow/example_dags/example_latest_only_with_trigger.py for tasks to queue
[2024-04-04T21:38:31.601+0000] {logging_mixin.py:188} INFO - [2024-04-04T21:38:31.601+0000] {dagbag.py:540} INFO - Filling up the DagBag from /home/airflow/.local/lib/python3.8/site-packages/airflow/example_dags/example_latest_only_with_trigger.py
[2024-04-04T21:38:31.605+0000] {processor.py:840} INFO - DAG(s) 'latest_only_with_trigger' retrieved from /home/airflow/.local/lib/python3.8/site-packages/airflow/example_dags/example_latest_only_with_trigger.py
[2024-04-04T21:38:31.620+0000] {logging_mixin.py:188} INFO - [2024-04-04T21:38:31.620+0000] {dag.py:3047} INFO - Sync 1 DAGs
[2024-04-04T21:38:31.636+0000] {logging_mixin.py:188} INFO - [2024-04-04T21:38:31.636+0000] {dag.py:3834} INFO - Setting next_dagrun for latest_only_with_trigger to 2024-04-04 16:00:00+00:00, run_after=2024-04-04 20:00:00+00:00
[2024-04-04T21:38:31.651+0000] {processor.py:183} INFO - Processing /home/airflow/.local/lib/python3.8/site-packages/airflow/example_dags/example_latest_only_with_trigger.py took 0.054 seconds
[2024-04-04T21:39:01.813+0000] {processor.py:161} INFO - Started process (PID=297) to work on /home/airflow/.local/lib/python3.8/site-packages/airflow/example_dags/example_latest_only_with_trigger.py
[2024-04-04T21:39:01.814+0000] {processor.py:830} INFO - Processing file /home/airflow/.local/lib/python3.8/site-packages/airflow/example_dags/example_latest_only_with_trigger.py for tasks to queue
[2024-04-04T21:39:01.815+0000] {logging_mixin.py:188} INFO - [2024-04-04T21:39:01.815+0000] {dagbag.py:540} INFO - Filling up the DagBag from /home/airflow/.local/lib/python3.8/site-packages/airflow/example_dags/example_latest_only_with_trigger.py
[2024-04-04T21:39:01.819+0000] {processor.py:840} INFO - DAG(s) 'latest_only_with_trigger' retrieved from /home/airflow/.local/lib/python3.8/site-packages/airflow/example_dags/example_latest_only_with_trigger.py
[2024-04-04T21:39:01.834+0000] {logging_mixin.py:188} INFO - [2024-04-04T21:39:01.834+0000] {dag.py:3047} INFO - Sync 1 DAGs
[2024-04-04T21:39:01.850+0000] {logging_mixin.py:188} INFO - [2024-04-04T21:39:01.850+0000] {dag.py:3834} INFO - Setting next_dagrun for latest_only_with_trigger to 2024-04-04 16:00:00+00:00, run_after=2024-04-04 20:00:00+00:00
[2024-04-04T21:39:01.864+0000] {processor.py:183} INFO - Processing /home/airflow/.local/lib/python3.8/site-packages/airflow/example_dags/example_latest_only_with_trigger.py took 0.053 seconds
[2024-04-04T21:39:31.948+0000] {processor.py:161} INFO - Started process (PID=352) to work on /home/airflow/.local/lib/python3.8/site-packages/airflow/example_dags/example_latest_only_with_trigger.py
[2024-04-04T21:39:31.949+0000] {processor.py:830} INFO - Processing file /home/airflow/.local/lib/python3.8/site-packages/airflow/example_dags/example_latest_only_with_trigger.py for tasks to queue
[2024-04-04T21:39:31.951+0000] {logging_mixin.py:188} INFO - [2024-04-04T21:39:31.951+0000] {dagbag.py:540} INFO - Filling up the DagBag from /home/airflow/.local/lib/python3.8/site-packages/airflow/example_dags/example_latest_only_with_trigger.py
[2024-04-04T21:39:31.956+0000] {processor.py:840} INFO - DAG(s) 'latest_only_with_trigger' retrieved from /home/airflow/.local/lib/python3.8/site-packages/airflow/example_dags/example_latest_only_with_trigger.py
[2024-04-04T21:39:31.975+0000] {logging_mixin.py:188} INFO - [2024-04-04T21:39:31.975+0000] {dag.py:3047} INFO - Sync 1 DAGs
[2024-04-04T21:39:31.994+0000] {logging_mixin.py:188} INFO - [2024-04-04T21:39:31.994+0000] {dag.py:3834} INFO - Setting next_dagrun for latest_only_with_trigger to 2024-04-04 16:00:00+00:00, run_after=2024-04-04 20:00:00+00:00
[2024-04-04T21:39:32.014+0000] {processor.py:183} INFO - Processing /home/airflow/.local/lib/python3.8/site-packages/airflow/example_dags/example_latest_only_with_trigger.py took 0.068 seconds
[2024-04-04T21:40:02.297+0000] {processor.py:161} INFO - Started process (PID=407) to work on /home/airflow/.local/lib/python3.8/site-packages/airflow/example_dags/example_latest_only_with_trigger.py
[2024-04-04T21:40:02.298+0000] {processor.py:830} INFO - Processing file /home/airflow/.local/lib/python3.8/site-packages/airflow/example_dags/example_latest_only_with_trigger.py for tasks to queue
[2024-04-04T21:40:02.299+0000] {logging_mixin.py:188} INFO - [2024-04-04T21:40:02.299+0000] {dagbag.py:540} INFO - Filling up the DagBag from /home/airflow/.local/lib/python3.8/site-packages/airflow/example_dags/example_latest_only_with_trigger.py
[2024-04-04T21:40:02.303+0000] {processor.py:840} INFO - DAG(s) 'latest_only_with_trigger' retrieved from /home/airflow/.local/lib/python3.8/site-packages/airflow/example_dags/example_latest_only_with_trigger.py
[2024-04-04T21:40:02.319+0000] {logging_mixin.py:188} INFO - [2024-04-04T21:40:02.319+0000] {dag.py:3047} INFO - Sync 1 DAGs
[2024-04-04T21:40:02.336+0000] {logging_mixin.py:188} INFO - [2024-04-04T21:40:02.336+0000] {dag.py:3834} INFO - Setting next_dagrun for latest_only_with_trigger to 2024-04-04 16:00:00+00:00, run_after=2024-04-04 20:00:00+00:00
[2024-04-04T21:40:02.351+0000] {processor.py:183} INFO - Processing /home/airflow/.local/lib/python3.8/site-packages/airflow/example_dags/example_latest_only_with_trigger.py took 0.057 seconds
[2024-04-04T21:40:32.532+0000] {processor.py:161} INFO - Started process (PID=462) to work on /home/airflow/.local/lib/python3.8/site-packages/airflow/example_dags/example_latest_only_with_trigger.py
[2024-04-04T21:40:32.532+0000] {processor.py:830} INFO - Processing file /home/airflow/.local/lib/python3.8/site-packages/airflow/example_dags/example_latest_only_with_trigger.py for tasks to queue
[2024-04-04T21:40:32.534+0000] {logging_mixin.py:188} INFO - [2024-04-04T21:40:32.533+0000] {dagbag.py:540} INFO - Filling up the DagBag from /home/airflow/.local/lib/python3.8/site-packages/airflow/example_dags/example_latest_only_with_trigger.py
[2024-04-04T21:40:32.538+0000] {processor.py:840} INFO - DAG(s) 'latest_only_with_trigger' retrieved from /home/airflow/.local/lib/python3.8/site-packages/airflow/example_dags/example_latest_only_with_trigger.py
[2024-04-04T21:40:32.556+0000] {logging_mixin.py:188} INFO - [2024-04-04T21:40:32.555+0000] {dag.py:3047} INFO - Sync 1 DAGs
[2024-04-04T21:40:32.577+0000] {logging_mixin.py:188} INFO - [2024-04-04T21:40:32.577+0000] {dag.py:3834} INFO - Setting next_dagrun for latest_only_with_trigger to 2024-04-04 16:00:00+00:00, run_after=2024-04-04 20:00:00+00:00
[2024-04-04T21:40:32.593+0000] {processor.py:183} INFO - Processing /home/airflow/.local/lib/python3.8/site-packages/airflow/example_dags/example_latest_only_with_trigger.py took 0.064 seconds
[2024-04-04T21:41:02.660+0000] {processor.py:161} INFO - Started process (PID=517) to work on /home/airflow/.local/lib/python3.8/site-packages/airflow/example_dags/example_latest_only_with_trigger.py
[2024-04-04T21:41:02.660+0000] {processor.py:830} INFO - Processing file /home/airflow/.local/lib/python3.8/site-packages/airflow/example_dags/example_latest_only_with_trigger.py for tasks to queue
[2024-04-04T21:41:02.662+0000] {logging_mixin.py:188} INFO - [2024-04-04T21:41:02.661+0000] {dagbag.py:540} INFO - Filling up the DagBag from /home/airflow/.local/lib/python3.8/site-packages/airflow/example_dags/example_latest_only_with_trigger.py
[2024-04-04T21:41:02.666+0000] {processor.py:840} INFO - DAG(s) 'latest_only_with_trigger' retrieved from /home/airflow/.local/lib/python3.8/site-packages/airflow/example_dags/example_latest_only_with_trigger.py
[2024-04-04T21:41:02.681+0000] {logging_mixin.py:188} INFO - [2024-04-04T21:41:02.681+0000] {dag.py:3047} INFO - Sync 1 DAGs
[2024-04-04T21:41:02.699+0000] {logging_mixin.py:188} INFO - [2024-04-04T21:41:02.699+0000] {dag.py:3834} INFO - Setting next_dagrun for latest_only_with_trigger to 2024-04-04 16:00:00+00:00, run_after=2024-04-04 20:00:00+00:00
[2024-04-04T21:41:02.713+0000] {processor.py:183} INFO - Processing /home/airflow/.local/lib/python3.8/site-packages/airflow/example_dags/example_latest_only_with_trigger.py took 0.056 seconds
[2024-04-04T21:41:33.322+0000] {processor.py:161} INFO - Started process (PID=572) to work on /home/airflow/.local/lib/python3.8/site-packages/airflow/example_dags/example_latest_only_with_trigger.py
[2024-04-04T21:41:33.323+0000] {processor.py:830} INFO - Processing file /home/airflow/.local/lib/python3.8/site-packages/airflow/example_dags/example_latest_only_with_trigger.py for tasks to queue
[2024-04-04T21:41:33.324+0000] {logging_mixin.py:188} INFO - [2024-04-04T21:41:33.324+0000] {dagbag.py:540} INFO - Filling up the DagBag from /home/airflow/.local/lib/python3.8/site-packages/airflow/example_dags/example_latest_only_with_trigger.py
[2024-04-04T21:41:33.328+0000] {processor.py:840} INFO - DAG(s) 'latest_only_with_trigger' retrieved from /home/airflow/.local/lib/python3.8/site-packages/airflow/example_dags/example_latest_only_with_trigger.py
[2024-04-04T21:41:33.349+0000] {logging_mixin.py:188} INFO - [2024-04-04T21:41:33.349+0000] {dag.py:3047} INFO - Sync 1 DAGs
[2024-04-04T21:41:33.368+0000] {logging_mixin.py:188} INFO - [2024-04-04T21:41:33.368+0000] {dag.py:3834} INFO - Setting next_dagrun for latest_only_with_trigger to 2024-04-04 16:00:00+00:00, run_after=2024-04-04 20:00:00+00:00
[2024-04-04T21:41:33.386+0000] {processor.py:183} INFO - Processing /home/airflow/.local/lib/python3.8/site-packages/airflow/example_dags/example_latest_only_with_trigger.py took 0.067 seconds
[2024-04-04T21:42:03.861+0000] {processor.py:161} INFO - Started process (PID=627) to work on /home/airflow/.local/lib/python3.8/site-packages/airflow/example_dags/example_latest_only_with_trigger.py
[2024-04-04T21:42:03.862+0000] {processor.py:830} INFO - Processing file /home/airflow/.local/lib/python3.8/site-packages/airflow/example_dags/example_latest_only_with_trigger.py for tasks to queue
[2024-04-04T21:42:03.864+0000] {logging_mixin.py:188} INFO - [2024-04-04T21:42:03.863+0000] {dagbag.py:540} INFO - Filling up the DagBag from /home/airflow/.local/lib/python3.8/site-packages/airflow/example_dags/example_latest_only_with_trigger.py
[2024-04-04T21:42:03.868+0000] {processor.py:840} INFO - DAG(s) 'latest_only_with_trigger' retrieved from /home/airflow/.local/lib/python3.8/site-packages/airflow/example_dags/example_latest_only_with_trigger.py
[2024-04-04T21:42:03.886+0000] {logging_mixin.py:188} INFO - [2024-04-04T21:42:03.886+0000] {dag.py:3047} INFO - Sync 1 DAGs
[2024-04-04T21:42:03.908+0000] {logging_mixin.py:188} INFO - [2024-04-04T21:42:03.908+0000] {dag.py:3834} INFO - Setting next_dagrun for latest_only_with_trigger to 2024-04-04 16:00:00+00:00, run_after=2024-04-04 20:00:00+00:00
[2024-04-04T21:42:03.924+0000] {processor.py:183} INFO - Processing /home/airflow/.local/lib/python3.8/site-packages/airflow/example_dags/example_latest_only_with_trigger.py took 0.066 seconds
[2024-04-04T21:42:34.135+0000] {processor.py:161} INFO - Started process (PID=683) to work on /home/airflow/.local/lib/python3.8/site-packages/airflow/example_dags/example_latest_only_with_trigger.py
[2024-04-04T21:42:34.136+0000] {processor.py:830} INFO - Processing file /home/airflow/.local/lib/python3.8/site-packages/airflow/example_dags/example_latest_only_with_trigger.py for tasks to queue
[2024-04-04T21:42:34.137+0000] {logging_mixin.py:188} INFO - [2024-04-04T21:42:34.137+0000] {dagbag.py:540} INFO - Filling up the DagBag from /home/airflow/.local/lib/python3.8/site-packages/airflow/example_dags/example_latest_only_with_trigger.py
[2024-04-04T21:42:34.141+0000] {processor.py:840} INFO - DAG(s) 'latest_only_with_trigger' retrieved from /home/airflow/.local/lib/python3.8/site-packages/airflow/example_dags/example_latest_only_with_trigger.py
[2024-04-04T21:42:34.155+0000] {logging_mixin.py:188} INFO - [2024-04-04T21:42:34.155+0000] {dag.py:3047} INFO - Sync 1 DAGs
[2024-04-04T21:42:34.171+0000] {logging_mixin.py:188} INFO - [2024-04-04T21:42:34.171+0000] {dag.py:3834} INFO - Setting next_dagrun for latest_only_with_trigger to 2024-04-04 16:00:00+00:00, run_after=2024-04-04 20:00:00+00:00
[2024-04-04T21:42:34.185+0000] {processor.py:183} INFO - Processing /home/airflow/.local/lib/python3.8/site-packages/airflow/example_dags/example_latest_only_with_trigger.py took 0.052 seconds
[2024-04-04T21:43:04.992+0000] {processor.py:161} INFO - Started process (PID=738) to work on /home/airflow/.local/lib/python3.8/site-packages/airflow/example_dags/example_latest_only_with_trigger.py
[2024-04-04T21:43:04.993+0000] {processor.py:830} INFO - Processing file /home/airflow/.local/lib/python3.8/site-packages/airflow/example_dags/example_latest_only_with_trigger.py for tasks to queue
[2024-04-04T21:43:04.994+0000] {logging_mixin.py:188} INFO - [2024-04-04T21:43:04.994+0000] {dagbag.py:540} INFO - Filling up the DagBag from /home/airflow/.local/lib/python3.8/site-packages/airflow/example_dags/example_latest_only_with_trigger.py
[2024-04-04T21:43:04.998+0000] {processor.py:840} INFO - DAG(s) 'latest_only_with_trigger' retrieved from /home/airflow/.local/lib/python3.8/site-packages/airflow/example_dags/example_latest_only_with_trigger.py
[2024-04-04T21:43:05.014+0000] {logging_mixin.py:188} INFO - [2024-04-04T21:43:05.014+0000] {dag.py:3047} INFO - Sync 1 DAGs
[2024-04-04T21:43:05.034+0000] {logging_mixin.py:188} INFO - [2024-04-04T21:43:05.034+0000] {dag.py:3834} INFO - Setting next_dagrun for latest_only_with_trigger to 2024-04-04 16:00:00+00:00, run_after=2024-04-04 20:00:00+00:00
[2024-04-04T21:43:05.052+0000] {processor.py:183} INFO - Processing /home/airflow/.local/lib/python3.8/site-packages/airflow/example_dags/example_latest_only_with_trigger.py took 0.063 seconds
[2024-04-04T21:43:35.281+0000] {processor.py:161} INFO - Started process (PID=793) to work on /home/airflow/.local/lib/python3.8/site-packages/airflow/example_dags/example_latest_only_with_trigger.py
[2024-04-04T21:43:35.281+0000] {processor.py:830} INFO - Processing file /home/airflow/.local/lib/python3.8/site-packages/airflow/example_dags/example_latest_only_with_trigger.py for tasks to queue
[2024-04-04T21:43:35.283+0000] {logging_mixin.py:188} INFO - [2024-04-04T21:43:35.282+0000] {dagbag.py:540} INFO - Filling up the DagBag from /home/airflow/.local/lib/python3.8/site-packages/airflow/example_dags/example_latest_only_with_trigger.py
[2024-04-04T21:43:35.286+0000] {processor.py:840} INFO - DAG(s) 'latest_only_with_trigger' retrieved from /home/airflow/.local/lib/python3.8/site-packages/airflow/example_dags/example_latest_only_with_trigger.py
[2024-04-04T21:43:35.301+0000] {logging_mixin.py:188} INFO - [2024-04-04T21:43:35.301+0000] {dag.py:3047} INFO - Sync 1 DAGs
[2024-04-04T21:43:35.317+0000] {logging_mixin.py:188} INFO - [2024-04-04T21:43:35.316+0000] {dag.py:3834} INFO - Setting next_dagrun for latest_only_with_trigger to 2024-04-04 16:00:00+00:00, run_after=2024-04-04 20:00:00+00:00
[2024-04-04T21:43:35.334+0000] {processor.py:183} INFO - Processing /home/airflow/.local/lib/python3.8/site-packages/airflow/example_dags/example_latest_only_with_trigger.py took 0.055 seconds
[2024-04-04T21:44:05.683+0000] {processor.py:161} INFO - Started process (PID=848) to work on /home/airflow/.local/lib/python3.8/site-packages/airflow/example_dags/example_latest_only_with_trigger.py
[2024-04-04T21:44:05.684+0000] {processor.py:830} INFO - Processing file /home/airflow/.local/lib/python3.8/site-packages/airflow/example_dags/example_latest_only_with_trigger.py for tasks to queue
[2024-04-04T21:44:05.686+0000] {logging_mixin.py:188} INFO - [2024-04-04T21:44:05.686+0000] {dagbag.py:540} INFO - Filling up the DagBag from /home/airflow/.local/lib/python3.8/site-packages/airflow/example_dags/example_latest_only_with_trigger.py
[2024-04-04T21:44:05.692+0000] {processor.py:840} INFO - DAG(s) 'latest_only_with_trigger' retrieved from /home/airflow/.local/lib/python3.8/site-packages/airflow/example_dags/example_latest_only_with_trigger.py
[2024-04-04T21:44:05.711+0000] {logging_mixin.py:188} INFO - [2024-04-04T21:44:05.710+0000] {dag.py:3047} INFO - Sync 1 DAGs
[2024-04-04T21:44:05.732+0000] {logging_mixin.py:188} INFO - [2024-04-04T21:44:05.732+0000] {dag.py:3834} INFO - Setting next_dagrun for latest_only_with_trigger to 2024-04-04 16:00:00+00:00, run_after=2024-04-04 20:00:00+00:00
[2024-04-04T21:44:05.751+0000] {processor.py:183} INFO - Processing /home/airflow/.local/lib/python3.8/site-packages/airflow/example_dags/example_latest_only_with_trigger.py took 0.071 seconds
[2024-04-04T21:44:36.164+0000] {processor.py:161} INFO - Started process (PID=903) to work on /home/airflow/.local/lib/python3.8/site-packages/airflow/example_dags/example_latest_only_with_trigger.py
[2024-04-04T21:44:36.165+0000] {processor.py:830} INFO - Processing file /home/airflow/.local/lib/python3.8/site-packages/airflow/example_dags/example_latest_only_with_trigger.py for tasks to queue
[2024-04-04T21:44:36.167+0000] {logging_mixin.py:188} INFO - [2024-04-04T21:44:36.167+0000] {dagbag.py:540} INFO - Filling up the DagBag from /home/airflow/.local/lib/python3.8/site-packages/airflow/example_dags/example_latest_only_with_trigger.py
[2024-04-04T21:44:36.171+0000] {processor.py:840} INFO - DAG(s) 'latest_only_with_trigger' retrieved from /home/airflow/.local/lib/python3.8/site-packages/airflow/example_dags/example_latest_only_with_trigger.py
[2024-04-04T21:44:36.188+0000] {logging_mixin.py:188} INFO - [2024-04-04T21:44:36.188+0000] {dag.py:3047} INFO - Sync 1 DAGs
[2024-04-04T21:44:36.206+0000] {logging_mixin.py:188} INFO - [2024-04-04T21:44:36.205+0000] {dag.py:3834} INFO - Setting next_dagrun for latest_only_with_trigger to 2024-04-04 16:00:00+00:00, run_after=2024-04-04 20:00:00+00:00
[2024-04-04T21:44:36.221+0000] {processor.py:183} INFO - Processing /home/airflow/.local/lib/python3.8/site-packages/airflow/example_dags/example_latest_only_with_trigger.py took 0.059 seconds
[2024-04-04T21:45:06.267+0000] {processor.py:161} INFO - Started process (PID=958) to work on /home/airflow/.local/lib/python3.8/site-packages/airflow/example_dags/example_latest_only_with_trigger.py
[2024-04-04T21:45:06.268+0000] {processor.py:830} INFO - Processing file /home/airflow/.local/lib/python3.8/site-packages/airflow/example_dags/example_latest_only_with_trigger.py for tasks to queue
[2024-04-04T21:45:06.269+0000] {logging_mixin.py:188} INFO - [2024-04-04T21:45:06.269+0000] {dagbag.py:540} INFO - Filling up the DagBag from /home/airflow/.local/lib/python3.8/site-packages/airflow/example_dags/example_latest_only_with_trigger.py
[2024-04-04T21:45:06.273+0000] {processor.py:840} INFO - DAG(s) 'latest_only_with_trigger' retrieved from /home/airflow/.local/lib/python3.8/site-packages/airflow/example_dags/example_latest_only_with_trigger.py
[2024-04-04T21:45:06.288+0000] {logging_mixin.py:188} INFO - [2024-04-04T21:45:06.288+0000] {dag.py:3047} INFO - Sync 1 DAGs
[2024-04-04T21:45:06.304+0000] {logging_mixin.py:188} INFO - [2024-04-04T21:45:06.304+0000] {dag.py:3834} INFO - Setting next_dagrun for latest_only_with_trigger to 2024-04-04 16:00:00+00:00, run_after=2024-04-04 20:00:00+00:00
[2024-04-04T21:45:06.318+0000] {processor.py:183} INFO - Processing /home/airflow/.local/lib/python3.8/site-packages/airflow/example_dags/example_latest_only_with_trigger.py took 0.053 seconds
[2024-04-04T21:45:36.398+0000] {processor.py:161} INFO - Started process (PID=1013) to work on /home/airflow/.local/lib/python3.8/site-packages/airflow/example_dags/example_latest_only_with_trigger.py
[2024-04-04T21:45:36.399+0000] {processor.py:830} INFO - Processing file /home/airflow/.local/lib/python3.8/site-packages/airflow/example_dags/example_latest_only_with_trigger.py for tasks to queue
[2024-04-04T21:45:36.400+0000] {logging_mixin.py:188} INFO - [2024-04-04T21:45:36.400+0000] {dagbag.py:540} INFO - Filling up the DagBag from /home/airflow/.local/lib/python3.8/site-packages/airflow/example_dags/example_latest_only_with_trigger.py
[2024-04-04T21:45:36.404+0000] {processor.py:840} INFO - DAG(s) 'latest_only_with_trigger' retrieved from /home/airflow/.local/lib/python3.8/site-packages/airflow/example_dags/example_latest_only_with_trigger.py
[2024-04-04T21:45:36.422+0000] {logging_mixin.py:188} INFO - [2024-04-04T21:45:36.422+0000] {dag.py:3047} INFO - Sync 1 DAGs
[2024-04-04T21:45:36.440+0000] {logging_mixin.py:188} INFO - [2024-04-04T21:45:36.440+0000] {dag.py:3834} INFO - Setting next_dagrun for latest_only_with_trigger to 2024-04-04 16:00:00+00:00, run_after=2024-04-04 20:00:00+00:00
[2024-04-04T21:45:36.456+0000] {processor.py:183} INFO - Processing /home/airflow/.local/lib/python3.8/site-packages/airflow/example_dags/example_latest_only_with_trigger.py took 0.060 seconds
[2024-04-04T21:46:06.843+0000] {processor.py:161} INFO - Started process (PID=1068) to work on /home/airflow/.local/lib/python3.8/site-packages/airflow/example_dags/example_latest_only_with_trigger.py
[2024-04-04T21:46:06.845+0000] {processor.py:830} INFO - Processing file /home/airflow/.local/lib/python3.8/site-packages/airflow/example_dags/example_latest_only_with_trigger.py for tasks to queue
[2024-04-04T21:46:06.847+0000] {logging_mixin.py:188} INFO - [2024-04-04T21:46:06.847+0000] {dagbag.py:540} INFO - Filling up the DagBag from /home/airflow/.local/lib/python3.8/site-packages/airflow/example_dags/example_latest_only_with_trigger.py
[2024-04-04T21:46:06.854+0000] {processor.py:840} INFO - DAG(s) 'latest_only_with_trigger' retrieved from /home/airflow/.local/lib/python3.8/site-packages/airflow/example_dags/example_latest_only_with_trigger.py
[2024-04-04T21:46:06.877+0000] {logging_mixin.py:188} INFO - [2024-04-04T21:46:06.877+0000] {dag.py:3047} INFO - Sync 1 DAGs
[2024-04-04T21:46:06.897+0000] {logging_mixin.py:188} INFO - [2024-04-04T21:46:06.896+0000] {dag.py:3834} INFO - Setting next_dagrun for latest_only_with_trigger to 2024-04-04 16:00:00+00:00, run_after=2024-04-04 20:00:00+00:00
[2024-04-04T21:46:06.915+0000] {processor.py:183} INFO - Processing /home/airflow/.local/lib/python3.8/site-packages/airflow/example_dags/example_latest_only_with_trigger.py took 0.075 seconds
[2024-04-04T21:46:37.038+0000] {processor.py:161} INFO - Started process (PID=1123) to work on /home/airflow/.local/lib/python3.8/site-packages/airflow/example_dags/example_latest_only_with_trigger.py
[2024-04-04T21:46:37.039+0000] {processor.py:830} INFO - Processing file /home/airflow/.local/lib/python3.8/site-packages/airflow/example_dags/example_latest_only_with_trigger.py for tasks to queue
[2024-04-04T21:46:37.041+0000] {logging_mixin.py:188} INFO - [2024-04-04T21:46:37.041+0000] {dagbag.py:540} INFO - Filling up the DagBag from /home/airflow/.local/lib/python3.8/site-packages/airflow/example_dags/example_latest_only_with_trigger.py
[2024-04-04T21:46:37.046+0000] {processor.py:840} INFO - DAG(s) 'latest_only_with_trigger' retrieved from /home/airflow/.local/lib/python3.8/site-packages/airflow/example_dags/example_latest_only_with_trigger.py
[2024-04-04T21:46:37.067+0000] {logging_mixin.py:188} INFO - [2024-04-04T21:46:37.067+0000] {dag.py:3047} INFO - Sync 1 DAGs
[2024-04-04T21:46:37.085+0000] {logging_mixin.py:188} INFO - [2024-04-04T21:46:37.085+0000] {dag.py:3834} INFO - Setting next_dagrun for latest_only_with_trigger to 2024-04-04 16:00:00+00:00, run_after=2024-04-04 20:00:00+00:00
[2024-04-04T21:46:37.102+0000] {processor.py:183} INFO - Processing /home/airflow/.local/lib/python3.8/site-packages/airflow/example_dags/example_latest_only_with_trigger.py took 0.067 seconds
[2024-04-04T21:47:07.381+0000] {processor.py:161} INFO - Started process (PID=1178) to work on /home/airflow/.local/lib/python3.8/site-packages/airflow/example_dags/example_latest_only_with_trigger.py
[2024-04-04T21:47:07.382+0000] {processor.py:830} INFO - Processing file /home/airflow/.local/lib/python3.8/site-packages/airflow/example_dags/example_latest_only_with_trigger.py for tasks to queue
[2024-04-04T21:47:07.383+0000] {logging_mixin.py:188} INFO - [2024-04-04T21:47:07.383+0000] {dagbag.py:540} INFO - Filling up the DagBag from /home/airflow/.local/lib/python3.8/site-packages/airflow/example_dags/example_latest_only_with_trigger.py
[2024-04-04T21:47:07.387+0000] {processor.py:840} INFO - DAG(s) 'latest_only_with_trigger' retrieved from /home/airflow/.local/lib/python3.8/site-packages/airflow/example_dags/example_latest_only_with_trigger.py
[2024-04-04T21:47:07.406+0000] {logging_mixin.py:188} INFO - [2024-04-04T21:47:07.406+0000] {dag.py:3047} INFO - Sync 1 DAGs
[2024-04-04T21:47:07.426+0000] {logging_mixin.py:188} INFO - [2024-04-04T21:47:07.426+0000] {dag.py:3834} INFO - Setting next_dagrun for latest_only_with_trigger to 2024-04-04 16:00:00+00:00, run_after=2024-04-04 20:00:00+00:00
[2024-04-04T21:47:07.443+0000] {processor.py:183} INFO - Processing /home/airflow/.local/lib/python3.8/site-packages/airflow/example_dags/example_latest_only_with_trigger.py took 0.064 seconds
[2024-04-04T21:47:37.716+0000] {processor.py:161} INFO - Started process (PID=1233) to work on /home/airflow/.local/lib/python3.8/site-packages/airflow/example_dags/example_latest_only_with_trigger.py
[2024-04-04T21:47:37.717+0000] {processor.py:830} INFO - Processing file /home/airflow/.local/lib/python3.8/site-packages/airflow/example_dags/example_latest_only_with_trigger.py for tasks to queue
[2024-04-04T21:47:37.718+0000] {logging_mixin.py:188} INFO - [2024-04-04T21:47:37.718+0000] {dagbag.py:540} INFO - Filling up the DagBag from /home/airflow/.local/lib/python3.8/site-packages/airflow/example_dags/example_latest_only_with_trigger.py
[2024-04-04T21:47:37.723+0000] {processor.py:840} INFO - DAG(s) 'latest_only_with_trigger' retrieved from /home/airflow/.local/lib/python3.8/site-packages/airflow/example_dags/example_latest_only_with_trigger.py
[2024-04-04T21:47:37.742+0000] {logging_mixin.py:188} INFO - [2024-04-04T21:47:37.742+0000] {dag.py:3047} INFO - Sync 1 DAGs
[2024-04-04T21:47:37.763+0000] {logging_mixin.py:188} INFO - [2024-04-04T21:47:37.763+0000] {dag.py:3834} INFO - Setting next_dagrun for latest_only_with_trigger to 2024-04-04 16:00:00+00:00, run_after=2024-04-04 20:00:00+00:00
[2024-04-04T21:47:37.779+0000] {processor.py:183} INFO - Processing /home/airflow/.local/lib/python3.8/site-packages/airflow/example_dags/example_latest_only_with_trigger.py took 0.065 seconds
[2024-04-04T21:48:08.522+0000] {processor.py:161} INFO - Started process (PID=1288) to work on /home/airflow/.local/lib/python3.8/site-packages/airflow/example_dags/example_latest_only_with_trigger.py
[2024-04-04T21:48:08.528+0000] {processor.py:830} INFO - Processing file /home/airflow/.local/lib/python3.8/site-packages/airflow/example_dags/example_latest_only_with_trigger.py for tasks to queue
[2024-04-04T21:48:08.529+0000] {logging_mixin.py:188} INFO - [2024-04-04T21:48:08.529+0000] {dagbag.py:540} INFO - Filling up the DagBag from /home/airflow/.local/lib/python3.8/site-packages/airflow/example_dags/example_latest_only_with_trigger.py
[2024-04-04T21:48:08.534+0000] {processor.py:840} INFO - DAG(s) 'latest_only_with_trigger' retrieved from /home/airflow/.local/lib/python3.8/site-packages/airflow/example_dags/example_latest_only_with_trigger.py
[2024-04-04T21:48:08.551+0000] {logging_mixin.py:188} INFO - [2024-04-04T21:48:08.551+0000] {dag.py:3047} INFO - Sync 1 DAGs
[2024-04-04T21:48:08.568+0000] {logging_mixin.py:188} INFO - [2024-04-04T21:48:08.568+0000] {dag.py:3834} INFO - Setting next_dagrun for latest_only_with_trigger to 2024-04-04 16:00:00+00:00, run_after=2024-04-04 20:00:00+00:00
[2024-04-04T21:48:08.587+0000] {processor.py:183} INFO - Processing /home/airflow/.local/lib/python3.8/site-packages/airflow/example_dags/example_latest_only_with_trigger.py took 0.068 seconds
[2024-04-04T21:48:39.276+0000] {processor.py:161} INFO - Started process (PID=1343) to work on /home/airflow/.local/lib/python3.8/site-packages/airflow/example_dags/example_latest_only_with_trigger.py
[2024-04-04T21:48:39.276+0000] {processor.py:830} INFO - Processing file /home/airflow/.local/lib/python3.8/site-packages/airflow/example_dags/example_latest_only_with_trigger.py for tasks to queue
[2024-04-04T21:48:39.277+0000] {logging_mixin.py:188} INFO - [2024-04-04T21:48:39.277+0000] {dagbag.py:540} INFO - Filling up the DagBag from /home/airflow/.local/lib/python3.8/site-packages/airflow/example_dags/example_latest_only_with_trigger.py
[2024-04-04T21:48:39.281+0000] {processor.py:840} INFO - DAG(s) 'latest_only_with_trigger' retrieved from /home/airflow/.local/lib/python3.8/site-packages/airflow/example_dags/example_latest_only_with_trigger.py
[2024-04-04T21:48:39.296+0000] {logging_mixin.py:188} INFO - [2024-04-04T21:48:39.296+0000] {dag.py:3047} INFO - Sync 1 DAGs
[2024-04-04T21:48:39.313+0000] {logging_mixin.py:188} INFO - [2024-04-04T21:48:39.313+0000] {dag.py:3834} INFO - Setting next_dagrun for latest_only_with_trigger to 2024-04-04 16:00:00+00:00, run_after=2024-04-04 20:00:00+00:00
[2024-04-04T21:48:39.335+0000] {processor.py:183} INFO - Processing /home/airflow/.local/lib/python3.8/site-packages/airflow/example_dags/example_latest_only_with_trigger.py took 0.061 seconds
[2024-04-04T21:49:09.808+0000] {processor.py:161} INFO - Started process (PID=1398) to work on /home/airflow/.local/lib/python3.8/site-packages/airflow/example_dags/example_latest_only_with_trigger.py
[2024-04-04T21:49:09.809+0000] {processor.py:830} INFO - Processing file /home/airflow/.local/lib/python3.8/site-packages/airflow/example_dags/example_latest_only_with_trigger.py for tasks to queue
[2024-04-04T21:49:09.810+0000] {logging_mixin.py:188} INFO - [2024-04-04T21:49:09.810+0000] {dagbag.py:540} INFO - Filling up the DagBag from /home/airflow/.local/lib/python3.8/site-packages/airflow/example_dags/example_latest_only_with_trigger.py
[2024-04-04T21:49:09.814+0000] {processor.py:840} INFO - DAG(s) 'latest_only_with_trigger' retrieved from /home/airflow/.local/lib/python3.8/site-packages/airflow/example_dags/example_latest_only_with_trigger.py
[2024-04-04T21:49:09.830+0000] {logging_mixin.py:188} INFO - [2024-04-04T21:49:09.830+0000] {dag.py:3047} INFO - Sync 1 DAGs
[2024-04-04T21:49:09.846+0000] {logging_mixin.py:188} INFO - [2024-04-04T21:49:09.845+0000] {dag.py:3834} INFO - Setting next_dagrun for latest_only_with_trigger to 2024-04-04 16:00:00+00:00, run_after=2024-04-04 20:00:00+00:00
[2024-04-04T21:49:09.863+0000] {processor.py:183} INFO - Processing /home/airflow/.local/lib/python3.8/site-packages/airflow/example_dags/example_latest_only_with_trigger.py took 0.057 seconds
[2024-04-04T21:49:40.244+0000] {processor.py:161} INFO - Started process (PID=1453) to work on /home/airflow/.local/lib/python3.8/site-packages/airflow/example_dags/example_latest_only_with_trigger.py
[2024-04-04T21:49:40.244+0000] {processor.py:830} INFO - Processing file /home/airflow/.local/lib/python3.8/site-packages/airflow/example_dags/example_latest_only_with_trigger.py for tasks to queue
[2024-04-04T21:49:40.246+0000] {logging_mixin.py:188} INFO - [2024-04-04T21:49:40.245+0000] {dagbag.py:540} INFO - Filling up the DagBag from /home/airflow/.local/lib/python3.8/site-packages/airflow/example_dags/example_latest_only_with_trigger.py
[2024-04-04T21:49:40.250+0000] {processor.py:840} INFO - DAG(s) 'latest_only_with_trigger' retrieved from /home/airflow/.local/lib/python3.8/site-packages/airflow/example_dags/example_latest_only_with_trigger.py
[2024-04-04T21:49:40.267+0000] {logging_mixin.py:188} INFO - [2024-04-04T21:49:40.267+0000] {dag.py:3047} INFO - Sync 1 DAGs
[2024-04-04T21:49:40.283+0000] {logging_mixin.py:188} INFO - [2024-04-04T21:49:40.283+0000] {dag.py:3834} INFO - Setting next_dagrun for latest_only_with_trigger to 2024-04-04 16:00:00+00:00, run_after=2024-04-04 20:00:00+00:00
[2024-04-04T21:49:40.297+0000] {processor.py:183} INFO - Processing /home/airflow/.local/lib/python3.8/site-packages/airflow/example_dags/example_latest_only_with_trigger.py took 0.055 seconds
[2024-04-04T21:50:10.618+0000] {processor.py:161} INFO - Started process (PID=1508) to work on /home/airflow/.local/lib/python3.8/site-packages/airflow/example_dags/example_latest_only_with_trigger.py
[2024-04-04T21:50:10.619+0000] {processor.py:830} INFO - Processing file /home/airflow/.local/lib/python3.8/site-packages/airflow/example_dags/example_latest_only_with_trigger.py for tasks to queue
[2024-04-04T21:50:10.620+0000] {logging_mixin.py:188} INFO - [2024-04-04T21:50:10.620+0000] {dagbag.py:540} INFO - Filling up the DagBag from /home/airflow/.local/lib/python3.8/site-packages/airflow/example_dags/example_latest_only_with_trigger.py
[2024-04-04T21:50:10.624+0000] {processor.py:840} INFO - DAG(s) 'latest_only_with_trigger' retrieved from /home/airflow/.local/lib/python3.8/site-packages/airflow/example_dags/example_latest_only_with_trigger.py
[2024-04-04T21:50:10.638+0000] {logging_mixin.py:188} INFO - [2024-04-04T21:50:10.638+0000] {dag.py:3047} INFO - Sync 1 DAGs
[2024-04-04T21:50:10.653+0000] {logging_mixin.py:188} INFO - [2024-04-04T21:50:10.653+0000] {dag.py:3834} INFO - Setting next_dagrun for latest_only_with_trigger to 2024-04-04 16:00:00+00:00, run_after=2024-04-04 20:00:00+00:00
[2024-04-04T21:50:10.666+0000] {processor.py:183} INFO - Processing /home/airflow/.local/lib/python3.8/site-packages/airflow/example_dags/example_latest_only_with_trigger.py took 0.050 seconds
[2024-04-04T21:50:41.206+0000] {processor.py:161} INFO - Started process (PID=1563) to work on /home/airflow/.local/lib/python3.8/site-packages/airflow/example_dags/example_latest_only_with_trigger.py
[2024-04-04T21:50:41.207+0000] {processor.py:830} INFO - Processing file /home/airflow/.local/lib/python3.8/site-packages/airflow/example_dags/example_latest_only_with_trigger.py for tasks to queue
[2024-04-04T21:50:41.209+0000] {logging_mixin.py:188} INFO - [2024-04-04T21:50:41.208+0000] {dagbag.py:540} INFO - Filling up the DagBag from /home/airflow/.local/lib/python3.8/site-packages/airflow/example_dags/example_latest_only_with_trigger.py
[2024-04-04T21:50:41.214+0000] {processor.py:840} INFO - DAG(s) 'latest_only_with_trigger' retrieved from /home/airflow/.local/lib/python3.8/site-packages/airflow/example_dags/example_latest_only_with_trigger.py
[2024-04-04T21:50:41.234+0000] {logging_mixin.py:188} INFO - [2024-04-04T21:50:41.234+0000] {dag.py:3047} INFO - Sync 1 DAGs
[2024-04-04T21:50:41.257+0000] {logging_mixin.py:188} INFO - [2024-04-04T21:50:41.257+0000] {dag.py:3834} INFO - Setting next_dagrun for latest_only_with_trigger to 2024-04-04 16:00:00+00:00, run_after=2024-04-04 20:00:00+00:00
[2024-04-04T21:50:41.280+0000] {processor.py:183} INFO - Processing /home/airflow/.local/lib/python3.8/site-packages/airflow/example_dags/example_latest_only_with_trigger.py took 0.076 seconds
[2024-04-04T21:51:11.549+0000] {processor.py:161} INFO - Started process (PID=1618) to work on /home/airflow/.local/lib/python3.8/site-packages/airflow/example_dags/example_latest_only_with_trigger.py
[2024-04-04T21:51:11.549+0000] {processor.py:830} INFO - Processing file /home/airflow/.local/lib/python3.8/site-packages/airflow/example_dags/example_latest_only_with_trigger.py for tasks to queue
[2024-04-04T21:51:11.551+0000] {logging_mixin.py:188} INFO - [2024-04-04T21:51:11.550+0000] {dagbag.py:540} INFO - Filling up the DagBag from /home/airflow/.local/lib/python3.8/site-packages/airflow/example_dags/example_latest_only_with_trigger.py
[2024-04-04T21:51:11.556+0000] {processor.py:840} INFO - DAG(s) 'latest_only_with_trigger' retrieved from /home/airflow/.local/lib/python3.8/site-packages/airflow/example_dags/example_latest_only_with_trigger.py
[2024-04-04T21:51:11.573+0000] {logging_mixin.py:188} INFO - [2024-04-04T21:51:11.573+0000] {dag.py:3047} INFO - Sync 1 DAGs
[2024-04-04T21:51:11.592+0000] {logging_mixin.py:188} INFO - [2024-04-04T21:51:11.592+0000] {dag.py:3834} INFO - Setting next_dagrun for latest_only_with_trigger to 2024-04-04 16:00:00+00:00, run_after=2024-04-04 20:00:00+00:00
[2024-04-04T21:51:11.612+0000] {processor.py:183} INFO - Processing /home/airflow/.local/lib/python3.8/site-packages/airflow/example_dags/example_latest_only_with_trigger.py took 0.066 seconds
[2024-04-04T21:51:41.943+0000] {processor.py:161} INFO - Started process (PID=1673) to work on /home/airflow/.local/lib/python3.8/site-packages/airflow/example_dags/example_latest_only_with_trigger.py
[2024-04-04T21:51:41.944+0000] {processor.py:830} INFO - Processing file /home/airflow/.local/lib/python3.8/site-packages/airflow/example_dags/example_latest_only_with_trigger.py for tasks to queue
[2024-04-04T21:51:41.945+0000] {logging_mixin.py:188} INFO - [2024-04-04T21:51:41.945+0000] {dagbag.py:540} INFO - Filling up the DagBag from /home/airflow/.local/lib/python3.8/site-packages/airflow/example_dags/example_latest_only_with_trigger.py
[2024-04-04T21:51:41.949+0000] {processor.py:840} INFO - DAG(s) 'latest_only_with_trigger' retrieved from /home/airflow/.local/lib/python3.8/site-packages/airflow/example_dags/example_latest_only_with_trigger.py
[2024-04-04T21:51:41.964+0000] {logging_mixin.py:188} INFO - [2024-04-04T21:51:41.964+0000] {dag.py:3047} INFO - Sync 1 DAGs
[2024-04-04T21:51:41.980+0000] {logging_mixin.py:188} INFO - [2024-04-04T21:51:41.980+0000] {dag.py:3834} INFO - Setting next_dagrun for latest_only_with_trigger to 2024-04-04 16:00:00+00:00, run_after=2024-04-04 20:00:00+00:00
[2024-04-04T21:51:41.997+0000] {processor.py:183} INFO - Processing /home/airflow/.local/lib/python3.8/site-packages/airflow/example_dags/example_latest_only_with_trigger.py took 0.056 seconds
[2024-04-04T21:52:12.042+0000] {processor.py:161} INFO - Started process (PID=1728) to work on /home/airflow/.local/lib/python3.8/site-packages/airflow/example_dags/example_latest_only_with_trigger.py
[2024-04-04T21:52:12.043+0000] {processor.py:830} INFO - Processing file /home/airflow/.local/lib/python3.8/site-packages/airflow/example_dags/example_latest_only_with_trigger.py for tasks to queue
[2024-04-04T21:52:12.044+0000] {logging_mixin.py:188} INFO - [2024-04-04T21:52:12.044+0000] {dagbag.py:540} INFO - Filling up the DagBag from /home/airflow/.local/lib/python3.8/site-packages/airflow/example_dags/example_latest_only_with_trigger.py
[2024-04-04T21:52:12.048+0000] {processor.py:840} INFO - DAG(s) 'latest_only_with_trigger' retrieved from /home/airflow/.local/lib/python3.8/site-packages/airflow/example_dags/example_latest_only_with_trigger.py
[2024-04-04T21:52:12.063+0000] {logging_mixin.py:188} INFO - [2024-04-04T21:52:12.063+0000] {dag.py:3047} INFO - Sync 1 DAGs
[2024-04-04T21:52:12.078+0000] {logging_mixin.py:188} INFO - [2024-04-04T21:52:12.078+0000] {dag.py:3834} INFO - Setting next_dagrun for latest_only_with_trigger to 2024-04-04 16:00:00+00:00, run_after=2024-04-04 20:00:00+00:00
[2024-04-04T21:52:12.094+0000] {processor.py:183} INFO - Processing /home/airflow/.local/lib/python3.8/site-packages/airflow/example_dags/example_latest_only_with_trigger.py took 0.054 seconds
[2024-04-04T21:52:42.537+0000] {processor.py:161} INFO - Started process (PID=1783) to work on /home/airflow/.local/lib/python3.8/site-packages/airflow/example_dags/example_latest_only_with_trigger.py
[2024-04-04T21:52:42.538+0000] {processor.py:830} INFO - Processing file /home/airflow/.local/lib/python3.8/site-packages/airflow/example_dags/example_latest_only_with_trigger.py for tasks to queue
[2024-04-04T21:52:42.539+0000] {logging_mixin.py:188} INFO - [2024-04-04T21:52:42.539+0000] {dagbag.py:540} INFO - Filling up the DagBag from /home/airflow/.local/lib/python3.8/site-packages/airflow/example_dags/example_latest_only_with_trigger.py
[2024-04-04T21:52:42.543+0000] {processor.py:840} INFO - DAG(s) 'latest_only_with_trigger' retrieved from /home/airflow/.local/lib/python3.8/site-packages/airflow/example_dags/example_latest_only_with_trigger.py
[2024-04-04T21:52:42.558+0000] {logging_mixin.py:188} INFO - [2024-04-04T21:52:42.558+0000] {dag.py:3047} INFO - Sync 1 DAGs
[2024-04-04T21:52:42.573+0000] {logging_mixin.py:188} INFO - [2024-04-04T21:52:42.573+0000] {dag.py:3834} INFO - Setting next_dagrun for latest_only_with_trigger to 2024-04-04 16:00:00+00:00, run_after=2024-04-04 20:00:00+00:00
[2024-04-04T21:52:42.588+0000] {processor.py:183} INFO - Processing /home/airflow/.local/lib/python3.8/site-packages/airflow/example_dags/example_latest_only_with_trigger.py took 0.053 seconds
[2024-04-04T21:53:12.698+0000] {processor.py:161} INFO - Started process (PID=1838) to work on /home/airflow/.local/lib/python3.8/site-packages/airflow/example_dags/example_latest_only_with_trigger.py
[2024-04-04T21:53:12.699+0000] {processor.py:830} INFO - Processing file /home/airflow/.local/lib/python3.8/site-packages/airflow/example_dags/example_latest_only_with_trigger.py for tasks to queue
[2024-04-04T21:53:12.701+0000] {logging_mixin.py:188} INFO - [2024-04-04T21:53:12.701+0000] {dagbag.py:540} INFO - Filling up the DagBag from /home/airflow/.local/lib/python3.8/site-packages/airflow/example_dags/example_latest_only_with_trigger.py
[2024-04-04T21:53:12.707+0000] {processor.py:840} INFO - DAG(s) 'latest_only_with_trigger' retrieved from /home/airflow/.local/lib/python3.8/site-packages/airflow/example_dags/example_latest_only_with_trigger.py
[2024-04-04T21:53:12.726+0000] {logging_mixin.py:188} INFO - [2024-04-04T21:53:12.725+0000] {dag.py:3047} INFO - Sync 1 DAGs
[2024-04-04T21:53:12.745+0000] {logging_mixin.py:188} INFO - [2024-04-04T21:53:12.745+0000] {dag.py:3834} INFO - Setting next_dagrun for latest_only_with_trigger to 2024-04-04 16:00:00+00:00, run_after=2024-04-04 20:00:00+00:00
[2024-04-04T21:53:12.764+0000] {processor.py:183} INFO - Processing /home/airflow/.local/lib/python3.8/site-packages/airflow/example_dags/example_latest_only_with_trigger.py took 0.068 seconds
[2024-04-04T21:53:42.921+0000] {processor.py:161} INFO - Started process (PID=1893) to work on /home/airflow/.local/lib/python3.8/site-packages/airflow/example_dags/example_latest_only_with_trigger.py
[2024-04-04T21:53:42.922+0000] {processor.py:830} INFO - Processing file /home/airflow/.local/lib/python3.8/site-packages/airflow/example_dags/example_latest_only_with_trigger.py for tasks to queue
[2024-04-04T21:53:42.923+0000] {logging_mixin.py:188} INFO - [2024-04-04T21:53:42.923+0000] {dagbag.py:540} INFO - Filling up the DagBag from /home/airflow/.local/lib/python3.8/site-packages/airflow/example_dags/example_latest_only_with_trigger.py
[2024-04-04T21:53:42.928+0000] {processor.py:840} INFO - DAG(s) 'latest_only_with_trigger' retrieved from /home/airflow/.local/lib/python3.8/site-packages/airflow/example_dags/example_latest_only_with_trigger.py
[2024-04-04T21:53:42.944+0000] {logging_mixin.py:188} INFO - [2024-04-04T21:53:42.944+0000] {dag.py:3047} INFO - Sync 1 DAGs
[2024-04-04T21:53:42.961+0000] {logging_mixin.py:188} INFO - [2024-04-04T21:53:42.961+0000] {dag.py:3834} INFO - Setting next_dagrun for latest_only_with_trigger to 2024-04-04 16:00:00+00:00, run_after=2024-04-04 20:00:00+00:00
[2024-04-04T21:53:42.978+0000] {processor.py:183} INFO - Processing /home/airflow/.local/lib/python3.8/site-packages/airflow/example_dags/example_latest_only_with_trigger.py took 0.060 seconds
[2024-04-04T21:54:13.007+0000] {processor.py:161} INFO - Started process (PID=1948) to work on /home/airflow/.local/lib/python3.8/site-packages/airflow/example_dags/example_latest_only_with_trigger.py
[2024-04-04T21:54:13.007+0000] {processor.py:830} INFO - Processing file /home/airflow/.local/lib/python3.8/site-packages/airflow/example_dags/example_latest_only_with_trigger.py for tasks to queue
[2024-04-04T21:54:13.008+0000] {logging_mixin.py:188} INFO - [2024-04-04T21:54:13.008+0000] {dagbag.py:540} INFO - Filling up the DagBag from /home/airflow/.local/lib/python3.8/site-packages/airflow/example_dags/example_latest_only_with_trigger.py
[2024-04-04T21:54:13.012+0000] {processor.py:840} INFO - DAG(s) 'latest_only_with_trigger' retrieved from /home/airflow/.local/lib/python3.8/site-packages/airflow/example_dags/example_latest_only_with_trigger.py
[2024-04-04T21:54:13.027+0000] {logging_mixin.py:188} INFO - [2024-04-04T21:54:13.027+0000] {dag.py:3047} INFO - Sync 1 DAGs
[2024-04-04T21:54:13.042+0000] {logging_mixin.py:188} INFO - [2024-04-04T21:54:13.042+0000] {dag.py:3834} INFO - Setting next_dagrun for latest_only_with_trigger to 2024-04-04 16:00:00+00:00, run_after=2024-04-04 20:00:00+00:00
[2024-04-04T21:54:13.056+0000] {processor.py:183} INFO - Processing /home/airflow/.local/lib/python3.8/site-packages/airflow/example_dags/example_latest_only_with_trigger.py took 0.051 seconds
[2024-04-04T21:54:43.440+0000] {processor.py:161} INFO - Started process (PID=2003) to work on /home/airflow/.local/lib/python3.8/site-packages/airflow/example_dags/example_latest_only_with_trigger.py
[2024-04-04T21:54:43.440+0000] {processor.py:830} INFO - Processing file /home/airflow/.local/lib/python3.8/site-packages/airflow/example_dags/example_latest_only_with_trigger.py for tasks to queue
[2024-04-04T21:54:43.442+0000] {logging_mixin.py:188} INFO - [2024-04-04T21:54:43.441+0000] {dagbag.py:540} INFO - Filling up the DagBag from /home/airflow/.local/lib/python3.8/site-packages/airflow/example_dags/example_latest_only_with_trigger.py
[2024-04-04T21:54:43.445+0000] {processor.py:840} INFO - DAG(s) 'latest_only_with_trigger' retrieved from /home/airflow/.local/lib/python3.8/site-packages/airflow/example_dags/example_latest_only_with_trigger.py
[2024-04-04T21:54:43.459+0000] {logging_mixin.py:188} INFO - [2024-04-04T21:54:43.459+0000] {dag.py:3047} INFO - Sync 1 DAGs
[2024-04-04T21:54:43.474+0000] {logging_mixin.py:188} INFO - [2024-04-04T21:54:43.474+0000] {dag.py:3834} INFO - Setting next_dagrun for latest_only_with_trigger to 2024-04-04 16:00:00+00:00, run_after=2024-04-04 20:00:00+00:00
[2024-04-04T21:54:43.487+0000] {processor.py:183} INFO - Processing /home/airflow/.local/lib/python3.8/site-packages/airflow/example_dags/example_latest_only_with_trigger.py took 0.050 seconds
[2024-04-04T21:55:13.556+0000] {processor.py:161} INFO - Started process (PID=2058) to work on /home/airflow/.local/lib/python3.8/site-packages/airflow/example_dags/example_latest_only_with_trigger.py
[2024-04-04T21:55:13.557+0000] {processor.py:830} INFO - Processing file /home/airflow/.local/lib/python3.8/site-packages/airflow/example_dags/example_latest_only_with_trigger.py for tasks to queue
[2024-04-04T21:55:13.559+0000] {logging_mixin.py:188} INFO - [2024-04-04T21:55:13.558+0000] {dagbag.py:540} INFO - Filling up the DagBag from /home/airflow/.local/lib/python3.8/site-packages/airflow/example_dags/example_latest_only_with_trigger.py
[2024-04-04T21:55:13.563+0000] {processor.py:840} INFO - DAG(s) 'latest_only_with_trigger' retrieved from /home/airflow/.local/lib/python3.8/site-packages/airflow/example_dags/example_latest_only_with_trigger.py
[2024-04-04T21:55:13.581+0000] {logging_mixin.py:188} INFO - [2024-04-04T21:55:13.581+0000] {dag.py:3047} INFO - Sync 1 DAGs
[2024-04-04T21:55:13.600+0000] {logging_mixin.py:188} INFO - [2024-04-04T21:55:13.600+0000] {dag.py:3834} INFO - Setting next_dagrun for latest_only_with_trigger to 2024-04-04 16:00:00+00:00, run_after=2024-04-04 20:00:00+00:00
[2024-04-04T21:55:13.617+0000] {processor.py:183} INFO - Processing /home/airflow/.local/lib/python3.8/site-packages/airflow/example_dags/example_latest_only_with_trigger.py took 0.063 seconds
[2024-04-04T21:55:43.828+0000] {processor.py:161} INFO - Started process (PID=2113) to work on /home/airflow/.local/lib/python3.8/site-packages/airflow/example_dags/example_latest_only_with_trigger.py
[2024-04-04T21:55:43.829+0000] {processor.py:830} INFO - Processing file /home/airflow/.local/lib/python3.8/site-packages/airflow/example_dags/example_latest_only_with_trigger.py for tasks to queue
[2024-04-04T21:55:43.830+0000] {logging_mixin.py:188} INFO - [2024-04-04T21:55:43.830+0000] {dagbag.py:540} INFO - Filling up the DagBag from /home/airflow/.local/lib/python3.8/site-packages/airflow/example_dags/example_latest_only_with_trigger.py
[2024-04-04T21:55:43.836+0000] {processor.py:840} INFO - DAG(s) 'latest_only_with_trigger' retrieved from /home/airflow/.local/lib/python3.8/site-packages/airflow/example_dags/example_latest_only_with_trigger.py
[2024-04-04T21:55:43.851+0000] {logging_mixin.py:188} INFO - [2024-04-04T21:55:43.851+0000] {dag.py:3047} INFO - Sync 1 DAGs
[2024-04-04T21:55:43.867+0000] {logging_mixin.py:188} INFO - [2024-04-04T21:55:43.867+0000] {dag.py:3834} INFO - Setting next_dagrun for latest_only_with_trigger to 2024-04-04 16:00:00+00:00, run_after=2024-04-04 20:00:00+00:00
[2024-04-04T21:55:43.882+0000] {processor.py:183} INFO - Processing /home/airflow/.local/lib/python3.8/site-packages/airflow/example_dags/example_latest_only_with_trigger.py took 0.056 seconds
[2024-04-04T21:56:14.110+0000] {processor.py:161} INFO - Started process (PID=2168) to work on /home/airflow/.local/lib/python3.8/site-packages/airflow/example_dags/example_latest_only_with_trigger.py
[2024-04-04T21:56:14.111+0000] {processor.py:830} INFO - Processing file /home/airflow/.local/lib/python3.8/site-packages/airflow/example_dags/example_latest_only_with_trigger.py for tasks to queue
[2024-04-04T21:56:14.112+0000] {logging_mixin.py:188} INFO - [2024-04-04T21:56:14.112+0000] {dagbag.py:540} INFO - Filling up the DagBag from /home/airflow/.local/lib/python3.8/site-packages/airflow/example_dags/example_latest_only_with_trigger.py
[2024-04-04T21:56:14.116+0000] {processor.py:840} INFO - DAG(s) 'latest_only_with_trigger' retrieved from /home/airflow/.local/lib/python3.8/site-packages/airflow/example_dags/example_latest_only_with_trigger.py
[2024-04-04T21:56:14.130+0000] {logging_mixin.py:188} INFO - [2024-04-04T21:56:14.130+0000] {dag.py:3047} INFO - Sync 1 DAGs
[2024-04-04T21:56:14.146+0000] {logging_mixin.py:188} INFO - [2024-04-04T21:56:14.146+0000] {dag.py:3834} INFO - Setting next_dagrun for latest_only_with_trigger to 2024-04-04 16:00:00+00:00, run_after=2024-04-04 20:00:00+00:00
[2024-04-04T21:56:14.160+0000] {processor.py:183} INFO - Processing /home/airflow/.local/lib/python3.8/site-packages/airflow/example_dags/example_latest_only_with_trigger.py took 0.052 seconds
[2024-04-04T21:56:44.303+0000] {processor.py:161} INFO - Started process (PID=2223) to work on /home/airflow/.local/lib/python3.8/site-packages/airflow/example_dags/example_latest_only_with_trigger.py
[2024-04-04T21:56:44.303+0000] {processor.py:830} INFO - Processing file /home/airflow/.local/lib/python3.8/site-packages/airflow/example_dags/example_latest_only_with_trigger.py for tasks to queue
[2024-04-04T21:56:44.305+0000] {logging_mixin.py:188} INFO - [2024-04-04T21:56:44.304+0000] {dagbag.py:540} INFO - Filling up the DagBag from /home/airflow/.local/lib/python3.8/site-packages/airflow/example_dags/example_latest_only_with_trigger.py
[2024-04-04T21:56:44.310+0000] {processor.py:840} INFO - DAG(s) 'latest_only_with_trigger' retrieved from /home/airflow/.local/lib/python3.8/site-packages/airflow/example_dags/example_latest_only_with_trigger.py
[2024-04-04T21:56:44.326+0000] {logging_mixin.py:188} INFO - [2024-04-04T21:56:44.326+0000] {dag.py:3047} INFO - Sync 1 DAGs
[2024-04-04T21:56:44.344+0000] {logging_mixin.py:188} INFO - [2024-04-04T21:56:44.343+0000] {dag.py:3834} INFO - Setting next_dagrun for latest_only_with_trigger to 2024-04-04 16:00:00+00:00, run_after=2024-04-04 20:00:00+00:00
[2024-04-04T21:56:44.359+0000] {processor.py:183} INFO - Processing /home/airflow/.local/lib/python3.8/site-packages/airflow/example_dags/example_latest_only_with_trigger.py took 0.058 seconds
[2024-04-04T21:57:14.547+0000] {processor.py:161} INFO - Started process (PID=2278) to work on /home/airflow/.local/lib/python3.8/site-packages/airflow/example_dags/example_latest_only_with_trigger.py
[2024-04-04T21:57:14.548+0000] {processor.py:830} INFO - Processing file /home/airflow/.local/lib/python3.8/site-packages/airflow/example_dags/example_latest_only_with_trigger.py for tasks to queue
[2024-04-04T21:57:14.549+0000] {logging_mixin.py:188} INFO - [2024-04-04T21:57:14.549+0000] {dagbag.py:540} INFO - Filling up the DagBag from /home/airflow/.local/lib/python3.8/site-packages/airflow/example_dags/example_latest_only_with_trigger.py
[2024-04-04T21:57:14.553+0000] {processor.py:840} INFO - DAG(s) 'latest_only_with_trigger' retrieved from /home/airflow/.local/lib/python3.8/site-packages/airflow/example_dags/example_latest_only_with_trigger.py
[2024-04-04T21:57:14.571+0000] {logging_mixin.py:188} INFO - [2024-04-04T21:57:14.570+0000] {dag.py:3047} INFO - Sync 1 DAGs
[2024-04-04T21:57:14.587+0000] {logging_mixin.py:188} INFO - [2024-04-04T21:57:14.587+0000] {dag.py:3834} INFO - Setting next_dagrun for latest_only_with_trigger to 2024-04-04 16:00:00+00:00, run_after=2024-04-04 20:00:00+00:00
[2024-04-04T21:57:14.605+0000] {processor.py:183} INFO - Processing /home/airflow/.local/lib/python3.8/site-packages/airflow/example_dags/example_latest_only_with_trigger.py took 0.060 seconds
[2024-04-04T21:57:45.088+0000] {processor.py:161} INFO - Started process (PID=2333) to work on /home/airflow/.local/lib/python3.8/site-packages/airflow/example_dags/example_latest_only_with_trigger.py
[2024-04-04T21:57:45.089+0000] {processor.py:830} INFO - Processing file /home/airflow/.local/lib/python3.8/site-packages/airflow/example_dags/example_latest_only_with_trigger.py for tasks to queue
[2024-04-04T21:57:45.090+0000] {logging_mixin.py:188} INFO - [2024-04-04T21:57:45.090+0000] {dagbag.py:540} INFO - Filling up the DagBag from /home/airflow/.local/lib/python3.8/site-packages/airflow/example_dags/example_latest_only_with_trigger.py
[2024-04-04T21:57:45.094+0000] {processor.py:840} INFO - DAG(s) 'latest_only_with_trigger' retrieved from /home/airflow/.local/lib/python3.8/site-packages/airflow/example_dags/example_latest_only_with_trigger.py
[2024-04-04T21:57:45.114+0000] {logging_mixin.py:188} INFO - [2024-04-04T21:57:45.114+0000] {dag.py:3047} INFO - Sync 1 DAGs
[2024-04-04T21:57:45.136+0000] {logging_mixin.py:188} INFO - [2024-04-04T21:57:45.136+0000] {dag.py:3834} INFO - Setting next_dagrun for latest_only_with_trigger to 2024-04-04 16:00:00+00:00, run_after=2024-04-04 20:00:00+00:00
[2024-04-04T21:57:45.153+0000] {processor.py:183} INFO - Processing /home/airflow/.local/lib/python3.8/site-packages/airflow/example_dags/example_latest_only_with_trigger.py took 0.068 seconds
[2024-04-04T21:58:15.994+0000] {processor.py:161} INFO - Started process (PID=2388) to work on /home/airflow/.local/lib/python3.8/site-packages/airflow/example_dags/example_latest_only_with_trigger.py
[2024-04-04T21:58:15.996+0000] {processor.py:830} INFO - Processing file /home/airflow/.local/lib/python3.8/site-packages/airflow/example_dags/example_latest_only_with_trigger.py for tasks to queue
[2024-04-04T21:58:15.997+0000] {logging_mixin.py:188} INFO - [2024-04-04T21:58:15.997+0000] {dagbag.py:540} INFO - Filling up the DagBag from /home/airflow/.local/lib/python3.8/site-packages/airflow/example_dags/example_latest_only_with_trigger.py
[2024-04-04T21:58:16.001+0000] {processor.py:840} INFO - DAG(s) 'latest_only_with_trigger' retrieved from /home/airflow/.local/lib/python3.8/site-packages/airflow/example_dags/example_latest_only_with_trigger.py
[2024-04-04T21:58:16.021+0000] {logging_mixin.py:188} INFO - [2024-04-04T21:58:16.021+0000] {dag.py:3047} INFO - Sync 1 DAGs
[2024-04-04T21:58:16.040+0000] {logging_mixin.py:188} INFO - [2024-04-04T21:58:16.040+0000] {dag.py:3834} INFO - Setting next_dagrun for latest_only_with_trigger to 2024-04-04 16:00:00+00:00, run_after=2024-04-04 20:00:00+00:00
[2024-04-04T21:58:16.058+0000] {processor.py:183} INFO - Processing /home/airflow/.local/lib/python3.8/site-packages/airflow/example_dags/example_latest_only_with_trigger.py took 0.066 seconds
[2024-04-04T21:58:46.897+0000] {processor.py:161} INFO - Started process (PID=2443) to work on /home/airflow/.local/lib/python3.8/site-packages/airflow/example_dags/example_latest_only_with_trigger.py
[2024-04-04T21:58:46.899+0000] {processor.py:830} INFO - Processing file /home/airflow/.local/lib/python3.8/site-packages/airflow/example_dags/example_latest_only_with_trigger.py for tasks to queue
[2024-04-04T21:58:46.901+0000] {logging_mixin.py:188} INFO - [2024-04-04T21:58:46.900+0000] {dagbag.py:540} INFO - Filling up the DagBag from /home/airflow/.local/lib/python3.8/site-packages/airflow/example_dags/example_latest_only_with_trigger.py
[2024-04-04T21:58:46.907+0000] {processor.py:840} INFO - DAG(s) 'latest_only_with_trigger' retrieved from /home/airflow/.local/lib/python3.8/site-packages/airflow/example_dags/example_latest_only_with_trigger.py
[2024-04-04T21:58:46.934+0000] {logging_mixin.py:188} INFO - [2024-04-04T21:58:46.934+0000] {dag.py:3047} INFO - Sync 1 DAGs
[2024-04-04T21:58:46.960+0000] {logging_mixin.py:188} INFO - [2024-04-04T21:58:46.960+0000] {dag.py:3834} INFO - Setting next_dagrun for latest_only_with_trigger to 2024-04-04 16:00:00+00:00, run_after=2024-04-04 20:00:00+00:00
[2024-04-04T21:58:46.983+0000] {processor.py:183} INFO - Processing /home/airflow/.local/lib/python3.8/site-packages/airflow/example_dags/example_latest_only_with_trigger.py took 0.089 seconds
[2024-04-04T21:59:17.733+0000] {processor.py:161} INFO - Started process (PID=2498) to work on /home/airflow/.local/lib/python3.8/site-packages/airflow/example_dags/example_latest_only_with_trigger.py
[2024-04-04T21:59:17.735+0000] {processor.py:830} INFO - Processing file /home/airflow/.local/lib/python3.8/site-packages/airflow/example_dags/example_latest_only_with_trigger.py for tasks to queue
[2024-04-04T21:59:17.737+0000] {logging_mixin.py:188} INFO - [2024-04-04T21:59:17.737+0000] {dagbag.py:540} INFO - Filling up the DagBag from /home/airflow/.local/lib/python3.8/site-packages/airflow/example_dags/example_latest_only_with_trigger.py
[2024-04-04T21:59:17.744+0000] {processor.py:840} INFO - DAG(s) 'latest_only_with_trigger' retrieved from /home/airflow/.local/lib/python3.8/site-packages/airflow/example_dags/example_latest_only_with_trigger.py
[2024-04-04T21:59:17.791+0000] {logging_mixin.py:188} INFO - [2024-04-04T21:59:17.790+0000] {dag.py:3047} INFO - Sync 1 DAGs
[2024-04-04T21:59:17.829+0000] {logging_mixin.py:188} INFO - [2024-04-04T21:59:17.829+0000] {dag.py:3834} INFO - Setting next_dagrun for latest_only_with_trigger to 2024-04-04 16:00:00+00:00, run_after=2024-04-04 20:00:00+00:00
[2024-04-04T21:59:17.862+0000] {processor.py:183} INFO - Processing /home/airflow/.local/lib/python3.8/site-packages/airflow/example_dags/example_latest_only_with_trigger.py took 0.132 seconds
[2024-04-04T21:59:49.317+0000] {processor.py:161} INFO - Started process (PID=2553) to work on /home/airflow/.local/lib/python3.8/site-packages/airflow/example_dags/example_latest_only_with_trigger.py
[2024-04-04T21:59:49.332+0000] {processor.py:830} INFO - Processing file /home/airflow/.local/lib/python3.8/site-packages/airflow/example_dags/example_latest_only_with_trigger.py for tasks to queue
[2024-04-04T21:59:49.341+0000] {logging_mixin.py:188} INFO - [2024-04-04T21:59:49.340+0000] {dagbag.py:540} INFO - Filling up the DagBag from /home/airflow/.local/lib/python3.8/site-packages/airflow/example_dags/example_latest_only_with_trigger.py
[2024-04-04T21:59:49.351+0000] {processor.py:840} INFO - DAG(s) 'latest_only_with_trigger' retrieved from /home/airflow/.local/lib/python3.8/site-packages/airflow/example_dags/example_latest_only_with_trigger.py
[2024-04-04T21:59:49.396+0000] {logging_mixin.py:188} INFO - [2024-04-04T21:59:49.396+0000] {dag.py:3047} INFO - Sync 1 DAGs
[2024-04-04T21:59:49.451+0000] {logging_mixin.py:188} INFO - [2024-04-04T21:59:49.451+0000] {dag.py:3834} INFO - Setting next_dagrun for latest_only_with_trigger to 2024-04-04 16:00:00+00:00, run_after=2024-04-04 20:00:00+00:00
[2024-04-04T21:59:49.503+0000] {processor.py:183} INFO - Processing /home/airflow/.local/lib/python3.8/site-packages/airflow/example_dags/example_latest_only_with_trigger.py took 0.191 seconds
[2024-04-04T22:00:19.760+0000] {processor.py:161} INFO - Started process (PID=2607) to work on /home/airflow/.local/lib/python3.8/site-packages/airflow/example_dags/example_latest_only_with_trigger.py
[2024-04-04T22:00:19.763+0000] {processor.py:830} INFO - Processing file /home/airflow/.local/lib/python3.8/site-packages/airflow/example_dags/example_latest_only_with_trigger.py for tasks to queue
[2024-04-04T22:00:19.765+0000] {logging_mixin.py:188} INFO - [2024-04-04T22:00:19.764+0000] {dagbag.py:540} INFO - Filling up the DagBag from /home/airflow/.local/lib/python3.8/site-packages/airflow/example_dags/example_latest_only_with_trigger.py
[2024-04-04T22:00:19.770+0000] {processor.py:840} INFO - DAG(s) 'latest_only_with_trigger' retrieved from /home/airflow/.local/lib/python3.8/site-packages/airflow/example_dags/example_latest_only_with_trigger.py
[2024-04-04T22:00:19.790+0000] {logging_mixin.py:188} INFO - [2024-04-04T22:00:19.790+0000] {dag.py:3047} INFO - Sync 1 DAGs
[2024-04-04T22:00:19.814+0000] {logging_mixin.py:188} INFO - [2024-04-04T22:00:19.814+0000] {dag.py:3834} INFO - Setting next_dagrun for latest_only_with_trigger to 2024-04-04 16:00:00+00:00, run_after=2024-04-04 20:00:00+00:00
[2024-04-04T22:00:19.919+0000] {processor.py:183} INFO - Processing /home/airflow/.local/lib/python3.8/site-packages/airflow/example_dags/example_latest_only_with_trigger.py took 0.161 seconds
