[2024-04-04T21:36:59.798+0000] {processor.py:161} INFO - Started process (PID=65) to work on /home/airflow/.local/lib/python3.8/site-packages/airflow/example_dags/example_sla_dag.py
[2024-04-04T21:36:59.799+0000] {processor.py:830} INFO - Processing file /home/airflow/.local/lib/python3.8/site-packages/airflow/example_dags/example_sla_dag.py for tasks to queue
[2024-04-04T21:36:59.801+0000] {logging_mixin.py:188} INFO - [2024-04-04T21:36:59.801+0000] {dagbag.py:540} INFO - Filling up the DagBag from /home/airflow/.local/lib/python3.8/site-packages/airflow/example_dags/example_sla_dag.py
[2024-04-04T21:36:59.811+0000] {processor.py:840} INFO - DAG(s) 'example_sla_dag' retrieved from /home/airflow/.local/lib/python3.8/site-packages/airflow/example_dags/example_sla_dag.py
[2024-04-04T21:36:59.834+0000] {logging_mixin.py:188} INFO - [2024-04-04T21:36:59.834+0000] {dag.py:3047} INFO - Sync 1 DAGs
[2024-04-04T21:36:59.860+0000] {logging_mixin.py:188} INFO - [2024-04-04T21:36:59.860+0000] {dag.py:3834} INFO - Setting next_dagrun for example_sla_dag to 2024-04-04 21:34:00+00:00, run_after=2024-04-04 21:36:00+00:00
[2024-04-04T21:36:59.882+0000] {processor.py:183} INFO - Processing /home/airflow/.local/lib/python3.8/site-packages/airflow/example_dags/example_sla_dag.py took 0.086 seconds
[2024-04-04T21:37:30.428+0000] {processor.py:161} INFO - Started process (PID=120) to work on /home/airflow/.local/lib/python3.8/site-packages/airflow/example_dags/example_sla_dag.py
[2024-04-04T21:37:30.429+0000] {processor.py:830} INFO - Processing file /home/airflow/.local/lib/python3.8/site-packages/airflow/example_dags/example_sla_dag.py for tasks to queue
[2024-04-04T21:37:30.430+0000] {logging_mixin.py:188} INFO - [2024-04-04T21:37:30.430+0000] {dagbag.py:540} INFO - Filling up the DagBag from /home/airflow/.local/lib/python3.8/site-packages/airflow/example_dags/example_sla_dag.py
[2024-04-04T21:37:30.436+0000] {processor.py:840} INFO - DAG(s) 'example_sla_dag' retrieved from /home/airflow/.local/lib/python3.8/site-packages/airflow/example_dags/example_sla_dag.py
[2024-04-04T21:37:30.449+0000] {logging_mixin.py:188} INFO - [2024-04-04T21:37:30.448+0000] {dag.py:3047} INFO - Sync 1 DAGs
[2024-04-04T21:37:30.466+0000] {logging_mixin.py:188} INFO - [2024-04-04T21:37:30.466+0000] {dag.py:3834} INFO - Setting next_dagrun for example_sla_dag to 2024-04-04 21:34:00+00:00, run_after=2024-04-04 21:36:00+00:00
[2024-04-04T21:37:30.479+0000] {processor.py:183} INFO - Processing /home/airflow/.local/lib/python3.8/site-packages/airflow/example_dags/example_sla_dag.py took 0.052 seconds
[2024-04-04T21:38:00.611+0000] {processor.py:161} INFO - Started process (PID=175) to work on /home/airflow/.local/lib/python3.8/site-packages/airflow/example_dags/example_sla_dag.py
[2024-04-04T21:38:00.611+0000] {processor.py:830} INFO - Processing file /home/airflow/.local/lib/python3.8/site-packages/airflow/example_dags/example_sla_dag.py for tasks to queue
[2024-04-04T21:38:00.613+0000] {logging_mixin.py:188} INFO - [2024-04-04T21:38:00.612+0000] {dagbag.py:540} INFO - Filling up the DagBag from /home/airflow/.local/lib/python3.8/site-packages/airflow/example_dags/example_sla_dag.py
[2024-04-04T21:38:00.619+0000] {processor.py:840} INFO - DAG(s) 'example_sla_dag' retrieved from /home/airflow/.local/lib/python3.8/site-packages/airflow/example_dags/example_sla_dag.py
[2024-04-04T21:38:00.633+0000] {logging_mixin.py:188} INFO - [2024-04-04T21:38:00.633+0000] {dag.py:3047} INFO - Sync 1 DAGs
[2024-04-04T21:38:00.653+0000] {logging_mixin.py:188} INFO - [2024-04-04T21:38:00.652+0000] {dag.py:3834} INFO - Setting next_dagrun for example_sla_dag to 2024-04-04 21:36:00+00:00, run_after=2024-04-04 21:38:00+00:00
[2024-04-04T21:38:00.669+0000] {processor.py:183} INFO - Processing /home/airflow/.local/lib/python3.8/site-packages/airflow/example_dags/example_sla_dag.py took 0.060 seconds
[2024-04-04T21:38:31.001+0000] {processor.py:161} INFO - Started process (PID=230) to work on /home/airflow/.local/lib/python3.8/site-packages/airflow/example_dags/example_sla_dag.py
[2024-04-04T21:38:31.002+0000] {processor.py:830} INFO - Processing file /home/airflow/.local/lib/python3.8/site-packages/airflow/example_dags/example_sla_dag.py for tasks to queue
[2024-04-04T21:38:31.003+0000] {logging_mixin.py:188} INFO - [2024-04-04T21:38:31.003+0000] {dagbag.py:540} INFO - Filling up the DagBag from /home/airflow/.local/lib/python3.8/site-packages/airflow/example_dags/example_sla_dag.py
[2024-04-04T21:38:31.009+0000] {processor.py:840} INFO - DAG(s) 'example_sla_dag' retrieved from /home/airflow/.local/lib/python3.8/site-packages/airflow/example_dags/example_sla_dag.py
[2024-04-04T21:38:31.023+0000] {logging_mixin.py:188} INFO - [2024-04-04T21:38:31.022+0000] {dag.py:3047} INFO - Sync 1 DAGs
[2024-04-04T21:38:31.042+0000] {logging_mixin.py:188} INFO - [2024-04-04T21:38:31.041+0000] {dag.py:3834} INFO - Setting next_dagrun for example_sla_dag to 2024-04-04 21:36:00+00:00, run_after=2024-04-04 21:38:00+00:00
[2024-04-04T21:38:31.057+0000] {processor.py:183} INFO - Processing /home/airflow/.local/lib/python3.8/site-packages/airflow/example_dags/example_sla_dag.py took 0.058 seconds
[2024-04-04T21:39:01.351+0000] {processor.py:161} INFO - Started process (PID=286) to work on /home/airflow/.local/lib/python3.8/site-packages/airflow/example_dags/example_sla_dag.py
[2024-04-04T21:39:01.352+0000] {processor.py:830} INFO - Processing file /home/airflow/.local/lib/python3.8/site-packages/airflow/example_dags/example_sla_dag.py for tasks to queue
[2024-04-04T21:39:01.353+0000] {logging_mixin.py:188} INFO - [2024-04-04T21:39:01.352+0000] {dagbag.py:540} INFO - Filling up the DagBag from /home/airflow/.local/lib/python3.8/site-packages/airflow/example_dags/example_sla_dag.py
[2024-04-04T21:39:01.358+0000] {processor.py:840} INFO - DAG(s) 'example_sla_dag' retrieved from /home/airflow/.local/lib/python3.8/site-packages/airflow/example_dags/example_sla_dag.py
[2024-04-04T21:39:01.371+0000] {logging_mixin.py:188} INFO - [2024-04-04T21:39:01.371+0000] {dag.py:3047} INFO - Sync 1 DAGs
[2024-04-04T21:39:01.389+0000] {logging_mixin.py:188} INFO - [2024-04-04T21:39:01.389+0000] {dag.py:3834} INFO - Setting next_dagrun for example_sla_dag to 2024-04-04 21:36:00+00:00, run_after=2024-04-04 21:38:00+00:00
[2024-04-04T21:39:01.402+0000] {processor.py:183} INFO - Processing /home/airflow/.local/lib/python3.8/site-packages/airflow/example_dags/example_sla_dag.py took 0.053 seconds
[2024-04-04T21:39:31.441+0000] {processor.py:161} INFO - Started process (PID=341) to work on /home/airflow/.local/lib/python3.8/site-packages/airflow/example_dags/example_sla_dag.py
[2024-04-04T21:39:31.442+0000] {processor.py:830} INFO - Processing file /home/airflow/.local/lib/python3.8/site-packages/airflow/example_dags/example_sla_dag.py for tasks to queue
[2024-04-04T21:39:31.443+0000] {logging_mixin.py:188} INFO - [2024-04-04T21:39:31.443+0000] {dagbag.py:540} INFO - Filling up the DagBag from /home/airflow/.local/lib/python3.8/site-packages/airflow/example_dags/example_sla_dag.py
[2024-04-04T21:39:31.450+0000] {processor.py:840} INFO - DAG(s) 'example_sla_dag' retrieved from /home/airflow/.local/lib/python3.8/site-packages/airflow/example_dags/example_sla_dag.py
[2024-04-04T21:39:31.466+0000] {logging_mixin.py:188} INFO - [2024-04-04T21:39:31.465+0000] {dag.py:3047} INFO - Sync 1 DAGs
[2024-04-04T21:39:31.487+0000] {logging_mixin.py:188} INFO - [2024-04-04T21:39:31.487+0000] {dag.py:3834} INFO - Setting next_dagrun for example_sla_dag to 2024-04-04 21:36:00+00:00, run_after=2024-04-04 21:38:00+00:00
[2024-04-04T21:39:31.504+0000] {processor.py:183} INFO - Processing /home/airflow/.local/lib/python3.8/site-packages/airflow/example_dags/example_sla_dag.py took 0.066 seconds
[2024-04-04T21:40:01.717+0000] {processor.py:161} INFO - Started process (PID=396) to work on /home/airflow/.local/lib/python3.8/site-packages/airflow/example_dags/example_sla_dag.py
[2024-04-04T21:40:01.718+0000] {processor.py:830} INFO - Processing file /home/airflow/.local/lib/python3.8/site-packages/airflow/example_dags/example_sla_dag.py for tasks to queue
[2024-04-04T21:40:01.719+0000] {logging_mixin.py:188} INFO - [2024-04-04T21:40:01.719+0000] {dagbag.py:540} INFO - Filling up the DagBag from /home/airflow/.local/lib/python3.8/site-packages/airflow/example_dags/example_sla_dag.py
[2024-04-04T21:40:01.725+0000] {processor.py:840} INFO - DAG(s) 'example_sla_dag' retrieved from /home/airflow/.local/lib/python3.8/site-packages/airflow/example_dags/example_sla_dag.py
[2024-04-04T21:40:01.742+0000] {logging_mixin.py:188} INFO - [2024-04-04T21:40:01.742+0000] {dag.py:3047} INFO - Sync 1 DAGs
[2024-04-04T21:40:01.761+0000] {logging_mixin.py:188} INFO - [2024-04-04T21:40:01.761+0000] {dag.py:3834} INFO - Setting next_dagrun for example_sla_dag to 2024-04-04 21:38:00+00:00, run_after=2024-04-04 21:40:00+00:00
[2024-04-04T21:40:01.776+0000] {processor.py:183} INFO - Processing /home/airflow/.local/lib/python3.8/site-packages/airflow/example_dags/example_sla_dag.py took 0.060 seconds
[2024-04-04T21:40:31.977+0000] {processor.py:161} INFO - Started process (PID=451) to work on /home/airflow/.local/lib/python3.8/site-packages/airflow/example_dags/example_sla_dag.py
[2024-04-04T21:40:31.978+0000] {processor.py:830} INFO - Processing file /home/airflow/.local/lib/python3.8/site-packages/airflow/example_dags/example_sla_dag.py for tasks to queue
[2024-04-04T21:40:31.979+0000] {logging_mixin.py:188} INFO - [2024-04-04T21:40:31.979+0000] {dagbag.py:540} INFO - Filling up the DagBag from /home/airflow/.local/lib/python3.8/site-packages/airflow/example_dags/example_sla_dag.py
[2024-04-04T21:40:31.985+0000] {processor.py:840} INFO - DAG(s) 'example_sla_dag' retrieved from /home/airflow/.local/lib/python3.8/site-packages/airflow/example_dags/example_sla_dag.py
[2024-04-04T21:40:32.001+0000] {logging_mixin.py:188} INFO - [2024-04-04T21:40:32.001+0000] {dag.py:3047} INFO - Sync 1 DAGs
[2024-04-04T21:40:32.020+0000] {logging_mixin.py:188} INFO - [2024-04-04T21:40:32.020+0000] {dag.py:3834} INFO - Setting next_dagrun for example_sla_dag to 2024-04-04 21:38:00+00:00, run_after=2024-04-04 21:40:00+00:00
[2024-04-04T21:40:32.034+0000] {processor.py:183} INFO - Processing /home/airflow/.local/lib/python3.8/site-packages/airflow/example_dags/example_sla_dag.py took 0.059 seconds
[2024-04-04T21:41:02.216+0000] {processor.py:161} INFO - Started process (PID=506) to work on /home/airflow/.local/lib/python3.8/site-packages/airflow/example_dags/example_sla_dag.py
[2024-04-04T21:41:02.217+0000] {processor.py:830} INFO - Processing file /home/airflow/.local/lib/python3.8/site-packages/airflow/example_dags/example_sla_dag.py for tasks to queue
[2024-04-04T21:41:02.219+0000] {logging_mixin.py:188} INFO - [2024-04-04T21:41:02.219+0000] {dagbag.py:540} INFO - Filling up the DagBag from /home/airflow/.local/lib/python3.8/site-packages/airflow/example_dags/example_sla_dag.py
[2024-04-04T21:41:02.225+0000] {processor.py:840} INFO - DAG(s) 'example_sla_dag' retrieved from /home/airflow/.local/lib/python3.8/site-packages/airflow/example_dags/example_sla_dag.py
[2024-04-04T21:41:02.240+0000] {logging_mixin.py:188} INFO - [2024-04-04T21:41:02.240+0000] {dag.py:3047} INFO - Sync 1 DAGs
[2024-04-04T21:41:02.259+0000] {logging_mixin.py:188} INFO - [2024-04-04T21:41:02.259+0000] {dag.py:3834} INFO - Setting next_dagrun for example_sla_dag to 2024-04-04 21:38:00+00:00, run_after=2024-04-04 21:40:00+00:00
[2024-04-04T21:41:02.272+0000] {processor.py:183} INFO - Processing /home/airflow/.local/lib/python3.8/site-packages/airflow/example_dags/example_sla_dag.py took 0.059 seconds
[2024-04-04T21:41:32.710+0000] {processor.py:161} INFO - Started process (PID=561) to work on /home/airflow/.local/lib/python3.8/site-packages/airflow/example_dags/example_sla_dag.py
[2024-04-04T21:41:32.711+0000] {processor.py:830} INFO - Processing file /home/airflow/.local/lib/python3.8/site-packages/airflow/example_dags/example_sla_dag.py for tasks to queue
[2024-04-04T21:41:32.712+0000] {logging_mixin.py:188} INFO - [2024-04-04T21:41:32.712+0000] {dagbag.py:540} INFO - Filling up the DagBag from /home/airflow/.local/lib/python3.8/site-packages/airflow/example_dags/example_sla_dag.py
[2024-04-04T21:41:32.719+0000] {processor.py:840} INFO - DAG(s) 'example_sla_dag' retrieved from /home/airflow/.local/lib/python3.8/site-packages/airflow/example_dags/example_sla_dag.py
[2024-04-04T21:41:32.734+0000] {logging_mixin.py:188} INFO - [2024-04-04T21:41:32.734+0000] {dag.py:3047} INFO - Sync 1 DAGs
[2024-04-04T21:41:32.754+0000] {logging_mixin.py:188} INFO - [2024-04-04T21:41:32.754+0000] {dag.py:3834} INFO - Setting next_dagrun for example_sla_dag to 2024-04-04 21:38:00+00:00, run_after=2024-04-04 21:40:00+00:00
[2024-04-04T21:41:32.769+0000] {processor.py:183} INFO - Processing /home/airflow/.local/lib/python3.8/site-packages/airflow/example_dags/example_sla_dag.py took 0.061 seconds
[2024-04-04T21:42:03.140+0000] {processor.py:161} INFO - Started process (PID=616) to work on /home/airflow/.local/lib/python3.8/site-packages/airflow/example_dags/example_sla_dag.py
[2024-04-04T21:42:03.141+0000] {processor.py:830} INFO - Processing file /home/airflow/.local/lib/python3.8/site-packages/airflow/example_dags/example_sla_dag.py for tasks to queue
[2024-04-04T21:42:03.143+0000] {logging_mixin.py:188} INFO - [2024-04-04T21:42:03.142+0000] {dagbag.py:540} INFO - Filling up the DagBag from /home/airflow/.local/lib/python3.8/site-packages/airflow/example_dags/example_sla_dag.py
[2024-04-04T21:42:03.152+0000] {processor.py:840} INFO - DAG(s) 'example_sla_dag' retrieved from /home/airflow/.local/lib/python3.8/site-packages/airflow/example_dags/example_sla_dag.py
[2024-04-04T21:42:03.170+0000] {logging_mixin.py:188} INFO - [2024-04-04T21:42:03.169+0000] {dag.py:3047} INFO - Sync 1 DAGs
[2024-04-04T21:42:03.190+0000] {logging_mixin.py:188} INFO - [2024-04-04T21:42:03.190+0000] {dag.py:3834} INFO - Setting next_dagrun for example_sla_dag to 2024-04-04 21:40:00+00:00, run_after=2024-04-04 21:42:00+00:00
[2024-04-04T21:42:03.208+0000] {processor.py:183} INFO - Processing /home/airflow/.local/lib/python3.8/site-packages/airflow/example_dags/example_sla_dag.py took 0.072 seconds
[2024-04-04T21:42:33.697+0000] {processor.py:161} INFO - Started process (PID=672) to work on /home/airflow/.local/lib/python3.8/site-packages/airflow/example_dags/example_sla_dag.py
[2024-04-04T21:42:33.698+0000] {processor.py:830} INFO - Processing file /home/airflow/.local/lib/python3.8/site-packages/airflow/example_dags/example_sla_dag.py for tasks to queue
[2024-04-04T21:42:33.700+0000] {logging_mixin.py:188} INFO - [2024-04-04T21:42:33.700+0000] {dagbag.py:540} INFO - Filling up the DagBag from /home/airflow/.local/lib/python3.8/site-packages/airflow/example_dags/example_sla_dag.py
[2024-04-04T21:42:33.708+0000] {processor.py:840} INFO - DAG(s) 'example_sla_dag' retrieved from /home/airflow/.local/lib/python3.8/site-packages/airflow/example_dags/example_sla_dag.py
[2024-04-04T21:42:33.726+0000] {logging_mixin.py:188} INFO - [2024-04-04T21:42:33.726+0000] {dag.py:3047} INFO - Sync 1 DAGs
[2024-04-04T21:42:33.747+0000] {logging_mixin.py:188} INFO - [2024-04-04T21:42:33.746+0000] {dag.py:3834} INFO - Setting next_dagrun for example_sla_dag to 2024-04-04 21:40:00+00:00, run_after=2024-04-04 21:42:00+00:00
[2024-04-04T21:42:33.762+0000] {processor.py:183} INFO - Processing /home/airflow/.local/lib/python3.8/site-packages/airflow/example_dags/example_sla_dag.py took 0.067 seconds
[2024-04-04T21:43:04.465+0000] {processor.py:161} INFO - Started process (PID=727) to work on /home/airflow/.local/lib/python3.8/site-packages/airflow/example_dags/example_sla_dag.py
[2024-04-04T21:43:04.465+0000] {processor.py:830} INFO - Processing file /home/airflow/.local/lib/python3.8/site-packages/airflow/example_dags/example_sla_dag.py for tasks to queue
[2024-04-04T21:43:04.467+0000] {logging_mixin.py:188} INFO - [2024-04-04T21:43:04.467+0000] {dagbag.py:540} INFO - Filling up the DagBag from /home/airflow/.local/lib/python3.8/site-packages/airflow/example_dags/example_sla_dag.py
[2024-04-04T21:43:04.473+0000] {processor.py:840} INFO - DAG(s) 'example_sla_dag' retrieved from /home/airflow/.local/lib/python3.8/site-packages/airflow/example_dags/example_sla_dag.py
[2024-04-04T21:43:04.491+0000] {logging_mixin.py:188} INFO - [2024-04-04T21:43:04.490+0000] {dag.py:3047} INFO - Sync 1 DAGs
[2024-04-04T21:43:04.511+0000] {logging_mixin.py:188} INFO - [2024-04-04T21:43:04.511+0000] {dag.py:3834} INFO - Setting next_dagrun for example_sla_dag to 2024-04-04 21:40:00+00:00, run_after=2024-04-04 21:42:00+00:00
[2024-04-04T21:43:04.526+0000] {processor.py:183} INFO - Processing /home/airflow/.local/lib/python3.8/site-packages/airflow/example_dags/example_sla_dag.py took 0.064 seconds
[2024-04-04T21:43:34.671+0000] {processor.py:161} INFO - Started process (PID=782) to work on /home/airflow/.local/lib/python3.8/site-packages/airflow/example_dags/example_sla_dag.py
[2024-04-04T21:43:34.672+0000] {processor.py:830} INFO - Processing file /home/airflow/.local/lib/python3.8/site-packages/airflow/example_dags/example_sla_dag.py for tasks to queue
[2024-04-04T21:43:34.673+0000] {logging_mixin.py:188} INFO - [2024-04-04T21:43:34.673+0000] {dagbag.py:540} INFO - Filling up the DagBag from /home/airflow/.local/lib/python3.8/site-packages/airflow/example_dags/example_sla_dag.py
[2024-04-04T21:43:34.679+0000] {processor.py:840} INFO - DAG(s) 'example_sla_dag' retrieved from /home/airflow/.local/lib/python3.8/site-packages/airflow/example_dags/example_sla_dag.py
[2024-04-04T21:43:34.693+0000] {logging_mixin.py:188} INFO - [2024-04-04T21:43:34.693+0000] {dag.py:3047} INFO - Sync 1 DAGs
[2024-04-04T21:43:34.713+0000] {logging_mixin.py:188} INFO - [2024-04-04T21:43:34.713+0000] {dag.py:3834} INFO - Setting next_dagrun for example_sla_dag to 2024-04-04 21:40:00+00:00, run_after=2024-04-04 21:42:00+00:00
[2024-04-04T21:43:34.726+0000] {processor.py:183} INFO - Processing /home/airflow/.local/lib/python3.8/site-packages/airflow/example_dags/example_sla_dag.py took 0.057 seconds
[2024-04-04T21:44:05.096+0000] {processor.py:161} INFO - Started process (PID=837) to work on /home/airflow/.local/lib/python3.8/site-packages/airflow/example_dags/example_sla_dag.py
[2024-04-04T21:44:05.097+0000] {processor.py:830} INFO - Processing file /home/airflow/.local/lib/python3.8/site-packages/airflow/example_dags/example_sla_dag.py for tasks to queue
[2024-04-04T21:44:05.098+0000] {logging_mixin.py:188} INFO - [2024-04-04T21:44:05.098+0000] {dagbag.py:540} INFO - Filling up the DagBag from /home/airflow/.local/lib/python3.8/site-packages/airflow/example_dags/example_sla_dag.py
[2024-04-04T21:44:05.104+0000] {processor.py:840} INFO - DAG(s) 'example_sla_dag' retrieved from /home/airflow/.local/lib/python3.8/site-packages/airflow/example_dags/example_sla_dag.py
[2024-04-04T21:44:05.120+0000] {logging_mixin.py:188} INFO - [2024-04-04T21:44:05.119+0000] {dag.py:3047} INFO - Sync 1 DAGs
[2024-04-04T21:44:05.140+0000] {logging_mixin.py:188} INFO - [2024-04-04T21:44:05.140+0000] {dag.py:3834} INFO - Setting next_dagrun for example_sla_dag to 2024-04-04 21:42:00+00:00, run_after=2024-04-04 21:44:00+00:00
[2024-04-04T21:44:05.157+0000] {processor.py:183} INFO - Processing /home/airflow/.local/lib/python3.8/site-packages/airflow/example_dags/example_sla_dag.py took 0.064 seconds
[2024-04-04T21:44:35.701+0000] {processor.py:161} INFO - Started process (PID=892) to work on /home/airflow/.local/lib/python3.8/site-packages/airflow/example_dags/example_sla_dag.py
[2024-04-04T21:44:35.702+0000] {processor.py:830} INFO - Processing file /home/airflow/.local/lib/python3.8/site-packages/airflow/example_dags/example_sla_dag.py for tasks to queue
[2024-04-04T21:44:35.703+0000] {logging_mixin.py:188} INFO - [2024-04-04T21:44:35.703+0000] {dagbag.py:540} INFO - Filling up the DagBag from /home/airflow/.local/lib/python3.8/site-packages/airflow/example_dags/example_sla_dag.py
[2024-04-04T21:44:35.709+0000] {processor.py:840} INFO - DAG(s) 'example_sla_dag' retrieved from /home/airflow/.local/lib/python3.8/site-packages/airflow/example_dags/example_sla_dag.py
[2024-04-04T21:44:35.724+0000] {logging_mixin.py:188} INFO - [2024-04-04T21:44:35.724+0000] {dag.py:3047} INFO - Sync 1 DAGs
[2024-04-04T21:44:35.742+0000] {logging_mixin.py:188} INFO - [2024-04-04T21:44:35.742+0000] {dag.py:3834} INFO - Setting next_dagrun for example_sla_dag to 2024-04-04 21:42:00+00:00, run_after=2024-04-04 21:44:00+00:00
[2024-04-04T21:44:35.756+0000] {processor.py:183} INFO - Processing /home/airflow/.local/lib/python3.8/site-packages/airflow/example_dags/example_sla_dag.py took 0.056 seconds
[2024-04-04T21:45:05.803+0000] {processor.py:161} INFO - Started process (PID=947) to work on /home/airflow/.local/lib/python3.8/site-packages/airflow/example_dags/example_sla_dag.py
[2024-04-04T21:45:05.803+0000] {processor.py:830} INFO - Processing file /home/airflow/.local/lib/python3.8/site-packages/airflow/example_dags/example_sla_dag.py for tasks to queue
[2024-04-04T21:45:05.805+0000] {logging_mixin.py:188} INFO - [2024-04-04T21:45:05.804+0000] {dagbag.py:540} INFO - Filling up the DagBag from /home/airflow/.local/lib/python3.8/site-packages/airflow/example_dags/example_sla_dag.py
[2024-04-04T21:45:05.810+0000] {processor.py:840} INFO - DAG(s) 'example_sla_dag' retrieved from /home/airflow/.local/lib/python3.8/site-packages/airflow/example_dags/example_sla_dag.py
[2024-04-04T21:45:05.823+0000] {logging_mixin.py:188} INFO - [2024-04-04T21:45:05.823+0000] {dag.py:3047} INFO - Sync 1 DAGs
[2024-04-04T21:45:05.841+0000] {logging_mixin.py:188} INFO - [2024-04-04T21:45:05.841+0000] {dag.py:3834} INFO - Setting next_dagrun for example_sla_dag to 2024-04-04 21:42:00+00:00, run_after=2024-04-04 21:44:00+00:00
[2024-04-04T21:45:05.853+0000] {processor.py:183} INFO - Processing /home/airflow/.local/lib/python3.8/site-packages/airflow/example_dags/example_sla_dag.py took 0.053 seconds
[2024-04-04T21:45:35.903+0000] {processor.py:161} INFO - Started process (PID=1002) to work on /home/airflow/.local/lib/python3.8/site-packages/airflow/example_dags/example_sla_dag.py
[2024-04-04T21:45:35.904+0000] {processor.py:830} INFO - Processing file /home/airflow/.local/lib/python3.8/site-packages/airflow/example_dags/example_sla_dag.py for tasks to queue
[2024-04-04T21:45:35.906+0000] {logging_mixin.py:188} INFO - [2024-04-04T21:45:35.905+0000] {dagbag.py:540} INFO - Filling up the DagBag from /home/airflow/.local/lib/python3.8/site-packages/airflow/example_dags/example_sla_dag.py
[2024-04-04T21:45:35.912+0000] {processor.py:840} INFO - DAG(s) 'example_sla_dag' retrieved from /home/airflow/.local/lib/python3.8/site-packages/airflow/example_dags/example_sla_dag.py
[2024-04-04T21:45:35.926+0000] {logging_mixin.py:188} INFO - [2024-04-04T21:45:35.926+0000] {dag.py:3047} INFO - Sync 1 DAGs
[2024-04-04T21:45:35.944+0000] {logging_mixin.py:188} INFO - [2024-04-04T21:45:35.944+0000] {dag.py:3834} INFO - Setting next_dagrun for example_sla_dag to 2024-04-04 21:42:00+00:00, run_after=2024-04-04 21:44:00+00:00
[2024-04-04T21:45:35.957+0000] {processor.py:183} INFO - Processing /home/airflow/.local/lib/python3.8/site-packages/airflow/example_dags/example_sla_dag.py took 0.056 seconds
[2024-04-04T21:46:06.241+0000] {processor.py:161} INFO - Started process (PID=1057) to work on /home/airflow/.local/lib/python3.8/site-packages/airflow/example_dags/example_sla_dag.py
[2024-04-04T21:46:06.242+0000] {processor.py:830} INFO - Processing file /home/airflow/.local/lib/python3.8/site-packages/airflow/example_dags/example_sla_dag.py for tasks to queue
[2024-04-04T21:46:06.243+0000] {logging_mixin.py:188} INFO - [2024-04-04T21:46:06.243+0000] {dagbag.py:540} INFO - Filling up the DagBag from /home/airflow/.local/lib/python3.8/site-packages/airflow/example_dags/example_sla_dag.py
[2024-04-04T21:46:06.249+0000] {processor.py:840} INFO - DAG(s) 'example_sla_dag' retrieved from /home/airflow/.local/lib/python3.8/site-packages/airflow/example_dags/example_sla_dag.py
[2024-04-04T21:46:06.265+0000] {logging_mixin.py:188} INFO - [2024-04-04T21:46:06.264+0000] {dag.py:3047} INFO - Sync 1 DAGs
[2024-04-04T21:46:06.286+0000] {logging_mixin.py:188} INFO - [2024-04-04T21:46:06.286+0000] {dag.py:3834} INFO - Setting next_dagrun for example_sla_dag to 2024-04-04 21:44:00+00:00, run_after=2024-04-04 21:46:00+00:00
[2024-04-04T21:46:06.300+0000] {processor.py:183} INFO - Processing /home/airflow/.local/lib/python3.8/site-packages/airflow/example_dags/example_sla_dag.py took 0.062 seconds
[2024-04-04T21:46:36.470+0000] {processor.py:161} INFO - Started process (PID=1112) to work on /home/airflow/.local/lib/python3.8/site-packages/airflow/example_dags/example_sla_dag.py
[2024-04-04T21:46:36.471+0000] {processor.py:830} INFO - Processing file /home/airflow/.local/lib/python3.8/site-packages/airflow/example_dags/example_sla_dag.py for tasks to queue
[2024-04-04T21:46:36.472+0000] {logging_mixin.py:188} INFO - [2024-04-04T21:46:36.472+0000] {dagbag.py:540} INFO - Filling up the DagBag from /home/airflow/.local/lib/python3.8/site-packages/airflow/example_dags/example_sla_dag.py
[2024-04-04T21:46:36.481+0000] {processor.py:840} INFO - DAG(s) 'example_sla_dag' retrieved from /home/airflow/.local/lib/python3.8/site-packages/airflow/example_dags/example_sla_dag.py
[2024-04-04T21:46:36.497+0000] {logging_mixin.py:188} INFO - [2024-04-04T21:46:36.496+0000] {dag.py:3047} INFO - Sync 1 DAGs
[2024-04-04T21:46:36.520+0000] {logging_mixin.py:188} INFO - [2024-04-04T21:46:36.520+0000] {dag.py:3834} INFO - Setting next_dagrun for example_sla_dag to 2024-04-04 21:44:00+00:00, run_after=2024-04-04 21:46:00+00:00
[2024-04-04T21:46:36.536+0000] {processor.py:183} INFO - Processing /home/airflow/.local/lib/python3.8/site-packages/airflow/example_dags/example_sla_dag.py took 0.068 seconds
[2024-04-04T21:47:06.806+0000] {processor.py:161} INFO - Started process (PID=1167) to work on /home/airflow/.local/lib/python3.8/site-packages/airflow/example_dags/example_sla_dag.py
[2024-04-04T21:47:06.807+0000] {processor.py:830} INFO - Processing file /home/airflow/.local/lib/python3.8/site-packages/airflow/example_dags/example_sla_dag.py for tasks to queue
[2024-04-04T21:47:06.808+0000] {logging_mixin.py:188} INFO - [2024-04-04T21:47:06.808+0000] {dagbag.py:540} INFO - Filling up the DagBag from /home/airflow/.local/lib/python3.8/site-packages/airflow/example_dags/example_sla_dag.py
[2024-04-04T21:47:06.817+0000] {processor.py:840} INFO - DAG(s) 'example_sla_dag' retrieved from /home/airflow/.local/lib/python3.8/site-packages/airflow/example_dags/example_sla_dag.py
[2024-04-04T21:47:06.835+0000] {logging_mixin.py:188} INFO - [2024-04-04T21:47:06.835+0000] {dag.py:3047} INFO - Sync 1 DAGs
[2024-04-04T21:47:06.859+0000] {logging_mixin.py:188} INFO - [2024-04-04T21:47:06.859+0000] {dag.py:3834} INFO - Setting next_dagrun for example_sla_dag to 2024-04-04 21:44:00+00:00, run_after=2024-04-04 21:46:00+00:00
[2024-04-04T21:47:06.879+0000] {processor.py:183} INFO - Processing /home/airflow/.local/lib/python3.8/site-packages/airflow/example_dags/example_sla_dag.py took 0.076 seconds
[2024-04-04T21:47:37.179+0000] {processor.py:161} INFO - Started process (PID=1222) to work on /home/airflow/.local/lib/python3.8/site-packages/airflow/example_dags/example_sla_dag.py
[2024-04-04T21:47:37.180+0000] {processor.py:830} INFO - Processing file /home/airflow/.local/lib/python3.8/site-packages/airflow/example_dags/example_sla_dag.py for tasks to queue
[2024-04-04T21:47:37.182+0000] {logging_mixin.py:188} INFO - [2024-04-04T21:47:37.181+0000] {dagbag.py:540} INFO - Filling up the DagBag from /home/airflow/.local/lib/python3.8/site-packages/airflow/example_dags/example_sla_dag.py
[2024-04-04T21:47:37.189+0000] {processor.py:840} INFO - DAG(s) 'example_sla_dag' retrieved from /home/airflow/.local/lib/python3.8/site-packages/airflow/example_dags/example_sla_dag.py
[2024-04-04T21:47:37.213+0000] {logging_mixin.py:188} INFO - [2024-04-04T21:47:37.213+0000] {dag.py:3047} INFO - Sync 1 DAGs
[2024-04-04T21:47:37.241+0000] {logging_mixin.py:188} INFO - [2024-04-04T21:47:37.240+0000] {dag.py:3834} INFO - Setting next_dagrun for example_sla_dag to 2024-04-04 21:44:00+00:00, run_after=2024-04-04 21:46:00+00:00
[2024-04-04T21:47:37.256+0000] {processor.py:183} INFO - Processing /home/airflow/.local/lib/python3.8/site-packages/airflow/example_dags/example_sla_dag.py took 0.079 seconds
[2024-04-04T21:48:07.670+0000] {processor.py:161} INFO - Started process (PID=1277) to work on /home/airflow/.local/lib/python3.8/site-packages/airflow/example_dags/example_sla_dag.py
[2024-04-04T21:48:07.675+0000] {processor.py:830} INFO - Processing file /home/airflow/.local/lib/python3.8/site-packages/airflow/example_dags/example_sla_dag.py for tasks to queue
[2024-04-04T21:48:07.676+0000] {logging_mixin.py:188} INFO - [2024-04-04T21:48:07.676+0000] {dagbag.py:540} INFO - Filling up the DagBag from /home/airflow/.local/lib/python3.8/site-packages/airflow/example_dags/example_sla_dag.py
[2024-04-04T21:48:07.683+0000] {processor.py:840} INFO - DAG(s) 'example_sla_dag' retrieved from /home/airflow/.local/lib/python3.8/site-packages/airflow/example_dags/example_sla_dag.py
[2024-04-04T21:48:07.701+0000] {logging_mixin.py:188} INFO - [2024-04-04T21:48:07.701+0000] {dag.py:3047} INFO - Sync 1 DAGs
[2024-04-04T21:48:07.723+0000] {logging_mixin.py:188} INFO - [2024-04-04T21:48:07.723+0000] {dag.py:3834} INFO - Setting next_dagrun for example_sla_dag to 2024-04-04 21:46:00+00:00, run_after=2024-04-04 21:48:00+00:00
[2024-04-04T21:48:07.743+0000] {processor.py:183} INFO - Processing /home/airflow/.local/lib/python3.8/site-packages/airflow/example_dags/example_sla_dag.py took 0.076 seconds
[2024-04-04T21:48:37.851+0000] {processor.py:161} INFO - Started process (PID=1332) to work on /home/airflow/.local/lib/python3.8/site-packages/airflow/example_dags/example_sla_dag.py
[2024-04-04T21:48:37.852+0000] {processor.py:830} INFO - Processing file /home/airflow/.local/lib/python3.8/site-packages/airflow/example_dags/example_sla_dag.py for tasks to queue
[2024-04-04T21:48:37.853+0000] {logging_mixin.py:188} INFO - [2024-04-04T21:48:37.853+0000] {dagbag.py:540} INFO - Filling up the DagBag from /home/airflow/.local/lib/python3.8/site-packages/airflow/example_dags/example_sla_dag.py
[2024-04-04T21:48:37.860+0000] {processor.py:840} INFO - DAG(s) 'example_sla_dag' retrieved from /home/airflow/.local/lib/python3.8/site-packages/airflow/example_dags/example_sla_dag.py
[2024-04-04T21:48:37.876+0000] {logging_mixin.py:188} INFO - [2024-04-04T21:48:37.875+0000] {dag.py:3047} INFO - Sync 1 DAGs
[2024-04-04T21:48:37.894+0000] {logging_mixin.py:188} INFO - [2024-04-04T21:48:37.894+0000] {dag.py:3834} INFO - Setting next_dagrun for example_sla_dag to 2024-04-04 21:46:00+00:00, run_after=2024-04-04 21:48:00+00:00
[2024-04-04T21:48:37.912+0000] {processor.py:183} INFO - Processing /home/airflow/.local/lib/python3.8/site-packages/airflow/example_dags/example_sla_dag.py took 0.063 seconds
[2024-04-04T21:49:08.251+0000] {processor.py:161} INFO - Started process (PID=1387) to work on /home/airflow/.local/lib/python3.8/site-packages/airflow/example_dags/example_sla_dag.py
[2024-04-04T21:49:08.252+0000] {processor.py:830} INFO - Processing file /home/airflow/.local/lib/python3.8/site-packages/airflow/example_dags/example_sla_dag.py for tasks to queue
[2024-04-04T21:49:08.253+0000] {logging_mixin.py:188} INFO - [2024-04-04T21:49:08.253+0000] {dagbag.py:540} INFO - Filling up the DagBag from /home/airflow/.local/lib/python3.8/site-packages/airflow/example_dags/example_sla_dag.py
[2024-04-04T21:49:08.261+0000] {processor.py:840} INFO - DAG(s) 'example_sla_dag' retrieved from /home/airflow/.local/lib/python3.8/site-packages/airflow/example_dags/example_sla_dag.py
[2024-04-04T21:49:08.275+0000] {logging_mixin.py:188} INFO - [2024-04-04T21:49:08.275+0000] {dag.py:3047} INFO - Sync 1 DAGs
[2024-04-04T21:49:08.294+0000] {logging_mixin.py:188} INFO - [2024-04-04T21:49:08.294+0000] {dag.py:3834} INFO - Setting next_dagrun for example_sla_dag to 2024-04-04 21:46:00+00:00, run_after=2024-04-04 21:48:00+00:00
[2024-04-04T21:49:08.309+0000] {processor.py:183} INFO - Processing /home/airflow/.local/lib/python3.8/site-packages/airflow/example_dags/example_sla_dag.py took 0.061 seconds
[2024-04-04T21:49:38.739+0000] {processor.py:161} INFO - Started process (PID=1442) to work on /home/airflow/.local/lib/python3.8/site-packages/airflow/example_dags/example_sla_dag.py
[2024-04-04T21:49:38.740+0000] {processor.py:830} INFO - Processing file /home/airflow/.local/lib/python3.8/site-packages/airflow/example_dags/example_sla_dag.py for tasks to queue
[2024-04-04T21:49:38.741+0000] {logging_mixin.py:188} INFO - [2024-04-04T21:49:38.741+0000] {dagbag.py:540} INFO - Filling up the DagBag from /home/airflow/.local/lib/python3.8/site-packages/airflow/example_dags/example_sla_dag.py
[2024-04-04T21:49:38.747+0000] {processor.py:840} INFO - DAG(s) 'example_sla_dag' retrieved from /home/airflow/.local/lib/python3.8/site-packages/airflow/example_dags/example_sla_dag.py
[2024-04-04T21:49:38.761+0000] {logging_mixin.py:188} INFO - [2024-04-04T21:49:38.761+0000] {dag.py:3047} INFO - Sync 1 DAGs
[2024-04-04T21:49:38.779+0000] {logging_mixin.py:188} INFO - [2024-04-04T21:49:38.779+0000] {dag.py:3834} INFO - Setting next_dagrun for example_sla_dag to 2024-04-04 21:46:00+00:00, run_after=2024-04-04 21:48:00+00:00
[2024-04-04T21:49:38.793+0000] {processor.py:183} INFO - Processing /home/airflow/.local/lib/python3.8/site-packages/airflow/example_dags/example_sla_dag.py took 0.056 seconds
[2024-04-04T21:50:09.094+0000] {processor.py:161} INFO - Started process (PID=1497) to work on /home/airflow/.local/lib/python3.8/site-packages/airflow/example_dags/example_sla_dag.py
[2024-04-04T21:50:09.095+0000] {processor.py:830} INFO - Processing file /home/airflow/.local/lib/python3.8/site-packages/airflow/example_dags/example_sla_dag.py for tasks to queue
[2024-04-04T21:50:09.096+0000] {logging_mixin.py:188} INFO - [2024-04-04T21:50:09.096+0000] {dagbag.py:540} INFO - Filling up the DagBag from /home/airflow/.local/lib/python3.8/site-packages/airflow/example_dags/example_sla_dag.py
[2024-04-04T21:50:09.102+0000] {processor.py:840} INFO - DAG(s) 'example_sla_dag' retrieved from /home/airflow/.local/lib/python3.8/site-packages/airflow/example_dags/example_sla_dag.py
[2024-04-04T21:50:09.115+0000] {logging_mixin.py:188} INFO - [2024-04-04T21:50:09.115+0000] {dag.py:3047} INFO - Sync 1 DAGs
[2024-04-04T21:50:09.140+0000] {logging_mixin.py:188} INFO - [2024-04-04T21:50:09.140+0000] {dag.py:3834} INFO - Setting next_dagrun for example_sla_dag to 2024-04-04 21:48:00+00:00, run_after=2024-04-04 21:50:00+00:00
[2024-04-04T21:50:09.154+0000] {processor.py:183} INFO - Processing /home/airflow/.local/lib/python3.8/site-packages/airflow/example_dags/example_sla_dag.py took 0.062 seconds
[2024-04-04T21:50:39.545+0000] {processor.py:161} INFO - Started process (PID=1552) to work on /home/airflow/.local/lib/python3.8/site-packages/airflow/example_dags/example_sla_dag.py
[2024-04-04T21:50:39.546+0000] {processor.py:830} INFO - Processing file /home/airflow/.local/lib/python3.8/site-packages/airflow/example_dags/example_sla_dag.py for tasks to queue
[2024-04-04T21:50:39.548+0000] {logging_mixin.py:188} INFO - [2024-04-04T21:50:39.547+0000] {dagbag.py:540} INFO - Filling up the DagBag from /home/airflow/.local/lib/python3.8/site-packages/airflow/example_dags/example_sla_dag.py
[2024-04-04T21:50:39.555+0000] {processor.py:840} INFO - DAG(s) 'example_sla_dag' retrieved from /home/airflow/.local/lib/python3.8/site-packages/airflow/example_dags/example_sla_dag.py
[2024-04-04T21:50:39.575+0000] {logging_mixin.py:188} INFO - [2024-04-04T21:50:39.575+0000] {dag.py:3047} INFO - Sync 1 DAGs
[2024-04-04T21:50:39.603+0000] {logging_mixin.py:188} INFO - [2024-04-04T21:50:39.603+0000] {dag.py:3834} INFO - Setting next_dagrun for example_sla_dag to 2024-04-04 21:48:00+00:00, run_after=2024-04-04 21:50:00+00:00
[2024-04-04T21:50:39.620+0000] {processor.py:183} INFO - Processing /home/airflow/.local/lib/python3.8/site-packages/airflow/example_dags/example_sla_dag.py took 0.078 seconds
[2024-04-04T21:51:10.071+0000] {processor.py:161} INFO - Started process (PID=1607) to work on /home/airflow/.local/lib/python3.8/site-packages/airflow/example_dags/example_sla_dag.py
[2024-04-04T21:51:10.072+0000] {processor.py:830} INFO - Processing file /home/airflow/.local/lib/python3.8/site-packages/airflow/example_dags/example_sla_dag.py for tasks to queue
[2024-04-04T21:51:10.073+0000] {logging_mixin.py:188} INFO - [2024-04-04T21:51:10.073+0000] {dagbag.py:540} INFO - Filling up the DagBag from /home/airflow/.local/lib/python3.8/site-packages/airflow/example_dags/example_sla_dag.py
[2024-04-04T21:51:10.079+0000] {processor.py:840} INFO - DAG(s) 'example_sla_dag' retrieved from /home/airflow/.local/lib/python3.8/site-packages/airflow/example_dags/example_sla_dag.py
[2024-04-04T21:51:10.094+0000] {logging_mixin.py:188} INFO - [2024-04-04T21:51:10.094+0000] {dag.py:3047} INFO - Sync 1 DAGs
[2024-04-04T21:51:10.114+0000] {logging_mixin.py:188} INFO - [2024-04-04T21:51:10.113+0000] {dag.py:3834} INFO - Setting next_dagrun for example_sla_dag to 2024-04-04 21:48:00+00:00, run_after=2024-04-04 21:50:00+00:00
[2024-04-04T21:51:10.129+0000] {processor.py:183} INFO - Processing /home/airflow/.local/lib/python3.8/site-packages/airflow/example_dags/example_sla_dag.py took 0.060 seconds
[2024-04-04T21:51:40.343+0000] {processor.py:161} INFO - Started process (PID=1662) to work on /home/airflow/.local/lib/python3.8/site-packages/airflow/example_dags/example_sla_dag.py
[2024-04-04T21:51:40.344+0000] {processor.py:830} INFO - Processing file /home/airflow/.local/lib/python3.8/site-packages/airflow/example_dags/example_sla_dag.py for tasks to queue
[2024-04-04T21:51:40.345+0000] {logging_mixin.py:188} INFO - [2024-04-04T21:51:40.345+0000] {dagbag.py:540} INFO - Filling up the DagBag from /home/airflow/.local/lib/python3.8/site-packages/airflow/example_dags/example_sla_dag.py
[2024-04-04T21:51:40.351+0000] {processor.py:840} INFO - DAG(s) 'example_sla_dag' retrieved from /home/airflow/.local/lib/python3.8/site-packages/airflow/example_dags/example_sla_dag.py
[2024-04-04T21:51:40.365+0000] {logging_mixin.py:188} INFO - [2024-04-04T21:51:40.364+0000] {dag.py:3047} INFO - Sync 1 DAGs
[2024-04-04T21:51:40.383+0000] {logging_mixin.py:188} INFO - [2024-04-04T21:51:40.383+0000] {dag.py:3834} INFO - Setting next_dagrun for example_sla_dag to 2024-04-04 21:48:00+00:00, run_after=2024-04-04 21:50:00+00:00
[2024-04-04T21:51:40.401+0000] {processor.py:183} INFO - Processing /home/airflow/.local/lib/python3.8/site-packages/airflow/example_dags/example_sla_dag.py took 0.060 seconds
[2024-04-04T21:52:10.555+0000] {processor.py:161} INFO - Started process (PID=1717) to work on /home/airflow/.local/lib/python3.8/site-packages/airflow/example_dags/example_sla_dag.py
[2024-04-04T21:52:10.556+0000] {processor.py:830} INFO - Processing file /home/airflow/.local/lib/python3.8/site-packages/airflow/example_dags/example_sla_dag.py for tasks to queue
[2024-04-04T21:52:10.557+0000] {logging_mixin.py:188} INFO - [2024-04-04T21:52:10.557+0000] {dagbag.py:540} INFO - Filling up the DagBag from /home/airflow/.local/lib/python3.8/site-packages/airflow/example_dags/example_sla_dag.py
[2024-04-04T21:52:10.563+0000] {processor.py:840} INFO - DAG(s) 'example_sla_dag' retrieved from /home/airflow/.local/lib/python3.8/site-packages/airflow/example_dags/example_sla_dag.py
[2024-04-04T21:52:10.580+0000] {logging_mixin.py:188} INFO - [2024-04-04T21:52:10.579+0000] {dag.py:3047} INFO - Sync 1 DAGs
[2024-04-04T21:52:10.602+0000] {logging_mixin.py:188} INFO - [2024-04-04T21:52:10.602+0000] {dag.py:3834} INFO - Setting next_dagrun for example_sla_dag to 2024-04-04 21:50:00+00:00, run_after=2024-04-04 21:52:00+00:00
[2024-04-04T21:52:10.619+0000] {processor.py:183} INFO - Processing /home/airflow/.local/lib/python3.8/site-packages/airflow/example_dags/example_sla_dag.py took 0.066 seconds
[2024-04-04T21:52:40.959+0000] {processor.py:161} INFO - Started process (PID=1772) to work on /home/airflow/.local/lib/python3.8/site-packages/airflow/example_dags/example_sla_dag.py
[2024-04-04T21:52:40.960+0000] {processor.py:830} INFO - Processing file /home/airflow/.local/lib/python3.8/site-packages/airflow/example_dags/example_sla_dag.py for tasks to queue
[2024-04-04T21:52:40.961+0000] {logging_mixin.py:188} INFO - [2024-04-04T21:52:40.961+0000] {dagbag.py:540} INFO - Filling up the DagBag from /home/airflow/.local/lib/python3.8/site-packages/airflow/example_dags/example_sla_dag.py
[2024-04-04T21:52:40.967+0000] {processor.py:840} INFO - DAG(s) 'example_sla_dag' retrieved from /home/airflow/.local/lib/python3.8/site-packages/airflow/example_dags/example_sla_dag.py
[2024-04-04T21:52:40.982+0000] {logging_mixin.py:188} INFO - [2024-04-04T21:52:40.981+0000] {dag.py:3047} INFO - Sync 1 DAGs
[2024-04-04T21:52:41.001+0000] {logging_mixin.py:188} INFO - [2024-04-04T21:52:41.000+0000] {dag.py:3834} INFO - Setting next_dagrun for example_sla_dag to 2024-04-04 21:50:00+00:00, run_after=2024-04-04 21:52:00+00:00
[2024-04-04T21:52:41.017+0000] {processor.py:183} INFO - Processing /home/airflow/.local/lib/python3.8/site-packages/airflow/example_dags/example_sla_dag.py took 0.060 seconds
[2024-04-04T21:53:11.200+0000] {processor.py:161} INFO - Started process (PID=1827) to work on /home/airflow/.local/lib/python3.8/site-packages/airflow/example_dags/example_sla_dag.py
[2024-04-04T21:53:11.200+0000] {processor.py:830} INFO - Processing file /home/airflow/.local/lib/python3.8/site-packages/airflow/example_dags/example_sla_dag.py for tasks to queue
[2024-04-04T21:53:11.201+0000] {logging_mixin.py:188} INFO - [2024-04-04T21:53:11.201+0000] {dagbag.py:540} INFO - Filling up the DagBag from /home/airflow/.local/lib/python3.8/site-packages/airflow/example_dags/example_sla_dag.py
[2024-04-04T21:53:11.208+0000] {processor.py:840} INFO - DAG(s) 'example_sla_dag' retrieved from /home/airflow/.local/lib/python3.8/site-packages/airflow/example_dags/example_sla_dag.py
[2024-04-04T21:53:11.222+0000] {logging_mixin.py:188} INFO - [2024-04-04T21:53:11.221+0000] {dag.py:3047} INFO - Sync 1 DAGs
[2024-04-04T21:53:11.240+0000] {logging_mixin.py:188} INFO - [2024-04-04T21:53:11.240+0000] {dag.py:3834} INFO - Setting next_dagrun for example_sla_dag to 2024-04-04 21:50:00+00:00, run_after=2024-04-04 21:52:00+00:00
[2024-04-04T21:53:11.253+0000] {processor.py:183} INFO - Processing /home/airflow/.local/lib/python3.8/site-packages/airflow/example_dags/example_sla_dag.py took 0.055 seconds
[2024-04-04T21:53:41.453+0000] {processor.py:161} INFO - Started process (PID=1882) to work on /home/airflow/.local/lib/python3.8/site-packages/airflow/example_dags/example_sla_dag.py
[2024-04-04T21:53:41.454+0000] {processor.py:830} INFO - Processing file /home/airflow/.local/lib/python3.8/site-packages/airflow/example_dags/example_sla_dag.py for tasks to queue
[2024-04-04T21:53:41.455+0000] {logging_mixin.py:188} INFO - [2024-04-04T21:53:41.455+0000] {dagbag.py:540} INFO - Filling up the DagBag from /home/airflow/.local/lib/python3.8/site-packages/airflow/example_dags/example_sla_dag.py
[2024-04-04T21:53:41.461+0000] {processor.py:840} INFO - DAG(s) 'example_sla_dag' retrieved from /home/airflow/.local/lib/python3.8/site-packages/airflow/example_dags/example_sla_dag.py
[2024-04-04T21:53:41.475+0000] {logging_mixin.py:188} INFO - [2024-04-04T21:53:41.474+0000] {dag.py:3047} INFO - Sync 1 DAGs
[2024-04-04T21:53:41.494+0000] {logging_mixin.py:188} INFO - [2024-04-04T21:53:41.494+0000] {dag.py:3834} INFO - Setting next_dagrun for example_sla_dag to 2024-04-04 21:50:00+00:00, run_after=2024-04-04 21:52:00+00:00
[2024-04-04T21:53:41.510+0000] {processor.py:183} INFO - Processing /home/airflow/.local/lib/python3.8/site-packages/airflow/example_dags/example_sla_dag.py took 0.059 seconds
[2024-04-04T21:54:12.511+0000] {processor.py:161} INFO - Started process (PID=1937) to work on /home/airflow/.local/lib/python3.8/site-packages/airflow/example_dags/example_sla_dag.py
[2024-04-04T21:54:12.512+0000] {processor.py:830} INFO - Processing file /home/airflow/.local/lib/python3.8/site-packages/airflow/example_dags/example_sla_dag.py for tasks to queue
[2024-04-04T21:54:12.514+0000] {logging_mixin.py:188} INFO - [2024-04-04T21:54:12.513+0000] {dagbag.py:540} INFO - Filling up the DagBag from /home/airflow/.local/lib/python3.8/site-packages/airflow/example_dags/example_sla_dag.py
[2024-04-04T21:54:12.520+0000] {processor.py:840} INFO - DAG(s) 'example_sla_dag' retrieved from /home/airflow/.local/lib/python3.8/site-packages/airflow/example_dags/example_sla_dag.py
[2024-04-04T21:54:12.535+0000] {logging_mixin.py:188} INFO - [2024-04-04T21:54:12.534+0000] {dag.py:3047} INFO - Sync 1 DAGs
[2024-04-04T21:54:12.555+0000] {logging_mixin.py:188} INFO - [2024-04-04T21:54:12.555+0000] {dag.py:3834} INFO - Setting next_dagrun for example_sla_dag to 2024-04-04 21:52:00+00:00, run_after=2024-04-04 21:54:00+00:00
[2024-04-04T21:54:12.569+0000] {processor.py:183} INFO - Processing /home/airflow/.local/lib/python3.8/site-packages/airflow/example_dags/example_sla_dag.py took 0.059 seconds
[2024-04-04T21:54:42.886+0000] {processor.py:161} INFO - Started process (PID=1992) to work on /home/airflow/.local/lib/python3.8/site-packages/airflow/example_dags/example_sla_dag.py
[2024-04-04T21:54:42.887+0000] {processor.py:830} INFO - Processing file /home/airflow/.local/lib/python3.8/site-packages/airflow/example_dags/example_sla_dag.py for tasks to queue
[2024-04-04T21:54:42.888+0000] {logging_mixin.py:188} INFO - [2024-04-04T21:54:42.888+0000] {dagbag.py:540} INFO - Filling up the DagBag from /home/airflow/.local/lib/python3.8/site-packages/airflow/example_dags/example_sla_dag.py
[2024-04-04T21:54:42.894+0000] {processor.py:840} INFO - DAG(s) 'example_sla_dag' retrieved from /home/airflow/.local/lib/python3.8/site-packages/airflow/example_dags/example_sla_dag.py
[2024-04-04T21:54:42.908+0000] {logging_mixin.py:188} INFO - [2024-04-04T21:54:42.907+0000] {dag.py:3047} INFO - Sync 1 DAGs
[2024-04-04T21:54:42.926+0000] {logging_mixin.py:188} INFO - [2024-04-04T21:54:42.926+0000] {dag.py:3834} INFO - Setting next_dagrun for example_sla_dag to 2024-04-04 21:52:00+00:00, run_after=2024-04-04 21:54:00+00:00
[2024-04-04T21:54:42.939+0000] {processor.py:183} INFO - Processing /home/airflow/.local/lib/python3.8/site-packages/airflow/example_dags/example_sla_dag.py took 0.055 seconds
[2024-04-04T21:55:13.072+0000] {processor.py:161} INFO - Started process (PID=2047) to work on /home/airflow/.local/lib/python3.8/site-packages/airflow/example_dags/example_sla_dag.py
[2024-04-04T21:55:13.073+0000] {processor.py:830} INFO - Processing file /home/airflow/.local/lib/python3.8/site-packages/airflow/example_dags/example_sla_dag.py for tasks to queue
[2024-04-04T21:55:13.074+0000] {logging_mixin.py:188} INFO - [2024-04-04T21:55:13.074+0000] {dagbag.py:540} INFO - Filling up the DagBag from /home/airflow/.local/lib/python3.8/site-packages/airflow/example_dags/example_sla_dag.py
[2024-04-04T21:55:13.079+0000] {processor.py:840} INFO - DAG(s) 'example_sla_dag' retrieved from /home/airflow/.local/lib/python3.8/site-packages/airflow/example_dags/example_sla_dag.py
[2024-04-04T21:55:13.093+0000] {logging_mixin.py:188} INFO - [2024-04-04T21:55:13.093+0000] {dag.py:3047} INFO - Sync 1 DAGs
[2024-04-04T21:55:13.112+0000] {logging_mixin.py:188} INFO - [2024-04-04T21:55:13.112+0000] {dag.py:3834} INFO - Setting next_dagrun for example_sla_dag to 2024-04-04 21:52:00+00:00, run_after=2024-04-04 21:54:00+00:00
[2024-04-04T21:55:13.126+0000] {processor.py:183} INFO - Processing /home/airflow/.local/lib/python3.8/site-packages/airflow/example_dags/example_sla_dag.py took 0.056 seconds
[2024-04-04T21:55:43.414+0000] {processor.py:161} INFO - Started process (PID=2102) to work on /home/airflow/.local/lib/python3.8/site-packages/airflow/example_dags/example_sla_dag.py
[2024-04-04T21:55:43.415+0000] {processor.py:830} INFO - Processing file /home/airflow/.local/lib/python3.8/site-packages/airflow/example_dags/example_sla_dag.py for tasks to queue
[2024-04-04T21:55:43.416+0000] {logging_mixin.py:188} INFO - [2024-04-04T21:55:43.416+0000] {dagbag.py:540} INFO - Filling up the DagBag from /home/airflow/.local/lib/python3.8/site-packages/airflow/example_dags/example_sla_dag.py
[2024-04-04T21:55:43.422+0000] {processor.py:840} INFO - DAG(s) 'example_sla_dag' retrieved from /home/airflow/.local/lib/python3.8/site-packages/airflow/example_dags/example_sla_dag.py
[2024-04-04T21:55:43.435+0000] {logging_mixin.py:188} INFO - [2024-04-04T21:55:43.435+0000] {dag.py:3047} INFO - Sync 1 DAGs
[2024-04-04T21:55:43.453+0000] {logging_mixin.py:188} INFO - [2024-04-04T21:55:43.453+0000] {dag.py:3834} INFO - Setting next_dagrun for example_sla_dag to 2024-04-04 21:52:00+00:00, run_after=2024-04-04 21:54:00+00:00
[2024-04-04T21:55:43.466+0000] {processor.py:183} INFO - Processing /home/airflow/.local/lib/python3.8/site-packages/airflow/example_dags/example_sla_dag.py took 0.054 seconds
[2024-04-04T21:56:13.614+0000] {processor.py:161} INFO - Started process (PID=2157) to work on /home/airflow/.local/lib/python3.8/site-packages/airflow/example_dags/example_sla_dag.py
[2024-04-04T21:56:13.615+0000] {processor.py:830} INFO - Processing file /home/airflow/.local/lib/python3.8/site-packages/airflow/example_dags/example_sla_dag.py for tasks to queue
[2024-04-04T21:56:13.617+0000] {logging_mixin.py:188} INFO - [2024-04-04T21:56:13.616+0000] {dagbag.py:540} INFO - Filling up the DagBag from /home/airflow/.local/lib/python3.8/site-packages/airflow/example_dags/example_sla_dag.py
[2024-04-04T21:56:13.623+0000] {processor.py:840} INFO - DAG(s) 'example_sla_dag' retrieved from /home/airflow/.local/lib/python3.8/site-packages/airflow/example_dags/example_sla_dag.py
[2024-04-04T21:56:13.637+0000] {logging_mixin.py:188} INFO - [2024-04-04T21:56:13.637+0000] {dag.py:3047} INFO - Sync 1 DAGs
[2024-04-04T21:56:13.659+0000] {logging_mixin.py:188} INFO - [2024-04-04T21:56:13.659+0000] {dag.py:3834} INFO - Setting next_dagrun for example_sla_dag to 2024-04-04 21:54:00+00:00, run_after=2024-04-04 21:56:00+00:00
[2024-04-04T21:56:13.674+0000] {processor.py:183} INFO - Processing /home/airflow/.local/lib/python3.8/site-packages/airflow/example_dags/example_sla_dag.py took 0.062 seconds
[2024-04-04T21:56:43.836+0000] {processor.py:161} INFO - Started process (PID=2212) to work on /home/airflow/.local/lib/python3.8/site-packages/airflow/example_dags/example_sla_dag.py
[2024-04-04T21:56:43.837+0000] {processor.py:830} INFO - Processing file /home/airflow/.local/lib/python3.8/site-packages/airflow/example_dags/example_sla_dag.py for tasks to queue
[2024-04-04T21:56:43.838+0000] {logging_mixin.py:188} INFO - [2024-04-04T21:56:43.838+0000] {dagbag.py:540} INFO - Filling up the DagBag from /home/airflow/.local/lib/python3.8/site-packages/airflow/example_dags/example_sla_dag.py
[2024-04-04T21:56:43.843+0000] {processor.py:840} INFO - DAG(s) 'example_sla_dag' retrieved from /home/airflow/.local/lib/python3.8/site-packages/airflow/example_dags/example_sla_dag.py
[2024-04-04T21:56:43.857+0000] {logging_mixin.py:188} INFO - [2024-04-04T21:56:43.856+0000] {dag.py:3047} INFO - Sync 1 DAGs
[2024-04-04T21:56:43.874+0000] {logging_mixin.py:188} INFO - [2024-04-04T21:56:43.874+0000] {dag.py:3834} INFO - Setting next_dagrun for example_sla_dag to 2024-04-04 21:54:00+00:00, run_after=2024-04-04 21:56:00+00:00
[2024-04-04T21:56:43.887+0000] {processor.py:183} INFO - Processing /home/airflow/.local/lib/python3.8/site-packages/airflow/example_dags/example_sla_dag.py took 0.053 seconds
[2024-04-04T21:57:14.005+0000] {processor.py:161} INFO - Started process (PID=2267) to work on /home/airflow/.local/lib/python3.8/site-packages/airflow/example_dags/example_sla_dag.py
[2024-04-04T21:57:14.006+0000] {processor.py:830} INFO - Processing file /home/airflow/.local/lib/python3.8/site-packages/airflow/example_dags/example_sla_dag.py for tasks to queue
[2024-04-04T21:57:14.007+0000] {logging_mixin.py:188} INFO - [2024-04-04T21:57:14.007+0000] {dagbag.py:540} INFO - Filling up the DagBag from /home/airflow/.local/lib/python3.8/site-packages/airflow/example_dags/example_sla_dag.py
[2024-04-04T21:57:14.013+0000] {processor.py:840} INFO - DAG(s) 'example_sla_dag' retrieved from /home/airflow/.local/lib/python3.8/site-packages/airflow/example_dags/example_sla_dag.py
[2024-04-04T21:57:14.027+0000] {logging_mixin.py:188} INFO - [2024-04-04T21:57:14.026+0000] {dag.py:3047} INFO - Sync 1 DAGs
[2024-04-04T21:57:14.048+0000] {logging_mixin.py:188} INFO - [2024-04-04T21:57:14.047+0000] {dag.py:3834} INFO - Setting next_dagrun for example_sla_dag to 2024-04-04 21:54:00+00:00, run_after=2024-04-04 21:56:00+00:00
[2024-04-04T21:57:14.066+0000] {processor.py:183} INFO - Processing /home/airflow/.local/lib/python3.8/site-packages/airflow/example_dags/example_sla_dag.py took 0.063 seconds
[2024-04-04T21:57:44.292+0000] {processor.py:161} INFO - Started process (PID=2322) to work on /home/airflow/.local/lib/python3.8/site-packages/airflow/example_dags/example_sla_dag.py
[2024-04-04T21:57:44.293+0000] {processor.py:830} INFO - Processing file /home/airflow/.local/lib/python3.8/site-packages/airflow/example_dags/example_sla_dag.py for tasks to queue
[2024-04-04T21:57:44.295+0000] {logging_mixin.py:188} INFO - [2024-04-04T21:57:44.295+0000] {dagbag.py:540} INFO - Filling up the DagBag from /home/airflow/.local/lib/python3.8/site-packages/airflow/example_dags/example_sla_dag.py
[2024-04-04T21:57:44.301+0000] {processor.py:840} INFO - DAG(s) 'example_sla_dag' retrieved from /home/airflow/.local/lib/python3.8/site-packages/airflow/example_dags/example_sla_dag.py
[2024-04-04T21:57:44.317+0000] {logging_mixin.py:188} INFO - [2024-04-04T21:57:44.317+0000] {dag.py:3047} INFO - Sync 1 DAGs
[2024-04-04T21:57:44.341+0000] {logging_mixin.py:188} INFO - [2024-04-04T21:57:44.341+0000] {dag.py:3834} INFO - Setting next_dagrun for example_sla_dag to 2024-04-04 21:54:00+00:00, run_after=2024-04-04 21:56:00+00:00
[2024-04-04T21:57:44.365+0000] {processor.py:183} INFO - Processing /home/airflow/.local/lib/python3.8/site-packages/airflow/example_dags/example_sla_dag.py took 0.075 seconds
[2024-04-04T21:58:15.341+0000] {processor.py:161} INFO - Started process (PID=2377) to work on /home/airflow/.local/lib/python3.8/site-packages/airflow/example_dags/example_sla_dag.py
[2024-04-04T21:58:15.342+0000] {processor.py:830} INFO - Processing file /home/airflow/.local/lib/python3.8/site-packages/airflow/example_dags/example_sla_dag.py for tasks to queue
[2024-04-04T21:58:15.344+0000] {logging_mixin.py:188} INFO - [2024-04-04T21:58:15.344+0000] {dagbag.py:540} INFO - Filling up the DagBag from /home/airflow/.local/lib/python3.8/site-packages/airflow/example_dags/example_sla_dag.py
[2024-04-04T21:58:15.353+0000] {processor.py:840} INFO - DAG(s) 'example_sla_dag' retrieved from /home/airflow/.local/lib/python3.8/site-packages/airflow/example_dags/example_sla_dag.py
[2024-04-04T21:58:15.373+0000] {logging_mixin.py:188} INFO - [2024-04-04T21:58:15.373+0000] {dag.py:3047} INFO - Sync 1 DAGs
[2024-04-04T21:58:15.398+0000] {logging_mixin.py:188} INFO - [2024-04-04T21:58:15.397+0000] {dag.py:3834} INFO - Setting next_dagrun for example_sla_dag to 2024-04-04 21:56:00+00:00, run_after=2024-04-04 21:58:00+00:00
[2024-04-04T21:58:15.420+0000] {processor.py:183} INFO - Processing /home/airflow/.local/lib/python3.8/site-packages/airflow/example_dags/example_sla_dag.py took 0.082 seconds
[2024-04-04T21:58:45.955+0000] {processor.py:161} INFO - Started process (PID=2432) to work on /home/airflow/.local/lib/python3.8/site-packages/airflow/example_dags/example_sla_dag.py
[2024-04-04T21:58:45.957+0000] {processor.py:830} INFO - Processing file /home/airflow/.local/lib/python3.8/site-packages/airflow/example_dags/example_sla_dag.py for tasks to queue
[2024-04-04T21:58:45.961+0000] {logging_mixin.py:188} INFO - [2024-04-04T21:58:45.960+0000] {dagbag.py:540} INFO - Filling up the DagBag from /home/airflow/.local/lib/python3.8/site-packages/airflow/example_dags/example_sla_dag.py
[2024-04-04T21:58:45.974+0000] {processor.py:840} INFO - DAG(s) 'example_sla_dag' retrieved from /home/airflow/.local/lib/python3.8/site-packages/airflow/example_dags/example_sla_dag.py
[2024-04-04T21:58:46.000+0000] {logging_mixin.py:188} INFO - [2024-04-04T21:58:45.999+0000] {dag.py:3047} INFO - Sync 1 DAGs
[2024-04-04T21:58:46.030+0000] {logging_mixin.py:188} INFO - [2024-04-04T21:58:46.030+0000] {dag.py:3834} INFO - Setting next_dagrun for example_sla_dag to 2024-04-04 21:56:00+00:00, run_after=2024-04-04 21:58:00+00:00
[2024-04-04T21:58:46.053+0000] {processor.py:183} INFO - Processing /home/airflow/.local/lib/python3.8/site-packages/airflow/example_dags/example_sla_dag.py took 0.105 seconds
[2024-04-04T21:59:16.290+0000] {processor.py:161} INFO - Started process (PID=2486) to work on /home/airflow/.local/lib/python3.8/site-packages/airflow/example_dags/example_sla_dag.py
[2024-04-04T21:59:16.292+0000] {processor.py:830} INFO - Processing file /home/airflow/.local/lib/python3.8/site-packages/airflow/example_dags/example_sla_dag.py for tasks to queue
[2024-04-04T21:59:16.297+0000] {logging_mixin.py:188} INFO - [2024-04-04T21:59:16.297+0000] {dagbag.py:540} INFO - Filling up the DagBag from /home/airflow/.local/lib/python3.8/site-packages/airflow/example_dags/example_sla_dag.py
[2024-04-04T21:59:16.312+0000] {processor.py:840} INFO - DAG(s) 'example_sla_dag' retrieved from /home/airflow/.local/lib/python3.8/site-packages/airflow/example_dags/example_sla_dag.py
[2024-04-04T21:59:16.351+0000] {logging_mixin.py:188} INFO - [2024-04-04T21:59:16.351+0000] {dag.py:3047} INFO - Sync 1 DAGs
[2024-04-04T21:59:16.397+0000] {logging_mixin.py:188} INFO - [2024-04-04T21:59:16.396+0000] {dag.py:3834} INFO - Setting next_dagrun for example_sla_dag to 2024-04-04 21:56:00+00:00, run_after=2024-04-04 21:58:00+00:00
[2024-04-04T21:59:16.424+0000] {processor.py:183} INFO - Processing /home/airflow/.local/lib/python3.8/site-packages/airflow/example_dags/example_sla_dag.py took 0.137 seconds
[2024-04-04T21:59:46.716+0000] {processor.py:161} INFO - Started process (PID=2541) to work on /home/airflow/.local/lib/python3.8/site-packages/airflow/example_dags/example_sla_dag.py
[2024-04-04T21:59:46.720+0000] {processor.py:830} INFO - Processing file /home/airflow/.local/lib/python3.8/site-packages/airflow/example_dags/example_sla_dag.py for tasks to queue
[2024-04-04T21:59:46.722+0000] {logging_mixin.py:188} INFO - [2024-04-04T21:59:46.721+0000] {dagbag.py:540} INFO - Filling up the DagBag from /home/airflow/.local/lib/python3.8/site-packages/airflow/example_dags/example_sla_dag.py
[2024-04-04T21:59:46.727+0000] {processor.py:840} INFO - DAG(s) 'example_sla_dag' retrieved from /home/airflow/.local/lib/python3.8/site-packages/airflow/example_dags/example_sla_dag.py
[2024-04-04T21:59:46.742+0000] {logging_mixin.py:188} INFO - [2024-04-04T21:59:46.742+0000] {dag.py:3047} INFO - Sync 1 DAGs
[2024-04-04T21:59:46.763+0000] {logging_mixin.py:188} INFO - [2024-04-04T21:59:46.762+0000] {dag.py:3834} INFO - Setting next_dagrun for example_sla_dag to 2024-04-04 21:56:00+00:00, run_after=2024-04-04 21:58:00+00:00
[2024-04-04T21:59:46.818+0000] {processor.py:183} INFO - Processing /home/airflow/.local/lib/python3.8/site-packages/airflow/example_dags/example_sla_dag.py took 0.104 seconds
[2024-04-04T22:00:17.644+0000] {processor.py:161} INFO - Started process (PID=2595) to work on /home/airflow/.local/lib/python3.8/site-packages/airflow/example_dags/example_sla_dag.py
[2024-04-04T22:00:17.657+0000] {processor.py:830} INFO - Processing file /home/airflow/.local/lib/python3.8/site-packages/airflow/example_dags/example_sla_dag.py for tasks to queue
[2024-04-04T22:00:17.691+0000] {logging_mixin.py:188} INFO - [2024-04-04T22:00:17.689+0000] {dagbag.py:540} INFO - Filling up the DagBag from /home/airflow/.local/lib/python3.8/site-packages/airflow/example_dags/example_sla_dag.py
[2024-04-04T22:00:17.726+0000] {processor.py:840} INFO - DAG(s) 'example_sla_dag' retrieved from /home/airflow/.local/lib/python3.8/site-packages/airflow/example_dags/example_sla_dag.py
[2024-04-04T22:00:17.772+0000] {logging_mixin.py:188} INFO - [2024-04-04T22:00:17.772+0000] {dag.py:3047} INFO - Sync 1 DAGs
[2024-04-04T22:00:17.829+0000] {logging_mixin.py:188} INFO - [2024-04-04T22:00:17.829+0000] {dag.py:3834} INFO - Setting next_dagrun for example_sla_dag to 2024-04-04 21:58:00+00:00, run_after=2024-04-04 22:00:00+00:00
[2024-04-04T22:00:17.866+0000] {processor.py:183} INFO - Processing /home/airflow/.local/lib/python3.8/site-packages/airflow/example_dags/example_sla_dag.py took 0.225 seconds
