[2024-04-04T21:36:59.042+0000] {processor.py:161} INFO - Started process (PID=53) to work on /home/airflow/.local/lib/python3.8/site-packages/airflow/example_dags/example_sensors.py
[2024-04-04T21:36:59.044+0000] {processor.py:830} INFO - Processing file /home/airflow/.local/lib/python3.8/site-packages/airflow/example_dags/example_sensors.py for tasks to queue
[2024-04-04T21:36:59.046+0000] {logging_mixin.py:188} INFO - [2024-04-04T21:36:59.046+0000] {dagbag.py:540} INFO - Filling up the DagBag from /home/airflow/.local/lib/python3.8/site-packages/airflow/example_dags/example_sensors.py
[2024-04-04T21:36:59.061+0000] {processor.py:840} INFO - DAG(s) 'example_sensors' retrieved from /home/airflow/.local/lib/python3.8/site-packages/airflow/example_dags/example_sensors.py
[2024-04-04T21:36:59.099+0000] {logging_mixin.py:188} INFO - [2024-04-04T21:36:59.099+0000] {dag.py:3047} INFO - Sync 1 DAGs
[2024-04-04T21:36:59.113+0000] {logging_mixin.py:188} INFO - [2024-04-04T21:36:59.113+0000] {dag.py:3834} INFO - Setting next_dagrun for example_sensors to None, run_after=None
[2024-04-04T21:36:59.139+0000] {processor.py:183} INFO - Processing /home/airflow/.local/lib/python3.8/site-packages/airflow/example_dags/example_sensors.py took 0.102 seconds
[2024-04-04T21:37:29.756+0000] {processor.py:161} INFO - Started process (PID=108) to work on /home/airflow/.local/lib/python3.8/site-packages/airflow/example_dags/example_sensors.py
[2024-04-04T21:37:29.757+0000] {processor.py:830} INFO - Processing file /home/airflow/.local/lib/python3.8/site-packages/airflow/example_dags/example_sensors.py for tasks to queue
[2024-04-04T21:37:29.758+0000] {logging_mixin.py:188} INFO - [2024-04-04T21:37:29.758+0000] {dagbag.py:540} INFO - Filling up the DagBag from /home/airflow/.local/lib/python3.8/site-packages/airflow/example_dags/example_sensors.py
[2024-04-04T21:37:29.765+0000] {processor.py:840} INFO - DAG(s) 'example_sensors' retrieved from /home/airflow/.local/lib/python3.8/site-packages/airflow/example_dags/example_sensors.py
[2024-04-04T21:37:29.783+0000] {logging_mixin.py:188} INFO - [2024-04-04T21:37:29.782+0000] {dag.py:3047} INFO - Sync 1 DAGs
[2024-04-04T21:37:29.791+0000] {logging_mixin.py:188} INFO - [2024-04-04T21:37:29.791+0000] {dag.py:3834} INFO - Setting next_dagrun for example_sensors to None, run_after=None
[2024-04-04T21:37:29.805+0000] {processor.py:183} INFO - Processing /home/airflow/.local/lib/python3.8/site-packages/airflow/example_dags/example_sensors.py took 0.052 seconds
[2024-04-04T21:38:00.027+0000] {processor.py:161} INFO - Started process (PID=163) to work on /home/airflow/.local/lib/python3.8/site-packages/airflow/example_dags/example_sensors.py
[2024-04-04T21:38:00.028+0000] {processor.py:830} INFO - Processing file /home/airflow/.local/lib/python3.8/site-packages/airflow/example_dags/example_sensors.py for tasks to queue
[2024-04-04T21:38:00.029+0000] {logging_mixin.py:188} INFO - [2024-04-04T21:38:00.029+0000] {dagbag.py:540} INFO - Filling up the DagBag from /home/airflow/.local/lib/python3.8/site-packages/airflow/example_dags/example_sensors.py
[2024-04-04T21:38:00.035+0000] {processor.py:840} INFO - DAG(s) 'example_sensors' retrieved from /home/airflow/.local/lib/python3.8/site-packages/airflow/example_dags/example_sensors.py
[2024-04-04T21:38:00.053+0000] {logging_mixin.py:188} INFO - [2024-04-04T21:38:00.053+0000] {dag.py:3047} INFO - Sync 1 DAGs
[2024-04-04T21:38:00.062+0000] {logging_mixin.py:188} INFO - [2024-04-04T21:38:00.061+0000] {dag.py:3834} INFO - Setting next_dagrun for example_sensors to None, run_after=None
[2024-04-04T21:38:00.075+0000] {processor.py:183} INFO - Processing /home/airflow/.local/lib/python3.8/site-packages/airflow/example_dags/example_sensors.py took 0.050 seconds
[2024-04-04T21:38:30.352+0000] {processor.py:161} INFO - Started process (PID=218) to work on /home/airflow/.local/lib/python3.8/site-packages/airflow/example_dags/example_sensors.py
[2024-04-04T21:38:30.353+0000] {processor.py:830} INFO - Processing file /home/airflow/.local/lib/python3.8/site-packages/airflow/example_dags/example_sensors.py for tasks to queue
[2024-04-04T21:38:30.354+0000] {logging_mixin.py:188} INFO - [2024-04-04T21:38:30.354+0000] {dagbag.py:540} INFO - Filling up the DagBag from /home/airflow/.local/lib/python3.8/site-packages/airflow/example_dags/example_sensors.py
[2024-04-04T21:38:30.361+0000] {processor.py:840} INFO - DAG(s) 'example_sensors' retrieved from /home/airflow/.local/lib/python3.8/site-packages/airflow/example_dags/example_sensors.py
[2024-04-04T21:38:30.379+0000] {logging_mixin.py:188} INFO - [2024-04-04T21:38:30.379+0000] {dag.py:3047} INFO - Sync 1 DAGs
[2024-04-04T21:38:30.388+0000] {logging_mixin.py:188} INFO - [2024-04-04T21:38:30.387+0000] {dag.py:3834} INFO - Setting next_dagrun for example_sensors to None, run_after=None
[2024-04-04T21:38:30.402+0000] {processor.py:183} INFO - Processing /home/airflow/.local/lib/python3.8/site-packages/airflow/example_dags/example_sensors.py took 0.052 seconds
[2024-04-04T21:39:00.747+0000] {processor.py:161} INFO - Started process (PID=274) to work on /home/airflow/.local/lib/python3.8/site-packages/airflow/example_dags/example_sensors.py
[2024-04-04T21:39:00.748+0000] {processor.py:830} INFO - Processing file /home/airflow/.local/lib/python3.8/site-packages/airflow/example_dags/example_sensors.py for tasks to queue
[2024-04-04T21:39:00.749+0000] {logging_mixin.py:188} INFO - [2024-04-04T21:39:00.749+0000] {dagbag.py:540} INFO - Filling up the DagBag from /home/airflow/.local/lib/python3.8/site-packages/airflow/example_dags/example_sensors.py
[2024-04-04T21:39:00.756+0000] {processor.py:840} INFO - DAG(s) 'example_sensors' retrieved from /home/airflow/.local/lib/python3.8/site-packages/airflow/example_dags/example_sensors.py
[2024-04-04T21:39:00.776+0000] {logging_mixin.py:188} INFO - [2024-04-04T21:39:00.776+0000] {dag.py:3047} INFO - Sync 1 DAGs
[2024-04-04T21:39:00.786+0000] {logging_mixin.py:188} INFO - [2024-04-04T21:39:00.786+0000] {dag.py:3834} INFO - Setting next_dagrun for example_sensors to None, run_after=None
[2024-04-04T21:39:00.802+0000] {processor.py:183} INFO - Processing /home/airflow/.local/lib/python3.8/site-packages/airflow/example_dags/example_sensors.py took 0.057 seconds
[2024-04-04T21:39:30.977+0000] {processor.py:161} INFO - Started process (PID=329) to work on /home/airflow/.local/lib/python3.8/site-packages/airflow/example_dags/example_sensors.py
[2024-04-04T21:39:30.978+0000] {processor.py:830} INFO - Processing file /home/airflow/.local/lib/python3.8/site-packages/airflow/example_dags/example_sensors.py for tasks to queue
[2024-04-04T21:39:30.980+0000] {logging_mixin.py:188} INFO - [2024-04-04T21:39:30.979+0000] {dagbag.py:540} INFO - Filling up the DagBag from /home/airflow/.local/lib/python3.8/site-packages/airflow/example_dags/example_sensors.py
[2024-04-04T21:39:30.986+0000] {processor.py:840} INFO - DAG(s) 'example_sensors' retrieved from /home/airflow/.local/lib/python3.8/site-packages/airflow/example_dags/example_sensors.py
[2024-04-04T21:39:31.005+0000] {logging_mixin.py:188} INFO - [2024-04-04T21:39:31.004+0000] {dag.py:3047} INFO - Sync 1 DAGs
[2024-04-04T21:39:31.014+0000] {logging_mixin.py:188} INFO - [2024-04-04T21:39:31.014+0000] {dag.py:3834} INFO - Setting next_dagrun for example_sensors to None, run_after=None
[2024-04-04T21:39:31.029+0000] {processor.py:183} INFO - Processing /home/airflow/.local/lib/python3.8/site-packages/airflow/example_dags/example_sensors.py took 0.053 seconds
[2024-04-04T21:40:01.196+0000] {processor.py:161} INFO - Started process (PID=384) to work on /home/airflow/.local/lib/python3.8/site-packages/airflow/example_dags/example_sensors.py
[2024-04-04T21:40:01.196+0000] {processor.py:830} INFO - Processing file /home/airflow/.local/lib/python3.8/site-packages/airflow/example_dags/example_sensors.py for tasks to queue
[2024-04-04T21:40:01.198+0000] {logging_mixin.py:188} INFO - [2024-04-04T21:40:01.197+0000] {dagbag.py:540} INFO - Filling up the DagBag from /home/airflow/.local/lib/python3.8/site-packages/airflow/example_dags/example_sensors.py
[2024-04-04T21:40:01.204+0000] {processor.py:840} INFO - DAG(s) 'example_sensors' retrieved from /home/airflow/.local/lib/python3.8/site-packages/airflow/example_dags/example_sensors.py
[2024-04-04T21:40:01.222+0000] {logging_mixin.py:188} INFO - [2024-04-04T21:40:01.222+0000] {dag.py:3047} INFO - Sync 1 DAGs
[2024-04-04T21:40:01.233+0000] {logging_mixin.py:188} INFO - [2024-04-04T21:40:01.232+0000] {dag.py:3834} INFO - Setting next_dagrun for example_sensors to None, run_after=None
[2024-04-04T21:40:01.247+0000] {processor.py:183} INFO - Processing /home/airflow/.local/lib/python3.8/site-packages/airflow/example_dags/example_sensors.py took 0.053 seconds
[2024-04-04T21:40:31.340+0000] {processor.py:161} INFO - Started process (PID=439) to work on /home/airflow/.local/lib/python3.8/site-packages/airflow/example_dags/example_sensors.py
[2024-04-04T21:40:31.341+0000] {processor.py:830} INFO - Processing file /home/airflow/.local/lib/python3.8/site-packages/airflow/example_dags/example_sensors.py for tasks to queue
[2024-04-04T21:40:31.342+0000] {logging_mixin.py:188} INFO - [2024-04-04T21:40:31.341+0000] {dagbag.py:540} INFO - Filling up the DagBag from /home/airflow/.local/lib/python3.8/site-packages/airflow/example_dags/example_sensors.py
[2024-04-04T21:40:31.348+0000] {processor.py:840} INFO - DAG(s) 'example_sensors' retrieved from /home/airflow/.local/lib/python3.8/site-packages/airflow/example_dags/example_sensors.py
[2024-04-04T21:40:31.367+0000] {logging_mixin.py:188} INFO - [2024-04-04T21:40:31.367+0000] {dag.py:3047} INFO - Sync 1 DAGs
[2024-04-04T21:40:31.376+0000] {logging_mixin.py:188} INFO - [2024-04-04T21:40:31.375+0000] {dag.py:3834} INFO - Setting next_dagrun for example_sensors to None, run_after=None
[2024-04-04T21:40:31.390+0000] {processor.py:183} INFO - Processing /home/airflow/.local/lib/python3.8/site-packages/airflow/example_dags/example_sensors.py took 0.052 seconds
[2024-04-04T21:41:01.691+0000] {processor.py:161} INFO - Started process (PID=494) to work on /home/airflow/.local/lib/python3.8/site-packages/airflow/example_dags/example_sensors.py
[2024-04-04T21:41:01.692+0000] {processor.py:830} INFO - Processing file /home/airflow/.local/lib/python3.8/site-packages/airflow/example_dags/example_sensors.py for tasks to queue
[2024-04-04T21:41:01.693+0000] {logging_mixin.py:188} INFO - [2024-04-04T21:41:01.693+0000] {dagbag.py:540} INFO - Filling up the DagBag from /home/airflow/.local/lib/python3.8/site-packages/airflow/example_dags/example_sensors.py
[2024-04-04T21:41:01.700+0000] {processor.py:840} INFO - DAG(s) 'example_sensors' retrieved from /home/airflow/.local/lib/python3.8/site-packages/airflow/example_dags/example_sensors.py
[2024-04-04T21:41:01.719+0000] {logging_mixin.py:188} INFO - [2024-04-04T21:41:01.719+0000] {dag.py:3047} INFO - Sync 1 DAGs
[2024-04-04T21:41:01.728+0000] {logging_mixin.py:188} INFO - [2024-04-04T21:41:01.728+0000] {dag.py:3834} INFO - Setting next_dagrun for example_sensors to None, run_after=None
[2024-04-04T21:41:01.743+0000] {processor.py:183} INFO - Processing /home/airflow/.local/lib/python3.8/site-packages/airflow/example_dags/example_sensors.py took 0.055 seconds
[2024-04-04T21:41:32.022+0000] {processor.py:161} INFO - Started process (PID=549) to work on /home/airflow/.local/lib/python3.8/site-packages/airflow/example_dags/example_sensors.py
[2024-04-04T21:41:32.023+0000] {processor.py:830} INFO - Processing file /home/airflow/.local/lib/python3.8/site-packages/airflow/example_dags/example_sensors.py for tasks to queue
[2024-04-04T21:41:32.025+0000] {logging_mixin.py:188} INFO - [2024-04-04T21:41:32.025+0000] {dagbag.py:540} INFO - Filling up the DagBag from /home/airflow/.local/lib/python3.8/site-packages/airflow/example_dags/example_sensors.py
[2024-04-04T21:41:32.035+0000] {processor.py:840} INFO - DAG(s) 'example_sensors' retrieved from /home/airflow/.local/lib/python3.8/site-packages/airflow/example_dags/example_sensors.py
[2024-04-04T21:41:32.060+0000] {logging_mixin.py:188} INFO - [2024-04-04T21:41:32.060+0000] {dag.py:3047} INFO - Sync 1 DAGs
[2024-04-04T21:41:32.073+0000] {logging_mixin.py:188} INFO - [2024-04-04T21:41:32.073+0000] {dag.py:3834} INFO - Setting next_dagrun for example_sensors to None, run_after=None
[2024-04-04T21:41:32.091+0000] {processor.py:183} INFO - Processing /home/airflow/.local/lib/python3.8/site-packages/airflow/example_dags/example_sensors.py took 0.071 seconds
[2024-04-04T21:42:02.422+0000] {processor.py:161} INFO - Started process (PID=604) to work on /home/airflow/.local/lib/python3.8/site-packages/airflow/example_dags/example_sensors.py
[2024-04-04T21:42:02.423+0000] {processor.py:830} INFO - Processing file /home/airflow/.local/lib/python3.8/site-packages/airflow/example_dags/example_sensors.py for tasks to queue
[2024-04-04T21:42:02.424+0000] {logging_mixin.py:188} INFO - [2024-04-04T21:42:02.424+0000] {dagbag.py:540} INFO - Filling up the DagBag from /home/airflow/.local/lib/python3.8/site-packages/airflow/example_dags/example_sensors.py
[2024-04-04T21:42:02.431+0000] {processor.py:840} INFO - DAG(s) 'example_sensors' retrieved from /home/airflow/.local/lib/python3.8/site-packages/airflow/example_dags/example_sensors.py
[2024-04-04T21:42:02.453+0000] {logging_mixin.py:188} INFO - [2024-04-04T21:42:02.453+0000] {dag.py:3047} INFO - Sync 1 DAGs
[2024-04-04T21:42:02.463+0000] {logging_mixin.py:188} INFO - [2024-04-04T21:42:02.463+0000] {dag.py:3834} INFO - Setting next_dagrun for example_sensors to None, run_after=None
[2024-04-04T21:42:02.479+0000] {processor.py:183} INFO - Processing /home/airflow/.local/lib/python3.8/site-packages/airflow/example_dags/example_sensors.py took 0.059 seconds
[2024-04-04T21:42:33.181+0000] {processor.py:161} INFO - Started process (PID=660) to work on /home/airflow/.local/lib/python3.8/site-packages/airflow/example_dags/example_sensors.py
[2024-04-04T21:42:33.182+0000] {processor.py:830} INFO - Processing file /home/airflow/.local/lib/python3.8/site-packages/airflow/example_dags/example_sensors.py for tasks to queue
[2024-04-04T21:42:33.183+0000] {logging_mixin.py:188} INFO - [2024-04-04T21:42:33.183+0000] {dagbag.py:540} INFO - Filling up the DagBag from /home/airflow/.local/lib/python3.8/site-packages/airflow/example_dags/example_sensors.py
[2024-04-04T21:42:33.189+0000] {processor.py:840} INFO - DAG(s) 'example_sensors' retrieved from /home/airflow/.local/lib/python3.8/site-packages/airflow/example_dags/example_sensors.py
[2024-04-04T21:42:33.208+0000] {logging_mixin.py:188} INFO - [2024-04-04T21:42:33.207+0000] {dag.py:3047} INFO - Sync 1 DAGs
[2024-04-04T21:42:33.217+0000] {logging_mixin.py:188} INFO - [2024-04-04T21:42:33.216+0000] {dag.py:3834} INFO - Setting next_dagrun for example_sensors to None, run_after=None
[2024-04-04T21:42:33.230+0000] {processor.py:183} INFO - Processing /home/airflow/.local/lib/python3.8/site-packages/airflow/example_dags/example_sensors.py took 0.051 seconds
[2024-04-04T21:43:03.730+0000] {processor.py:161} INFO - Started process (PID=715) to work on /home/airflow/.local/lib/python3.8/site-packages/airflow/example_dags/example_sensors.py
[2024-04-04T21:43:03.731+0000] {processor.py:830} INFO - Processing file /home/airflow/.local/lib/python3.8/site-packages/airflow/example_dags/example_sensors.py for tasks to queue
[2024-04-04T21:43:03.732+0000] {logging_mixin.py:188} INFO - [2024-04-04T21:43:03.732+0000] {dagbag.py:540} INFO - Filling up the DagBag from /home/airflow/.local/lib/python3.8/site-packages/airflow/example_dags/example_sensors.py
[2024-04-04T21:43:03.738+0000] {processor.py:840} INFO - DAG(s) 'example_sensors' retrieved from /home/airflow/.local/lib/python3.8/site-packages/airflow/example_dags/example_sensors.py
[2024-04-04T21:43:03.757+0000] {logging_mixin.py:188} INFO - [2024-04-04T21:43:03.756+0000] {dag.py:3047} INFO - Sync 1 DAGs
[2024-04-04T21:43:03.768+0000] {logging_mixin.py:188} INFO - [2024-04-04T21:43:03.768+0000] {dag.py:3834} INFO - Setting next_dagrun for example_sensors to None, run_after=None
[2024-04-04T21:43:03.783+0000] {processor.py:183} INFO - Processing /home/airflow/.local/lib/python3.8/site-packages/airflow/example_dags/example_sensors.py took 0.055 seconds
[2024-04-04T21:43:34.060+0000] {processor.py:161} INFO - Started process (PID=770) to work on /home/airflow/.local/lib/python3.8/site-packages/airflow/example_dags/example_sensors.py
[2024-04-04T21:43:34.061+0000] {processor.py:830} INFO - Processing file /home/airflow/.local/lib/python3.8/site-packages/airflow/example_dags/example_sensors.py for tasks to queue
[2024-04-04T21:43:34.063+0000] {logging_mixin.py:188} INFO - [2024-04-04T21:43:34.063+0000] {dagbag.py:540} INFO - Filling up the DagBag from /home/airflow/.local/lib/python3.8/site-packages/airflow/example_dags/example_sensors.py
[2024-04-04T21:43:34.071+0000] {processor.py:840} INFO - DAG(s) 'example_sensors' retrieved from /home/airflow/.local/lib/python3.8/site-packages/airflow/example_dags/example_sensors.py
[2024-04-04T21:43:34.092+0000] {logging_mixin.py:188} INFO - [2024-04-04T21:43:34.092+0000] {dag.py:3047} INFO - Sync 1 DAGs
[2024-04-04T21:43:34.102+0000] {logging_mixin.py:188} INFO - [2024-04-04T21:43:34.102+0000] {dag.py:3834} INFO - Setting next_dagrun for example_sensors to None, run_after=None
[2024-04-04T21:43:34.118+0000] {processor.py:183} INFO - Processing /home/airflow/.local/lib/python3.8/site-packages/airflow/example_dags/example_sensors.py took 0.061 seconds
[2024-04-04T21:44:04.534+0000] {processor.py:161} INFO - Started process (PID=825) to work on /home/airflow/.local/lib/python3.8/site-packages/airflow/example_dags/example_sensors.py
[2024-04-04T21:44:04.535+0000] {processor.py:830} INFO - Processing file /home/airflow/.local/lib/python3.8/site-packages/airflow/example_dags/example_sensors.py for tasks to queue
[2024-04-04T21:44:04.536+0000] {logging_mixin.py:188} INFO - [2024-04-04T21:44:04.536+0000] {dagbag.py:540} INFO - Filling up the DagBag from /home/airflow/.local/lib/python3.8/site-packages/airflow/example_dags/example_sensors.py
[2024-04-04T21:44:04.542+0000] {processor.py:840} INFO - DAG(s) 'example_sensors' retrieved from /home/airflow/.local/lib/python3.8/site-packages/airflow/example_dags/example_sensors.py
[2024-04-04T21:44:04.560+0000] {logging_mixin.py:188} INFO - [2024-04-04T21:44:04.560+0000] {dag.py:3047} INFO - Sync 1 DAGs
[2024-04-04T21:44:04.569+0000] {logging_mixin.py:188} INFO - [2024-04-04T21:44:04.569+0000] {dag.py:3834} INFO - Setting next_dagrun for example_sensors to None, run_after=None
[2024-04-04T21:44:04.584+0000] {processor.py:183} INFO - Processing /home/airflow/.local/lib/python3.8/site-packages/airflow/example_dags/example_sensors.py took 0.053 seconds
[2024-04-04T21:44:35.007+0000] {processor.py:161} INFO - Started process (PID=880) to work on /home/airflow/.local/lib/python3.8/site-packages/airflow/example_dags/example_sensors.py
[2024-04-04T21:44:35.008+0000] {processor.py:830} INFO - Processing file /home/airflow/.local/lib/python3.8/site-packages/airflow/example_dags/example_sensors.py for tasks to queue
[2024-04-04T21:44:35.009+0000] {logging_mixin.py:188} INFO - [2024-04-04T21:44:35.009+0000] {dagbag.py:540} INFO - Filling up the DagBag from /home/airflow/.local/lib/python3.8/site-packages/airflow/example_dags/example_sensors.py
[2024-04-04T21:44:35.015+0000] {processor.py:840} INFO - DAG(s) 'example_sensors' retrieved from /home/airflow/.local/lib/python3.8/site-packages/airflow/example_dags/example_sensors.py
[2024-04-04T21:44:35.036+0000] {logging_mixin.py:188} INFO - [2024-04-04T21:44:35.036+0000] {dag.py:3047} INFO - Sync 1 DAGs
[2024-04-04T21:44:35.045+0000] {logging_mixin.py:188} INFO - [2024-04-04T21:44:35.045+0000] {dag.py:3834} INFO - Setting next_dagrun for example_sensors to None, run_after=None
[2024-04-04T21:44:35.061+0000] {processor.py:183} INFO - Processing /home/airflow/.local/lib/python3.8/site-packages/airflow/example_dags/example_sensors.py took 0.056 seconds
[2024-04-04T21:45:05.275+0000] {processor.py:161} INFO - Started process (PID=935) to work on /home/airflow/.local/lib/python3.8/site-packages/airflow/example_dags/example_sensors.py
[2024-04-04T21:45:05.276+0000] {processor.py:830} INFO - Processing file /home/airflow/.local/lib/python3.8/site-packages/airflow/example_dags/example_sensors.py for tasks to queue
[2024-04-04T21:45:05.277+0000] {logging_mixin.py:188} INFO - [2024-04-04T21:45:05.277+0000] {dagbag.py:540} INFO - Filling up the DagBag from /home/airflow/.local/lib/python3.8/site-packages/airflow/example_dags/example_sensors.py
[2024-04-04T21:45:05.284+0000] {processor.py:840} INFO - DAG(s) 'example_sensors' retrieved from /home/airflow/.local/lib/python3.8/site-packages/airflow/example_dags/example_sensors.py
[2024-04-04T21:45:05.306+0000] {logging_mixin.py:188} INFO - [2024-04-04T21:45:05.306+0000] {dag.py:3047} INFO - Sync 1 DAGs
[2024-04-04T21:45:05.317+0000] {logging_mixin.py:188} INFO - [2024-04-04T21:45:05.317+0000] {dag.py:3834} INFO - Setting next_dagrun for example_sensors to None, run_after=None
[2024-04-04T21:45:05.332+0000] {processor.py:183} INFO - Processing /home/airflow/.local/lib/python3.8/site-packages/airflow/example_dags/example_sensors.py took 0.059 seconds
[2024-04-04T21:45:35.415+0000] {processor.py:161} INFO - Started process (PID=990) to work on /home/airflow/.local/lib/python3.8/site-packages/airflow/example_dags/example_sensors.py
[2024-04-04T21:45:35.416+0000] {processor.py:830} INFO - Processing file /home/airflow/.local/lib/python3.8/site-packages/airflow/example_dags/example_sensors.py for tasks to queue
[2024-04-04T21:45:35.417+0000] {logging_mixin.py:188} INFO - [2024-04-04T21:45:35.417+0000] {dagbag.py:540} INFO - Filling up the DagBag from /home/airflow/.local/lib/python3.8/site-packages/airflow/example_dags/example_sensors.py
[2024-04-04T21:45:35.424+0000] {processor.py:840} INFO - DAG(s) 'example_sensors' retrieved from /home/airflow/.local/lib/python3.8/site-packages/airflow/example_dags/example_sensors.py
[2024-04-04T21:45:35.445+0000] {logging_mixin.py:188} INFO - [2024-04-04T21:45:35.445+0000] {dag.py:3047} INFO - Sync 1 DAGs
[2024-04-04T21:45:35.455+0000] {logging_mixin.py:188} INFO - [2024-04-04T21:45:35.455+0000] {dag.py:3834} INFO - Setting next_dagrun for example_sensors to None, run_after=None
[2024-04-04T21:45:35.471+0000] {processor.py:183} INFO - Processing /home/airflow/.local/lib/python3.8/site-packages/airflow/example_dags/example_sensors.py took 0.058 seconds
[2024-04-04T21:46:05.601+0000] {processor.py:161} INFO - Started process (PID=1045) to work on /home/airflow/.local/lib/python3.8/site-packages/airflow/example_dags/example_sensors.py
[2024-04-04T21:46:05.602+0000] {processor.py:830} INFO - Processing file /home/airflow/.local/lib/python3.8/site-packages/airflow/example_dags/example_sensors.py for tasks to queue
[2024-04-04T21:46:05.603+0000] {logging_mixin.py:188} INFO - [2024-04-04T21:46:05.602+0000] {dagbag.py:540} INFO - Filling up the DagBag from /home/airflow/.local/lib/python3.8/site-packages/airflow/example_dags/example_sensors.py
[2024-04-04T21:46:05.609+0000] {processor.py:840} INFO - DAG(s) 'example_sensors' retrieved from /home/airflow/.local/lib/python3.8/site-packages/airflow/example_dags/example_sensors.py
[2024-04-04T21:46:05.627+0000] {logging_mixin.py:188} INFO - [2024-04-04T21:46:05.627+0000] {dag.py:3047} INFO - Sync 1 DAGs
[2024-04-04T21:46:05.637+0000] {logging_mixin.py:188} INFO - [2024-04-04T21:46:05.636+0000] {dag.py:3834} INFO - Setting next_dagrun for example_sensors to None, run_after=None
[2024-04-04T21:46:05.651+0000] {processor.py:183} INFO - Processing /home/airflow/.local/lib/python3.8/site-packages/airflow/example_dags/example_sensors.py took 0.052 seconds
[2024-04-04T21:46:35.935+0000] {processor.py:161} INFO - Started process (PID=1100) to work on /home/airflow/.local/lib/python3.8/site-packages/airflow/example_dags/example_sensors.py
[2024-04-04T21:46:35.935+0000] {processor.py:830} INFO - Processing file /home/airflow/.local/lib/python3.8/site-packages/airflow/example_dags/example_sensors.py for tasks to queue
[2024-04-04T21:46:35.937+0000] {logging_mixin.py:188} INFO - [2024-04-04T21:46:35.936+0000] {dagbag.py:540} INFO - Filling up the DagBag from /home/airflow/.local/lib/python3.8/site-packages/airflow/example_dags/example_sensors.py
[2024-04-04T21:46:35.944+0000] {processor.py:840} INFO - DAG(s) 'example_sensors' retrieved from /home/airflow/.local/lib/python3.8/site-packages/airflow/example_dags/example_sensors.py
[2024-04-04T21:46:35.965+0000] {logging_mixin.py:188} INFO - [2024-04-04T21:46:35.965+0000] {dag.py:3047} INFO - Sync 1 DAGs
[2024-04-04T21:46:35.976+0000] {logging_mixin.py:188} INFO - [2024-04-04T21:46:35.976+0000] {dag.py:3834} INFO - Setting next_dagrun for example_sensors to None, run_after=None
[2024-04-04T21:46:35.990+0000] {processor.py:183} INFO - Processing /home/airflow/.local/lib/python3.8/site-packages/airflow/example_dags/example_sensors.py took 0.058 seconds
[2024-04-04T21:47:06.235+0000] {processor.py:161} INFO - Started process (PID=1155) to work on /home/airflow/.local/lib/python3.8/site-packages/airflow/example_dags/example_sensors.py
[2024-04-04T21:47:06.236+0000] {processor.py:830} INFO - Processing file /home/airflow/.local/lib/python3.8/site-packages/airflow/example_dags/example_sensors.py for tasks to queue
[2024-04-04T21:47:06.237+0000] {logging_mixin.py:188} INFO - [2024-04-04T21:47:06.237+0000] {dagbag.py:540} INFO - Filling up the DagBag from /home/airflow/.local/lib/python3.8/site-packages/airflow/example_dags/example_sensors.py
[2024-04-04T21:47:06.244+0000] {processor.py:840} INFO - DAG(s) 'example_sensors' retrieved from /home/airflow/.local/lib/python3.8/site-packages/airflow/example_dags/example_sensors.py
[2024-04-04T21:47:06.263+0000] {logging_mixin.py:188} INFO - [2024-04-04T21:47:06.263+0000] {dag.py:3047} INFO - Sync 1 DAGs
[2024-04-04T21:47:06.272+0000] {logging_mixin.py:188} INFO - [2024-04-04T21:47:06.272+0000] {dag.py:3834} INFO - Setting next_dagrun for example_sensors to None, run_after=None
[2024-04-04T21:47:06.286+0000] {processor.py:183} INFO - Processing /home/airflow/.local/lib/python3.8/site-packages/airflow/example_dags/example_sensors.py took 0.053 seconds
[2024-04-04T21:47:36.596+0000] {processor.py:161} INFO - Started process (PID=1210) to work on /home/airflow/.local/lib/python3.8/site-packages/airflow/example_dags/example_sensors.py
[2024-04-04T21:47:36.597+0000] {processor.py:830} INFO - Processing file /home/airflow/.local/lib/python3.8/site-packages/airflow/example_dags/example_sensors.py for tasks to queue
[2024-04-04T21:47:36.598+0000] {logging_mixin.py:188} INFO - [2024-04-04T21:47:36.598+0000] {dagbag.py:540} INFO - Filling up the DagBag from /home/airflow/.local/lib/python3.8/site-packages/airflow/example_dags/example_sensors.py
[2024-04-04T21:47:36.605+0000] {processor.py:840} INFO - DAG(s) 'example_sensors' retrieved from /home/airflow/.local/lib/python3.8/site-packages/airflow/example_dags/example_sensors.py
[2024-04-04T21:47:36.625+0000] {logging_mixin.py:188} INFO - [2024-04-04T21:47:36.624+0000] {dag.py:3047} INFO - Sync 1 DAGs
[2024-04-04T21:47:36.635+0000] {logging_mixin.py:188} INFO - [2024-04-04T21:47:36.635+0000] {dag.py:3834} INFO - Setting next_dagrun for example_sensors to None, run_after=None
[2024-04-04T21:47:36.651+0000] {processor.py:183} INFO - Processing /home/airflow/.local/lib/python3.8/site-packages/airflow/example_dags/example_sensors.py took 0.057 seconds
[2024-04-04T21:48:06.981+0000] {processor.py:161} INFO - Started process (PID=1265) to work on /home/airflow/.local/lib/python3.8/site-packages/airflow/example_dags/example_sensors.py
[2024-04-04T21:48:06.982+0000] {processor.py:830} INFO - Processing file /home/airflow/.local/lib/python3.8/site-packages/airflow/example_dags/example_sensors.py for tasks to queue
[2024-04-04T21:48:06.986+0000] {logging_mixin.py:188} INFO - [2024-04-04T21:48:06.985+0000] {dagbag.py:540} INFO - Filling up the DagBag from /home/airflow/.local/lib/python3.8/site-packages/airflow/example_dags/example_sensors.py
[2024-04-04T21:48:06.996+0000] {processor.py:840} INFO - DAG(s) 'example_sensors' retrieved from /home/airflow/.local/lib/python3.8/site-packages/airflow/example_dags/example_sensors.py
[2024-04-04T21:48:07.023+0000] {logging_mixin.py:188} INFO - [2024-04-04T21:48:07.022+0000] {dag.py:3047} INFO - Sync 1 DAGs
[2024-04-04T21:48:07.036+0000] {logging_mixin.py:188} INFO - [2024-04-04T21:48:07.035+0000] {dag.py:3834} INFO - Setting next_dagrun for example_sensors to None, run_after=None
[2024-04-04T21:48:07.060+0000] {processor.py:183} INFO - Processing /home/airflow/.local/lib/python3.8/site-packages/airflow/example_dags/example_sensors.py took 0.081 seconds
[2024-04-04T21:48:37.107+0000] {processor.py:161} INFO - Started process (PID=1319) to work on /home/airflow/.local/lib/python3.8/site-packages/airflow/example_dags/example_sensors.py
[2024-04-04T21:48:37.108+0000] {processor.py:830} INFO - Processing file /home/airflow/.local/lib/python3.8/site-packages/airflow/example_dags/example_sensors.py for tasks to queue
[2024-04-04T21:48:37.109+0000] {logging_mixin.py:188} INFO - [2024-04-04T21:48:37.109+0000] {dagbag.py:540} INFO - Filling up the DagBag from /home/airflow/.local/lib/python3.8/site-packages/airflow/example_dags/example_sensors.py
[2024-04-04T21:48:37.115+0000] {processor.py:840} INFO - DAG(s) 'example_sensors' retrieved from /home/airflow/.local/lib/python3.8/site-packages/airflow/example_dags/example_sensors.py
[2024-04-04T21:48:37.134+0000] {logging_mixin.py:188} INFO - [2024-04-04T21:48:37.134+0000] {dag.py:3047} INFO - Sync 1 DAGs
[2024-04-04T21:48:37.143+0000] {logging_mixin.py:188} INFO - [2024-04-04T21:48:37.143+0000] {dag.py:3834} INFO - Setting next_dagrun for example_sensors to None, run_after=None
[2024-04-04T21:48:37.161+0000] {processor.py:183} INFO - Processing /home/airflow/.local/lib/python3.8/site-packages/airflow/example_dags/example_sensors.py took 0.056 seconds
[2024-04-04T21:49:07.462+0000] {processor.py:161} INFO - Started process (PID=1375) to work on /home/airflow/.local/lib/python3.8/site-packages/airflow/example_dags/example_sensors.py
[2024-04-04T21:49:07.463+0000] {processor.py:830} INFO - Processing file /home/airflow/.local/lib/python3.8/site-packages/airflow/example_dags/example_sensors.py for tasks to queue
[2024-04-04T21:49:07.464+0000] {logging_mixin.py:188} INFO - [2024-04-04T21:49:07.464+0000] {dagbag.py:540} INFO - Filling up the DagBag from /home/airflow/.local/lib/python3.8/site-packages/airflow/example_dags/example_sensors.py
[2024-04-04T21:49:07.471+0000] {processor.py:840} INFO - DAG(s) 'example_sensors' retrieved from /home/airflow/.local/lib/python3.8/site-packages/airflow/example_dags/example_sensors.py
[2024-04-04T21:49:07.495+0000] {logging_mixin.py:188} INFO - [2024-04-04T21:49:07.495+0000] {dag.py:3047} INFO - Sync 1 DAGs
[2024-04-04T21:49:07.507+0000] {logging_mixin.py:188} INFO - [2024-04-04T21:49:07.506+0000] {dag.py:3834} INFO - Setting next_dagrun for example_sensors to None, run_after=None
[2024-04-04T21:49:07.526+0000] {processor.py:183} INFO - Processing /home/airflow/.local/lib/python3.8/site-packages/airflow/example_dags/example_sensors.py took 0.066 seconds
[2024-04-04T21:49:38.088+0000] {processor.py:161} INFO - Started process (PID=1430) to work on /home/airflow/.local/lib/python3.8/site-packages/airflow/example_dags/example_sensors.py
[2024-04-04T21:49:38.089+0000] {processor.py:830} INFO - Processing file /home/airflow/.local/lib/python3.8/site-packages/airflow/example_dags/example_sensors.py for tasks to queue
[2024-04-04T21:49:38.090+0000] {logging_mixin.py:188} INFO - [2024-04-04T21:49:38.090+0000] {dagbag.py:540} INFO - Filling up the DagBag from /home/airflow/.local/lib/python3.8/site-packages/airflow/example_dags/example_sensors.py
[2024-04-04T21:49:38.097+0000] {processor.py:840} INFO - DAG(s) 'example_sensors' retrieved from /home/airflow/.local/lib/python3.8/site-packages/airflow/example_dags/example_sensors.py
[2024-04-04T21:49:38.116+0000] {logging_mixin.py:188} INFO - [2024-04-04T21:49:38.116+0000] {dag.py:3047} INFO - Sync 1 DAGs
[2024-04-04T21:49:38.125+0000] {logging_mixin.py:188} INFO - [2024-04-04T21:49:38.125+0000] {dag.py:3834} INFO - Setting next_dagrun for example_sensors to None, run_after=None
[2024-04-04T21:49:38.140+0000] {processor.py:183} INFO - Processing /home/airflow/.local/lib/python3.8/site-packages/airflow/example_dags/example_sensors.py took 0.054 seconds
[2024-04-04T21:50:08.611+0000] {processor.py:161} INFO - Started process (PID=1485) to work on /home/airflow/.local/lib/python3.8/site-packages/airflow/example_dags/example_sensors.py
[2024-04-04T21:50:08.612+0000] {processor.py:830} INFO - Processing file /home/airflow/.local/lib/python3.8/site-packages/airflow/example_dags/example_sensors.py for tasks to queue
[2024-04-04T21:50:08.613+0000] {logging_mixin.py:188} INFO - [2024-04-04T21:50:08.613+0000] {dagbag.py:540} INFO - Filling up the DagBag from /home/airflow/.local/lib/python3.8/site-packages/airflow/example_dags/example_sensors.py
[2024-04-04T21:50:08.619+0000] {processor.py:840} INFO - DAG(s) 'example_sensors' retrieved from /home/airflow/.local/lib/python3.8/site-packages/airflow/example_dags/example_sensors.py
[2024-04-04T21:50:08.636+0000] {logging_mixin.py:188} INFO - [2024-04-04T21:50:08.636+0000] {dag.py:3047} INFO - Sync 1 DAGs
[2024-04-04T21:50:08.645+0000] {logging_mixin.py:188} INFO - [2024-04-04T21:50:08.645+0000] {dag.py:3834} INFO - Setting next_dagrun for example_sensors to None, run_after=None
[2024-04-04T21:50:08.662+0000] {processor.py:183} INFO - Processing /home/airflow/.local/lib/python3.8/site-packages/airflow/example_dags/example_sensors.py took 0.053 seconds
[2024-04-04T21:50:38.937+0000] {processor.py:161} INFO - Started process (PID=1540) to work on /home/airflow/.local/lib/python3.8/site-packages/airflow/example_dags/example_sensors.py
[2024-04-04T21:50:38.938+0000] {processor.py:830} INFO - Processing file /home/airflow/.local/lib/python3.8/site-packages/airflow/example_dags/example_sensors.py for tasks to queue
[2024-04-04T21:50:38.940+0000] {logging_mixin.py:188} INFO - [2024-04-04T21:50:38.939+0000] {dagbag.py:540} INFO - Filling up the DagBag from /home/airflow/.local/lib/python3.8/site-packages/airflow/example_dags/example_sensors.py
[2024-04-04T21:50:38.948+0000] {processor.py:840} INFO - DAG(s) 'example_sensors' retrieved from /home/airflow/.local/lib/python3.8/site-packages/airflow/example_dags/example_sensors.py
[2024-04-04T21:50:38.970+0000] {logging_mixin.py:188} INFO - [2024-04-04T21:50:38.969+0000] {dag.py:3047} INFO - Sync 1 DAGs
[2024-04-04T21:50:38.981+0000] {logging_mixin.py:188} INFO - [2024-04-04T21:50:38.980+0000] {dag.py:3834} INFO - Setting next_dagrun for example_sensors to None, run_after=None
[2024-04-04T21:50:39.004+0000] {processor.py:183} INFO - Processing /home/airflow/.local/lib/python3.8/site-packages/airflow/example_dags/example_sensors.py took 0.069 seconds
[2024-04-04T21:51:09.508+0000] {processor.py:161} INFO - Started process (PID=1595) to work on /home/airflow/.local/lib/python3.8/site-packages/airflow/example_dags/example_sensors.py
[2024-04-04T21:51:09.509+0000] {processor.py:830} INFO - Processing file /home/airflow/.local/lib/python3.8/site-packages/airflow/example_dags/example_sensors.py for tasks to queue
[2024-04-04T21:51:09.510+0000] {logging_mixin.py:188} INFO - [2024-04-04T21:51:09.510+0000] {dagbag.py:540} INFO - Filling up the DagBag from /home/airflow/.local/lib/python3.8/site-packages/airflow/example_dags/example_sensors.py
[2024-04-04T21:51:09.517+0000] {processor.py:840} INFO - DAG(s) 'example_sensors' retrieved from /home/airflow/.local/lib/python3.8/site-packages/airflow/example_dags/example_sensors.py
[2024-04-04T21:51:09.538+0000] {logging_mixin.py:188} INFO - [2024-04-04T21:51:09.538+0000] {dag.py:3047} INFO - Sync 1 DAGs
[2024-04-04T21:51:09.548+0000] {logging_mixin.py:188} INFO - [2024-04-04T21:51:09.548+0000] {dag.py:3834} INFO - Setting next_dagrun for example_sensors to None, run_after=None
[2024-04-04T21:51:09.564+0000] {processor.py:183} INFO - Processing /home/airflow/.local/lib/python3.8/site-packages/airflow/example_dags/example_sensors.py took 0.058 seconds
[2024-04-04T21:51:39.717+0000] {processor.py:161} INFO - Started process (PID=1650) to work on /home/airflow/.local/lib/python3.8/site-packages/airflow/example_dags/example_sensors.py
[2024-04-04T21:51:39.717+0000] {processor.py:830} INFO - Processing file /home/airflow/.local/lib/python3.8/site-packages/airflow/example_dags/example_sensors.py for tasks to queue
[2024-04-04T21:51:39.719+0000] {logging_mixin.py:188} INFO - [2024-04-04T21:51:39.718+0000] {dagbag.py:540} INFO - Filling up the DagBag from /home/airflow/.local/lib/python3.8/site-packages/airflow/example_dags/example_sensors.py
[2024-04-04T21:51:39.726+0000] {processor.py:840} INFO - DAG(s) 'example_sensors' retrieved from /home/airflow/.local/lib/python3.8/site-packages/airflow/example_dags/example_sensors.py
[2024-04-04T21:51:39.751+0000] {logging_mixin.py:188} INFO - [2024-04-04T21:51:39.751+0000] {dag.py:3047} INFO - Sync 1 DAGs
[2024-04-04T21:51:39.763+0000] {logging_mixin.py:188} INFO - [2024-04-04T21:51:39.762+0000] {dag.py:3834} INFO - Setting next_dagrun for example_sensors to None, run_after=None
[2024-04-04T21:51:39.787+0000] {processor.py:183} INFO - Processing /home/airflow/.local/lib/python3.8/site-packages/airflow/example_dags/example_sensors.py took 0.072 seconds
[2024-04-04T21:52:09.986+0000] {processor.py:161} INFO - Started process (PID=1705) to work on /home/airflow/.local/lib/python3.8/site-packages/airflow/example_dags/example_sensors.py
[2024-04-04T21:52:09.987+0000] {processor.py:830} INFO - Processing file /home/airflow/.local/lib/python3.8/site-packages/airflow/example_dags/example_sensors.py for tasks to queue
[2024-04-04T21:52:09.988+0000] {logging_mixin.py:188} INFO - [2024-04-04T21:52:09.988+0000] {dagbag.py:540} INFO - Filling up the DagBag from /home/airflow/.local/lib/python3.8/site-packages/airflow/example_dags/example_sensors.py
[2024-04-04T21:52:09.995+0000] {processor.py:840} INFO - DAG(s) 'example_sensors' retrieved from /home/airflow/.local/lib/python3.8/site-packages/airflow/example_dags/example_sensors.py
[2024-04-04T21:52:10.016+0000] {logging_mixin.py:188} INFO - [2024-04-04T21:52:10.016+0000] {dag.py:3047} INFO - Sync 1 DAGs
[2024-04-04T21:52:10.026+0000] {logging_mixin.py:188} INFO - [2024-04-04T21:52:10.026+0000] {dag.py:3834} INFO - Setting next_dagrun for example_sensors to None, run_after=None
[2024-04-04T21:52:10.047+0000] {processor.py:183} INFO - Processing /home/airflow/.local/lib/python3.8/site-packages/airflow/example_dags/example_sensors.py took 0.064 seconds
[2024-04-04T21:52:40.338+0000] {processor.py:161} INFO - Started process (PID=1760) to work on /home/airflow/.local/lib/python3.8/site-packages/airflow/example_dags/example_sensors.py
[2024-04-04T21:52:40.339+0000] {processor.py:830} INFO - Processing file /home/airflow/.local/lib/python3.8/site-packages/airflow/example_dags/example_sensors.py for tasks to queue
[2024-04-04T21:52:40.340+0000] {logging_mixin.py:188} INFO - [2024-04-04T21:52:40.340+0000] {dagbag.py:540} INFO - Filling up the DagBag from /home/airflow/.local/lib/python3.8/site-packages/airflow/example_dags/example_sensors.py
[2024-04-04T21:52:40.346+0000] {processor.py:840} INFO - DAG(s) 'example_sensors' retrieved from /home/airflow/.local/lib/python3.8/site-packages/airflow/example_dags/example_sensors.py
[2024-04-04T21:52:40.364+0000] {logging_mixin.py:188} INFO - [2024-04-04T21:52:40.364+0000] {dag.py:3047} INFO - Sync 1 DAGs
[2024-04-04T21:52:40.373+0000] {logging_mixin.py:188} INFO - [2024-04-04T21:52:40.372+0000] {dag.py:3834} INFO - Setting next_dagrun for example_sensors to None, run_after=None
[2024-04-04T21:52:40.386+0000] {processor.py:183} INFO - Processing /home/airflow/.local/lib/python3.8/site-packages/airflow/example_dags/example_sensors.py took 0.050 seconds
[2024-04-04T21:53:10.593+0000] {processor.py:161} INFO - Started process (PID=1815) to work on /home/airflow/.local/lib/python3.8/site-packages/airflow/example_dags/example_sensors.py
[2024-04-04T21:53:10.594+0000] {processor.py:830} INFO - Processing file /home/airflow/.local/lib/python3.8/site-packages/airflow/example_dags/example_sensors.py for tasks to queue
[2024-04-04T21:53:10.595+0000] {logging_mixin.py:188} INFO - [2024-04-04T21:53:10.595+0000] {dagbag.py:540} INFO - Filling up the DagBag from /home/airflow/.local/lib/python3.8/site-packages/airflow/example_dags/example_sensors.py
[2024-04-04T21:53:10.604+0000] {processor.py:840} INFO - DAG(s) 'example_sensors' retrieved from /home/airflow/.local/lib/python3.8/site-packages/airflow/example_dags/example_sensors.py
[2024-04-04T21:53:10.624+0000] {logging_mixin.py:188} INFO - [2024-04-04T21:53:10.624+0000] {dag.py:3047} INFO - Sync 1 DAGs
[2024-04-04T21:53:10.634+0000] {logging_mixin.py:188} INFO - [2024-04-04T21:53:10.634+0000] {dag.py:3834} INFO - Setting next_dagrun for example_sensors to None, run_after=None
[2024-04-04T21:53:10.651+0000] {processor.py:183} INFO - Processing /home/airflow/.local/lib/python3.8/site-packages/airflow/example_dags/example_sensors.py took 0.060 seconds
[2024-04-04T21:53:40.956+0000] {processor.py:161} INFO - Started process (PID=1870) to work on /home/airflow/.local/lib/python3.8/site-packages/airflow/example_dags/example_sensors.py
[2024-04-04T21:53:40.957+0000] {processor.py:830} INFO - Processing file /home/airflow/.local/lib/python3.8/site-packages/airflow/example_dags/example_sensors.py for tasks to queue
[2024-04-04T21:53:40.958+0000] {logging_mixin.py:188} INFO - [2024-04-04T21:53:40.958+0000] {dagbag.py:540} INFO - Filling up the DagBag from /home/airflow/.local/lib/python3.8/site-packages/airflow/example_dags/example_sensors.py
[2024-04-04T21:53:40.965+0000] {processor.py:840} INFO - DAG(s) 'example_sensors' retrieved from /home/airflow/.local/lib/python3.8/site-packages/airflow/example_dags/example_sensors.py
[2024-04-04T21:53:40.984+0000] {logging_mixin.py:188} INFO - [2024-04-04T21:53:40.984+0000] {dag.py:3047} INFO - Sync 1 DAGs
[2024-04-04T21:53:40.993+0000] {logging_mixin.py:188} INFO - [2024-04-04T21:53:40.993+0000] {dag.py:3834} INFO - Setting next_dagrun for example_sensors to None, run_after=None
[2024-04-04T21:53:41.007+0000] {processor.py:183} INFO - Processing /home/airflow/.local/lib/python3.8/site-packages/airflow/example_dags/example_sensors.py took 0.053 seconds
[2024-04-04T21:54:12.061+0000] {processor.py:161} INFO - Started process (PID=1925) to work on /home/airflow/.local/lib/python3.8/site-packages/airflow/example_dags/example_sensors.py
[2024-04-04T21:54:12.062+0000] {processor.py:830} INFO - Processing file /home/airflow/.local/lib/python3.8/site-packages/airflow/example_dags/example_sensors.py for tasks to queue
[2024-04-04T21:54:12.063+0000] {logging_mixin.py:188} INFO - [2024-04-04T21:54:12.063+0000] {dagbag.py:540} INFO - Filling up the DagBag from /home/airflow/.local/lib/python3.8/site-packages/airflow/example_dags/example_sensors.py
[2024-04-04T21:54:12.070+0000] {processor.py:840} INFO - DAG(s) 'example_sensors' retrieved from /home/airflow/.local/lib/python3.8/site-packages/airflow/example_dags/example_sensors.py
[2024-04-04T21:54:12.092+0000] {logging_mixin.py:188} INFO - [2024-04-04T21:54:12.091+0000] {dag.py:3047} INFO - Sync 1 DAGs
[2024-04-04T21:54:12.102+0000] {logging_mixin.py:188} INFO - [2024-04-04T21:54:12.102+0000] {dag.py:3834} INFO - Setting next_dagrun for example_sensors to None, run_after=None
[2024-04-04T21:54:12.117+0000] {processor.py:183} INFO - Processing /home/airflow/.local/lib/python3.8/site-packages/airflow/example_dags/example_sensors.py took 0.058 seconds
[2024-04-04T21:54:42.431+0000] {processor.py:161} INFO - Started process (PID=1980) to work on /home/airflow/.local/lib/python3.8/site-packages/airflow/example_dags/example_sensors.py
[2024-04-04T21:54:42.432+0000] {processor.py:830} INFO - Processing file /home/airflow/.local/lib/python3.8/site-packages/airflow/example_dags/example_sensors.py for tasks to queue
[2024-04-04T21:54:42.433+0000] {logging_mixin.py:188} INFO - [2024-04-04T21:54:42.433+0000] {dagbag.py:540} INFO - Filling up the DagBag from /home/airflow/.local/lib/python3.8/site-packages/airflow/example_dags/example_sensors.py
[2024-04-04T21:54:42.439+0000] {processor.py:840} INFO - DAG(s) 'example_sensors' retrieved from /home/airflow/.local/lib/python3.8/site-packages/airflow/example_dags/example_sensors.py
[2024-04-04T21:54:42.459+0000] {logging_mixin.py:188} INFO - [2024-04-04T21:54:42.458+0000] {dag.py:3047} INFO - Sync 1 DAGs
[2024-04-04T21:54:42.467+0000] {logging_mixin.py:188} INFO - [2024-04-04T21:54:42.467+0000] {dag.py:3834} INFO - Setting next_dagrun for example_sensors to None, run_after=None
[2024-04-04T21:54:42.480+0000] {processor.py:183} INFO - Processing /home/airflow/.local/lib/python3.8/site-packages/airflow/example_dags/example_sensors.py took 0.051 seconds
[2024-04-04T21:55:12.528+0000] {processor.py:161} INFO - Started process (PID=2035) to work on /home/airflow/.local/lib/python3.8/site-packages/airflow/example_dags/example_sensors.py
[2024-04-04T21:55:12.529+0000] {processor.py:830} INFO - Processing file /home/airflow/.local/lib/python3.8/site-packages/airflow/example_dags/example_sensors.py for tasks to queue
[2024-04-04T21:55:12.530+0000] {logging_mixin.py:188} INFO - [2024-04-04T21:55:12.530+0000] {dagbag.py:540} INFO - Filling up the DagBag from /home/airflow/.local/lib/python3.8/site-packages/airflow/example_dags/example_sensors.py
[2024-04-04T21:55:12.537+0000] {processor.py:840} INFO - DAG(s) 'example_sensors' retrieved from /home/airflow/.local/lib/python3.8/site-packages/airflow/example_dags/example_sensors.py
[2024-04-04T21:55:12.555+0000] {logging_mixin.py:188} INFO - [2024-04-04T21:55:12.555+0000] {dag.py:3047} INFO - Sync 1 DAGs
[2024-04-04T21:55:12.565+0000] {logging_mixin.py:188} INFO - [2024-04-04T21:55:12.565+0000] {dag.py:3834} INFO - Setting next_dagrun for example_sensors to None, run_after=None
[2024-04-04T21:55:12.581+0000] {processor.py:183} INFO - Processing /home/airflow/.local/lib/python3.8/site-packages/airflow/example_dags/example_sensors.py took 0.055 seconds
[2024-04-04T21:55:42.657+0000] {processor.py:161} INFO - Started process (PID=2089) to work on /home/airflow/.local/lib/python3.8/site-packages/airflow/example_dags/example_sensors.py
[2024-04-04T21:55:42.657+0000] {processor.py:830} INFO - Processing file /home/airflow/.local/lib/python3.8/site-packages/airflow/example_dags/example_sensors.py for tasks to queue
[2024-04-04T21:55:42.659+0000] {logging_mixin.py:188} INFO - [2024-04-04T21:55:42.659+0000] {dagbag.py:540} INFO - Filling up the DagBag from /home/airflow/.local/lib/python3.8/site-packages/airflow/example_dags/example_sensors.py
[2024-04-04T21:55:42.665+0000] {processor.py:840} INFO - DAG(s) 'example_sensors' retrieved from /home/airflow/.local/lib/python3.8/site-packages/airflow/example_dags/example_sensors.py
[2024-04-04T21:55:42.685+0000] {logging_mixin.py:188} INFO - [2024-04-04T21:55:42.684+0000] {dag.py:3047} INFO - Sync 1 DAGs
[2024-04-04T21:55:42.696+0000] {logging_mixin.py:188} INFO - [2024-04-04T21:55:42.696+0000] {dag.py:3834} INFO - Setting next_dagrun for example_sensors to None, run_after=None
[2024-04-04T21:55:42.710+0000] {processor.py:183} INFO - Processing /home/airflow/.local/lib/python3.8/site-packages/airflow/example_dags/example_sensors.py took 0.056 seconds
[2024-04-04T21:56:12.870+0000] {processor.py:161} INFO - Started process (PID=2144) to work on /home/airflow/.local/lib/python3.8/site-packages/airflow/example_dags/example_sensors.py
[2024-04-04T21:56:12.871+0000] {processor.py:830} INFO - Processing file /home/airflow/.local/lib/python3.8/site-packages/airflow/example_dags/example_sensors.py for tasks to queue
[2024-04-04T21:56:12.873+0000] {logging_mixin.py:188} INFO - [2024-04-04T21:56:12.872+0000] {dagbag.py:540} INFO - Filling up the DagBag from /home/airflow/.local/lib/python3.8/site-packages/airflow/example_dags/example_sensors.py
[2024-04-04T21:56:12.879+0000] {processor.py:840} INFO - DAG(s) 'example_sensors' retrieved from /home/airflow/.local/lib/python3.8/site-packages/airflow/example_dags/example_sensors.py
[2024-04-04T21:56:12.898+0000] {logging_mixin.py:188} INFO - [2024-04-04T21:56:12.898+0000] {dag.py:3047} INFO - Sync 1 DAGs
[2024-04-04T21:56:12.907+0000] {logging_mixin.py:188} INFO - [2024-04-04T21:56:12.907+0000] {dag.py:3834} INFO - Setting next_dagrun for example_sensors to None, run_after=None
[2024-04-04T21:56:12.921+0000] {processor.py:183} INFO - Processing /home/airflow/.local/lib/python3.8/site-packages/airflow/example_dags/example_sensors.py took 0.053 seconds
[2024-04-04T21:56:43.126+0000] {processor.py:161} INFO - Started process (PID=2199) to work on /home/airflow/.local/lib/python3.8/site-packages/airflow/example_dags/example_sensors.py
[2024-04-04T21:56:43.126+0000] {processor.py:830} INFO - Processing file /home/airflow/.local/lib/python3.8/site-packages/airflow/example_dags/example_sensors.py for tasks to queue
[2024-04-04T21:56:43.128+0000] {logging_mixin.py:188} INFO - [2024-04-04T21:56:43.127+0000] {dagbag.py:540} INFO - Filling up the DagBag from /home/airflow/.local/lib/python3.8/site-packages/airflow/example_dags/example_sensors.py
[2024-04-04T21:56:43.134+0000] {processor.py:840} INFO - DAG(s) 'example_sensors' retrieved from /home/airflow/.local/lib/python3.8/site-packages/airflow/example_dags/example_sensors.py
[2024-04-04T21:56:43.153+0000] {logging_mixin.py:188} INFO - [2024-04-04T21:56:43.152+0000] {dag.py:3047} INFO - Sync 1 DAGs
[2024-04-04T21:56:43.162+0000] {logging_mixin.py:188} INFO - [2024-04-04T21:56:43.162+0000] {dag.py:3834} INFO - Setting next_dagrun for example_sensors to None, run_after=None
[2024-04-04T21:56:43.177+0000] {processor.py:183} INFO - Processing /home/airflow/.local/lib/python3.8/site-packages/airflow/example_dags/example_sensors.py took 0.053 seconds
[2024-04-04T21:57:13.314+0000] {processor.py:161} INFO - Started process (PID=2254) to work on /home/airflow/.local/lib/python3.8/site-packages/airflow/example_dags/example_sensors.py
[2024-04-04T21:57:13.316+0000] {processor.py:830} INFO - Processing file /home/airflow/.local/lib/python3.8/site-packages/airflow/example_dags/example_sensors.py for tasks to queue
[2024-04-04T21:57:13.318+0000] {logging_mixin.py:188} INFO - [2024-04-04T21:57:13.318+0000] {dagbag.py:540} INFO - Filling up the DagBag from /home/airflow/.local/lib/python3.8/site-packages/airflow/example_dags/example_sensors.py
[2024-04-04T21:57:13.326+0000] {processor.py:840} INFO - DAG(s) 'example_sensors' retrieved from /home/airflow/.local/lib/python3.8/site-packages/airflow/example_dags/example_sensors.py
[2024-04-04T21:57:13.346+0000] {logging_mixin.py:188} INFO - [2024-04-04T21:57:13.346+0000] {dag.py:3047} INFO - Sync 1 DAGs
[2024-04-04T21:57:13.355+0000] {logging_mixin.py:188} INFO - [2024-04-04T21:57:13.355+0000] {dag.py:3834} INFO - Setting next_dagrun for example_sensors to None, run_after=None
[2024-04-04T21:57:13.370+0000] {processor.py:183} INFO - Processing /home/airflow/.local/lib/python3.8/site-packages/airflow/example_dags/example_sensors.py took 0.058 seconds
[2024-04-04T21:57:43.599+0000] {processor.py:161} INFO - Started process (PID=2309) to work on /home/airflow/.local/lib/python3.8/site-packages/airflow/example_dags/example_sensors.py
[2024-04-04T21:57:43.600+0000] {processor.py:830} INFO - Processing file /home/airflow/.local/lib/python3.8/site-packages/airflow/example_dags/example_sensors.py for tasks to queue
[2024-04-04T21:57:43.602+0000] {logging_mixin.py:188} INFO - [2024-04-04T21:57:43.601+0000] {dagbag.py:540} INFO - Filling up the DagBag from /home/airflow/.local/lib/python3.8/site-packages/airflow/example_dags/example_sensors.py
[2024-04-04T21:57:43.609+0000] {processor.py:840} INFO - DAG(s) 'example_sensors' retrieved from /home/airflow/.local/lib/python3.8/site-packages/airflow/example_dags/example_sensors.py
[2024-04-04T21:57:43.633+0000] {logging_mixin.py:188} INFO - [2024-04-04T21:57:43.632+0000] {dag.py:3047} INFO - Sync 1 DAGs
[2024-04-04T21:57:43.644+0000] {logging_mixin.py:188} INFO - [2024-04-04T21:57:43.644+0000] {dag.py:3834} INFO - Setting next_dagrun for example_sensors to None, run_after=None
[2024-04-04T21:57:43.664+0000] {processor.py:183} INFO - Processing /home/airflow/.local/lib/python3.8/site-packages/airflow/example_dags/example_sensors.py took 0.068 seconds
[2024-04-04T21:58:13.832+0000] {processor.py:161} INFO - Started process (PID=2364) to work on /home/airflow/.local/lib/python3.8/site-packages/airflow/example_dags/example_sensors.py
[2024-04-04T21:58:13.833+0000] {processor.py:830} INFO - Processing file /home/airflow/.local/lib/python3.8/site-packages/airflow/example_dags/example_sensors.py for tasks to queue
[2024-04-04T21:58:13.835+0000] {logging_mixin.py:188} INFO - [2024-04-04T21:58:13.834+0000] {dagbag.py:540} INFO - Filling up the DagBag from /home/airflow/.local/lib/python3.8/site-packages/airflow/example_dags/example_sensors.py
[2024-04-04T21:58:13.846+0000] {processor.py:840} INFO - DAG(s) 'example_sensors' retrieved from /home/airflow/.local/lib/python3.8/site-packages/airflow/example_dags/example_sensors.py
[2024-04-04T21:58:13.869+0000] {logging_mixin.py:188} INFO - [2024-04-04T21:58:13.868+0000] {dag.py:3047} INFO - Sync 1 DAGs
[2024-04-04T21:58:13.880+0000] {logging_mixin.py:188} INFO - [2024-04-04T21:58:13.880+0000] {dag.py:3834} INFO - Setting next_dagrun for example_sensors to None, run_after=None
[2024-04-04T21:58:13.896+0000] {processor.py:183} INFO - Processing /home/airflow/.local/lib/python3.8/site-packages/airflow/example_dags/example_sensors.py took 0.068 seconds
[2024-04-04T21:58:44.265+0000] {processor.py:161} INFO - Started process (PID=2419) to work on /home/airflow/.local/lib/python3.8/site-packages/airflow/example_dags/example_sensors.py
[2024-04-04T21:58:44.266+0000] {processor.py:830} INFO - Processing file /home/airflow/.local/lib/python3.8/site-packages/airflow/example_dags/example_sensors.py for tasks to queue
[2024-04-04T21:58:44.267+0000] {logging_mixin.py:188} INFO - [2024-04-04T21:58:44.267+0000] {dagbag.py:540} INFO - Filling up the DagBag from /home/airflow/.local/lib/python3.8/site-packages/airflow/example_dags/example_sensors.py
[2024-04-04T21:58:44.274+0000] {processor.py:840} INFO - DAG(s) 'example_sensors' retrieved from /home/airflow/.local/lib/python3.8/site-packages/airflow/example_dags/example_sensors.py
[2024-04-04T21:58:44.296+0000] {logging_mixin.py:188} INFO - [2024-04-04T21:58:44.296+0000] {dag.py:3047} INFO - Sync 1 DAGs
[2024-04-04T21:58:44.306+0000] {logging_mixin.py:188} INFO - [2024-04-04T21:58:44.306+0000] {dag.py:3834} INFO - Setting next_dagrun for example_sensors to None, run_after=None
[2024-04-04T21:58:44.338+0000] {processor.py:183} INFO - Processing /home/airflow/.local/lib/python3.8/site-packages/airflow/example_dags/example_sensors.py took 0.075 seconds
[2024-04-04T21:59:15.242+0000] {processor.py:161} INFO - Started process (PID=2474) to work on /home/airflow/.local/lib/python3.8/site-packages/airflow/example_dags/example_sensors.py
[2024-04-04T21:59:15.244+0000] {processor.py:830} INFO - Processing file /home/airflow/.local/lib/python3.8/site-packages/airflow/example_dags/example_sensors.py for tasks to queue
[2024-04-04T21:59:15.252+0000] {logging_mixin.py:188} INFO - [2024-04-04T21:59:15.251+0000] {dagbag.py:540} INFO - Filling up the DagBag from /home/airflow/.local/lib/python3.8/site-packages/airflow/example_dags/example_sensors.py
[2024-04-04T21:59:15.275+0000] {processor.py:840} INFO - DAG(s) 'example_sensors' retrieved from /home/airflow/.local/lib/python3.8/site-packages/airflow/example_dags/example_sensors.py
[2024-04-04T21:59:15.315+0000] {logging_mixin.py:188} INFO - [2024-04-04T21:59:15.315+0000] {dag.py:3047} INFO - Sync 1 DAGs
[2024-04-04T21:59:15.344+0000] {logging_mixin.py:188} INFO - [2024-04-04T21:59:15.343+0000] {dag.py:3834} INFO - Setting next_dagrun for example_sensors to None, run_after=None
[2024-04-04T21:59:15.385+0000] {processor.py:183} INFO - Processing /home/airflow/.local/lib/python3.8/site-packages/airflow/example_dags/example_sensors.py took 0.147 seconds
[2024-04-04T21:59:45.574+0000] {processor.py:161} INFO - Started process (PID=2529) to work on /home/airflow/.local/lib/python3.8/site-packages/airflow/example_dags/example_sensors.py
[2024-04-04T21:59:45.576+0000] {processor.py:830} INFO - Processing file /home/airflow/.local/lib/python3.8/site-packages/airflow/example_dags/example_sensors.py for tasks to queue
[2024-04-04T21:59:45.579+0000] {logging_mixin.py:188} INFO - [2024-04-04T21:59:45.578+0000] {dagbag.py:540} INFO - Filling up the DagBag from /home/airflow/.local/lib/python3.8/site-packages/airflow/example_dags/example_sensors.py
[2024-04-04T21:59:45.593+0000] {processor.py:840} INFO - DAG(s) 'example_sensors' retrieved from /home/airflow/.local/lib/python3.8/site-packages/airflow/example_dags/example_sensors.py
[2024-04-04T21:59:45.634+0000] {logging_mixin.py:188} INFO - [2024-04-04T21:59:45.634+0000] {dag.py:3047} INFO - Sync 1 DAGs
[2024-04-04T21:59:45.657+0000] {logging_mixin.py:188} INFO - [2024-04-04T21:59:45.656+0000] {dag.py:3834} INFO - Setting next_dagrun for example_sensors to None, run_after=None
[2024-04-04T21:59:45.689+0000] {processor.py:183} INFO - Processing /home/airflow/.local/lib/python3.8/site-packages/airflow/example_dags/example_sensors.py took 0.118 seconds
[2024-04-04T22:00:15.997+0000] {processor.py:161} INFO - Started process (PID=2583) to work on /home/airflow/.local/lib/python3.8/site-packages/airflow/example_dags/example_sensors.py
[2024-04-04T22:00:16.015+0000] {processor.py:830} INFO - Processing file /home/airflow/.local/lib/python3.8/site-packages/airflow/example_dags/example_sensors.py for tasks to queue
[2024-04-04T22:00:16.019+0000] {logging_mixin.py:188} INFO - [2024-04-04T22:00:16.019+0000] {dagbag.py:540} INFO - Filling up the DagBag from /home/airflow/.local/lib/python3.8/site-packages/airflow/example_dags/example_sensors.py
[2024-04-04T22:00:16.032+0000] {processor.py:840} INFO - DAG(s) 'example_sensors' retrieved from /home/airflow/.local/lib/python3.8/site-packages/airflow/example_dags/example_sensors.py
[2024-04-04T22:00:16.062+0000] {logging_mixin.py:188} INFO - [2024-04-04T22:00:16.061+0000] {dag.py:3047} INFO - Sync 1 DAGs
[2024-04-04T22:00:16.099+0000] {logging_mixin.py:188} INFO - [2024-04-04T22:00:16.098+0000] {dag.py:3834} INFO - Setting next_dagrun for example_sensors to None, run_after=None
[2024-04-04T22:00:16.201+0000] {processor.py:183} INFO - Processing /home/airflow/.local/lib/python3.8/site-packages/airflow/example_dags/example_sensors.py took 0.219 seconds
