[2024-04-04T21:36:59.399+0000] {processor.py:161} INFO - Started process (PID=58) to work on /home/airflow/.local/lib/python3.8/site-packages/airflow/example_dags/tutorial_dag.py
[2024-04-04T21:36:59.401+0000] {processor.py:830} INFO - Processing file /home/airflow/.local/lib/python3.8/site-packages/airflow/example_dags/tutorial_dag.py for tasks to queue
[2024-04-04T21:36:59.402+0000] {logging_mixin.py:188} INFO - [2024-04-04T21:36:59.402+0000] {dagbag.py:540} INFO - Filling up the DagBag from /home/airflow/.local/lib/python3.8/site-packages/airflow/example_dags/tutorial_dag.py
[2024-04-04T21:36:59.409+0000] {processor.py:840} INFO - DAG(s) 'tutorial_dag' retrieved from /home/airflow/.local/lib/python3.8/site-packages/airflow/example_dags/tutorial_dag.py
[2024-04-04T21:36:59.431+0000] {logging_mixin.py:188} INFO - [2024-04-04T21:36:59.431+0000] {dag.py:3047} INFO - Sync 1 DAGs
[2024-04-04T21:36:59.443+0000] {logging_mixin.py:188} INFO - [2024-04-04T21:36:59.443+0000] {dag.py:3834} INFO - Setting next_dagrun for tutorial_dag to None, run_after=None
[2024-04-04T21:36:59.463+0000] {processor.py:183} INFO - Processing /home/airflow/.local/lib/python3.8/site-packages/airflow/example_dags/tutorial_dag.py took 0.066 seconds
[2024-04-04T21:37:30.077+0000] {processor.py:161} INFO - Started process (PID=113) to work on /home/airflow/.local/lib/python3.8/site-packages/airflow/example_dags/tutorial_dag.py
[2024-04-04T21:37:30.078+0000] {processor.py:830} INFO - Processing file /home/airflow/.local/lib/python3.8/site-packages/airflow/example_dags/tutorial_dag.py for tasks to queue
[2024-04-04T21:37:30.079+0000] {logging_mixin.py:188} INFO - [2024-04-04T21:37:30.079+0000] {dagbag.py:540} INFO - Filling up the DagBag from /home/airflow/.local/lib/python3.8/site-packages/airflow/example_dags/tutorial_dag.py
[2024-04-04T21:37:30.082+0000] {processor.py:840} INFO - DAG(s) 'tutorial_dag' retrieved from /home/airflow/.local/lib/python3.8/site-packages/airflow/example_dags/tutorial_dag.py
[2024-04-04T21:37:30.095+0000] {logging_mixin.py:188} INFO - [2024-04-04T21:37:30.095+0000] {dag.py:3047} INFO - Sync 1 DAGs
[2024-04-04T21:37:30.104+0000] {logging_mixin.py:188} INFO - [2024-04-04T21:37:30.104+0000] {dag.py:3834} INFO - Setting next_dagrun for tutorial_dag to None, run_after=None
[2024-04-04T21:37:30.116+0000] {processor.py:183} INFO - Processing /home/airflow/.local/lib/python3.8/site-packages/airflow/example_dags/tutorial_dag.py took 0.042 seconds
[2024-04-04T21:38:00.272+0000] {processor.py:161} INFO - Started process (PID=168) to work on /home/airflow/.local/lib/python3.8/site-packages/airflow/example_dags/tutorial_dag.py
[2024-04-04T21:38:00.273+0000] {processor.py:830} INFO - Processing file /home/airflow/.local/lib/python3.8/site-packages/airflow/example_dags/tutorial_dag.py for tasks to queue
[2024-04-04T21:38:00.274+0000] {logging_mixin.py:188} INFO - [2024-04-04T21:38:00.274+0000] {dagbag.py:540} INFO - Filling up the DagBag from /home/airflow/.local/lib/python3.8/site-packages/airflow/example_dags/tutorial_dag.py
[2024-04-04T21:38:00.278+0000] {processor.py:840} INFO - DAG(s) 'tutorial_dag' retrieved from /home/airflow/.local/lib/python3.8/site-packages/airflow/example_dags/tutorial_dag.py
[2024-04-04T21:38:00.292+0000] {logging_mixin.py:188} INFO - [2024-04-04T21:38:00.291+0000] {dag.py:3047} INFO - Sync 1 DAGs
[2024-04-04T21:38:00.301+0000] {logging_mixin.py:188} INFO - [2024-04-04T21:38:00.301+0000] {dag.py:3834} INFO - Setting next_dagrun for tutorial_dag to None, run_after=None
[2024-04-04T21:38:00.314+0000] {processor.py:183} INFO - Processing /home/airflow/.local/lib/python3.8/site-packages/airflow/example_dags/tutorial_dag.py took 0.043 seconds
[2024-04-04T21:38:30.616+0000] {processor.py:161} INFO - Started process (PID=223) to work on /home/airflow/.local/lib/python3.8/site-packages/airflow/example_dags/tutorial_dag.py
[2024-04-04T21:38:30.617+0000] {processor.py:830} INFO - Processing file /home/airflow/.local/lib/python3.8/site-packages/airflow/example_dags/tutorial_dag.py for tasks to queue
[2024-04-04T21:38:30.619+0000] {logging_mixin.py:188} INFO - [2024-04-04T21:38:30.618+0000] {dagbag.py:540} INFO - Filling up the DagBag from /home/airflow/.local/lib/python3.8/site-packages/airflow/example_dags/tutorial_dag.py
[2024-04-04T21:38:30.623+0000] {processor.py:840} INFO - DAG(s) 'tutorial_dag' retrieved from /home/airflow/.local/lib/python3.8/site-packages/airflow/example_dags/tutorial_dag.py
[2024-04-04T21:38:30.638+0000] {logging_mixin.py:188} INFO - [2024-04-04T21:38:30.637+0000] {dag.py:3047} INFO - Sync 1 DAGs
[2024-04-04T21:38:30.647+0000] {logging_mixin.py:188} INFO - [2024-04-04T21:38:30.647+0000] {dag.py:3834} INFO - Setting next_dagrun for tutorial_dag to None, run_after=None
[2024-04-04T21:38:30.662+0000] {processor.py:183} INFO - Processing /home/airflow/.local/lib/python3.8/site-packages/airflow/example_dags/tutorial_dag.py took 0.048 seconds
[2024-04-04T21:39:01.002+0000] {processor.py:161} INFO - Started process (PID=279) to work on /home/airflow/.local/lib/python3.8/site-packages/airflow/example_dags/tutorial_dag.py
[2024-04-04T21:39:01.003+0000] {processor.py:830} INFO - Processing file /home/airflow/.local/lib/python3.8/site-packages/airflow/example_dags/tutorial_dag.py for tasks to queue
[2024-04-04T21:39:01.004+0000] {logging_mixin.py:188} INFO - [2024-04-04T21:39:01.004+0000] {dagbag.py:540} INFO - Filling up the DagBag from /home/airflow/.local/lib/python3.8/site-packages/airflow/example_dags/tutorial_dag.py
[2024-04-04T21:39:01.008+0000] {processor.py:840} INFO - DAG(s) 'tutorial_dag' retrieved from /home/airflow/.local/lib/python3.8/site-packages/airflow/example_dags/tutorial_dag.py
[2024-04-04T21:39:01.021+0000] {logging_mixin.py:188} INFO - [2024-04-04T21:39:01.021+0000] {dag.py:3047} INFO - Sync 1 DAGs
[2024-04-04T21:39:01.031+0000] {logging_mixin.py:188} INFO - [2024-04-04T21:39:01.030+0000] {dag.py:3834} INFO - Setting next_dagrun for tutorial_dag to None, run_after=None
[2024-04-04T21:39:01.044+0000] {processor.py:183} INFO - Processing /home/airflow/.local/lib/python3.8/site-packages/airflow/example_dags/tutorial_dag.py took 0.044 seconds
[2024-04-04T21:39:31.174+0000] {processor.py:161} INFO - Started process (PID=334) to work on /home/airflow/.local/lib/python3.8/site-packages/airflow/example_dags/tutorial_dag.py
[2024-04-04T21:39:31.175+0000] {processor.py:830} INFO - Processing file /home/airflow/.local/lib/python3.8/site-packages/airflow/example_dags/tutorial_dag.py for tasks to queue
[2024-04-04T21:39:31.176+0000] {logging_mixin.py:188} INFO - [2024-04-04T21:39:31.176+0000] {dagbag.py:540} INFO - Filling up the DagBag from /home/airflow/.local/lib/python3.8/site-packages/airflow/example_dags/tutorial_dag.py
[2024-04-04T21:39:31.180+0000] {processor.py:840} INFO - DAG(s) 'tutorial_dag' retrieved from /home/airflow/.local/lib/python3.8/site-packages/airflow/example_dags/tutorial_dag.py
[2024-04-04T21:39:31.194+0000] {logging_mixin.py:188} INFO - [2024-04-04T21:39:31.194+0000] {dag.py:3047} INFO - Sync 1 DAGs
[2024-04-04T21:39:31.203+0000] {logging_mixin.py:188} INFO - [2024-04-04T21:39:31.203+0000] {dag.py:3834} INFO - Setting next_dagrun for tutorial_dag to None, run_after=None
[2024-04-04T21:39:31.218+0000] {processor.py:183} INFO - Processing /home/airflow/.local/lib/python3.8/site-packages/airflow/example_dags/tutorial_dag.py took 0.046 seconds
[2024-04-04T21:40:01.411+0000] {processor.py:161} INFO - Started process (PID=389) to work on /home/airflow/.local/lib/python3.8/site-packages/airflow/example_dags/tutorial_dag.py
[2024-04-04T21:40:01.411+0000] {processor.py:830} INFO - Processing file /home/airflow/.local/lib/python3.8/site-packages/airflow/example_dags/tutorial_dag.py for tasks to queue
[2024-04-04T21:40:01.413+0000] {logging_mixin.py:188} INFO - [2024-04-04T21:40:01.412+0000] {dagbag.py:540} INFO - Filling up the DagBag from /home/airflow/.local/lib/python3.8/site-packages/airflow/example_dags/tutorial_dag.py
[2024-04-04T21:40:01.416+0000] {processor.py:840} INFO - DAG(s) 'tutorial_dag' retrieved from /home/airflow/.local/lib/python3.8/site-packages/airflow/example_dags/tutorial_dag.py
[2024-04-04T21:40:01.434+0000] {logging_mixin.py:188} INFO - [2024-04-04T21:40:01.434+0000] {dag.py:3047} INFO - Sync 1 DAGs
[2024-04-04T21:40:01.444+0000] {logging_mixin.py:188} INFO - [2024-04-04T21:40:01.443+0000] {dag.py:3834} INFO - Setting next_dagrun for tutorial_dag to None, run_after=None
[2024-04-04T21:40:01.458+0000] {processor.py:183} INFO - Processing /home/airflow/.local/lib/python3.8/site-packages/airflow/example_dags/tutorial_dag.py took 0.049 seconds
[2024-04-04T21:40:31.657+0000] {processor.py:161} INFO - Started process (PID=444) to work on /home/airflow/.local/lib/python3.8/site-packages/airflow/example_dags/tutorial_dag.py
[2024-04-04T21:40:31.658+0000] {processor.py:830} INFO - Processing file /home/airflow/.local/lib/python3.8/site-packages/airflow/example_dags/tutorial_dag.py for tasks to queue
[2024-04-04T21:40:31.659+0000] {logging_mixin.py:188} INFO - [2024-04-04T21:40:31.659+0000] {dagbag.py:540} INFO - Filling up the DagBag from /home/airflow/.local/lib/python3.8/site-packages/airflow/example_dags/tutorial_dag.py
[2024-04-04T21:40:31.664+0000] {processor.py:840} INFO - DAG(s) 'tutorial_dag' retrieved from /home/airflow/.local/lib/python3.8/site-packages/airflow/example_dags/tutorial_dag.py
[2024-04-04T21:40:31.680+0000] {logging_mixin.py:188} INFO - [2024-04-04T21:40:31.679+0000] {dag.py:3047} INFO - Sync 1 DAGs
[2024-04-04T21:40:31.689+0000] {logging_mixin.py:188} INFO - [2024-04-04T21:40:31.688+0000] {dag.py:3834} INFO - Setting next_dagrun for tutorial_dag to None, run_after=None
[2024-04-04T21:40:31.703+0000] {processor.py:183} INFO - Processing /home/airflow/.local/lib/python3.8/site-packages/airflow/example_dags/tutorial_dag.py took 0.048 seconds
[2024-04-04T21:41:01.945+0000] {processor.py:161} INFO - Started process (PID=499) to work on /home/airflow/.local/lib/python3.8/site-packages/airflow/example_dags/tutorial_dag.py
[2024-04-04T21:41:01.945+0000] {processor.py:830} INFO - Processing file /home/airflow/.local/lib/python3.8/site-packages/airflow/example_dags/tutorial_dag.py for tasks to queue
[2024-04-04T21:41:01.946+0000] {logging_mixin.py:188} INFO - [2024-04-04T21:41:01.946+0000] {dagbag.py:540} INFO - Filling up the DagBag from /home/airflow/.local/lib/python3.8/site-packages/airflow/example_dags/tutorial_dag.py
[2024-04-04T21:41:01.950+0000] {processor.py:840} INFO - DAG(s) 'tutorial_dag' retrieved from /home/airflow/.local/lib/python3.8/site-packages/airflow/example_dags/tutorial_dag.py
[2024-04-04T21:41:01.964+0000] {logging_mixin.py:188} INFO - [2024-04-04T21:41:01.964+0000] {dag.py:3047} INFO - Sync 1 DAGs
[2024-04-04T21:41:01.974+0000] {logging_mixin.py:188} INFO - [2024-04-04T21:41:01.974+0000] {dag.py:3834} INFO - Setting next_dagrun for tutorial_dag to None, run_after=None
[2024-04-04T21:41:01.988+0000] {processor.py:183} INFO - Processing /home/airflow/.local/lib/python3.8/site-packages/airflow/example_dags/tutorial_dag.py took 0.045 seconds
[2024-04-04T21:41:32.305+0000] {processor.py:161} INFO - Started process (PID=554) to work on /home/airflow/.local/lib/python3.8/site-packages/airflow/example_dags/tutorial_dag.py
[2024-04-04T21:41:32.306+0000] {processor.py:830} INFO - Processing file /home/airflow/.local/lib/python3.8/site-packages/airflow/example_dags/tutorial_dag.py for tasks to queue
[2024-04-04T21:41:32.307+0000] {logging_mixin.py:188} INFO - [2024-04-04T21:41:32.307+0000] {dagbag.py:540} INFO - Filling up the DagBag from /home/airflow/.local/lib/python3.8/site-packages/airflow/example_dags/tutorial_dag.py
[2024-04-04T21:41:32.313+0000] {processor.py:840} INFO - DAG(s) 'tutorial_dag' retrieved from /home/airflow/.local/lib/python3.8/site-packages/airflow/example_dags/tutorial_dag.py
[2024-04-04T21:41:32.330+0000] {logging_mixin.py:188} INFO - [2024-04-04T21:41:32.330+0000] {dag.py:3047} INFO - Sync 1 DAGs
[2024-04-04T21:41:32.343+0000] {logging_mixin.py:188} INFO - [2024-04-04T21:41:32.343+0000] {dag.py:3834} INFO - Setting next_dagrun for tutorial_dag to None, run_after=None
[2024-04-04T21:41:32.362+0000] {processor.py:183} INFO - Processing /home/airflow/.local/lib/python3.8/site-packages/airflow/example_dags/tutorial_dag.py took 0.058 seconds
[2024-04-04T21:42:02.703+0000] {processor.py:161} INFO - Started process (PID=609) to work on /home/airflow/.local/lib/python3.8/site-packages/airflow/example_dags/tutorial_dag.py
[2024-04-04T21:42:02.704+0000] {processor.py:830} INFO - Processing file /home/airflow/.local/lib/python3.8/site-packages/airflow/example_dags/tutorial_dag.py for tasks to queue
[2024-04-04T21:42:02.706+0000] {logging_mixin.py:188} INFO - [2024-04-04T21:42:02.705+0000] {dagbag.py:540} INFO - Filling up the DagBag from /home/airflow/.local/lib/python3.8/site-packages/airflow/example_dags/tutorial_dag.py
[2024-04-04T21:42:02.710+0000] {processor.py:840} INFO - DAG(s) 'tutorial_dag' retrieved from /home/airflow/.local/lib/python3.8/site-packages/airflow/example_dags/tutorial_dag.py
[2024-04-04T21:42:02.727+0000] {logging_mixin.py:188} INFO - [2024-04-04T21:42:02.726+0000] {dag.py:3047} INFO - Sync 1 DAGs
[2024-04-04T21:42:02.737+0000] {logging_mixin.py:188} INFO - [2024-04-04T21:42:02.737+0000] {dag.py:3834} INFO - Setting next_dagrun for tutorial_dag to None, run_after=None
[2024-04-04T21:42:02.756+0000] {processor.py:183} INFO - Processing /home/airflow/.local/lib/python3.8/site-packages/airflow/example_dags/tutorial_dag.py took 0.055 seconds
[2024-04-04T21:42:33.420+0000] {processor.py:161} INFO - Started process (PID=665) to work on /home/airflow/.local/lib/python3.8/site-packages/airflow/example_dags/tutorial_dag.py
[2024-04-04T21:42:33.421+0000] {processor.py:830} INFO - Processing file /home/airflow/.local/lib/python3.8/site-packages/airflow/example_dags/tutorial_dag.py for tasks to queue
[2024-04-04T21:42:33.423+0000] {logging_mixin.py:188} INFO - [2024-04-04T21:42:33.422+0000] {dagbag.py:540} INFO - Filling up the DagBag from /home/airflow/.local/lib/python3.8/site-packages/airflow/example_dags/tutorial_dag.py
[2024-04-04T21:42:33.426+0000] {processor.py:840} INFO - DAG(s) 'tutorial_dag' retrieved from /home/airflow/.local/lib/python3.8/site-packages/airflow/example_dags/tutorial_dag.py
[2024-04-04T21:42:33.443+0000] {logging_mixin.py:188} INFO - [2024-04-04T21:42:33.443+0000] {dag.py:3047} INFO - Sync 1 DAGs
[2024-04-04T21:42:33.454+0000] {logging_mixin.py:188} INFO - [2024-04-04T21:42:33.454+0000] {dag.py:3834} INFO - Setting next_dagrun for tutorial_dag to None, run_after=None
[2024-04-04T21:42:33.472+0000] {processor.py:183} INFO - Processing /home/airflow/.local/lib/python3.8/site-packages/airflow/example_dags/tutorial_dag.py took 0.054 seconds
[2024-04-04T21:43:04.075+0000] {processor.py:161} INFO - Started process (PID=720) to work on /home/airflow/.local/lib/python3.8/site-packages/airflow/example_dags/tutorial_dag.py
[2024-04-04T21:43:04.076+0000] {processor.py:830} INFO - Processing file /home/airflow/.local/lib/python3.8/site-packages/airflow/example_dags/tutorial_dag.py for tasks to queue
[2024-04-04T21:43:04.077+0000] {logging_mixin.py:188} INFO - [2024-04-04T21:43:04.077+0000] {dagbag.py:540} INFO - Filling up the DagBag from /home/airflow/.local/lib/python3.8/site-packages/airflow/example_dags/tutorial_dag.py
[2024-04-04T21:43:04.081+0000] {processor.py:840} INFO - DAG(s) 'tutorial_dag' retrieved from /home/airflow/.local/lib/python3.8/site-packages/airflow/example_dags/tutorial_dag.py
[2024-04-04T21:43:04.096+0000] {logging_mixin.py:188} INFO - [2024-04-04T21:43:04.096+0000] {dag.py:3047} INFO - Sync 1 DAGs
[2024-04-04T21:43:04.106+0000] {logging_mixin.py:188} INFO - [2024-04-04T21:43:04.105+0000] {dag.py:3834} INFO - Setting next_dagrun for tutorial_dag to None, run_after=None
[2024-04-04T21:43:04.122+0000] {processor.py:183} INFO - Processing /home/airflow/.local/lib/python3.8/site-packages/airflow/example_dags/tutorial_dag.py took 0.048 seconds
[2024-04-04T21:43:34.279+0000] {processor.py:161} INFO - Started process (PID=775) to work on /home/airflow/.local/lib/python3.8/site-packages/airflow/example_dags/tutorial_dag.py
[2024-04-04T21:43:34.279+0000] {processor.py:830} INFO - Processing file /home/airflow/.local/lib/python3.8/site-packages/airflow/example_dags/tutorial_dag.py for tasks to queue
[2024-04-04T21:43:34.281+0000] {logging_mixin.py:188} INFO - [2024-04-04T21:43:34.281+0000] {dagbag.py:540} INFO - Filling up the DagBag from /home/airflow/.local/lib/python3.8/site-packages/airflow/example_dags/tutorial_dag.py
[2024-04-04T21:43:34.285+0000] {processor.py:840} INFO - DAG(s) 'tutorial_dag' retrieved from /home/airflow/.local/lib/python3.8/site-packages/airflow/example_dags/tutorial_dag.py
[2024-04-04T21:43:34.302+0000] {logging_mixin.py:188} INFO - [2024-04-04T21:43:34.302+0000] {dag.py:3047} INFO - Sync 1 DAGs
[2024-04-04T21:43:34.314+0000] {logging_mixin.py:188} INFO - [2024-04-04T21:43:34.314+0000] {dag.py:3834} INFO - Setting next_dagrun for tutorial_dag to None, run_after=None
[2024-04-04T21:43:34.334+0000] {processor.py:183} INFO - Processing /home/airflow/.local/lib/python3.8/site-packages/airflow/example_dags/tutorial_dag.py took 0.058 seconds
[2024-04-04T21:44:04.800+0000] {processor.py:161} INFO - Started process (PID=830) to work on /home/airflow/.local/lib/python3.8/site-packages/airflow/example_dags/tutorial_dag.py
[2024-04-04T21:44:04.800+0000] {processor.py:830} INFO - Processing file /home/airflow/.local/lib/python3.8/site-packages/airflow/example_dags/tutorial_dag.py for tasks to queue
[2024-04-04T21:44:04.802+0000] {logging_mixin.py:188} INFO - [2024-04-04T21:44:04.802+0000] {dagbag.py:540} INFO - Filling up the DagBag from /home/airflow/.local/lib/python3.8/site-packages/airflow/example_dags/tutorial_dag.py
[2024-04-04T21:44:04.805+0000] {processor.py:840} INFO - DAG(s) 'tutorial_dag' retrieved from /home/airflow/.local/lib/python3.8/site-packages/airflow/example_dags/tutorial_dag.py
[2024-04-04T21:44:04.820+0000] {logging_mixin.py:188} INFO - [2024-04-04T21:44:04.820+0000] {dag.py:3047} INFO - Sync 1 DAGs
[2024-04-04T21:44:04.829+0000] {logging_mixin.py:188} INFO - [2024-04-04T21:44:04.829+0000] {dag.py:3834} INFO - Setting next_dagrun for tutorial_dag to None, run_after=None
[2024-04-04T21:44:04.844+0000] {processor.py:183} INFO - Processing /home/airflow/.local/lib/python3.8/site-packages/airflow/example_dags/tutorial_dag.py took 0.046 seconds
[2024-04-04T21:44:35.288+0000] {processor.py:161} INFO - Started process (PID=885) to work on /home/airflow/.local/lib/python3.8/site-packages/airflow/example_dags/tutorial_dag.py
[2024-04-04T21:44:35.290+0000] {processor.py:830} INFO - Processing file /home/airflow/.local/lib/python3.8/site-packages/airflow/example_dags/tutorial_dag.py for tasks to queue
[2024-04-04T21:44:35.294+0000] {logging_mixin.py:188} INFO - [2024-04-04T21:44:35.294+0000] {dagbag.py:540} INFO - Filling up the DagBag from /home/airflow/.local/lib/python3.8/site-packages/airflow/example_dags/tutorial_dag.py
[2024-04-04T21:44:35.301+0000] {processor.py:840} INFO - DAG(s) 'tutorial_dag' retrieved from /home/airflow/.local/lib/python3.8/site-packages/airflow/example_dags/tutorial_dag.py
[2024-04-04T21:44:35.321+0000] {logging_mixin.py:188} INFO - [2024-04-04T21:44:35.321+0000] {dag.py:3047} INFO - Sync 1 DAGs
[2024-04-04T21:44:35.333+0000] {logging_mixin.py:188} INFO - [2024-04-04T21:44:35.333+0000] {dag.py:3834} INFO - Setting next_dagrun for tutorial_dag to None, run_after=None
[2024-04-04T21:44:35.350+0000] {processor.py:183} INFO - Processing /home/airflow/.local/lib/python3.8/site-packages/airflow/example_dags/tutorial_dag.py took 0.066 seconds
[2024-04-04T21:45:05.461+0000] {processor.py:161} INFO - Started process (PID=940) to work on /home/airflow/.local/lib/python3.8/site-packages/airflow/example_dags/tutorial_dag.py
[2024-04-04T21:45:05.462+0000] {processor.py:830} INFO - Processing file /home/airflow/.local/lib/python3.8/site-packages/airflow/example_dags/tutorial_dag.py for tasks to queue
[2024-04-04T21:45:05.463+0000] {logging_mixin.py:188} INFO - [2024-04-04T21:45:05.462+0000] {dagbag.py:540} INFO - Filling up the DagBag from /home/airflow/.local/lib/python3.8/site-packages/airflow/example_dags/tutorial_dag.py
[2024-04-04T21:45:05.466+0000] {processor.py:840} INFO - DAG(s) 'tutorial_dag' retrieved from /home/airflow/.local/lib/python3.8/site-packages/airflow/example_dags/tutorial_dag.py
[2024-04-04T21:45:05.481+0000] {logging_mixin.py:188} INFO - [2024-04-04T21:45:05.480+0000] {dag.py:3047} INFO - Sync 1 DAGs
[2024-04-04T21:45:05.490+0000] {logging_mixin.py:188} INFO - [2024-04-04T21:45:05.490+0000] {dag.py:3834} INFO - Setting next_dagrun for tutorial_dag to None, run_after=None
[2024-04-04T21:45:05.505+0000] {processor.py:183} INFO - Processing /home/airflow/.local/lib/python3.8/site-packages/airflow/example_dags/tutorial_dag.py took 0.047 seconds
[2024-04-04T21:45:35.657+0000] {processor.py:161} INFO - Started process (PID=995) to work on /home/airflow/.local/lib/python3.8/site-packages/airflow/example_dags/tutorial_dag.py
[2024-04-04T21:45:35.658+0000] {processor.py:830} INFO - Processing file /home/airflow/.local/lib/python3.8/site-packages/airflow/example_dags/tutorial_dag.py for tasks to queue
[2024-04-04T21:45:35.659+0000] {logging_mixin.py:188} INFO - [2024-04-04T21:45:35.659+0000] {dagbag.py:540} INFO - Filling up the DagBag from /home/airflow/.local/lib/python3.8/site-packages/airflow/example_dags/tutorial_dag.py
[2024-04-04T21:45:35.663+0000] {processor.py:840} INFO - DAG(s) 'tutorial_dag' retrieved from /home/airflow/.local/lib/python3.8/site-packages/airflow/example_dags/tutorial_dag.py
[2024-04-04T21:45:35.678+0000] {logging_mixin.py:188} INFO - [2024-04-04T21:45:35.677+0000] {dag.py:3047} INFO - Sync 1 DAGs
[2024-04-04T21:45:35.689+0000] {logging_mixin.py:188} INFO - [2024-04-04T21:45:35.688+0000] {dag.py:3834} INFO - Setting next_dagrun for tutorial_dag to None, run_after=None
[2024-04-04T21:45:35.703+0000] {processor.py:183} INFO - Processing /home/airflow/.local/lib/python3.8/site-packages/airflow/example_dags/tutorial_dag.py took 0.047 seconds
[2024-04-04T21:46:05.838+0000] {processor.py:161} INFO - Started process (PID=1050) to work on /home/airflow/.local/lib/python3.8/site-packages/airflow/example_dags/tutorial_dag.py
[2024-04-04T21:46:05.839+0000] {processor.py:830} INFO - Processing file /home/airflow/.local/lib/python3.8/site-packages/airflow/example_dags/tutorial_dag.py for tasks to queue
[2024-04-04T21:46:05.840+0000] {logging_mixin.py:188} INFO - [2024-04-04T21:46:05.839+0000] {dagbag.py:540} INFO - Filling up the DagBag from /home/airflow/.local/lib/python3.8/site-packages/airflow/example_dags/tutorial_dag.py
[2024-04-04T21:46:05.843+0000] {processor.py:840} INFO - DAG(s) 'tutorial_dag' retrieved from /home/airflow/.local/lib/python3.8/site-packages/airflow/example_dags/tutorial_dag.py
[2024-04-04T21:46:05.857+0000] {logging_mixin.py:188} INFO - [2024-04-04T21:46:05.857+0000] {dag.py:3047} INFO - Sync 1 DAGs
[2024-04-04T21:46:05.867+0000] {logging_mixin.py:188} INFO - [2024-04-04T21:46:05.866+0000] {dag.py:3834} INFO - Setting next_dagrun for tutorial_dag to None, run_after=None
[2024-04-04T21:46:05.882+0000] {processor.py:183} INFO - Processing /home/airflow/.local/lib/python3.8/site-packages/airflow/example_dags/tutorial_dag.py took 0.046 seconds
[2024-04-04T21:46:36.184+0000] {processor.py:161} INFO - Started process (PID=1105) to work on /home/airflow/.local/lib/python3.8/site-packages/airflow/example_dags/tutorial_dag.py
[2024-04-04T21:46:36.184+0000] {processor.py:830} INFO - Processing file /home/airflow/.local/lib/python3.8/site-packages/airflow/example_dags/tutorial_dag.py for tasks to queue
[2024-04-04T21:46:36.186+0000] {logging_mixin.py:188} INFO - [2024-04-04T21:46:36.185+0000] {dagbag.py:540} INFO - Filling up the DagBag from /home/airflow/.local/lib/python3.8/site-packages/airflow/example_dags/tutorial_dag.py
[2024-04-04T21:46:36.189+0000] {processor.py:840} INFO - DAG(s) 'tutorial_dag' retrieved from /home/airflow/.local/lib/python3.8/site-packages/airflow/example_dags/tutorial_dag.py
[2024-04-04T21:46:36.203+0000] {logging_mixin.py:188} INFO - [2024-04-04T21:46:36.203+0000] {dag.py:3047} INFO - Sync 1 DAGs
[2024-04-04T21:46:36.213+0000] {logging_mixin.py:188} INFO - [2024-04-04T21:46:36.213+0000] {dag.py:3834} INFO - Setting next_dagrun for tutorial_dag to None, run_after=None
[2024-04-04T21:46:36.228+0000] {processor.py:183} INFO - Processing /home/airflow/.local/lib/python3.8/site-packages/airflow/example_dags/tutorial_dag.py took 0.047 seconds
[2024-04-04T21:47:06.489+0000] {processor.py:161} INFO - Started process (PID=1160) to work on /home/airflow/.local/lib/python3.8/site-packages/airflow/example_dags/tutorial_dag.py
[2024-04-04T21:47:06.490+0000] {processor.py:830} INFO - Processing file /home/airflow/.local/lib/python3.8/site-packages/airflow/example_dags/tutorial_dag.py for tasks to queue
[2024-04-04T21:47:06.491+0000] {logging_mixin.py:188} INFO - [2024-04-04T21:47:06.491+0000] {dagbag.py:540} INFO - Filling up the DagBag from /home/airflow/.local/lib/python3.8/site-packages/airflow/example_dags/tutorial_dag.py
[2024-04-04T21:47:06.495+0000] {processor.py:840} INFO - DAG(s) 'tutorial_dag' retrieved from /home/airflow/.local/lib/python3.8/site-packages/airflow/example_dags/tutorial_dag.py
[2024-04-04T21:47:06.509+0000] {logging_mixin.py:188} INFO - [2024-04-04T21:47:06.509+0000] {dag.py:3047} INFO - Sync 1 DAGs
[2024-04-04T21:47:06.518+0000] {logging_mixin.py:188} INFO - [2024-04-04T21:47:06.518+0000] {dag.py:3834} INFO - Setting next_dagrun for tutorial_dag to None, run_after=None
[2024-04-04T21:47:06.531+0000] {processor.py:183} INFO - Processing /home/airflow/.local/lib/python3.8/site-packages/airflow/example_dags/tutorial_dag.py took 0.044 seconds
[2024-04-04T21:47:36.855+0000] {processor.py:161} INFO - Started process (PID=1215) to work on /home/airflow/.local/lib/python3.8/site-packages/airflow/example_dags/tutorial_dag.py
[2024-04-04T21:47:36.856+0000] {processor.py:830} INFO - Processing file /home/airflow/.local/lib/python3.8/site-packages/airflow/example_dags/tutorial_dag.py for tasks to queue
[2024-04-04T21:47:36.858+0000] {logging_mixin.py:188} INFO - [2024-04-04T21:47:36.857+0000] {dagbag.py:540} INFO - Filling up the DagBag from /home/airflow/.local/lib/python3.8/site-packages/airflow/example_dags/tutorial_dag.py
[2024-04-04T21:47:36.862+0000] {processor.py:840} INFO - DAG(s) 'tutorial_dag' retrieved from /home/airflow/.local/lib/python3.8/site-packages/airflow/example_dags/tutorial_dag.py
[2024-04-04T21:47:36.882+0000] {logging_mixin.py:188} INFO - [2024-04-04T21:47:36.882+0000] {dag.py:3047} INFO - Sync 1 DAGs
[2024-04-04T21:47:36.895+0000] {logging_mixin.py:188} INFO - [2024-04-04T21:47:36.895+0000] {dag.py:3834} INFO - Setting next_dagrun for tutorial_dag to None, run_after=None
[2024-04-04T21:47:36.918+0000] {processor.py:183} INFO - Processing /home/airflow/.local/lib/python3.8/site-packages/airflow/example_dags/tutorial_dag.py took 0.066 seconds
[2024-04-04T21:48:07.301+0000] {processor.py:161} INFO - Started process (PID=1270) to work on /home/airflow/.local/lib/python3.8/site-packages/airflow/example_dags/tutorial_dag.py
[2024-04-04T21:48:07.303+0000] {processor.py:830} INFO - Processing file /home/airflow/.local/lib/python3.8/site-packages/airflow/example_dags/tutorial_dag.py for tasks to queue
[2024-04-04T21:48:07.304+0000] {logging_mixin.py:188} INFO - [2024-04-04T21:48:07.304+0000] {dagbag.py:540} INFO - Filling up the DagBag from /home/airflow/.local/lib/python3.8/site-packages/airflow/example_dags/tutorial_dag.py
[2024-04-04T21:48:07.309+0000] {processor.py:840} INFO - DAG(s) 'tutorial_dag' retrieved from /home/airflow/.local/lib/python3.8/site-packages/airflow/example_dags/tutorial_dag.py
[2024-04-04T21:48:07.329+0000] {logging_mixin.py:188} INFO - [2024-04-04T21:48:07.329+0000] {dag.py:3047} INFO - Sync 1 DAGs
[2024-04-04T21:48:07.341+0000] {logging_mixin.py:188} INFO - [2024-04-04T21:48:07.341+0000] {dag.py:3834} INFO - Setting next_dagrun for tutorial_dag to None, run_after=None
[2024-04-04T21:48:07.361+0000] {processor.py:183} INFO - Processing /home/airflow/.local/lib/python3.8/site-packages/airflow/example_dags/tutorial_dag.py took 0.062 seconds
[2024-04-04T21:48:37.558+0000] {processor.py:161} INFO - Started process (PID=1325) to work on /home/airflow/.local/lib/python3.8/site-packages/airflow/example_dags/tutorial_dag.py
[2024-04-04T21:48:37.559+0000] {processor.py:830} INFO - Processing file /home/airflow/.local/lib/python3.8/site-packages/airflow/example_dags/tutorial_dag.py for tasks to queue
[2024-04-04T21:48:37.561+0000] {logging_mixin.py:188} INFO - [2024-04-04T21:48:37.561+0000] {dagbag.py:540} INFO - Filling up the DagBag from /home/airflow/.local/lib/python3.8/site-packages/airflow/example_dags/tutorial_dag.py
[2024-04-04T21:48:37.566+0000] {processor.py:840} INFO - DAG(s) 'tutorial_dag' retrieved from /home/airflow/.local/lib/python3.8/site-packages/airflow/example_dags/tutorial_dag.py
[2024-04-04T21:48:37.582+0000] {logging_mixin.py:188} INFO - [2024-04-04T21:48:37.582+0000] {dag.py:3047} INFO - Sync 1 DAGs
[2024-04-04T21:48:37.592+0000] {logging_mixin.py:188} INFO - [2024-04-04T21:48:37.592+0000] {dag.py:3834} INFO - Setting next_dagrun for tutorial_dag to None, run_after=None
[2024-04-04T21:48:37.611+0000] {processor.py:183} INFO - Processing /home/airflow/.local/lib/python3.8/site-packages/airflow/example_dags/tutorial_dag.py took 0.055 seconds
[2024-04-04T21:49:07.802+0000] {processor.py:161} INFO - Started process (PID=1380) to work on /home/airflow/.local/lib/python3.8/site-packages/airflow/example_dags/tutorial_dag.py
[2024-04-04T21:49:07.803+0000] {processor.py:830} INFO - Processing file /home/airflow/.local/lib/python3.8/site-packages/airflow/example_dags/tutorial_dag.py for tasks to queue
[2024-04-04T21:49:07.805+0000] {logging_mixin.py:188} INFO - [2024-04-04T21:49:07.804+0000] {dagbag.py:540} INFO - Filling up the DagBag from /home/airflow/.local/lib/python3.8/site-packages/airflow/example_dags/tutorial_dag.py
[2024-04-04T21:49:07.809+0000] {processor.py:840} INFO - DAG(s) 'tutorial_dag' retrieved from /home/airflow/.local/lib/python3.8/site-packages/airflow/example_dags/tutorial_dag.py
[2024-04-04T21:49:07.825+0000] {logging_mixin.py:188} INFO - [2024-04-04T21:49:07.825+0000] {dag.py:3047} INFO - Sync 1 DAGs
[2024-04-04T21:49:07.836+0000] {logging_mixin.py:188} INFO - [2024-04-04T21:49:07.836+0000] {dag.py:3834} INFO - Setting next_dagrun for tutorial_dag to None, run_after=None
[2024-04-04T21:49:07.859+0000] {processor.py:183} INFO - Processing /home/airflow/.local/lib/python3.8/site-packages/airflow/example_dags/tutorial_dag.py took 0.059 seconds
[2024-04-04T21:49:38.364+0000] {processor.py:161} INFO - Started process (PID=1435) to work on /home/airflow/.local/lib/python3.8/site-packages/airflow/example_dags/tutorial_dag.py
[2024-04-04T21:49:38.365+0000] {processor.py:830} INFO - Processing file /home/airflow/.local/lib/python3.8/site-packages/airflow/example_dags/tutorial_dag.py for tasks to queue
[2024-04-04T21:49:38.366+0000] {logging_mixin.py:188} INFO - [2024-04-04T21:49:38.366+0000] {dagbag.py:540} INFO - Filling up the DagBag from /home/airflow/.local/lib/python3.8/site-packages/airflow/example_dags/tutorial_dag.py
[2024-04-04T21:49:38.370+0000] {processor.py:840} INFO - DAG(s) 'tutorial_dag' retrieved from /home/airflow/.local/lib/python3.8/site-packages/airflow/example_dags/tutorial_dag.py
[2024-04-04T21:49:38.384+0000] {logging_mixin.py:188} INFO - [2024-04-04T21:49:38.384+0000] {dag.py:3047} INFO - Sync 1 DAGs
[2024-04-04T21:49:38.395+0000] {logging_mixin.py:188} INFO - [2024-04-04T21:49:38.395+0000] {dag.py:3834} INFO - Setting next_dagrun for tutorial_dag to None, run_after=None
[2024-04-04T21:49:38.410+0000] {processor.py:183} INFO - Processing /home/airflow/.local/lib/python3.8/site-packages/airflow/example_dags/tutorial_dag.py took 0.049 seconds
[2024-04-04T21:50:08.827+0000] {processor.py:161} INFO - Started process (PID=1490) to work on /home/airflow/.local/lib/python3.8/site-packages/airflow/example_dags/tutorial_dag.py
[2024-04-04T21:50:08.827+0000] {processor.py:830} INFO - Processing file /home/airflow/.local/lib/python3.8/site-packages/airflow/example_dags/tutorial_dag.py for tasks to queue
[2024-04-04T21:50:08.829+0000] {logging_mixin.py:188} INFO - [2024-04-04T21:50:08.828+0000] {dagbag.py:540} INFO - Filling up the DagBag from /home/airflow/.local/lib/python3.8/site-packages/airflow/example_dags/tutorial_dag.py
[2024-04-04T21:50:08.832+0000] {processor.py:840} INFO - DAG(s) 'tutorial_dag' retrieved from /home/airflow/.local/lib/python3.8/site-packages/airflow/example_dags/tutorial_dag.py
[2024-04-04T21:50:08.847+0000] {logging_mixin.py:188} INFO - [2024-04-04T21:50:08.846+0000] {dag.py:3047} INFO - Sync 1 DAGs
[2024-04-04T21:50:08.856+0000] {logging_mixin.py:188} INFO - [2024-04-04T21:50:08.855+0000] {dag.py:3834} INFO - Setting next_dagrun for tutorial_dag to None, run_after=None
[2024-04-04T21:50:08.874+0000] {processor.py:183} INFO - Processing /home/airflow/.local/lib/python3.8/site-packages/airflow/example_dags/tutorial_dag.py took 0.049 seconds
[2024-04-04T21:50:39.201+0000] {processor.py:161} INFO - Started process (PID=1545) to work on /home/airflow/.local/lib/python3.8/site-packages/airflow/example_dags/tutorial_dag.py
[2024-04-04T21:50:39.202+0000] {processor.py:830} INFO - Processing file /home/airflow/.local/lib/python3.8/site-packages/airflow/example_dags/tutorial_dag.py for tasks to queue
[2024-04-04T21:50:39.203+0000] {logging_mixin.py:188} INFO - [2024-04-04T21:50:39.203+0000] {dagbag.py:540} INFO - Filling up the DagBag from /home/airflow/.local/lib/python3.8/site-packages/airflow/example_dags/tutorial_dag.py
[2024-04-04T21:50:39.207+0000] {processor.py:840} INFO - DAG(s) 'tutorial_dag' retrieved from /home/airflow/.local/lib/python3.8/site-packages/airflow/example_dags/tutorial_dag.py
[2024-04-04T21:50:39.223+0000] {logging_mixin.py:188} INFO - [2024-04-04T21:50:39.223+0000] {dag.py:3047} INFO - Sync 1 DAGs
[2024-04-04T21:50:39.236+0000] {logging_mixin.py:188} INFO - [2024-04-04T21:50:39.236+0000] {dag.py:3834} INFO - Setting next_dagrun for tutorial_dag to None, run_after=None
[2024-04-04T21:50:39.258+0000] {processor.py:183} INFO - Processing /home/airflow/.local/lib/python3.8/site-packages/airflow/example_dags/tutorial_dag.py took 0.060 seconds
[2024-04-04T21:51:09.734+0000] {processor.py:161} INFO - Started process (PID=1600) to work on /home/airflow/.local/lib/python3.8/site-packages/airflow/example_dags/tutorial_dag.py
[2024-04-04T21:51:09.736+0000] {processor.py:830} INFO - Processing file /home/airflow/.local/lib/python3.8/site-packages/airflow/example_dags/tutorial_dag.py for tasks to queue
[2024-04-04T21:51:09.738+0000] {logging_mixin.py:188} INFO - [2024-04-04T21:51:09.737+0000] {dagbag.py:540} INFO - Filling up the DagBag from /home/airflow/.local/lib/python3.8/site-packages/airflow/example_dags/tutorial_dag.py
[2024-04-04T21:51:09.743+0000] {processor.py:840} INFO - DAG(s) 'tutorial_dag' retrieved from /home/airflow/.local/lib/python3.8/site-packages/airflow/example_dags/tutorial_dag.py
[2024-04-04T21:51:09.774+0000] {logging_mixin.py:188} INFO - [2024-04-04T21:51:09.774+0000] {dag.py:3047} INFO - Sync 1 DAGs
[2024-04-04T21:51:09.789+0000] {logging_mixin.py:188} INFO - [2024-04-04T21:51:09.788+0000] {dag.py:3834} INFO - Setting next_dagrun for tutorial_dag to None, run_after=None
[2024-04-04T21:51:09.813+0000] {processor.py:183} INFO - Processing /home/airflow/.local/lib/python3.8/site-packages/airflow/example_dags/tutorial_dag.py took 0.082 seconds
[2024-04-04T21:51:39.976+0000] {processor.py:161} INFO - Started process (PID=1655) to work on /home/airflow/.local/lib/python3.8/site-packages/airflow/example_dags/tutorial_dag.py
[2024-04-04T21:51:39.977+0000] {processor.py:830} INFO - Processing file /home/airflow/.local/lib/python3.8/site-packages/airflow/example_dags/tutorial_dag.py for tasks to queue
[2024-04-04T21:51:39.978+0000] {logging_mixin.py:188} INFO - [2024-04-04T21:51:39.978+0000] {dagbag.py:540} INFO - Filling up the DagBag from /home/airflow/.local/lib/python3.8/site-packages/airflow/example_dags/tutorial_dag.py
[2024-04-04T21:51:39.982+0000] {processor.py:840} INFO - DAG(s) 'tutorial_dag' retrieved from /home/airflow/.local/lib/python3.8/site-packages/airflow/example_dags/tutorial_dag.py
[2024-04-04T21:51:39.996+0000] {logging_mixin.py:188} INFO - [2024-04-04T21:51:39.996+0000] {dag.py:3047} INFO - Sync 1 DAGs
[2024-04-04T21:51:40.006+0000] {logging_mixin.py:188} INFO - [2024-04-04T21:51:40.005+0000] {dag.py:3834} INFO - Setting next_dagrun for tutorial_dag to None, run_after=None
[2024-04-04T21:51:40.022+0000] {processor.py:183} INFO - Processing /home/airflow/.local/lib/python3.8/site-packages/airflow/example_dags/tutorial_dag.py took 0.048 seconds
[2024-04-04T21:52:10.246+0000] {processor.py:161} INFO - Started process (PID=1710) to work on /home/airflow/.local/lib/python3.8/site-packages/airflow/example_dags/tutorial_dag.py
[2024-04-04T21:52:10.247+0000] {processor.py:830} INFO - Processing file /home/airflow/.local/lib/python3.8/site-packages/airflow/example_dags/tutorial_dag.py for tasks to queue
[2024-04-04T21:52:10.249+0000] {logging_mixin.py:188} INFO - [2024-04-04T21:52:10.249+0000] {dagbag.py:540} INFO - Filling up the DagBag from /home/airflow/.local/lib/python3.8/site-packages/airflow/example_dags/tutorial_dag.py
[2024-04-04T21:52:10.253+0000] {processor.py:840} INFO - DAG(s) 'tutorial_dag' retrieved from /home/airflow/.local/lib/python3.8/site-packages/airflow/example_dags/tutorial_dag.py
[2024-04-04T21:52:10.269+0000] {logging_mixin.py:188} INFO - [2024-04-04T21:52:10.269+0000] {dag.py:3047} INFO - Sync 1 DAGs
[2024-04-04T21:52:10.280+0000] {logging_mixin.py:188} INFO - [2024-04-04T21:52:10.279+0000] {dag.py:3834} INFO - Setting next_dagrun for tutorial_dag to None, run_after=None
[2024-04-04T21:52:10.299+0000] {processor.py:183} INFO - Processing /home/airflow/.local/lib/python3.8/site-packages/airflow/example_dags/tutorial_dag.py took 0.055 seconds
[2024-04-04T21:52:40.592+0000] {processor.py:161} INFO - Started process (PID=1765) to work on /home/airflow/.local/lib/python3.8/site-packages/airflow/example_dags/tutorial_dag.py
[2024-04-04T21:52:40.592+0000] {processor.py:830} INFO - Processing file /home/airflow/.local/lib/python3.8/site-packages/airflow/example_dags/tutorial_dag.py for tasks to queue
[2024-04-04T21:52:40.593+0000] {logging_mixin.py:188} INFO - [2024-04-04T21:52:40.593+0000] {dagbag.py:540} INFO - Filling up the DagBag from /home/airflow/.local/lib/python3.8/site-packages/airflow/example_dags/tutorial_dag.py
[2024-04-04T21:52:40.597+0000] {processor.py:840} INFO - DAG(s) 'tutorial_dag' retrieved from /home/airflow/.local/lib/python3.8/site-packages/airflow/example_dags/tutorial_dag.py
[2024-04-04T21:52:40.612+0000] {logging_mixin.py:188} INFO - [2024-04-04T21:52:40.612+0000] {dag.py:3047} INFO - Sync 1 DAGs
[2024-04-04T21:52:40.623+0000] {logging_mixin.py:188} INFO - [2024-04-04T21:52:40.623+0000] {dag.py:3834} INFO - Setting next_dagrun for tutorial_dag to None, run_after=None
[2024-04-04T21:52:40.638+0000] {processor.py:183} INFO - Processing /home/airflow/.local/lib/python3.8/site-packages/airflow/example_dags/tutorial_dag.py took 0.049 seconds
[2024-04-04T21:53:10.808+0000] {processor.py:161} INFO - Started process (PID=1820) to work on /home/airflow/.local/lib/python3.8/site-packages/airflow/example_dags/tutorial_dag.py
[2024-04-04T21:53:10.809+0000] {processor.py:830} INFO - Processing file /home/airflow/.local/lib/python3.8/site-packages/airflow/example_dags/tutorial_dag.py for tasks to queue
[2024-04-04T21:53:10.810+0000] {logging_mixin.py:188} INFO - [2024-04-04T21:53:10.810+0000] {dagbag.py:540} INFO - Filling up the DagBag from /home/airflow/.local/lib/python3.8/site-packages/airflow/example_dags/tutorial_dag.py
[2024-04-04T21:53:10.814+0000] {processor.py:840} INFO - DAG(s) 'tutorial_dag' retrieved from /home/airflow/.local/lib/python3.8/site-packages/airflow/example_dags/tutorial_dag.py
[2024-04-04T21:53:10.830+0000] {logging_mixin.py:188} INFO - [2024-04-04T21:53:10.830+0000] {dag.py:3047} INFO - Sync 1 DAGs
[2024-04-04T21:53:10.843+0000] {logging_mixin.py:188} INFO - [2024-04-04T21:53:10.842+0000] {dag.py:3834} INFO - Setting next_dagrun for tutorial_dag to None, run_after=None
[2024-04-04T21:53:10.861+0000] {processor.py:183} INFO - Processing /home/airflow/.local/lib/python3.8/site-packages/airflow/example_dags/tutorial_dag.py took 0.055 seconds
[2024-04-04T21:53:41.147+0000] {processor.py:161} INFO - Started process (PID=1874) to work on /home/airflow/.local/lib/python3.8/site-packages/airflow/example_dags/tutorial_dag.py
[2024-04-04T21:53:41.148+0000] {processor.py:830} INFO - Processing file /home/airflow/.local/lib/python3.8/site-packages/airflow/example_dags/tutorial_dag.py for tasks to queue
[2024-04-04T21:53:41.149+0000] {logging_mixin.py:188} INFO - [2024-04-04T21:53:41.149+0000] {dagbag.py:540} INFO - Filling up the DagBag from /home/airflow/.local/lib/python3.8/site-packages/airflow/example_dags/tutorial_dag.py
[2024-04-04T21:53:41.153+0000] {processor.py:840} INFO - DAG(s) 'tutorial_dag' retrieved from /home/airflow/.local/lib/python3.8/site-packages/airflow/example_dags/tutorial_dag.py
[2024-04-04T21:53:41.167+0000] {logging_mixin.py:188} INFO - [2024-04-04T21:53:41.167+0000] {dag.py:3047} INFO - Sync 1 DAGs
[2024-04-04T21:53:41.177+0000] {logging_mixin.py:188} INFO - [2024-04-04T21:53:41.177+0000] {dag.py:3834} INFO - Setting next_dagrun for tutorial_dag to None, run_after=None
[2024-04-04T21:53:41.192+0000] {processor.py:183} INFO - Processing /home/airflow/.local/lib/python3.8/site-packages/airflow/example_dags/tutorial_dag.py took 0.047 seconds
[2024-04-04T21:54:12.259+0000] {processor.py:161} INFO - Started process (PID=1930) to work on /home/airflow/.local/lib/python3.8/site-packages/airflow/example_dags/tutorial_dag.py
[2024-04-04T21:54:12.260+0000] {processor.py:830} INFO - Processing file /home/airflow/.local/lib/python3.8/site-packages/airflow/example_dags/tutorial_dag.py for tasks to queue
[2024-04-04T21:54:12.261+0000] {logging_mixin.py:188} INFO - [2024-04-04T21:54:12.261+0000] {dagbag.py:540} INFO - Filling up the DagBag from /home/airflow/.local/lib/python3.8/site-packages/airflow/example_dags/tutorial_dag.py
[2024-04-04T21:54:12.264+0000] {processor.py:840} INFO - DAG(s) 'tutorial_dag' retrieved from /home/airflow/.local/lib/python3.8/site-packages/airflow/example_dags/tutorial_dag.py
[2024-04-04T21:54:12.278+0000] {logging_mixin.py:188} INFO - [2024-04-04T21:54:12.278+0000] {dag.py:3047} INFO - Sync 1 DAGs
[2024-04-04T21:54:12.287+0000] {logging_mixin.py:188} INFO - [2024-04-04T21:54:12.287+0000] {dag.py:3834} INFO - Setting next_dagrun for tutorial_dag to None, run_after=None
[2024-04-04T21:54:12.301+0000] {processor.py:183} INFO - Processing /home/airflow/.local/lib/python3.8/site-packages/airflow/example_dags/tutorial_dag.py took 0.044 seconds
[2024-04-04T21:54:42.596+0000] {processor.py:161} INFO - Started process (PID=1985) to work on /home/airflow/.local/lib/python3.8/site-packages/airflow/example_dags/tutorial_dag.py
[2024-04-04T21:54:42.597+0000] {processor.py:830} INFO - Processing file /home/airflow/.local/lib/python3.8/site-packages/airflow/example_dags/tutorial_dag.py for tasks to queue
[2024-04-04T21:54:42.599+0000] {logging_mixin.py:188} INFO - [2024-04-04T21:54:42.599+0000] {dagbag.py:540} INFO - Filling up the DagBag from /home/airflow/.local/lib/python3.8/site-packages/airflow/example_dags/tutorial_dag.py
[2024-04-04T21:54:42.602+0000] {processor.py:840} INFO - DAG(s) 'tutorial_dag' retrieved from /home/airflow/.local/lib/python3.8/site-packages/airflow/example_dags/tutorial_dag.py
[2024-04-04T21:54:42.616+0000] {logging_mixin.py:188} INFO - [2024-04-04T21:54:42.616+0000] {dag.py:3047} INFO - Sync 1 DAGs
[2024-04-04T21:54:42.626+0000] {logging_mixin.py:188} INFO - [2024-04-04T21:54:42.626+0000] {dag.py:3834} INFO - Setting next_dagrun for tutorial_dag to None, run_after=None
[2024-04-04T21:54:42.642+0000] {processor.py:183} INFO - Processing /home/airflow/.local/lib/python3.8/site-packages/airflow/example_dags/tutorial_dag.py took 0.048 seconds
[2024-04-04T21:55:12.831+0000] {processor.py:161} INFO - Started process (PID=2040) to work on /home/airflow/.local/lib/python3.8/site-packages/airflow/example_dags/tutorial_dag.py
[2024-04-04T21:55:12.832+0000] {processor.py:830} INFO - Processing file /home/airflow/.local/lib/python3.8/site-packages/airflow/example_dags/tutorial_dag.py for tasks to queue
[2024-04-04T21:55:12.833+0000] {logging_mixin.py:188} INFO - [2024-04-04T21:55:12.833+0000] {dagbag.py:540} INFO - Filling up the DagBag from /home/airflow/.local/lib/python3.8/site-packages/airflow/example_dags/tutorial_dag.py
[2024-04-04T21:55:12.837+0000] {processor.py:840} INFO - DAG(s) 'tutorial_dag' retrieved from /home/airflow/.local/lib/python3.8/site-packages/airflow/example_dags/tutorial_dag.py
[2024-04-04T21:55:12.851+0000] {logging_mixin.py:188} INFO - [2024-04-04T21:55:12.851+0000] {dag.py:3047} INFO - Sync 1 DAGs
[2024-04-04T21:55:12.860+0000] {logging_mixin.py:188} INFO - [2024-04-04T21:55:12.860+0000] {dag.py:3834} INFO - Setting next_dagrun for tutorial_dag to None, run_after=None
[2024-04-04T21:55:12.874+0000] {processor.py:183} INFO - Processing /home/airflow/.local/lib/python3.8/site-packages/airflow/example_dags/tutorial_dag.py took 0.045 seconds
[2024-04-04T21:55:43.049+0000] {processor.py:161} INFO - Started process (PID=2095) to work on /home/airflow/.local/lib/python3.8/site-packages/airflow/example_dags/tutorial_dag.py
[2024-04-04T21:55:43.050+0000] {processor.py:830} INFO - Processing file /home/airflow/.local/lib/python3.8/site-packages/airflow/example_dags/tutorial_dag.py for tasks to queue
[2024-04-04T21:55:43.051+0000] {logging_mixin.py:188} INFO - [2024-04-04T21:55:43.051+0000] {dagbag.py:540} INFO - Filling up the DagBag from /home/airflow/.local/lib/python3.8/site-packages/airflow/example_dags/tutorial_dag.py
[2024-04-04T21:55:43.055+0000] {processor.py:840} INFO - DAG(s) 'tutorial_dag' retrieved from /home/airflow/.local/lib/python3.8/site-packages/airflow/example_dags/tutorial_dag.py
[2024-04-04T21:55:43.070+0000] {logging_mixin.py:188} INFO - [2024-04-04T21:55:43.070+0000] {dag.py:3047} INFO - Sync 1 DAGs
[2024-04-04T21:55:43.079+0000] {logging_mixin.py:188} INFO - [2024-04-04T21:55:43.079+0000] {dag.py:3834} INFO - Setting next_dagrun for tutorial_dag to None, run_after=None
[2024-04-04T21:55:43.095+0000] {processor.py:183} INFO - Processing /home/airflow/.local/lib/python3.8/site-packages/airflow/example_dags/tutorial_dag.py took 0.048 seconds
[2024-04-04T21:56:13.173+0000] {processor.py:161} INFO - Started process (PID=2150) to work on /home/airflow/.local/lib/python3.8/site-packages/airflow/example_dags/tutorial_dag.py
[2024-04-04T21:56:13.173+0000] {processor.py:830} INFO - Processing file /home/airflow/.local/lib/python3.8/site-packages/airflow/example_dags/tutorial_dag.py for tasks to queue
[2024-04-04T21:56:13.175+0000] {logging_mixin.py:188} INFO - [2024-04-04T21:56:13.174+0000] {dagbag.py:540} INFO - Filling up the DagBag from /home/airflow/.local/lib/python3.8/site-packages/airflow/example_dags/tutorial_dag.py
[2024-04-04T21:56:13.178+0000] {processor.py:840} INFO - DAG(s) 'tutorial_dag' retrieved from /home/airflow/.local/lib/python3.8/site-packages/airflow/example_dags/tutorial_dag.py
[2024-04-04T21:56:13.192+0000] {logging_mixin.py:188} INFO - [2024-04-04T21:56:13.192+0000] {dag.py:3047} INFO - Sync 1 DAGs
[2024-04-04T21:56:13.202+0000] {logging_mixin.py:188} INFO - [2024-04-04T21:56:13.201+0000] {dag.py:3834} INFO - Setting next_dagrun for tutorial_dag to None, run_after=None
[2024-04-04T21:56:13.215+0000] {processor.py:183} INFO - Processing /home/airflow/.local/lib/python3.8/site-packages/airflow/example_dags/tutorial_dag.py took 0.045 seconds
[2024-04-04T21:56:43.416+0000] {processor.py:161} INFO - Started process (PID=2204) to work on /home/airflow/.local/lib/python3.8/site-packages/airflow/example_dags/tutorial_dag.py
[2024-04-04T21:56:43.417+0000] {processor.py:830} INFO - Processing file /home/airflow/.local/lib/python3.8/site-packages/airflow/example_dags/tutorial_dag.py for tasks to queue
[2024-04-04T21:56:43.418+0000] {logging_mixin.py:188} INFO - [2024-04-04T21:56:43.418+0000] {dagbag.py:540} INFO - Filling up the DagBag from /home/airflow/.local/lib/python3.8/site-packages/airflow/example_dags/tutorial_dag.py
[2024-04-04T21:56:43.421+0000] {processor.py:840} INFO - DAG(s) 'tutorial_dag' retrieved from /home/airflow/.local/lib/python3.8/site-packages/airflow/example_dags/tutorial_dag.py
[2024-04-04T21:56:43.436+0000] {logging_mixin.py:188} INFO - [2024-04-04T21:56:43.436+0000] {dag.py:3047} INFO - Sync 1 DAGs
[2024-04-04T21:56:43.446+0000] {logging_mixin.py:188} INFO - [2024-04-04T21:56:43.446+0000] {dag.py:3834} INFO - Setting next_dagrun for tutorial_dag to None, run_after=None
[2024-04-04T21:56:43.461+0000] {processor.py:183} INFO - Processing /home/airflow/.local/lib/python3.8/site-packages/airflow/example_dags/tutorial_dag.py took 0.048 seconds
[2024-04-04T21:57:13.548+0000] {processor.py:161} INFO - Started process (PID=2259) to work on /home/airflow/.local/lib/python3.8/site-packages/airflow/example_dags/tutorial_dag.py
[2024-04-04T21:57:13.549+0000] {processor.py:830} INFO - Processing file /home/airflow/.local/lib/python3.8/site-packages/airflow/example_dags/tutorial_dag.py for tasks to queue
[2024-04-04T21:57:13.550+0000] {logging_mixin.py:188} INFO - [2024-04-04T21:57:13.550+0000] {dagbag.py:540} INFO - Filling up the DagBag from /home/airflow/.local/lib/python3.8/site-packages/airflow/example_dags/tutorial_dag.py
[2024-04-04T21:57:13.553+0000] {processor.py:840} INFO - DAG(s) 'tutorial_dag' retrieved from /home/airflow/.local/lib/python3.8/site-packages/airflow/example_dags/tutorial_dag.py
[2024-04-04T21:57:13.568+0000] {logging_mixin.py:188} INFO - [2024-04-04T21:57:13.568+0000] {dag.py:3047} INFO - Sync 1 DAGs
[2024-04-04T21:57:13.577+0000] {logging_mixin.py:188} INFO - [2024-04-04T21:57:13.577+0000] {dag.py:3834} INFO - Setting next_dagrun for tutorial_dag to None, run_after=None
[2024-04-04T21:57:13.592+0000] {processor.py:183} INFO - Processing /home/airflow/.local/lib/python3.8/site-packages/airflow/example_dags/tutorial_dag.py took 0.046 seconds
[2024-04-04T21:57:43.864+0000] {processor.py:161} INFO - Started process (PID=2314) to work on /home/airflow/.local/lib/python3.8/site-packages/airflow/example_dags/tutorial_dag.py
[2024-04-04T21:57:43.866+0000] {processor.py:830} INFO - Processing file /home/airflow/.local/lib/python3.8/site-packages/airflow/example_dags/tutorial_dag.py for tasks to queue
[2024-04-04T21:57:43.868+0000] {logging_mixin.py:188} INFO - [2024-04-04T21:57:43.867+0000] {dagbag.py:540} INFO - Filling up the DagBag from /home/airflow/.local/lib/python3.8/site-packages/airflow/example_dags/tutorial_dag.py
[2024-04-04T21:57:43.873+0000] {processor.py:840} INFO - DAG(s) 'tutorial_dag' retrieved from /home/airflow/.local/lib/python3.8/site-packages/airflow/example_dags/tutorial_dag.py
[2024-04-04T21:57:43.890+0000] {logging_mixin.py:188} INFO - [2024-04-04T21:57:43.889+0000] {dag.py:3047} INFO - Sync 1 DAGs
[2024-04-04T21:57:43.900+0000] {logging_mixin.py:188} INFO - [2024-04-04T21:57:43.900+0000] {dag.py:3834} INFO - Setting next_dagrun for tutorial_dag to None, run_after=None
[2024-04-04T21:57:43.918+0000] {processor.py:183} INFO - Processing /home/airflow/.local/lib/python3.8/site-packages/airflow/example_dags/tutorial_dag.py took 0.056 seconds
[2024-04-04T21:58:14.058+0000] {processor.py:161} INFO - Started process (PID=2369) to work on /home/airflow/.local/lib/python3.8/site-packages/airflow/example_dags/tutorial_dag.py
[2024-04-04T21:58:14.059+0000] {processor.py:830} INFO - Processing file /home/airflow/.local/lib/python3.8/site-packages/airflow/example_dags/tutorial_dag.py for tasks to queue
[2024-04-04T21:58:14.061+0000] {logging_mixin.py:188} INFO - [2024-04-04T21:58:14.061+0000] {dagbag.py:540} INFO - Filling up the DagBag from /home/airflow/.local/lib/python3.8/site-packages/airflow/example_dags/tutorial_dag.py
[2024-04-04T21:58:14.064+0000] {processor.py:840} INFO - DAG(s) 'tutorial_dag' retrieved from /home/airflow/.local/lib/python3.8/site-packages/airflow/example_dags/tutorial_dag.py
[2024-04-04T21:58:14.079+0000] {logging_mixin.py:188} INFO - [2024-04-04T21:58:14.079+0000] {dag.py:3047} INFO - Sync 1 DAGs
[2024-04-04T21:58:14.088+0000] {logging_mixin.py:188} INFO - [2024-04-04T21:58:14.088+0000] {dag.py:3834} INFO - Setting next_dagrun for tutorial_dag to None, run_after=None
[2024-04-04T21:58:14.104+0000] {processor.py:183} INFO - Processing /home/airflow/.local/lib/python3.8/site-packages/airflow/example_dags/tutorial_dag.py took 0.048 seconds
[2024-04-04T21:58:44.678+0000] {processor.py:161} INFO - Started process (PID=2424) to work on /home/airflow/.local/lib/python3.8/site-packages/airflow/example_dags/tutorial_dag.py
[2024-04-04T21:58:44.680+0000] {processor.py:830} INFO - Processing file /home/airflow/.local/lib/python3.8/site-packages/airflow/example_dags/tutorial_dag.py for tasks to queue
[2024-04-04T21:58:44.682+0000] {logging_mixin.py:188} INFO - [2024-04-04T21:58:44.681+0000] {dagbag.py:540} INFO - Filling up the DagBag from /home/airflow/.local/lib/python3.8/site-packages/airflow/example_dags/tutorial_dag.py
[2024-04-04T21:58:44.685+0000] {processor.py:840} INFO - DAG(s) 'tutorial_dag' retrieved from /home/airflow/.local/lib/python3.8/site-packages/airflow/example_dags/tutorial_dag.py
[2024-04-04T21:58:44.705+0000] {logging_mixin.py:188} INFO - [2024-04-04T21:58:44.705+0000] {dag.py:3047} INFO - Sync 1 DAGs
[2024-04-04T21:58:44.719+0000] {logging_mixin.py:188} INFO - [2024-04-04T21:58:44.719+0000] {dag.py:3834} INFO - Setting next_dagrun for tutorial_dag to None, run_after=None
[2024-04-04T21:58:44.740+0000] {processor.py:183} INFO - Processing /home/airflow/.local/lib/python3.8/site-packages/airflow/example_dags/tutorial_dag.py took 0.064 seconds
[2024-04-04T21:59:15.741+0000] {processor.py:161} INFO - Started process (PID=2479) to work on /home/airflow/.local/lib/python3.8/site-packages/airflow/example_dags/tutorial_dag.py
[2024-04-04T21:59:15.743+0000] {processor.py:830} INFO - Processing file /home/airflow/.local/lib/python3.8/site-packages/airflow/example_dags/tutorial_dag.py for tasks to queue
[2024-04-04T21:59:15.745+0000] {logging_mixin.py:188} INFO - [2024-04-04T21:59:15.745+0000] {dagbag.py:540} INFO - Filling up the DagBag from /home/airflow/.local/lib/python3.8/site-packages/airflow/example_dags/tutorial_dag.py
[2024-04-04T21:59:15.760+0000] {processor.py:840} INFO - DAG(s) 'tutorial_dag' retrieved from /home/airflow/.local/lib/python3.8/site-packages/airflow/example_dags/tutorial_dag.py
[2024-04-04T21:59:15.792+0000] {logging_mixin.py:188} INFO - [2024-04-04T21:59:15.792+0000] {dag.py:3047} INFO - Sync 1 DAGs
[2024-04-04T21:59:15.815+0000] {logging_mixin.py:188} INFO - [2024-04-04T21:59:15.815+0000] {dag.py:3834} INFO - Setting next_dagrun for tutorial_dag to None, run_after=None
[2024-04-04T21:59:15.851+0000] {processor.py:183} INFO - Processing /home/airflow/.local/lib/python3.8/site-packages/airflow/example_dags/tutorial_dag.py took 0.113 seconds
[2024-04-04T21:59:46.097+0000] {processor.py:161} INFO - Started process (PID=2534) to work on /home/airflow/.local/lib/python3.8/site-packages/airflow/example_dags/tutorial_dag.py
[2024-04-04T21:59:46.107+0000] {processor.py:830} INFO - Processing file /home/airflow/.local/lib/python3.8/site-packages/airflow/example_dags/tutorial_dag.py for tasks to queue
[2024-04-04T21:59:46.109+0000] {logging_mixin.py:188} INFO - [2024-04-04T21:59:46.109+0000] {dagbag.py:540} INFO - Filling up the DagBag from /home/airflow/.local/lib/python3.8/site-packages/airflow/example_dags/tutorial_dag.py
[2024-04-04T21:59:46.114+0000] {processor.py:840} INFO - DAG(s) 'tutorial_dag' retrieved from /home/airflow/.local/lib/python3.8/site-packages/airflow/example_dags/tutorial_dag.py
[2024-04-04T21:59:46.132+0000] {logging_mixin.py:188} INFO - [2024-04-04T21:59:46.132+0000] {dag.py:3047} INFO - Sync 1 DAGs
[2024-04-04T21:59:46.143+0000] {logging_mixin.py:188} INFO - [2024-04-04T21:59:46.143+0000] {dag.py:3834} INFO - Setting next_dagrun for tutorial_dag to None, run_after=None
[2024-04-04T21:59:46.272+0000] {processor.py:183} INFO - Processing /home/airflow/.local/lib/python3.8/site-packages/airflow/example_dags/tutorial_dag.py took 0.178 seconds
[2024-04-04T22:00:16.732+0000] {processor.py:161} INFO - Started process (PID=2588) to work on /home/airflow/.local/lib/python3.8/site-packages/airflow/example_dags/tutorial_dag.py
[2024-04-04T22:00:16.743+0000] {processor.py:830} INFO - Processing file /home/airflow/.local/lib/python3.8/site-packages/airflow/example_dags/tutorial_dag.py for tasks to queue
[2024-04-04T22:00:16.745+0000] {logging_mixin.py:188} INFO - [2024-04-04T22:00:16.744+0000] {dagbag.py:540} INFO - Filling up the DagBag from /home/airflow/.local/lib/python3.8/site-packages/airflow/example_dags/tutorial_dag.py
[2024-04-04T22:00:16.822+0000] {processor.py:840} INFO - DAG(s) 'tutorial_dag' retrieved from /home/airflow/.local/lib/python3.8/site-packages/airflow/example_dags/tutorial_dag.py
[2024-04-04T22:00:16.844+0000] {logging_mixin.py:188} INFO - [2024-04-04T22:00:16.844+0000] {dag.py:3047} INFO - Sync 1 DAGs
[2024-04-04T22:00:16.859+0000] {logging_mixin.py:188} INFO - [2024-04-04T22:00:16.858+0000] {dag.py:3834} INFO - Setting next_dagrun for tutorial_dag to None, run_after=None
[2024-04-04T22:00:16.921+0000] {processor.py:183} INFO - Processing /home/airflow/.local/lib/python3.8/site-packages/airflow/example_dags/tutorial_dag.py took 0.191 seconds
