[2024-04-04T21:36:59.320+0000] {processor.py:161} INFO - Started process (PID=57) to work on /home/airflow/.local/lib/python3.8/site-packages/airflow/example_dags/tutorial.py
[2024-04-04T21:36:59.322+0000] {processor.py:830} INFO - Processing file /home/airflow/.local/lib/python3.8/site-packages/airflow/example_dags/tutorial.py for tasks to queue
[2024-04-04T21:36:59.325+0000] {logging_mixin.py:188} INFO - [2024-04-04T21:36:59.324+0000] {dagbag.py:540} INFO - Filling up the DagBag from /home/airflow/.local/lib/python3.8/site-packages/airflow/example_dags/tutorial.py
[2024-04-04T21:36:59.336+0000] {processor.py:840} INFO - DAG(s) 'tutorial' retrieved from /home/airflow/.local/lib/python3.8/site-packages/airflow/example_dags/tutorial.py
[2024-04-04T21:36:59.368+0000] {logging_mixin.py:188} INFO - [2024-04-04T21:36:59.368+0000] {dag.py:3047} INFO - Sync 1 DAGs
[2024-04-04T21:36:59.391+0000] {logging_mixin.py:188} INFO - [2024-04-04T21:36:59.390+0000] {dag.py:3834} INFO - Setting next_dagrun for tutorial to 2024-04-03 00:00:00+00:00, run_after=2024-04-04 00:00:00+00:00
[2024-04-04T21:36:59.413+0000] {processor.py:183} INFO - Processing /home/airflow/.local/lib/python3.8/site-packages/airflow/example_dags/tutorial.py took 0.097 seconds
[2024-04-04T21:37:30.015+0000] {processor.py:161} INFO - Started process (PID=112) to work on /home/airflow/.local/lib/python3.8/site-packages/airflow/example_dags/tutorial.py
[2024-04-04T21:37:30.015+0000] {processor.py:830} INFO - Processing file /home/airflow/.local/lib/python3.8/site-packages/airflow/example_dags/tutorial.py for tasks to queue
[2024-04-04T21:37:30.016+0000] {logging_mixin.py:188} INFO - [2024-04-04T21:37:30.016+0000] {dagbag.py:540} INFO - Filling up the DagBag from /home/airflow/.local/lib/python3.8/site-packages/airflow/example_dags/tutorial.py
[2024-04-04T21:37:30.020+0000] {processor.py:840} INFO - DAG(s) 'tutorial' retrieved from /home/airflow/.local/lib/python3.8/site-packages/airflow/example_dags/tutorial.py
[2024-04-04T21:37:30.035+0000] {logging_mixin.py:188} INFO - [2024-04-04T21:37:30.034+0000] {dag.py:3047} INFO - Sync 1 DAGs
[2024-04-04T21:37:30.051+0000] {logging_mixin.py:188} INFO - [2024-04-04T21:37:30.050+0000] {dag.py:3834} INFO - Setting next_dagrun for tutorial to 2024-04-03 00:00:00+00:00, run_after=2024-04-04 00:00:00+00:00
[2024-04-04T21:37:30.064+0000] {processor.py:183} INFO - Processing /home/airflow/.local/lib/python3.8/site-packages/airflow/example_dags/tutorial.py took 0.052 seconds
[2024-04-04T21:38:00.259+0000] {processor.py:161} INFO - Started process (PID=167) to work on /home/airflow/.local/lib/python3.8/site-packages/airflow/example_dags/tutorial.py
[2024-04-04T21:38:00.259+0000] {processor.py:830} INFO - Processing file /home/airflow/.local/lib/python3.8/site-packages/airflow/example_dags/tutorial.py for tasks to queue
[2024-04-04T21:38:00.260+0000] {logging_mixin.py:188} INFO - [2024-04-04T21:38:00.260+0000] {dagbag.py:540} INFO - Filling up the DagBag from /home/airflow/.local/lib/python3.8/site-packages/airflow/example_dags/tutorial.py
[2024-04-04T21:38:00.264+0000] {processor.py:840} INFO - DAG(s) 'tutorial' retrieved from /home/airflow/.local/lib/python3.8/site-packages/airflow/example_dags/tutorial.py
[2024-04-04T21:38:00.278+0000] {logging_mixin.py:188} INFO - [2024-04-04T21:38:00.278+0000] {dag.py:3047} INFO - Sync 1 DAGs
[2024-04-04T21:38:00.294+0000] {logging_mixin.py:188} INFO - [2024-04-04T21:38:00.294+0000] {dag.py:3834} INFO - Setting next_dagrun for tutorial to 2024-04-03 00:00:00+00:00, run_after=2024-04-04 00:00:00+00:00
[2024-04-04T21:38:00.308+0000] {processor.py:183} INFO - Processing /home/airflow/.local/lib/python3.8/site-packages/airflow/example_dags/tutorial.py took 0.051 seconds
[2024-04-04T21:38:30.603+0000] {processor.py:161} INFO - Started process (PID=222) to work on /home/airflow/.local/lib/python3.8/site-packages/airflow/example_dags/tutorial.py
[2024-04-04T21:38:30.604+0000] {processor.py:830} INFO - Processing file /home/airflow/.local/lib/python3.8/site-packages/airflow/example_dags/tutorial.py for tasks to queue
[2024-04-04T21:38:30.605+0000] {logging_mixin.py:188} INFO - [2024-04-04T21:38:30.605+0000] {dagbag.py:540} INFO - Filling up the DagBag from /home/airflow/.local/lib/python3.8/site-packages/airflow/example_dags/tutorial.py
[2024-04-04T21:38:30.609+0000] {processor.py:840} INFO - DAG(s) 'tutorial' retrieved from /home/airflow/.local/lib/python3.8/site-packages/airflow/example_dags/tutorial.py
[2024-04-04T21:38:30.624+0000] {logging_mixin.py:188} INFO - [2024-04-04T21:38:30.624+0000] {dag.py:3047} INFO - Sync 1 DAGs
[2024-04-04T21:38:30.640+0000] {logging_mixin.py:188} INFO - [2024-04-04T21:38:30.640+0000] {dag.py:3834} INFO - Setting next_dagrun for tutorial to 2024-04-03 00:00:00+00:00, run_after=2024-04-04 00:00:00+00:00
[2024-04-04T21:38:30.655+0000] {processor.py:183} INFO - Processing /home/airflow/.local/lib/python3.8/site-packages/airflow/example_dags/tutorial.py took 0.054 seconds
[2024-04-04T21:39:00.991+0000] {processor.py:161} INFO - Started process (PID=278) to work on /home/airflow/.local/lib/python3.8/site-packages/airflow/example_dags/tutorial.py
[2024-04-04T21:39:00.992+0000] {processor.py:830} INFO - Processing file /home/airflow/.local/lib/python3.8/site-packages/airflow/example_dags/tutorial.py for tasks to queue
[2024-04-04T21:39:00.993+0000] {logging_mixin.py:188} INFO - [2024-04-04T21:39:00.993+0000] {dagbag.py:540} INFO - Filling up the DagBag from /home/airflow/.local/lib/python3.8/site-packages/airflow/example_dags/tutorial.py
[2024-04-04T21:39:00.996+0000] {processor.py:840} INFO - DAG(s) 'tutorial' retrieved from /home/airflow/.local/lib/python3.8/site-packages/airflow/example_dags/tutorial.py
[2024-04-04T21:39:01.010+0000] {logging_mixin.py:188} INFO - [2024-04-04T21:39:01.010+0000] {dag.py:3047} INFO - Sync 1 DAGs
[2024-04-04T21:39:01.025+0000] {logging_mixin.py:188} INFO - [2024-04-04T21:39:01.025+0000] {dag.py:3834} INFO - Setting next_dagrun for tutorial to 2024-04-03 00:00:00+00:00, run_after=2024-04-04 00:00:00+00:00
[2024-04-04T21:39:01.039+0000] {processor.py:183} INFO - Processing /home/airflow/.local/lib/python3.8/site-packages/airflow/example_dags/tutorial.py took 0.050 seconds
[2024-04-04T21:39:31.129+0000] {processor.py:161} INFO - Started process (PID=333) to work on /home/airflow/.local/lib/python3.8/site-packages/airflow/example_dags/tutorial.py
[2024-04-04T21:39:31.130+0000] {processor.py:830} INFO - Processing file /home/airflow/.local/lib/python3.8/site-packages/airflow/example_dags/tutorial.py for tasks to queue
[2024-04-04T21:39:31.132+0000] {logging_mixin.py:188} INFO - [2024-04-04T21:39:31.132+0000] {dagbag.py:540} INFO - Filling up the DagBag from /home/airflow/.local/lib/python3.8/site-packages/airflow/example_dags/tutorial.py
[2024-04-04T21:39:31.137+0000] {processor.py:840} INFO - DAG(s) 'tutorial' retrieved from /home/airflow/.local/lib/python3.8/site-packages/airflow/example_dags/tutorial.py
[2024-04-04T21:39:31.153+0000] {logging_mixin.py:188} INFO - [2024-04-04T21:39:31.152+0000] {dag.py:3047} INFO - Sync 1 DAGs
[2024-04-04T21:39:31.170+0000] {logging_mixin.py:188} INFO - [2024-04-04T21:39:31.170+0000] {dag.py:3834} INFO - Setting next_dagrun for tutorial to 2024-04-03 00:00:00+00:00, run_after=2024-04-04 00:00:00+00:00
[2024-04-04T21:39:31.186+0000] {processor.py:183} INFO - Processing /home/airflow/.local/lib/python3.8/site-packages/airflow/example_dags/tutorial.py took 0.060 seconds
[2024-04-04T21:40:01.411+0000] {processor.py:161} INFO - Started process (PID=388) to work on /home/airflow/.local/lib/python3.8/site-packages/airflow/example_dags/tutorial.py
[2024-04-04T21:40:01.411+0000] {processor.py:830} INFO - Processing file /home/airflow/.local/lib/python3.8/site-packages/airflow/example_dags/tutorial.py for tasks to queue
[2024-04-04T21:40:01.412+0000] {logging_mixin.py:188} INFO - [2024-04-04T21:40:01.412+0000] {dagbag.py:540} INFO - Filling up the DagBag from /home/airflow/.local/lib/python3.8/site-packages/airflow/example_dags/tutorial.py
[2024-04-04T21:40:01.416+0000] {processor.py:840} INFO - DAG(s) 'tutorial' retrieved from /home/airflow/.local/lib/python3.8/site-packages/airflow/example_dags/tutorial.py
[2024-04-04T21:40:01.434+0000] {logging_mixin.py:188} INFO - [2024-04-04T21:40:01.434+0000] {dag.py:3047} INFO - Sync 1 DAGs
[2024-04-04T21:40:01.450+0000] {logging_mixin.py:188} INFO - [2024-04-04T21:40:01.450+0000] {dag.py:3834} INFO - Setting next_dagrun for tutorial to 2024-04-03 00:00:00+00:00, run_after=2024-04-04 00:00:00+00:00
[2024-04-04T21:40:01.466+0000] {processor.py:183} INFO - Processing /home/airflow/.local/lib/python3.8/site-packages/airflow/example_dags/tutorial.py took 0.058 seconds
[2024-04-04T21:40:31.580+0000] {processor.py:161} INFO - Started process (PID=443) to work on /home/airflow/.local/lib/python3.8/site-packages/airflow/example_dags/tutorial.py
[2024-04-04T21:40:31.581+0000] {processor.py:830} INFO - Processing file /home/airflow/.local/lib/python3.8/site-packages/airflow/example_dags/tutorial.py for tasks to queue
[2024-04-04T21:40:31.582+0000] {logging_mixin.py:188} INFO - [2024-04-04T21:40:31.582+0000] {dagbag.py:540} INFO - Filling up the DagBag from /home/airflow/.local/lib/python3.8/site-packages/airflow/example_dags/tutorial.py
[2024-04-04T21:40:31.586+0000] {processor.py:840} INFO - DAG(s) 'tutorial' retrieved from /home/airflow/.local/lib/python3.8/site-packages/airflow/example_dags/tutorial.py
[2024-04-04T21:40:31.601+0000] {logging_mixin.py:188} INFO - [2024-04-04T21:40:31.601+0000] {dag.py:3047} INFO - Sync 1 DAGs
[2024-04-04T21:40:31.618+0000] {logging_mixin.py:188} INFO - [2024-04-04T21:40:31.618+0000] {dag.py:3834} INFO - Setting next_dagrun for tutorial to 2024-04-03 00:00:00+00:00, run_after=2024-04-04 00:00:00+00:00
[2024-04-04T21:40:31.632+0000] {processor.py:183} INFO - Processing /home/airflow/.local/lib/python3.8/site-packages/airflow/example_dags/tutorial.py took 0.054 seconds
[2024-04-04T21:41:01.887+0000] {processor.py:161} INFO - Started process (PID=498) to work on /home/airflow/.local/lib/python3.8/site-packages/airflow/example_dags/tutorial.py
[2024-04-04T21:41:01.888+0000] {processor.py:830} INFO - Processing file /home/airflow/.local/lib/python3.8/site-packages/airflow/example_dags/tutorial.py for tasks to queue
[2024-04-04T21:41:01.890+0000] {logging_mixin.py:188} INFO - [2024-04-04T21:41:01.889+0000] {dagbag.py:540} INFO - Filling up the DagBag from /home/airflow/.local/lib/python3.8/site-packages/airflow/example_dags/tutorial.py
[2024-04-04T21:41:01.893+0000] {processor.py:840} INFO - DAG(s) 'tutorial' retrieved from /home/airflow/.local/lib/python3.8/site-packages/airflow/example_dags/tutorial.py
[2024-04-04T21:41:01.911+0000] {logging_mixin.py:188} INFO - [2024-04-04T21:41:01.911+0000] {dag.py:3047} INFO - Sync 1 DAGs
[2024-04-04T21:41:01.929+0000] {logging_mixin.py:188} INFO - [2024-04-04T21:41:01.929+0000] {dag.py:3834} INFO - Setting next_dagrun for tutorial to 2024-04-03 00:00:00+00:00, run_after=2024-04-04 00:00:00+00:00
[2024-04-04T21:41:01.946+0000] {processor.py:183} INFO - Processing /home/airflow/.local/lib/python3.8/site-packages/airflow/example_dags/tutorial.py took 0.061 seconds
[2024-04-04T21:41:32.305+0000] {processor.py:161} INFO - Started process (PID=553) to work on /home/airflow/.local/lib/python3.8/site-packages/airflow/example_dags/tutorial.py
[2024-04-04T21:41:32.306+0000] {processor.py:830} INFO - Processing file /home/airflow/.local/lib/python3.8/site-packages/airflow/example_dags/tutorial.py for tasks to queue
[2024-04-04T21:41:32.307+0000] {logging_mixin.py:188} INFO - [2024-04-04T21:41:32.307+0000] {dagbag.py:540} INFO - Filling up the DagBag from /home/airflow/.local/lib/python3.8/site-packages/airflow/example_dags/tutorial.py
[2024-04-04T21:41:32.313+0000] {processor.py:840} INFO - DAG(s) 'tutorial' retrieved from /home/airflow/.local/lib/python3.8/site-packages/airflow/example_dags/tutorial.py
[2024-04-04T21:41:32.330+0000] {logging_mixin.py:188} INFO - [2024-04-04T21:41:32.330+0000] {dag.py:3047} INFO - Sync 1 DAGs
[2024-04-04T21:41:32.350+0000] {logging_mixin.py:188} INFO - [2024-04-04T21:41:32.350+0000] {dag.py:3834} INFO - Setting next_dagrun for tutorial to 2024-04-03 00:00:00+00:00, run_after=2024-04-04 00:00:00+00:00
[2024-04-04T21:41:32.369+0000] {processor.py:183} INFO - Processing /home/airflow/.local/lib/python3.8/site-packages/airflow/example_dags/tutorial.py took 0.066 seconds
[2024-04-04T21:42:02.690+0000] {processor.py:161} INFO - Started process (PID=608) to work on /home/airflow/.local/lib/python3.8/site-packages/airflow/example_dags/tutorial.py
[2024-04-04T21:42:02.691+0000] {processor.py:830} INFO - Processing file /home/airflow/.local/lib/python3.8/site-packages/airflow/example_dags/tutorial.py for tasks to queue
[2024-04-04T21:42:02.692+0000] {logging_mixin.py:188} INFO - [2024-04-04T21:42:02.692+0000] {dagbag.py:540} INFO - Filling up the DagBag from /home/airflow/.local/lib/python3.8/site-packages/airflow/example_dags/tutorial.py
[2024-04-04T21:42:02.696+0000] {processor.py:840} INFO - DAG(s) 'tutorial' retrieved from /home/airflow/.local/lib/python3.8/site-packages/airflow/example_dags/tutorial.py
[2024-04-04T21:42:02.711+0000] {logging_mixin.py:188} INFO - [2024-04-04T21:42:02.711+0000] {dag.py:3047} INFO - Sync 1 DAGs
[2024-04-04T21:42:02.729+0000] {logging_mixin.py:188} INFO - [2024-04-04T21:42:02.729+0000] {dag.py:3834} INFO - Setting next_dagrun for tutorial to 2024-04-03 00:00:00+00:00, run_after=2024-04-04 00:00:00+00:00
[2024-04-04T21:42:02.749+0000] {processor.py:183} INFO - Processing /home/airflow/.local/lib/python3.8/site-packages/airflow/example_dags/tutorial.py took 0.062 seconds
[2024-04-04T21:42:33.371+0000] {processor.py:161} INFO - Started process (PID=664) to work on /home/airflow/.local/lib/python3.8/site-packages/airflow/example_dags/tutorial.py
[2024-04-04T21:42:33.372+0000] {processor.py:830} INFO - Processing file /home/airflow/.local/lib/python3.8/site-packages/airflow/example_dags/tutorial.py for tasks to queue
[2024-04-04T21:42:33.373+0000] {logging_mixin.py:188} INFO - [2024-04-04T21:42:33.373+0000] {dagbag.py:540} INFO - Filling up the DagBag from /home/airflow/.local/lib/python3.8/site-packages/airflow/example_dags/tutorial.py
[2024-04-04T21:42:33.377+0000] {processor.py:840} INFO - DAG(s) 'tutorial' retrieved from /home/airflow/.local/lib/python3.8/site-packages/airflow/example_dags/tutorial.py
[2024-04-04T21:42:33.393+0000] {logging_mixin.py:188} INFO - [2024-04-04T21:42:33.393+0000] {dag.py:3047} INFO - Sync 1 DAGs
[2024-04-04T21:42:33.412+0000] {logging_mixin.py:188} INFO - [2024-04-04T21:42:33.412+0000] {dag.py:3834} INFO - Setting next_dagrun for tutorial to 2024-04-03 00:00:00+00:00, run_after=2024-04-04 00:00:00+00:00
[2024-04-04T21:42:33.428+0000] {processor.py:183} INFO - Processing /home/airflow/.local/lib/python3.8/site-packages/airflow/example_dags/tutorial.py took 0.060 seconds
[2024-04-04T21:43:04.003+0000] {processor.py:161} INFO - Started process (PID=719) to work on /home/airflow/.local/lib/python3.8/site-packages/airflow/example_dags/tutorial.py
[2024-04-04T21:43:04.004+0000] {processor.py:830} INFO - Processing file /home/airflow/.local/lib/python3.8/site-packages/airflow/example_dags/tutorial.py for tasks to queue
[2024-04-04T21:43:04.005+0000] {logging_mixin.py:188} INFO - [2024-04-04T21:43:04.005+0000] {dagbag.py:540} INFO - Filling up the DagBag from /home/airflow/.local/lib/python3.8/site-packages/airflow/example_dags/tutorial.py
[2024-04-04T21:43:04.009+0000] {processor.py:840} INFO - DAG(s) 'tutorial' retrieved from /home/airflow/.local/lib/python3.8/site-packages/airflow/example_dags/tutorial.py
[2024-04-04T21:43:04.023+0000] {logging_mixin.py:188} INFO - [2024-04-04T21:43:04.023+0000] {dag.py:3047} INFO - Sync 1 DAGs
[2024-04-04T21:43:04.039+0000] {logging_mixin.py:188} INFO - [2024-04-04T21:43:04.039+0000] {dag.py:3834} INFO - Setting next_dagrun for tutorial to 2024-04-03 00:00:00+00:00, run_after=2024-04-04 00:00:00+00:00
[2024-04-04T21:43:04.053+0000] {processor.py:183} INFO - Processing /home/airflow/.local/lib/python3.8/site-packages/airflow/example_dags/tutorial.py took 0.051 seconds
[2024-04-04T21:43:34.279+0000] {processor.py:161} INFO - Started process (PID=774) to work on /home/airflow/.local/lib/python3.8/site-packages/airflow/example_dags/tutorial.py
[2024-04-04T21:43:34.279+0000] {processor.py:830} INFO - Processing file /home/airflow/.local/lib/python3.8/site-packages/airflow/example_dags/tutorial.py for tasks to queue
[2024-04-04T21:43:34.281+0000] {logging_mixin.py:188} INFO - [2024-04-04T21:43:34.280+0000] {dagbag.py:540} INFO - Filling up the DagBag from /home/airflow/.local/lib/python3.8/site-packages/airflow/example_dags/tutorial.py
[2024-04-04T21:43:34.285+0000] {processor.py:840} INFO - DAG(s) 'tutorial' retrieved from /home/airflow/.local/lib/python3.8/site-packages/airflow/example_dags/tutorial.py
[2024-04-04T21:43:34.302+0000] {logging_mixin.py:188} INFO - [2024-04-04T21:43:34.301+0000] {dag.py:3047} INFO - Sync 1 DAGs
[2024-04-04T21:43:34.320+0000] {logging_mixin.py:188} INFO - [2024-04-04T21:43:34.320+0000] {dag.py:3834} INFO - Setting next_dagrun for tutorial to 2024-04-03 00:00:00+00:00, run_after=2024-04-04 00:00:00+00:00
[2024-04-04T21:43:34.339+0000] {processor.py:183} INFO - Processing /home/airflow/.local/lib/python3.8/site-packages/airflow/example_dags/tutorial.py took 0.062 seconds
[2024-04-04T21:44:04.782+0000] {processor.py:161} INFO - Started process (PID=829) to work on /home/airflow/.local/lib/python3.8/site-packages/airflow/example_dags/tutorial.py
[2024-04-04T21:44:04.783+0000] {processor.py:830} INFO - Processing file /home/airflow/.local/lib/python3.8/site-packages/airflow/example_dags/tutorial.py for tasks to queue
[2024-04-04T21:44:04.785+0000] {logging_mixin.py:188} INFO - [2024-04-04T21:44:04.784+0000] {dagbag.py:540} INFO - Filling up the DagBag from /home/airflow/.local/lib/python3.8/site-packages/airflow/example_dags/tutorial.py
[2024-04-04T21:44:04.789+0000] {processor.py:840} INFO - DAG(s) 'tutorial' retrieved from /home/airflow/.local/lib/python3.8/site-packages/airflow/example_dags/tutorial.py
[2024-04-04T21:44:04.805+0000] {logging_mixin.py:188} INFO - [2024-04-04T21:44:04.804+0000] {dag.py:3047} INFO - Sync 1 DAGs
[2024-04-04T21:44:04.821+0000] {logging_mixin.py:188} INFO - [2024-04-04T21:44:04.820+0000] {dag.py:3834} INFO - Setting next_dagrun for tutorial to 2024-04-03 00:00:00+00:00, run_after=2024-04-04 00:00:00+00:00
[2024-04-04T21:44:04.835+0000] {processor.py:183} INFO - Processing /home/airflow/.local/lib/python3.8/site-packages/airflow/example_dags/tutorial.py took 0.055 seconds
[2024-04-04T21:44:35.274+0000] {processor.py:161} INFO - Started process (PID=884) to work on /home/airflow/.local/lib/python3.8/site-packages/airflow/example_dags/tutorial.py
[2024-04-04T21:44:35.275+0000] {processor.py:830} INFO - Processing file /home/airflow/.local/lib/python3.8/site-packages/airflow/example_dags/tutorial.py for tasks to queue
[2024-04-04T21:44:35.276+0000] {logging_mixin.py:188} INFO - [2024-04-04T21:44:35.276+0000] {dagbag.py:540} INFO - Filling up the DagBag from /home/airflow/.local/lib/python3.8/site-packages/airflow/example_dags/tutorial.py
[2024-04-04T21:44:35.282+0000] {processor.py:840} INFO - DAG(s) 'tutorial' retrieved from /home/airflow/.local/lib/python3.8/site-packages/airflow/example_dags/tutorial.py
[2024-04-04T21:44:35.305+0000] {logging_mixin.py:188} INFO - [2024-04-04T21:44:35.305+0000] {dag.py:3047} INFO - Sync 1 DAGs
[2024-04-04T21:44:35.326+0000] {logging_mixin.py:188} INFO - [2024-04-04T21:44:35.326+0000] {dag.py:3834} INFO - Setting next_dagrun for tutorial to 2024-04-03 00:00:00+00:00, run_after=2024-04-04 00:00:00+00:00
[2024-04-04T21:44:35.345+0000] {processor.py:183} INFO - Processing /home/airflow/.local/lib/python3.8/site-packages/airflow/example_dags/tutorial.py took 0.073 seconds
[2024-04-04T21:45:05.431+0000] {processor.py:161} INFO - Started process (PID=939) to work on /home/airflow/.local/lib/python3.8/site-packages/airflow/example_dags/tutorial.py
[2024-04-04T21:45:05.432+0000] {processor.py:830} INFO - Processing file /home/airflow/.local/lib/python3.8/site-packages/airflow/example_dags/tutorial.py for tasks to queue
[2024-04-04T21:45:05.433+0000] {logging_mixin.py:188} INFO - [2024-04-04T21:45:05.433+0000] {dagbag.py:540} INFO - Filling up the DagBag from /home/airflow/.local/lib/python3.8/site-packages/airflow/example_dags/tutorial.py
[2024-04-04T21:45:05.437+0000] {processor.py:840} INFO - DAG(s) 'tutorial' retrieved from /home/airflow/.local/lib/python3.8/site-packages/airflow/example_dags/tutorial.py
[2024-04-04T21:45:05.452+0000] {logging_mixin.py:188} INFO - [2024-04-04T21:45:05.451+0000] {dag.py:3047} INFO - Sync 1 DAGs
[2024-04-04T21:45:05.467+0000] {logging_mixin.py:188} INFO - [2024-04-04T21:45:05.467+0000] {dag.py:3834} INFO - Setting next_dagrun for tutorial to 2024-04-03 00:00:00+00:00, run_after=2024-04-04 00:00:00+00:00
[2024-04-04T21:45:05.482+0000] {processor.py:183} INFO - Processing /home/airflow/.local/lib/python3.8/site-packages/airflow/example_dags/tutorial.py took 0.053 seconds
[2024-04-04T21:45:35.615+0000] {processor.py:161} INFO - Started process (PID=994) to work on /home/airflow/.local/lib/python3.8/site-packages/airflow/example_dags/tutorial.py
[2024-04-04T21:45:35.616+0000] {processor.py:830} INFO - Processing file /home/airflow/.local/lib/python3.8/site-packages/airflow/example_dags/tutorial.py for tasks to queue
[2024-04-04T21:45:35.617+0000] {logging_mixin.py:188} INFO - [2024-04-04T21:45:35.617+0000] {dagbag.py:540} INFO - Filling up the DagBag from /home/airflow/.local/lib/python3.8/site-packages/airflow/example_dags/tutorial.py
[2024-04-04T21:45:35.621+0000] {processor.py:840} INFO - DAG(s) 'tutorial' retrieved from /home/airflow/.local/lib/python3.8/site-packages/airflow/example_dags/tutorial.py
[2024-04-04T21:45:35.634+0000] {logging_mixin.py:188} INFO - [2024-04-04T21:45:35.634+0000] {dag.py:3047} INFO - Sync 1 DAGs
[2024-04-04T21:45:35.652+0000] {logging_mixin.py:188} INFO - [2024-04-04T21:45:35.651+0000] {dag.py:3834} INFO - Setting next_dagrun for tutorial to 2024-04-03 00:00:00+00:00, run_after=2024-04-04 00:00:00+00:00
[2024-04-04T21:45:35.666+0000] {processor.py:183} INFO - Processing /home/airflow/.local/lib/python3.8/site-packages/airflow/example_dags/tutorial.py took 0.053 seconds
[2024-04-04T21:46:05.828+0000] {processor.py:161} INFO - Started process (PID=1049) to work on /home/airflow/.local/lib/python3.8/site-packages/airflow/example_dags/tutorial.py
[2024-04-04T21:46:05.828+0000] {processor.py:830} INFO - Processing file /home/airflow/.local/lib/python3.8/site-packages/airflow/example_dags/tutorial.py for tasks to queue
[2024-04-04T21:46:05.830+0000] {logging_mixin.py:188} INFO - [2024-04-04T21:46:05.829+0000] {dagbag.py:540} INFO - Filling up the DagBag from /home/airflow/.local/lib/python3.8/site-packages/airflow/example_dags/tutorial.py
[2024-04-04T21:46:05.833+0000] {processor.py:840} INFO - DAG(s) 'tutorial' retrieved from /home/airflow/.local/lib/python3.8/site-packages/airflow/example_dags/tutorial.py
[2024-04-04T21:46:05.847+0000] {logging_mixin.py:188} INFO - [2024-04-04T21:46:05.847+0000] {dag.py:3047} INFO - Sync 1 DAGs
[2024-04-04T21:46:05.863+0000] {logging_mixin.py:188} INFO - [2024-04-04T21:46:05.863+0000] {dag.py:3834} INFO - Setting next_dagrun for tutorial to 2024-04-03 00:00:00+00:00, run_after=2024-04-04 00:00:00+00:00
[2024-04-04T21:46:05.879+0000] {processor.py:183} INFO - Processing /home/airflow/.local/lib/python3.8/site-packages/airflow/example_dags/tutorial.py took 0.053 seconds
[2024-04-04T21:46:36.165+0000] {processor.py:161} INFO - Started process (PID=1104) to work on /home/airflow/.local/lib/python3.8/site-packages/airflow/example_dags/tutorial.py
[2024-04-04T21:46:36.165+0000] {processor.py:830} INFO - Processing file /home/airflow/.local/lib/python3.8/site-packages/airflow/example_dags/tutorial.py for tasks to queue
[2024-04-04T21:46:36.167+0000] {logging_mixin.py:188} INFO - [2024-04-04T21:46:36.166+0000] {dagbag.py:540} INFO - Filling up the DagBag from /home/airflow/.local/lib/python3.8/site-packages/airflow/example_dags/tutorial.py
[2024-04-04T21:46:36.170+0000] {processor.py:840} INFO - DAG(s) 'tutorial' retrieved from /home/airflow/.local/lib/python3.8/site-packages/airflow/example_dags/tutorial.py
[2024-04-04T21:46:36.185+0000] {logging_mixin.py:188} INFO - [2024-04-04T21:46:36.185+0000] {dag.py:3047} INFO - Sync 1 DAGs
[2024-04-04T21:46:36.201+0000] {logging_mixin.py:188} INFO - [2024-04-04T21:46:36.201+0000] {dag.py:3834} INFO - Setting next_dagrun for tutorial to 2024-04-03 00:00:00+00:00, run_after=2024-04-04 00:00:00+00:00
[2024-04-04T21:46:36.216+0000] {processor.py:183} INFO - Processing /home/airflow/.local/lib/python3.8/site-packages/airflow/example_dags/tutorial.py took 0.054 seconds
[2024-04-04T21:47:06.489+0000] {processor.py:161} INFO - Started process (PID=1159) to work on /home/airflow/.local/lib/python3.8/site-packages/airflow/example_dags/tutorial.py
[2024-04-04T21:47:06.490+0000] {processor.py:830} INFO - Processing file /home/airflow/.local/lib/python3.8/site-packages/airflow/example_dags/tutorial.py for tasks to queue
[2024-04-04T21:47:06.491+0000] {logging_mixin.py:188} INFO - [2024-04-04T21:47:06.491+0000] {dagbag.py:540} INFO - Filling up the DagBag from /home/airflow/.local/lib/python3.8/site-packages/airflow/example_dags/tutorial.py
[2024-04-04T21:47:06.495+0000] {processor.py:840} INFO - DAG(s) 'tutorial' retrieved from /home/airflow/.local/lib/python3.8/site-packages/airflow/example_dags/tutorial.py
[2024-04-04T21:47:06.509+0000] {logging_mixin.py:188} INFO - [2024-04-04T21:47:06.509+0000] {dag.py:3047} INFO - Sync 1 DAGs
[2024-04-04T21:47:06.525+0000] {logging_mixin.py:188} INFO - [2024-04-04T21:47:06.525+0000] {dag.py:3834} INFO - Setting next_dagrun for tutorial to 2024-04-03 00:00:00+00:00, run_after=2024-04-04 00:00:00+00:00
[2024-04-04T21:47:06.540+0000] {processor.py:183} INFO - Processing /home/airflow/.local/lib/python3.8/site-packages/airflow/example_dags/tutorial.py took 0.053 seconds
[2024-04-04T21:47:36.801+0000] {processor.py:161} INFO - Started process (PID=1214) to work on /home/airflow/.local/lib/python3.8/site-packages/airflow/example_dags/tutorial.py
[2024-04-04T21:47:36.802+0000] {processor.py:830} INFO - Processing file /home/airflow/.local/lib/python3.8/site-packages/airflow/example_dags/tutorial.py for tasks to queue
[2024-04-04T21:47:36.804+0000] {logging_mixin.py:188} INFO - [2024-04-04T21:47:36.803+0000] {dagbag.py:540} INFO - Filling up the DagBag from /home/airflow/.local/lib/python3.8/site-packages/airflow/example_dags/tutorial.py
[2024-04-04T21:47:36.809+0000] {processor.py:840} INFO - DAG(s) 'tutorial' retrieved from /home/airflow/.local/lib/python3.8/site-packages/airflow/example_dags/tutorial.py
[2024-04-04T21:47:36.825+0000] {logging_mixin.py:188} INFO - [2024-04-04T21:47:36.825+0000] {dag.py:3047} INFO - Sync 1 DAGs
[2024-04-04T21:47:36.847+0000] {logging_mixin.py:188} INFO - [2024-04-04T21:47:36.847+0000] {dag.py:3834} INFO - Setting next_dagrun for tutorial to 2024-04-03 00:00:00+00:00, run_after=2024-04-04 00:00:00+00:00
[2024-04-04T21:47:36.865+0000] {processor.py:183} INFO - Processing /home/airflow/.local/lib/python3.8/site-packages/airflow/example_dags/tutorial.py took 0.067 seconds
[2024-04-04T21:48:07.257+0000] {processor.py:161} INFO - Started process (PID=1269) to work on /home/airflow/.local/lib/python3.8/site-packages/airflow/example_dags/tutorial.py
[2024-04-04T21:48:07.263+0000] {processor.py:830} INFO - Processing file /home/airflow/.local/lib/python3.8/site-packages/airflow/example_dags/tutorial.py for tasks to queue
[2024-04-04T21:48:07.265+0000] {logging_mixin.py:188} INFO - [2024-04-04T21:48:07.264+0000] {dagbag.py:540} INFO - Filling up the DagBag from /home/airflow/.local/lib/python3.8/site-packages/airflow/example_dags/tutorial.py
[2024-04-04T21:48:07.270+0000] {processor.py:840} INFO - DAG(s) 'tutorial' retrieved from /home/airflow/.local/lib/python3.8/site-packages/airflow/example_dags/tutorial.py
[2024-04-04T21:48:07.289+0000] {logging_mixin.py:188} INFO - [2024-04-04T21:48:07.289+0000] {dag.py:3047} INFO - Sync 1 DAGs
[2024-04-04T21:48:07.309+0000] {logging_mixin.py:188} INFO - [2024-04-04T21:48:07.309+0000] {dag.py:3834} INFO - Setting next_dagrun for tutorial to 2024-04-03 00:00:00+00:00, run_after=2024-04-04 00:00:00+00:00
[2024-04-04T21:48:07.337+0000] {processor.py:183} INFO - Processing /home/airflow/.local/lib/python3.8/site-packages/airflow/example_dags/tutorial.py took 0.082 seconds
[2024-04-04T21:48:37.516+0000] {processor.py:161} INFO - Started process (PID=1324) to work on /home/airflow/.local/lib/python3.8/site-packages/airflow/example_dags/tutorial.py
[2024-04-04T21:48:37.518+0000] {processor.py:830} INFO - Processing file /home/airflow/.local/lib/python3.8/site-packages/airflow/example_dags/tutorial.py for tasks to queue
[2024-04-04T21:48:37.519+0000] {logging_mixin.py:188} INFO - [2024-04-04T21:48:37.519+0000] {dagbag.py:540} INFO - Filling up the DagBag from /home/airflow/.local/lib/python3.8/site-packages/airflow/example_dags/tutorial.py
[2024-04-04T21:48:37.524+0000] {processor.py:840} INFO - DAG(s) 'tutorial' retrieved from /home/airflow/.local/lib/python3.8/site-packages/airflow/example_dags/tutorial.py
[2024-04-04T21:48:37.540+0000] {logging_mixin.py:188} INFO - [2024-04-04T21:48:37.540+0000] {dag.py:3047} INFO - Sync 1 DAGs
[2024-04-04T21:48:37.559+0000] {logging_mixin.py:188} INFO - [2024-04-04T21:48:37.558+0000] {dag.py:3834} INFO - Setting next_dagrun for tutorial to 2024-04-03 00:00:00+00:00, run_after=2024-04-04 00:00:00+00:00
[2024-04-04T21:48:37.578+0000] {processor.py:183} INFO - Processing /home/airflow/.local/lib/python3.8/site-packages/airflow/example_dags/tutorial.py took 0.064 seconds
[2024-04-04T21:49:07.776+0000] {processor.py:161} INFO - Started process (PID=1379) to work on /home/airflow/.local/lib/python3.8/site-packages/airflow/example_dags/tutorial.py
[2024-04-04T21:49:07.777+0000] {processor.py:830} INFO - Processing file /home/airflow/.local/lib/python3.8/site-packages/airflow/example_dags/tutorial.py for tasks to queue
[2024-04-04T21:49:07.778+0000] {logging_mixin.py:188} INFO - [2024-04-04T21:49:07.778+0000] {dagbag.py:540} INFO - Filling up the DagBag from /home/airflow/.local/lib/python3.8/site-packages/airflow/example_dags/tutorial.py
[2024-04-04T21:49:07.783+0000] {processor.py:840} INFO - DAG(s) 'tutorial' retrieved from /home/airflow/.local/lib/python3.8/site-packages/airflow/example_dags/tutorial.py
[2024-04-04T21:49:07.803+0000] {logging_mixin.py:188} INFO - [2024-04-04T21:49:07.803+0000] {dag.py:3047} INFO - Sync 1 DAGs
[2024-04-04T21:49:07.822+0000] {logging_mixin.py:188} INFO - [2024-04-04T21:49:07.822+0000] {dag.py:3834} INFO - Setting next_dagrun for tutorial to 2024-04-03 00:00:00+00:00, run_after=2024-04-04 00:00:00+00:00
[2024-04-04T21:49:07.844+0000] {processor.py:183} INFO - Processing /home/airflow/.local/lib/python3.8/site-packages/airflow/example_dags/tutorial.py took 0.071 seconds
[2024-04-04T21:49:38.353+0000] {processor.py:161} INFO - Started process (PID=1434) to work on /home/airflow/.local/lib/python3.8/site-packages/airflow/example_dags/tutorial.py
[2024-04-04T21:49:38.354+0000] {processor.py:830} INFO - Processing file /home/airflow/.local/lib/python3.8/site-packages/airflow/example_dags/tutorial.py for tasks to queue
[2024-04-04T21:49:38.355+0000] {logging_mixin.py:188} INFO - [2024-04-04T21:49:38.355+0000] {dagbag.py:540} INFO - Filling up the DagBag from /home/airflow/.local/lib/python3.8/site-packages/airflow/example_dags/tutorial.py
[2024-04-04T21:49:38.359+0000] {processor.py:840} INFO - DAG(s) 'tutorial' retrieved from /home/airflow/.local/lib/python3.8/site-packages/airflow/example_dags/tutorial.py
[2024-04-04T21:49:38.374+0000] {logging_mixin.py:188} INFO - [2024-04-04T21:49:38.374+0000] {dag.py:3047} INFO - Sync 1 DAGs
[2024-04-04T21:49:38.392+0000] {logging_mixin.py:188} INFO - [2024-04-04T21:49:38.392+0000] {dag.py:3834} INFO - Setting next_dagrun for tutorial to 2024-04-03 00:00:00+00:00, run_after=2024-04-04 00:00:00+00:00
[2024-04-04T21:49:38.409+0000] {processor.py:183} INFO - Processing /home/airflow/.local/lib/python3.8/site-packages/airflow/example_dags/tutorial.py took 0.058 seconds
[2024-04-04T21:50:08.783+0000] {processor.py:161} INFO - Started process (PID=1489) to work on /home/airflow/.local/lib/python3.8/site-packages/airflow/example_dags/tutorial.py
[2024-04-04T21:50:08.783+0000] {processor.py:830} INFO - Processing file /home/airflow/.local/lib/python3.8/site-packages/airflow/example_dags/tutorial.py for tasks to queue
[2024-04-04T21:50:08.785+0000] {logging_mixin.py:188} INFO - [2024-04-04T21:50:08.784+0000] {dagbag.py:540} INFO - Filling up the DagBag from /home/airflow/.local/lib/python3.8/site-packages/airflow/example_dags/tutorial.py
[2024-04-04T21:50:08.788+0000] {processor.py:840} INFO - DAG(s) 'tutorial' retrieved from /home/airflow/.local/lib/python3.8/site-packages/airflow/example_dags/tutorial.py
[2024-04-04T21:50:08.802+0000] {logging_mixin.py:188} INFO - [2024-04-04T21:50:08.802+0000] {dag.py:3047} INFO - Sync 1 DAGs
[2024-04-04T21:50:08.818+0000] {logging_mixin.py:188} INFO - [2024-04-04T21:50:08.818+0000] {dag.py:3834} INFO - Setting next_dagrun for tutorial to 2024-04-03 00:00:00+00:00, run_after=2024-04-04 00:00:00+00:00
[2024-04-04T21:50:08.834+0000] {processor.py:183} INFO - Processing /home/airflow/.local/lib/python3.8/site-packages/airflow/example_dags/tutorial.py took 0.053 seconds
[2024-04-04T21:50:39.153+0000] {processor.py:161} INFO - Started process (PID=1544) to work on /home/airflow/.local/lib/python3.8/site-packages/airflow/example_dags/tutorial.py
[2024-04-04T21:50:39.154+0000] {processor.py:830} INFO - Processing file /home/airflow/.local/lib/python3.8/site-packages/airflow/example_dags/tutorial.py for tasks to queue
[2024-04-04T21:50:39.156+0000] {logging_mixin.py:188} INFO - [2024-04-04T21:50:39.155+0000] {dagbag.py:540} INFO - Filling up the DagBag from /home/airflow/.local/lib/python3.8/site-packages/airflow/example_dags/tutorial.py
[2024-04-04T21:50:39.161+0000] {processor.py:840} INFO - DAG(s) 'tutorial' retrieved from /home/airflow/.local/lib/python3.8/site-packages/airflow/example_dags/tutorial.py
[2024-04-04T21:50:39.176+0000] {logging_mixin.py:188} INFO - [2024-04-04T21:50:39.176+0000] {dag.py:3047} INFO - Sync 1 DAGs
[2024-04-04T21:50:39.197+0000] {logging_mixin.py:188} INFO - [2024-04-04T21:50:39.196+0000] {dag.py:3834} INFO - Setting next_dagrun for tutorial to 2024-04-03 00:00:00+00:00, run_after=2024-04-04 00:00:00+00:00
[2024-04-04T21:50:39.216+0000] {processor.py:183} INFO - Processing /home/airflow/.local/lib/python3.8/site-packages/airflow/example_dags/tutorial.py took 0.066 seconds
[2024-04-04T21:51:09.700+0000] {processor.py:161} INFO - Started process (PID=1599) to work on /home/airflow/.local/lib/python3.8/site-packages/airflow/example_dags/tutorial.py
[2024-04-04T21:51:09.702+0000] {processor.py:830} INFO - Processing file /home/airflow/.local/lib/python3.8/site-packages/airflow/example_dags/tutorial.py for tasks to queue
[2024-04-04T21:51:09.704+0000] {logging_mixin.py:188} INFO - [2024-04-04T21:51:09.703+0000] {dagbag.py:540} INFO - Filling up the DagBag from /home/airflow/.local/lib/python3.8/site-packages/airflow/example_dags/tutorial.py
[2024-04-04T21:51:09.710+0000] {processor.py:840} INFO - DAG(s) 'tutorial' retrieved from /home/airflow/.local/lib/python3.8/site-packages/airflow/example_dags/tutorial.py
[2024-04-04T21:51:09.735+0000] {logging_mixin.py:188} INFO - [2024-04-04T21:51:09.735+0000] {dag.py:3047} INFO - Sync 1 DAGs
[2024-04-04T21:51:09.767+0000] {logging_mixin.py:188} INFO - [2024-04-04T21:51:09.767+0000] {dag.py:3834} INFO - Setting next_dagrun for tutorial to 2024-04-03 00:00:00+00:00, run_after=2024-04-04 00:00:00+00:00
[2024-04-04T21:51:09.794+0000] {processor.py:183} INFO - Processing /home/airflow/.local/lib/python3.8/site-packages/airflow/example_dags/tutorial.py took 0.097 seconds
[2024-04-04T21:51:39.976+0000] {processor.py:161} INFO - Started process (PID=1654) to work on /home/airflow/.local/lib/python3.8/site-packages/airflow/example_dags/tutorial.py
[2024-04-04T21:51:39.977+0000] {processor.py:830} INFO - Processing file /home/airflow/.local/lib/python3.8/site-packages/airflow/example_dags/tutorial.py for tasks to queue
[2024-04-04T21:51:39.978+0000] {logging_mixin.py:188} INFO - [2024-04-04T21:51:39.978+0000] {dagbag.py:540} INFO - Filling up the DagBag from /home/airflow/.local/lib/python3.8/site-packages/airflow/example_dags/tutorial.py
[2024-04-04T21:51:39.982+0000] {processor.py:840} INFO - DAG(s) 'tutorial' retrieved from /home/airflow/.local/lib/python3.8/site-packages/airflow/example_dags/tutorial.py
[2024-04-04T21:51:39.996+0000] {logging_mixin.py:188} INFO - [2024-04-04T21:51:39.996+0000] {dag.py:3047} INFO - Sync 1 DAGs
[2024-04-04T21:51:40.013+0000] {logging_mixin.py:188} INFO - [2024-04-04T21:51:40.013+0000] {dag.py:3834} INFO - Setting next_dagrun for tutorial to 2024-04-03 00:00:00+00:00, run_after=2024-04-04 00:00:00+00:00
[2024-04-04T21:51:40.029+0000] {processor.py:183} INFO - Processing /home/airflow/.local/lib/python3.8/site-packages/airflow/example_dags/tutorial.py took 0.055 seconds
[2024-04-04T21:52:10.246+0000] {processor.py:161} INFO - Started process (PID=1709) to work on /home/airflow/.local/lib/python3.8/site-packages/airflow/example_dags/tutorial.py
[2024-04-04T21:52:10.247+0000] {processor.py:830} INFO - Processing file /home/airflow/.local/lib/python3.8/site-packages/airflow/example_dags/tutorial.py for tasks to queue
[2024-04-04T21:52:10.249+0000] {logging_mixin.py:188} INFO - [2024-04-04T21:52:10.249+0000] {dagbag.py:540} INFO - Filling up the DagBag from /home/airflow/.local/lib/python3.8/site-packages/airflow/example_dags/tutorial.py
[2024-04-04T21:52:10.252+0000] {processor.py:840} INFO - DAG(s) 'tutorial' retrieved from /home/airflow/.local/lib/python3.8/site-packages/airflow/example_dags/tutorial.py
[2024-04-04T21:52:10.270+0000] {logging_mixin.py:188} INFO - [2024-04-04T21:52:10.270+0000] {dag.py:3047} INFO - Sync 1 DAGs
[2024-04-04T21:52:10.289+0000] {logging_mixin.py:188} INFO - [2024-04-04T21:52:10.289+0000] {dag.py:3834} INFO - Setting next_dagrun for tutorial to 2024-04-03 00:00:00+00:00, run_after=2024-04-04 00:00:00+00:00
[2024-04-04T21:52:10.311+0000] {processor.py:183} INFO - Processing /home/airflow/.local/lib/python3.8/site-packages/airflow/example_dags/tutorial.py took 0.068 seconds
[2024-04-04T21:52:40.578+0000] {processor.py:161} INFO - Started process (PID=1764) to work on /home/airflow/.local/lib/python3.8/site-packages/airflow/example_dags/tutorial.py
[2024-04-04T21:52:40.579+0000] {processor.py:830} INFO - Processing file /home/airflow/.local/lib/python3.8/site-packages/airflow/example_dags/tutorial.py for tasks to queue
[2024-04-04T21:52:40.580+0000] {logging_mixin.py:188} INFO - [2024-04-04T21:52:40.580+0000] {dagbag.py:540} INFO - Filling up the DagBag from /home/airflow/.local/lib/python3.8/site-packages/airflow/example_dags/tutorial.py
[2024-04-04T21:52:40.584+0000] {processor.py:840} INFO - DAG(s) 'tutorial' retrieved from /home/airflow/.local/lib/python3.8/site-packages/airflow/example_dags/tutorial.py
[2024-04-04T21:52:40.600+0000] {logging_mixin.py:188} INFO - [2024-04-04T21:52:40.600+0000] {dag.py:3047} INFO - Sync 1 DAGs
[2024-04-04T21:52:40.617+0000] {logging_mixin.py:188} INFO - [2024-04-04T21:52:40.617+0000] {dag.py:3834} INFO - Setting next_dagrun for tutorial to 2024-04-03 00:00:00+00:00, run_after=2024-04-04 00:00:00+00:00
[2024-04-04T21:52:40.633+0000] {processor.py:183} INFO - Processing /home/airflow/.local/lib/python3.8/site-packages/airflow/example_dags/tutorial.py took 0.057 seconds
[2024-04-04T21:53:10.808+0000] {processor.py:161} INFO - Started process (PID=1819) to work on /home/airflow/.local/lib/python3.8/site-packages/airflow/example_dags/tutorial.py
[2024-04-04T21:53:10.809+0000] {processor.py:830} INFO - Processing file /home/airflow/.local/lib/python3.8/site-packages/airflow/example_dags/tutorial.py for tasks to queue
[2024-04-04T21:53:10.810+0000] {logging_mixin.py:188} INFO - [2024-04-04T21:53:10.810+0000] {dagbag.py:540} INFO - Filling up the DagBag from /home/airflow/.local/lib/python3.8/site-packages/airflow/example_dags/tutorial.py
[2024-04-04T21:53:10.814+0000] {processor.py:840} INFO - DAG(s) 'tutorial' retrieved from /home/airflow/.local/lib/python3.8/site-packages/airflow/example_dags/tutorial.py
[2024-04-04T21:53:10.831+0000] {logging_mixin.py:188} INFO - [2024-04-04T21:53:10.830+0000] {dag.py:3047} INFO - Sync 1 DAGs
[2024-04-04T21:53:10.851+0000] {logging_mixin.py:188} INFO - [2024-04-04T21:53:10.851+0000] {dag.py:3834} INFO - Setting next_dagrun for tutorial to 2024-04-03 00:00:00+00:00, run_after=2024-04-04 00:00:00+00:00
[2024-04-04T21:53:10.869+0000] {processor.py:183} INFO - Processing /home/airflow/.local/lib/python3.8/site-packages/airflow/example_dags/tutorial.py took 0.063 seconds
[2024-04-04T21:53:41.187+0000] {processor.py:161} INFO - Started process (PID=1875) to work on /home/airflow/.local/lib/python3.8/site-packages/airflow/example_dags/tutorial.py
[2024-04-04T21:53:41.187+0000] {processor.py:830} INFO - Processing file /home/airflow/.local/lib/python3.8/site-packages/airflow/example_dags/tutorial.py for tasks to queue
[2024-04-04T21:53:41.189+0000] {logging_mixin.py:188} INFO - [2024-04-04T21:53:41.189+0000] {dagbag.py:540} INFO - Filling up the DagBag from /home/airflow/.local/lib/python3.8/site-packages/airflow/example_dags/tutorial.py
[2024-04-04T21:53:41.193+0000] {processor.py:840} INFO - DAG(s) 'tutorial' retrieved from /home/airflow/.local/lib/python3.8/site-packages/airflow/example_dags/tutorial.py
[2024-04-04T21:53:41.208+0000] {logging_mixin.py:188} INFO - [2024-04-04T21:53:41.208+0000] {dag.py:3047} INFO - Sync 1 DAGs
[2024-04-04T21:53:41.224+0000] {logging_mixin.py:188} INFO - [2024-04-04T21:53:41.224+0000] {dag.py:3834} INFO - Setting next_dagrun for tutorial to 2024-04-03 00:00:00+00:00, run_after=2024-04-04 00:00:00+00:00
[2024-04-04T21:53:41.239+0000] {processor.py:183} INFO - Processing /home/airflow/.local/lib/python3.8/site-packages/airflow/example_dags/tutorial.py took 0.054 seconds
[2024-04-04T21:54:12.216+0000] {processor.py:161} INFO - Started process (PID=1929) to work on /home/airflow/.local/lib/python3.8/site-packages/airflow/example_dags/tutorial.py
[2024-04-04T21:54:12.217+0000] {processor.py:830} INFO - Processing file /home/airflow/.local/lib/python3.8/site-packages/airflow/example_dags/tutorial.py for tasks to queue
[2024-04-04T21:54:12.218+0000] {logging_mixin.py:188} INFO - [2024-04-04T21:54:12.218+0000] {dagbag.py:540} INFO - Filling up the DagBag from /home/airflow/.local/lib/python3.8/site-packages/airflow/example_dags/tutorial.py
[2024-04-04T21:54:12.222+0000] {processor.py:840} INFO - DAG(s) 'tutorial' retrieved from /home/airflow/.local/lib/python3.8/site-packages/airflow/example_dags/tutorial.py
[2024-04-04T21:54:12.236+0000] {logging_mixin.py:188} INFO - [2024-04-04T21:54:12.236+0000] {dag.py:3047} INFO - Sync 1 DAGs
[2024-04-04T21:54:12.252+0000] {logging_mixin.py:188} INFO - [2024-04-04T21:54:12.252+0000] {dag.py:3834} INFO - Setting next_dagrun for tutorial to 2024-04-03 00:00:00+00:00, run_after=2024-04-04 00:00:00+00:00
[2024-04-04T21:54:12.265+0000] {processor.py:183} INFO - Processing /home/airflow/.local/lib/python3.8/site-packages/airflow/example_dags/tutorial.py took 0.051 seconds
[2024-04-04T21:54:42.573+0000] {processor.py:161} INFO - Started process (PID=1984) to work on /home/airflow/.local/lib/python3.8/site-packages/airflow/example_dags/tutorial.py
[2024-04-04T21:54:42.573+0000] {processor.py:830} INFO - Processing file /home/airflow/.local/lib/python3.8/site-packages/airflow/example_dags/tutorial.py for tasks to queue
[2024-04-04T21:54:42.574+0000] {logging_mixin.py:188} INFO - [2024-04-04T21:54:42.574+0000] {dagbag.py:540} INFO - Filling up the DagBag from /home/airflow/.local/lib/python3.8/site-packages/airflow/example_dags/tutorial.py
[2024-04-04T21:54:42.579+0000] {processor.py:840} INFO - DAG(s) 'tutorial' retrieved from /home/airflow/.local/lib/python3.8/site-packages/airflow/example_dags/tutorial.py
[2024-04-04T21:54:42.595+0000] {logging_mixin.py:188} INFO - [2024-04-04T21:54:42.594+0000] {dag.py:3047} INFO - Sync 1 DAGs
[2024-04-04T21:54:42.611+0000] {logging_mixin.py:188} INFO - [2024-04-04T21:54:42.611+0000] {dag.py:3834} INFO - Setting next_dagrun for tutorial to 2024-04-03 00:00:00+00:00, run_after=2024-04-04 00:00:00+00:00
[2024-04-04T21:54:42.625+0000] {processor.py:183} INFO - Processing /home/airflow/.local/lib/python3.8/site-packages/airflow/example_dags/tutorial.py took 0.055 seconds
[2024-04-04T21:55:12.787+0000] {processor.py:161} INFO - Started process (PID=2039) to work on /home/airflow/.local/lib/python3.8/site-packages/airflow/example_dags/tutorial.py
[2024-04-04T21:55:12.787+0000] {processor.py:830} INFO - Processing file /home/airflow/.local/lib/python3.8/site-packages/airflow/example_dags/tutorial.py for tasks to queue
[2024-04-04T21:55:12.789+0000] {logging_mixin.py:188} INFO - [2024-04-04T21:55:12.788+0000] {dagbag.py:540} INFO - Filling up the DagBag from /home/airflow/.local/lib/python3.8/site-packages/airflow/example_dags/tutorial.py
[2024-04-04T21:55:12.792+0000] {processor.py:840} INFO - DAG(s) 'tutorial' retrieved from /home/airflow/.local/lib/python3.8/site-packages/airflow/example_dags/tutorial.py
[2024-04-04T21:55:12.806+0000] {logging_mixin.py:188} INFO - [2024-04-04T21:55:12.806+0000] {dag.py:3047} INFO - Sync 1 DAGs
[2024-04-04T21:55:12.822+0000] {logging_mixin.py:188} INFO - [2024-04-04T21:55:12.822+0000] {dag.py:3834} INFO - Setting next_dagrun for tutorial to 2024-04-03 00:00:00+00:00, run_after=2024-04-04 00:00:00+00:00
[2024-04-04T21:55:12.836+0000] {processor.py:183} INFO - Processing /home/airflow/.local/lib/python3.8/site-packages/airflow/example_dags/tutorial.py took 0.051 seconds
[2024-04-04T21:55:42.976+0000] {processor.py:161} INFO - Started process (PID=2094) to work on /home/airflow/.local/lib/python3.8/site-packages/airflow/example_dags/tutorial.py
[2024-04-04T21:55:42.977+0000] {processor.py:830} INFO - Processing file /home/airflow/.local/lib/python3.8/site-packages/airflow/example_dags/tutorial.py for tasks to queue
[2024-04-04T21:55:42.978+0000] {logging_mixin.py:188} INFO - [2024-04-04T21:55:42.978+0000] {dagbag.py:540} INFO - Filling up the DagBag from /home/airflow/.local/lib/python3.8/site-packages/airflow/example_dags/tutorial.py
[2024-04-04T21:55:42.982+0000] {processor.py:840} INFO - DAG(s) 'tutorial' retrieved from /home/airflow/.local/lib/python3.8/site-packages/airflow/example_dags/tutorial.py
[2024-04-04T21:55:42.996+0000] {logging_mixin.py:188} INFO - [2024-04-04T21:55:42.996+0000] {dag.py:3047} INFO - Sync 1 DAGs
[2024-04-04T21:55:43.013+0000] {logging_mixin.py:188} INFO - [2024-04-04T21:55:43.013+0000] {dag.py:3834} INFO - Setting next_dagrun for tutorial to 2024-04-03 00:00:00+00:00, run_after=2024-04-04 00:00:00+00:00
[2024-04-04T21:55:43.028+0000] {processor.py:183} INFO - Processing /home/airflow/.local/lib/python3.8/site-packages/airflow/example_dags/tutorial.py took 0.054 seconds
[2024-04-04T21:56:13.097+0000] {processor.py:161} INFO - Started process (PID=2148) to work on /home/airflow/.local/lib/python3.8/site-packages/airflow/example_dags/tutorial.py
[2024-04-04T21:56:13.098+0000] {processor.py:830} INFO - Processing file /home/airflow/.local/lib/python3.8/site-packages/airflow/example_dags/tutorial.py for tasks to queue
[2024-04-04T21:56:13.100+0000] {logging_mixin.py:188} INFO - [2024-04-04T21:56:13.100+0000] {dagbag.py:540} INFO - Filling up the DagBag from /home/airflow/.local/lib/python3.8/site-packages/airflow/example_dags/tutorial.py
[2024-04-04T21:56:13.105+0000] {processor.py:840} INFO - DAG(s) 'tutorial' retrieved from /home/airflow/.local/lib/python3.8/site-packages/airflow/example_dags/tutorial.py
[2024-04-04T21:56:13.120+0000] {logging_mixin.py:188} INFO - [2024-04-04T21:56:13.119+0000] {dag.py:3047} INFO - Sync 1 DAGs
[2024-04-04T21:56:13.134+0000] {logging_mixin.py:188} INFO - [2024-04-04T21:56:13.134+0000] {dag.py:3834} INFO - Setting next_dagrun for tutorial to 2024-04-03 00:00:00+00:00, run_after=2024-04-04 00:00:00+00:00
[2024-04-04T21:56:13.148+0000] {processor.py:183} INFO - Processing /home/airflow/.local/lib/python3.8/site-packages/airflow/example_dags/tutorial.py took 0.054 seconds
[2024-04-04T21:56:43.344+0000] {processor.py:161} INFO - Started process (PID=2203) to work on /home/airflow/.local/lib/python3.8/site-packages/airflow/example_dags/tutorial.py
[2024-04-04T21:56:43.345+0000] {processor.py:830} INFO - Processing file /home/airflow/.local/lib/python3.8/site-packages/airflow/example_dags/tutorial.py for tasks to queue
[2024-04-04T21:56:43.346+0000] {logging_mixin.py:188} INFO - [2024-04-04T21:56:43.346+0000] {dagbag.py:540} INFO - Filling up the DagBag from /home/airflow/.local/lib/python3.8/site-packages/airflow/example_dags/tutorial.py
[2024-04-04T21:56:43.350+0000] {processor.py:840} INFO - DAG(s) 'tutorial' retrieved from /home/airflow/.local/lib/python3.8/site-packages/airflow/example_dags/tutorial.py
[2024-04-04T21:56:43.363+0000] {logging_mixin.py:188} INFO - [2024-04-04T21:56:43.363+0000] {dag.py:3047} INFO - Sync 1 DAGs
[2024-04-04T21:56:43.379+0000] {logging_mixin.py:188} INFO - [2024-04-04T21:56:43.379+0000] {dag.py:3834} INFO - Setting next_dagrun for tutorial to 2024-04-03 00:00:00+00:00, run_after=2024-04-04 00:00:00+00:00
[2024-04-04T21:56:43.392+0000] {processor.py:183} INFO - Processing /home/airflow/.local/lib/python3.8/site-packages/airflow/example_dags/tutorial.py took 0.050 seconds
[2024-04-04T21:57:13.548+0000] {processor.py:161} INFO - Started process (PID=2258) to work on /home/airflow/.local/lib/python3.8/site-packages/airflow/example_dags/tutorial.py
[2024-04-04T21:57:13.549+0000] {processor.py:830} INFO - Processing file /home/airflow/.local/lib/python3.8/site-packages/airflow/example_dags/tutorial.py for tasks to queue
[2024-04-04T21:57:13.550+0000] {logging_mixin.py:188} INFO - [2024-04-04T21:57:13.550+0000] {dagbag.py:540} INFO - Filling up the DagBag from /home/airflow/.local/lib/python3.8/site-packages/airflow/example_dags/tutorial.py
[2024-04-04T21:57:13.554+0000] {processor.py:840} INFO - DAG(s) 'tutorial' retrieved from /home/airflow/.local/lib/python3.8/site-packages/airflow/example_dags/tutorial.py
[2024-04-04T21:57:13.568+0000] {logging_mixin.py:188} INFO - [2024-04-04T21:57:13.568+0000] {dag.py:3047} INFO - Sync 1 DAGs
[2024-04-04T21:57:13.585+0000] {logging_mixin.py:188} INFO - [2024-04-04T21:57:13.584+0000] {dag.py:3834} INFO - Setting next_dagrun for tutorial to 2024-04-03 00:00:00+00:00, run_after=2024-04-04 00:00:00+00:00
[2024-04-04T21:57:13.599+0000] {processor.py:183} INFO - Processing /home/airflow/.local/lib/python3.8/site-packages/airflow/example_dags/tutorial.py took 0.053 seconds
[2024-04-04T21:57:43.793+0000] {processor.py:161} INFO - Started process (PID=2313) to work on /home/airflow/.local/lib/python3.8/site-packages/airflow/example_dags/tutorial.py
[2024-04-04T21:57:43.795+0000] {processor.py:830} INFO - Processing file /home/airflow/.local/lib/python3.8/site-packages/airflow/example_dags/tutorial.py for tasks to queue
[2024-04-04T21:57:43.796+0000] {logging_mixin.py:188} INFO - [2024-04-04T21:57:43.796+0000] {dagbag.py:540} INFO - Filling up the DagBag from /home/airflow/.local/lib/python3.8/site-packages/airflow/example_dags/tutorial.py
[2024-04-04T21:57:43.801+0000] {processor.py:840} INFO - DAG(s) 'tutorial' retrieved from /home/airflow/.local/lib/python3.8/site-packages/airflow/example_dags/tutorial.py
[2024-04-04T21:57:43.820+0000] {logging_mixin.py:188} INFO - [2024-04-04T21:57:43.820+0000] {dag.py:3047} INFO - Sync 1 DAGs
[2024-04-04T21:57:43.838+0000] {logging_mixin.py:188} INFO - [2024-04-04T21:57:43.838+0000] {dag.py:3834} INFO - Setting next_dagrun for tutorial to 2024-04-03 00:00:00+00:00, run_after=2024-04-04 00:00:00+00:00
[2024-04-04T21:57:43.857+0000] {processor.py:183} INFO - Processing /home/airflow/.local/lib/python3.8/site-packages/airflow/example_dags/tutorial.py took 0.066 seconds
[2024-04-04T21:58:14.002+0000] {processor.py:161} INFO - Started process (PID=2368) to work on /home/airflow/.local/lib/python3.8/site-packages/airflow/example_dags/tutorial.py
[2024-04-04T21:58:14.002+0000] {processor.py:830} INFO - Processing file /home/airflow/.local/lib/python3.8/site-packages/airflow/example_dags/tutorial.py for tasks to queue
[2024-04-04T21:58:14.004+0000] {logging_mixin.py:188} INFO - [2024-04-04T21:58:14.003+0000] {dagbag.py:540} INFO - Filling up the DagBag from /home/airflow/.local/lib/python3.8/site-packages/airflow/example_dags/tutorial.py
[2024-04-04T21:58:14.008+0000] {processor.py:840} INFO - DAG(s) 'tutorial' retrieved from /home/airflow/.local/lib/python3.8/site-packages/airflow/example_dags/tutorial.py
[2024-04-04T21:58:14.023+0000] {logging_mixin.py:188} INFO - [2024-04-04T21:58:14.022+0000] {dag.py:3047} INFO - Sync 1 DAGs
[2024-04-04T21:58:14.039+0000] {logging_mixin.py:188} INFO - [2024-04-04T21:58:14.039+0000] {dag.py:3834} INFO - Setting next_dagrun for tutorial to 2024-04-03 00:00:00+00:00, run_after=2024-04-04 00:00:00+00:00
[2024-04-04T21:58:14.055+0000] {processor.py:183} INFO - Processing /home/airflow/.local/lib/python3.8/site-packages/airflow/example_dags/tutorial.py took 0.056 seconds
[2024-04-04T21:58:44.581+0000] {processor.py:161} INFO - Started process (PID=2423) to work on /home/airflow/.local/lib/python3.8/site-packages/airflow/example_dags/tutorial.py
[2024-04-04T21:58:44.582+0000] {processor.py:830} INFO - Processing file /home/airflow/.local/lib/python3.8/site-packages/airflow/example_dags/tutorial.py for tasks to queue
[2024-04-04T21:58:44.583+0000] {logging_mixin.py:188} INFO - [2024-04-04T21:58:44.583+0000] {dagbag.py:540} INFO - Filling up the DagBag from /home/airflow/.local/lib/python3.8/site-packages/airflow/example_dags/tutorial.py
[2024-04-04T21:58:44.587+0000] {processor.py:840} INFO - DAG(s) 'tutorial' retrieved from /home/airflow/.local/lib/python3.8/site-packages/airflow/example_dags/tutorial.py
[2024-04-04T21:58:44.603+0000] {logging_mixin.py:188} INFO - [2024-04-04T21:58:44.603+0000] {dag.py:3047} INFO - Sync 1 DAGs
[2024-04-04T21:58:44.624+0000] {logging_mixin.py:188} INFO - [2024-04-04T21:58:44.623+0000] {dag.py:3834} INFO - Setting next_dagrun for tutorial to 2024-04-03 00:00:00+00:00, run_after=2024-04-04 00:00:00+00:00
[2024-04-04T21:58:44.647+0000] {processor.py:183} INFO - Processing /home/airflow/.local/lib/python3.8/site-packages/airflow/example_dags/tutorial.py took 0.069 seconds
[2024-04-04T21:59:15.615+0000] {processor.py:161} INFO - Started process (PID=2478) to work on /home/airflow/.local/lib/python3.8/site-packages/airflow/example_dags/tutorial.py
[2024-04-04T21:59:15.621+0000] {processor.py:830} INFO - Processing file /home/airflow/.local/lib/python3.8/site-packages/airflow/example_dags/tutorial.py for tasks to queue
[2024-04-04T21:59:15.625+0000] {logging_mixin.py:188} INFO - [2024-04-04T21:59:15.625+0000] {dagbag.py:540} INFO - Filling up the DagBag from /home/airflow/.local/lib/python3.8/site-packages/airflow/example_dags/tutorial.py
[2024-04-04T21:59:15.634+0000] {processor.py:840} INFO - DAG(s) 'tutorial' retrieved from /home/airflow/.local/lib/python3.8/site-packages/airflow/example_dags/tutorial.py
[2024-04-04T21:59:15.662+0000] {logging_mixin.py:188} INFO - [2024-04-04T21:59:15.661+0000] {dag.py:3047} INFO - Sync 1 DAGs
[2024-04-04T21:59:15.701+0000] {logging_mixin.py:188} INFO - [2024-04-04T21:59:15.700+0000] {dag.py:3834} INFO - Setting next_dagrun for tutorial to 2024-04-03 00:00:00+00:00, run_after=2024-04-04 00:00:00+00:00
[2024-04-04T21:59:15.743+0000] {processor.py:183} INFO - Processing /home/airflow/.local/lib/python3.8/site-packages/airflow/example_dags/tutorial.py took 0.132 seconds
[2024-04-04T21:59:45.932+0000] {processor.py:161} INFO - Started process (PID=2533) to work on /home/airflow/.local/lib/python3.8/site-packages/airflow/example_dags/tutorial.py
[2024-04-04T21:59:45.935+0000] {processor.py:830} INFO - Processing file /home/airflow/.local/lib/python3.8/site-packages/airflow/example_dags/tutorial.py for tasks to queue
[2024-04-04T21:59:45.937+0000] {logging_mixin.py:188} INFO - [2024-04-04T21:59:45.937+0000] {dagbag.py:540} INFO - Filling up the DagBag from /home/airflow/.local/lib/python3.8/site-packages/airflow/example_dags/tutorial.py
[2024-04-04T21:59:45.944+0000] {processor.py:840} INFO - DAG(s) 'tutorial' retrieved from /home/airflow/.local/lib/python3.8/site-packages/airflow/example_dags/tutorial.py
[2024-04-04T21:59:45.971+0000] {logging_mixin.py:188} INFO - [2024-04-04T21:59:45.970+0000] {dag.py:3047} INFO - Sync 1 DAGs
[2024-04-04T21:59:46.000+0000] {logging_mixin.py:188} INFO - [2024-04-04T21:59:46.000+0000] {dag.py:3834} INFO - Setting next_dagrun for tutorial to 2024-04-03 00:00:00+00:00, run_after=2024-04-04 00:00:00+00:00
[2024-04-04T21:59:46.075+0000] {processor.py:183} INFO - Processing /home/airflow/.local/lib/python3.8/site-packages/airflow/example_dags/tutorial.py took 0.153 seconds
[2024-04-04T22:00:16.572+0000] {processor.py:161} INFO - Started process (PID=2587) to work on /home/airflow/.local/lib/python3.8/site-packages/airflow/example_dags/tutorial.py
[2024-04-04T22:00:16.599+0000] {processor.py:830} INFO - Processing file /home/airflow/.local/lib/python3.8/site-packages/airflow/example_dags/tutorial.py for tasks to queue
[2024-04-04T22:00:16.602+0000] {logging_mixin.py:188} INFO - [2024-04-04T22:00:16.601+0000] {dagbag.py:540} INFO - Filling up the DagBag from /home/airflow/.local/lib/python3.8/site-packages/airflow/example_dags/tutorial.py
[2024-04-04T22:00:16.611+0000] {processor.py:840} INFO - DAG(s) 'tutorial' retrieved from /home/airflow/.local/lib/python3.8/site-packages/airflow/example_dags/tutorial.py
[2024-04-04T22:00:16.647+0000] {logging_mixin.py:188} INFO - [2024-04-04T22:00:16.647+0000] {dag.py:3047} INFO - Sync 1 DAGs
[2024-04-04T22:00:16.679+0000] {logging_mixin.py:188} INFO - [2024-04-04T22:00:16.679+0000] {dag.py:3834} INFO - Setting next_dagrun for tutorial to 2024-04-03 00:00:00+00:00, run_after=2024-04-04 00:00:00+00:00
[2024-04-04T22:00:16.751+0000] {processor.py:183} INFO - Processing /home/airflow/.local/lib/python3.8/site-packages/airflow/example_dags/tutorial.py took 0.182 seconds
